36.0 APEX_CODE,FINEST;APEX_PROFILING,INFO;CALLOUT,INFO;DB,INFO;NBA,INFO;SYSTEM,DEBUG;VALIDATION,INFO;VISUALFORCE,INFO;WAVE,INFO;WORKFLOW,INFO
14:57:40.0 (68527)|USER_INFO|[EXTERNAL]|00518000002hPQO|matthew.billups@matsonmoney.com.mbill|Mountain Standard Time|GMT-07:00
14:57:40.0 (100109)|EXECUTION_STARTED
14:57:40.0 (104440)|CODE_UNIT_STARTED|[EXTERNAL]|066180000001Aq4|VF: /apex/DeepCloneMatsonEventFlowRedirect
14:57:40.0 (226134)|VF_DESERIALIZE_VIEWSTATE_BEGIN|066180000001Aq4
14:57:40.0 (6391064)|VF_DESERIALIZE_VIEWSTATE_END
14:57:40.14 (14120183)|CUMULATIVE_LIMIT_USAGE
14:57:40.14 (14120183)|LIMIT_USAGE_FOR_NS|(default)|
  Number of SOQL queries: 0 out of 100
  Number of query rows: 0 out of 50000
  Number of SOSL queries: 0 out of 20
  Number of DML statements: 0 out of 150
  Number of DML rows: 0 out of 10000
  Maximum CPU time: 0 out of 10000
  Maximum heap size: 0 out of 6000000
  Number of callouts: 0 out of 100
  Number of Email Invocations: 0 out of 10
  Number of future calls: 0 out of 50
  Number of queueable jobs added to the queue: 0 out of 50
  Number of Mobile Apex push calls: 0 out of 10

14:57:40.14 (14120183)|CUMULATIVE_LIMIT_USAGE_END

14:57:40.0 (14151888)|CODE_UNIT_FINISHED|VF: /apex/DeepCloneMatsonEventFlowRedirect
14:57:40.0 (15217852)|EXECUTION_FINISHED
