36.0 APEX_CODE,FINEST;APEX_PROFILING,INFO;CALLOUT,INFO;DB,INFO;NBA,INFO;SYSTEM,DEBUG;VALIDATION,INFO;VISUALFORCE,INFO;WAVE,INFO;WORKFLOW,INFO
12:20:52.0 (381227)|USER_INFO|[EXTERNAL]|00518000002hPQO|matthew.billups@matsonmoney.com.mbill|Mountain Standard Time|GMT-07:00
12:20:52.0 (411150)|EXECUTION_STARTED
12:20:52.0 (415768)|CODE_UNIT_STARTED|[EXTERNAL]|066180000001Aq4|VF: /apex/DeepCloneMatsonEventFlowRedirect
12:20:52.9 (9915907)|FLOW_CREATE_INTERVIEW_BEGIN||30036000000U6ba|301180000002xAT
12:20:52.9 (10331001)|FLOW_CREATE_INTERVIEW_END|2740ef2c05130c826c9c626e9b2116611c7027f-5241|Deep Clone Matson Event
12:20:52.10 (10422123)|FLOW_START_INTERVIEW_BEGIN|2740ef2c05130c826c9c626e9b2116611c7027f-5241|Deep Clone Matson Event
12:20:52.10 (110153551)|FLOW_ELEMENT_ERROR|The flow couldn't find the EventRecordTypeObject resource.|FlowDecision|Primary_or_Secondary_Record_Type
12:20:52.10 (110209173)|FLOW_START_INTERVIEW_END|2740ef2c05130c826c9c626e9b2116611c7027f-5241|Deep Clone Matson Event
12:20:52.0 (117649661)|VF_SERIALIZE_VIEWSTATE_BEGIN|066180000001Aq4
12:20:52.0 (121663479)|VF_SERIALIZE_VIEWSTATE_END
12:20:52.124 (124211647)|CUMULATIVE_LIMIT_USAGE
12:20:52.124 (124211647)|LIMIT_USAGE_FOR_NS|(default)|
  Number of SOQL queries: 2 out of 100
  Number of query rows: 0 out of 50000
  Number of SOSL queries: 0 out of 20
  Number of DML statements: 0 out of 150
  Number of DML rows: 0 out of 10000
  Maximum CPU time: 0 out of 10000
  Maximum heap size: 0 out of 6000000
  Number of callouts: 0 out of 100
  Number of Email Invocations: 0 out of 10
  Number of future calls: 0 out of 50
  Number of queueable jobs added to the queue: 0 out of 50
  Number of Mobile Apex push calls: 0 out of 10

12:20:52.124 (124211647)|CUMULATIVE_LIMIT_USAGE_END

12:20:52.0 (124254700)|CODE_UNIT_FINISHED|VF: /apex/DeepCloneMatsonEventFlowRedirect
12:20:52.0 (125190420)|EXECUTION_FINISHED
