44.0 APEX_CODE,FINEST;APEX_PROFILING,INFO;CALLOUT,INFO;DB,INFO;NBA,INFO;SYSTEM,DEBUG;VALIDATION,INFO;VISUALFORCE,INFO;WAVE,INFO;WORKFLOW,INFO
09:17:40.0 (364011)|EXECUTION_STARTED
09:17:40.0 (385864)|CODE_UNIT_STARTED|[EXTERNAL]|VisualForce View State
09:17:40.0 (4683667)|HEAP_ALLOCATE|[72]|Bytes:3
09:17:40.0 (4745555)|HEAP_ALLOCATE|[77]|Bytes:152
09:17:40.0 (4761876)|HEAP_ALLOCATE|[342]|Bytes:408
09:17:40.0 (4777296)|HEAP_ALLOCATE|[355]|Bytes:408
09:17:40.0 (4789149)|HEAP_ALLOCATE|[467]|Bytes:48
09:17:40.0 (4816340)|HEAP_ALLOCATE|[139]|Bytes:6
09:17:40.0 (4842852)|HEAP_ALLOCATE|[50]|Bytes:5
09:17:40.0 (4864865)|HEAP_ALLOCATE|[56]|Bytes:5
09:17:40.0 (4871905)|HEAP_ALLOCATE|[64]|Bytes:7
09:17:40.0 (8629398)|CODE_UNIT_FINISHED|VisualForce View State
09:17:40.0 (9632406)|EXECUTION_FINISHED
09:17:40.10 (10960936)|SYSTEM_MODE_ENTER|true
09:17:40.10 (10994526)|HEAP_ALLOCATE|[EXTERNAL]|Bytes:400
09:17:40.10 (11005457)|HEAP_ALLOCATE|[EXTERNAL]|Bytes:235
09:17:40.58 (58901311)|CUMULATIVE_LIMIT_USAGE
09:17:40.58 (58901311)|LIMIT_USAGE_FOR_NS|(default)|
  Number of SOQL queries: 0 out of 100
  Number of query rows: 0 out of 50000
  Number of SOSL queries: 0 out of 20
  Number of DML statements: 0 out of 150
  Number of DML rows: 0 out of 10000
  Maximum CPU time: 0 out of 10000
  Maximum heap size: 0 out of 6000000
  Number of callouts: 0 out of 100
  Number of Email Invocations: 0 out of 10
  Number of future calls: 0 out of 50
  Number of queueable jobs added to the queue: 0 out of 50
  Number of Mobile Apex push calls: 0 out of 10

09:17:40.58 (58901311)|CUMULATIVE_LIMIT_USAGE_END

