36.0 APEX_CODE,FINEST;APEX_PROFILING,INFO;CALLOUT,INFO;DB,INFO;NBA,INFO;SYSTEM,DEBUG;VALIDATION,INFO;VISUALFORCE,INFO;WAVE,INFO;WORKFLOW,INFO
12:58:39.0 (397401)|USER_INFO|[EXTERNAL]|00518000002hPQO|matthew.billups@matsonmoney.com.mbill|Mountain Standard Time|GMT-07:00
12:58:39.0 (433585)|EXECUTION_STARTED
12:58:39.0 (439119)|CODE_UNIT_STARTED|[EXTERNAL]|066180000001Aq4|VF: /apex/DeepCloneMatsonEventFlowRedirect
12:58:39.6 (6946579)|FLOW_CREATE_INTERVIEW_BEGIN||30036000000U6ba|301180000002xBg
12:58:39.6 (7015645)|FLOW_CREATE_INTERVIEW_END|32292e23f051d5d4db6556cd66c916612486ae4-75cf|Deep Clone Matson Event
12:58:39.7 (7120389)|FLOW_START_INTERVIEW_BEGIN|32292e23f051d5d4db6556cd66c916612486ae4-75cf|Deep Clone Matson Event
12:58:39.7 (115567768)|FLOW_ELEMENT_ERROR|The flow couldn't find the EventRecordTypeObject resource.|FlowDecision|Primary_or_Secondary_Record_Type
12:58:39.7 (115618742)|FLOW_START_INTERVIEW_END|32292e23f051d5d4db6556cd66c916612486ae4-75cf|Deep Clone Matson Event
12:58:39.0 (122820509)|VF_SERIALIZE_VIEWSTATE_BEGIN|066180000001Aq4
12:58:39.0 (125651781)|VF_SERIALIZE_VIEWSTATE_END
12:58:39.128 (128176553)|CUMULATIVE_LIMIT_USAGE
12:58:39.128 (128176553)|LIMIT_USAGE_FOR_NS|(default)|
  Number of SOQL queries: 2 out of 100
  Number of query rows: 0 out of 50000
  Number of SOSL queries: 0 out of 20
  Number of DML statements: 0 out of 150
  Number of DML rows: 0 out of 10000
  Maximum CPU time: 0 out of 10000
  Maximum heap size: 0 out of 6000000
  Number of callouts: 0 out of 100
  Number of Email Invocations: 0 out of 10
  Number of future calls: 0 out of 50
  Number of queueable jobs added to the queue: 0 out of 50
  Number of Mobile Apex push calls: 0 out of 10

12:58:39.128 (128176553)|CUMULATIVE_LIMIT_USAGE_END

12:58:39.0 (128219689)|CODE_UNIT_FINISHED|VF: /apex/DeepCloneMatsonEventFlowRedirect
12:58:39.0 (129129668)|EXECUTION_FINISHED
