44.0 APEX_CODE,FINEST;APEX_PROFILING,INFO;CALLOUT,INFO;DB,INFO;NBA,INFO;SYSTEM,DEBUG;VALIDATION,INFO;VISUALFORCE,INFO;WAVE,INFO;WORKFLOW,INFO
17:00:51.0 (272750)|EXECUTION_STARTED
17:00:51.0 (296351)|CODE_UNIT_STARTED|[EXTERNAL]|VisualForce View State
17:00:51.0 (4860643)|HEAP_ALLOCATE|[72]|Bytes:3
17:00:51.0 (4922527)|HEAP_ALLOCATE|[77]|Bytes:152
17:00:51.0 (4938954)|HEAP_ALLOCATE|[342]|Bytes:408
17:00:51.0 (4952469)|HEAP_ALLOCATE|[355]|Bytes:408
17:00:51.0 (4963713)|HEAP_ALLOCATE|[467]|Bytes:48
17:00:51.0 (4989360)|HEAP_ALLOCATE|[139]|Bytes:6
17:00:51.0 (5015854)|HEAP_ALLOCATE|[50]|Bytes:5
17:00:51.0 (5038991)|HEAP_ALLOCATE|[56]|Bytes:5
17:00:51.0 (5046923)|HEAP_ALLOCATE|[64]|Bytes:7
17:00:51.0 (8903698)|CODE_UNIT_FINISHED|VisualForce View State
17:00:51.0 (9882140)|EXECUTION_FINISHED
17:00:51.11 (11075434)|SYSTEM_MODE_ENTER|true
17:00:51.11 (11112473)|HEAP_ALLOCATE|[EXTERNAL]|Bytes:400
17:00:51.11 (11122920)|HEAP_ALLOCATE|[EXTERNAL]|Bytes:235
17:00:51.55 (55249655)|CUMULATIVE_LIMIT_USAGE
17:00:51.55 (55249655)|LIMIT_USAGE_FOR_NS|(default)|
  Number of SOQL queries: 0 out of 100
  Number of query rows: 0 out of 50000
  Number of SOSL queries: 0 out of 20
  Number of DML statements: 0 out of 150
  Number of DML rows: 0 out of 10000
  Maximum CPU time: 0 out of 10000
  Maximum heap size: 0 out of 6000000
  Number of callouts: 0 out of 100
  Number of Email Invocations: 0 out of 10
  Number of future calls: 0 out of 50
  Number of queueable jobs added to the queue: 0 out of 50
  Number of Mobile Apex push calls: 0 out of 10

17:00:51.55 (55249655)|CUMULATIVE_LIMIT_USAGE_END

