36.0 APEX_CODE,FINEST;APEX_PROFILING,INFO;CALLOUT,INFO;DB,INFO;NBA,INFO;SYSTEM,DEBUG;VALIDATION,INFO;VISUALFORCE,INFO;WAVE,INFO;WORKFLOW,INFO
13:11:48.0 (380074)|USER_INFO|[EXTERNAL]|00518000002hPQO|matthew.billups@matsonmoney.com.mbill|Mountain Standard Time|GMT-07:00
13:11:48.0 (424107)|EXECUTION_STARTED
13:11:48.0 (430391)|CODE_UNIT_STARTED|[EXTERNAL]|066180000001Aq4|VF: /apex/DeepCloneMatsonEventFlowRedirect
13:11:48.13 (13322103)|FLOW_CREATE_INTERVIEW_BEGIN||30036000000U6ba|301180000002xAT
13:11:48.13 (13795881)|FLOW_CREATE_INTERVIEW_END|905610814743d54e3c073546642c16612569a91-67e7|Deep Clone Matson Event
13:11:48.13 (13892196)|FLOW_START_INTERVIEW_BEGIN|905610814743d54e3c073546642c16612569a91-67e7|Deep Clone Matson Event
13:11:48.13 (111565510)|FLOW_ELEMENT_ERROR|The flow couldn't find the EventRecordTypeObject resource.|FlowDecision|Primary_or_Secondary_Record_Type
13:11:48.13 (111628369)|FLOW_START_INTERVIEW_END|905610814743d54e3c073546642c16612569a91-67e7|Deep Clone Matson Event
13:11:48.0 (118869346)|VF_SERIALIZE_VIEWSTATE_BEGIN|066180000001Aq4
13:11:48.0 (123211486)|VF_SERIALIZE_VIEWSTATE_END
13:11:48.126 (126563016)|CUMULATIVE_LIMIT_USAGE
13:11:48.126 (126563016)|LIMIT_USAGE_FOR_NS|(default)|
  Number of SOQL queries: 2 out of 100
  Number of query rows: 0 out of 50000
  Number of SOSL queries: 0 out of 20
  Number of DML statements: 0 out of 150
  Number of DML rows: 0 out of 10000
  Maximum CPU time: 0 out of 10000
  Maximum heap size: 0 out of 6000000
  Number of callouts: 0 out of 100
  Number of Email Invocations: 0 out of 10
  Number of future calls: 0 out of 50
  Number of queueable jobs added to the queue: 0 out of 50
  Number of Mobile Apex push calls: 0 out of 10

13:11:48.126 (126563016)|CUMULATIVE_LIMIT_USAGE_END

13:11:48.0 (126599587)|CODE_UNIT_FINISHED|VF: /apex/DeepCloneMatsonEventFlowRedirect
13:11:48.0 (127513593)|EXECUTION_FINISHED
