44.0 APEX_CODE,FINEST;APEX_PROFILING,INFO;CALLOUT,INFO;DB,INFO;NBA,INFO;SYSTEM,DEBUG;VALIDATION,INFO;VISUALFORCE,INFO;WAVE,INFO;WORKFLOW,INFO
08:52:04.0 (295203)|USER_INFO|[EXTERNAL]|00536000002yNao|braden.fraley@matsonmoney.com.mbill|Eastern Standard Time|GMT-04:00
08:52:04.0 (338032)|EXECUTION_STARTED
08:52:04.0 (342552)|CODE_UNIT_STARTED|[EXTERNAL]|01p36000009CH7O|mm_LeadControllerExtensionTest.setupTestRun()
08:52:04.0 (545964)|HEAP_ALLOCATE|[72]|Bytes:3
08:52:04.0 (581592)|HEAP_ALLOCATE|[77]|Bytes:152
08:52:04.0 (595695)|HEAP_ALLOCATE|[342]|Bytes:408
08:52:04.0 (608559)|HEAP_ALLOCATE|[355]|Bytes:408
08:52:04.0 (621033)|HEAP_ALLOCATE|[467]|Bytes:48
08:52:04.0 (648803)|HEAP_ALLOCATE|[139]|Bytes:6
08:52:04.0 (664140)|HEAP_ALLOCATE|[EXTERNAL]|Bytes:54
08:52:04.0 (678249)|METHOD_ENTRY|[23]|01p36000009CH7O|mm_LeadControllerExtensionTest.mm_LeadControllerExtensionTest()
08:52:04.0 (685899)|STATEMENT_EXECUTE|[23]
08:52:04.0 (690588)|STATEMENT_EXECUTE|[23]
08:52:04.0 (694631)|METHOD_EXIT|[23]|mm_LeadControllerExtensionTest
08:52:04.0 (794703)|HEAP_ALLOCATE|[50]|Bytes:5
08:52:04.0 (816558)|HEAP_ALLOCATE|[56]|Bytes:5
08:52:04.0 (824777)|HEAP_ALLOCATE|[64]|Bytes:7
08:52:04.0 (864712)|STATEMENT_EXECUTE|[26]
08:52:04.0 (867356)|STATEMENT_EXECUTE|[29]
08:52:04.0 (905371)|HEAP_ALLOCATE|[29]|Bytes:4
08:52:04.0 (975984)|HEAP_ALLOCATE|[29]|Bytes:10
08:52:04.0 (1023319)|VARIABLE_ASSIGNMENT|[29]|this.Name|"test group"|0x33f95b57
08:52:04.0 (1032278)|HEAP_ALLOCATE|[29]|Bytes:5
08:52:04.0 (1048201)|VARIABLE_ASSIGNMENT|[29]|this.Type|"Queue"|0x33f95b57
08:52:04.0 (1078879)|VARIABLE_SCOPE_BEGIN|[29]|qGroup|Group|true|false
08:52:04.0 (1103229)|VARIABLE_ASSIGNMENT|[29]|qGroup|{"Name":"test group","Type":"Queue"}|0x33f95b57
08:52:04.0 (1110505)|STATEMENT_EXECUTE|[30]
08:52:04.0 (1113586)|HEAP_ALLOCATE|[30]|Bytes:34
08:52:04.0 (1149603)|VARIABLE_ASSIGNMENT|[30]|this.Name|"Investor Outreach Sa (14 more) ..."|0x33f95b57
08:52:04.0 (1156147)|STATEMENT_EXECUTE|[32]
08:52:04.0 (1178497)|HEAP_ALLOCATE|[32]|Bytes:8
08:52:04.0 (1189071)|DML_BEGIN|[32]|Op:Insert|Type:Group|Rows:1
08:52:04.0 (1213652)|HEAP_ALLOCATE|[EXTERNAL]|Bytes:8
08:52:04.0 (125145270)|DML_END|[32]
08:52:04.0 (125208920)|HEAP_ALLOCATE|[34]|Bytes:4
08:52:04.0 (125358781)|HEAP_ALLOCATE|[34]|Bytes:89
08:52:04.0 (125376807)|SYSTEM_METHOD_ENTRY|[1]|UserInfo.UserInfo()
08:52:04.0 (125383933)|STATEMENT_EXECUTE|[1]
08:52:04.0 (125392778)|SYSTEM_METHOD_EXIT|[1]|UserInfo
08:52:04.0 (125411825)|METHOD_ENTRY|[34]||System.UserInfo.getUserId()
08:52:04.0 (125478211)|METHOD_EXIT|[34]||System.UserInfo.getUserId()
08:52:04.0 (125498254)|HEAP_ALLOCATE|[34]|Bytes:4
08:52:04.0 (125544264)|VARIABLE_ASSIGNMENT|[34]|this.Id|"00536000002yNaoAAE"|0x2734d940
08:52:04.0 (130532604)|HEAP_ALLOCATE|[34]|Bytes:8
08:52:04.0 (130548613)|STATEMENT_EXECUTE|[35]
08:52:04.0 (130551176)|STATEMENT_EXECUTE|[36]
08:52:04.0 (130586508)|HEAP_ALLOCATE|[36]|Bytes:4
08:52:04.0 (130696117)|VARIABLE_ASSIGNMENT|[36]|this.QueueId|"00G18000001eNf4EAE"|0x5ff6f45a
08:52:04.0 (130706286)|HEAP_ALLOCATE|[36]|Bytes:4
08:52:04.0 (130725225)|VARIABLE_ASSIGNMENT|[36]|this.SobjectType|"Lead"|0x5ff6f45a
08:52:04.0 (130748771)|VARIABLE_SCOPE_BEGIN|[36]|testQueue|QueueSobject|true|false
08:52:04.0 (130773412)|VARIABLE_ASSIGNMENT|[36]|testQueue|{"QueueId":"00G18000001eNf4EAE","SobjectType":"Lead"}|0x5ff6f45a
08:52:04.0 (130780515)|STATEMENT_EXECUTE|[37]
08:52:04.0 (130800167)|HEAP_ALLOCATE|[37]|Bytes:8
08:52:04.0 (130810902)|DML_BEGIN|[37]|Op:Insert|Type:QueueSobject|Rows:1
08:52:04.0 (130834503)|HEAP_ALLOCATE|[EXTERNAL]|Bytes:8
08:52:04.0 (446049401)|DML_END|[37]
08:52:04.0 (450288435)|STATEMENT_EXECUTE|[42]
08:52:04.0 (450340560)|HEAP_ALLOCATE|[42]|Bytes:4
08:52:04.0 (450432692)|VARIABLE_SCOPE_BEGIN|[42]|lead|Lead|true|false
08:52:04.0 (450462679)|VARIABLE_ASSIGNMENT|[42]|lead|{}|0x6acfdbe8
08:52:04.0 (450470471)|STATEMENT_EXECUTE|[44]
08:52:04.0 (450475177)|HEAP_ALLOCATE|[44]|Bytes:6
08:52:04.0 (450527579)|VARIABLE_ASSIGNMENT|[44]|this.LastName|"Lead 1"|0x6acfdbe8
08:52:04.0 (450537005)|STATEMENT_EXECUTE|[45]
08:52:04.0 (450541213)|HEAP_ALLOCATE|[45]|Bytes:3
08:52:04.0 (450579034)|VARIABLE_ASSIGNMENT|[45]|this.Company|"N/A"|0x6acfdbe8
08:52:04.0 (450589306)|STATEMENT_EXECUTE|[47]
08:52:04.0 (450611653)|HEAP_ALLOCATE|[47]|Bytes:8
08:52:04.0 (450622384)|DML_BEGIN|[47]|Op:Insert|Type:Lead|Rows:1
08:52:04.0 (450647419)|HEAP_ALLOCATE|[EXTERNAL]|Bytes:8
08:52:04.461 (461959649)|HEAP_ALLOCATE|[EXTERNAL]|Bytes:8
08:52:04.461 (462069199)|HEAP_ALLOCATE|[EXTERNAL]|Bytes:4
08:52:04.461 (462079340)|VARIABLE_SCOPE_BEGIN|[1]|this|pi.LogLeadChange|true|false
08:52:04.461 (462196474)|VARIABLE_ASSIGNMENT|[1]|this|{}|0x2589db6c
08:52:04.466 (466154909)|CUMULATIVE_LIMIT_USAGE
08:52:04.466 (466154909)|LIMIT_USAGE_FOR_NS|(default)|
  Number of SOQL queries: 0 out of 100
  Number of query rows: 0 out of 50000
  Number of SOSL queries: 0 out of 20
  Number of DML statements: 4 out of 150
  Number of DML rows: 4 out of 10000
  Maximum CPU time: 0 out of 10000
  Maximum heap size: 0 out of 6000000
  Number of callouts: 0 out of 100
  Number of Email Invocations: 0 out of 10
  Number of future calls: 0 out of 50
  Number of queueable jobs added to the queue: 0 out of 50
  Number of Mobile Apex push calls: 0 out of 10

08:52:04.466 (466154909)|CUMULATIVE_LIMIT_USAGE_END

08:52:04.910 (910419894)|HEAP_ALLOCATE|[EXTERNAL]|Bytes:8
08:52:04.910 (910496123)|HEAP_ALLOCATE|[EXTERNAL]|Bytes:4
08:52:04.910 (910507161)|VARIABLE_SCOPE_BEGIN|[1]|this|pi.LogLeadChange|true|false
08:52:04.910 (910601882)|VARIABLE_ASSIGNMENT|[1]|this|{}|0x7be59a24
08:52:04.936 (936121978)|CUMULATIVE_LIMIT_USAGE
08:52:04.936 (936121978)|LIMIT_USAGE_FOR_NS|(default)|
  Number of SOQL queries: 0 out of 100
  Number of query rows: 0 out of 50000
  Number of SOSL queries: 0 out of 20
  Number of DML statements: 4 out of 150
  Number of DML rows: 4 out of 10000
  Maximum CPU time: 28 out of 10000
  Maximum heap size: 0 out of 6000000
  Number of callouts: 0 out of 100
  Number of Email Invocations: 0 out of 10
  Number of future calls: 0 out of 50
  Number of queueable jobs added to the queue: 0 out of 50
  Number of Mobile Apex push calls: 0 out of 10

08:52:04.936 (936121978)|CUMULATIVE_LIMIT_USAGE_END

08:52:04.0 (937406121)|CODE_UNIT_STARTED|[EXTERNAL]|Workflow:Lead
08:52:04.0 (948187251)|WF_RULE_EVAL_BEGIN|Workflow
08:52:04.0 (948234255)|WF_CRITERIA_BEGIN|[Lead: Lead 1 00Q18000004g46u]|Clean Lead Company|01Q36000000PjXh|ON_ALL_CHANGES|0
08:52:04.0 (953556342)|WF_RULE_FILTER|[Lead : Company equals [[Unknown]]]
08:52:04.0 (953575104)|WF_RULE_EVAL_VALUE|N/A
08:52:04.0 (953580477)|WF_CRITERIA_END|false
08:52:04.0 (953591611)|WF_CRITERIA_BEGIN|[Lead: Lead 1 00Q18000004g46u]|Format Lead Phone Number|01Q36000000bmZM|ON_ALL_CHANGES|0
08:52:04.0 (953616254)|WF_RULE_FILTER|[Lead : Phone not equal to ]
08:52:04.0 (953622120)|WF_RULE_EVAL_VALUE|
08:52:04.0 (953624137)|WF_CRITERIA_END|false
08:52:04.0 (953630635)|WF_CRITERIA_BEGIN|[Lead: Lead 1 00Q18000004g46u]|Send Investor Outreach Lead Notification|01Q36000000PZp9|ON_CREATE_OR_TRIGGERING_UPDATE|0
08:52:04.0 (953657285)|WF_RULE_FILTER|[Lead : Lead Owner equals Investor Outreach Sales Lead Queue]
08:52:04.0 (953679978)|WF_RULE_EVAL_VALUE|00536000002yNao
08:52:04.0 (953684168)|WF_CRITERIA_END|false
08:52:04.0 (953691843)|WF_SPOOL_ACTION_BEGIN|Workflow
08:52:04.0 (953700171)|WF_ACTION| None
08:52:04.0 (953704636)|WF_RULE_EVAL_END
08:52:04.0 (953755133)|WF_ACTIONS_END| None
08:52:04.0 (953761778)|CODE_UNIT_FINISHED|Workflow:Lead
08:52:04.0 (963320197)|DML_END|[47]
08:52:04.0 (963344677)|STATEMENT_EXECUTE|[50]
08:52:04.0 (963370832)|HEAP_ALLOCATE|[50]|Bytes:4
08:52:04.0 (963417357)|VARIABLE_SCOPE_BEGIN|[50]|qLead|Lead|true|false
08:52:04.0 (963444426)|VARIABLE_ASSIGNMENT|[50]|qLead|{}|0x2daaca0c
08:52:04.0 (963451308)|STATEMENT_EXECUTE|[52]
08:52:04.0 (963457128)|HEAP_ALLOCATE|[52]|Bytes:6
08:52:04.0 (963524901)|VARIABLE_ASSIGNMENT|[52]|this.LastName|"Lead 2"|0x2daaca0c
08:52:04.0 (963532467)|STATEMENT_EXECUTE|[53]
08:52:04.0 (963555473)|VARIABLE_ASSIGNMENT|[53]|this.Company|"N/A"|0x2daaca0c
08:52:04.0 (963562040)|STATEMENT_EXECUTE|[54]
08:52:04.0 (963585661)|VARIABLE_ASSIGNMENT|[54]|this.OwnerId|"00G18000001eNf4EAE"|0x2daaca0c
08:52:04.0 (963595580)|STATEMENT_EXECUTE|[56]
08:52:04.0 (963621383)|HEAP_ALLOCATE|[56]|Bytes:8
08:52:04.0 (963632274)|DML_BEGIN|[56]|Op:Insert|Type:Lead|Rows:1
08:52:04.0 (963656028)|HEAP_ALLOCATE|[EXTERNAL]|Bytes:8
08:52:04.968 (968422506)|HEAP_ALLOCATE|[EXTERNAL]|Bytes:8
08:52:04.968 (968483527)|HEAP_ALLOCATE|[EXTERNAL]|Bytes:4
08:52:04.968 (968494240)|VARIABLE_SCOPE_BEGIN|[1]|this|pi.LogLeadChange|true|false
08:52:04.968 (968582532)|VARIABLE_ASSIGNMENT|[1]|this|{}|0x3d8f1ce1
08:52:04.969 (969655625)|CUMULATIVE_LIMIT_USAGE
08:52:04.969 (969655625)|LIMIT_USAGE_FOR_NS|(default)|
  Number of SOQL queries: 0 out of 100
  Number of query rows: 0 out of 50000
  Number of SOSL queries: 0 out of 20
  Number of DML statements: 5 out of 150
  Number of DML rows: 5 out of 10000
  Maximum CPU time: 28 out of 10000
  Maximum heap size: 0 out of 6000000
  Number of callouts: 0 out of 100
  Number of Email Invocations: 0 out of 10
  Number of future calls: 0 out of 50
  Number of queueable jobs added to the queue: 0 out of 50
  Number of Mobile Apex push calls: 0 out of 10

08:52:04.969 (969655625)|CUMULATIVE_LIMIT_USAGE_END

08:52:04.989 (989595008)|HEAP_ALLOCATE|[EXTERNAL]|Bytes:8
08:52:04.989 (989685381)|HEAP_ALLOCATE|[EXTERNAL]|Bytes:4
08:52:04.989 (989697908)|VARIABLE_SCOPE_BEGIN|[1]|this|pi.LogLeadChange|true|false
08:52:04.989 (989852759)|VARIABLE_ASSIGNMENT|[1]|this|{}|0x2c3dee70
08:52:04.992 (992044501)|CUMULATIVE_LIMIT_USAGE
08:52:04.992 (992044501)|LIMIT_USAGE_FOR_NS|(default)|
  Number of SOQL queries: 0 out of 100
  Number of query rows: 0 out of 50000
  Number of SOSL queries: 0 out of 20
  Number of DML statements: 5 out of 150
  Number of DML rows: 5 out of 10000
  Maximum CPU time: 41 out of 10000
  Maximum heap size: 0 out of 6000000
  Number of callouts: 0 out of 100
  Number of Email Invocations: 0 out of 10
  Number of future calls: 0 out of 50
  Number of queueable jobs added to the queue: 0 out of 50
  Number of Mobile Apex push calls: 0 out of 10

08:52:04.992 (992044501)|CUMULATIVE_LIMIT_USAGE_END

08:52:04.0 (993315556)|CODE_UNIT_STARTED|[EXTERNAL]|Workflow:Lead
08:52:04.0 (996649650)|WF_RULE_EVAL_BEGIN|Workflow
08:52:04.0 (996703427)|WF_CRITERIA_BEGIN|[Lead: Lead 2 00Q18000004g46v]|Clean Lead Company|01Q36000000PjXh|ON_ALL_CHANGES|0
08:52:04.0 (996743239)|WF_RULE_FILTER|[Lead : Company equals [[Unknown]]]
08:52:04.0 (996759954)|WF_RULE_EVAL_VALUE|N/A
08:52:04.0 (996764476)|WF_CRITERIA_END|false
08:52:04.0 (996772568)|WF_CRITERIA_BEGIN|[Lead: Lead 2 00Q18000004g46v]|Format Lead Phone Number|01Q36000000bmZM|ON_ALL_CHANGES|0
08:52:04.0 (996795917)|WF_RULE_FILTER|[Lead : Phone not equal to ]
08:52:04.0 (996801070)|WF_RULE_EVAL_VALUE|
08:52:04.0 (996803067)|WF_CRITERIA_END|false
08:52:04.0 (996809532)|WF_CRITERIA_BEGIN|[Lead: Lead 2 00Q18000004g46v]|Send Investor Outreach Lead Notification|01Q36000000PZp9|ON_CREATE_OR_TRIGGERING_UPDATE|0
08:52:04.0 (996829333)|WF_RULE_FILTER|[Lead : Lead Owner equals Investor Outreach Sales Lead Queue]
08:52:04.0 (996853980)|WF_RULE_EVAL_VALUE|00G18000001eNf4
08:52:04.0 (996858278)|WF_CRITERIA_END|true
08:52:05.6 (1006568289)|WF_SPOOL_ACTION_BEGIN|Workflow
08:52:05.6 (1006631369)|WF_RULE_INVOCATION|[Lead: Lead 2 00Q18000004g46v]
08:52:05.6 (1006650568)|WF_EMAIL_ALERT|Id=01W36000000PGaO|CurrentRule:Send Investor Outreach Lead Notification (Id=01Q36000000PZp9)
08:52:05.6 (1065318595)|WF_EMAIL_SENT|Template:00X36000000hOi2|Recipients:alex.ash=matsonmoney.com@example.com josh.crawford=matsonmoney.com@example.com cj.lawson=matsonmoney.com@example.com |CcEmails:
08:52:05.6 (1065353227)|WF_ACTION| Email Alert: 1;
08:52:05.6 (1065360852)|WF_RULE_EVAL_END
08:52:05.6 (1065511315)|WF_ACTIONS_END| Email Alert: 1;
08:52:05.6 (1065520557)|CODE_UNIT_FINISHED|Workflow:Lead
08:52:05.6 (1074067645)|DML_END|[56]
08:52:05.74 (1074092085)|CUMULATIVE_LIMIT_USAGE
08:52:05.74 (1074092085)|LIMIT_USAGE_FOR_NS|(default)|
  Number of SOQL queries: 0 out of 100
  Number of query rows: 0 out of 50000
  Number of SOSL queries: 0 out of 20
  Number of DML statements: 5 out of 150
  Number of DML rows: 5 out of 10000
  Maximum CPU time: 41 out of 10000
  Maximum heap size: 0 out of 6000000
  Number of callouts: 0 out of 100
  Number of Email Invocations: 0 out of 10
  Number of future calls: 0 out of 50
  Number of queueable jobs added to the queue: 0 out of 50
  Number of Mobile Apex push calls: 0 out of 10

08:52:05.74 (1074092085)|CUMULATIVE_LIMIT_USAGE_END

08:52:05.6 (1074125012)|CODE_UNIT_FINISHED|mm_LeadControllerExtensionTest.setupTestRun()
08:52:05.6 (1074966364)|EXECUTION_FINISHED
08:52:05.84 (1084014329)|USER_INFO|[EXTERNAL]|00536000002yNao|braden.fraley@matsonmoney.com.mbill|Eastern Standard Time|GMT-04:00
08:52:05.84 (1084030302)|EXECUTION_STARTED
08:52:05.84 (1084034894)|CODE_UNIT_STARTED|[EXTERNAL]|01p36000009CH7O|mm_LeadControllerExtensionTest.given_LeadInSalesQueue_then_expect_results()
08:52:05.84 (1084174055)|HEAP_ALLOCATE|[72]|Bytes:3
08:52:05.84 (1084205569)|HEAP_ALLOCATE|[77]|Bytes:152
08:52:05.84 (1084219634)|HEAP_ALLOCATE|[342]|Bytes:408
08:52:05.84 (1084232824)|HEAP_ALLOCATE|[355]|Bytes:408
08:52:05.84 (1084245077)|HEAP_ALLOCATE|[467]|Bytes:48
08:52:05.84 (1084272261)|HEAP_ALLOCATE|[139]|Bytes:6
08:52:05.84 (1084288337)|HEAP_ALLOCATE|[EXTERNAL]|Bytes:54
08:52:05.84 (1084298783)|METHOD_ENTRY|[23]|01p36000009CH7O|mm_LeadControllerExtensionTest.mm_LeadControllerExtensionTest()
08:52:05.84 (1084306553)|STATEMENT_EXECUTE|[23]
08:52:05.84 (1084311132)|STATEMENT_EXECUTE|[23]
08:52:05.84 (1084315774)|METHOD_EXIT|[23]|mm_LeadControllerExtensionTest
08:52:05.84 (1084406254)|HEAP_ALLOCATE|[50]|Bytes:5
08:52:05.84 (1084427751)|HEAP_ALLOCATE|[56]|Bytes:5
08:52:05.84 (1084435320)|HEAP_ALLOCATE|[64]|Bytes:7
08:52:05.84 (1084462246)|STATEMENT_EXECUTE|[60]
08:52:05.84 (1084464420)|STATEMENT_EXECUTE|[63]
08:52:05.84 (1084527533)|HEAP_ALLOCATE|[63]|Bytes:70
08:52:05.84 (1084537254)|SYSTEM_METHOD_ENTRY|[1]|Test.Test()
08:52:05.84 (1084541273)|STATEMENT_EXECUTE|[1]
08:52:05.84 (1084546897)|SYSTEM_METHOD_EXIT|[1]|Test
08:52:05.84 (1084560843)|METHOD_ENTRY|[63]||System.Test.startTest()
08:52:05.84 (1085704384)|METHOD_EXIT|[63]||System.Test.startTest()
08:52:05.84 (1085714317)|STATEMENT_EXECUTE|[66]
08:52:05.84 (1085723300)|HEAP_ALLOCATE|[66]|Bytes:23
08:52:05.84 (1085776539)|METHOD_ENTRY|[66]||System.Test.setCurrentPage(Object)
08:52:05.84 (1085817969)|METHOD_EXIT|[66]||System.Test.setCurrentPage(Object)
08:52:05.84 (1085823399)|STATEMENT_EXECUTE|[69]
08:52:05.84 (1085842814)|HEAP_ALLOCATE|[69]|Bytes:4
08:52:05.84 (1085887847)|HEAP_ALLOCATE|[EXTERNAL]|Bytes:4
08:52:05.84 (1085999144)|VARIABLE_SCOPE_BEGIN|[69]|stdSetController|ApexPages.StandardSetController|true|false
08:52:05.84 (1086107116)|VARIABLE_ASSIGNMENT|[69]|stdSetController|"core.apexpages.components.framework.controller.SetOrientedStandardControllerImpl@1bf4b8cf"|0x1bf4b8cf
08:52:05.84 (1086117295)|STATEMENT_EXECUTE|[72]
08:52:05.84 (1092213766)|HEAP_ALLOCATE|[72]|Bytes:96
08:52:05.84 (1092224863)|HEAP_ALLOCATE|[72]|Bytes:9
08:52:05.84 (1092241866)|METHOD_ENTRY|[1]|01p36000009CH7N|mm_LeadControllerExtension.mm_LeadControllerExtension()
08:52:05.84 (1092248894)|STATEMENT_EXECUTE|[1]
08:52:05.84 (1092254327)|STATEMENT_EXECUTE|[1]
08:52:05.84 (1092648743)|SYSTEM_MODE_ENTER|false
08:52:05.84 (1092664116)|HEAP_ALLOCATE|[72]|Bytes:5
08:52:05.84 (1092673076)|SYSTEM_MODE_EXIT|false
08:52:05.84 (1092682509)|METHOD_EXIT|[1]|mm_LeadControllerExtension
08:52:05.84 (1092700037)|HEAP_ALLOCATE|[72]|Bytes:12
08:52:05.84 (1092715513)|CONSTRUCTOR_ENTRY|[72]|01p36000009CH7N|<init>(ApexPages.StandardSetController)|mm_LeadControllerExtension
08:52:05.84 (1092737178)|VARIABLE_SCOPE_BEGIN|[5]|this|mm_LeadControllerExtension|true|false
08:52:05.84 (1092789785)|VARIABLE_ASSIGNMENT|[5]|this|{}|0x3c7bf671
08:52:05.84 (1092797367)|VARIABLE_SCOPE_BEGIN|[5]|stdController|ApexPages.StandardSetController|true|false
08:52:05.84 (1092838636)|VARIABLE_ASSIGNMENT|[5]|stdController|"core.apexpages.components.framework.controller.SetOrientedStandardControllerImpl@1bf4b8cf"|0x1bf4b8cf
08:52:05.84 (1092856102)|SYSTEM_MODE_ENTER|false
08:52:05.84 (1092862662)|HEAP_ALLOCATE|[6]|Bytes:5
08:52:05.84 (1092869127)|STATEMENT_EXECUTE|[1]
08:52:05.84 (1092872334)|HEAP_ALLOCATE|[6]|Bytes:5
08:52:05.84 (1092875737)|STATEMENT_EXECUTE|[3]
08:52:05.84 (1092877667)|STATEMENT_EXECUTE|[9]
08:52:05.84 (1092886388)|HEAP_ALLOCATE|[6]|Bytes:6
08:52:05.84 (1092909596)|STATEMENT_EXECUTE|[5]
08:52:05.84 (1092911525)|STATEMENT_EXECUTE|[6]
08:52:05.84 (1092946684)|VARIABLE_ASSIGNMENT|[6]|this.leadController|"core.apexpages.components.framework.controller.SetOrientedStandardControllerImpl@1bf4b8cf"|0x3c7bf671
08:52:05.84 (1092955038)|SYSTEM_MODE_EXIT|false
08:52:05.84 (1092965583)|CONSTRUCTOR_EXIT|[72]|01p36000009CH7N|<init>(ApexPages.StandardSetController)|mm_LeadControllerExtension
08:52:05.84 (1092973593)|VARIABLE_SCOPE_BEGIN|[72]|ext|mm_LeadControllerExtension|true|false
08:52:05.84 (1093039566)|VARIABLE_ASSIGNMENT|[72]|ext|{"leadController":"core.apexpages.components.framework.controller.SetOrientedStandardControllerImpl@1bf4b8cf"}|0x3c7bf671
08:52:05.84 (1093048333)|STATEMENT_EXECUTE|[75]
08:52:05.84 (1093068368)|METHOD_ENTRY|[75]|01p36000009CH7N|mm_LeadControllerExtension.getLeadsInSalesQueue()
08:52:05.84 (1093085965)|VARIABLE_SCOPE_BEGIN|[23]|this|mm_LeadControllerExtension|true|false
08:52:05.84 (1093139357)|VARIABLE_ASSIGNMENT|[23]|this|{"leadController":"core.apexpages.components.framework.controller.SetOrientedStandardControllerImpl@1bf4b8cf"}|0x3c7bf671
08:52:05.84 (1093156863)|SYSTEM_MODE_ENTER|false
08:52:05.84 (1093162763)|HEAP_ALLOCATE|[24]|Bytes:5
08:52:05.84 (1093167854)|STATEMENT_EXECUTE|[23]
08:52:05.84 (1093169802)|STATEMENT_EXECUTE|[24]
08:52:05.84 (1093246601)|VARIABLE_ASSIGNMENT|[EXTERNAL]|this|{"leadController":"core.apexpages.components.framework.controller.SetOrientedStandardControllerImpl@1bf4b8cf"}|0x3c7bf671
08:52:05.84 (1093258760)|HEAP_ALLOCATE|[11]|Bytes:5
08:52:05.84 (1093263465)|STATEMENT_EXECUTE|[10]
08:52:05.84 (1093267978)|STATEMENT_EXECUTE|[11]
08:52:05.84 (1093269601)|STATEMENT_EXECUTE|[12]
08:52:05.84 (1093274377)|HEAP_ALLOCATE|[12]|Bytes:225
08:52:05.84 (1093294874)|HEAP_ALLOCATE|[12]|Bytes:4
08:52:05.84 (1093713031)|SOQL_EXECUTE_BEGIN|[12]|Aggregations:0|SELECT Name, Email, State, Phone, LastModifiedDate FROM Lead 
08:52:05.84 (1141123392)|SOQL_EXECUTE_END|[12]|Rows:1
08:52:05.84 (1141173807)|HEAP_ALLOCATE|[12]|Bytes:20
08:52:05.84 (1141332101)|VARIABLE_ASSIGNMENT|[12]|this.LeadQueueCon|"core.apexpages.components.framework.controller.SetOrientedStandardControllerImpl@60ca127e"|0x3c7bf671
08:52:05.84 (1141344443)|STATEMENT_EXECUTE|[15]
08:52:05.84 (1149260445)|STATEMENT_EXECUTE|[17]
08:52:05.84 (1149299582)|HEAP_ALLOCATE|[24]|Bytes:8
08:52:05.84 (1149328113)|HEAP_ALLOCATE|[24]|Bytes:8
08:52:05.84 (1149341723)|SYSTEM_MODE_EXIT|false
08:52:05.84 (1149350791)|METHOD_EXIT|[75]|01p36000009CH7N|mm_LeadControllerExtension.getLeadsInSalesQueue()
08:52:05.84 (1149359583)|VARIABLE_SCOPE_BEGIN|[75]|queueLeads|List<Lead>|true|false
08:52:05.84 (1149408685)|VARIABLE_ASSIGNMENT|[75]|queueLeads|[{"Name":"Lead 2","LastModifiedDate":"2018-09-24T12:52:05.000Z","Id":"00Q18000004g46vEAA"}]|0xb04f690
08:52:05.84 (1149418137)|STATEMENT_EXECUTE|[77]
08:52:05.84 (1149475837)|STATEMENT_EXECUTE|[80]
08:52:05.84 (1149486550)|METHOD_ENTRY|[80]||System.Test.stopTest()
08:52:05.84 (1150738697)|METHOD_EXIT|[80]||System.Test.stopTest()
08:52:05.150 (1150753693)|CUMULATIVE_LIMIT_USAGE
08:52:05.150 (1150753693)|LIMIT_USAGE_FOR_NS|(default)|
  Number of SOQL queries: 0 out of 100
  Number of query rows: 0 out of 50000
  Number of SOSL queries: 0 out of 20
  Number of DML statements: 5 out of 150
  Number of DML rows: 5 out of 10000
  Maximum CPU time: 41 out of 10000
  Maximum heap size: 0 out of 6000000
  Number of callouts: 0 out of 100
  Number of Email Invocations: 0 out of 10
  Number of future calls: 0 out of 50
  Number of queueable jobs added to the queue: 0 out of 50
  Number of Mobile Apex push calls: 0 out of 10

08:52:05.150 (1150753693)|TESTING_LIMITS
08:52:05.150 (1150753693)|LIMIT_USAGE_FOR_NS|(default)|
  Number of SOQL queries: 1 out of 100
  Number of query rows: 1 out of 50000
  Number of SOSL queries: 0 out of 20
  Number of DML statements: 0 out of 150
  Number of DML rows: 0 out of 10000
  Maximum CPU time: 0 out of 10000
  Maximum heap size: 0 out of 6000000
  Number of callouts: 0 out of 100
  Number of Email Invocations: 0 out of 10
  Number of future calls: 0 out of 50
  Number of queueable jobs added to the queue: 0 out of 50
  Number of Mobile Apex push calls: 0 out of 10

08:52:05.150 (1150753693)|CUMULATIVE_LIMIT_USAGE_END

08:52:05.84 (1150793754)|CODE_UNIT_FINISHED|mm_LeadControllerExtensionTest.given_LeadInSalesQueue_then_expect_results()
08:52:05.84 (1151658246)|EXECUTION_FINISHED
08:52:05.474 (1474885499)|USER_INFO|[EXTERNAL]|00536000002yNao|braden.fraley@matsonmoney.com.mbill|Eastern Standard Time|GMT-04:00
08:52:05.474 (1474908428)|EXECUTION_STARTED
08:52:05.474 (1474912978)|CODE_UNIT_STARTED|[EXTERNAL]|01p36000009CH7O|mm_LeadControllerExtensionTest.given_LocalAdvisors_then_expect_results()
08:52:05.474 (1475083464)|HEAP_ALLOCATE|[72]|Bytes:3
08:52:05.474 (1475127663)|HEAP_ALLOCATE|[77]|Bytes:152
08:52:05.474 (1475145255)|HEAP_ALLOCATE|[342]|Bytes:408
08:52:05.474 (1475158970)|HEAP_ALLOCATE|[355]|Bytes:408
08:52:05.474 (1475170651)|HEAP_ALLOCATE|[467]|Bytes:48
08:52:05.474 (1475197979)|HEAP_ALLOCATE|[139]|Bytes:6
08:52:05.474 (1475214977)|HEAP_ALLOCATE|[EXTERNAL]|Bytes:54
08:52:05.474 (1475226695)|METHOD_ENTRY|[23]|01p36000009CH7O|mm_LeadControllerExtensionTest.mm_LeadControllerExtensionTest()
08:52:05.474 (1475235464)|STATEMENT_EXECUTE|[23]
08:52:05.474 (1475241115)|STATEMENT_EXECUTE|[23]
08:52:05.474 (1475246085)|METHOD_EXIT|[23]|mm_LeadControllerExtensionTest
08:52:05.474 (1475360251)|HEAP_ALLOCATE|[50]|Bytes:5
08:52:05.474 (1475385418)|HEAP_ALLOCATE|[56]|Bytes:5
08:52:05.474 (1475393438)|HEAP_ALLOCATE|[64]|Bytes:7
08:52:05.474 (1475432407)|STATEMENT_EXECUTE|[84]
08:52:05.474 (1475434664)|STATEMENT_EXECUTE|[86]
08:52:05.474 (1481207230)|HEAP_ALLOCATE|[86]|Bytes:8
08:52:05.474 (1481235238)|METHOD_ENTRY|[9]|01p3600000B0tSk|mm_EnterpriseServicesMock.mm_EnterpriseServicesMock()
08:52:05.474 (1481243314)|STATEMENT_EXECUTE|[9]
08:52:05.474 (1481248998)|STATEMENT_EXECUTE|[9]
08:52:05.474 (1481254204)|METHOD_EXIT|[9]|mm_EnterpriseServicesMock
08:52:05.474 (1482011702)|HEAP_ALLOCATE|[86]|Bytes:8
08:52:05.474 (1482037067)|CONSTRUCTOR_ENTRY|[86]|01p3600000B0tSk|<init>()|mm_EnterpriseServicesMock
08:52:05.474 (1482067974)|VARIABLE_SCOPE_BEGIN|[9]|this|mm_EnterpriseServicesMock|true|false
08:52:05.474 (1482130890)|VARIABLE_ASSIGNMENT|[9]|this|{}|0x29648e5e
08:52:05.474 (1482143879)|HEAP_ALLOCATE|[11]|Bytes:6
08:52:05.474 (1482171792)|STATEMENT_EXECUTE|[9]
08:52:05.474 (1482174254)|STATEMENT_EXECUTE|[11]
08:52:05.474 (1482187618)|HEAP_ALLOCATE|[11]|Bytes:4
08:52:05.474 (1482288662)|HEAP_ALLOCATE|[EXTERNAL]|Bytes:4
08:52:05.474 (1482304251)|VARIABLE_ASSIGNMENT|[11]|this.advisors|[]|0x29648e5e
08:52:05.474 (1482316313)|CONSTRUCTOR_EXIT|[86]|01p3600000B0tSk|<init>()|mm_EnterpriseServicesMock
08:52:05.474 (1482324450)|VARIABLE_SCOPE_BEGIN|[86]|esMock|mm_EnterpriseServicesMock|true|false
08:52:05.474 (1482357049)|VARIABLE_ASSIGNMENT|[86]|esMock|{"advisors":"0x301ef5e0"}|0x29648e5e
08:52:05.474 (1482364951)|STATEMENT_EXECUTE|[88]
08:52:05.474 (1482373428)|HEAP_ALLOCATE|[88]|Bytes:4
08:52:05.474 (1482471393)|HEAP_ALLOCATE|[88]|Bytes:280
08:52:05.474 (1482478578)|HEAP_ALLOCATE|[88]|Bytes:38
08:52:05.474 (1482491258)|METHOD_ENTRY|[8]|01p3600000B0tSh|mm_Advisor.mm_Advisor()
08:52:05.474 (1482496884)|STATEMENT_EXECUTE|[8]
08:52:05.474 (1482501094)|STATEMENT_EXECUTE|[8]
08:52:05.474 (1482504754)|METHOD_EXIT|[8]|mm_Advisor
08:52:05.474 (1482517645)|HEAP_ALLOCATE|[88]|Bytes:52
08:52:05.474 (1482526471)|CONSTRUCTOR_ENTRY|[88]|01p3600000B0tSh|<init>()|mm_Advisor
08:52:05.474 (1482536566)|VARIABLE_SCOPE_BEGIN|[10]|this|mm_Advisor|true|false
08:52:05.474 (1482594802)|VARIABLE_ASSIGNMENT|[10]|this|{}|0x22e7aef2
08:52:05.474 (1482604986)|STATEMENT_EXECUTE|[8]
08:52:05.474 (1482606778)|STATEMENT_EXECUTE|[13]
08:52:05.474 (1482608664)|STATEMENT_EXECUTE|[14]
08:52:05.474 (1482610243)|STATEMENT_EXECUTE|[15]
08:52:05.474 (1482622267)|STATEMENT_EXECUTE|[16]
08:52:05.474 (1482624032)|STATEMENT_EXECUTE|[17]
08:52:05.474 (1482625681)|STATEMENT_EXECUTE|[18]
08:52:05.474 (1482627184)|STATEMENT_EXECUTE|[19]
08:52:05.474 (1482628681)|STATEMENT_EXECUTE|[20]
08:52:05.474 (1482630369)|STATEMENT_EXECUTE|[21]
08:52:05.474 (1482631938)|STATEMENT_EXECUTE|[22]
08:52:05.474 (1482633426)|STATEMENT_EXECUTE|[23]
08:52:05.474 (1482634944)|STATEMENT_EXECUTE|[24]
08:52:05.474 (1482648085)|STATEMENT_EXECUTE|[10]
08:52:05.474 (1482651377)|CONSTRUCTOR_EXIT|[88]|01p3600000B0tSh|<init>()|mm_Advisor
08:52:05.474 (1482666227)|HEAP_ALLOCATE|[88]|Bytes:52
08:52:05.474 (1482671471)|CONSTRUCTOR_ENTRY|[88]|01p3600000B0tSh|<init>()|mm_Advisor
08:52:05.474 (1482676922)|VARIABLE_SCOPE_BEGIN|[10]|this|mm_Advisor|true|false
08:52:05.474 (1482705745)|VARIABLE_ASSIGNMENT|[10]|this|{}|0x6591febb
08:52:05.474 (1482713123)|STATEMENT_EXECUTE|[8]
08:52:05.474 (1482714773)|STATEMENT_EXECUTE|[13]
08:52:05.474 (1482716371)|STATEMENT_EXECUTE|[14]
08:52:05.474 (1482717866)|STATEMENT_EXECUTE|[15]
08:52:05.474 (1482719776)|STATEMENT_EXECUTE|[16]
08:52:05.474 (1482721306)|STATEMENT_EXECUTE|[17]
08:52:05.474 (1482722808)|STATEMENT_EXECUTE|[18]
08:52:05.474 (1482724412)|STATEMENT_EXECUTE|[19]
08:52:05.474 (1482725905)|STATEMENT_EXECUTE|[20]
08:52:05.474 (1482727395)|STATEMENT_EXECUTE|[21]
08:52:05.474 (1482728918)|STATEMENT_EXECUTE|[22]
08:52:05.474 (1482730401)|STATEMENT_EXECUTE|[23]
08:52:05.474 (1482731919)|STATEMENT_EXECUTE|[24]
08:52:05.474 (1482740447)|STATEMENT_EXECUTE|[10]
08:52:05.474 (1482743212)|CONSTRUCTOR_EXIT|[88]|01p3600000B0tSh|<init>()|mm_Advisor
08:52:05.474 (1482770971)|METHOD_ENTRY|[88]|01p3600000B0tSk|mm_EnterpriseServicesMock.setAdvisors(List<mm_Advisor>)
08:52:05.474 (1482778219)|VARIABLE_SCOPE_BEGIN|[21]|this|mm_EnterpriseServicesMock|true|false
08:52:05.474 (1482799378)|VARIABLE_ASSIGNMENT|[21]|this|{"advisors":"0x301ef5e0"}|0x29648e5e
08:52:05.474 (1482806866)|VARIABLE_SCOPE_BEGIN|[21]|adv|List<mm_Advisor>|true|false
08:52:05.474 (1482823748)|HEAP_ALLOCATE|[EXTERNAL]|Bytes:12
08:52:05.474 (1482874381)|VARIABLE_ASSIGNMENT|[21]|adv|[{},{}]|0x763d8c65
08:52:05.474 (1482899382)|STATEMENT_EXECUTE|[21]
08:52:05.474 (1482901336)|STATEMENT_EXECUTE|[22]
08:52:05.474 (1482942486)|VARIABLE_ASSIGNMENT|[22]|this.advisors|[{},{}]|0x29648e5e
08:52:05.474 (1482953142)|METHOD_EXIT|[88]|01p3600000B0tSk|mm_EnterpriseServicesMock.setAdvisors(List<mm_Advisor>)
08:52:05.474 (1482959907)|STATEMENT_EXECUTE|[90]
08:52:05.474 (1485373541)|VARIABLE_SCOPE_BEGIN|[12]|mm_ServiceHelper.IAPIHelperKey|String|false|true
08:52:05.474 (1485387860)|VARIABLE_SCOPE_BEGIN|[13]|mm_ServiceHelper.IEnterpriseServicesKey|String|false|true
08:52:05.474 (1487634376)|VARIABLE_SCOPE_BEGIN|[9]|mm_ServiceHelper.apiHelper|mm_IAPIHelper|true|true
08:52:05.474 (1487649629)|VARIABLE_SCOPE_BEGIN|[10]|mm_ServiceHelper.enterpriseServices|mm_IEnterpriseServices|true|true
08:52:05.474 (1487662196)|HEAP_ALLOCATE|[90]|Bytes:11
08:52:05.474 (1487670509)|HEAP_ALLOCATE|[90]|Bytes:10
08:52:05.474 (1487684892)|VARIABLE_ASSIGNMENT|[90]|mm_ServiceHelper.IAPIHelperKey|"IAPIHelper"
08:52:05.474 (1487690378)|HEAP_ALLOCATE|[90]|Bytes:19
08:52:05.474 (1487698843)|VARIABLE_ASSIGNMENT|[90]|mm_ServiceHelper.IEnterpriseServicesKey|"IEnterpriseServices"
08:52:05.474 (1487714360)|METHOD_ENTRY|[8]|01p3600000B0tSp|mm_ServiceHelper.mm_ServiceHelper()
08:52:05.474 (1487720533)|STATEMENT_EXECUTE|[8]
08:52:05.474 (1487725003)|STATEMENT_EXECUTE|[8]
08:52:05.474 (1487729825)|METHOD_EXIT|[8]|mm_ServiceHelper
08:52:05.474 (1487749578)|METHOD_ENTRY|[90]|01p3600000B0tSp|mm_ServiceHelper.setEnterpriseServices(mm_IEnterpriseServices)
08:52:05.474 (1487785039)|VARIABLE_SCOPE_BEGIN|[21]|entService|mm_IEnterpriseServices|true|false
08:52:05.474 (1487816763)|VARIABLE_ASSIGNMENT|[21]|entService|{"advisors":"0x763d8c65"}|0x29648e5e
08:52:05.474 (1487830145)|STATEMENT_EXECUTE|[21]
08:52:05.474 (1487832282)|STATEMENT_EXECUTE|[22]
08:52:05.474 (1487856971)|VARIABLE_ASSIGNMENT|[22]|mm_ServiceHelper.enterpriseServices|{"advisors":"0x763d8c65"}|0x29648e5e
08:52:05.474 (1487869299)|METHOD_EXIT|[90]|01p3600000B0tSp|mm_ServiceHelper.setEnterpriseServices(mm_IEnterpriseServices)
08:52:05.474 (1487876506)|STATEMENT_EXECUTE|[93]
08:52:05.474 (1487890289)|HEAP_ALLOCATE|[93]|Bytes:70
08:52:05.474 (1487899533)|SYSTEM_METHOD_ENTRY|[1]|Test.Test()
08:52:05.474 (1487903139)|STATEMENT_EXECUTE|[1]
08:52:05.474 (1487909227)|SYSTEM_METHOD_EXIT|[1]|Test
08:52:05.474 (1487918231)|METHOD_ENTRY|[93]||System.Test.startTest()
08:52:05.474 (1489379959)|METHOD_EXIT|[93]||System.Test.startTest()
08:52:05.474 (1489389335)|STATEMENT_EXECUTE|[96]
08:52:05.474 (1489401972)|HEAP_ALLOCATE|[96]|Bytes:22
08:52:05.474 (1489458752)|METHOD_ENTRY|[96]||System.Test.setCurrentPage(Object)
08:52:05.474 (1489496712)|METHOD_EXIT|[96]||System.Test.setCurrentPage(Object)
08:52:05.474 (1489502373)|STATEMENT_EXECUTE|[99]
08:52:05.474 (1489520052)|HEAP_ALLOCATE|[99]|Bytes:4
08:52:05.474 (1489553368)|HEAP_ALLOCATE|[EXTERNAL]|Bytes:4
08:52:05.474 (1489672203)|VARIABLE_SCOPE_BEGIN|[99]|stdSetController|ApexPages.StandardSetController|true|false
08:52:05.474 (1489786074)|VARIABLE_ASSIGNMENT|[99]|stdSetController|"core.apexpages.components.framework.controller.SetOrientedStandardControllerImpl@5c49cfde"|0x5c49cfde
08:52:05.474 (1489794402)|STATEMENT_EXECUTE|[102]
08:52:05.474 (1489806302)|HEAP_ALLOCATE|[102]|Bytes:96
08:52:05.474 (1489812496)|HEAP_ALLOCATE|[102]|Bytes:9
08:52:05.474 (1489820527)|METHOD_ENTRY|[1]|01p36000009CH7N|mm_LeadControllerExtension.mm_LeadControllerExtension()
08:52:05.474 (1489825810)|STATEMENT_EXECUTE|[1]
08:52:05.474 (1489829256)|STATEMENT_EXECUTE|[1]
08:52:05.474 (1490193203)|SYSTEM_MODE_ENTER|false
08:52:05.474 (1490212120)|HEAP_ALLOCATE|[102]|Bytes:5
08:52:05.474 (1490221298)|SYSTEM_MODE_EXIT|false
08:52:05.474 (1490231545)|METHOD_EXIT|[1]|mm_LeadControllerExtension
08:52:05.474 (1490239429)|HEAP_ALLOCATE|[102]|Bytes:12
08:52:05.474 (1490254370)|CONSTRUCTOR_ENTRY|[102]|01p36000009CH7N|<init>(ApexPages.StandardSetController)|mm_LeadControllerExtension
08:52:05.474 (1490271297)|VARIABLE_SCOPE_BEGIN|[5]|this|mm_LeadControllerExtension|true|false
08:52:05.474 (1490303841)|VARIABLE_ASSIGNMENT|[5]|this|{}|0x53bbe71c
08:52:05.474 (1490311031)|VARIABLE_SCOPE_BEGIN|[5]|stdController|ApexPages.StandardSetController|true|false
08:52:05.474 (1490351939)|VARIABLE_ASSIGNMENT|[5]|stdController|"core.apexpages.components.framework.controller.SetOrientedStandardControllerImpl@5c49cfde"|0x5c49cfde
08:52:05.474 (1490364911)|SYSTEM_MODE_ENTER|false
08:52:05.474 (1490371073)|HEAP_ALLOCATE|[6]|Bytes:5
08:52:05.474 (1490376447)|STATEMENT_EXECUTE|[1]
08:52:05.474 (1490379803)|HEAP_ALLOCATE|[6]|Bytes:5
08:52:05.474 (1490383309)|STATEMENT_EXECUTE|[3]
08:52:05.474 (1490385270)|STATEMENT_EXECUTE|[9]
08:52:05.474 (1490402885)|STATEMENT_EXECUTE|[5]
08:52:05.474 (1490404765)|STATEMENT_EXECUTE|[6]
08:52:05.474 (1490435965)|VARIABLE_ASSIGNMENT|[6]|this.leadController|"core.apexpages.components.framework.controller.SetOrientedStandardControllerImpl@5c49cfde"|0x53bbe71c
08:52:05.474 (1490444265)|SYSTEM_MODE_EXIT|false
08:52:05.474 (1490454360)|CONSTRUCTOR_EXIT|[102]|01p36000009CH7N|<init>(ApexPages.StandardSetController)|mm_LeadControllerExtension
08:52:05.474 (1490461678)|VARIABLE_SCOPE_BEGIN|[102]|ext|mm_LeadControllerExtension|true|false
08:52:05.474 (1490524430)|VARIABLE_ASSIGNMENT|[102]|ext|{"leadController":"core.apexpages.components.framework.controller.SetOrientedStandardControllerImpl@5c49cfde"}|0x53bbe71c
08:52:05.474 (1490532301)|STATEMENT_EXECUTE|[105]
08:52:05.474 (1490544720)|METHOD_ENTRY|[105]|01p36000009CH7N|mm_LeadControllerExtension.getLocalAdvisors()
08:52:05.474 (1490561375)|VARIABLE_SCOPE_BEGIN|[27]|this|mm_LeadControllerExtension|true|false
08:52:05.474 (1490613250)|VARIABLE_ASSIGNMENT|[27]|this|{"leadController":"core.apexpages.components.framework.controller.SetOrientedStandardControllerImpl@5c49cfde"}|0x53bbe71c
08:52:05.474 (1490629647)|SYSTEM_MODE_ENTER|false
08:52:05.474 (1490635218)|HEAP_ALLOCATE|[28]|Bytes:5
08:52:05.474 (1490640182)|STATEMENT_EXECUTE|[27]
08:52:05.474 (1490642045)|STATEMENT_EXECUTE|[28]
08:52:05.474 (1490651926)|HEAP_ALLOCATE|[28]|Bytes:4
08:52:05.474 (1490672169)|VARIABLE_SCOPE_BEGIN|[28]|advisors|List<mm_Advisor>|true|false
08:52:05.474 (1490688816)|HEAP_ALLOCATE|[EXTERNAL]|Bytes:4
08:52:05.474 (1490697882)|VARIABLE_ASSIGNMENT|[28]|advisors|[]|0x7dbf084c
08:52:05.474 (1490704177)|STATEMENT_EXECUTE|[30]
08:52:05.474 (1490899196)|HEAP_ALLOCATE|[30]|Bytes:8
08:52:05.474 (1490916161)|VARIABLE_SCOPE_BEGIN|[30]|lead|Lead|true|false
08:52:05.474 (1490934567)|VARIABLE_ASSIGNMENT|[30]|lead|{"Id":"000000000000000"}|0x6f1a0f1a
08:52:05.474 (1490941693)|STATEMENT_EXECUTE|[32]
08:52:05.474 (1490955861)|METHOD_ENTRY|[32]|01p3600000B0tSp|mm_ServiceHelper.getEnterpriseServices()
08:52:05.474 (1490977265)|STATEMENT_EXECUTE|[39]
08:52:05.474 (1490979268)|STATEMENT_EXECUTE|[40]
08:52:05.474 (1490987611)|METHOD_EXIT|[32]|01p3600000B0tSp|mm_ServiceHelper.getEnterpriseServices()
08:52:05.474 (1491008607)|METHOD_ENTRY|[32]|01p3600000B0tSk|mm_EnterpriseServicesMock.getLocalAdvisors(String, Integer)
08:52:05.474 (1491016579)|VARIABLE_SCOPE_BEGIN|[17]|this|mm_EnterpriseServicesMock|true|false
08:52:05.474 (1491041007)|VARIABLE_ASSIGNMENT|[17]|this|{"advisors":"0x763d8c65"}|0x29648e5e
08:52:05.474 (1491048227)|VARIABLE_SCOPE_BEGIN|[17]|zipCode|String|false|false
08:52:05.474 (1491061651)|VARIABLE_ASSIGNMENT|[17]|zipCode|null
08:52:05.474 (1491066993)|VARIABLE_SCOPE_BEGIN|[17]|radiusInMiles|Integer|false|false
08:52:05.474 (1491075238)|VARIABLE_ASSIGNMENT|[17]|radiusInMiles|25
08:52:05.474 (1491091788)|STATEMENT_EXECUTE|[17]
08:52:05.474 (1491093763)|STATEMENT_EXECUTE|[18]
08:52:05.474 (1491100048)|METHOD_EXIT|[32]|01p3600000B0tSk|mm_EnterpriseServicesMock.getLocalAdvisors(String, Integer)
08:52:05.474 (1491150262)|VARIABLE_ASSIGNMENT|[32]|advisors|[{},{}]|0x763d8c65
08:52:05.474 (1491156958)|STATEMENT_EXECUTE|[34]
08:52:05.474 (1491162018)|SYSTEM_MODE_EXIT|false
08:52:05.474 (1491169584)|METHOD_EXIT|[105]|01p36000009CH7N|mm_LeadControllerExtension.getLocalAdvisors()
08:52:05.474 (1491175276)|VARIABLE_SCOPE_BEGIN|[105]|adviors|List<mm_Advisor>|true|false
08:52:05.474 (1491218094)|VARIABLE_ASSIGNMENT|[105]|adviors|[{},{}]|0x763d8c65
08:52:05.474 (1491225332)|STATEMENT_EXECUTE|[107]
08:52:05.474 (1491277867)|STATEMENT_EXECUTE|[110]
08:52:05.474 (1491284742)|METHOD_ENTRY|[110]||System.Test.stopTest()
08:52:05.474 (1492585919)|METHOD_EXIT|[110]||System.Test.stopTest()
08:52:05.492 (1492599644)|CUMULATIVE_LIMIT_USAGE
08:52:05.492 (1492599644)|LIMIT_USAGE_FOR_NS|(default)|
  Number of SOQL queries: 0 out of 100
  Number of query rows: 0 out of 50000
  Number of SOSL queries: 0 out of 20
  Number of DML statements: 5 out of 150
  Number of DML rows: 5 out of 10000
  Maximum CPU time: 41 out of 10000
  Maximum heap size: 0 out of 6000000
  Number of callouts: 0 out of 100
  Number of Email Invocations: 0 out of 10
  Number of future calls: 0 out of 50
  Number of queueable jobs added to the queue: 0 out of 50
  Number of Mobile Apex push calls: 0 out of 10

08:52:05.492 (1492599644)|TESTING_LIMITS
08:52:05.492 (1492599644)|LIMIT_USAGE_FOR_NS|(default)|
  Number of SOQL queries: 0 out of 100
  Number of query rows: 0 out of 50000
  Number of SOSL queries: 0 out of 20
  Number of DML statements: 0 out of 150
  Number of DML rows: 0 out of 10000
  Maximum CPU time: 0 out of 10000
  Maximum heap size: 0 out of 6000000
  Number of callouts: 0 out of 100
  Number of Email Invocations: 0 out of 10
  Number of future calls: 0 out of 50
  Number of queueable jobs added to the queue: 0 out of 50
  Number of Mobile Apex push calls: 0 out of 10

08:52:05.492 (1492599644)|CUMULATIVE_LIMIT_USAGE_END

08:52:05.474 (1492644130)|CODE_UNIT_FINISHED|mm_LeadControllerExtensionTest.given_LocalAdvisors_then_expect_results()
08:52:05.474 (1493525583)|EXECUTION_FINISHED
