36.0 APEX_CODE,FINEST;APEX_PROFILING,INFO;CALLOUT,INFO;DB,INFO;NBA,INFO;SYSTEM,DEBUG;VALIDATION,INFO;VISUALFORCE,INFO;WAVE,INFO;WORKFLOW,INFO
13:36:32.0 (346462)|USER_INFO|[EXTERNAL]|00518000002hPQO|matthew.billups@matsonmoney.com.mbill|Mountain Standard Time|GMT-07:00
13:36:32.0 (376941)|EXECUTION_STARTED
13:36:32.0 (381928)|CODE_UNIT_STARTED|[EXTERNAL]|066180000001Aq4|VF: /apex/DeepCloneMatsonEventFlowRedirect
13:36:32.11 (11553668)|FLOW_CREATE_INTERVIEW_BEGIN||30036000000U6ba|301180000002xBM
13:36:32.11 (11613517)|FLOW_CREATE_INTERVIEW_END|59220404d2d0c31f382a6678379b1661226f731-1bdb|Deep Clone Matson Event
13:36:32.11 (11707425)|FLOW_START_INTERVIEW_BEGIN|59220404d2d0c31f382a6678379b1661226f731-1bdb|Deep Clone Matson Event
13:36:32.11 (139308612)|FLOW_START_INTERVIEW_END|59220404d2d0c31f382a6678379b1661226f731-1bdb|Deep Clone Matson Event
13:36:32.0 (198871415)|VF_SERIALIZE_VIEWSTATE_BEGIN|066180000001Aq4
13:36:32.0 (202283692)|VF_SERIALIZE_VIEWSTATE_END
13:36:32.204 (204904054)|CUMULATIVE_LIMIT_USAGE
13:36:32.204 (204904054)|LIMIT_USAGE_FOR_NS|(default)|
  Number of SOQL queries: 7 out of 100
  Number of query rows: 506 out of 50000
  Number of SOSL queries: 0 out of 20
  Number of DML statements: 0 out of 150
  Number of DML rows: 0 out of 10000
  Maximum CPU time: 0 out of 10000
  Maximum heap size: 0 out of 6000000
  Number of callouts: 0 out of 100
  Number of Email Invocations: 0 out of 10
  Number of future calls: 0 out of 50
  Number of queueable jobs added to the queue: 0 out of 50
  Number of Mobile Apex push calls: 0 out of 10

13:36:32.204 (204904054)|CUMULATIVE_LIMIT_USAGE_END

13:36:32.0 (204942484)|CODE_UNIT_FINISHED|VF: /apex/DeepCloneMatsonEventFlowRedirect
13:36:32.0 (205903344)|EXECUTION_FINISHED
