42.0 APEX_CODE,FINEST;APEX_PROFILING,INFO;CALLOUT,INFO;DB,INFO;NBA,INFO;SYSTEM,DEBUG;VALIDATION,INFO;VISUALFORCE,INFO;WAVE,INFO;WORKFLOW,INFO
14:24:52.0 (289064)|USER_INFO|[EXTERNAL]|00518000002hPQO|matthew.billups@matsonmoney.com.mbill|Mountain Standard Time|GMT-07:00
14:24:52.0 (338545)|EXECUTION_STARTED
14:24:52.0 (343133)|CODE_UNIT_STARTED|[EXTERNAL]|01pm0000000YfZk|OrganizationsSelectorTests.givenGetSObjectFieldListExpectCorrectFields()
14:24:52.0 (564151)|HEAP_ALLOCATE|[72]|Bytes:3
14:24:52.0 (597143)|HEAP_ALLOCATE|[77]|Bytes:152
14:24:52.0 (612199)|HEAP_ALLOCATE|[342]|Bytes:408
14:24:52.0 (626919)|HEAP_ALLOCATE|[355]|Bytes:408
14:24:52.0 (640379)|HEAP_ALLOCATE|[467]|Bytes:48
14:24:52.0 (667490)|HEAP_ALLOCATE|[139]|Bytes:6
14:24:52.0 (684915)|HEAP_ALLOCATE|[EXTERNAL]|Bytes:29
14:24:52.0 (697091)|METHOD_ENTRY|[6]|01pm0000000YfZk|OrganizationsSelectorTests.OrganizationsSelectorTests()
14:24:52.0 (702115)|STATEMENT_EXECUTE|[6]
14:24:52.0 (705989)|STATEMENT_EXECUTE|[6]
14:24:52.0 (709042)|METHOD_EXIT|[6]|OrganizationsSelectorTests
14:24:52.0 (738872)|HEAP_ALLOCATE|[50]|Bytes:5
14:24:52.0 (759739)|HEAP_ALLOCATE|[56]|Bytes:5
14:24:52.0 (768359)|HEAP_ALLOCATE|[64]|Bytes:7
14:24:52.0 (798024)|STATEMENT_EXECUTE|[30]
14:24:52.0 (800379)|STATEMENT_EXECUTE|[33]
14:24:52.0 (2714124)|HEAP_ALLOCATE|[33]|Bytes:13
14:24:52.0 (2736272)|METHOD_ENTRY|[5]|01pm0000000YfZj|OrganizationsSelector.OrganizationsSelector()
14:24:52.0 (2741954)|STATEMENT_EXECUTE|[5]
14:24:52.0 (2746427)|STATEMENT_EXECUTE|[5]
14:24:52.0 (3145559)|SYSTEM_MODE_ENTER|false
14:24:52.0 (3162112)|HEAP_ALLOCATE|[33]|Bytes:5
14:24:52.0 (3170879)|SYSTEM_MODE_EXIT|false
14:24:52.0 (3180608)|METHOD_EXIT|[5]|OrganizationsSelector
14:24:52.0 (3194818)|HEAP_ALLOCATE|[33]|Bytes:32
14:24:52.0 (3211442)|CONSTRUCTOR_ENTRY|[33]|01pm0000000YfZj|<init>()|OrganizationsSelector
14:24:52.0 (3240340)|VARIABLE_SCOPE_BEGIN|[5]|this|OrganizationsSelector|true|false
14:24:52.0 (3268667)|HEAP_ALLOCATE|[EXTERNAL]|Bytes:156
14:24:52.0 (3275730)|HEAP_ALLOCATE|[EXTERNAL]|Bytes:120
14:24:52.0 (3283571)|METHOD_ENTRY|[30]|01pm0000000Yfay|fflib_SObjectSelector.fflib_SObjectSelector()
14:24:52.0 (3288806)|STATEMENT_EXECUTE|[30]
14:24:52.0 (3292297)|STATEMENT_EXECUTE|[30]
14:24:52.0 (3299141)|SYSTEM_MODE_ENTER|false
14:24:52.0 (3305337)|HEAP_ALLOCATE|[EXTERNAL]|Bytes:5
14:24:52.0 (3312422)|SYSTEM_MODE_EXIT|false
14:24:52.0 (3318295)|METHOD_EXIT|[30]|fflib_SObjectSelector
14:24:52.0 (3343240)|VARIABLE_ASSIGNMENT|[5]|this|{}|0x3fd46517
14:24:52.0 (3352352)|SYSTEM_MODE_ENTER|false
14:24:52.0 (3357037)|HEAP_ALLOCATE|[EXTERNAL]|Bytes:5
14:24:52.0 (3370472)|CONSTRUCTOR_ENTRY|[EXTERNAL]|01pm0000000Yfay|<init>()|fflib_SObjectSelector
14:24:52.0 (3383811)|VARIABLE_SCOPE_BEGIN|[98]|this|fflib_SObjectSelector|true|false
14:24:52.0 (3406228)|VARIABLE_ASSIGNMENT|[98]|this|{}|0x3fd46517
14:24:52.0 (3416990)|HEAP_ALLOCATE|[100]|Bytes:5
14:24:52.0 (3422002)|STATEMENT_EXECUTE|[100]
14:24:52.0 (3434134)|CONSTRUCTOR_ENTRY|[100]|01pm0000000Yfay|<init>(Boolean)|fflib_SObjectSelector
14:24:52.0 (3449333)|VARIABLE_SCOPE_BEGIN|[108]|this|fflib_SObjectSelector|true|false
14:24:52.0 (3470887)|VARIABLE_ASSIGNMENT|[108]|this|{}|0x3fd46517
14:24:52.0 (3477871)|VARIABLE_SCOPE_BEGIN|[108]|includeFieldSetFields|Boolean|false|false
14:24:52.0 (3486256)|VARIABLE_ASSIGNMENT|[108]|includeFieldSetFields|false
14:24:52.0 (3494616)|HEAP_ALLOCATE|[110]|Bytes:5
14:24:52.0 (3499019)|STATEMENT_EXECUTE|[110]
14:24:52.0 (3511066)|CONSTRUCTOR_ENTRY|[110]|01pm0000000Yfay|<init>(Boolean,Boolean,Boolean)|fflib_SObjectSelector
14:24:52.0 (3525285)|VARIABLE_SCOPE_BEGIN|[118]|this|fflib_SObjectSelector|true|false
14:24:52.0 (3544488)|VARIABLE_ASSIGNMENT|[118]|this|{}|0x3fd46517
14:24:52.0 (3550984)|VARIABLE_SCOPE_BEGIN|[118]|includeFieldSetFields|Boolean|false|false
14:24:52.0 (3557999)|VARIABLE_ASSIGNMENT|[118]|includeFieldSetFields|false
14:24:52.0 (3562229)|VARIABLE_SCOPE_BEGIN|[118]|enforceCRUD|Boolean|false|false
14:24:52.0 (3569584)|VARIABLE_ASSIGNMENT|[118]|enforceCRUD|true
14:24:52.0 (3573917)|VARIABLE_SCOPE_BEGIN|[118]|enforceFLS|Boolean|false|false
14:24:52.0 (3580760)|VARIABLE_ASSIGNMENT|[118]|enforceFLS|false
14:24:52.0 (3587537)|HEAP_ALLOCATE|[120]|Bytes:5
14:24:52.0 (3591491)|STATEMENT_EXECUTE|[120]
14:24:52.0 (3603421)|CONSTRUCTOR_ENTRY|[120]|01pm0000000Yfay|<init>(Boolean,Boolean,Boolean,Boolean)|fflib_SObjectSelector
14:24:52.0 (3617680)|VARIABLE_SCOPE_BEGIN|[131]|this|fflib_SObjectSelector|true|false
14:24:52.0 (3637919)|VARIABLE_ASSIGNMENT|[131]|this|{}|0x3fd46517
14:24:52.0 (3644278)|VARIABLE_SCOPE_BEGIN|[131]|includeFieldSetFields|Boolean|false|false
14:24:52.0 (3651257)|VARIABLE_ASSIGNMENT|[131]|includeFieldSetFields|false
14:24:52.0 (3655701)|VARIABLE_SCOPE_BEGIN|[131]|enforceCRUD|Boolean|false|false
14:24:52.0 (3662018)|VARIABLE_ASSIGNMENT|[131]|enforceCRUD|true
14:24:52.0 (3666535)|VARIABLE_SCOPE_BEGIN|[131]|enforceFLS|Boolean|false|false
14:24:52.0 (3672776)|VARIABLE_ASSIGNMENT|[131]|enforceFLS|false
14:24:52.0 (3676440)|VARIABLE_SCOPE_BEGIN|[131]|sortSelectFields|Boolean|false|false
14:24:52.0 (3683047)|VARIABLE_ASSIGNMENT|[131]|sortSelectFields|true
14:24:52.0 (3690579)|HEAP_ALLOCATE|[133]|Bytes:5
14:24:52.0 (3694829)|STATEMENT_EXECUTE|[30]
14:24:52.0 (3697761)|HEAP_ALLOCATE|[133]|Bytes:5
14:24:52.0 (3700703)|STATEMENT_EXECUTE|[37]
14:24:52.0 (3702521)|STATEMENT_EXECUTE|[50]
14:24:52.0 (3704191)|STATEMENT_EXECUTE|[55]
14:24:52.0 (3706040)|STATEMENT_EXECUTE|[60]
14:24:52.0 (3707686)|STATEMENT_EXECUTE|[65]
14:24:52.0 (3709354)|STATEMENT_EXECUTE|[71]
14:24:52.0 (3710989)|STATEMENT_EXECUTE|[76]
14:24:52.0 (3718393)|HEAP_ALLOCATE|[133]|Bytes:6
14:24:52.0 (3755195)|STATEMENT_EXECUTE|[132]
14:24:52.0 (3757753)|STATEMENT_EXECUTE|[133]
14:24:52.0 (3762563)|HEAP_ALLOCATE|[133]|Bytes:5
14:24:52.0 (3767490)|STATEMENT_EXECUTE|[134]
14:24:52.0 (3770215)|HEAP_ALLOCATE|[134]|Bytes:5
14:24:52.0 (3773300)|STATEMENT_EXECUTE|[135]
14:24:52.0 (3775872)|HEAP_ALLOCATE|[135]|Bytes:5
14:24:52.0 (3778927)|STATEMENT_EXECUTE|[136]
14:24:52.0 (3781388)|HEAP_ALLOCATE|[136]|Bytes:5
14:24:52.0 (3795294)|CONSTRUCTOR_EXIT|[120]|01pm0000000Yfay|<init>(Boolean,Boolean,Boolean,Boolean)|fflib_SObjectSelector
14:24:52.0 (3802115)|STATEMENT_EXECUTE|[119]
14:24:52.0 (3809896)|CONSTRUCTOR_EXIT|[110]|01pm0000000Yfay|<init>(Boolean,Boolean,Boolean)|fflib_SObjectSelector
14:24:52.0 (3815424)|STATEMENT_EXECUTE|[109]
14:24:52.0 (3821228)|CONSTRUCTOR_EXIT|[100]|01pm0000000Yfay|<init>(Boolean)|fflib_SObjectSelector
14:24:52.0 (3826417)|STATEMENT_EXECUTE|[99]
14:24:52.0 (3831529)|CONSTRUCTOR_EXIT|[EXTERNAL]|01pm0000000Yfay|<init>()|fflib_SObjectSelector
14:24:52.0 (3837516)|SYSTEM_MODE_EXIT|false
14:24:52.0 (3841927)|STATEMENT_EXECUTE|[5]
14:24:52.0 (3846316)|SYSTEM_MODE_ENTER|false
14:24:52.0 (3850543)|HEAP_ALLOCATE|[EXTERNAL]|Bytes:5
14:24:52.0 (3855185)|SYSTEM_MODE_EXIT|false
14:24:52.0 (3860778)|CONSTRUCTOR_EXIT|[33]|01pm0000000YfZj|<init>()|OrganizationsSelector
14:24:52.0 (3866627)|VARIABLE_SCOPE_BEGIN|[33]|sut|OrganizationsSelector|true|false
14:24:52.0 (3897592)|VARIABLE_ASSIGNMENT|[33]|sut|{"m_enforceCRUD":true,"m_enforceFLS":false,"m_includeFieldSetFields":false,"m_sortSelectFields":true}|0x3fd46517
14:24:52.0 (3904560)|STATEMENT_EXECUTE|[34]
14:24:52.0 (3945810)|HEAP_ALLOCATE|[34]|Bytes:4
14:24:52.0 (3976975)|HEAP_ALLOCATE|[34]|Bytes:12
14:24:52.0 (3981845)|HEAP_ALLOCATE|[34]|Bytes:2
14:24:52.0 (4072839)|HEAP_ALLOCATE|[34]|Bytes:9
14:24:52.0 (4106834)|VARIABLE_SCOPE_BEGIN|[34]|expectedFields|List<Schema.SObjectField>|true|false
14:24:52.0 (4138231)|HEAP_ALLOCATE|[EXTERNAL]|Bytes:12
14:24:52.0 (4260348)|VARIABLE_ASSIGNMENT|[34]|expectedFields|"common.apex.runtime.impl.ScalarList@7dd854de"|0x47629abc
14:24:52.0 (4269127)|STATEMENT_EXECUTE|[40]
14:24:52.0 (4313905)|METHOD_ENTRY|[40]|01pm0000000YfZj|OrganizationsSelector.getSObjectFieldList()
14:24:52.0 (4340822)|VARIABLE_SCOPE_BEGIN|[12]|this|OrganizationsSelector|true|false
14:24:52.0 (4387689)|VARIABLE_ASSIGNMENT|[12]|this|{"m_enforceCRUD":true,"m_enforceFLS":false,"m_includeFieldSetFields":false,"m_sortSelectFields":true}|0x3fd46517
14:24:52.0 (4405293)|SYSTEM_MODE_ENTER|false
14:24:52.0 (4412315)|HEAP_ALLOCATE|[14]|Bytes:5
14:24:52.0 (4417358)|STATEMENT_EXECUTE|[13]
14:24:52.0 (4419546)|STATEMENT_EXECUTE|[14]
14:24:52.0 (4431192)|HEAP_ALLOCATE|[14]|Bytes:4
14:24:52.0 (4554724)|SYSTEM_MODE_EXIT|false
14:24:52.0 (4567121)|METHOD_EXIT|[40]|01pm0000000YfZj|OrganizationsSelector.getSObjectFieldList()
14:24:52.0 (4575279)|VARIABLE_SCOPE_BEGIN|[40]|actualFields|List<Schema.SObjectField>|true|false
14:24:52.0 (4598974)|HEAP_ALLOCATE|[EXTERNAL]|Bytes:12
14:24:52.0 (4641288)|VARIABLE_ASSIGNMENT|[40]|actualFields|"common.apex.runtime.impl.ScalarList@7dd854de"|0x63fa100e
14:24:52.0 (4649371)|STATEMENT_EXECUTE|[43]
14:24:52.4 (4863821)|CUMULATIVE_LIMIT_USAGE
14:24:52.4 (4863821)|LIMIT_USAGE_FOR_NS|(default)|
  Number of SOQL queries: 0 out of 100
  Number of query rows: 0 out of 50000
  Number of SOSL queries: 0 out of 20
  Number of DML statements: 0 out of 150
  Number of DML rows: 0 out of 10000
  Maximum CPU time: 0 out of 10000
  Maximum heap size: 0 out of 6000000
  Number of callouts: 0 out of 100
  Number of Email Invocations: 0 out of 10
  Number of future calls: 0 out of 50
  Number of queueable jobs added to the queue: 0 out of 50
  Number of Mobile Apex push calls: 0 out of 10

14:24:52.4 (4863821)|CUMULATIVE_LIMIT_USAGE_END

14:24:52.0 (4907034)|CODE_UNIT_FINISHED|OrganizationsSelectorTests.givenGetSObjectFieldListExpectCorrectFields()
14:24:52.0 (6571395)|EXECUTION_FINISHED
14:24:52.610 (610838068)|USER_INFO|[EXTERNAL]|00518000002hPQO|matthew.billups@matsonmoney.com.mbill|Mountain Standard Time|GMT-07:00
14:24:52.610 (610857256)|EXECUTION_STARTED
14:24:52.610 (610861800)|CODE_UNIT_STARTED|[EXTERNAL]|01pm0000000YfZk|OrganizationsSelectorTests.givenGetSObjectTypeExpectOrganization()
14:24:52.610 (611006928)|HEAP_ALLOCATE|[72]|Bytes:3
14:24:52.610 (611040889)|HEAP_ALLOCATE|[77]|Bytes:152
14:24:52.610 (611055590)|HEAP_ALLOCATE|[342]|Bytes:408
14:24:52.610 (611070318)|HEAP_ALLOCATE|[355]|Bytes:408
14:24:52.610 (611083625)|HEAP_ALLOCATE|[467]|Bytes:48
14:24:52.610 (611109858)|HEAP_ALLOCATE|[139]|Bytes:6
14:24:52.610 (611126154)|HEAP_ALLOCATE|[EXTERNAL]|Bytes:29
14:24:52.610 (611138769)|METHOD_ENTRY|[6]|01pm0000000YfZk|OrganizationsSelectorTests.OrganizationsSelectorTests()
14:24:52.610 (611144409)|STATEMENT_EXECUTE|[6]
14:24:52.610 (611148494)|STATEMENT_EXECUTE|[6]
14:24:52.610 (611152044)|METHOD_EXIT|[6]|OrganizationsSelectorTests
14:24:52.610 (611173437)|HEAP_ALLOCATE|[50]|Bytes:5
14:24:52.610 (611194347)|HEAP_ALLOCATE|[56]|Bytes:5
14:24:52.610 (611202733)|HEAP_ALLOCATE|[64]|Bytes:7
14:24:52.610 (611237020)|STATEMENT_EXECUTE|[17]
14:24:52.610 (611239515)|STATEMENT_EXECUTE|[20]
14:24:52.610 (611255787)|HEAP_ALLOCATE|[20]|Bytes:13
14:24:52.610 (611266679)|METHOD_ENTRY|[5]|01pm0000000YfZj|OrganizationsSelector.OrganizationsSelector()
14:24:52.610 (611271315)|STATEMENT_EXECUTE|[5]
14:24:52.610 (611274256)|STATEMENT_EXECUTE|[5]
14:24:52.610 (611642141)|SYSTEM_MODE_ENTER|false
14:24:52.610 (611665028)|HEAP_ALLOCATE|[20]|Bytes:5
14:24:52.610 (611678877)|SYSTEM_MODE_EXIT|false
14:24:52.610 (611693475)|METHOD_EXIT|[5]|OrganizationsSelector
14:24:52.610 (611705229)|HEAP_ALLOCATE|[20]|Bytes:32
14:24:52.610 (611724092)|CONSTRUCTOR_ENTRY|[20]|01pm0000000YfZj|<init>()|OrganizationsSelector
14:24:52.610 (611746825)|VARIABLE_SCOPE_BEGIN|[5]|this|OrganizationsSelector|true|false
14:24:52.610 (611774729)|HEAP_ALLOCATE|[EXTERNAL]|Bytes:156
14:24:52.610 (611781671)|HEAP_ALLOCATE|[EXTERNAL]|Bytes:120
14:24:52.610 (611789600)|METHOD_ENTRY|[30]|01pm0000000Yfay|fflib_SObjectSelector.fflib_SObjectSelector()
14:24:52.610 (611794418)|STATEMENT_EXECUTE|[30]
14:24:52.610 (611797793)|STATEMENT_EXECUTE|[30]
14:24:52.610 (611804604)|SYSTEM_MODE_ENTER|false
14:24:52.610 (611810853)|HEAP_ALLOCATE|[EXTERNAL]|Bytes:5
14:24:52.610 (611817172)|SYSTEM_MODE_EXIT|false
14:24:52.610 (611822996)|METHOD_EXIT|[30]|fflib_SObjectSelector
14:24:52.610 (611844660)|VARIABLE_ASSIGNMENT|[5]|this|{}|0x5b2463a0
14:24:52.610 (611860697)|SYSTEM_MODE_ENTER|false
14:24:52.610 (611871416)|HEAP_ALLOCATE|[EXTERNAL]|Bytes:5
14:24:52.610 (611892876)|CONSTRUCTOR_ENTRY|[EXTERNAL]|01pm0000000Yfay|<init>()|fflib_SObjectSelector
14:24:52.610 (611904092)|VARIABLE_SCOPE_BEGIN|[98]|this|fflib_SObjectSelector|true|false
14:24:52.610 (611929119)|VARIABLE_ASSIGNMENT|[98]|this|{}|0x5b2463a0
14:24:52.610 (611941192)|HEAP_ALLOCATE|[100]|Bytes:5
14:24:52.610 (611946637)|STATEMENT_EXECUTE|[100]
14:24:52.610 (611959570)|CONSTRUCTOR_ENTRY|[100]|01pm0000000Yfay|<init>(Boolean)|fflib_SObjectSelector
14:24:52.610 (611966859)|VARIABLE_SCOPE_BEGIN|[108]|this|fflib_SObjectSelector|true|false
14:24:52.610 (611986630)|VARIABLE_ASSIGNMENT|[108]|this|{}|0x5b2463a0
14:24:52.610 (611993602)|VARIABLE_SCOPE_BEGIN|[108]|includeFieldSetFields|Boolean|false|false
14:24:52.610 (612007680)|VARIABLE_ASSIGNMENT|[108]|includeFieldSetFields|false
14:24:52.610 (612016490)|HEAP_ALLOCATE|[110]|Bytes:5
14:24:52.610 (612021053)|STATEMENT_EXECUTE|[110]
14:24:52.610 (612034205)|CONSTRUCTOR_ENTRY|[110]|01pm0000000Yfay|<init>(Boolean,Boolean,Boolean)|fflib_SObjectSelector
14:24:52.610 (612042029)|VARIABLE_SCOPE_BEGIN|[118]|this|fflib_SObjectSelector|true|false
14:24:52.610 (612064523)|VARIABLE_ASSIGNMENT|[118]|this|{}|0x5b2463a0
14:24:52.610 (612078156)|VARIABLE_SCOPE_BEGIN|[118]|includeFieldSetFields|Boolean|false|false
14:24:52.610 (612094294)|VARIABLE_ASSIGNMENT|[118]|includeFieldSetFields|false
14:24:52.610 (612102780)|VARIABLE_SCOPE_BEGIN|[118]|enforceCRUD|Boolean|false|false
14:24:52.610 (612114341)|VARIABLE_ASSIGNMENT|[118]|enforceCRUD|true
14:24:52.610 (612121926)|VARIABLE_SCOPE_BEGIN|[118]|enforceFLS|Boolean|false|false
14:24:52.610 (612134834)|VARIABLE_ASSIGNMENT|[118]|enforceFLS|false
14:24:52.610 (612148984)|HEAP_ALLOCATE|[120]|Bytes:5
14:24:52.610 (612157629)|STATEMENT_EXECUTE|[120]
14:24:52.610 (612182411)|CONSTRUCTOR_ENTRY|[120]|01pm0000000Yfay|<init>(Boolean,Boolean,Boolean,Boolean)|fflib_SObjectSelector
14:24:52.610 (612199310)|VARIABLE_SCOPE_BEGIN|[131]|this|fflib_SObjectSelector|true|false
14:24:52.610 (612237674)|VARIABLE_ASSIGNMENT|[131]|this|{}|0x5b2463a0
14:24:52.610 (612247050)|VARIABLE_SCOPE_BEGIN|[131]|includeFieldSetFields|Boolean|false|false
14:24:52.610 (612259353)|VARIABLE_ASSIGNMENT|[131]|includeFieldSetFields|false
14:24:52.610 (612267528)|VARIABLE_SCOPE_BEGIN|[131]|enforceCRUD|Boolean|false|false
14:24:52.610 (612294611)|VARIABLE_ASSIGNMENT|[131]|enforceCRUD|true
14:24:52.610 (612299837)|VARIABLE_SCOPE_BEGIN|[131]|enforceFLS|Boolean|false|false
14:24:52.610 (612306577)|VARIABLE_ASSIGNMENT|[131]|enforceFLS|false
14:24:52.610 (612311291)|VARIABLE_SCOPE_BEGIN|[131]|sortSelectFields|Boolean|false|false
14:24:52.610 (612318390)|VARIABLE_ASSIGNMENT|[131]|sortSelectFields|true
14:24:52.610 (612329583)|HEAP_ALLOCATE|[133]|Bytes:5
14:24:52.610 (612335820)|STATEMENT_EXECUTE|[30]
14:24:52.610 (612339226)|HEAP_ALLOCATE|[133]|Bytes:5
14:24:52.610 (612342668)|STATEMENT_EXECUTE|[37]
14:24:52.610 (612344557)|STATEMENT_EXECUTE|[50]
14:24:52.610 (612346261)|STATEMENT_EXECUTE|[55]
14:24:52.610 (612347912)|STATEMENT_EXECUTE|[60]
14:24:52.610 (612349553)|STATEMENT_EXECUTE|[65]
14:24:52.610 (612351236)|STATEMENT_EXECUTE|[71]
14:24:52.610 (612352893)|STATEMENT_EXECUTE|[76]
14:24:52.610 (612363184)|HEAP_ALLOCATE|[133]|Bytes:6
14:24:52.610 (612395831)|STATEMENT_EXECUTE|[132]
14:24:52.610 (612398319)|STATEMENT_EXECUTE|[133]
14:24:52.610 (612403073)|HEAP_ALLOCATE|[133]|Bytes:5
14:24:52.610 (612408017)|STATEMENT_EXECUTE|[134]
14:24:52.610 (612410699)|HEAP_ALLOCATE|[134]|Bytes:5
14:24:52.610 (612413977)|STATEMENT_EXECUTE|[135]
14:24:52.610 (612416447)|HEAP_ALLOCATE|[135]|Bytes:5
14:24:52.610 (612419968)|STATEMENT_EXECUTE|[136]
14:24:52.610 (612422455)|HEAP_ALLOCATE|[136]|Bytes:5
14:24:52.610 (612437334)|CONSTRUCTOR_EXIT|[120]|01pm0000000Yfay|<init>(Boolean,Boolean,Boolean,Boolean)|fflib_SObjectSelector
14:24:52.610 (612448349)|STATEMENT_EXECUTE|[119]
14:24:52.610 (612468025)|CONSTRUCTOR_EXIT|[110]|01pm0000000Yfay|<init>(Boolean,Boolean,Boolean)|fflib_SObjectSelector
14:24:52.610 (612481436)|STATEMENT_EXECUTE|[109]
14:24:52.610 (612496301)|CONSTRUCTOR_EXIT|[100]|01pm0000000Yfay|<init>(Boolean)|fflib_SObjectSelector
14:24:52.610 (612506451)|STATEMENT_EXECUTE|[99]
14:24:52.610 (612516647)|CONSTRUCTOR_EXIT|[EXTERNAL]|01pm0000000Yfay|<init>()|fflib_SObjectSelector
14:24:52.610 (612527250)|SYSTEM_MODE_EXIT|false
14:24:52.610 (612534994)|STATEMENT_EXECUTE|[5]
14:24:52.610 (612542527)|SYSTEM_MODE_ENTER|false
14:24:52.610 (612551490)|HEAP_ALLOCATE|[EXTERNAL]|Bytes:5
14:24:52.610 (612559508)|SYSTEM_MODE_EXIT|false
14:24:52.610 (612567377)|CONSTRUCTOR_EXIT|[20]|01pm0000000YfZj|<init>()|OrganizationsSelector
14:24:52.610 (612574034)|VARIABLE_SCOPE_BEGIN|[20]|sut|OrganizationsSelector|true|false
14:24:52.610 (612609770)|VARIABLE_ASSIGNMENT|[20]|sut|{"m_enforceCRUD":true,"m_enforceFLS":false,"m_includeFieldSetFields":false,"m_sortSelectFields":true}|0x5b2463a0
14:24:52.610 (612617176)|STATEMENT_EXECUTE|[21]
14:24:52.610 (612621470)|HEAP_ALLOCATE|[21]|Bytes:12
14:24:52.610 (612666852)|VARIABLE_SCOPE_BEGIN|[21]|expectedType|Schema.SObjectType|true|false
14:24:52.610 (612777594)|VARIABLE_ASSIGNMENT|[21]|expectedType|"common.apex.runtime.impl.ApexSObjectTypeToken@16bb1eba"|0x16bb1eba
14:24:52.610 (612786002)|STATEMENT_EXECUTE|[24]
14:24:52.610 (612806943)|METHOD_ENTRY|[24]|01pm0000000YfZj|OrganizationsSelector.getSObjectType()
14:24:52.610 (612828510)|VARIABLE_SCOPE_BEGIN|[24]|this|OrganizationsSelector|true|false
14:24:52.610 (612860042)|VARIABLE_ASSIGNMENT|[24]|this|{"m_enforceCRUD":true,"m_enforceFLS":false,"m_includeFieldSetFields":false,"m_sortSelectFields":true}|0x5b2463a0
14:24:52.610 (612890044)|SYSTEM_MODE_ENTER|false
14:24:52.610 (612900411)|HEAP_ALLOCATE|[25]|Bytes:5
14:24:52.610 (612907897)|STATEMENT_EXECUTE|[24]
14:24:52.610 (612910387)|STATEMENT_EXECUTE|[25]
14:24:52.610 (612942511)|SYSTEM_MODE_EXIT|false
14:24:52.610 (612956012)|METHOD_EXIT|[24]|01pm0000000YfZj|OrganizationsSelector.getSObjectType()
14:24:52.610 (612966251)|VARIABLE_SCOPE_BEGIN|[24]|actualType|Schema.SObjectType|true|false
14:24:52.610 (613018400)|VARIABLE_ASSIGNMENT|[24]|actualType|"common.apex.runtime.impl.ApexSObjectTypeToken@16bb1eba"|0x16bb1eba
14:24:52.610 (613027736)|STATEMENT_EXECUTE|[27]
14:24:52.613 (613078358)|CUMULATIVE_LIMIT_USAGE
14:24:52.613 (613078358)|LIMIT_USAGE_FOR_NS|(default)|
  Number of SOQL queries: 0 out of 100
  Number of query rows: 0 out of 50000
  Number of SOSL queries: 0 out of 20
  Number of DML statements: 0 out of 150
  Number of DML rows: 0 out of 10000
  Maximum CPU time: 0 out of 10000
  Maximum heap size: 0 out of 6000000
  Number of callouts: 0 out of 100
  Number of Email Invocations: 0 out of 10
  Number of future calls: 0 out of 50
  Number of queueable jobs added to the queue: 0 out of 50
  Number of Mobile Apex push calls: 0 out of 10

14:24:52.613 (613078358)|CUMULATIVE_LIMIT_USAGE_END

14:24:52.610 (613102898)|CODE_UNIT_FINISHED|OrganizationsSelectorTests.givenGetSObjectTypeExpectOrganization()
14:24:52.610 (625507847)|EXECUTION_FINISHED
14:24:52.680 (680732121)|USER_INFO|[EXTERNAL]|00518000002hPQO|matthew.billups@matsonmoney.com.mbill|Mountain Standard Time|GMT-07:00
14:24:52.680 (680752063)|EXECUTION_STARTED
14:24:52.680 (680756383)|CODE_UNIT_STARTED|[EXTERNAL]|01pm0000000YfZk|OrganizationsSelectorTests.givenNewInstanceExpectCorrectSelector()
14:24:52.680 (680897157)|HEAP_ALLOCATE|[72]|Bytes:3
14:24:52.680 (680934028)|HEAP_ALLOCATE|[77]|Bytes:152
14:24:52.680 (680948669)|HEAP_ALLOCATE|[342]|Bytes:408
14:24:52.680 (680963207)|HEAP_ALLOCATE|[355]|Bytes:408
14:24:52.680 (680977174)|HEAP_ALLOCATE|[467]|Bytes:48
14:24:52.680 (681003220)|HEAP_ALLOCATE|[139]|Bytes:6
14:24:52.680 (681021181)|HEAP_ALLOCATE|[EXTERNAL]|Bytes:29
14:24:52.680 (681031985)|METHOD_ENTRY|[6]|01pm0000000YfZk|OrganizationsSelectorTests.OrganizationsSelectorTests()
14:24:52.680 (681037680)|STATEMENT_EXECUTE|[6]
14:24:52.680 (681041757)|STATEMENT_EXECUTE|[6]
14:24:52.680 (681044821)|METHOD_EXIT|[6]|OrganizationsSelectorTests
14:24:52.680 (681064962)|HEAP_ALLOCATE|[50]|Bytes:5
14:24:52.680 (681084078)|HEAP_ALLOCATE|[56]|Bytes:5
14:24:52.680 (681092445)|HEAP_ALLOCATE|[64]|Bytes:7
14:24:52.680 (681124768)|STATEMENT_EXECUTE|[8]
14:24:52.680 (681127149)|STATEMENT_EXECUTE|[11]
14:24:52.680 (681141485)|HEAP_ALLOCATE|[11]|Bytes:13
14:24:52.680 (681152663)|METHOD_ENTRY|[5]|01pm0000000YfZj|OrganizationsSelector.OrganizationsSelector()
14:24:52.680 (681157431)|STATEMENT_EXECUTE|[5]
14:24:52.680 (681160248)|STATEMENT_EXECUTE|[5]
14:24:52.680 (681510373)|SYSTEM_MODE_ENTER|false
14:24:52.680 (681527322)|HEAP_ALLOCATE|[11]|Bytes:5
14:24:52.680 (681535734)|SYSTEM_MODE_EXIT|false
14:24:52.680 (681546176)|METHOD_EXIT|[5]|OrganizationsSelector
14:24:52.680 (681558004)|METHOD_ENTRY|[11]|01pm0000000YfZj|OrganizationsSelector.newInstance()
14:24:52.680 (681591013)|SYSTEM_MODE_ENTER|false
14:24:52.680 (681601482)|HEAP_ALLOCATE|[9]|Bytes:5
14:24:52.680 (681606570)|STATEMENT_EXECUTE|[8]
14:24:52.680 (681608443)|STATEMENT_EXECUTE|[9]
14:24:52.680 (682996743)|VARIABLE_SCOPE_BEGIN|[31]|PhoenixCore.Domain|fflib_Application.DomainFactory|true|true
14:24:52.680 (683040510)|VARIABLE_SCOPE_BEGIN|[20]|PhoenixCore.Selector|fflib_Application.SelectorFactory|true|true
14:24:52.680 (683075647)|VARIABLE_SCOPE_BEGIN|[4]|PhoenixCore.Service|fflib_Application.ServiceFactory|true|true
14:24:52.680 (683125125)|VARIABLE_SCOPE_BEGIN|[14]|PhoenixCore.UnitOfWork|fflib_Application.UnitOfWorkFactory|true|true
14:24:52.680 (683150158)|METHOD_ENTRY|[1]|01pm0000000YfZl|PhoenixCore.PhoenixCore()
14:24:52.680 (683156240)|STATEMENT_EXECUTE|[1]
14:24:52.680 (683159684)|STATEMENT_EXECUTE|[1]
14:24:52.680 (683161426)|STATEMENT_EXECUTE|[4]
14:24:52.680 (683166675)|HEAP_ALLOCATE|[5]|Bytes:11
14:24:52.680 (683177493)|HEAP_ALLOCATE|[5]|Bytes:12
14:24:52.680 (683239621)|HEAP_ALLOCATE|[6]|Bytes:4
14:24:52.680 (683270607)|HEAP_ALLOCATE|[7]|Bytes:21
14:24:52.680 (683390858)|HEAP_ALLOCATE|[7]|Bytes:27
14:24:52.680 (683416762)|SYSTEM_METHOD_ENTRY|[1]|Type.Type()
14:24:52.680 (683420891)|STATEMENT_EXECUTE|[1]
14:24:52.680 (683426969)|SYSTEM_METHOD_EXIT|[1]|Type
14:24:52.680 (683433303)|HEAP_ALLOCATE|[7]|Bytes:8
14:24:52.680 (683451547)|HEAP_ALLOCATE|[7]|Bytes:8
14:24:52.680 (683457384)|VARIABLE_SCOPE_BEGIN|[4]|this|System.Type|true|false
14:24:52.680 (683486082)|VARIABLE_ASSIGNMENT|[4]|this|{}|0x4172c83c
14:24:52.680 (683493253)|VARIABLE_SCOPE_BEGIN|[4]|apextype|java:common.apex.runtime.ApexObjectType|true|false
14:24:52.680 (683591418)|VARIABLE_ASSIGNMENT|[4]|apextype|"IEmailTemplateService"|0x6fb1c525
14:24:52.680 (683662963)|HEAP_ALLOCATE|[7]|Bytes:8
14:24:52.680 (683671511)|HEAP_ALLOCATE|[7]|Bytes:20
14:24:52.680 (683759313)|HEAP_ALLOCATE|[7]|Bytes:8
14:24:52.680 (683768719)|HEAP_ALLOCATE|[7]|Bytes:8
14:24:52.680 (683773830)|VARIABLE_SCOPE_BEGIN|[4]|this|System.Type|true|false
14:24:52.680 (683808067)|VARIABLE_ASSIGNMENT|[4]|this|{}|0x59f135d1
14:24:52.680 (683814826)|VARIABLE_SCOPE_BEGIN|[4]|apextype|java:common.apex.runtime.ApexObjectType|true|false
14:24:52.680 (683857801)|VARIABLE_ASSIGNMENT|[4]|apextype|"EmailTemplateService"|0x4cbbe117
14:24:52.680 (683890291)|HEAP_ALLOCATE|[7]|Bytes:8
14:24:52.680 (683955207)|VARIABLE_ASSIGNMENT|[EXTERNAL]|this|{"aot":"0x6fb1c525"}|0x4172c83c
14:24:52.680 (684080740)|HEAP_ALLOCATE|[8]|Bytes:13
14:24:52.680 (684168196)|HEAP_ALLOCATE|[8]|Bytes:8
14:24:52.680 (684177840)|HEAP_ALLOCATE|[8]|Bytes:8
14:24:52.680 (684183044)|VARIABLE_SCOPE_BEGIN|[4]|this|System.Type|true|false
14:24:52.680 (684202058)|VARIABLE_ASSIGNMENT|[4]|this|{}|0x100850db
14:24:52.680 (684208620)|VARIABLE_SCOPE_BEGIN|[4]|apextype|java:common.apex.runtime.ApexObjectType|true|false
14:24:52.680 (684248198)|VARIABLE_ASSIGNMENT|[4]|apextype|"IEmailService"|0x7902b068
14:24:52.680 (684280369)|HEAP_ALLOCATE|[8]|Bytes:8
14:24:52.680 (684287099)|HEAP_ALLOCATE|[8]|Bytes:12
14:24:52.680 (684385034)|HEAP_ALLOCATE|[8]|Bytes:8
14:24:52.680 (684394284)|HEAP_ALLOCATE|[8]|Bytes:8
14:24:52.680 (684398763)|VARIABLE_SCOPE_BEGIN|[4]|this|System.Type|true|false
14:24:52.680 (684428626)|VARIABLE_ASSIGNMENT|[4]|this|{}|0x4007a0b6
14:24:52.680 (684435048)|VARIABLE_SCOPE_BEGIN|[4]|apextype|java:common.apex.runtime.ApexObjectType|true|false
14:24:52.680 (684473591)|VARIABLE_ASSIGNMENT|[4]|apextype|"EmailService"|0x16e5b383
14:24:52.680 (684504395)|HEAP_ALLOCATE|[8]|Bytes:8
14:24:52.680 (684531546)|VARIABLE_ASSIGNMENT|[EXTERNAL]|this|{"aot":"0x7902b068"}|0x100850db
14:24:52.680 (684618762)|HEAP_ALLOCATE|[9]|Bytes:17
14:24:52.680 (684717722)|HEAP_ALLOCATE|[9]|Bytes:8
14:24:52.680 (684726884)|HEAP_ALLOCATE|[9]|Bytes:8
14:24:52.680 (684731619)|VARIABLE_SCOPE_BEGIN|[4]|this|System.Type|true|false
14:24:52.680 (684748856)|VARIABLE_ASSIGNMENT|[4]|this|{}|0xcef4059
14:24:52.680 (684754704)|VARIABLE_SCOPE_BEGIN|[4]|apextype|java:common.apex.runtime.ApexObjectType|true|false
14:24:52.680 (684792888)|VARIABLE_ASSIGNMENT|[4]|apextype|"IMassEmailService"|0x6d8b8d7e
14:24:52.680 (684823399)|HEAP_ALLOCATE|[9]|Bytes:8
14:24:52.680 (684829922)|HEAP_ALLOCATE|[9]|Bytes:16
14:24:52.680 (684912312)|HEAP_ALLOCATE|[9]|Bytes:8
14:24:52.680 (684921378)|HEAP_ALLOCATE|[9]|Bytes:8
14:24:52.680 (684926437)|VARIABLE_SCOPE_BEGIN|[4]|this|System.Type|true|false
14:24:52.680 (684943876)|VARIABLE_ASSIGNMENT|[4]|this|{}|0x29bfe7a5
14:24:52.680 (684950375)|VARIABLE_SCOPE_BEGIN|[4]|apextype|java:common.apex.runtime.ApexObjectType|true|false
14:24:52.680 (684990084)|VARIABLE_ASSIGNMENT|[4]|apextype|"MassEmailService"|0x57546443
14:24:52.680 (685018623)|HEAP_ALLOCATE|[9]|Bytes:8
14:24:52.680 (685045473)|VARIABLE_ASSIGNMENT|[EXTERNAL]|this|{"aot":"0x6d8b8d7e"}|0xcef4059
14:24:52.680 (685117201)|HEAP_ALLOCATE|[10]|Bytes:17
14:24:52.680 (686050341)|HEAP_ALLOCATE|[10]|Bytes:8
14:24:52.680 (686064598)|HEAP_ALLOCATE|[10]|Bytes:8
14:24:52.680 (686070698)|VARIABLE_SCOPE_BEGIN|[4]|this|System.Type|true|false
14:24:52.680 (686093279)|VARIABLE_ASSIGNMENT|[4]|this|{}|0x61ce91b
14:24:52.680 (686099939)|VARIABLE_SCOPE_BEGIN|[4]|apextype|java:common.apex.runtime.ApexObjectType|true|false
14:24:52.680 (686159951)|VARIABLE_ASSIGNMENT|[4]|apextype|"IMessagingWrapper"|0x70078c09
14:24:52.680 (686209568)|HEAP_ALLOCATE|[10]|Bytes:8
14:24:52.680 (686218794)|HEAP_ALLOCATE|[10]|Bytes:16
14:24:52.680 (687050175)|HEAP_ALLOCATE|[10]|Bytes:8
14:24:52.680 (687063098)|HEAP_ALLOCATE|[10]|Bytes:8
14:24:52.680 (687068973)|VARIABLE_SCOPE_BEGIN|[4]|this|System.Type|true|false
14:24:52.680 (687092052)|VARIABLE_ASSIGNMENT|[4]|this|{}|0x4272f284
14:24:52.680 (687100440)|VARIABLE_SCOPE_BEGIN|[4]|apextype|java:common.apex.runtime.ApexObjectType|true|false
14:24:52.680 (687144976)|VARIABLE_ASSIGNMENT|[4]|apextype|"MessagingWrapper"|0x23c78fe0
14:24:52.680 (687181134)|HEAP_ALLOCATE|[10]|Bytes:8
14:24:52.680 (687214861)|VARIABLE_ASSIGNMENT|[EXTERNAL]|this|{"aot":"0x70078c09"}|0x61ce91b
14:24:52.680 (687305709)|HEAP_ALLOCATE|[11]|Bytes:13
14:24:52.680 (687944838)|HEAP_ALLOCATE|[11]|Bytes:8
14:24:52.680 (687956844)|HEAP_ALLOCATE|[11]|Bytes:8
14:24:52.680 (687962030)|VARIABLE_SCOPE_BEGIN|[4]|this|System.Type|true|false
14:24:52.680 (687983625)|VARIABLE_ASSIGNMENT|[4]|this|{}|0x577c5a1c
14:24:52.680 (687990250)|VARIABLE_SCOPE_BEGIN|[4]|apextype|java:common.apex.runtime.ApexObjectType|true|false
14:24:52.680 (688033524)|VARIABLE_ASSIGNMENT|[4]|apextype|"IPrintService"|0x2cf64a5
14:24:52.680 (688069579)|HEAP_ALLOCATE|[11]|Bytes:8
14:24:52.680 (688077949)|HEAP_ALLOCATE|[11]|Bytes:12
14:24:52.680 (688801987)|HEAP_ALLOCATE|[11]|Bytes:8
14:24:52.680 (688814703)|HEAP_ALLOCATE|[11]|Bytes:8
14:24:52.680 (688820291)|VARIABLE_SCOPE_BEGIN|[4]|this|System.Type|true|false
14:24:52.680 (688841686)|VARIABLE_ASSIGNMENT|[4]|this|{}|0x13c8feeb
14:24:52.680 (688848408)|VARIABLE_SCOPE_BEGIN|[4]|apextype|java:common.apex.runtime.ApexObjectType|true|false
14:24:52.680 (688893059)|VARIABLE_ASSIGNMENT|[4]|apextype|"PrintService"|0x26d1fa34
14:24:52.680 (688929896)|HEAP_ALLOCATE|[11]|Bytes:8
14:24:52.680 (688961441)|VARIABLE_ASSIGNMENT|[EXTERNAL]|this|{"aot":"0x2cf64a5"}|0x577c5a1c
14:24:52.680 (689058142)|CONSTRUCTOR_ENTRY|[5]|01pm0000000YfaM|<init>(Map<System.Type,System.Type>)|fflib_Application.ServiceFactory
14:24:52.680 (689086640)|VARIABLE_SCOPE_BEGIN|[105]|this|fflib_Application.ServiceFactory|true|false
14:24:52.680 (689107767)|VARIABLE_ASSIGNMENT|[105]|this|{}|0x5f425807
14:24:52.680 (689114476)|VARIABLE_SCOPE_BEGIN|[105]|serviceInterfaceTypeByServiceImplType|Map<System.Type,System.Type>|true|false
14:24:52.680 (689279506)|VARIABLE_ASSIGNMENT|[105]|serviceInterfaceTypeByServiceImplType|{"System/Type":{"aot":"0x4cbbe117"},"System/Type":{"aot":"0x16e5b383"},"System/Type":{"aot":"0x57546443"},"System/Type":{"aot":"0x23c78fe0"},"System/Type":{"aot":"0x26d1fa34"}}|0xe96cb7
14:24:52.680 (689299492)|STATEMENT_EXECUTE|[91]
14:24:52.680 (689302425)|STATEMENT_EXECUTE|[93]
14:24:52.680 (689304477)|STATEMENT_EXECUTE|[95]
14:24:52.680 (689320322)|STATEMENT_EXECUTE|[106]
14:24:52.680 (689322603)|STATEMENT_EXECUTE|[107]
14:24:52.680 (689359802)|VARIABLE_ASSIGNMENT|[107]|this.m_serviceInterfaceTypeByServiceImplType|{"System/Type":{"aot":"0x4cbbe117"},"System/Type":{"aot":"0x16e5b383"},"System/Type":{"aot":"0x57546443"},"System/Type":{"aot":"0x23c78fe0"},"System/Type":{"aot":"0x26d1fa34"}}|0x5f425807
14:24:52.680 (689368370)|STATEMENT_EXECUTE|[108]
14:24:52.680 (689413776)|HEAP_ALLOCATE|[108]|Bytes:4
14:24:52.680 (689454651)|VARIABLE_ASSIGNMENT|[108]|this.m_serviceInterfaceTypeByMockService|{}|0x5f425807
14:24:52.680 (689467797)|CONSTRUCTOR_EXIT|[5]|01pm0000000YfaM|<init>(Map<System.Type,System.Type>)|fflib_Application.ServiceFactory
14:24:52.680 (689503138)|VARIABLE_ASSIGNMENT|[4]|PhoenixCore.Service|{"m_serviceInterfaceTypeByMockService":"0x5402f5e7","m_serviceInterfaceTypeByServiceImplType":"0xe96cb7"}|0x5f425807
14:24:52.680 (689510250)|STATEMENT_EXECUTE|[14]
14:24:52.680 (689518220)|HEAP_ALLOCATE|[15]|Bytes:11
14:24:52.680 (689528638)|HEAP_ALLOCATE|[15]|Bytes:12
14:24:52.680 (689547392)|HEAP_ALLOCATE|[16]|Bytes:4
14:24:52.680 (689576610)|HEAP_ALLOCATE|[17]|Bytes:7
14:24:52.680 (689631948)|CONSTRUCTOR_ENTRY|[15]|01pm0000000YfaM|<init>(List<Schema.SObjectType>)|fflib_Application.UnitOfWorkFactory
14:24:52.680 (689650010)|VARIABLE_SCOPE_BEGIN|[47]|this|fflib_Application.UnitOfWorkFactory|true|false
14:24:52.680 (689672700)|VARIABLE_ASSIGNMENT|[47]|this|{}|0x7dabb509
14:24:52.680 (689679545)|VARIABLE_SCOPE_BEGIN|[47]|objectTypes|List<Schema.SObjectType>|true|false
14:24:52.680 (689713924)|HEAP_ALLOCATE|[EXTERNAL]|Bytes:8
14:24:52.680 (689771112)|VARIABLE_ASSIGNMENT|[47]|objectTypes|"common.apex.runtime.impl.ScalarList@306458fa"|0x7ba306b4
14:24:52.680 (689780980)|STATEMENT_EXECUTE|[37]
14:24:52.680 (689783068)|STATEMENT_EXECUTE|[39]
14:24:52.680 (689784839)|STATEMENT_EXECUTE|[40]
14:24:52.680 (689801451)|STATEMENT_EXECUTE|[48]
14:24:52.680 (689804199)|STATEMENT_EXECUTE|[49]
14:24:52.680 (689852695)|HEAP_ALLOCATE|[EXTERNAL]|Bytes:8
14:24:52.680 (689904953)|VARIABLE_ASSIGNMENT|[49]|this.m_objectTypes|"common.apex.runtime.impl.ScalarList@306458fa"|0x7dabb509
14:24:52.680 (689919082)|CONSTRUCTOR_EXIT|[15]|01pm0000000YfaM|<init>(List<Schema.SObjectType>)|fflib_Application.UnitOfWorkFactory
14:24:52.680 (689945491)|VARIABLE_ASSIGNMENT|[14]|PhoenixCore.UnitOfWork|{"m_objectTypes":"0x38cd69ea"}|0x7dabb509
14:24:52.680 (689952574)|STATEMENT_EXECUTE|[20]
14:24:52.680 (689959471)|HEAP_ALLOCATE|[21]|Bytes:19
14:24:52.680 (689970750)|HEAP_ALLOCATE|[21]|Bytes:12
14:24:52.680 (690006757)|HEAP_ALLOCATE|[23]|Bytes:4
14:24:52.680 (690030234)|HEAP_ALLOCATE|[24]|Bytes:19
14:24:52.680 (690076543)|HEAP_ALLOCATE|[24]|Bytes:29
14:24:52.680 (690186954)|HEAP_ALLOCATE|[24]|Bytes:8
14:24:52.680 (690197265)|HEAP_ALLOCATE|[24]|Bytes:8
14:24:52.680 (690202358)|VARIABLE_SCOPE_BEGIN|[4]|this|System.Type|true|false
14:24:52.680 (690221847)|VARIABLE_ASSIGNMENT|[4]|this|{}|0x18ee8007
14:24:52.680 (690228119)|VARIABLE_SCOPE_BEGIN|[4]|apextype|java:common.apex.runtime.ApexObjectType|true|false
14:24:52.680 (690270911)|VARIABLE_ASSIGNMENT|[4]|apextype|"OrgWideEmailAddressesSelector"|0x35ffee6e
14:24:52.680 (690311360)|HEAP_ALLOCATE|[24]|Bytes:8
14:24:52.680 (690380104)|HEAP_ALLOCATE|[25]|Bytes:16
14:24:52.680 (690472483)|HEAP_ALLOCATE|[25]|Bytes:8
14:24:52.680 (690481335)|HEAP_ALLOCATE|[25]|Bytes:8
14:24:52.680 (690486387)|VARIABLE_SCOPE_BEGIN|[4]|this|System.Type|true|false
14:24:52.680 (690505489)|VARIABLE_ASSIGNMENT|[4]|this|{}|0x3afa36fe
14:24:52.680 (690511682)|VARIABLE_SCOPE_BEGIN|[4]|apextype|java:common.apex.runtime.ApexObjectType|true|false
14:24:52.680 (690551337)|VARIABLE_ASSIGNMENT|[4]|apextype|"ContactsSelector"|0x8545ef9
14:24:52.680 (690583146)|HEAP_ALLOCATE|[25]|Bytes:8
14:24:52.680 (690603010)|HEAP_ALLOCATE|[26]|Bytes:13
14:24:52.680 (690640048)|HEAP_ALLOCATE|[26]|Bytes:22
14:24:52.680 (690725638)|HEAP_ALLOCATE|[26]|Bytes:8
14:24:52.680 (690734237)|HEAP_ALLOCATE|[26]|Bytes:8
14:24:52.680 (690738895)|VARIABLE_SCOPE_BEGIN|[4]|this|System.Type|true|false
14:24:52.680 (690757002)|VARIABLE_ASSIGNMENT|[4]|this|{}|0x56f8671e
14:24:52.680 (690762620)|VARIABLE_SCOPE_BEGIN|[4]|apextype|java:common.apex.runtime.ApexObjectType|true|false
14:24:52.680 (690801957)|VARIABLE_ASSIGNMENT|[4]|apextype|"EmailTemplatesSelector"|0x5c3943c5
14:24:52.680 (690832527)|HEAP_ALLOCATE|[26]|Bytes:8
14:24:52.680 (690852113)|HEAP_ALLOCATE|[27]|Bytes:12
14:24:52.680 (690875855)|HEAP_ALLOCATE|[27]|Bytes:21
14:24:52.680 (690906879)|HEAP_ALLOCATE|[27]|Bytes:8
14:24:52.680 (690914584)|HEAP_ALLOCATE|[27]|Bytes:8
14:24:52.680 (690918872)|VARIABLE_SCOPE_BEGIN|[4]|this|System.Type|true|false
14:24:52.680 (690935025)|VARIABLE_ASSIGNMENT|[4]|this|{}|0x776bf6fa
14:24:52.680 (690942148)|VARIABLE_SCOPE_BEGIN|[4]|apextype|java:common.apex.runtime.ApexObjectType|true|false
14:24:52.680 (690979802)|VARIABLE_ASSIGNMENT|[4]|apextype|"OrganizationsSelector"|0x62bebf9e
14:24:52.680 (691009306)|HEAP_ALLOCATE|[27]|Bytes:8
14:24:52.680 (691028379)|HEAP_ALLOCATE|[28]|Bytes:10
14:24:52.680 (691052712)|HEAP_ALLOCATE|[28]|Bytes:16
14:24:52.680 (692166204)|HEAP_ALLOCATE|[28]|Bytes:8
14:24:52.680 (692179425)|HEAP_ALLOCATE|[28]|Bytes:8
14:24:52.680 (692185415)|VARIABLE_SCOPE_BEGIN|[4]|this|System.Type|true|false
14:24:52.680 (692207299)|VARIABLE_ASSIGNMENT|[4]|this|{}|0xc61c4e0
14:24:52.680 (692213914)|VARIABLE_SCOPE_BEGIN|[4]|apextype|java:common.apex.runtime.ApexObjectType|true|false
14:24:52.680 (692258275)|VARIABLE_ASSIGNMENT|[4]|apextype|"PrintersSelector"|0x1b34c8bd
14:24:52.680 (692299904)|HEAP_ALLOCATE|[28]|Bytes:8
14:24:52.680 (692334891)|CONSTRUCTOR_ENTRY|[21]|01pm0000000YfaM|<init>(Map<Schema.SObjectType,System.Type>)|fflib_Application.SelectorFactory
14:24:52.680 (692357697)|VARIABLE_SCOPE_BEGIN|[154]|this|fflib_Application.SelectorFactory|true|false
14:24:52.680 (692377766)|VARIABLE_ASSIGNMENT|[154]|this|{}|0x2853a8dd
14:24:52.680 (692384142)|VARIABLE_SCOPE_BEGIN|[154]|sObjectBySelectorType|Map<Schema.SObjectType,System.Type>|true|false
14:24:52.680 (692781918)|HEAP_ALLOCATE|[156]|Bytes:8
14:24:52.680 (692794228)|VARIABLE_SCOPE_BEGIN|[36]|this|System.Type|true|false
14:24:52.680 (692835281)|VARIABLE_ASSIGNMENT|[36]|this|{"aot":"0x35ffee6e"}|0x18ee8007
14:24:52.680 (692936963)|HEAP_ALLOCATE|[156]|Bytes:8
14:24:52.680 (692945353)|VARIABLE_SCOPE_BEGIN|[36]|this|System.Type|true|false
14:24:52.680 (692979018)|VARIABLE_ASSIGNMENT|[36]|this|{"aot":"0x8545ef9"}|0x3afa36fe
14:24:52.680 (693032440)|HEAP_ALLOCATE|[156]|Bytes:8
14:24:52.680 (693040312)|VARIABLE_SCOPE_BEGIN|[36]|this|System.Type|true|false
14:24:52.680 (693059018)|VARIABLE_ASSIGNMENT|[36]|this|{"aot":"0x5c3943c5"}|0x56f8671e
14:24:52.680 (693103172)|HEAP_ALLOCATE|[156]|Bytes:8
14:24:52.680 (693109837)|VARIABLE_SCOPE_BEGIN|[36]|this|System.Type|true|false
14:24:52.680 (693127659)|VARIABLE_ASSIGNMENT|[36]|this|{"aot":"0x62bebf9e"}|0x776bf6fa
14:24:52.680 (693168054)|HEAP_ALLOCATE|[156]|Bytes:8
14:24:52.680 (693174493)|VARIABLE_SCOPE_BEGIN|[36]|this|System.Type|true|false
14:24:52.680 (693191028)|VARIABLE_ASSIGNMENT|[36]|this|{"aot":"0x1b34c8bd"}|0xc61c4e0
14:24:52.680 (693222565)|VARIABLE_ASSIGNMENT|[154]|sObjectBySelectorType|"{OrgWideEmailAddress=OrgWideEmailAddressesSelector, Contact=ContactsSelector, EmailTemplate=EmailTemplatesSelector, Organization=OrganizationsSelector, Printer__c=PrintersSelector}"|0x2a172ff3
14:24:52.680 (693233489)|STATEMENT_EXECUTE|[142]
14:24:52.680 (693236086)|STATEMENT_EXECUTE|[144]
14:24:52.680 (693237967)|STATEMENT_EXECUTE|[145]
14:24:52.680 (693251008)|STATEMENT_EXECUTE|[155]
14:24:52.680 (693252971)|STATEMENT_EXECUTE|[156]
14:24:52.680 (693445739)|HEAP_ALLOCATE|[156]|Bytes:8
14:24:52.680 (693454716)|VARIABLE_SCOPE_BEGIN|[36]|this|System.Type|true|false
14:24:52.680 (693479199)|VARIABLE_ASSIGNMENT|[36]|this|{"aot":"0x35ffee6e"}|0x18ee8007
14:24:52.680 (693553735)|HEAP_ALLOCATE|[156]|Bytes:8
14:24:52.680 (693560903)|VARIABLE_SCOPE_BEGIN|[36]|this|System.Type|true|false
14:24:52.680 (693579359)|VARIABLE_ASSIGNMENT|[36]|this|{"aot":"0x8545ef9"}|0x3afa36fe
14:24:52.680 (693623660)|HEAP_ALLOCATE|[156]|Bytes:8
14:24:52.680 (693630075)|VARIABLE_SCOPE_BEGIN|[36]|this|System.Type|true|false
14:24:52.680 (693646717)|VARIABLE_ASSIGNMENT|[36]|this|{"aot":"0x5c3943c5"}|0x56f8671e
14:24:52.680 (693685825)|HEAP_ALLOCATE|[156]|Bytes:8
14:24:52.680 (693691919)|VARIABLE_SCOPE_BEGIN|[36]|this|System.Type|true|false
14:24:52.680 (693707919)|VARIABLE_ASSIGNMENT|[36]|this|{"aot":"0x62bebf9e"}|0x776bf6fa
14:24:52.680 (693746924)|HEAP_ALLOCATE|[156]|Bytes:8
14:24:52.680 (693752883)|VARIABLE_SCOPE_BEGIN|[36]|this|System.Type|true|false
14:24:52.680 (693769474)|VARIABLE_ASSIGNMENT|[36]|this|{"aot":"0x1b34c8bd"}|0xc61c4e0
14:24:52.680 (693801318)|VARIABLE_ASSIGNMENT|[156]|this.m_sObjectBySelectorType|"{OrgWideEmailAddress=OrgWideEmailAddressesSelector, Contact=ContactsSelector, EmailTemplate=EmailTemplatesSelector, Organization=OrganizationsSelector, Printer__c=PrintersSelector}"|0x2853a8dd
14:24:52.680 (693810302)|STATEMENT_EXECUTE|[157]
14:24:52.680 (693895417)|HEAP_ALLOCATE|[157]|Bytes:4
14:24:52.680 (693935197)|VARIABLE_ASSIGNMENT|[157]|this.m_sObjectByMockSelector|{}|0x2853a8dd
14:24:52.680 (693948681)|CONSTRUCTOR_EXIT|[21]|01pm0000000YfaM|<init>(Map<Schema.SObjectType,System.Type>)|fflib_Application.SelectorFactory
14:24:52.680 (693982790)|VARIABLE_ASSIGNMENT|[20]|PhoenixCore.Selector|{"m_sObjectByMockSelector":"0x17db7b2c","m_sObjectBySelectorType":"0x2a172ff3"}|0x2853a8dd
14:24:52.680 (693990305)|STATEMENT_EXECUTE|[31]
14:24:52.680 (693998445)|HEAP_ALLOCATE|[32]|Bytes:19
14:24:52.680 (694011455)|HEAP_ALLOCATE|[32]|Bytes:16
14:24:52.680 (694026510)|HEAP_ALLOCATE|[35]|Bytes:4
14:24:52.680 (694057589)|HEAP_ALLOCATE|[36]|Bytes:20
14:24:52.680 (694175140)|HEAP_ALLOCATE|[36]|Bytes:8
14:24:52.680 (694186185)|HEAP_ALLOCATE|[36]|Bytes:8
14:24:52.680 (694191995)|VARIABLE_SCOPE_BEGIN|[4]|this|System.Type|true|false
14:24:52.680 (694213507)|VARIABLE_ASSIGNMENT|[4]|this|{}|0x43a1212b
14:24:52.680 (694219905)|VARIABLE_SCOPE_BEGIN|[4]|apextype|java:common.apex.runtime.ApexObjectType|true|false
14:24:52.680 (694264039)|VARIABLE_ASSIGNMENT|[4]|apextype|"Contacts.Constructor"|0x34c0d621
14:24:52.680 (694305914)|HEAP_ALLOCATE|[36]|Bytes:8
14:24:52.680 (694367284)|CONSTRUCTOR_ENTRY|[32]|01pm0000000YfaM|<init>(fflib_Application.SelectorFactory,Map<Schema.SObjectType,System.Type>)|fflib_Application.DomainFactory
14:24:52.680 (694389898)|VARIABLE_SCOPE_BEGIN|[256]|this|fflib_Application.DomainFactory|true|false
14:24:52.680 (694412095)|VARIABLE_ASSIGNMENT|[256]|this|{}|0x76017cc2
14:24:52.680 (694418229)|VARIABLE_SCOPE_BEGIN|[256]|selectorFactory|fflib_Application.SelectorFactory|true|false
14:24:52.680 (694439963)|VARIABLE_ASSIGNMENT|[256]|selectorFactory|{"m_sObjectByMockSelector":"0x17db7b2c","m_sObjectBySelectorType":"0x2a172ff3"}|0x2853a8dd
14:24:52.680 (694447030)|VARIABLE_SCOPE_BEGIN|[256]|sObjectByDomainConstructorType|Map<Schema.SObjectType,System.Type>|true|false
14:24:52.680 (694593081)|HEAP_ALLOCATE|[259]|Bytes:8
14:24:52.680 (694602692)|VARIABLE_SCOPE_BEGIN|[36]|this|System.Type|true|false
14:24:52.680 (694626031)|VARIABLE_ASSIGNMENT|[36]|this|{"aot":"0x34c0d621"}|0x43a1212b
14:24:52.680 (694666103)|VARIABLE_ASSIGNMENT|[256]|sObjectByDomainConstructorType|"{Contact=Contacts.Constructor}"|0x65fabd46
14:24:52.680 (694675657)|STATEMENT_EXECUTE|[239]
14:24:52.680 (694677979)|STATEMENT_EXECUTE|[241]
14:24:52.680 (694680022)|STATEMENT_EXECUTE|[243]
14:24:52.680 (694681812)|STATEMENT_EXECUTE|[245]
14:24:52.680 (694695425)|STATEMENT_EXECUTE|[258]
14:24:52.680 (694697498)|STATEMENT_EXECUTE|[259]
14:24:52.680 (694704350)|VARIABLE_ASSIGNMENT|[259]|this.m_selectorFactory|0x2853a8dd|0x76017cc2
14:24:52.680 (694711166)|STATEMENT_EXECUTE|[260]
14:24:52.680 (694833377)|HEAP_ALLOCATE|[260]|Bytes:8
14:24:52.680 (694842247)|VARIABLE_SCOPE_BEGIN|[36]|this|System.Type|true|false
14:24:52.680 (694864962)|VARIABLE_ASSIGNMENT|[36]|this|{"aot":"0x34c0d621"}|0x43a1212b
14:24:52.680 (694901093)|VARIABLE_ASSIGNMENT|[260]|this.m_sObjectByDomainConstructorType|"{Contact=Contacts.Constructor}"|0x76017cc2
14:24:52.680 (694909160)|STATEMENT_EXECUTE|[261]
14:24:52.680 (695008176)|HEAP_ALLOCATE|[261]|Bytes:4
14:24:52.680 (695043401)|VARIABLE_ASSIGNMENT|[261]|this.m_sObjectByMockDomain|{}|0x76017cc2
14:24:52.680 (695057273)|CONSTRUCTOR_EXIT|[32]|01pm0000000YfaM|<init>(fflib_Application.SelectorFactory,Map<Schema.SObjectType,System.Type>)|fflib_Application.DomainFactory
14:24:52.680 (695091776)|VARIABLE_ASSIGNMENT|[31]|PhoenixCore.Domain|{"m_selectorFactory":"0x2853a8dd","m_sObjectByDomainConstructorType":"0x65fabd46","m_sObjectByMockDomain":"0x29b4a8ce"}|0x76017cc2
14:24:52.680 (695104874)|METHOD_EXIT|[1]|PhoenixCore
14:24:52.680 (695150584)|METHOD_ENTRY|[9]|01pm0000000YfaM|fflib_Application.SelectorFactory.newInstance(Schema.SObjectType)
14:24:52.680 (695169258)|VARIABLE_SCOPE_BEGIN|[166]|this|fflib_Application.SelectorFactory|true|false
14:24:52.680 (695196090)|VARIABLE_ASSIGNMENT|[166]|this|{"m_sObjectByMockSelector":"0x17db7b2c","m_sObjectBySelectorType":"0x2a172ff3"}|0x2853a8dd
14:24:52.680 (695203554)|VARIABLE_SCOPE_BEGIN|[166]|sObjectType|Schema.SObjectType|true|false
14:24:52.680 (695245791)|VARIABLE_ASSIGNMENT|[166]|sObjectType|"common.apex.runtime.impl.ApexSObjectTypeToken@16bb1eba"|0x16bb1eba
14:24:52.680 (695259281)|STATEMENT_EXECUTE|[167]
14:24:52.680 (695310772)|STATEMENT_EXECUTE|[169]
14:24:52.680 (695316550)|STATEMENT_EXECUTE|[173]
14:24:52.680 (695365554)|VARIABLE_SCOPE_BEGIN|[173]|selectorClass|System.Type|true|false
14:24:52.680 (695404941)|VARIABLE_ASSIGNMENT|[173]|selectorClass|{"aot":"0x62bebf9e"}|0x776bf6fa
14:24:52.680 (695413453)|STATEMENT_EXECUTE|[174]
14:24:52.680 (695415360)|STATEMENT_EXECUTE|[178]
14:24:52.680 (695426545)|METHOD_ENTRY|[178]||System.Type.newInstance()
14:24:52.680 (695526304)|HEAP_ALLOCATE|[33]|Bytes:5
14:24:52.680 (695548647)|HEAP_ALLOCATE|[33]|Bytes:156
14:24:52.680 (695560498)|HEAP_ALLOCATE|[33]|Bytes:120
14:24:52.680 (695573711)|METHOD_ENTRY|[30]|01pm0000000Yfay|fflib_SObjectSelector.fflib_SObjectSelector()
14:24:52.680 (695579191)|STATEMENT_EXECUTE|[30]
14:24:52.680 (695583218)|STATEMENT_EXECUTE|[30]
14:24:52.680 (695589171)|HEAP_ALLOCATE|[33]|Bytes:5
14:24:52.680 (695599242)|METHOD_EXIT|[30]|fflib_SObjectSelector
14:24:52.680 (695610793)|CONSTRUCTOR_ENTRY|[EXTERNAL]|01pm0000000Yfay|<init>()|fflib_SObjectSelector
14:24:52.680 (695619082)|VARIABLE_SCOPE_BEGIN|[98]|this|fflib_SObjectSelector|true|false
14:24:52.680 (695650684)|VARIABLE_ASSIGNMENT|[98]|this|{}|0x1e4cfb6e
14:24:52.680 (695664655)|HEAP_ALLOCATE|[100]|Bytes:5
14:24:52.680 (695672542)|STATEMENT_EXECUTE|[100]
14:24:52.680 (695690993)|CONSTRUCTOR_ENTRY|[100]|01pm0000000Yfay|<init>(Boolean)|fflib_SObjectSelector
14:24:52.680 (695700255)|VARIABLE_SCOPE_BEGIN|[108]|this|fflib_SObjectSelector|true|false
14:24:52.680 (695723525)|VARIABLE_ASSIGNMENT|[108]|this|{}|0x1e4cfb6e
14:24:52.680 (695731595)|VARIABLE_SCOPE_BEGIN|[108]|includeFieldSetFields|Boolean|false|false
14:24:52.680 (695741428)|VARIABLE_ASSIGNMENT|[108]|includeFieldSetFields|false
14:24:52.680 (695749995)|HEAP_ALLOCATE|[110]|Bytes:5
14:24:52.680 (695754900)|STATEMENT_EXECUTE|[110]
14:24:52.680 (695767353)|CONSTRUCTOR_ENTRY|[110]|01pm0000000Yfay|<init>(Boolean,Boolean,Boolean)|fflib_SObjectSelector
14:24:52.680 (695775703)|VARIABLE_SCOPE_BEGIN|[118]|this|fflib_SObjectSelector|true|false
14:24:52.680 (695821023)|VARIABLE_ASSIGNMENT|[118]|this|{}|0x1e4cfb6e
14:24:52.680 (695831391)|VARIABLE_SCOPE_BEGIN|[118]|includeFieldSetFields|Boolean|false|false
14:24:52.680 (695843346)|VARIABLE_ASSIGNMENT|[118]|includeFieldSetFields|false
14:24:52.680 (695851133)|VARIABLE_SCOPE_BEGIN|[118]|enforceCRUD|Boolean|false|false
14:24:52.680 (695859607)|VARIABLE_ASSIGNMENT|[118]|enforceCRUD|true
14:24:52.680 (695864616)|VARIABLE_SCOPE_BEGIN|[118]|enforceFLS|Boolean|false|false
14:24:52.680 (695872651)|VARIABLE_ASSIGNMENT|[118]|enforceFLS|false
14:24:52.680 (695882222)|HEAP_ALLOCATE|[120]|Bytes:5
14:24:52.680 (695886881)|STATEMENT_EXECUTE|[120]
14:24:52.680 (695901595)|CONSTRUCTOR_ENTRY|[120]|01pm0000000Yfay|<init>(Boolean,Boolean,Boolean,Boolean)|fflib_SObjectSelector
14:24:52.680 (695909796)|VARIABLE_SCOPE_BEGIN|[131]|this|fflib_SObjectSelector|true|false
14:24:52.680 (695932721)|VARIABLE_ASSIGNMENT|[131]|this|{}|0x1e4cfb6e
14:24:52.680 (695939933)|VARIABLE_SCOPE_BEGIN|[131]|includeFieldSetFields|Boolean|false|false
14:24:52.680 (695947607)|VARIABLE_ASSIGNMENT|[131]|includeFieldSetFields|false
14:24:52.680 (695952444)|VARIABLE_SCOPE_BEGIN|[131]|enforceCRUD|Boolean|false|false
14:24:52.680 (695959561)|VARIABLE_ASSIGNMENT|[131]|enforceCRUD|true
14:24:52.680 (695964594)|VARIABLE_SCOPE_BEGIN|[131]|enforceFLS|Boolean|false|false
14:24:52.680 (695971557)|VARIABLE_ASSIGNMENT|[131]|enforceFLS|false
14:24:52.680 (695976163)|VARIABLE_SCOPE_BEGIN|[131]|sortSelectFields|Boolean|false|false
14:24:52.680 (695983384)|VARIABLE_ASSIGNMENT|[131]|sortSelectFields|true
14:24:52.680 (695991935)|HEAP_ALLOCATE|[133]|Bytes:5
14:24:52.680 (695996141)|STATEMENT_EXECUTE|[30]
14:24:52.680 (695999307)|HEAP_ALLOCATE|[133]|Bytes:5
14:24:52.680 (696002471)|STATEMENT_EXECUTE|[37]
14:24:52.680 (696005136)|STATEMENT_EXECUTE|[50]
14:24:52.680 (696006908)|STATEMENT_EXECUTE|[55]
14:24:52.680 (696008630)|STATEMENT_EXECUTE|[60]
14:24:52.680 (696010323)|STATEMENT_EXECUTE|[65]
14:24:52.680 (696011982)|STATEMENT_EXECUTE|[71]
14:24:52.680 (696013696)|STATEMENT_EXECUTE|[76]
14:24:52.680 (696031206)|STATEMENT_EXECUTE|[132]
14:24:52.680 (696033381)|STATEMENT_EXECUTE|[133]
14:24:52.680 (696037693)|HEAP_ALLOCATE|[133]|Bytes:5
14:24:52.680 (696042404)|STATEMENT_EXECUTE|[134]
14:24:52.680 (696045051)|HEAP_ALLOCATE|[134]|Bytes:5
14:24:52.680 (696048796)|STATEMENT_EXECUTE|[135]
14:24:52.680 (696051360)|HEAP_ALLOCATE|[135]|Bytes:5
14:24:52.680 (696055114)|STATEMENT_EXECUTE|[136]
14:24:52.680 (696057642)|HEAP_ALLOCATE|[136]|Bytes:5
14:24:52.680 (696070517)|CONSTRUCTOR_EXIT|[120]|01pm0000000Yfay|<init>(Boolean,Boolean,Boolean,Boolean)|fflib_SObjectSelector
14:24:52.680 (696078118)|STATEMENT_EXECUTE|[119]
14:24:52.680 (696085953)|CONSTRUCTOR_EXIT|[110]|01pm0000000Yfay|<init>(Boolean,Boolean,Boolean)|fflib_SObjectSelector
14:24:52.680 (696091710)|STATEMENT_EXECUTE|[109]
14:24:52.680 (696097575)|CONSTRUCTOR_EXIT|[100]|01pm0000000Yfay|<init>(Boolean)|fflib_SObjectSelector
14:24:52.680 (696103386)|STATEMENT_EXECUTE|[99]
14:24:52.680 (696108378)|CONSTRUCTOR_EXIT|[EXTERNAL]|01pm0000000Yfay|<init>()|fflib_SObjectSelector
14:24:52.680 (696114503)|STATEMENT_EXECUTE|[5]
14:24:52.680 (696118677)|HEAP_ALLOCATE|[33]|Bytes:5
14:24:52.680 (696136345)|METHOD_EXIT|[178]||System.Type.newInstance()
14:24:52.680 (696150315)|METHOD_EXIT|[9]|01pm0000000YfaM|fflib_Application.SelectorFactory.newInstance(Schema.SObjectType)
14:24:52.680 (696159659)|SYSTEM_MODE_EXIT|false
14:24:52.680 (696168656)|METHOD_EXIT|[11]|01pm0000000YfZj|OrganizationsSelector.newInstance()
14:24:52.680 (696181261)|VARIABLE_SCOPE_BEGIN|[11]|selector|Object|false|false
14:24:52.680 (696218359)|VARIABLE_ASSIGNMENT|[11]|selector|{"m_enforceCRUD":true,"m_enforceFLS":false,"m_includeFieldSetFields":false,"m_sortSelectFields":true}
14:24:52.680 (696224453)|STATEMENT_EXECUTE|[14]
14:24:52.680 (696229316)|HEAP_ALLOCATE|[14]|Bytes:22
14:24:52.698 (698082742)|CUMULATIVE_LIMIT_USAGE
14:24:52.698 (698082742)|LIMIT_USAGE_FOR_NS|(default)|
  Number of SOQL queries: 0 out of 100
  Number of query rows: 0 out of 50000
  Number of SOSL queries: 0 out of 20
  Number of DML statements: 0 out of 150
  Number of DML rows: 0 out of 10000
  Maximum CPU time: 0 out of 10000
  Maximum heap size: 0 out of 6000000
  Number of callouts: 0 out of 100
  Number of Email Invocations: 0 out of 10
  Number of future calls: 0 out of 50
  Number of queueable jobs added to the queue: 0 out of 50
  Number of Mobile Apex push calls: 0 out of 10

14:24:52.698 (698082742)|CUMULATIVE_LIMIT_USAGE_END

14:24:52.680 (698112438)|CODE_UNIT_FINISHED|OrganizationsSelectorTests.givenNewInstanceExpectCorrectSelector()
14:24:52.680 (699602768)|EXECUTION_FINISHED
