44.0 APEX_CODE,FINEST;APEX_PROFILING,INFO;CALLOUT,INFO;DB,INFO;NBA,INFO;SYSTEM,DEBUG;VALIDATION,INFO;VISUALFORCE,INFO;WAVE,INFO;WORKFLOW,INFO
09:20:19.0 (406577)|EXECUTION_STARTED
09:20:19.0 (434281)|CODE_UNIT_STARTED|[EXTERNAL]|VisualForce View State
09:20:19.0 (17506302)|HEAP_ALLOCATE|[72]|Bytes:3
09:20:19.0 (17572975)|HEAP_ALLOCATE|[77]|Bytes:152
09:20:19.0 (17588971)|HEAP_ALLOCATE|[342]|Bytes:408
09:20:19.0 (17605518)|HEAP_ALLOCATE|[355]|Bytes:408
09:20:19.0 (17616591)|HEAP_ALLOCATE|[467]|Bytes:48
09:20:19.0 (17644056)|HEAP_ALLOCATE|[139]|Bytes:6
09:20:19.0 (17668254)|HEAP_ALLOCATE|[50]|Bytes:5
09:20:19.0 (17689284)|HEAP_ALLOCATE|[56]|Bytes:5
09:20:19.0 (17696855)|HEAP_ALLOCATE|[64]|Bytes:7
09:20:19.0 (21566984)|CODE_UNIT_FINISHED|VisualForce View State
09:20:19.0 (22679665)|EXECUTION_FINISHED
09:20:19.24 (24129769)|SYSTEM_MODE_ENTER|true
09:20:19.24 (24178215)|HEAP_ALLOCATE|[EXTERNAL]|Bytes:400
09:20:19.24 (24195439)|HEAP_ALLOCATE|[EXTERNAL]|Bytes:235
09:20:19.77 (77829528)|CUMULATIVE_LIMIT_USAGE
09:20:19.77 (77829528)|LIMIT_USAGE_FOR_NS|(default)|
  Number of SOQL queries: 0 out of 100
  Number of query rows: 0 out of 50000
  Number of SOSL queries: 0 out of 20
  Number of DML statements: 0 out of 150
  Number of DML rows: 0 out of 10000
  Maximum CPU time: 0 out of 10000
  Maximum heap size: 0 out of 6000000
  Number of callouts: 0 out of 100
  Number of Email Invocations: 0 out of 10
  Number of future calls: 0 out of 50
  Number of queueable jobs added to the queue: 0 out of 50
  Number of Mobile Apex push calls: 0 out of 10

09:20:19.77 (77829528)|CUMULATIVE_LIMIT_USAGE_END

