41.0 APEX_CODE,FINEST;APEX_PROFILING,INFO;CALLOUT,INFO;DB,INFO;NBA,INFO;SYSTEM,DEBUG;VALIDATION,INFO;VISUALFORCE,INFO;WAVE,INFO;WORKFLOW,INFO
09:06:07.0 (570384)|USER_INFO|[EXTERNAL]|00536000002yNao|braden.fraley@matsonmoney.com.mbill|Eastern Standard Time|GMT-05:00
09:06:07.0 (611980)|EXECUTION_STARTED
09:06:07.0 (616857)|CODE_UNIT_STARTED|[EXTERNAL]|06636000006g5Bt|VF: /apex/Mass_Email_Event_Registrants
09:06:07.0 (12686181)|SYSTEM_MODE_ENTER|true
09:06:07.0 (13117834)|HEAP_ALLOCATE|[72]|Bytes:3
09:06:07.0 (13169373)|HEAP_ALLOCATE|[77]|Bytes:152
09:06:07.0 (13182000)|HEAP_ALLOCATE|[342]|Bytes:408
09:06:07.0 (13193378)|HEAP_ALLOCATE|[355]|Bytes:408
09:06:07.0 (13204461)|HEAP_ALLOCATE|[467]|Bytes:48
09:06:07.0 (13228502)|HEAP_ALLOCATE|[139]|Bytes:6
09:06:07.0 (13244738)|HEAP_ALLOCATE|[EXTERNAL]|Bytes:12
09:06:07.0 (13267811)|HEAP_ALLOCATE|[EXTERNAL]|Bytes:276
09:06:07.0 (13272853)|HEAP_ALLOCATE|[EXTERNAL]|Bytes:221
09:06:07.0 (13277323)|HEAP_ALLOCATE|[EXTERNAL]|Bytes:3
09:06:07.0 (13288297)|METHOD_ENTRY|[1]|01p3600000JWdh2|EventRegistrationExtController.EventRegistrationExtController()
09:06:07.0 (13297607)|STATEMENT_EXECUTE|[1]
09:06:07.0 (13302605)|STATEMENT_EXECUTE|[1]
09:06:07.0 (13333445)|HEAP_ALLOCATE|[50]|Bytes:5
09:06:07.0 (13355517)|HEAP_ALLOCATE|[56]|Bytes:5
09:06:07.0 (13362872)|HEAP_ALLOCATE|[64]|Bytes:7
09:06:07.0 (13377953)|SYSTEM_MODE_ENTER|false
09:06:07.0 (13390432)|HEAP_ALLOCATE|[EXTERNAL]|Bytes:5
09:06:07.0 (13395931)|STATEMENT_EXECUTE|[427]
09:06:07.0 (13399319)|SYSTEM_MODE_EXIT|false
09:06:07.0 (13406890)|METHOD_EXIT|[1]|EventRegistrationExtController
09:06:07.0 (14905215)|HEAP_ALLOCATE|[EXTERNAL]|Bytes:68
09:06:07.0 (14929656)|VARIABLE_SCOPE_BEGIN|[16]|this|EventRegistrationExtController|true|false
09:06:07.0 (15006861)|VARIABLE_ASSIGNMENT|[16]|this|{}|0x7bcf4ef6
09:06:07.0 (15016399)|VARIABLE_SCOPE_BEGIN|[16]|controller|ApexPages.StandardSetController|true|false
09:06:07.0 (15252142)|VARIABLE_ASSIGNMENT|[16]|controller|"core.apexpages.components.framework.controller.SetOrientedStandardControllerImpl@41207ae6"|0x41207ae6
09:06:07.0 (15269748)|SYSTEM_MODE_ENTER|false
09:06:07.0 (15277901)|HEAP_ALLOCATE|[12]|Bytes:5
09:06:07.0 (15284391)|STATEMENT_EXECUTE|[1]
09:06:07.0 (15288099)|HEAP_ALLOCATE|[12]|Bytes:5
09:06:07.0 (15291250)|STATEMENT_EXECUTE|[3]
09:06:07.0 (15293109)|STATEMENT_EXECUTE|[4]
09:06:07.0 (15294603)|STATEMENT_EXECUTE|[5]
09:06:07.0 (15296062)|STATEMENT_EXECUTE|[6]
09:06:07.0 (15297563)|STATEMENT_EXECUTE|[7]
09:06:07.0 (15299127)|STATEMENT_EXECUTE|[8]
09:06:07.0 (15300753)|STATEMENT_EXECUTE|[9]
09:06:07.0 (15302203)|STATEMENT_EXECUTE|[10]
09:06:07.0 (15303820)|STATEMENT_EXECUTE|[11]
09:06:07.0 (15305886)|STATEMENT_EXECUTE|[12]
09:06:07.0 (15310810)|HEAP_ALLOCATE|[12]|Bytes:5
09:06:07.0 (15324218)|VARIABLE_ASSIGNMENT|[12]|this.displayConfirm|true|0x7bcf4ef6
09:06:07.0 (15330265)|STATEMENT_EXECUTE|[14]
09:06:07.0 (15334172)|HEAP_ALLOCATE|[14]|Bytes:13
09:06:07.0 (15343641)|VARIABLE_ASSIGNMENT|[14]|this.TRANSACTIONAL_EMAIL_TEMPLATE_TYPE|"Transactional"|0x7bcf4ef6
09:06:07.0 (15349293)|STATEMENT_EXECUTE|[92]
09:06:07.0 (15350928)|STATEMENT_EXECUTE|[96]
09:06:07.0 (15352435)|STATEMENT_EXECUTE|[101]
09:06:07.0 (15354234)|STATEMENT_EXECUTE|[150]
09:06:07.0 (15355767)|STATEMENT_EXECUTE|[202]
09:06:07.0 (15365286)|HEAP_ALLOCATE|[14]|Bytes:6
09:06:07.0 (15405874)|STATEMENT_EXECUTE|[16]
09:06:07.0 (15408090)|STATEMENT_EXECUTE|[17]
09:06:07.0 (15489909)|VARIABLE_ASSIGNMENT|[17]|this.setController|"core.apexpages.components.framework.controller.SetOrientedStandardControllerImpl@41207ae6"|0x7bcf4ef6
09:06:07.0 (15530573)|HEAP_ALLOCATE|[18]|Bytes:70
09:06:07.0 (15540921)|SYSTEM_METHOD_ENTRY|[1]|Test.Test()
09:06:07.0 (15546079)|STATEMENT_EXECUTE|[1]
09:06:07.0 (15550909)|SYSTEM_METHOD_EXIT|[1]|Test
09:06:07.0 (15563838)|METHOD_ENTRY|[18]||System.Test.isRunningTest()
09:06:07.0 (15602301)|METHOD_EXIT|[18]||System.Test.isRunningTest()
09:06:07.0 (15611162)|STATEMENT_EXECUTE|[18]
09:06:07.0 (15640432)|HEAP_ALLOCATE|[18]|Bytes:4
09:06:07.0 (15658916)|HEAP_ALLOCATE|[18]|Bytes:10
09:06:07.0 (15670063)|HEAP_ALLOCATE|[18]|Bytes:50
09:06:07.0 (15674179)|HEAP_ALLOCATE|[18]|Bytes:26
09:06:07.0 (15678301)|HEAP_ALLOCATE|[19]|Bytes:8
09:06:07.0 (15682568)|HEAP_ALLOCATE|[19]|Bytes:17
09:06:07.0 (15686516)|HEAP_ALLOCATE|[19]|Bytes:20
09:06:07.0 (15690555)|HEAP_ALLOCATE|[19]|Bytes:19
09:06:07.0 (15694408)|HEAP_ALLOCATE|[19]|Bytes:16
09:06:07.0 (15864693)|HEAP_ALLOCATE|[EXTERNAL]|Bytes:36
09:06:07.0 (19568320)|STATEMENT_EXECUTE|[21]
09:06:07.0 (56803272)|SYSTEM_MODE_EXIT|false
09:06:07.0 (56946649)|SYSTEM_MODE_ENTER|true
09:06:07.0 (57029129)|HEAP_ALLOCATE|[EXTERNAL]|Bytes:68
09:06:07.0 (57048929)|VARIABLE_SCOPE_BEGIN|[105]|this|EventRegistrationExtController|true|false
09:06:07.0 (57308267)|VARIABLE_ASSIGNMENT|[105]|this|{"displayConfirm":true,"setController":"core.apexpages.components.framework.controller.SetOrientedStandardControllerImpl@41207ae6","TRANSACTIONAL_EMAIL_TEMPLATE_TYPE":"Transactional"}|0x7bcf4ef6
09:06:07.0 (57337389)|SYSTEM_MODE_ENTER|false
09:06:07.0 (57348134)|HEAP_ALLOCATE|[106]|Bytes:5
09:06:07.0 (57360440)|STATEMENT_EXECUTE|[105]
09:06:07.0 (57363531)|STATEMENT_EXECUTE|[106]
09:06:07.0 (57372457)|SYSTEM_MODE_EXIT|false
09:06:07.0 (57668764)|SYSTEM_MODE_ENTER|true
09:06:07.0 (57725573)|HEAP_ALLOCATE|[EXTERNAL]|Bytes:68
09:06:07.0 (57738562)|VARIABLE_SCOPE_BEGIN|[128]|this|EventRegistrationExtController|true|false
09:06:07.0 (57913199)|VARIABLE_ASSIGNMENT|[128]|this|{"displayConfirm":true,"setController":"core.apexpages.components.framework.controller.SetOrientedStandardControllerImpl@41207ae6","TRANSACTIONAL_EMAIL_TEMPLATE_TYPE":"Transactional"}|0x7bcf4ef6
09:06:07.0 (57933886)|SYSTEM_MODE_ENTER|false
09:06:07.0 (57943209)|HEAP_ALLOCATE|[129]|Bytes:5
09:06:07.0 (57950441)|STATEMENT_EXECUTE|[128]
09:06:07.0 (57953109)|STATEMENT_EXECUTE|[129]
09:06:07.0 (57959395)|SYSTEM_MODE_EXIT|false
09:06:07.0 (58088483)|SYSTEM_MODE_ENTER|true
09:06:07.0 (58132817)|HEAP_ALLOCATE|[EXTERNAL]|Bytes:68
09:06:07.0 (58142423)|VARIABLE_SCOPE_BEGIN|[141]|this|EventRegistrationExtController|true|false
09:06:07.0 (58308855)|VARIABLE_ASSIGNMENT|[141]|this|{"displayConfirm":true,"setController":"core.apexpages.components.framework.controller.SetOrientedStandardControllerImpl@41207ae6","TRANSACTIONAL_EMAIL_TEMPLATE_TYPE":"Transactional"}|0x7bcf4ef6
09:06:07.0 (58327823)|SYSTEM_MODE_ENTER|false
09:06:07.0 (58336346)|HEAP_ALLOCATE|[143]|Bytes:5
09:06:07.0 (58343551)|STATEMENT_EXECUTE|[141]
09:06:07.0 (58346026)|STATEMENT_EXECUTE|[143]
09:06:07.0 (58351586)|SYSTEM_MODE_EXIT|false
09:06:07.0 (58540897)|SYSTEM_MODE_ENTER|true
09:06:07.0 (64802183)|SYSTEM_MODE_ENTER|true
09:06:07.0 (64853298)|HEAP_ALLOCATE|[EXTERNAL]|Bytes:68
09:06:07.0 (64864657)|VARIABLE_SCOPE_BEGIN|[76]|this|EventRegistrationExtController|true|false
09:06:07.0 (65014421)|VARIABLE_ASSIGNMENT|[76]|this|{"displayConfirm":true,"setController":"core.apexpages.components.framework.controller.SetOrientedStandardControllerImpl@41207ae6","TRANSACTIONAL_EMAIL_TEMPLATE_TYPE":"Transactional"}|0x7bcf4ef6
09:06:07.0 (65032441)|SYSTEM_MODE_ENTER|false
09:06:07.0 (65040599)|HEAP_ALLOCATE|[78]|Bytes:5
09:06:07.0 (65047550)|STATEMENT_EXECUTE|[76]
09:06:07.0 (65049883)|STATEMENT_EXECUTE|[78]
09:06:07.0 (65063131)|HEAP_ALLOCATE|[78]|Bytes:4
09:06:07.0 (65103413)|VARIABLE_SCOPE_BEGIN|[78]|options|List<System.SelectOption>|true|false
09:06:07.0 (65133861)|HEAP_ALLOCATE|[EXTERNAL]|Bytes:4
09:06:07.0 (65146001)|VARIABLE_ASSIGNMENT|[78]|options|[]|0x62b1cc8a
09:06:07.0 (65151931)|STATEMENT_EXECUTE|[80]
09:06:07.0 (65162549)|HEAP_ALLOCATE|[80]|Bytes:36
09:06:07.0 (65228815)|HEAP_ALLOCATE|[EXTERNAL]|Bytes:4
09:06:07.0 (65249269)|METHOD_ENTRY|[82]|01p3600000JWdh2|EventRegistrationExtController.orgWideEmailAddressSelector()
09:06:07.0 (67554575)|HEAP_ALLOCATE|[300]|Bytes:5
09:06:07.0 (67565207)|STATEMENT_EXECUTE|[299]
09:06:07.0 (67567532)|STATEMENT_EXECUTE|[300]
09:06:07.0 (70261248)|VARIABLE_SCOPE_BEGIN|[32]|Application.Domain|fflib_Application.DomainFactory|true|true
09:06:07.0 (70650382)|VARIABLE_SCOPE_BEGIN|[15]|Application.Selector|fflib_Application.SelectorFactory|true|true
09:06:07.0 (70834578)|VARIABLE_SCOPE_BEGIN|[4]|Application.Service|fflib_Application.ServiceFactory|true|true
09:06:07.0 (70982505)|VARIABLE_SCOPE_BEGIN|[45]|Application.UnitOfWork|fflib_Application.UnitOfWorkFactory|true|true
09:06:07.0 (71011438)|METHOD_ENTRY|[1]|01p3600000JWdgp|Application.Application()
09:06:07.0 (71019551)|STATEMENT_EXECUTE|[1]
09:06:07.0 (71024719)|STATEMENT_EXECUTE|[1]
09:06:07.0 (71027703)|STATEMENT_EXECUTE|[4]
09:06:07.0 (71032747)|HEAP_ALLOCATE|[5]|Bytes:11
09:06:07.0 (71114479)|HEAP_ALLOCATE|[5]|Bytes:12
09:06:07.0 (71128200)|HEAP_ALLOCATE|[6]|Bytes:4
09:06:07.0 (71154304)|HEAP_ALLOCATE|[7]|Bytes:21
09:06:07.0 (72144664)|HEAP_ALLOCATE|[7]|Bytes:27
09:06:07.0 (72172418)|SYSTEM_METHOD_ENTRY|[1]|Type.Type()
09:06:07.0 (72177597)|STATEMENT_EXECUTE|[1]
09:06:07.0 (72186224)|SYSTEM_METHOD_EXIT|[1]|Type
09:06:07.0 (72194137)|HEAP_ALLOCATE|[7]|Bytes:8
09:06:07.0 (72213976)|HEAP_ALLOCATE|[7]|Bytes:8
09:06:07.0 (72220138)|VARIABLE_SCOPE_BEGIN|[4]|this|System.Type|true|false
09:06:07.0 (72263011)|VARIABLE_ASSIGNMENT|[4]|this|{}|0x4a69ee5a
09:06:07.0 (72270430)|VARIABLE_SCOPE_BEGIN|[4]|apextype|java:common.apex.runtime.ApexObjectType|true|false
09:06:07.0 (72365839)|VARIABLE_ASSIGNMENT|[4]|apextype|"IEmailTemplateService"|0x3af9dbdf
09:06:07.0 (72408552)|HEAP_ALLOCATE|[7]|Bytes:8
09:06:07.0 (72415928)|HEAP_ALLOCATE|[7]|Bytes:20
09:06:07.0 (74826585)|HEAP_ALLOCATE|[7]|Bytes:8
09:06:07.0 (74838985)|HEAP_ALLOCATE|[7]|Bytes:8
09:06:07.0 (74843603)|VARIABLE_SCOPE_BEGIN|[4]|this|System.Type|true|false
09:06:07.0 (74863226)|VARIABLE_ASSIGNMENT|[4]|this|{}|0x1c4f304b
09:06:07.0 (74869917)|VARIABLE_SCOPE_BEGIN|[4]|apextype|java:common.apex.runtime.ApexObjectType|true|false
09:06:07.0 (74952291)|VARIABLE_ASSIGNMENT|[4]|apextype|"EmailTemplateService"|0x19d116a6
09:06:07.0 (74983998)|HEAP_ALLOCATE|[7]|Bytes:8
09:06:07.0 (75049389)|VARIABLE_ASSIGNMENT|[EXTERNAL]|this|{"aot":"0x3af9dbdf"}|0x4a69ee5a
09:06:07.0 (75170793)|HEAP_ALLOCATE|[8]|Bytes:17
09:06:07.0 (76134987)|HEAP_ALLOCATE|[8]|Bytes:8
09:06:07.0 (76146972)|HEAP_ALLOCATE|[8]|Bytes:8
09:06:07.0 (76151741)|VARIABLE_SCOPE_BEGIN|[4]|this|System.Type|true|false
09:06:07.0 (76171239)|VARIABLE_ASSIGNMENT|[4]|this|{}|0x6d0e6f2e
09:06:07.0 (76177540)|VARIABLE_SCOPE_BEGIN|[4]|apextype|java:common.apex.runtime.ApexObjectType|true|false
09:06:07.0 (76259043)|VARIABLE_ASSIGNMENT|[4]|apextype|"IMassEmailService"|0x107a7aee
09:06:07.0 (76290341)|HEAP_ALLOCATE|[8]|Bytes:8
09:06:07.0 (76297816)|HEAP_ALLOCATE|[8]|Bytes:16
09:06:07.0 (77980545)|HEAP_ALLOCATE|[8]|Bytes:8
09:06:07.0 (77992431)|HEAP_ALLOCATE|[8]|Bytes:8
09:06:07.0 (77997244)|VARIABLE_SCOPE_BEGIN|[4]|this|System.Type|true|false
09:06:07.0 (78016976)|VARIABLE_ASSIGNMENT|[4]|this|{}|0x30421c37
09:06:07.0 (78023769)|VARIABLE_SCOPE_BEGIN|[4]|apextype|java:common.apex.runtime.ApexObjectType|true|false
09:06:07.0 (78106943)|VARIABLE_ASSIGNMENT|[4]|apextype|"MassEmailService"|0x2eab620e
09:06:07.0 (78138378)|HEAP_ALLOCATE|[8]|Bytes:8
09:06:07.0 (78166967)|VARIABLE_ASSIGNMENT|[EXTERNAL]|this|{"aot":"0x107a7aee"}|0x6d0e6f2e
09:06:07.0 (78248390)|HEAP_ALLOCATE|[9]|Bytes:13
09:06:07.0 (79557160)|HEAP_ALLOCATE|[9]|Bytes:8
09:06:07.0 (79572493)|HEAP_ALLOCATE|[9]|Bytes:8
09:06:07.0 (79580128)|VARIABLE_SCOPE_BEGIN|[4]|this|System.Type|true|false
09:06:07.0 (79606457)|VARIABLE_ASSIGNMENT|[4]|this|{}|0x16c7823c
09:06:07.0 (79615699)|VARIABLE_SCOPE_BEGIN|[4]|apextype|java:common.apex.runtime.ApexObjectType|true|false
09:06:07.0 (79740625)|VARIABLE_ASSIGNMENT|[4]|apextype|"IEmailService"|0x36c49777
09:06:07.0 (79785145)|HEAP_ALLOCATE|[9]|Bytes:8
09:06:07.0 (79796347)|HEAP_ALLOCATE|[9]|Bytes:12
09:06:07.0 (81726827)|HEAP_ALLOCATE|[9]|Bytes:8
09:06:07.0 (81742668)|HEAP_ALLOCATE|[9]|Bytes:8
09:06:07.0 (81750520)|VARIABLE_SCOPE_BEGIN|[4]|this|System.Type|true|false
09:06:07.0 (81777554)|VARIABLE_ASSIGNMENT|[4]|this|{}|0xd4cd5
09:06:07.0 (81787217)|VARIABLE_SCOPE_BEGIN|[4]|apextype|java:common.apex.runtime.ApexObjectType|true|false
09:06:07.0 (81910492)|VARIABLE_ASSIGNMENT|[4]|apextype|"EmailService"|0x2a71f88a
09:06:07.0 (81955208)|HEAP_ALLOCATE|[9]|Bytes:8
09:06:07.0 (81989406)|VARIABLE_ASSIGNMENT|[EXTERNAL]|this|{"aot":"0x36c49777"}|0x16c7823c
09:06:07.0 (82054577)|HEAP_ALLOCATE|[10]|Bytes:21
09:06:07.0 (83363666)|HEAP_ALLOCATE|[10]|Bytes:8
09:06:07.0 (83378766)|HEAP_ALLOCATE|[10]|Bytes:8
09:06:07.0 (83386442)|VARIABLE_SCOPE_BEGIN|[4]|this|System.Type|true|false
09:06:07.0 (83412074)|VARIABLE_ASSIGNMENT|[4]|this|{}|0x2ac1c58c
09:06:07.0 (83421193)|VARIABLE_SCOPE_BEGIN|[4]|apextype|java:common.apex.runtime.ApexObjectType|true|false
09:06:07.0 (83541303)|VARIABLE_ASSIGNMENT|[4]|apextype|"IDataCleansingService"|0x40c05fe5
09:06:07.0 (83585252)|HEAP_ALLOCATE|[10]|Bytes:8
09:06:07.0 (83596795)|HEAP_ALLOCATE|[10]|Bytes:17
09:06:07.0 (85179240)|HEAP_ALLOCATE|[10]|Bytes:8
09:06:07.0 (85194458)|HEAP_ALLOCATE|[10]|Bytes:8
09:06:07.0 (85203204)|VARIABLE_SCOPE_BEGIN|[4]|this|System.Type|true|false
09:06:07.0 (85229612)|VARIABLE_ASSIGNMENT|[4]|this|{}|0x38fdebb4
09:06:07.0 (85239617)|VARIABLE_SCOPE_BEGIN|[4]|apextype|java:common.apex.runtime.ApexObjectType|true|false
09:06:07.0 (85363949)|VARIABLE_ASSIGNMENT|[4]|apextype|"CleanseDataWorker"|0x1cb4b482
09:06:07.0 (85407652)|HEAP_ALLOCATE|[10]|Bytes:8
09:06:07.0 (85437847)|VARIABLE_ASSIGNMENT|[EXTERNAL]|this|{"aot":"0x40c05fe5"}|0x2ac1c58c
09:06:07.0 (85504040)|HEAP_ALLOCATE|[11]|Bytes:21
09:06:07.0 (86761582)|HEAP_ALLOCATE|[11]|Bytes:8
09:06:07.0 (86776108)|HEAP_ALLOCATE|[11]|Bytes:8
09:06:07.0 (86783979)|VARIABLE_SCOPE_BEGIN|[4]|this|System.Type|true|false
09:06:07.0 (86806609)|VARIABLE_ASSIGNMENT|[4]|this|{}|0x39a8c032
09:06:07.0 (86816635)|VARIABLE_SCOPE_BEGIN|[4]|apextype|java:common.apex.runtime.ApexObjectType|true|false
09:06:07.0 (86937712)|VARIABLE_ASSIGNMENT|[4]|apextype|"IPlatformEventService"|0x6e5f3cf8
09:06:07.0 (86981501)|HEAP_ALLOCATE|[11]|Bytes:8
09:06:07.0 (86992973)|HEAP_ALLOCATE|[11]|Bytes:20
09:06:07.0 (88381982)|HEAP_ALLOCATE|[11]|Bytes:8
09:06:07.0 (88397253)|HEAP_ALLOCATE|[11]|Bytes:8
09:06:07.0 (88405237)|VARIABLE_SCOPE_BEGIN|[4]|this|System.Type|true|false
09:06:07.0 (88431977)|VARIABLE_ASSIGNMENT|[4]|this|{}|0x46d2e5a2
09:06:07.0 (88441807)|VARIABLE_SCOPE_BEGIN|[4]|apextype|java:common.apex.runtime.ApexObjectType|true|false
09:06:07.0 (88558250)|VARIABLE_ASSIGNMENT|[4]|apextype|"PlatformEventService"|0x3984041a
09:06:07.0 (88598237)|HEAP_ALLOCATE|[11]|Bytes:8
09:06:07.0 (88633295)|VARIABLE_ASSIGNMENT|[EXTERNAL]|this|{"aot":"0x6e5f3cf8"}|0x39a8c032
09:06:07.0 (88735991)|HEAP_ALLOCATE|[12]|Bytes:22
09:06:07.0 (89967995)|HEAP_ALLOCATE|[12]|Bytes:8
09:06:07.0 (89982128)|HEAP_ALLOCATE|[12]|Bytes:8
09:06:07.0 (89988101)|VARIABLE_SCOPE_BEGIN|[4]|this|System.Type|true|false
09:06:07.0 (90009881)|VARIABLE_ASSIGNMENT|[4]|this|{}|0x4d9621c3
09:06:07.0 (90017243)|VARIABLE_SCOPE_BEGIN|[4]|apextype|java:common.apex.runtime.ApexObjectType|true|false
09:06:07.0 (90112495)|VARIABLE_ASSIGNMENT|[4]|apextype|"ISettingsHelperService"|0x1c383226
09:06:07.0 (90147760)|HEAP_ALLOCATE|[12]|Bytes:8
09:06:07.0 (90156047)|HEAP_ALLOCATE|[12]|Bytes:17
09:06:07.0 (91707229)|HEAP_ALLOCATE|[12]|Bytes:8
09:06:07.0 (91719632)|HEAP_ALLOCATE|[12]|Bytes:8
09:06:07.0 (91724603)|VARIABLE_SCOPE_BEGIN|[4]|this|System.Type|true|false
09:06:07.0 (91750387)|VARIABLE_ASSIGNMENT|[4]|this|{}|0x71e364c6
09:06:07.0 (91756559)|VARIABLE_SCOPE_BEGIN|[4]|apextype|java:common.apex.runtime.ApexObjectType|true|false
09:06:07.0 (91839980)|VARIABLE_ASSIGNMENT|[4]|apextype|"mm_SettingsHelper"|0xd07db00
09:06:07.0 (91871753)|HEAP_ALLOCATE|[12]|Bytes:8
09:06:07.0 (91901972)|VARIABLE_ASSIGNMENT|[EXTERNAL]|this|{"aot":"0x1c383226"}|0x4d9621c3
09:06:07.0 (91992617)|CONSTRUCTOR_ENTRY|[5]|01pm0000000YfaM|<init>(Map<System.Type,System.Type>)|fflib_Application.ServiceFactory
09:06:07.0 (92029845)|VARIABLE_SCOPE_BEGIN|[105]|this|fflib_Application.ServiceFactory|true|false
09:06:07.0 (92053231)|VARIABLE_ASSIGNMENT|[105]|this|{}|0x7f525cdc
09:06:07.0 (92060708)|VARIABLE_SCOPE_BEGIN|[105]|serviceInterfaceTypeByServiceImplType|Map<System.Type,System.Type>|true|false
09:06:07.0 (92087561)|VARIABLE_ASSIGNMENT|[105]|serviceInterfaceTypeByServiceImplType|"Map of size 6 too large to display"|0x157dc2a4
09:06:07.0 (92097226)|STATEMENT_EXECUTE|[91]
09:06:07.0 (92100342)|STATEMENT_EXECUTE|[93]
09:06:07.0 (92102499)|STATEMENT_EXECUTE|[95]
09:06:07.0 (92114018)|STATEMENT_EXECUTE|[106]
09:06:07.0 (92116090)|STATEMENT_EXECUTE|[107]
09:06:07.0 (92128107)|VARIABLE_ASSIGNMENT|[107]|this.m_serviceInterfaceTypeByServiceImplType|"Map of size 6 too large to display"|0x7f525cdc
09:06:07.0 (92134950)|STATEMENT_EXECUTE|[108]
09:06:07.0 (92149933)|HEAP_ALLOCATE|[108]|Bytes:4
09:06:07.0 (92178246)|VARIABLE_ASSIGNMENT|[108]|this.m_serviceInterfaceTypeByMockService|{}|0x7f525cdc
09:06:07.0 (92188692)|CONSTRUCTOR_EXIT|[5]|01pm0000000YfaM|<init>(Map<System.Type,System.Type>)|fflib_Application.ServiceFactory
09:06:07.0 (92220627)|VARIABLE_ASSIGNMENT|[4]|Application.Service|{"m_serviceInterfaceTypeByMockService":"0x2611d4d0","m_serviceInterfaceTypeByServiceImplType":"0x157dc2a4"}|0x7f525cdc
09:06:07.0 (92228383)|STATEMENT_EXECUTE|[15]
09:06:07.0 (92234390)|HEAP_ALLOCATE|[16]|Bytes:19
09:06:07.0 (92291297)|HEAP_ALLOCATE|[16]|Bytes:12
09:06:07.0 (92303226)|HEAP_ALLOCATE|[17]|Bytes:4
09:06:07.0 (92318844)|HEAP_ALLOCATE|[18]|Bytes:19
09:06:07.0 (92375159)|HEAP_ALLOCATE|[18]|Bytes:29
09:06:07.0 (93630931)|HEAP_ALLOCATE|[18]|Bytes:8
09:06:07.0 (93643421)|HEAP_ALLOCATE|[18]|Bytes:8
09:06:07.0 (93648519)|VARIABLE_SCOPE_BEGIN|[4]|this|System.Type|true|false
09:06:07.0 (93668806)|VARIABLE_ASSIGNMENT|[4]|this|{}|0xfc6b03
09:06:07.0 (93675690)|VARIABLE_SCOPE_BEGIN|[4]|apextype|java:common.apex.runtime.ApexObjectType|true|false
09:06:07.0 (93765066)|VARIABLE_ASSIGNMENT|[4]|apextype|"OrgWideEmailAddressesSelector"|0x7beff15a
09:06:07.0 (93796904)|HEAP_ALLOCATE|[18]|Bytes:8
09:06:07.0 (93853370)|HEAP_ALLOCATE|[19]|Bytes:13
09:06:07.0 (93899030)|HEAP_ALLOCATE|[19]|Bytes:22
09:06:07.0 (95225032)|HEAP_ALLOCATE|[19]|Bytes:8
09:06:07.0 (95236970)|HEAP_ALLOCATE|[19]|Bytes:8
09:06:07.0 (95242332)|VARIABLE_SCOPE_BEGIN|[4]|this|System.Type|true|false
09:06:07.0 (95262689)|VARIABLE_ASSIGNMENT|[4]|this|{}|0x72439daf
09:06:07.0 (95268820)|VARIABLE_SCOPE_BEGIN|[4]|apextype|java:common.apex.runtime.ApexObjectType|true|false
09:06:07.0 (95351860)|VARIABLE_ASSIGNMENT|[4]|apextype|"EmailTemplatesSelector"|0x210d0b51
09:06:07.0 (95383853)|HEAP_ALLOCATE|[19]|Bytes:8
09:06:07.0 (95433532)|HEAP_ALLOCATE|[20]|Bytes:20
09:06:07.0 (96750075)|HEAP_ALLOCATE|[20]|Bytes:8
09:06:07.0 (96762613)|HEAP_ALLOCATE|[20]|Bytes:8
09:06:07.0 (96767793)|VARIABLE_SCOPE_BEGIN|[4]|this|System.Type|true|false
09:06:07.0 (96787693)|VARIABLE_ASSIGNMENT|[4]|this|{}|0x127914dc
09:06:07.0 (96794099)|VARIABLE_SCOPE_BEGIN|[4]|apextype|java:common.apex.runtime.ApexObjectType|true|false
09:06:07.0 (96876197)|VARIABLE_ASSIGNMENT|[4]|apextype|"MatsonEventsSelector"|0x5b67d241
09:06:07.0 (96908612)|HEAP_ALLOCATE|[20]|Bytes:8
09:06:07.0 (96931256)|HEAP_ALLOCATE|[21]|Bytes:21
09:06:07.0 (96958674)|HEAP_ALLOCATE|[21]|Bytes:32
09:06:07.0 (98319457)|HEAP_ALLOCATE|[21]|Bytes:8
09:06:07.0 (98331566)|HEAP_ALLOCATE|[21]|Bytes:8
09:06:07.0 (98337051)|VARIABLE_SCOPE_BEGIN|[4]|this|System.Type|true|false
09:06:07.0 (98356410)|VARIABLE_ASSIGNMENT|[4]|this|{}|0x524ce3dd
09:06:07.0 (98362856)|VARIABLE_SCOPE_BEGIN|[4]|apextype|java:common.apex.runtime.ApexObjectType|true|false
09:06:07.0 (98447508)|VARIABLE_ASSIGNMENT|[4]|apextype|"MatsonEventRegistrationsSelector"|0x3d4165e7
09:06:07.0 (98479537)|HEAP_ALLOCATE|[21]|Bytes:8
09:06:07.0 (98501541)|HEAP_ALLOCATE|[22]|Bytes:10
09:06:07.0 (98533246)|HEAP_ALLOCATE|[22]|Bytes:16
09:06:07.0 (99798743)|HEAP_ALLOCATE|[22]|Bytes:8
09:06:07.0 (99810624)|HEAP_ALLOCATE|[22]|Bytes:8
09:06:07.0 (99815646)|VARIABLE_SCOPE_BEGIN|[4]|this|System.Type|true|false
09:06:07.0 (99835065)|VARIABLE_ASSIGNMENT|[4]|this|{}|0x4dbc0259
09:06:07.0 (99841689)|VARIABLE_SCOPE_BEGIN|[4]|apextype|java:common.apex.runtime.ApexObjectType|true|false
09:06:07.0 (99924807)|VARIABLE_ASSIGNMENT|[4]|apextype|"AdvisersSelector"|0xc954d3d
09:06:07.0 (99955623)|HEAP_ALLOCATE|[22]|Bytes:8
09:06:07.0 (99977198)|HEAP_ALLOCATE|[23]|Bytes:13
09:06:07.0 (100025555)|HEAP_ALLOCATE|[23]|Bytes:17
09:06:07.0 (101207323)|HEAP_ALLOCATE|[23]|Bytes:8
09:06:07.0 (101218767)|HEAP_ALLOCATE|[23]|Bytes:8
09:06:07.0 (101223895)|VARIABLE_SCOPE_BEGIN|[4]|this|System.Type|true|false
09:06:07.0 (101243367)|VARIABLE_ASSIGNMENT|[4]|this|{}|0x824f844
09:06:07.0 (101250321)|VARIABLE_SCOPE_BEGIN|[4]|apextype|java:common.apex.runtime.ApexObjectType|true|false
09:06:07.0 (101333310)|VARIABLE_ASSIGNMENT|[4]|apextype|"EventDaysSelector"|0x691a2bdd
09:06:07.0 (101364927)|HEAP_ALLOCATE|[23]|Bytes:8
09:06:07.0 (101386768)|HEAP_ALLOCATE|[24]|Bytes:22
09:06:07.0 (101419747)|HEAP_ALLOCATE|[24]|Bytes:27
09:06:07.0 (102627173)|HEAP_ALLOCATE|[24]|Bytes:8
09:06:07.0 (102639053)|HEAP_ALLOCATE|[24]|Bytes:8
09:06:07.0 (102644194)|VARIABLE_SCOPE_BEGIN|[4]|this|System.Type|true|false
09:06:07.0 (102663209)|VARIABLE_ASSIGNMENT|[4]|this|{}|0x483daaec
09:06:07.0 (102669808)|VARIABLE_SCOPE_BEGIN|[4]|apextype|java:common.apex.runtime.ApexObjectType|true|false
09:06:07.0 (102762361)|VARIABLE_ASSIGNMENT|[4]|apextype|"FulfillmentRequestsSelector"|0x23fa33fe
09:06:07.0 (102794819)|HEAP_ALLOCATE|[24]|Bytes:8
09:06:07.0 (102817156)|HEAP_ALLOCATE|[25]|Bytes:4
09:06:07.0 (102845360)|HEAP_ALLOCATE|[25]|Bytes:12
09:06:07.0 (103950732)|HEAP_ALLOCATE|[25]|Bytes:8
09:06:07.0 (103963297)|HEAP_ALLOCATE|[25]|Bytes:8
09:06:07.0 (103968439)|VARIABLE_SCOPE_BEGIN|[4]|this|System.Type|true|false
09:06:07.0 (103994255)|VARIABLE_ASSIGNMENT|[4]|this|{}|0x60b13733
09:06:07.0 (104006237)|VARIABLE_SCOPE_BEGIN|[4]|apextype|java:common.apex.runtime.ApexObjectType|true|false
09:06:07.0 (104119095)|VARIABLE_ASSIGNMENT|[4]|apextype|"UserSelector"|0x12a68d18
09:06:07.0 (104153365)|HEAP_ALLOCATE|[25]|Bytes:8
09:06:07.0 (104175944)|HEAP_ALLOCATE|[26]|Bytes:6
09:06:07.0 (104207916)|HEAP_ALLOCATE|[26]|Bytes:14
09:06:07.0 (105390994)|HEAP_ALLOCATE|[26]|Bytes:8
09:06:07.0 (105402974)|HEAP_ALLOCATE|[26]|Bytes:8
09:06:07.0 (105408011)|VARIABLE_SCOPE_BEGIN|[4]|this|System.Type|true|false
09:06:07.0 (105427794)|VARIABLE_ASSIGNMENT|[4]|this|{}|0x3ff463de
09:06:07.0 (105434458)|VARIABLE_SCOPE_BEGIN|[4]|apextype|java:common.apex.runtime.ApexObjectType|true|false
09:06:07.0 (105516143)|VARIABLE_ASSIGNMENT|[4]|apextype|"FolderSelector"|0x199cf775
09:06:07.0 (105548491)|HEAP_ALLOCATE|[26]|Bytes:8
09:06:07.0 (105571038)|HEAP_ALLOCATE|[27]|Bytes:27
09:06:07.0 (105601612)|HEAP_ALLOCATE|[27]|Bytes:32
09:06:07.0 (106936855)|HEAP_ALLOCATE|[27]|Bytes:8
09:06:07.0 (106948786)|HEAP_ALLOCATE|[27]|Bytes:8
09:06:07.0 (106955629)|VARIABLE_SCOPE_BEGIN|[4]|this|System.Type|true|false
09:06:07.0 (106976804)|VARIABLE_ASSIGNMENT|[4]|this|{}|0x58a690b4
09:06:07.0 (106982888)|VARIABLE_SCOPE_BEGIN|[4]|apextype|java:common.apex.runtime.ApexObjectType|true|false
09:06:07.0 (107067028)|VARIABLE_ASSIGNMENT|[4]|apextype|"EmailTemplateLookupTableSelector"|0x1fdf984c
09:06:07.0 (107099882)|HEAP_ALLOCATE|[27]|Bytes:8
09:06:07.0 (107122153)|HEAP_ALLOCATE|[28]|Bytes:21
09:06:07.0 (107160671)|HEAP_ALLOCATE|[28]|Bytes:27
09:06:07.0 (108400732)|HEAP_ALLOCATE|[28]|Bytes:8
09:06:07.0 (108413091)|HEAP_ALLOCATE|[28]|Bytes:8
09:06:07.0 (108418925)|VARIABLE_SCOPE_BEGIN|[4]|this|System.Type|true|false
09:06:07.0 (108439145)|VARIABLE_ASSIGNMENT|[4]|this|{}|0x3f4775ba
09:06:07.0 (108445938)|VARIABLE_SCOPE_BEGIN|[4]|apextype|java:common.apex.runtime.ApexObjectType|true|false
09:06:07.0 (108529438)|VARIABLE_ASSIGNMENT|[4]|apextype|"EventEventQuestionsSelector"|0x45dfea28
09:06:07.0 (108561631)|HEAP_ALLOCATE|[28]|Bytes:8
09:06:07.0 (108583969)|HEAP_ALLOCATE|[29]|Bytes:7
09:06:07.0 (108609540)|HEAP_ALLOCATE|[29]|Bytes:16
09:06:07.0 (110072237)|HEAP_ALLOCATE|[29]|Bytes:8
09:06:07.0 (110087593)|HEAP_ALLOCATE|[29]|Bytes:8
09:06:07.0 (110093508)|VARIABLE_SCOPE_BEGIN|[4]|this|System.Type|true|false
09:06:07.0 (110114258)|VARIABLE_ASSIGNMENT|[4]|this|{}|0x51a85cf7
09:06:07.0 (110121334)|VARIABLE_SCOPE_BEGIN|[4]|apextype|java:common.apex.runtime.ApexObjectType|true|false
09:06:07.0 (110228062)|VARIABLE_ASSIGNMENT|[4]|apextype|"ContactsSelector"|0x554619dd
09:06:07.0 (110278566)|HEAP_ALLOCATE|[29]|Bytes:8
09:06:07.0 (110333034)|CONSTRUCTOR_ENTRY|[16]|01pm0000000YfaM|<init>(Map<Schema.SObjectType,System.Type>)|fflib_Application.SelectorFactory
09:06:07.0 (110382769)|VARIABLE_SCOPE_BEGIN|[154]|this|fflib_Application.SelectorFactory|true|false
09:06:07.0 (110414061)|VARIABLE_ASSIGNMENT|[154]|this|{}|0x524d86ec
09:06:07.0 (110421622)|VARIABLE_SCOPE_BEGIN|[154]|sObjectBySelectorType|Map<Schema.SObjectType,System.Type>|true|false
09:06:07.0 (110449015)|VARIABLE_ASSIGNMENT|[154]|sObjectBySelectorType|"Map of size 12 too large to display"|0x37a0f589
09:06:07.0 (110471209)|STATEMENT_EXECUTE|[142]
09:06:07.0 (110475251)|STATEMENT_EXECUTE|[144]
09:06:07.0 (110478601)|STATEMENT_EXECUTE|[145]
09:06:07.0 (110495342)|STATEMENT_EXECUTE|[155]
09:06:07.0 (110498148)|STATEMENT_EXECUTE|[156]
09:06:07.0 (110512890)|VARIABLE_ASSIGNMENT|[156]|this.m_sObjectBySelectorType|"Map of size 12 too large to display"|0x524d86ec
09:06:07.0 (110519555)|STATEMENT_EXECUTE|[157]
09:06:07.0 (110539119)|HEAP_ALLOCATE|[157]|Bytes:4
09:06:07.0 (110584197)|VARIABLE_ASSIGNMENT|[157]|this.m_sObjectByMockSelector|{}|0x524d86ec
09:06:07.0 (110601265)|CONSTRUCTOR_EXIT|[16]|01pm0000000YfaM|<init>(Map<Schema.SObjectType,System.Type>)|fflib_Application.SelectorFactory
09:06:07.0 (110641909)|VARIABLE_ASSIGNMENT|[15]|Application.Selector|{"m_sObjectByMockSelector":"0x4913b105","m_sObjectBySelectorType":"0x37a0f589"}|0x524d86ec
09:06:07.0 (110650561)|STATEMENT_EXECUTE|[32]
09:06:07.0 (110659522)|HEAP_ALLOCATE|[33]|Bytes:19
09:06:07.0 (111937508)|HEAP_ALLOCATE|[33]|Bytes:16
09:06:07.0 (111968114)|HEAP_ALLOCATE|[36]|Bytes:4
09:06:07.0 (112012301)|HEAP_ALLOCATE|[37]|Bytes:20
09:06:07.0 (113384361)|HEAP_ALLOCATE|[37]|Bytes:8
09:06:07.0 (113399069)|HEAP_ALLOCATE|[37]|Bytes:8
09:06:07.0 (113406612)|VARIABLE_SCOPE_BEGIN|[4]|this|System.Type|true|false
09:06:07.0 (113432926)|VARIABLE_ASSIGNMENT|[4]|this|{}|0x3fa0c601
09:06:07.0 (113442906)|VARIABLE_SCOPE_BEGIN|[4]|apextype|java:common.apex.runtime.ApexObjectType|true|false
09:06:07.0 (113561773)|VARIABLE_ASSIGNMENT|[4]|apextype|"Advisers.Constructor"|0xf9c60c1
09:06:07.0 (113604462)|HEAP_ALLOCATE|[37]|Bytes:8
09:06:07.0 (113711218)|HEAP_ALLOCATE|[38]|Bytes:31
09:06:07.0 (115044475)|HEAP_ALLOCATE|[38]|Bytes:8
09:06:07.0 (115059001)|HEAP_ALLOCATE|[38]|Bytes:8
09:06:07.0 (115066265)|VARIABLE_SCOPE_BEGIN|[4]|this|System.Type|true|false
09:06:07.0 (115091643)|VARIABLE_ASSIGNMENT|[4]|this|{}|0x78c53f11
09:06:07.0 (115100350)|VARIABLE_SCOPE_BEGIN|[4]|apextype|java:common.apex.runtime.ApexObjectType|true|false
09:06:07.0 (115218962)|VARIABLE_ASSIGNMENT|[4]|apextype|"EventEventQuestions.Constructor"|0x41ec7ec6
09:06:07.0 (115260774)|HEAP_ALLOCATE|[38]|Bytes:8
09:06:07.0 (115289504)|HEAP_ALLOCATE|[39]|Bytes:19
09:06:07.0 (115355615)|HEAP_ALLOCATE|[39]|Bytes:32
09:06:07.0 (116504739)|HEAP_ALLOCATE|[39]|Bytes:8
09:06:07.0 (116516285)|HEAP_ALLOCATE|[39]|Bytes:8
09:06:07.0 (116521213)|VARIABLE_SCOPE_BEGIN|[4]|this|System.Type|true|false
09:06:07.0 (116540611)|VARIABLE_ASSIGNMENT|[4]|this|{}|0x3c785b48
09:06:07.0 (116547350)|VARIABLE_SCOPE_BEGIN|[4]|apextype|java:common.apex.runtime.ApexObjectType|true|false
09:06:07.0 (116631952)|VARIABLE_ASSIGNMENT|[4]|apextype|"PrintTableTentEvents.Constructor"|0x1e40084f
09:06:07.0 (116663800)|HEAP_ALLOCATE|[39]|Bytes:8
09:06:07.0 (116713510)|HEAP_ALLOCATE|[40]|Bytes:20
09:06:07.0 (117661321)|HEAP_ALLOCATE|[40]|Bytes:8
09:06:07.0 (117673192)|HEAP_ALLOCATE|[40]|Bytes:8
09:06:07.0 (117679072)|VARIABLE_SCOPE_BEGIN|[4]|this|System.Type|true|false
09:06:07.0 (117698649)|VARIABLE_ASSIGNMENT|[4]|this|{}|0x52604d95
09:06:07.0 (117705866)|VARIABLE_SCOPE_BEGIN|[4]|apextype|java:common.apex.runtime.ApexObjectType|true|false
09:06:07.0 (117796466)|VARIABLE_ASSIGNMENT|[4]|apextype|"Contacts.Constructor"|0x4c7c35e6
09:06:07.0 (117828666)|HEAP_ALLOCATE|[40]|Bytes:8
09:06:07.0 (117874039)|HEAP_ALLOCATE|[41]|Bytes:36
09:06:07.0 (118898819)|HEAP_ALLOCATE|[41]|Bytes:8
09:06:07.0 (118910061)|HEAP_ALLOCATE|[41]|Bytes:8
09:06:07.0 (118914835)|VARIABLE_SCOPE_BEGIN|[4]|this|System.Type|true|false
09:06:07.0 (118934859)|VARIABLE_ASSIGNMENT|[4]|this|{}|0x6950676a
09:06:07.0 (118941760)|VARIABLE_SCOPE_BEGIN|[4]|apextype|java:common.apex.runtime.ApexObjectType|true|false
09:06:07.0 (119025422)|VARIABLE_ASSIGNMENT|[4]|apextype|"MatsonEventRegistrations.Constructor"|0x390c9330
09:06:07.0 (119057165)|HEAP_ALLOCATE|[41]|Bytes:8
09:06:07.0 (119101875)|HEAP_ALLOCATE|[42]|Bytes:24
09:06:07.0 (120183957)|HEAP_ALLOCATE|[42]|Bytes:8
09:06:07.0 (120195857)|HEAP_ALLOCATE|[42]|Bytes:8
09:06:07.0 (120201376)|VARIABLE_SCOPE_BEGIN|[4]|this|System.Type|true|false
09:06:07.0 (120221353)|VARIABLE_ASSIGNMENT|[4]|this|{}|0x5bf48d6f
09:06:07.0 (120227866)|VARIABLE_SCOPE_BEGIN|[4]|apextype|java:common.apex.runtime.ApexObjectType|true|false
09:06:07.0 (120311322)|VARIABLE_ASSIGNMENT|[4]|apextype|"MatsonEvents.Constructor"|0x31f5ca4c
09:06:07.0 (120343123)|HEAP_ALLOCATE|[42]|Bytes:8
09:06:07.0 (120382651)|CONSTRUCTOR_ENTRY|[33]|01pm0000000YfaM|<init>(fflib_Application.SelectorFactory,Map<Schema.SObjectType,System.Type>)|fflib_Application.DomainFactory
09:06:07.0 (120414845)|VARIABLE_SCOPE_BEGIN|[256]|this|fflib_Application.DomainFactory|true|false
09:06:07.0 (120438961)|VARIABLE_ASSIGNMENT|[256]|this|{}|0x6ade70f6
09:06:07.0 (120445287)|VARIABLE_SCOPE_BEGIN|[256]|selectorFactory|fflib_Application.SelectorFactory|true|false
09:06:07.0 (120467815)|VARIABLE_ASSIGNMENT|[256]|selectorFactory|{"m_sObjectByMockSelector":"0x4913b105","m_sObjectBySelectorType":"0x37a0f589"}|0x524d86ec
09:06:07.0 (120475881)|VARIABLE_SCOPE_BEGIN|[256]|sObjectByDomainConstructorType|Map<Schema.SObjectType,System.Type>|true|false
09:06:07.0 (120494893)|VARIABLE_ASSIGNMENT|[256]|sObjectByDomainConstructorType|"Map of size 6 too large to display"|0x153e0737
09:06:07.0 (120504158)|STATEMENT_EXECUTE|[239]
09:06:07.0 (120507001)|STATEMENT_EXECUTE|[241]
09:06:07.0 (120508945)|STATEMENT_EXECUTE|[243]
09:06:07.0 (120510996)|STATEMENT_EXECUTE|[245]
09:06:07.0 (120522200)|STATEMENT_EXECUTE|[258]
09:06:07.0 (120523997)|STATEMENT_EXECUTE|[259]
09:06:07.0 (120530652)|VARIABLE_ASSIGNMENT|[259]|this.m_selectorFactory|0x524d86ec|0x6ade70f6
09:06:07.0 (120536632)|STATEMENT_EXECUTE|[260]
09:06:07.0 (120544092)|VARIABLE_ASSIGNMENT|[260]|this.m_sObjectByDomainConstructorType|"Map of size 6 too large to display"|0x6ade70f6
09:06:07.0 (120549523)|STATEMENT_EXECUTE|[261]
09:06:07.0 (120562858)|HEAP_ALLOCATE|[261]|Bytes:4
09:06:07.0 (120594249)|VARIABLE_ASSIGNMENT|[261]|this.m_sObjectByMockDomain|{}|0x6ade70f6
09:06:07.0 (120605489)|CONSTRUCTOR_EXIT|[33]|01pm0000000YfaM|<init>(fflib_Application.SelectorFactory,Map<Schema.SObjectType,System.Type>)|fflib_Application.DomainFactory
09:06:07.0 (120641203)|VARIABLE_ASSIGNMENT|[32]|Application.Domain|{"m_selectorFactory":"0x524d86ec","m_sObjectByDomainConstructorType":"0x153e0737","m_sObjectByMockDomain":"0xa861876"}|0x6ade70f6
09:06:07.0 (120649298)|STATEMENT_EXECUTE|[45]
09:06:07.0 (120658229)|HEAP_ALLOCATE|[46]|Bytes:11
09:06:07.0 (121650697)|HEAP_ALLOCATE|[46]|Bytes:12
09:06:07.0 (121671443)|HEAP_ALLOCATE|[47]|Bytes:4
09:06:07.0 (121785582)|CONSTRUCTOR_ENTRY|[46]|01pm0000000YfaM|<init>(List<Schema.SObjectType>)|fflib_Application.UnitOfWorkFactory
09:06:07.0 (121808740)|VARIABLE_SCOPE_BEGIN|[47]|this|fflib_Application.UnitOfWorkFactory|true|false
09:06:07.0 (121833607)|VARIABLE_ASSIGNMENT|[47]|this|{}|0x152f2c1e
09:06:07.0 (121841436)|VARIABLE_SCOPE_BEGIN|[47]|objectTypes|List<Schema.SObjectType>|true|false
09:06:07.0 (121876614)|HEAP_ALLOCATE|[EXTERNAL]|Bytes:28
09:06:07.0 (121890676)|VARIABLE_ASSIGNMENT|[47]|objectTypes|"List of size 6 too large to display"|0x704d9633
09:06:07.0 (121898985)|STATEMENT_EXECUTE|[37]
09:06:07.0 (121901326)|STATEMENT_EXECUTE|[39]
09:06:07.0 (121903141)|STATEMENT_EXECUTE|[40]
09:06:07.0 (121915971)|STATEMENT_EXECUTE|[48]
09:06:07.0 (121917877)|STATEMENT_EXECUTE|[49]
09:06:07.0 (121985273)|HEAP_ALLOCATE|[EXTERNAL]|Bytes:28
09:06:07.0 (122005591)|VARIABLE_ASSIGNMENT|[49]|this.m_objectTypes|"List of size 6 too large to display"|0x152f2c1e
09:06:07.0 (122016697)|CONSTRUCTOR_EXIT|[46]|01pm0000000YfaM|<init>(List<Schema.SObjectType>)|fflib_Application.UnitOfWorkFactory
09:06:07.0 (122041986)|VARIABLE_ASSIGNMENT|[45]|Application.UnitOfWork|{"m_objectTypes":"0x4ab275e4"}|0x152f2c1e
09:06:07.0 (122054744)|METHOD_EXIT|[1]|Application
09:06:07.0 (122117722)|METHOD_ENTRY|[300]|01pm0000000YfaM|fflib_Application.SelectorFactory.newInstance(Schema.SObjectType)
09:06:07.0 (122138079)|VARIABLE_SCOPE_BEGIN|[166]|this|fflib_Application.SelectorFactory|true|false
09:06:07.0 (122162358)|VARIABLE_ASSIGNMENT|[166]|this|{"m_sObjectByMockSelector":"0x4913b105","m_sObjectBySelectorType":"0x37a0f589"}|0x524d86ec
09:06:07.0 (122169810)|VARIABLE_SCOPE_BEGIN|[166]|sObjectType|Schema.SObjectType|true|false
09:06:07.0 (122252543)|VARIABLE_ASSIGNMENT|[166]|sObjectType|"common.apex.runtime.impl.ApexSObjectTypeToken@156502dc"|0x156502dc
09:06:07.0 (122263859)|STATEMENT_EXECUTE|[167]
09:06:07.0 (122328330)|STATEMENT_EXECUTE|[169]
09:06:07.0 (122331176)|STATEMENT_EXECUTE|[173]
09:06:07.0 (122357556)|VARIABLE_SCOPE_BEGIN|[173]|selectorClass|System.Type|true|false
09:06:07.0 (122380448)|VARIABLE_ASSIGNMENT|[173]|selectorClass|{"aot":"0x7beff15a"}|0xfc6b03
09:06:07.0 (122388207)|STATEMENT_EXECUTE|[174]
09:06:07.0 (122390226)|STATEMENT_EXECUTE|[178]
09:06:07.0 (122399676)|METHOD_ENTRY|[178]||System.Type.newInstance()
09:06:07.0 (125139771)|METHOD_ENTRY|[4]|01p3600000JWdhN|OrgWideEmailAddressesSelector.OrgWideEmailAddressesSelector()
09:06:07.0 (125151627)|STATEMENT_EXECUTE|[4]
09:06:07.0 (125156444)|STATEMENT_EXECUTE|[4]
09:06:07.0 (125167141)|HEAP_ALLOCATE|[33]|Bytes:5
09:06:07.0 (125179754)|METHOD_EXIT|[4]|OrgWideEmailAddressesSelector
09:06:07.0 (127146241)|VARIABLE_SCOPE_BEGIN|[177]|fflib_SObjectDescribe.instanceCache|Map<String,fflib_SObjectDescribe>|true|true
09:06:07.0 (127164785)|VARIABLE_SCOPE_BEGIN|[155]|fflib_SObjectDescribe.rawGlobalDescribe|Map<String,Schema.SObjectType>|true|true
09:06:07.0 (127645483)|VARIABLE_SCOPE_BEGIN|[163]|fflib_SObjectDescribe.wrappedGlobalDescribe|fflib_SObjectDescribe.GlobalDescribeMap|true|true
09:06:07.0 (127666115)|HEAP_ALLOCATE|[33]|Bytes:36
09:06:07.0 (127674726)|VARIABLE_SCOPE_BEGIN|[4]|this|OrgWideEmailAddressesSelector|true|false
09:06:07.0 (127701480)|HEAP_ALLOCATE|[33]|Bytes:156
09:06:07.0 (127708132)|HEAP_ALLOCATE|[33]|Bytes:120
09:06:07.0 (127721778)|METHOD_ENTRY|[30]|01pm0000000Yfay|fflib_SObjectSelector.fflib_SObjectSelector()
09:06:07.0 (127728051)|STATEMENT_EXECUTE|[30]
09:06:07.0 (127732791)|STATEMENT_EXECUTE|[30]
09:06:07.0 (127740462)|HEAP_ALLOCATE|[33]|Bytes:5
09:06:07.0 (127749009)|METHOD_EXIT|[30]|fflib_SObjectSelector
09:06:07.0 (127780795)|VARIABLE_ASSIGNMENT|[4]|this|{}|0x7b1c343b
09:06:07.0 (127792046)|HEAP_ALLOCATE|[6]|Bytes:5
09:06:07.0 (127807104)|CONSTRUCTOR_ENTRY|[6]|01pm0000000Yfay|<init>()|fflib_SObjectSelector
09:06:07.0 (127887186)|VARIABLE_SCOPE_BEGIN|[98]|this|fflib_SObjectSelector|true|false
09:06:07.0 (127911198)|VARIABLE_ASSIGNMENT|[98]|this|{}|0x7b1c343b
09:06:07.0 (127921832)|HEAP_ALLOCATE|[100]|Bytes:5
09:06:07.0 (127927063)|STATEMENT_EXECUTE|[100]
09:06:07.0 (127939084)|CONSTRUCTOR_ENTRY|[100]|01pm0000000Yfay|<init>(Boolean)|fflib_SObjectSelector
09:06:07.0 (127954155)|VARIABLE_SCOPE_BEGIN|[108]|this|fflib_SObjectSelector|true|false
09:06:07.0 (127974974)|VARIABLE_ASSIGNMENT|[108]|this|{}|0x7b1c343b
09:06:07.0 (127982047)|VARIABLE_SCOPE_BEGIN|[108]|includeFieldSetFields|Boolean|false|false
09:06:07.0 (127991641)|VARIABLE_ASSIGNMENT|[108]|includeFieldSetFields|false
09:06:07.0 (127997893)|HEAP_ALLOCATE|[110]|Bytes:5
09:06:07.0 (128002740)|STATEMENT_EXECUTE|[110]
09:06:07.0 (128013382)|CONSTRUCTOR_ENTRY|[110]|01pm0000000Yfay|<init>(Boolean,Boolean,Boolean)|fflib_SObjectSelector
09:06:07.0 (128028253)|VARIABLE_SCOPE_BEGIN|[118]|this|fflib_SObjectSelector|true|false
09:06:07.0 (128047121)|VARIABLE_ASSIGNMENT|[118]|this|{}|0x7b1c343b
09:06:07.0 (128053839)|VARIABLE_SCOPE_BEGIN|[118]|includeFieldSetFields|Boolean|false|false
09:06:07.0 (128061300)|VARIABLE_ASSIGNMENT|[118]|includeFieldSetFields|false
09:06:07.0 (128065985)|VARIABLE_SCOPE_BEGIN|[118]|enforceCRUD|Boolean|false|false
09:06:07.0 (128072729)|VARIABLE_ASSIGNMENT|[118]|enforceCRUD|true
09:06:07.0 (128077501)|VARIABLE_SCOPE_BEGIN|[118]|enforceFLS|Boolean|false|false
09:06:07.0 (128084350)|VARIABLE_ASSIGNMENT|[118]|enforceFLS|false
09:06:07.0 (128090550)|HEAP_ALLOCATE|[120]|Bytes:5
09:06:07.0 (128095323)|STATEMENT_EXECUTE|[120]
09:06:07.0 (128105919)|CONSTRUCTOR_ENTRY|[120]|01pm0000000Yfay|<init>(Boolean,Boolean,Boolean,Boolean)|fflib_SObjectSelector
09:06:07.0 (128120120)|VARIABLE_SCOPE_BEGIN|[131]|this|fflib_SObjectSelector|true|false
09:06:07.0 (128139844)|VARIABLE_ASSIGNMENT|[131]|this|{}|0x7b1c343b
09:06:07.0 (128146169)|VARIABLE_SCOPE_BEGIN|[131]|includeFieldSetFields|Boolean|false|false
09:06:07.0 (128154027)|VARIABLE_ASSIGNMENT|[131]|includeFieldSetFields|false
09:06:07.0 (128163475)|VARIABLE_SCOPE_BEGIN|[131]|enforceCRUD|Boolean|false|false
09:06:07.0 (128170995)|VARIABLE_ASSIGNMENT|[131]|enforceCRUD|true
09:06:07.0 (128175591)|VARIABLE_SCOPE_BEGIN|[131]|enforceFLS|Boolean|false|false
09:06:07.0 (128182254)|VARIABLE_ASSIGNMENT|[131]|enforceFLS|false
09:06:07.0 (128186229)|VARIABLE_SCOPE_BEGIN|[131]|sortSelectFields|Boolean|false|false
09:06:07.0 (128193273)|VARIABLE_ASSIGNMENT|[131]|sortSelectFields|true
09:06:07.0 (128199593)|HEAP_ALLOCATE|[133]|Bytes:5
09:06:07.0 (128204969)|STATEMENT_EXECUTE|[30]
09:06:07.0 (128207763)|HEAP_ALLOCATE|[133]|Bytes:5
09:06:07.0 (128211862)|STATEMENT_EXECUTE|[37]
09:06:07.0 (128213512)|STATEMENT_EXECUTE|[50]
09:06:07.0 (128215072)|STATEMENT_EXECUTE|[55]
09:06:07.0 (128216579)|STATEMENT_EXECUTE|[60]
09:06:07.0 (128218353)|STATEMENT_EXECUTE|[65]
09:06:07.0 (128219856)|STATEMENT_EXECUTE|[71]
09:06:07.0 (128221370)|STATEMENT_EXECUTE|[76]
09:06:07.0 (128236873)|STATEMENT_EXECUTE|[132]
09:06:07.0 (128238780)|STATEMENT_EXECUTE|[133]
09:06:07.0 (128243278)|HEAP_ALLOCATE|[133]|Bytes:5
09:06:07.0 (128249391)|STATEMENT_EXECUTE|[134]
09:06:07.0 (128252022)|HEAP_ALLOCATE|[134]|Bytes:5
09:06:07.0 (128255740)|STATEMENT_EXECUTE|[135]
09:06:07.0 (128258001)|HEAP_ALLOCATE|[135]|Bytes:5
09:06:07.0 (128261836)|STATEMENT_EXECUTE|[136]
09:06:07.0 (128264083)|HEAP_ALLOCATE|[136]|Bytes:5
09:06:07.0 (128276076)|CONSTRUCTOR_EXIT|[120]|01pm0000000Yfay|<init>(Boolean,Boolean,Boolean,Boolean)|fflib_SObjectSelector
09:06:07.0 (128283467)|STATEMENT_EXECUTE|[119]
09:06:07.0 (128290794)|CONSTRUCTOR_EXIT|[110]|01pm0000000Yfay|<init>(Boolean,Boolean,Boolean)|fflib_SObjectSelector
09:06:07.0 (128296954)|STATEMENT_EXECUTE|[109]
09:06:07.0 (128302123)|CONSTRUCTOR_EXIT|[100]|01pm0000000Yfay|<init>(Boolean)|fflib_SObjectSelector
09:06:07.0 (128307210)|STATEMENT_EXECUTE|[99]
09:06:07.0 (128311978)|CONSTRUCTOR_EXIT|[6]|01pm0000000Yfay|<init>()|fflib_SObjectSelector
09:06:07.0 (128318042)|STATEMENT_EXECUTE|[4]
09:06:07.0 (128321497)|HEAP_ALLOCATE|[6]|Bytes:5
09:06:07.0 (128325395)|STATEMENT_EXECUTE|[6]
09:06:07.0 (128329204)|HEAP_ALLOCATE|[6]|Bytes:28
09:06:07.0 (128343180)|VARIABLE_ASSIGNMENT|[6]|this.registrationEmailAddress|"registration@matsonm (8 more) ..."|0x7b1c343b
09:06:07.0 (128365180)|METHOD_EXIT|[178]||System.Type.newInstance()
09:06:07.0 (128380582)|METHOD_EXIT|[300]|01pm0000000YfaM|fflib_Application.SelectorFactory.newInstance(Schema.SObjectType)
09:06:07.0 (128389927)|METHOD_EXIT|[82]|01p3600000JWdh2|EventRegistrationExtController.orgWideEmailAddressSelector()
09:06:07.0 (128419025)|METHOD_ENTRY|[82]|01p3600000JWdhN|OrgWideEmailAddressesSelector.selectAll()
09:06:07.0 (128426670)|VARIABLE_SCOPE_BEGIN|[37]|this|OrgWideEmailAddressesSelector|true|false
09:06:07.0 (128458023)|VARIABLE_ASSIGNMENT|[37]|this|{"registrationEmailAddress":"registration@matsonm (8 more) ...","m_enforceCRUD":true,"m_enforceFLS":false,"m_includeFieldSetFields":false,"m_sortSelectFields":true}|0x7b1c343b
09:06:07.0 (128469916)|HEAP_ALLOCATE|[38]|Bytes:5
09:06:07.0 (128475096)|STATEMENT_EXECUTE|[37]
09:06:07.0 (128477161)|STATEMENT_EXECUTE|[38]
09:06:07.0 (128486107)|METHOD_ENTRY|[38]|01pm0000000Yfay|fflib_SObjectSelector.newQueryFactory()
09:06:07.0 (131371036)|VARIABLE_SCOPE_BEGIN|[298]|this|fflib_SObjectSelector|true|false
09:06:07.0 (131414607)|VARIABLE_ASSIGNMENT|[298]|this|{"registrationEmailAddress":"registration@matsonm (8 more) ...","m_enforceCRUD":true,"m_enforceFLS":false,"m_includeFieldSetFields":false,"m_sortSelectFields":true}|0x7b1c343b
09:06:07.0 (131430174)|HEAP_ALLOCATE|[300]|Bytes:5
09:06:07.0 (131436799)|STATEMENT_EXECUTE|[299]
09:06:07.0 (131439034)|STATEMENT_EXECUTE|[300]
09:06:07.0 (131457231)|METHOD_ENTRY|[300]|01pm0000000Yfay|fflib_SObjectSelector.newQueryFactory(Boolean, Boolean, Boolean)
09:06:07.0 (131475053)|VARIABLE_SCOPE_BEGIN|[315]|this|fflib_SObjectSelector|true|false
09:06:07.0 (131505262)|VARIABLE_ASSIGNMENT|[315]|this|{"registrationEmailAddress":"registration@matsonm (8 more) ...","m_enforceCRUD":true,"m_enforceFLS":false,"m_includeFieldSetFields":false,"m_sortSelectFields":true}|0x7b1c343b
09:06:07.0 (131512586)|VARIABLE_SCOPE_BEGIN|[315]|assertCRUD|Boolean|false|false
09:06:07.0 (131520096)|VARIABLE_ASSIGNMENT|[315]|assertCRUD|true
09:06:07.0 (131524350)|VARIABLE_SCOPE_BEGIN|[315]|enforceFLS|Boolean|false|false
09:06:07.0 (131530992)|VARIABLE_ASSIGNMENT|[315]|enforceFLS|false
09:06:07.0 (131536855)|VARIABLE_SCOPE_BEGIN|[315]|includeSelectorFields|Boolean|false|false
09:06:07.0 (131544284)|VARIABLE_ASSIGNMENT|[315]|includeSelectorFields|true
09:06:07.0 (131552189)|HEAP_ALLOCATE|[318]|Bytes:5
09:06:07.0 (131557537)|STATEMENT_EXECUTE|[316]
09:06:07.0 (131559306)|STATEMENT_EXECUTE|[318]
09:06:07.0 (131564541)|HEAP_ALLOCATE|[319]|Bytes:129
09:06:07.0 (131570490)|HEAP_ALLOCATE|[319]|Bytes:84
09:06:07.0 (131574247)|HEAP_ALLOCATE|[319]|Bytes:165
09:06:07.0 (131578667)|HEAP_ALLOCATE|[319]|Bytes:7
09:06:07.0 (131591769)|METHOD_ENTRY|[55]|01pm0000000Yfar|fflib_QueryFactory.fflib_QueryFactory()
09:06:07.0 (131597456)|STATEMENT_EXECUTE|[55]
09:06:07.0 (131601906)|STATEMENT_EXECUTE|[55]
09:06:07.0 (131603663)|STATEMENT_EXECUTE|[640]
09:06:07.0 (131605273)|STATEMENT_EXECUTE|[684]
09:06:07.0 (131606910)|STATEMENT_EXECUTE|[693]
09:06:07.0 (131608461)|STATEMENT_EXECUTE|[694]
09:06:07.0 (131610191)|STATEMENT_EXECUTE|[695]
09:06:07.0 (131613914)|METHOD_EXIT|[55]|fflib_QueryFactory
09:06:07.0 (131905475)|HEAP_ALLOCATE|[319]|Bytes:44
09:06:07.0 (131922934)|METHOD_ENTRY|[319]|01pm0000000Yfay|fflib_SObjectSelector.getSObjectType2()
09:06:07.0 (131941804)|VARIABLE_SCOPE_BEGIN|[281]|this|fflib_SObjectSelector|true|false
09:06:07.0 (131977116)|VARIABLE_ASSIGNMENT|[281]|this|{"registrationEmailAddress":"registration@matsonm (8 more) ...","m_enforceCRUD":true,"m_enforceFLS":false,"m_includeFieldSetFields":false,"m_sortSelectFields":true}|0x7b1c343b
09:06:07.0 (131991682)|HEAP_ALLOCATE|[283]|Bytes:5
09:06:07.0 (131997299)|STATEMENT_EXECUTE|[282]
09:06:07.0 (131999239)|STATEMENT_EXECUTE|[283]
09:06:07.0 (132006797)|METHOD_ENTRY|[283]|01p3600000JWdhN|OrgWideEmailAddressesSelector.getSObjectType()
09:06:07.0 (132021521)|VARIABLE_SCOPE_BEGIN|[23]|this|OrgWideEmailAddressesSelector|true|false
09:06:07.0 (132050511)|VARIABLE_ASSIGNMENT|[23]|this|{"registrationEmailAddress":"registration@matsonm (8 more) ...","m_enforceCRUD":true,"m_enforceFLS":false,"m_includeFieldSetFields":false,"m_sortSelectFields":true}|0x7b1c343b
09:06:07.0 (132061837)|HEAP_ALLOCATE|[25]|Bytes:5
09:06:07.0 (132070485)|STATEMENT_EXECUTE|[24]
09:06:07.0 (132072485)|STATEMENT_EXECUTE|[25]
09:06:07.0 (132116605)|METHOD_EXIT|[283]|01p3600000JWdhN|OrgWideEmailAddressesSelector.getSObjectType()
09:06:07.0 (132125040)|METHOD_EXIT|[319]|01pm0000000Yfay|fflib_SObjectSelector.getSObjectType2()
09:06:07.0 (132138441)|CONSTRUCTOR_ENTRY|[319]|01pm0000000Yfar|<init>(Schema.SObjectType)|fflib_QueryFactory
09:06:07.0 (132149309)|VARIABLE_SCOPE_BEGIN|[151]|this|fflib_QueryFactory|true|false
09:06:07.0 (132199293)|VARIABLE_ASSIGNMENT|[151]|this|{}|0x27e2fb87
09:06:07.0 (132209387)|VARIABLE_SCOPE_BEGIN|[151]|table|Schema.SObjectType|true|false
09:06:07.0 (132336814)|VARIABLE_ASSIGNMENT|[151]|table|"common.apex.runtime.impl.ApexSObjectTypeToken@156502dc"|0x156502dc
09:06:07.0 (132347793)|STATEMENT_EXECUTE|[55]
09:06:07.0 (132350605)|STATEMENT_EXECUTE|[62]
09:06:07.0 (132352365)|STATEMENT_EXECUTE|[64]
09:06:07.0 (132353942)|STATEMENT_EXECUTE|[65]
09:06:07.0 (132355418)|STATEMENT_EXECUTE|[66]
09:06:07.0 (132356980)|STATEMENT_EXECUTE|[67]
09:06:07.0 (132358455)|STATEMENT_EXECUTE|[68]
09:06:07.0 (132359965)|STATEMENT_EXECUTE|[74]
09:06:07.0 (132361437)|STATEMENT_EXECUTE|[76]
09:06:07.0 (132367957)|HEAP_ALLOCATE|[76]|Bytes:5
09:06:07.0 (132379294)|VARIABLE_ASSIGNMENT|[76]|this.sortSelectFields|true|0x27e2fb87
09:06:07.0 (132385340)|STATEMENT_EXECUTE|[84]
09:06:07.0 (132387029)|STATEMENT_EXECUTE|[85]
09:06:07.0 (132404482)|STATEMENT_EXECUTE|[151]
09:06:07.0 (132407210)|STATEMENT_EXECUTE|[152]
09:06:07.0 (132534215)|VARIABLE_ASSIGNMENT|[EXTERNAL]|this|{"sortSelectFields":true}|0x27e2fb87
09:06:07.0 (132612093)|VARIABLE_ASSIGNMENT|[EXTERNAL]|value|"common.apex.runtime.impl.ApexSObjectTypeToken@156502dc"|0x156502dc
09:06:07.0 (132682589)|VARIABLE_ASSIGNMENT|[62]|this.table|"common.apex.runtime.impl.ApexSObjectTypeToken@156502dc"|0x27e2fb87
09:06:07.0 (132696283)|STATEMENT_EXECUTE|[153]
09:06:07.0 (132711086)|HEAP_ALLOCATE|[153]|Bytes:4
09:06:07.0 (132766251)|VARIABLE_ASSIGNMENT|[153]|this.fields|[]|0x27e2fb87
09:06:07.0 (132774022)|STATEMENT_EXECUTE|[154]
09:06:07.0 (132789076)|HEAP_ALLOCATE|[154]|Bytes:4
09:06:07.0 (132850653)|HEAP_ALLOCATE|[EXTERNAL]|Bytes:4
09:06:07.0 (132861047)|VARIABLE_ASSIGNMENT|[154]|this.order|[]|0x27e2fb87
09:06:07.0 (132867327)|STATEMENT_EXECUTE|[155]
09:06:07.0 (132873034)|HEAP_ALLOCATE|[155]|Bytes:5
09:06:07.0 (132880750)|VARIABLE_ASSIGNMENT|[155]|this.enforceFLS|false|0x27e2fb87
09:06:07.0 (132897098)|CONSTRUCTOR_EXIT|[319]|01pm0000000Yfar|<init>(Schema.SObjectType)|fflib_QueryFactory
09:06:07.0 (132921832)|METHOD_ENTRY|[318]|01pm0000000Yfay|fflib_SObjectSelector.configureQueryFactory(fflib_QueryFactory, Boolean, Boolean, Boolean)
09:06:07.0 (132949017)|VARIABLE_SCOPE_BEGIN|[388]|this|fflib_SObjectSelector|true|false
09:06:07.0 (132998994)|VARIABLE_ASSIGNMENT|[388]|this|{"registrationEmailAddress":"registration@matsonm (8 more) ...","m_enforceCRUD":true,"m_enforceFLS":false,"m_includeFieldSetFields":false,"m_sortSelectFields":true}|0x7b1c343b
09:06:07.0 (133014161)|VARIABLE_SCOPE_BEGIN|[388]|queryFactory|fflib_QueryFactory|true|false
09:06:07.0 (133156467)|VARIABLE_ASSIGNMENT|[388]|queryFactory|{"enforceFLS":false,"fields":"0x37a81d76","order":"0x2be39302","sortSelectFields":true,"table":"common.apex.runtime.impl.ApexSObjectTypeToken@156502dc"}|0x27e2fb87
09:06:07.0 (133165667)|VARIABLE_SCOPE_BEGIN|[388]|assertCRUD|Boolean|false|false
09:06:07.0 (133174198)|VARIABLE_ASSIGNMENT|[388]|assertCRUD|true
09:06:07.0 (133179391)|VARIABLE_SCOPE_BEGIN|[388]|enforceFLS|Boolean|false|false
09:06:07.0 (133186179)|VARIABLE_ASSIGNMENT|[388]|enforceFLS|false
09:06:07.0 (133192841)|VARIABLE_SCOPE_BEGIN|[388]|includeSelectorFields|Boolean|false|false
09:06:07.0 (133200000)|VARIABLE_ASSIGNMENT|[388]|includeSelectorFields|true
09:06:07.0 (133210377)|HEAP_ALLOCATE|[391]|Bytes:5
09:06:07.0 (133216511)|STATEMENT_EXECUTE|[389]
09:06:07.0 (133219878)|STATEMENT_EXECUTE|[392]
09:06:07.0 (133221617)|STATEMENT_EXECUTE|[393]
09:06:07.0 (133223184)|STATEMENT_EXECUTE|[393]
09:06:07.0 (133224830)|STATEMENT_EXECUTE|[395]
09:06:07.0 (133247485)|METHOD_ENTRY|[395]|01pm0000000Yfar|fflib_QueryFactory.assertIsAccessible()
09:06:07.0 (133265022)|VARIABLE_SCOPE_BEGIN|[174]|this|fflib_QueryFactory|true|false
09:06:07.0 (133378654)|VARIABLE_ASSIGNMENT|[174]|this|{"enforceFLS":false,"fields":"0x37a81d76","order":"0x2be39302","sortSelectFields":true,"table":"common.apex.runtime.impl.ApexSObjectTypeToken@156502dc"}|0x27e2fb87
09:06:07.0 (133388392)|STATEMENT_EXECUTE|[174]
09:06:07.0 (133390281)|STATEMENT_EXECUTE|[175]
09:06:07.0 (133509683)|VARIABLE_ASSIGNMENT|[EXTERNAL]|this|{"enforceFLS":false,"fields":"0x37a81d76","order":"0x2be39302","sortSelectFields":true,"table":"common.apex.runtime.impl.ApexSObjectTypeToken@156502dc"}|0x27e2fb87
09:06:07.0 (135214883)|VARIABLE_SCOPE_BEGIN|[110]|fflib_SecurityUtils.BYPASS_INTERNAL_FLS_AND_CRUD|Boolean|false|true
09:06:07.0 (135234090)|HEAP_ALLOCATE|[175]|Bytes:58
09:06:07.0 (135246075)|HEAP_ALLOCATE|[175]|Bytes:75
09:06:07.0 (135260395)|METHOD_ENTRY|[31]|01pm0000000Yfb2|fflib_SecurityUtils.fflib_SecurityUtils()
09:06:07.0 (135267043)|STATEMENT_EXECUTE|[31]
09:06:07.0 (135271439)|STATEMENT_EXECUTE|[31]
09:06:07.0 (135273322)|STATEMENT_EXECUTE|[41]
09:06:07.0 (135274880)|STATEMENT_EXECUTE|[50]
09:06:07.0 (135276411)|STATEMENT_EXECUTE|[78]
09:06:07.0 (135278470)|STATEMENT_EXECUTE|[110]
09:06:07.0 (135286101)|HEAP_ALLOCATE|[110]|Bytes:5
09:06:07.0 (135298358)|VARIABLE_ASSIGNMENT|[110]|fflib_SecurityUtils.BYPASS_INTERNAL_FLS_AND_CRUD|false
09:06:07.0 (135307297)|METHOD_EXIT|[31]|fflib_SecurityUtils
09:06:07.0 (135323717)|METHOD_ENTRY|[175]|01pm0000000Yfb2|fflib_SecurityUtils.checkObjectIsReadable(Schema.SObjectType)
09:06:07.0 (135331536)|VARIABLE_SCOPE_BEGIN|[317]|objType|Schema.SObjectType|true|false
09:06:07.0 (135411927)|VARIABLE_ASSIGNMENT|[317]|objType|"common.apex.runtime.impl.ApexSObjectTypeToken@156502dc"|0x156502dc
09:06:07.0 (135422583)|STATEMENT_EXECUTE|[318]
09:06:07.0 (135428367)|STATEMENT_EXECUTE|[319]
09:06:07.0 (135650929)|HEAP_ALLOCATE|[321]|Bytes:4
09:06:07.0 (135683575)|STATEMENT_EXECUTE|[321]
09:06:07.0 (135689228)|METHOD_EXIT|[175]|01pm0000000Yfb2|fflib_SecurityUtils.checkObjectIsReadable(Schema.SObjectType)
09:06:07.0 (135695847)|STATEMENT_EXECUTE|[176]
09:06:07.0 (135699409)|METHOD_EXIT|[395]|01pm0000000Yfar|fflib_QueryFactory.assertIsAccessible()
09:06:07.0 (135706676)|STATEMENT_EXECUTE|[402]
09:06:07.0 (135722023)|METHOD_ENTRY|[402]|01pm0000000Yfar|fflib_QueryFactory.setEnforceFLS(Boolean)
09:06:07.0 (135739826)|VARIABLE_SCOPE_BEGIN|[185]|this|fflib_QueryFactory|true|false
09:06:07.0 (135874274)|VARIABLE_ASSIGNMENT|[185]|this|{"enforceFLS":false,"fields":"0x37a81d76","order":"0x2be39302","sortSelectFields":true,"table":"common.apex.runtime.impl.ApexSObjectTypeToken@156502dc"}|0x27e2fb87
09:06:07.0 (135884692)|VARIABLE_SCOPE_BEGIN|[185]|enforce|Boolean|false|false
09:06:07.0 (135893687)|VARIABLE_ASSIGNMENT|[185]|enforce|false
09:06:07.0 (135900242)|STATEMENT_EXECUTE|[185]
09:06:07.0 (135902166)|STATEMENT_EXECUTE|[186]
09:06:07.0 (135909152)|VARIABLE_ASSIGNMENT|[186]|this.enforceFLS|false|0x27e2fb87
09:06:07.0 (135914451)|STATEMENT_EXECUTE|[187]
09:06:07.0 (135919395)|METHOD_EXIT|[402]|01pm0000000Yfar|fflib_QueryFactory.setEnforceFLS(Boolean)
09:06:07.0 (135926616)|STATEMENT_EXECUTE|[406]
09:06:07.0 (135928333)|STATEMENT_EXECUTE|[408]
09:06:07.0 (135936956)|METHOD_ENTRY|[408]|01p3600000JWdhN|OrgWideEmailAddressesSelector.getSObjectFieldList()
09:06:07.0 (135956253)|VARIABLE_SCOPE_BEGIN|[14]|this|OrgWideEmailAddressesSelector|true|false
09:06:07.0 (135988392)|VARIABLE_ASSIGNMENT|[14]|this|{"registrationEmailAddress":"registration@matsonm (8 more) ...","m_enforceCRUD":true,"m_enforceFLS":false,"m_includeFieldSetFields":false,"m_sortSelectFields":true}|0x7b1c343b
09:06:07.0 (136002917)|HEAP_ALLOCATE|[16]|Bytes:5
09:06:07.0 (136009101)|STATEMENT_EXECUTE|[15]
09:06:07.0 (136011032)|STATEMENT_EXECUTE|[16]
09:06:07.0 (136021716)|HEAP_ALLOCATE|[16]|Bytes:4
09:06:07.0 (136047050)|HEAP_ALLOCATE|[16]|Bytes:2
09:06:07.0 (136148026)|HEAP_ALLOCATE|[16]|Bytes:11
09:06:07.0 (136179516)|HEAP_ALLOCATE|[16]|Bytes:7
09:06:07.0 (136204495)|METHOD_EXIT|[408]|01p3600000JWdhN|OrgWideEmailAddressesSelector.getSObjectFieldList()
09:06:07.0 (136220605)|METHOD_ENTRY|[408]|01pm0000000Yfar|fflib_QueryFactory.selectFields(List<Schema.SObjectField>)
09:06:07.0 (136227997)|VARIABLE_SCOPE_BEGIN|[263]|this|fflib_QueryFactory|true|false
09:06:07.0 (136349952)|VARIABLE_ASSIGNMENT|[263]|this|{"enforceFLS":false,"fields":"0x37a81d76","order":"0x2be39302","sortSelectFields":true,"table":"common.apex.runtime.impl.ApexSObjectTypeToken@156502dc"}|0x27e2fb87
09:06:07.0 (136360526)|VARIABLE_SCOPE_BEGIN|[263]|fields|List<Schema.SObjectField>|true|false
09:06:07.0 (136387618)|HEAP_ALLOCATE|[EXTERNAL]|Bytes:16
09:06:07.0 (136498357)|VARIABLE_ASSIGNMENT|[263]|fields|"common.apex.runtime.impl.ScalarList@7da7dcae"|0x76e6d3c9
09:06:07.0 (136509780)|STATEMENT_EXECUTE|[263]
09:06:07.0 (136591290)|HEAP_ALLOCATE|[264]|Bytes:5
09:06:07.0 (136633413)|VARIABLE_SCOPE_BEGIN|[264]|token|Schema.SObjectField|true|false
09:06:07.0 (136711432)|VARIABLE_ASSIGNMENT|[264]|token|"common.apex.runtime.impl.ApexFieldToken@1d681aa9"|0x1d681aa9
09:06:07.0 (136720765)|STATEMENT_EXECUTE|[264]
09:06:07.0 (136723816)|STATEMENT_EXECUTE|[265]
09:06:07.0 (136728726)|STATEMENT_EXECUTE|[267]
09:06:07.0 (136730326)|STATEMENT_EXECUTE|[269]
09:06:07.0 (136743562)|METHOD_ENTRY|[269]|01pm0000000Yfar|fflib_QueryFactory.getFieldTokenPath(Schema.SObjectField)
09:06:07.0 (136761343)|VARIABLE_SCOPE_BEGIN|[127]|field|Schema.SObjectField|true|false
09:06:07.0 (136833134)|VARIABLE_ASSIGNMENT|[127]|field|"common.apex.runtime.impl.ApexFieldToken@1d681aa9"|0x1d681aa9
09:06:07.0 (136842469)|STATEMENT_EXECUTE|[127]
09:06:07.0 (136844620)|STATEMENT_EXECUTE|[128]
09:06:07.0 (136846286)|STATEMENT_EXECUTE|[131]
09:06:07.0 (137305685)|HEAP_ALLOCATE|[131]|Bytes:8
09:06:07.0 (137332584)|HEAP_ALLOCATE|[131]|Bytes:2
09:06:07.0 (137340942)|METHOD_EXIT|[269]|01pm0000000Yfar|fflib_QueryFactory.getFieldTokenPath(Schema.SObjectField)
09:06:07.0 (137357598)|HEAP_ALLOCATE|[EXTERNAL]|Bytes:4
09:06:07.0 (137373905)|HEAP_ALLOCATE|[264]|Bytes:5
09:06:07.0 (137389466)|VARIABLE_SCOPE_BEGIN|[264]|token|Schema.SObjectField|true|false
09:06:07.0 (137482681)|VARIABLE_ASSIGNMENT|[264]|token|"common.apex.runtime.impl.ApexFieldToken@582b9edb"|0x582b9edb
09:06:07.0 (137492472)|STATEMENT_EXECUTE|[264]
09:06:07.0 (137494855)|STATEMENT_EXECUTE|[265]
09:06:07.0 (137498344)|STATEMENT_EXECUTE|[267]
09:06:07.0 (137500734)|STATEMENT_EXECUTE|[269]
09:06:07.0 (137507115)|METHOD_ENTRY|[269]|01pm0000000Yfar|fflib_QueryFactory.getFieldTokenPath(Schema.SObjectField)
09:06:07.0 (137514807)|VARIABLE_SCOPE_BEGIN|[127]|field|Schema.SObjectField|true|false
09:06:07.0 (137579719)|VARIABLE_ASSIGNMENT|[127]|field|"common.apex.runtime.impl.ApexFieldToken@582b9edb"|0x582b9edb
09:06:07.0 (137588554)|STATEMENT_EXECUTE|[127]
09:06:07.0 (137590488)|STATEMENT_EXECUTE|[128]
09:06:07.0 (137592242)|STATEMENT_EXECUTE|[131]
09:06:07.0 (137735626)|HEAP_ALLOCATE|[131]|Bytes:8
09:06:07.0 (137751005)|HEAP_ALLOCATE|[131]|Bytes:11
09:06:07.0 (137758042)|METHOD_EXIT|[269]|01pm0000000Yfar|fflib_QueryFactory.getFieldTokenPath(Schema.SObjectField)
09:06:07.0 (137769710)|HEAP_ALLOCATE|[EXTERNAL]|Bytes:4
09:06:07.0 (137789464)|HEAP_ALLOCATE|[264]|Bytes:5
09:06:07.0 (137804334)|VARIABLE_SCOPE_BEGIN|[264]|token|Schema.SObjectField|true|false
09:06:07.0 (137879305)|VARIABLE_ASSIGNMENT|[264]|token|"common.apex.runtime.impl.ApexFieldToken@6c931761"|0x6c931761
09:06:07.0 (137888465)|STATEMENT_EXECUTE|[264]
09:06:07.0 (137890513)|STATEMENT_EXECUTE|[265]
09:06:07.0 (137893293)|STATEMENT_EXECUTE|[267]
09:06:07.0 (137894873)|STATEMENT_EXECUTE|[269]
09:06:07.0 (137900482)|METHOD_ENTRY|[269]|01pm0000000Yfar|fflib_QueryFactory.getFieldTokenPath(Schema.SObjectField)
09:06:07.0 (137907043)|VARIABLE_SCOPE_BEGIN|[127]|field|Schema.SObjectField|true|false
09:06:07.0 (137970380)|VARIABLE_ASSIGNMENT|[127]|field|"common.apex.runtime.impl.ApexFieldToken@6c931761"|0x6c931761
09:06:07.0 (137978930)|STATEMENT_EXECUTE|[127]
09:06:07.0 (137980991)|STATEMENT_EXECUTE|[128]
09:06:07.0 (137982595)|STATEMENT_EXECUTE|[131]
09:06:07.0 (138108689)|HEAP_ALLOCATE|[131]|Bytes:8
09:06:07.0 (138123546)|HEAP_ALLOCATE|[131]|Bytes:7
09:06:07.0 (138130307)|METHOD_EXIT|[269]|01pm0000000Yfar|fflib_QueryFactory.getFieldTokenPath(Schema.SObjectField)
09:06:07.0 (138141421)|HEAP_ALLOCATE|[EXTERNAL]|Bytes:4
09:06:07.0 (138155369)|HEAP_ALLOCATE|[264]|Bytes:5
09:06:07.0 (138168245)|VARIABLE_ASSIGNMENT|[264]|token|null|
09:06:07.0 (138173595)|STATEMENT_EXECUTE|[271]
09:06:07.0 (138178173)|METHOD_EXIT|[408]|01pm0000000Yfar|fflib_QueryFactory.selectFields(List<Schema.SObjectField>)
09:06:07.0 (138183518)|STATEMENT_EXECUTE|[410]
09:06:07.0 (138192912)|METHOD_ENTRY|[410]|01pm0000000Yfay|fflib_SObjectSelector.getSObjectFieldSetList()
09:06:07.0 (138241322)|VARIABLE_SCOPE_BEGIN|[142]|this|fflib_SObjectSelector|true|false
09:06:07.0 (138280414)|VARIABLE_ASSIGNMENT|[142]|this|{"registrationEmailAddress":"registration@matsonm (8 more) ...","m_enforceCRUD":true,"m_enforceFLS":false,"m_includeFieldSetFields":false,"m_sortSelectFields":true}|0x7b1c343b
09:06:07.0 (138294852)|HEAP_ALLOCATE|[144]|Bytes:5
09:06:07.0 (138300668)|STATEMENT_EXECUTE|[143]
09:06:07.0 (138302493)|STATEMENT_EXECUTE|[144]
09:06:07.0 (138308428)|METHOD_EXIT|[410]|01pm0000000Yfay|fflib_SObjectSelector.getSObjectFieldSetList()
09:06:07.0 (138315004)|VARIABLE_SCOPE_BEGIN|[410]|fieldSetList|List<Schema.FieldSet>|true|false
09:06:07.0 (138325185)|VARIABLE_ASSIGNMENT|[410]|fieldSetList|null|
09:06:07.0 (138332618)|STATEMENT_EXECUTE|[411]
09:06:07.0 (138366975)|HEAP_ALLOCATE|[416]|Bytes:93
09:06:07.0 (138378078)|SYSTEM_METHOD_ENTRY|[1]|UserInfo.UserInfo()
09:06:07.0 (138382065)|STATEMENT_EXECUTE|[1]
09:06:07.0 (138387946)|SYSTEM_METHOD_EXIT|[1]|UserInfo
09:06:07.0 (138397912)|METHOD_ENTRY|[416]||System.UserInfo.isMultiCurrencyOrganization()
09:06:07.0 (138426492)|METHOD_EXIT|[416]||System.UserInfo.isMultiCurrencyOrganization()
09:06:07.0 (138432503)|STATEMENT_EXECUTE|[416]
09:06:07.0 (138445624)|METHOD_ENTRY|[421]|01p3600000JWdhN|OrgWideEmailAddressesSelector.getOrderBy()
09:06:07.0 (138462015)|VARIABLE_SCOPE_BEGIN|[33]|this|OrgWideEmailAddressesSelector|true|false
09:06:07.0 (138494479)|VARIABLE_ASSIGNMENT|[33]|this|{"registrationEmailAddress":"registration@matsonm (8 more) ...","m_enforceCRUD":true,"m_enforceFLS":false,"m_includeFieldSetFields":false,"m_sortSelectFields":true}|0x7b1c343b
09:06:07.0 (138512184)|HEAP_ALLOCATE|[34]|Bytes:5
09:06:07.0 (138517674)|STATEMENT_EXECUTE|[33]
09:06:07.0 (138520208)|STATEMENT_EXECUTE|[34]
09:06:07.0 (138526078)|METHOD_EXIT|[421]|01p3600000JWdhN|OrgWideEmailAddressesSelector.getOrderBy()
09:06:07.0 (138531809)|HEAP_ALLOCATE|[421]|Bytes:1
09:06:07.0 (138573703)|HEAP_ALLOCATE|[421]|Bytes:11
09:06:07.0 (138579505)|HEAP_ALLOCATE|[421]|Bytes:8
09:06:07.0 (138611618)|HEAP_ALLOCATE|[421]|Bytes:5
09:06:07.0 (138625046)|VARIABLE_SCOPE_BEGIN|[421]|orderBy|String|false|false
09:06:07.0 (138636922)|VARIABLE_ASSIGNMENT|[421]|orderBy|"DisplayName"
09:06:07.0 (138641793)|STATEMENT_EXECUTE|[422]
09:06:07.0 (138643537)|STATEMENT_EXECUTE|[424]
09:06:07.0 (138669722)|HEAP_ALLOCATE|[424]|Bytes:11
09:06:07.0 (138680651)|HEAP_ALLOCATE|[424]|Bytes:1
09:06:07.0 (138696976)|HEAP_ALLOCATE|[424]|Bytes:11
09:06:07.0 (138701344)|HEAP_ALLOCATE|[424]|Bytes:8
09:06:07.0 (138713581)|VARIABLE_SCOPE_BEGIN|[424]|orderByParts|List<String>|true|false
09:06:07.0 (138736821)|HEAP_ALLOCATE|[EXTERNAL]|Bytes:8
09:06:07.0 (138747556)|VARIABLE_ASSIGNMENT|[424]|orderByParts|["DisplayName"]|0x6eac12d0
09:06:07.0 (138753980)|STATEMENT_EXECUTE|[425]
09:06:07.0 (138762243)|HEAP_ALLOCATE|[425]|Bytes:11
09:06:07.0 (138768637)|VARIABLE_SCOPE_BEGIN|[425]|fieldNamePart|String|false|false
09:06:07.0 (138783273)|VARIABLE_ASSIGNMENT|[425]|fieldNamePart|"DisplayName"
09:06:07.0 (138788524)|STATEMENT_EXECUTE|[426]
09:06:07.0 (138809999)|VARIABLE_SCOPE_BEGIN|[426]|fieldSortOrderPart|String|false|false
09:06:07.0 (138821132)|VARIABLE_ASSIGNMENT|[426]|fieldSortOrderPart|null
09:06:07.0 (138825727)|STATEMENT_EXECUTE|[427]
09:06:07.0 (138988057)|HEAP_ALLOCATE|[427]|Bytes:12
09:06:07.0 (138996081)|HEAP_ALLOCATE|[427]|Bytes:9
09:06:07.0 (139027832)|HEAP_ALLOCATE|[427]|Bytes:12
09:06:07.0 (139033392)|HEAP_ALLOCATE|[427]|Bytes:10
09:06:07.0 (139046650)|VARIABLE_SCOPE_BEGIN|[427]|fieldSortOrder|fflib_QueryFactory.SortOrder|true|false
09:06:07.0 (139065119)|VARIABLE_ASSIGNMENT|[427]|fieldSortOrder|"ASCENDING"|0x2fcbd95d
09:06:07.0 (139072303)|STATEMENT_EXECUTE|[429]
09:06:07.0 (139078309)|VARIABLE_ASSIGNMENT|[429]|fieldSortOrder|"ASCENDING"|0x2fcbd95d
09:06:07.0 (139083893)|STATEMENT_EXECUTE|[434]
09:06:07.0 (139096904)|METHOD_ENTRY|[434]|01pm0000000Yfar|fflib_QueryFactory.addOrdering(String, fflib_QueryFactory.SortOrder)
09:06:07.0 (139113435)|VARIABLE_SCOPE_BEGIN|[541]|this|fflib_QueryFactory|true|false
09:06:07.0 (139241742)|VARIABLE_ASSIGNMENT|[541]|this|{"enforceFLS":false,"fields":"0x37a81d76","order":"0x2be39302","sortSelectFields":true,"table":"common.apex.runtime.impl.ApexSObjectTypeToken@156502dc"}|0x27e2fb87
09:06:07.0 (139251110)|VARIABLE_SCOPE_BEGIN|[541]|fieldName|String|false|false
09:06:07.0 (139260865)|VARIABLE_ASSIGNMENT|[541]|fieldName|"DisplayName"
09:06:07.0 (139265147)|VARIABLE_SCOPE_BEGIN|[541]|direction|fflib_QueryFactory.SortOrder|true|false
09:06:07.0 (139275547)|VARIABLE_ASSIGNMENT|[541]|direction|"ASCENDING"|0x2fcbd95d
09:06:07.0 (139283864)|STATEMENT_EXECUTE|[541]
09:06:07.0 (139285604)|STATEMENT_EXECUTE|[542]
09:06:07.0 (139309166)|HEAP_ALLOCATE|[543]|Bytes:31
09:06:07.0 (139321754)|HEAP_ALLOCATE|[543]|Bytes:16
09:06:07.0 (139334184)|METHOD_ENTRY|[543]|01pm0000000Yfar|fflib_QueryFactory.getFieldPath(String)
09:06:07.0 (139350331)|VARIABLE_SCOPE_BEGIN|[87]|this|fflib_QueryFactory|true|false
09:06:07.0 (139496208)|VARIABLE_ASSIGNMENT|[87]|this|{"enforceFLS":false,"fields":"0x37a81d76","order":"0x2be39302","sortSelectFields":true,"table":"common.apex.runtime.impl.ApexSObjectTypeToken@156502dc"}|0x27e2fb87
09:06:07.0 (139507966)|VARIABLE_SCOPE_BEGIN|[87]|fieldName|String|false|false
09:06:07.0 (139518518)|VARIABLE_ASSIGNMENT|[87]|fieldName|"DisplayName"
09:06:07.0 (139527519)|STATEMENT_EXECUTE|[87]
09:06:07.0 (139532865)|HEAP_ALLOCATE|[88]|Bytes:1
09:06:07.0 (139582121)|STATEMENT_EXECUTE|[88]
09:06:07.0 (139584221)|STATEMENT_EXECUTE|[89]
09:06:07.0 (139703657)|VARIABLE_ASSIGNMENT|[EXTERNAL]|this|{"enforceFLS":false,"fields":"0x37a81d76","order":"0x2be39302","sortSelectFields":true,"table":"common.apex.runtime.impl.ApexSObjectTypeToken@156502dc"}|0x27e2fb87
09:06:07.0 (139728918)|HEAP_ALLOCATE|[89]|Bytes:120
09:06:07.0 (139736169)|HEAP_ALLOCATE|[89]|Bytes:252
09:06:07.0 (139740592)|HEAP_ALLOCATE|[89]|Bytes:84
09:06:07.0 (139755630)|METHOD_ENTRY|[39]|01pm0000000Yfat|fflib_SObjectDescribe.fflib_SObjectDescribe()
09:06:07.0 (139761509)|STATEMENT_EXECUTE|[39]
09:06:07.0 (139764679)|STATEMENT_EXECUTE|[39]
09:06:07.0 (139766291)|STATEMENT_EXECUTE|[242]
09:06:07.0 (139768088)|STATEMENT_EXECUTE|[317]
09:06:07.0 (139769602)|STATEMENT_EXECUTE|[338]
09:06:07.0 (139771682)|STATEMENT_EXECUTE|[356]
09:06:07.0 (139773389)|STATEMENT_EXECUTE|[357]
09:06:07.0 (139775452)|STATEMENT_EXECUTE|[358]
09:06:07.0 (139783684)|METHOD_EXIT|[39]|fflib_SObjectDescribe
09:06:07.0 (139798963)|METHOD_ENTRY|[89]|01pm0000000Yfat|fflib_SObjectDescribe.getDescribe(Schema.SObjectType)
09:06:07.0 (139810179)|VARIABLE_SCOPE_BEGIN|[197]|token|Schema.SObjectType|true|false
09:06:07.0 (139880610)|VARIABLE_ASSIGNMENT|[197]|token|"common.apex.runtime.impl.ApexSObjectTypeToken@156502dc"|0x156502dc
09:06:07.0 (139890356)|STATEMENT_EXECUTE|[197]
09:06:07.0 (139892689)|STATEMENT_EXECUTE|[198]
09:06:07.0 (139894354)|STATEMENT_EXECUTE|[200]
09:06:07.0 (139951412)|STATEMENT_EXECUTE|[177]
09:06:07.0 (139956560)|STATEMENT_EXECUTE|[179]
09:06:07.0 (139970674)|HEAP_ALLOCATE|[179]|Bytes:4
09:06:07.0 (140009023)|VARIABLE_ASSIGNMENT|[179]|fflib_SObjectDescribe.instanceCache|{}|0x4a708f29
09:06:07.0 (140016598)|STATEMENT_EXECUTE|[180]
09:06:07.0 (140045803)|HEAP_ALLOCATE|[200]|Bytes:19
09:06:07.0 (140063726)|HEAP_ALLOCATE|[200]|Bytes:19
09:06:07.0 (140084277)|VARIABLE_SCOPE_BEGIN|[200]|result|fflib_SObjectDescribe|true|false
09:06:07.0 (140095546)|VARIABLE_ASSIGNMENT|[200]|result|null|
09:06:07.0 (140101157)|STATEMENT_EXECUTE|[202]
09:06:07.0 (140297660)|HEAP_ALLOCATE|[202]|Bytes:28
09:06:07.0 (140312497)|CONSTRUCTOR_ENTRY|[202]|01pm0000000Yfat|<init>(Schema.SObjectType)|fflib_SObjectDescribe
09:06:07.0 (140333573)|VARIABLE_SCOPE_BEGIN|[77]|this|fflib_SObjectDescribe|true|false
09:06:07.0 (140370296)|VARIABLE_ASSIGNMENT|[77]|this|{}|0x6bf268b6
09:06:07.0 (140377474)|VARIABLE_SCOPE_BEGIN|[77]|token|Schema.SObjectType|true|false
09:06:07.0 (140455085)|VARIABLE_ASSIGNMENT|[77]|token|"common.apex.runtime.impl.ApexSObjectTypeToken@156502dc"|0x156502dc
09:06:07.0 (140464654)|STATEMENT_EXECUTE|[39]
09:06:07.0 (140466810)|STATEMENT_EXECUTE|[41]
09:06:07.0 (140468687)|STATEMENT_EXECUTE|[42]
09:06:07.0 (140470502)|STATEMENT_EXECUTE|[43]
09:06:07.0 (140471993)|STATEMENT_EXECUTE|[51]
09:06:07.0 (140473499)|STATEMENT_EXECUTE|[59]
09:06:07.0 (140474967)|STATEMENT_EXECUTE|[67]
09:06:07.0 (140489303)|STATEMENT_EXECUTE|[77]
09:06:07.0 (140491466)|STATEMENT_EXECUTE|[78]
09:06:07.0 (140507112)|STATEMENT_EXECUTE|[177]
09:06:07.0 (140509806)|STATEMENT_EXECUTE|[178]
09:06:07.0 (140511412)|STATEMENT_EXECUTE|[180]
09:06:07.0 (140531339)|HEAP_ALLOCATE|[80]|Bytes:19
09:06:07.0 (140552710)|STATEMENT_EXECUTE|[80]
09:06:07.0 (140554636)|STATEMENT_EXECUTE|[82]
09:06:07.0 (140624426)|VARIABLE_ASSIGNMENT|[82]|this.token|"common.apex.runtime.impl.ApexSObjectTypeToken@156502dc"|0x6bf268b6
09:06:07.0 (140633181)|STATEMENT_EXECUTE|[83]
09:06:07.0 (140647026)|STATEMENT_EXECUTE|[177]
09:06:07.0 (140649658)|STATEMENT_EXECUTE|[178]
09:06:07.0 (140651245)|STATEMENT_EXECUTE|[180]
09:06:07.0 (140666392)|HEAP_ALLOCATE|[83]|Bytes:19
09:06:07.0 (140680735)|HEAP_ALLOCATE|[83]|Bytes:19
09:06:07.0 (140698229)|HEAP_ALLOCATE|[EXTERNAL]|Bytes:-4
09:06:07.0 (140710858)|CONSTRUCTOR_EXIT|[202]|01pm0000000Yfat|<init>(Schema.SObjectType)|fflib_SObjectDescribe
09:06:07.0 (140812274)|VARIABLE_ASSIGNMENT|[202]|result|{"token":"common.apex.runtime.impl.ApexSObjectTypeToken@156502dc"}|0x6bf268b6
09:06:07.0 (140821266)|STATEMENT_EXECUTE|[203]
09:06:07.0 (140827000)|METHOD_EXIT|[89]|01pm0000000Yfat|fflib_SObjectDescribe.getDescribe(Schema.SObjectType)
09:06:07.0 (140844758)|HEAP_ALLOCATE|[89]|Bytes:11
09:06:07.0 (140867226)|METHOD_ENTRY|[89]|01pm0000000Yfat|fflib_SObjectDescribe.getField(String)
09:06:07.0 (140875442)|VARIABLE_SCOPE_BEGIN|[96]|this|fflib_SObjectDescribe|true|false
09:06:07.0 (140965428)|VARIABLE_ASSIGNMENT|[96]|this|{"token":"common.apex.runtime.impl.ApexSObjectTypeToken@156502dc"}|0x6bf268b6
09:06:07.0 (140974564)|VARIABLE_SCOPE_BEGIN|[96]|name|String|false|false
09:06:07.0 (140983960)|VARIABLE_ASSIGNMENT|[96]|name|"displayname"
09:06:07.0 (140991256)|STATEMENT_EXECUTE|[96]
09:06:07.0 (140993072)|STATEMENT_EXECUTE|[97]
09:06:07.0 (141004514)|METHOD_ENTRY|[97]|01pm0000000Yfat|fflib_SObjectDescribe.getField(String, Boolean)
09:06:07.0 (141021410)|VARIABLE_SCOPE_BEGIN|[104]|this|fflib_SObjectDescribe|true|false
09:06:07.0 (141110207)|VARIABLE_ASSIGNMENT|[104]|this|{"token":"common.apex.runtime.impl.ApexSObjectTypeToken@156502dc"}|0x6bf268b6
09:06:07.0 (141118127)|VARIABLE_SCOPE_BEGIN|[104]|fieldName|String|false|false
09:06:07.0 (141126696)|VARIABLE_ASSIGNMENT|[104]|fieldName|"displayname"
09:06:07.0 (141133267)|VARIABLE_SCOPE_BEGIN|[104]|implyNamespace|Boolean|false|false
09:06:07.0 (141141552)|VARIABLE_ASSIGNMENT|[104]|implyNamespace|true
09:06:07.0 (141147963)|STATEMENT_EXECUTE|[104]
09:06:07.0 (141150104)|STATEMENT_EXECUTE|[105]
09:06:07.0 (141249961)|VARIABLE_ASSIGNMENT|[EXTERNAL]|this|{"token":"common.apex.runtime.impl.ApexSObjectTypeToken@156502dc"}|0x6bf268b6
09:06:07.0 (141258869)|STATEMENT_EXECUTE|[68]
09:06:07.0 (141262855)|STATEMENT_EXECUTE|[69]
09:06:07.0 (141264529)|STATEMENT_EXECUTE|[70]
09:06:07.0 (141269085)|HEAP_ALLOCATE|[70]|Bytes:15
09:06:07.0 (141284893)|HEAP_ALLOCATE|[70]|Bytes:12
09:06:07.0 (141386707)|VARIABLE_ASSIGNMENT|[EXTERNAL]|this|{"token":"common.apex.runtime.impl.ApexSObjectTypeToken@156502dc"}|0x6bf268b6
09:06:07.0 (141395911)|STATEMENT_EXECUTE|[52]
09:06:07.0 (141399209)|STATEMENT_EXECUTE|[54]
09:06:07.0 (141495729)|VARIABLE_ASSIGNMENT|[EXTERNAL]|this|{"token":"common.apex.runtime.impl.ApexSObjectTypeToken@156502dc"}|0x6bf268b6
09:06:07.0 (141504592)|STATEMENT_EXECUTE|[44]
09:06:07.0 (141507912)|STATEMENT_EXECUTE|[46]
09:06:07.0 (141541483)|HEAP_ALLOCATE|[46]|Bytes:4
09:06:07.0 (141628187)|VARIABLE_ASSIGNMENT|[46]|this.describe|"common.api.soap.wsdl.DescribeSObjectResult@c4b6a7a8"|0x6bf268b6
09:06:07.0 (141636630)|STATEMENT_EXECUTE|[47]
09:06:07.0 (142133840)|HEAP_ALLOCATE|[54]|Bytes:40
09:06:07.0 (142309497)|VARIABLE_ASSIGNMENT|[54]|this.fields|"{address=Address, createdbyid=CreatedById, createddate=CreatedDate, displayname=DisplayName, id=Id, isallowallprofiles=IsAllowAllProfiles, lastmodifiedbyid=LastModifiedById, lastmodifieddate=LastModifiedDate, systemmodstamp=SystemModstamp}"|0x6bf268b6
09:06:07.0 (142322828)|STATEMENT_EXECUTE|[55]
09:06:07.0 (142345580)|CONSTRUCTOR_ENTRY|[70]|01pm0000000Yfat|<init>(Map<String,Schema.SObjectField>)|fflib_SObjectDescribe.FieldsMap
09:06:07.0 (142359527)|VARIABLE_SCOPE_BEGIN|[320]|this|fflib_SObjectDescribe.FieldsMap|true|false
09:06:07.0 (142387716)|VARIABLE_ASSIGNMENT|[320]|this|{}|0x49a8188c
09:06:07.0 (142394596)|VARIABLE_SCOPE_BEGIN|[320]|values|Map<String,Schema.SObjectField>|true|false
09:06:07.0 (142535153)|VARIABLE_ASSIGNMENT|[320]|values|"{address=Address, createdbyid=CreatedById, createddate=CreatedDate, displayname=DisplayName, id=Id, isallowallprofiles=IsAllowAllProfiles, lastmodifiedbyid=LastModifiedById, lastmodifieddate=LastModifiedDate, systemmodstamp=SystemModstamp}"|0x4aff9720
09:06:07.0 (142546039)|STATEMENT_EXECUTE|[317]
09:06:07.0 (142548525)|STATEMENT_EXECUTE|[321]
09:06:07.0 (142557046)|HEAP_ALLOCATE|[321]|Bytes:35
09:06:07.0 (142573592)|CONSTRUCTOR_ENTRY|[321]|01pm0000000Yfat|<init>(Map<String,ANY>)|fflib_SObjectDescribe.NamespacedAttributeMap
09:06:07.0 (142621230)|VARIABLE_SCOPE_BEGIN|[247]|this|fflib_SObjectDescribe.NamespacedAttributeMap|true|false
09:06:07.0 (142640650)|VARIABLE_ASSIGNMENT|[247]|this|{}|0x49a8188c
09:06:07.0 (142647273)|VARIABLE_SCOPE_BEGIN|[247]|values|Map<String,ANY>|true|false
09:06:07.0 (142797443)|VARIABLE_ASSIGNMENT|[247]|values|"{address=Address, createdbyid=CreatedById, createddate=CreatedDate, displayname=DisplayName, id=Id, isallowallprofiles=IsAllowAllProfiles, lastmodifiedbyid=LastModifiedById, lastmodifieddate=LastModifiedDate, systemmodstamp=SystemModstamp}"|0x4aff9720
09:06:07.0 (142809548)|STATEMENT_EXECUTE|[242]
09:06:07.0 (142811456)|STATEMENT_EXECUTE|[244]
09:06:07.0 (142813491)|STATEMENT_EXECUTE|[245]
09:06:07.0 (142828572)|STATEMENT_EXECUTE|[247]
09:06:07.0 (142830287)|STATEMENT_EXECUTE|[249]
09:06:07.0 (142834214)|HEAP_ALLOCATE|[249]|Bytes:21
09:06:07.0 (142887869)|HEAP_ALLOCATE|[249]|Bytes:8
09:06:07.0 (142897923)|HEAP_ALLOCATE|[249]|Bytes:8
09:06:07.0 (142903112)|VARIABLE_SCOPE_BEGIN|[4]|this|System.Type|true|false
09:06:07.0 (142922669)|VARIABLE_ASSIGNMENT|[4]|this|{}|0x13bcfaf4
09:06:07.0 (142929286)|VARIABLE_SCOPE_BEGIN|[4]|apextype|java:common.apex.runtime.ApexObjectType|true|false
09:06:07.0 (143012896)|VARIABLE_ASSIGNMENT|[4]|apextype|"fflib_SObjectDescribe"|0xa123548
09:06:07.0 (143042803)|HEAP_ALLOCATE|[249]|Bytes:8
09:06:07.0 (143056512)|METHOD_ENTRY|[249]||System.Type.getName()
09:06:07.0 (143094130)|METHOD_EXIT|[249]||System.Type.getName()
09:06:07.0 (143145094)|STATEMENT_EXECUTE|[250]
09:06:07.0 (143152485)|CONSTRUCTOR_EXIT|[321]|01pm0000000Yfat|<init>(Map<String,ANY>)|fflib_SObjectDescribe.NamespacedAttributeMap
09:06:07.0 (143159716)|STATEMENT_EXECUTE|[320]
09:06:07.0 (143163410)|CONSTRUCTOR_EXIT|[70]|01pm0000000Yfat|<init>(Map<String,Schema.SObjectField>)|fflib_SObjectDescribe.FieldsMap
09:06:07.0 (143174878)|VARIABLE_ASSIGNMENT|[70]|this.wrappedFields|0x49a8188c|0x6bf268b6
09:06:07.0 (143181183)|STATEMENT_EXECUTE|[72]
09:06:07.0 (143187861)|HEAP_ALLOCATE|[106]|Bytes:3
09:06:07.0 (143232841)|METHOD_ENTRY|[105]|01pm0000000Yfat|fflib_SObjectDescribe.FieldsMap.get(String, Boolean)
09:06:07.0 (143240563)|VARIABLE_SCOPE_BEGIN|[327]|this|fflib_SObjectDescribe.FieldsMap|true|false
09:06:07.0 (143266103)|VARIABLE_ASSIGNMENT|[327]|this|{"currentNamespace":"","values":"0x4aff9720"}|0x49a8188c
09:06:07.0 (143273182)|VARIABLE_SCOPE_BEGIN|[327]|name|String|false|false
09:06:07.0 (143281759)|VARIABLE_ASSIGNMENT|[327]|name|"displayname"
09:06:07.0 (143287807)|VARIABLE_SCOPE_BEGIN|[327]|implyNamespace|Boolean|false|false
09:06:07.0 (143297167)|VARIABLE_ASSIGNMENT|[327]|implyNamespace|true
09:06:07.0 (143303430)|STATEMENT_EXECUTE|[327]
09:06:07.0 (143305226)|STATEMENT_EXECUTE|[328]
09:06:07.0 (143314076)|METHOD_ENTRY|[328]|01pm0000000Yfat|fflib_SObjectDescribe.NamespacedAttributeMap.getObject(String, Boolean)
09:06:07.0 (143332301)|VARIABLE_SCOPE_BEGIN|[265]|this|fflib_SObjectDescribe.NamespacedAttributeMap|true|false
09:06:07.0 (143351781)|VARIABLE_ASSIGNMENT|[265]|this|{"currentNamespace":"","values":"0x4aff9720"}|0x49a8188c
09:06:07.0 (143357898)|VARIABLE_SCOPE_BEGIN|[265]|name|String|false|false
09:06:07.0 (143365955)|VARIABLE_ASSIGNMENT|[265]|name|"displayname"
09:06:07.0 (143371780)|VARIABLE_SCOPE_BEGIN|[265]|implyNamespace|Boolean|false|false
09:06:07.0 (143379878)|VARIABLE_ASSIGNMENT|[265]|implyNamespace|true
09:06:07.0 (143386173)|STATEMENT_EXECUTE|[265]
09:06:07.0 (143388164)|STATEMENT_EXECUTE|[266]
09:06:07.0 (143389719)|STATEMENT_EXECUTE|[268]
09:06:07.0 (143394599)|HEAP_ALLOCATE|[268]|Bytes:2
09:06:07.0 (143405672)|HEAP_ALLOCATE|[268]|Bytes:2
09:06:07.0 (143410959)|HEAP_ALLOCATE|[268]|Bytes:13
09:06:07.0 (143430409)|HEAP_ALLOCATE|[268]|Bytes:13
09:06:07.0 (143440743)|VARIABLE_SCOPE_BEGIN|[268]|preferredValue|String|false|false
09:06:07.0 (143451883)|VARIABLE_ASSIGNMENT|[268]|preferredValue|"__displayname"
09:06:07.0 (143481645)|STATEMENT_EXECUTE|[271]
09:06:07.0 (143483848)|STATEMENT_EXECUTE|[272]
09:06:07.0 (143497575)|HEAP_ALLOCATE|[272]|Bytes:11
09:06:07.0 (143518809)|METHOD_EXIT|[328]|01pm0000000Yfat|fflib_SObjectDescribe.NamespacedAttributeMap.getObject(String, Boolean)
09:06:07.0 (143527556)|METHOD_EXIT|[105]|01pm0000000Yfat|fflib_SObjectDescribe.FieldsMap.get(String, Boolean)
09:06:07.0 (143534116)|VARIABLE_SCOPE_BEGIN|[105]|result|Schema.SObjectField|true|false
09:06:07.0 (143608716)|VARIABLE_ASSIGNMENT|[105]|result|"common.apex.runtime.impl.ApexFieldToken@582b9edb"|0x582b9edb
09:06:07.0 (143617147)|STATEMENT_EXECUTE|[111]
09:06:07.0 (143619127)|STATEMENT_EXECUTE|[114]
09:06:07.0 (143623323)|METHOD_EXIT|[97]|01pm0000000Yfat|fflib_SObjectDescribe.getField(String, Boolean)
09:06:07.0 (143629868)|METHOD_EXIT|[89]|01pm0000000Yfat|fflib_SObjectDescribe.getField(String)
09:06:07.0 (143636317)|VARIABLE_SCOPE_BEGIN|[89]|token|Schema.SObjectField|true|false
09:06:07.0 (143700917)|VARIABLE_ASSIGNMENT|[89]|token|"common.apex.runtime.impl.ApexFieldToken@582b9edb"|0x582b9edb
09:06:07.0 (143711656)|STATEMENT_EXECUTE|[90]
09:06:07.0 (143716558)|STATEMENT_EXECUTE|[92]
09:06:07.0 (143718358)|STATEMENT_EXECUTE|[94]
09:06:07.0 (143762331)|HEAP_ALLOCATE|[94]|Bytes:8
09:06:07.0 (143787894)|HEAP_ALLOCATE|[94]|Bytes:11
09:06:07.0 (143797649)|METHOD_EXIT|[543]|01pm0000000Yfar|fflib_QueryFactory.getFieldPath(String)
09:06:07.0 (143821818)|CONSTRUCTOR_ENTRY|[543]|01pm0000000Yfar|<init>(String,fflib_QueryFactory.SortOrder)|fflib_QueryFactory.Ordering
09:06:07.0 (143841173)|VARIABLE_SCOPE_BEGIN|[662]|this|fflib_QueryFactory.Ordering|true|false
09:06:07.0 (143870528)|VARIABLE_ASSIGNMENT|[662]|this|{}|0x56d28d33
09:06:07.0 (143877542)|VARIABLE_SCOPE_BEGIN|[662]|field|String|false|false
09:06:07.0 (143887947)|VARIABLE_ASSIGNMENT|[662]|field|"DisplayName"
09:06:07.0 (143892988)|VARIABLE_SCOPE_BEGIN|[662]|direction|fflib_QueryFactory.SortOrder|true|false
09:06:07.0 (143904306)|VARIABLE_ASSIGNMENT|[662]|direction|"ASCENDING"|0x2fcbd95d
09:06:07.0 (143912002)|STATEMENT_EXECUTE|[663]
09:06:07.0 (143923037)|CONSTRUCTOR_ENTRY|[663]|01pm0000000Yfar|<init>(String,fflib_QueryFactory.SortOrder,Boolean)|fflib_QueryFactory.Ordering
09:06:07.0 (143957507)|VARIABLE_SCOPE_BEGIN|[666]|this|fflib_QueryFactory.Ordering|true|false
09:06:07.0 (143973594)|VARIABLE_ASSIGNMENT|[666]|this|{}|0x56d28d33
09:06:07.0 (143979032)|VARIABLE_SCOPE_BEGIN|[666]|field|String|false|false
09:06:07.0 (143987882)|VARIABLE_ASSIGNMENT|[666]|field|"DisplayName"
09:06:07.0 (143991783)|VARIABLE_SCOPE_BEGIN|[666]|direction|fflib_QueryFactory.SortOrder|true|false
09:06:07.0 (144001604)|VARIABLE_ASSIGNMENT|[666]|direction|"ASCENDING"|0x2fcbd95d
09:06:07.0 (144009457)|VARIABLE_SCOPE_BEGIN|[666]|nullsLast|Boolean|false|false
09:06:07.0 (144018274)|VARIABLE_ASSIGNMENT|[666]|nullsLast|false
09:06:07.0 (144023285)|STATEMENT_EXECUTE|[640]
09:06:07.0 (144025107)|STATEMENT_EXECUTE|[641]
09:06:07.0 (144026708)|STATEMENT_EXECUTE|[642]
09:06:07.0 (144028372)|STATEMENT_EXECUTE|[643]
09:06:07.0 (144040915)|STATEMENT_EXECUTE|[666]
09:06:07.0 (144042785)|STATEMENT_EXECUTE|[667]
09:06:07.0 (144047926)|VARIABLE_ASSIGNMENT|[667]|this.direction|0x2fcbd95d|0x56d28d33
09:06:07.0 (144053306)|STATEMENT_EXECUTE|[668]
09:06:07.0 (144059004)|VARIABLE_ASSIGNMENT|[668]|this.field|"DisplayName"|0x56d28d33
09:06:07.0 (144064661)|STATEMENT_EXECUTE|[669]
09:06:07.0 (144068876)|HEAP_ALLOCATE|[669]|Bytes:5
09:06:07.0 (144076065)|VARIABLE_ASSIGNMENT|[669]|this.nullsLast|false|0x56d28d33
09:06:07.0 (144085648)|CONSTRUCTOR_EXIT|[663]|01pm0000000Yfar|<init>(String,fflib_QueryFactory.SortOrder,Boolean)|fflib_QueryFactory.Ordering
09:06:07.0 (144092545)|STATEMENT_EXECUTE|[662]
09:06:07.0 (144096805)|CONSTRUCTOR_EXIT|[543]|01pm0000000Yfar|<init>(String,fflib_QueryFactory.SortOrder)|fflib_QueryFactory.Ordering
09:06:07.0 (144132114)|HEAP_ALLOCATE|[EXTERNAL]|Bytes:4
09:06:07.0 (144140986)|STATEMENT_EXECUTE|[545]
09:06:07.0 (144146473)|METHOD_EXIT|[434]|01pm0000000Yfar|fflib_QueryFactory.addOrdering(String, fflib_QueryFactory.SortOrder)
09:06:07.0 (144159932)|HEAP_ALLOCATE|[421]|Bytes:5
09:06:07.0 (144171721)|VARIABLE_ASSIGNMENT|[421]|orderBy|null
09:06:07.0 (144177603)|STATEMENT_EXECUTE|[437]
09:06:07.0 (144190489)|METHOD_ENTRY|[437]|01pm0000000Yfar|fflib_QueryFactory.setSortSelectFields(Boolean)
09:06:07.0 (144204710)|VARIABLE_SCOPE_BEGIN|[196]|this|fflib_QueryFactory|true|false
09:06:07.0 (144329242)|VARIABLE_ASSIGNMENT|[196]|this|{"enforceFLS":false,"fields":"0x37a81d76","order":"0x2be39302","sortSelectFields":true,"table":"common.apex.runtime.impl.ApexSObjectTypeToken@156502dc"}|0x27e2fb87
09:06:07.0 (144338369)|VARIABLE_SCOPE_BEGIN|[196]|doSort|Boolean|false|false
09:06:07.0 (144347718)|VARIABLE_ASSIGNMENT|[196]|doSort|true
09:06:07.0 (144354043)|STATEMENT_EXECUTE|[196]
09:06:07.0 (144355852)|STATEMENT_EXECUTE|[197]
09:06:07.0 (144362029)|VARIABLE_ASSIGNMENT|[197]|this.sortSelectFields|true|0x27e2fb87
09:06:07.0 (144367986)|STATEMENT_EXECUTE|[198]
09:06:07.0 (144372841)|METHOD_EXIT|[437]|01pm0000000Yfar|fflib_QueryFactory.setSortSelectFields(Boolean)
09:06:07.0 (144379753)|STATEMENT_EXECUTE|[439]
09:06:07.0 (144387159)|METHOD_EXIT|[318]|01pm0000000Yfay|fflib_SObjectSelector.configureQueryFactory(fflib_QueryFactory, Boolean, Boolean, Boolean)
09:06:07.0 (144395012)|METHOD_EXIT|[300]|01pm0000000Yfay|fflib_SObjectSelector.newQueryFactory(Boolean, Boolean, Boolean)
09:06:07.0 (144401530)|METHOD_EXIT|[38]|01pm0000000Yfay|fflib_SObjectSelector.newQueryFactory()
09:06:07.0 (144407565)|VARIABLE_SCOPE_BEGIN|[38]|orgWideEmailAddressQueryFactory|fflib_QueryFactory|true|false
09:06:07.0 (144515459)|VARIABLE_ASSIGNMENT|[38]|orgWideEmailAddressQueryFactory|{"enforceFLS":false,"fields":"0x37a81d76","order":"0x2be39302","sortSelectFields":true,"table":"common.apex.runtime.impl.ApexSObjectTypeToken@156502dc"}|0x27e2fb87
09:06:07.0 (144523996)|STATEMENT_EXECUTE|[40]
09:06:07.0 (144535123)|METHOD_ENTRY|[40]|01pm0000000Yfar|fflib_QueryFactory.toSOQL()
09:06:07.0 (144551749)|VARIABLE_SCOPE_BEGIN|[571]|this|fflib_QueryFactory|true|false
09:06:07.0 (144657711)|VARIABLE_ASSIGNMENT|[571]|this|{"enforceFLS":false,"fields":"0x37a81d76","order":"0x2be39302","sortSelectFields":true,"table":"common.apex.runtime.impl.ApexSObjectTypeToken@156502dc"}|0x27e2fb87
09:06:07.0 (144668869)|STATEMENT_EXECUTE|[571]
09:06:07.0 (144674658)|STATEMENT_EXECUTE|[572]
09:06:07.0 (144678956)|HEAP_ALLOCATE|[572]|Bytes:7
09:06:07.0 (144684992)|VARIABLE_SCOPE_BEGIN|[572]|result|String|false|false
09:06:07.0 (144695069)|VARIABLE_ASSIGNMENT|[572]|result|"SELECT "
09:06:07.0 (144727792)|STATEMENT_EXECUTE|[577]
09:06:07.0 (144729869)|STATEMENT_EXECUTE|[578]
09:06:07.0 (144739626)|HEAP_ALLOCATE|[578]|Bytes:4
09:06:07.0 (144771914)|HEAP_ALLOCATE|[578]|Bytes:12
09:06:07.0 (144787172)|VARIABLE_SCOPE_BEGIN|[578]|fieldsToQuery|List<String>|true|false
09:06:07.0 (144809707)|HEAP_ALLOCATE|[EXTERNAL]|Bytes:16
09:06:07.0 (144822500)|VARIABLE_ASSIGNMENT|[578]|fieldsToQuery|["Id","DisplayName","Address"]|0x5ce61afa
09:06:07.0 (144831433)|STATEMENT_EXECUTE|[580]
09:06:07.0 (144833267)|STATEMENT_EXECUTE|[581]
09:06:07.0 (144860660)|STATEMENT_EXECUTE|[584]
09:06:07.0 (144864607)|HEAP_ALLOCATE|[584]|Bytes:2
09:06:07.0 (144904419)|HEAP_ALLOCATE|[584]|Bytes:5
09:06:07.0 (144911529)|HEAP_ALLOCATE|[584]|Bytes:7
09:06:07.0 (144917229)|HEAP_ALLOCATE|[584]|Bytes:5
09:06:07.0 (144921445)|HEAP_ALLOCATE|[584]|Bytes:11
09:06:07.0 (144925357)|HEAP_ALLOCATE|[584]|Bytes:5
09:06:07.0 (144928705)|HEAP_ALLOCATE|[584]|Bytes:2
09:06:07.0 (144932551)|HEAP_ALLOCATE|[584]|Bytes:5
09:06:07.0 (144936913)|HEAP_ALLOCATE|[584]|Bytes:24
09:06:07.0 (144950042)|HEAP_ALLOCATE|[584]|Bytes:31
09:06:07.0 (144960692)|VARIABLE_ASSIGNMENT|[584]|result|"SELECT Address, Disp (11 more) ..."
09:06:07.0 (144968732)|STATEMENT_EXECUTE|[587]
09:06:07.0 (144970548)|STATEMENT_EXECUTE|[592]
09:06:07.0 (144973496)|HEAP_ALLOCATE|[592]|Bytes:6
09:06:07.0 (145100639)|VARIABLE_ASSIGNMENT|[EXTERNAL]|this|{"enforceFLS":false,"fields":"0x37a81d76","order":"0x2be39302","sortSelectFields":true,"table":"common.apex.runtime.impl.ApexSObjectTypeToken@156502dc"}|0x27e2fb87
09:06:07.0 (145139738)|HEAP_ALLOCATE|[592]|Bytes:4
09:06:07.0 (145156710)|HEAP_ALLOCATE|[592]|Bytes:19
09:06:07.0 (145164437)|HEAP_ALLOCATE|[592]|Bytes:25
09:06:07.0 (145169021)|HEAP_ALLOCATE|[592]|Bytes:56
09:06:07.0 (145178222)|VARIABLE_ASSIGNMENT|[592]|result|"SELECT Address, Disp (36 more) ..."
09:06:07.0 (145185285)|STATEMENT_EXECUTE|[593]
09:06:07.0 (145208579)|STATEMENT_EXECUTE|[596]
09:06:07.0 (145210554)|STATEMENT_EXECUTE|[597]
09:06:07.0 (145213504)|HEAP_ALLOCATE|[597]|Bytes:10
09:06:07.0 (145219182)|HEAP_ALLOCATE|[597]|Bytes:66
09:06:07.0 (145227277)|VARIABLE_ASSIGNMENT|[597]|result|"SELECT Address, Disp (46 more) ..."
09:06:07.0 (145340928)|HEAP_ALLOCATE|[598]|Bytes:5
09:06:07.0 (145353079)|HEAP_ALLOCATE|[598]|Bytes:16
09:06:07.0 (145360123)|VARIABLE_SCOPE_BEGIN|[598]|o|fflib_QueryFactory.Ordering|true|false
09:06:07.0 (145384352)|VARIABLE_ASSIGNMENT|[598]|o|{"direction":"0x2fcbd95d","field":"DisplayName","nullsLast":false}|0x56d28d33
09:06:07.0 (145391467)|STATEMENT_EXECUTE|[599]
09:06:07.0 (145403399)|METHOD_ENTRY|[599]|01pm0000000Yfar|fflib_QueryFactory.Ordering.toSOQL()
09:06:07.0 (145418980)|VARIABLE_SCOPE_BEGIN|[677]|this|fflib_QueryFactory.Ordering|true|false
09:06:07.0 (145438268)|VARIABLE_ASSIGNMENT|[677]|this|{"direction":"0x2fcbd95d","field":"DisplayName","nullsLast":false}|0x56d28d33
09:06:07.0 (145446369)|STATEMENT_EXECUTE|[677]
09:06:07.0 (145448060)|STATEMENT_EXECUTE|[678]
09:06:07.0 (145512598)|HEAP_ALLOCATE|[678]|Bytes:3
09:06:07.0 (145520187)|HEAP_ALLOCATE|[678]|Bytes:13
09:06:07.0 (145529593)|HEAP_ALLOCATE|[678]|Bytes:28
09:06:07.0 (145535562)|METHOD_EXIT|[599]|01pm0000000Yfar|fflib_QueryFactory.Ordering.toSOQL()
09:06:07.0 (145543159)|HEAP_ALLOCATE|[599]|Bytes:30
09:06:07.0 (145547524)|HEAP_ALLOCATE|[599]|Bytes:96
09:06:07.0 (145556716)|VARIABLE_ASSIGNMENT|[599]|result|"SELECT Address, Disp (76 more) ..."
09:06:07.0 (145569262)|HEAP_ALLOCATE|[598]|Bytes:5
09:06:07.0 (145579847)|VARIABLE_ASSIGNMENT|[598]|o|null|
09:06:07.0 (145585039)|STATEMENT_EXECUTE|[600]
09:06:07.0 (145622969)|HEAP_ALLOCATE|[600]|Bytes:94
09:06:07.0 (145636229)|VARIABLE_ASSIGNMENT|[600]|result|"SELECT Address, Disp (74 more) ..."
09:06:07.0 (145643192)|STATEMENT_EXECUTE|[603]
09:06:07.0 (145645495)|STATEMENT_EXECUTE|[606]
09:06:07.0 (145647383)|STATEMENT_EXECUTE|[609]
09:06:07.0 (145650806)|METHOD_EXIT|[40]|01pm0000000Yfar|fflib_QueryFactory.toSOQL()
09:06:07.0 (145870470)|SOQL_EXECUTE_BEGIN|[40]|Aggregations:0|SELECT Address, DisplayName, Id FROM OrgWideEmailAddress ORDER BY DisplayName ASC NULLS FIRST 
09:06:07.0 (147572946)|SOQL_EXECUTE_END|[40]|Rows:1
09:06:07.0 (147597697)|HEAP_ALLOCATE|[40]|Bytes:8
09:06:07.0 (147614989)|HEAP_ALLOCATE|[40]|Bytes:94
09:06:07.0 (147680988)|HEAP_ALLOCATE|[40]|Bytes:8
09:06:07.0 (147705639)|METHOD_EXIT|[82]|01p3600000JWdhN|OrgWideEmailAddressesSelector.selectAll()
09:06:07.0 (147813099)|HEAP_ALLOCATE|[82]|Bytes:5
09:06:07.0 (147846615)|HEAP_ALLOCATE|[82]|Bytes:16
09:06:07.0 (147856814)|VARIABLE_SCOPE_BEGIN|[82]|orgWideEmailAddress|OrgWideEmailAddress|true|false
09:06:07.0 (147882148)|VARIABLE_ASSIGNMENT|[82]|orgWideEmailAddress|{"Address":"registration@matsonm (8 more) ...","DisplayName":"Mark Matson","Id":"0D236000000L933CAC"}|0x1f63f8ff
09:06:07.0 (147890788)|STATEMENT_EXECUTE|[82]
09:06:07.0 (147969272)|STATEMENT_EXECUTE|[84]
09:06:07.0 (147971786)|STATEMENT_EXECUTE|[85]
09:06:07.0 (147998277)|HEAP_ALLOCATE|[85]|Bytes:18
09:06:07.0 (148060263)|HEAP_ALLOCATE|[EXTERNAL]|Bytes:4
09:06:07.0 (148077398)|HEAP_ALLOCATE|[82]|Bytes:5
09:06:07.0 (148089952)|VARIABLE_ASSIGNMENT|[82]|orgWideEmailAddress|null|
09:06:07.0 (148095937)|STATEMENT_EXECUTE|[89]
09:06:07.0 (148100133)|SYSTEM_MODE_EXIT|false
09:06:07.0 (149906681)|VF_SERIALIZE_VIEWSTATE_BEGIN|06636000006g5Bt
09:06:07.0 (153959087)|VF_SERIALIZE_VIEWSTATE_END
09:06:07.176 (176856710)|CUMULATIVE_LIMIT_USAGE
09:06:07.176 (176856710)|LIMIT_USAGE_FOR_NS|(default)|
  Number of SOQL queries: 1 out of 100
  Number of query rows: 59 out of 50000
  Number of SOSL queries: 0 out of 20
  Number of DML statements: 0 out of 150
  Number of DML rows: 0 out of 10000
  Maximum CPU time: 0 out of 10000
  Maximum heap size: 0 out of 6000000
  Number of callouts: 0 out of 100
  Number of Email Invocations: 0 out of 10
  Number of future calls: 0 out of 50
  Number of queueable jobs added to the queue: 0 out of 50
  Number of Mobile Apex push calls: 0 out of 10

09:06:07.176 (176856710)|CUMULATIVE_LIMIT_USAGE_END

09:06:07.0 (176900554)|CODE_UNIT_FINISHED|VF: /apex/Mass_Email_Event_Registrants
09:06:07.0 (177789712)|EXECUTION_FINISHED
