43.0 APEX_CODE,FINEST;APEX_PROFILING,INFO;CALLOUT,INFO;DB,INFO;NBA,INFO;SYSTEM,DEBUG;VALIDATION,INFO;VISUALFORCE,INFO;WAVE,INFO;WORKFLOW,INFO
12:33:50.0 (780385)|USER_INFO|[EXTERNAL]|00518000002hPQO|matthew.billups@matsonmoney.com.mbill|Mountain Standard Time|GMT-07:00
12:33:50.0 (821675)|EXECUTION_STARTED
12:33:50.0 (827018)|CODE_UNIT_STARTED|[EXTERNAL]|01pm0000000bA1S|PrintTableTentEventsTriggerTests.test()
12:33:50.0 (1035459)|HEAP_ALLOCATE|[72]|Bytes:3
12:33:50.0 (1073653)|HEAP_ALLOCATE|[77]|Bytes:152
12:33:50.0 (1088648)|HEAP_ALLOCATE|[342]|Bytes:408
12:33:50.0 (1104148)|HEAP_ALLOCATE|[355]|Bytes:408
12:33:50.0 (1117536)|HEAP_ALLOCATE|[467]|Bytes:48
12:33:50.0 (1144479)|HEAP_ALLOCATE|[139]|Bytes:6
12:33:50.0 (1160110)|HEAP_ALLOCATE|[EXTERNAL]|Bytes:1
12:33:50.0 (1164886)|HEAP_ALLOCATE|[EXTERNAL]|Bytes:5
12:33:50.0 (1176286)|METHOD_ENTRY|[2]|01pm0000000bA1S|PrintTableTentEventsTriggerTests.PrintTableTentEventsTriggerTests()
12:33:50.0 (1182778)|STATEMENT_EXECUTE|[2]
12:33:50.0 (1187941)|STATEMENT_EXECUTE|[2]
12:33:50.0 (1192663)|METHOD_EXIT|[2]|PrintTableTentEventsTriggerTests
12:33:50.0 (1245930)|HEAP_ALLOCATE|[50]|Bytes:5
12:33:50.0 (1268132)|HEAP_ALLOCATE|[56]|Bytes:5
12:33:50.0 (1275602)|HEAP_ALLOCATE|[64]|Bytes:7
12:33:50.0 (1310719)|STATEMENT_EXECUTE|[3]
12:33:50.0 (1312784)|STATEMENT_EXECUTE|[4]
12:33:50.0 (1342878)|HEAP_ALLOCATE|[4]|Bytes:70
12:33:50.0 (1352076)|SYSTEM_METHOD_ENTRY|[1]|Test.Test()
12:33:50.0 (1355716)|STATEMENT_EXECUTE|[1]
12:33:50.0 (1360088)|SYSTEM_METHOD_EXIT|[1]|Test
12:33:50.0 (1371963)|METHOD_ENTRY|[4]||System.Test.startTest()
12:33:50.0 (2503033)|METHOD_EXIT|[4]||System.Test.startTest()
12:33:50.0 (2511570)|STATEMENT_EXECUTE|[5]
12:33:50.0 (2520727)|METHOD_ENTRY|[5]|01pm0000000bA1S|PrintTableTentEventsTriggerTests.fakePrintTableTentEvent()
12:33:50.0 (2602985)|STATEMENT_EXECUTE|[9]
12:33:50.0 (2611107)|STATEMENT_EXECUTE|[10]
12:33:50.0 (2632228)|HEAP_ALLOCATE|[10]|Bytes:4
12:33:50.0 (2709776)|HEAP_ALLOCATE|[10]|Bytes:7
12:33:50.0 (2782995)|VARIABLE_ASSIGNMENT|[10]|this.Printer_Id__c|"abc-123"|0x6f527509
12:33:50.0 (2791839)|HEAP_ALLOCATE|[10]|Bytes:4
12:33:50.0 (2811876)|VARIABLE_ASSIGNMENT|[10]|this.Attendee_First_Name__c|"Test"|0x6f527509
12:33:50.0 (2818342)|HEAP_ALLOCATE|[10]|Bytes:6
12:33:50.0 (2846530)|VARIABLE_ASSIGNMENT|[10]|this.Attendee_Last_Name__c|"McTest"|0x6f527509
12:33:50.0 (2875566)|VARIABLE_SCOPE_BEGIN|[10]|fake|Print_Table_Tent__e|true|false
12:33:50.0 (2921497)|VARIABLE_ASSIGNMENT|[10]|fake|{"Printer_Id__c":"abc-123","Attendee_First_Name__c":"Test","Attendee_Last_Name__c":"McTest"}|0x6f527509
12:33:50.0 (2927949)|STATEMENT_EXECUTE|[11]
12:33:50.0 (2934037)|METHOD_EXIT|[5]|01pm0000000bA1S|PrintTableTentEventsTriggerTests.fakePrintTableTentEvent()
12:33:50.0 (3129887)|HEAP_ALLOCATE|[5]|Bytes:8
12:33:50.0 (3141147)|DML_BEGIN|[5]|Op:Insert|Type:Print_Table_Tent__e|Rows:1
12:33:50.0 (3180477)|HEAP_ALLOCATE|[EXTERNAL]|Bytes:8
12:33:50.0 (5875278)|DML_END|[5]
12:33:50.0 (5926166)|HEAP_ALLOCATE|[5]|Bytes:4
12:33:50.0 (5952740)|VARIABLE_SCOPE_BEGIN|[5]|result|Database.SaveResult|true|false
12:33:50.0 (5988497)|VARIABLE_ASSIGNMENT|[5]|result|{"success":true,"id":"e0Cxx0000000001EAA"}|0x40f7e323
12:33:50.0 (5995853)|STATEMENT_EXECUTE|[6]
12:33:50.0 (6007171)|METHOD_ENTRY|[6]||System.Test.stopTest()
12:33:50.0 (7612887)|METHOD_EXIT|[6]||System.Test.stopTest()
12:33:50.7 (7626046)|CUMULATIVE_LIMIT_USAGE
12:33:50.7 (7626046)|LIMIT_USAGE_FOR_NS|(default)|
  Number of SOQL queries: 0 out of 100
  Number of query rows: 0 out of 50000
  Number of SOSL queries: 0 out of 20
  Number of DML statements: 0 out of 150
  Number of DML rows: 0 out of 10000
  Maximum CPU time: 0 out of 10000
  Maximum heap size: 0 out of 6000000
  Number of callouts: 0 out of 100
  Number of Email Invocations: 0 out of 10
  Number of future calls: 0 out of 50
  Number of queueable jobs added to the queue: 0 out of 50
  Number of Mobile Apex push calls: 0 out of 10

12:33:50.7 (7626046)|TESTING_LIMITS
12:33:50.7 (7626046)|LIMIT_USAGE_FOR_NS|(default)|
  Number of SOQL queries: 0 out of 100
  Number of query rows: 0 out of 50000
  Number of SOSL queries: 0 out of 20
  Number of DML statements: 1 out of 150
  Number of DML rows: 1 out of 10000
  Maximum CPU time: 0 out of 10000
  Maximum heap size: 0 out of 6000000
  Number of callouts: 0 out of 100
  Number of Email Invocations: 0 out of 10
  Number of future calls: 0 out of 50
  Number of queueable jobs added to the queue: 0 out of 50
  Number of Mobile Apex push calls: 0 out of 10

12:33:50.7 (7626046)|CUMULATIVE_LIMIT_USAGE_END

12:33:50.0 (7661221)|CODE_UNIT_FINISHED|PrintTableTentEventsTriggerTests.test()
12:33:50.0 (8562046)|EXECUTION_FINISHED
