44.0 APEX_CODE,FINEST;APEX_PROFILING,INFO;CALLOUT,INFO;DB,INFO;NBA,INFO;SYSTEM,DEBUG;VALIDATION,INFO;VISUALFORCE,INFO;WAVE,INFO;WORKFLOW,INFO
16:39:05.0 (296403)|EXECUTION_STARTED
16:39:05.0 (316344)|CODE_UNIT_STARTED|[EXTERNAL]|VisualForce View State
16:39:05.0 (4750007)|HEAP_ALLOCATE|[72]|Bytes:3
16:39:05.0 (4809163)|HEAP_ALLOCATE|[77]|Bytes:152
16:39:05.0 (4825752)|HEAP_ALLOCATE|[342]|Bytes:408
16:39:05.0 (4843281)|HEAP_ALLOCATE|[355]|Bytes:408
16:39:05.0 (4854234)|HEAP_ALLOCATE|[467]|Bytes:48
16:39:05.0 (4881316)|HEAP_ALLOCATE|[139]|Bytes:6
16:39:05.0 (4907055)|HEAP_ALLOCATE|[50]|Bytes:5
16:39:05.0 (4929137)|HEAP_ALLOCATE|[56]|Bytes:5
16:39:05.0 (4937287)|HEAP_ALLOCATE|[64]|Bytes:7
16:39:05.0 (8709148)|CODE_UNIT_FINISHED|VisualForce View State
16:39:05.0 (9634860)|EXECUTION_FINISHED
16:39:05.10 (10774129)|SYSTEM_MODE_ENTER|true
16:39:05.10 (10808200)|HEAP_ALLOCATE|[EXTERNAL]|Bytes:400
16:39:05.10 (10817856)|HEAP_ALLOCATE|[EXTERNAL]|Bytes:235
16:39:05.88 (88879753)|CUMULATIVE_LIMIT_USAGE
16:39:05.88 (88879753)|LIMIT_USAGE_FOR_NS|(default)|
  Number of SOQL queries: 0 out of 100
  Number of query rows: 0 out of 50000
  Number of SOSL queries: 0 out of 20
  Number of DML statements: 0 out of 150
  Number of DML rows: 0 out of 10000
  Maximum CPU time: 0 out of 10000
  Maximum heap size: 0 out of 6000000
  Number of callouts: 0 out of 100
  Number of Email Invocations: 0 out of 10
  Number of future calls: 0 out of 50
  Number of queueable jobs added to the queue: 0 out of 50
  Number of Mobile Apex push calls: 0 out of 10

16:39:05.88 (88879753)|CUMULATIVE_LIMIT_USAGE_END

