44.0 APEX_CODE,FINEST;APEX_PROFILING,INFO;CALLOUT,INFO;DB,INFO;NBA,INFO;SYSTEM,DEBUG;VALIDATION,INFO;VISUALFORCE,INFO;WAVE,INFO;WORKFLOW,INFO
15:31:25.0 (371819)|EXECUTION_STARTED
15:31:25.0 (402895)|CODE_UNIT_STARTED|[EXTERNAL]|VisualForce View State
15:31:25.0 (5727084)|HEAP_ALLOCATE|[72]|Bytes:3
15:31:25.0 (5791065)|HEAP_ALLOCATE|[77]|Bytes:152
15:31:25.0 (5809363)|HEAP_ALLOCATE|[342]|Bytes:408
15:31:25.0 (5822376)|HEAP_ALLOCATE|[355]|Bytes:408
15:31:25.0 (5833733)|HEAP_ALLOCATE|[467]|Bytes:48
15:31:25.0 (5862439)|HEAP_ALLOCATE|[139]|Bytes:6
15:31:25.0 (5889787)|HEAP_ALLOCATE|[50]|Bytes:5
15:31:25.0 (5913770)|HEAP_ALLOCATE|[56]|Bytes:5
15:31:25.0 (5921656)|HEAP_ALLOCATE|[64]|Bytes:7
15:31:25.0 (9713248)|CODE_UNIT_FINISHED|VisualForce View State
15:31:25.0 (10675892)|EXECUTION_FINISHED
15:31:25.11 (11893050)|SYSTEM_MODE_ENTER|true
15:31:25.11 (11932735)|HEAP_ALLOCATE|[EXTERNAL]|Bytes:400
15:31:25.11 (11943804)|HEAP_ALLOCATE|[EXTERNAL]|Bytes:235
15:31:25.49 (49691098)|CUMULATIVE_LIMIT_USAGE
15:31:25.49 (49691098)|LIMIT_USAGE_FOR_NS|(default)|
  Number of SOQL queries: 0 out of 100
  Number of query rows: 0 out of 50000
  Number of SOSL queries: 0 out of 20
  Number of DML statements: 0 out of 150
  Number of DML rows: 0 out of 10000
  Maximum CPU time: 0 out of 10000
  Maximum heap size: 0 out of 6000000
  Number of callouts: 0 out of 100
  Number of Email Invocations: 0 out of 10
  Number of future calls: 0 out of 50
  Number of queueable jobs added to the queue: 0 out of 50
  Number of Mobile Apex push calls: 0 out of 10

15:31:25.49 (49691098)|CUMULATIVE_LIMIT_USAGE_END

