42.0 APEX_CODE,FINEST;APEX_PROFILING,INFO;CALLOUT,INFO;DB,INFO;NBA,INFO;SYSTEM,DEBUG;VALIDATION,INFO;VISUALFORCE,INFO;WAVE,INFO;WORKFLOW,INFO
12:35:38.0 (941616)|USER_INFO|[EXTERNAL]|00518000002hPQO|matthew.billups@matsonmoney.com.mbill|Mountain Standard Time|GMT-07:00
12:35:38.0 (1003097)|EXECUTION_STARTED
12:35:38.0 (1009606)|CODE_UNIT_STARTED|[EXTERNAL]|01pm0000000YfbH|sfab_FieldValuePairNodeTest.build_expectMap()
12:35:38.0 (2054378)|HEAP_ALLOCATE|[72]|Bytes:3
12:35:38.0 (2108589)|HEAP_ALLOCATE|[77]|Bytes:152
12:35:38.0 (2133247)|HEAP_ALLOCATE|[342]|Bytes:408
12:35:38.0 (2158336)|HEAP_ALLOCATE|[355]|Bytes:408
12:35:38.0 (2180333)|HEAP_ALLOCATE|[467]|Bytes:48
12:35:38.0 (2217893)|HEAP_ALLOCATE|[139]|Bytes:6
12:35:38.0 (2242690)|HEAP_ALLOCATE|[EXTERNAL]|Bytes:5
12:35:38.0 (2270511)|METHOD_ENTRY|[2]|01pm0000000YfbH|sfab_FieldValuePairNodeTest.sfab_FieldValuePairNodeTest()
12:35:38.0 (2279182)|STATEMENT_EXECUTE|[2]
12:35:38.0 (2285219)|STATEMENT_EXECUTE|[2]
12:35:38.0 (2291027)|METHOD_EXIT|[2]|sfab_FieldValuePairNodeTest
12:35:38.0 (2410220)|HEAP_ALLOCATE|[50]|Bytes:5
12:35:38.0 (2446618)|HEAP_ALLOCATE|[56]|Bytes:5
12:35:38.0 (2460101)|HEAP_ALLOCATE|[64]|Bytes:7
12:35:38.0 (2509749)|STATEMENT_EXECUTE|[4]
12:35:38.0 (2512970)|STATEMENT_EXECUTE|[5]
12:35:38.0 (21080265)|HEAP_ALLOCATE|[5]|Bytes:4
12:35:38.0 (21121715)|METHOD_ENTRY|[1]|01pm0000000YfbG|sfab_FieldValuePairNode.sfab_FieldValuePairNode()
12:35:38.0 (21131980)|STATEMENT_EXECUTE|[1]
12:35:38.0 (21140264)|STATEMENT_EXECUTE|[1]
12:35:38.0 (21148589)|METHOD_EXIT|[1]|sfab_FieldValuePairNode
12:35:38.0 (21179613)|HEAP_ALLOCATE|[5]|Bytes:12
12:35:38.0 (21189884)|HEAP_ALLOCATE|[5]|Bytes:7
12:35:38.0 (21196558)|HEAP_ALLOCATE|[5]|Bytes:4
12:35:38.0 (21275127)|HEAP_ALLOCATE|[5]|Bytes:3
12:35:38.0 (21325415)|CONSTRUCTOR_ENTRY|[5]|01pm0000000YfbG|<init>(Schema.SObjectField,Object)|sfab_FieldValuePairNode
12:35:38.0 (21381661)|VARIABLE_SCOPE_BEGIN|[5]|this|sfab_FieldValuePairNode|true|false
12:35:38.0 (21449836)|VARIABLE_ASSIGNMENT|[5]|this|{}|0xaec6b0c
12:35:38.0 (21461733)|VARIABLE_SCOPE_BEGIN|[5]|field|Schema.SObjectField|true|false
12:35:38.0 (21611094)|VARIABLE_ASSIGNMENT|[5]|field|"common.apex.runtime.impl.ApexFieldToken@779d917"|0x779d917
12:35:38.0 (21637166)|VARIABLE_SCOPE_BEGIN|[5]|value|Object|false|false
12:35:38.0 (21655398)|VARIABLE_ASSIGNMENT|[5]|value|"Foo"
12:35:38.0 (21665914)|STATEMENT_EXECUTE|[1]
12:35:38.0 (21668432)|STATEMENT_EXECUTE|[2]
12:35:38.0 (21671079)|STATEMENT_EXECUTE|[3]
12:35:38.0 (21683208)|HEAP_ALLOCATE|[6]|Bytes:6
12:35:38.0 (21742365)|STATEMENT_EXECUTE|[5]
12:35:38.0 (21745267)|STATEMENT_EXECUTE|[6]
12:35:38.0 (21794552)|VARIABLE_ASSIGNMENT|[6]|this.field|"common.apex.runtime.impl.ApexFieldToken@779d917"|0xaec6b0c
12:35:38.0 (21805386)|STATEMENT_EXECUTE|[7]
12:35:38.0 (21815509)|VARIABLE_ASSIGNMENT|[7]|this.value|"Foo"|0xaec6b0c
12:35:38.0 (21842827)|CONSTRUCTOR_EXIT|[5]|01pm0000000YfbG|<init>(Schema.SObjectField,Object)|sfab_FieldValuePairNode
12:35:38.0 (21855627)|VARIABLE_SCOPE_BEGIN|[5]|node|sfab_FieldValuePairNode|true|false
12:35:38.0 (21934800)|VARIABLE_ASSIGNMENT|[5]|node|{"field":"common.apex.runtime.impl.ApexFieldToken@779d917","value":"Foo"}|0xaec6b0c
12:35:38.0 (21946132)|STATEMENT_EXECUTE|[6]
12:35:38.0 (21981460)|METHOD_ENTRY|[6]|01pm0000000YfbG|sfab_FieldValuePairNode.serialize()
12:35:38.0 (22012865)|VARIABLE_SCOPE_BEGIN|[10]|this|sfab_FieldValuePairNode|true|false
12:35:38.0 (22079738)|VARIABLE_ASSIGNMENT|[10]|this|{"field":"common.apex.runtime.impl.ApexFieldToken@779d917","value":"Foo"}|0xaec6b0c
12:35:38.0 (22103630)|STATEMENT_EXECUTE|[10]
12:35:38.0 (22106463)|STATEMENT_EXECUTE|[11]
12:35:38.0 (22132521)|HEAP_ALLOCATE|[11]|Bytes:4
12:35:38.0 (22940207)|HEAP_ALLOCATE|[11]|Bytes:8
12:35:38.0 (22978924)|HEAP_ALLOCATE|[11]|Bytes:4
12:35:38.0 (23023017)|METHOD_EXIT|[6]|01pm0000000YfbG|sfab_FieldValuePairNode.serialize()
12:35:38.0 (23034936)|VARIABLE_SCOPE_BEGIN|[6]|builtNode|Map<String,ANY>|true|false
12:35:38.0 (23067586)|VARIABLE_ASSIGNMENT|[6]|builtNode|{"Name":"Foo"}|0xe65b354
12:35:38.0 (23077355)|STATEMENT_EXECUTE|[8]
12:35:38.0 (23092002)|HEAP_ALLOCATE|[8]|Bytes:4
12:35:38.0 (23207566)|HEAP_ALLOCATE|[8]|Bytes:8
12:35:38.0 (23222130)|HEAP_ALLOCATE|[8]|Bytes:8
12:35:38.23 (23253314)|CUMULATIVE_LIMIT_USAGE
12:35:38.23 (23253314)|LIMIT_USAGE_FOR_NS|(default)|
  Number of SOQL queries: 0 out of 100
  Number of query rows: 0 out of 50000
  Number of SOSL queries: 0 out of 20
  Number of DML statements: 0 out of 150
  Number of DML rows: 0 out of 10000
  Maximum CPU time: 0 out of 10000
  Maximum heap size: 0 out of 6000000
  Number of callouts: 0 out of 100
  Number of Email Invocations: 0 out of 10
  Number of future calls: 0 out of 50
  Number of queueable jobs added to the queue: 0 out of 50
  Number of Mobile Apex push calls: 0 out of 10

12:35:38.23 (23253314)|CUMULATIVE_LIMIT_USAGE_END

12:35:38.0 (23292661)|CODE_UNIT_FINISHED|sfab_FieldValuePairNodeTest.build_expectMap()
12:35:38.0 (24302329)|EXECUTION_FINISHED
