36.0 APEX_CODE,FINEST;APEX_PROFILING,INFO;CALLOUT,INFO;DB,INFO;NBA,INFO;SYSTEM,DEBUG;VALIDATION,INFO;VISUALFORCE,INFO;WAVE,INFO;WORKFLOW,INFO
12:56:45.0 (341889)|USER_INFO|[EXTERNAL]|00518000002hPQO|matthew.billups@matsonmoney.com.mbill|Mountain Standard Time|GMT-07:00
12:56:45.0 (374476)|EXECUTION_STARTED
12:56:45.0 (378117)|CODE_UNIT_STARTED|[EXTERNAL]|066180000001Aq4|VF: /apex/DeepCloneMatsonEventFlowRedirect
12:56:45.5 (5474855)|FLOW_CREATE_INTERVIEW_BEGIN||30036000000U6ba|301180000002xBg
12:56:45.5 (5529564)|FLOW_CREATE_INTERVIEW_END|3352ebca1b021d97424c1cd60ff1166120863-f55f|Deep Clone Matson Event
12:56:45.5 (5630185)|FLOW_START_INTERVIEW_BEGIN|3352ebca1b021d97424c1cd60ff1166120863-f55f|Deep Clone Matson Event
12:56:45.5 (104760872)|FLOW_START_INTERVIEW_END|3352ebca1b021d97424c1cd60ff1166120863-f55f|Deep Clone Matson Event
12:56:45.0 (156812152)|VF_SERIALIZE_VIEWSTATE_BEGIN|066180000001Aq4
12:56:45.0 (159917205)|VF_SERIALIZE_VIEWSTATE_END
12:56:45.162 (162300509)|CUMULATIVE_LIMIT_USAGE
12:56:45.162 (162300509)|LIMIT_USAGE_FOR_NS|(default)|
  Number of SOQL queries: 7 out of 100
  Number of query rows: 506 out of 50000
  Number of SOSL queries: 0 out of 20
  Number of DML statements: 0 out of 150
  Number of DML rows: 0 out of 10000
  Maximum CPU time: 0 out of 10000
  Maximum heap size: 0 out of 6000000
  Number of callouts: 0 out of 100
  Number of Email Invocations: 0 out of 10
  Number of future calls: 0 out of 50
  Number of queueable jobs added to the queue: 0 out of 50
  Number of Mobile Apex push calls: 0 out of 10

12:56:45.162 (162300509)|CUMULATIVE_LIMIT_USAGE_END

12:56:45.0 (162338081)|CODE_UNIT_FINISHED|VF: /apex/DeepCloneMatsonEventFlowRedirect
12:56:45.0 (163222143)|EXECUTION_FINISHED
