42.0 APEX_CODE,FINEST;APEX_PROFILING,INFO;CALLOUT,INFO;DB,INFO;NBA,INFO;SYSTEM,DEBUG;VALIDATION,INFO;VISUALFORCE,INFO;WAVE,INFO;WORKFLOW,INFO
12:34:18.0 (316373)|USER_INFO|[EXTERNAL]|00518000002hPQO|matthew.billups@matsonmoney.com.mbill|Mountain Standard Time|GMT-07:00
12:34:18.0 (377840)|EXECUTION_STARTED
12:34:18.0 (383708)|CODE_UNIT_STARTED|[EXTERNAL]|01pm0000000Yfa7|ffhttp_JsonDeserializerTest.testJsonDeserializer()
12:34:18.0 (872977)|HEAP_ALLOCATE|[72]|Bytes:3
12:34:18.0 (916998)|HEAP_ALLOCATE|[77]|Bytes:152
12:34:18.0 (932537)|HEAP_ALLOCATE|[342]|Bytes:408
12:34:18.0 (948532)|HEAP_ALLOCATE|[355]|Bytes:408
12:34:18.0 (964456)|HEAP_ALLOCATE|[467]|Bytes:48
12:34:18.0 (1003459)|HEAP_ALLOCATE|[139]|Bytes:6
12:34:18.0 (1031618)|HEAP_ALLOCATE|[EXTERNAL]|Bytes:18
12:34:18.0 (1040310)|HEAP_ALLOCATE|[EXTERNAL]|Bytes:106
12:34:18.0 (1064316)|METHOD_ENTRY|[33]|01pm0000000Yfa7|ffhttp_JsonDeserializerTest.ffhttp_JsonDeserializerTest()
12:34:18.0 (1074577)|STATEMENT_EXECUTE|[33]
12:34:18.0 (1081027)|STATEMENT_EXECUTE|[33]
12:34:18.0 (1083867)|STATEMENT_EXECUTE|[125]
12:34:18.0 (1085912)|STATEMENT_EXECUTE|[135]
12:34:18.0 (1091929)|METHOD_EXIT|[33]|ffhttp_JsonDeserializerTest
12:34:18.0 (1191974)|HEAP_ALLOCATE|[50]|Bytes:5
12:34:18.0 (1218869)|HEAP_ALLOCATE|[56]|Bytes:5
12:34:18.0 (1226857)|HEAP_ALLOCATE|[64]|Bytes:7
12:34:18.0 (1267228)|STATEMENT_EXECUTE|[39]
12:34:18.0 (1269324)|STATEMENT_EXECUTE|[40]
12:34:18.0 (5539381)|HEAP_ALLOCATE|[40]|Bytes:3
12:34:18.0 (5564080)|HEAP_ALLOCATE|[40]|Bytes:8
12:34:18.0 (5583994)|CONSTRUCTOR_ENTRY|[40]|01pm0000000Yfa7|<init>()|ffhttp_JsonDeserializerTest.JsonTest
12:34:18.0 (5621878)|VARIABLE_SCOPE_BEGIN|[125]|this|ffhttp_JsonDeserializerTest.JsonTest|true|false
12:34:18.0 (5677224)|VARIABLE_ASSIGNMENT|[125]|this|{}|0x4a8c3c97
12:34:18.0 (5692564)|HEAP_ALLOCATE|[127]|Bytes:8
12:34:18.0 (5713687)|METHOD_ENTRY|[33]|01pm0000000YfZq|ffhttp_AbstractJsonSerializable.ffhttp_AbstractJsonSerializable()
12:34:18.0 (5721708)|STATEMENT_EXECUTE|[33]
12:34:18.0 (5726725)|STATEMENT_EXECUTE|[33]
12:34:18.0 (5731862)|METHOD_EXIT|[33]|ffhttp_AbstractJsonSerializable
12:34:18.0 (5746759)|CONSTRUCTOR_ENTRY|[127]|01pm0000000YfZq|<init>()|ffhttp_AbstractJsonSerializable
12:34:18.0 (5783897)|VARIABLE_SCOPE_BEGIN|[33]|this|ffhttp_AbstractJsonSerializable|true|false
12:34:18.0 (5803079)|VARIABLE_ASSIGNMENT|[33]|this|{}|0x4a8c3c97
12:34:18.0 (5814652)|HEAP_ALLOCATE|[EXTERNAL]|Bytes:6
12:34:18.0 (5864730)|STATEMENT_EXECUTE|[33]
12:34:18.0 (5878417)|CONSTRUCTOR_EXIT|[127]|01pm0000000YfZq|<init>()|ffhttp_AbstractJsonSerializable
12:34:18.0 (5889421)|STATEMENT_EXECUTE|[125]
12:34:18.0 (5891876)|STATEMENT_EXECUTE|[127]
12:34:18.0 (5896362)|HEAP_ALLOCATE|[127]|Bytes:4
12:34:18.0 (5922678)|VARIABLE_ASSIGNMENT|[127]|this.test|"Test"|0x4a8c3c97
12:34:18.0 (5936271)|CONSTRUCTOR_EXIT|[40]|01pm0000000Yfa7|<init>()|ffhttp_JsonDeserializerTest.JsonTest
12:34:18.0 (5947232)|VARIABLE_SCOPE_BEGIN|[40]|test|ffhttp_JsonDeserializerTest.JsonTest|true|false
12:34:18.0 (5979926)|VARIABLE_ASSIGNMENT|[40]|test|{"test":"Test"}|0x4a8c3c97
12:34:18.0 (5989697)|STATEMENT_EXECUTE|[42]
12:34:18.0 (7027326)|VARIABLE_SCOPE_BEGIN|[36]|ffhttp_JsonDeserializer.DOUBLE_QUOTE|String|false|true
12:34:18.0 (7047735)|VARIABLE_SCOPE_BEGIN|[37]|ffhttp_JsonDeserializer.DOUBLE_QUOTE_COLON|String|false|true
12:34:18.0 (7060171)|VARIABLE_SCOPE_BEGIN|[34]|ffhttp_JsonDeserializer.JSON_DESERIALIZATION_ERROR|String|false|true
12:34:18.0 (7071763)|VARIABLE_SCOPE_BEGIN|[38]|ffhttp_JsonDeserializer.REGULAR_EXPRESSION|String|false|true
12:34:18.0 (7646191)|HEAP_ALLOCATE|[42]|Bytes:8
12:34:18.0 (7661348)|HEAP_ALLOCATE|[42]|Bytes:2
12:34:18.0 (7668275)|HEAP_ALLOCATE|[42]|Bytes:1
12:34:18.0 (7704149)|VARIABLE_ASSIGNMENT|[42]|ffhttp_JsonDeserializer.DOUBLE_QUOTE|"\""
12:34:18.0 (7713777)|HEAP_ALLOCATE|[42]|Bytes:26
12:34:18.0 (7731459)|VARIABLE_ASSIGNMENT|[42]|ffhttp_JsonDeserializer.JSON_DESERIALIZATION_ERROR|"Could not deserializ (6 more) ..."
12:34:18.0 (7737355)|HEAP_ALLOCATE|[42]|Bytes:8
12:34:18.0 (7755982)|VARIABLE_ASSIGNMENT|[42]|ffhttp_JsonDeserializer.REGULAR_EXPRESSION|"\"\\s{0,}:"
12:34:18.0 (7772609)|METHOD_ENTRY|[32]|01pm0000000Yfa6|ffhttp_JsonDeserializer.ffhttp_JsonDeserializer()
12:34:18.0 (7778555)|STATEMENT_EXECUTE|[32]
12:34:18.0 (7781842)|STATEMENT_EXECUTE|[32]
12:34:18.0 (8138648)|SYSTEM_MODE_ENTER|false
12:34:18.0 (8163513)|HEAP_ALLOCATE|[37]|Bytes:5
12:34:18.0 (8172924)|STATEMENT_EXECUTE|[37]
12:34:18.0 (8181683)|HEAP_ALLOCATE|[37]|Bytes:1
12:34:18.0 (8207051)|HEAP_ALLOCATE|[37]|Bytes:2
12:34:18.0 (8233276)|VARIABLE_ASSIGNMENT|[37]|ffhttp_JsonDeserializer.DOUBLE_QUOTE_COLON|"\":"
12:34:18.0 (8242687)|SYSTEM_MODE_EXIT|false
12:34:18.0 (8252671)|METHOD_EXIT|[32]|ffhttp_JsonDeserializer
12:34:18.0 (8301293)|HEAP_ALLOCATE|[42]|Bytes:12
12:34:18.0 (8308495)|HEAP_ALLOCATE|[42]|Bytes:36
12:34:18.0 (8364191)|HEAP_ALLOCATE|[42]|Bytes:27
12:34:18.0 (8375068)|SYSTEM_METHOD_ENTRY|[1]|Type.Type()
12:34:18.0 (8378549)|STATEMENT_EXECUTE|[1]
12:34:18.0 (8383820)|SYSTEM_METHOD_EXIT|[1]|Type
12:34:18.0 (8389573)|HEAP_ALLOCATE|[42]|Bytes:8
12:34:18.0 (8405773)|HEAP_ALLOCATE|[42]|Bytes:8
12:34:18.0 (8413448)|VARIABLE_SCOPE_BEGIN|[4]|this|System.Type|true|false
12:34:18.0 (8440094)|VARIABLE_ASSIGNMENT|[4]|this|{}|0xb72fe21
12:34:18.0 (8450255)|VARIABLE_SCOPE_BEGIN|[4]|apextype|java:common.apex.runtime.ApexObjectType|true|false
12:34:18.0 (8574788)|VARIABLE_ASSIGNMENT|[4]|apextype|"ffhttp_JsonDeserializerTest.JsonTest"|0x1c446c9f
12:34:18.0 (8630734)|HEAP_ALLOCATE|[42]|Bytes:8
12:34:18.0 (8655111)|CONSTRUCTOR_ENTRY|[42]|01pm0000000Yfa6|<init>(System.Type)|ffhttp_JsonDeserializer
12:34:18.0 (8685516)|VARIABLE_SCOPE_BEGIN|[43]|this|ffhttp_JsonDeserializer|true|false
12:34:18.0 (8717567)|VARIABLE_ASSIGNMENT|[43]|this|{}|0x62b7c52e
12:34:18.0 (8728486)|VARIABLE_SCOPE_BEGIN|[43]|apexType|System.Type|true|false
12:34:18.0 (8760921)|VARIABLE_ASSIGNMENT|[43]|apexType|{"aot":"0x1c446c9f"}|0xb72fe21
12:34:18.0 (8777948)|SYSTEM_MODE_ENTER|false
12:34:18.0 (8787180)|HEAP_ALLOCATE|[45]|Bytes:5
12:34:18.0 (8792311)|STATEMENT_EXECUTE|[45]
12:34:18.0 (8807379)|CONSTRUCTOR_ENTRY|[45]|01pm0000000Yfa6|<init>(System.Type,Map<String,String>)|ffhttp_JsonDeserializer
12:34:18.0 (8837255)|VARIABLE_SCOPE_BEGIN|[48]|this|ffhttp_JsonDeserializer|true|false
12:34:18.0 (8852386)|VARIABLE_ASSIGNMENT|[48]|this|{}|0x62b7c52e
12:34:18.0 (8857692)|VARIABLE_SCOPE_BEGIN|[48]|apexType|System.Type|true|false
12:34:18.0 (8871876)|VARIABLE_ASSIGNMENT|[48]|apexType|{"aot":"0x1c446c9f"}|0xb72fe21
12:34:18.0 (8878502)|VARIABLE_SCOPE_BEGIN|[48]|fieldsToReplace|Map<String,String>|true|false
12:34:18.0 (8886779)|VARIABLE_ASSIGNMENT|[48]|fieldsToReplace|null|
12:34:18.0 (8895537)|HEAP_ALLOCATE|[50]|Bytes:5
12:34:18.0 (8900072)|STATEMENT_EXECUTE|[32]
12:34:18.0 (8903052)|HEAP_ALLOCATE|[50]|Bytes:5
12:34:18.0 (8906039)|STATEMENT_EXECUTE|[40]
12:34:18.0 (8907573)|STATEMENT_EXECUTE|[41]
12:34:18.0 (8920663)|STATEMENT_EXECUTE|[49]
12:34:18.0 (8922379)|STATEMENT_EXECUTE|[50]
12:34:18.0 (8928133)|VARIABLE_ASSIGNMENT|[50]|this.m_apexType|0xb72fe21|0x62b7c52e
12:34:18.0 (8933389)|STATEMENT_EXECUTE|[51]
12:34:18.0 (8938351)|VARIABLE_ASSIGNMENT|[51]|this.m_fieldsToReplace|null|0x62b7c52e
12:34:18.0 (8952394)|CONSTRUCTOR_EXIT|[45]|01pm0000000Yfa6|<init>(System.Type,Map<String,String>)|ffhttp_JsonDeserializer
12:34:18.0 (8958707)|STATEMENT_EXECUTE|[44]
12:34:18.0 (8961753)|SYSTEM_MODE_EXIT|false
12:34:18.0 (8972538)|CONSTRUCTOR_EXIT|[42]|01pm0000000Yfa6|<init>(System.Type)|ffhttp_JsonDeserializer
12:34:18.0 (8981600)|VARIABLE_SCOPE_BEGIN|[42]|jds|ffhttp_JsonDeserializer|true|false
12:34:18.0 (9013599)|VARIABLE_ASSIGNMENT|[42]|jds|{"m_apexType":"0xb72fe21"}|0x62b7c52e
12:34:18.0 (9023984)|STATEMENT_EXECUTE|[43]
12:34:18.0 (9030612)|HEAP_ALLOCATE|[43]|Bytes:42
12:34:18.0 (9076489)|STATEMENT_EXECUTE|[45]
12:34:18.0 (9079932)|HEAP_ALLOCATE|[45]|Bytes:15
12:34:18.0 (9102040)|METHOD_ENTRY|[45]|01pm0000000Yfa6|ffhttp_JsonDeserializer.deserialize(String)
12:34:18.0 (9127596)|VARIABLE_SCOPE_BEGIN|[54]|this|ffhttp_JsonDeserializer|true|false
12:34:18.0 (9153066)|VARIABLE_ASSIGNMENT|[54]|this|{"m_apexType":"0xb72fe21"}|0x62b7c52e
12:34:18.0 (9164386)|VARIABLE_SCOPE_BEGIN|[54]|jsonString|String|false|false
12:34:18.0 (9186897)|VARIABLE_ASSIGNMENT|[54]|jsonString|"{\"test\":\"Test\"}"
12:34:18.0 (9209653)|SYSTEM_MODE_ENTER|false
12:34:18.0 (9219978)|HEAP_ALLOCATE|[56]|Bytes:5
12:34:18.0 (9226633)|STATEMENT_EXECUTE|[55]
12:34:18.0 (9228829)|STATEMENT_EXECUTE|[56]
12:34:18.0 (9230893)|STATEMENT_EXECUTE|[57]
12:34:18.0 (9237036)|STATEMENT_EXECUTE|[59]
12:34:18.0 (9239409)|STATEMENT_EXECUTE|[69]
12:34:18.0 (9283155)|HEAP_ALLOCATE|[69]|Bytes:24
12:34:18.0 (9299379)|SYSTEM_METHOD_ENTRY|[1]|JSON.JSON()
12:34:18.0 (9304795)|STATEMENT_EXECUTE|[1]
12:34:18.0 (9312095)|SYSTEM_METHOD_EXIT|[1]|JSON
12:34:18.0 (9328352)|METHOD_ENTRY|[69]||System.JSON.deserialize(String, System.Type)
12:34:18.0 (9538597)|METHOD_EXIT|[69]||System.JSON.deserialize(String, System.Type)
12:34:18.0 (9551057)|SYSTEM_MODE_EXIT|false
12:34:18.0 (9561173)|METHOD_EXIT|[45]|01pm0000000Yfa6|ffhttp_JsonDeserializer.deserialize(String)
12:34:18.0 (9573587)|VARIABLE_SCOPE_BEGIN|[45]|test2|ffhttp_JsonDeserializerTest.JsonTest|true|false
12:34:18.0 (9612162)|VARIABLE_ASSIGNMENT|[45]|test2|{"test":"Test"}|0x5ddd253b
12:34:18.0 (9620359)|STATEMENT_EXECUTE|[46]
12:34:18.0 (9635394)|METHOD_ENTRY|[46]|01pm0000000Yfa7|ffhttp_JsonDeserializerTest.JsonTest.getTest()
12:34:18.0 (9652352)|VARIABLE_SCOPE_BEGIN|[129]|this|ffhttp_JsonDeserializerTest.JsonTest|true|false
12:34:18.0 (9669852)|VARIABLE_ASSIGNMENT|[129]|this|{"test":"Test"}|0x5ddd253b
12:34:18.0 (9686372)|STATEMENT_EXECUTE|[130]
12:34:18.0 (9688195)|STATEMENT_EXECUTE|[131]
12:34:18.0 (9694623)|METHOD_EXIT|[46]|01pm0000000Yfa7|ffhttp_JsonDeserializerTest.JsonTest.getTest()
12:34:18.9 (9730647)|CUMULATIVE_LIMIT_USAGE
12:34:18.9 (9730647)|LIMIT_USAGE_FOR_NS|(default)|
  Number of SOQL queries: 0 out of 100
  Number of query rows: 0 out of 50000
  Number of SOSL queries: 0 out of 20
  Number of DML statements: 0 out of 150
  Number of DML rows: 0 out of 10000
  Maximum CPU time: 0 out of 10000
  Maximum heap size: 0 out of 6000000
  Number of callouts: 0 out of 100
  Number of Email Invocations: 0 out of 10
  Number of future calls: 0 out of 50
  Number of queueable jobs added to the queue: 0 out of 50
  Number of Mobile Apex push calls: 0 out of 10

12:34:18.9 (9730647)|CUMULATIVE_LIMIT_USAGE_END

12:34:18.0 (9767672)|CODE_UNIT_FINISHED|ffhttp_JsonDeserializerTest.testJsonDeserializer()
12:34:18.0 (11040213)|EXECUTION_FINISHED
12:34:19.389 (1389603926)|USER_INFO|[EXTERNAL]|00518000002hPQO|matthew.billups@matsonmoney.com.mbill|Mountain Standard Time|GMT-07:00
12:34:19.389 (1389628050)|EXECUTION_STARTED
12:34:19.389 (1389632868)|CODE_UNIT_STARTED|[EXTERNAL]|01pm0000000Yfa7|ffhttp_JsonDeserializerTest.testJsonDeserializerWithAFieldToReplace()
12:34:19.389 (1389785333)|HEAP_ALLOCATE|[72]|Bytes:3
12:34:19.389 (1389819088)|HEAP_ALLOCATE|[77]|Bytes:152
12:34:19.389 (1389834450)|HEAP_ALLOCATE|[342]|Bytes:408
12:34:19.389 (1389851797)|HEAP_ALLOCATE|[355]|Bytes:408
12:34:19.389 (1389865134)|HEAP_ALLOCATE|[467]|Bytes:48
12:34:19.389 (1389890462)|HEAP_ALLOCATE|[139]|Bytes:6
12:34:19.389 (1389905883)|HEAP_ALLOCATE|[EXTERNAL]|Bytes:18
12:34:19.389 (1389912063)|HEAP_ALLOCATE|[EXTERNAL]|Bytes:106
12:34:19.389 (1389922209)|METHOD_ENTRY|[33]|01pm0000000Yfa7|ffhttp_JsonDeserializerTest.ffhttp_JsonDeserializerTest()
12:34:19.389 (1389928014)|STATEMENT_EXECUTE|[33]
12:34:19.389 (1389932486)|STATEMENT_EXECUTE|[33]
12:34:19.389 (1389934169)|STATEMENT_EXECUTE|[125]
12:34:19.389 (1389936088)|STATEMENT_EXECUTE|[135]
12:34:19.389 (1389939638)|METHOD_EXIT|[33]|ffhttp_JsonDeserializerTest
12:34:19.389 (1390024192)|HEAP_ALLOCATE|[50]|Bytes:5
12:34:19.389 (1390049503)|HEAP_ALLOCATE|[56]|Bytes:5
12:34:19.389 (1390057182)|HEAP_ALLOCATE|[64]|Bytes:7
12:34:19.389 (1390094232)|STATEMENT_EXECUTE|[74]
12:34:19.389 (1390096237)|STATEMENT_EXECUTE|[75]
12:34:19.389 (1390114109)|HEAP_ALLOCATE|[75]|Bytes:4
12:34:19.389 (1390128699)|VARIABLE_SCOPE_BEGIN|[75]|fieldsToReplace|Map<String,String>|true|false
12:34:19.389 (1390161077)|VARIABLE_ASSIGNMENT|[75]|fieldsToReplace|{}|0xadd5eac
12:34:19.389 (1390167539)|STATEMENT_EXECUTE|[76]
12:34:19.389 (1390170987)|HEAP_ALLOCATE|[76]|Bytes:7
12:34:19.389 (1390174979)|HEAP_ALLOCATE|[76]|Bytes:4
12:34:19.389 (1390222247)|HEAP_ALLOCATE|[EXTERNAL]|Bytes:-4
12:34:19.389 (1390234422)|STATEMENT_EXECUTE|[78]
12:34:19.389 (1390246521)|VARIABLE_SCOPE_BEGIN|[36]|ffhttp_JsonDeserializer.DOUBLE_QUOTE|String|false|true
12:34:19.389 (1390254689)|VARIABLE_SCOPE_BEGIN|[37]|ffhttp_JsonDeserializer.DOUBLE_QUOTE_COLON|String|false|true
12:34:19.389 (1390260862)|VARIABLE_SCOPE_BEGIN|[34]|ffhttp_JsonDeserializer.JSON_DESERIALIZATION_ERROR|String|false|true
12:34:19.389 (1390267319)|VARIABLE_SCOPE_BEGIN|[38]|ffhttp_JsonDeserializer.REGULAR_EXPRESSION|String|false|true
12:34:19.389 (1390277731)|HEAP_ALLOCATE|[78]|Bytes:8
12:34:19.389 (1390283425)|HEAP_ALLOCATE|[78]|Bytes:2
12:34:19.389 (1390287585)|HEAP_ALLOCATE|[78]|Bytes:1
12:34:19.389 (1390301561)|VARIABLE_ASSIGNMENT|[78]|ffhttp_JsonDeserializer.DOUBLE_QUOTE|"\""
12:34:19.389 (1390306931)|HEAP_ALLOCATE|[78]|Bytes:26
12:34:19.389 (1390316447)|VARIABLE_ASSIGNMENT|[78]|ffhttp_JsonDeserializer.JSON_DESERIALIZATION_ERROR|"Could not deserializ (6 more) ..."
12:34:19.389 (1390322051)|HEAP_ALLOCATE|[78]|Bytes:8
12:34:19.389 (1390328959)|VARIABLE_ASSIGNMENT|[78]|ffhttp_JsonDeserializer.REGULAR_EXPRESSION|"\"\\s{0,}:"
12:34:19.389 (1390336998)|METHOD_ENTRY|[32]|01pm0000000Yfa6|ffhttp_JsonDeserializer.ffhttp_JsonDeserializer()
12:34:19.389 (1390341639)|STATEMENT_EXECUTE|[32]
12:34:19.389 (1390344174)|STATEMENT_EXECUTE|[32]
12:34:19.389 (1390694630)|SYSTEM_MODE_ENTER|false
12:34:19.389 (1390713169)|HEAP_ALLOCATE|[37]|Bytes:5
12:34:19.389 (1390719217)|STATEMENT_EXECUTE|[37]
12:34:19.389 (1390724718)|HEAP_ALLOCATE|[37]|Bytes:1
12:34:19.389 (1390743191)|HEAP_ALLOCATE|[37]|Bytes:2
12:34:19.389 (1390755639)|VARIABLE_ASSIGNMENT|[37]|ffhttp_JsonDeserializer.DOUBLE_QUOTE_COLON|"\":"
12:34:19.389 (1390764499)|SYSTEM_MODE_EXIT|false
12:34:19.389 (1390774773)|METHOD_EXIT|[32]|ffhttp_JsonDeserializer
12:34:19.389 (1390782471)|HEAP_ALLOCATE|[78]|Bytes:12
12:34:19.389 (1390787150)|HEAP_ALLOCATE|[78]|Bytes:36
12:34:19.389 (1390848165)|HEAP_ALLOCATE|[78]|Bytes:27
12:34:19.389 (1390858139)|SYSTEM_METHOD_ENTRY|[1]|Type.Type()
12:34:19.389 (1390861954)|STATEMENT_EXECUTE|[1]
12:34:19.389 (1390867162)|SYSTEM_METHOD_EXIT|[1]|Type
12:34:19.389 (1390872408)|HEAP_ALLOCATE|[78]|Bytes:8
12:34:19.389 (1390887283)|HEAP_ALLOCATE|[78]|Bytes:8
12:34:19.389 (1390893365)|VARIABLE_SCOPE_BEGIN|[4]|this|System.Type|true|false
12:34:19.389 (1390921130)|VARIABLE_ASSIGNMENT|[4]|this|{}|0x10e3c1a2
12:34:19.389 (1390928036)|VARIABLE_SCOPE_BEGIN|[4]|apextype|java:common.apex.runtime.ApexObjectType|true|false
12:34:19.389 (1391025215)|VARIABLE_ASSIGNMENT|[4]|apextype|"ffhttp_JsonDeserializerTest.JsonTest"|0x1c446c9f
12:34:19.389 (1391086133)|HEAP_ALLOCATE|[78]|Bytes:8
12:34:19.389 (1391104733)|CONSTRUCTOR_ENTRY|[78]|01pm0000000Yfa6|<init>(System.Type,Map<String,String>)|ffhttp_JsonDeserializer
12:34:19.389 (1391126215)|VARIABLE_SCOPE_BEGIN|[48]|this|ffhttp_JsonDeserializer|true|false
12:34:19.389 (1391143464)|VARIABLE_ASSIGNMENT|[48]|this|{}|0x5871c6e
12:34:19.389 (1391149493)|VARIABLE_SCOPE_BEGIN|[48]|apexType|System.Type|true|false
12:34:19.389 (1391187357)|VARIABLE_ASSIGNMENT|[48]|apexType|{"aot":"0x1c446c9f"}|0x10e3c1a2
12:34:19.389 (1391193466)|VARIABLE_SCOPE_BEGIN|[48]|fieldsToReplace|Map<String,String>|true|false
12:34:19.389 (1391219334)|VARIABLE_ASSIGNMENT|[48]|fieldsToReplace|{"testing":"test"}|0xadd5eac
12:34:19.389 (1391230648)|SYSTEM_MODE_ENTER|false
12:34:19.389 (1391237134)|HEAP_ALLOCATE|[50]|Bytes:5
12:34:19.389 (1391242441)|STATEMENT_EXECUTE|[32]
12:34:19.389 (1391245549)|HEAP_ALLOCATE|[50]|Bytes:5
12:34:19.389 (1391249602)|STATEMENT_EXECUTE|[40]
12:34:19.389 (1391251226)|STATEMENT_EXECUTE|[41]
12:34:19.389 (1391264946)|STATEMENT_EXECUTE|[49]
12:34:19.389 (1391266653)|STATEMENT_EXECUTE|[50]
12:34:19.389 (1391272574)|VARIABLE_ASSIGNMENT|[50]|this.m_apexType|0x10e3c1a2|0x5871c6e
12:34:19.389 (1391277732)|STATEMENT_EXECUTE|[51]
12:34:19.389 (1391286165)|VARIABLE_ASSIGNMENT|[51]|this.m_fieldsToReplace|{"testing":"test"}|0x5871c6e
12:34:19.389 (1391293101)|SYSTEM_MODE_EXIT|false
12:34:19.389 (1391306757)|CONSTRUCTOR_EXIT|[78]|01pm0000000Yfa6|<init>(System.Type,Map<String,String>)|ffhttp_JsonDeserializer
12:34:19.389 (1391314519)|VARIABLE_SCOPE_BEGIN|[78]|jds|ffhttp_JsonDeserializer|true|false
12:34:19.389 (1391355118)|VARIABLE_ASSIGNMENT|[78]|jds|{"m_apexType":"0x10e3c1a2","m_fieldsToReplace":"0xadd5eac"}|0x5871c6e
12:34:19.389 (1391361331)|STATEMENT_EXECUTE|[80]
12:34:19.389 (1391364710)|HEAP_ALLOCATE|[80]|Bytes:18
12:34:19.389 (1391379538)|METHOD_ENTRY|[80]|01pm0000000Yfa6|ffhttp_JsonDeserializer.deserialize(String)
12:34:19.389 (1391393454)|VARIABLE_SCOPE_BEGIN|[54]|this|ffhttp_JsonDeserializer|true|false
12:34:19.389 (1391411418)|VARIABLE_ASSIGNMENT|[54]|this|{"m_apexType":"0x10e3c1a2","m_fieldsToReplace":"0xadd5eac"}|0x5871c6e
12:34:19.389 (1391417667)|VARIABLE_SCOPE_BEGIN|[54]|jsonString|String|false|false
12:34:19.389 (1391429482)|VARIABLE_ASSIGNMENT|[54]|jsonString|"{\"testing\":\"Test\"}"
12:34:19.389 (1391442665)|SYSTEM_MODE_ENTER|false
12:34:19.389 (1391448073)|HEAP_ALLOCATE|[56]|Bytes:5
12:34:19.389 (1391452890)|STATEMENT_EXECUTE|[55]
12:34:19.389 (1391454592)|STATEMENT_EXECUTE|[56]
12:34:19.389 (1391456052)|STATEMENT_EXECUTE|[57]
12:34:19.389 (1391460517)|STATEMENT_EXECUTE|[60]
12:34:19.389 (1391462058)|STATEMENT_EXECUTE|[61]
12:34:19.389 (1391551313)|HEAP_ALLOCATE|[61]|Bytes:15
12:34:19.389 (1391565218)|VARIABLE_SCOPE_BEGIN|[61]|fields|Set<String>|true|false
12:34:19.389 (1391582672)|VARIABLE_ASSIGNMENT|[61]|fields|["testing"]|0x785bd9bd
12:34:19.389 (1391608746)|HEAP_ALLOCATE|[62]|Bytes:4
12:34:19.389 (1391644696)|HEAP_ALLOCATE|[62]|Bytes:4
12:34:19.389 (1391694917)|HEAP_ALLOCATE|[62]|Bytes:5
12:34:19.389 (1391713949)|VARIABLE_SCOPE_BEGIN|[62]|field|String|false|false
12:34:19.389 (1391725534)|VARIABLE_ASSIGNMENT|[62]|field|"testing"
12:34:19.389 (1391730580)|STATEMENT_EXECUTE|[63]
12:34:19.389 (1391732512)|STATEMENT_EXECUTE|[64]
12:34:19.389 (1391761861)|VARIABLE_SCOPE_BEGIN|[64]|replacement|String|false|false
12:34:19.389 (1391773530)|VARIABLE_ASSIGNMENT|[64]|replacement|"test"
12:34:19.389 (1391777845)|STATEMENT_EXECUTE|[65]
12:34:19.389 (1391789050)|HEAP_ALLOCATE|[65]|Bytes:16
12:34:19.389 (1391795785)|HEAP_ALLOCATE|[65]|Bytes:7
12:34:19.389 (1391849345)|HEAP_ALLOCATE|[65]|Bytes:15
12:34:19.389 (1391869923)|VARIABLE_ASSIGNMENT|[65]|jsonString|"{\"test\":\"Test\"}"
12:34:19.389 (1391883086)|HEAP_ALLOCATE|[62]|Bytes:5
12:34:19.389 (1391894421)|VARIABLE_ASSIGNMENT|[62]|field|null
12:34:19.389 (1391900837)|STATEMENT_EXECUTE|[69]
12:34:19.389 (1391914010)|HEAP_ALLOCATE|[69]|Bytes:24
12:34:19.389 (1391923022)|SYSTEM_METHOD_ENTRY|[1]|JSON.JSON()
12:34:19.389 (1391926531)|STATEMENT_EXECUTE|[1]
12:34:19.389 (1391931231)|SYSTEM_METHOD_EXIT|[1]|JSON
12:34:19.389 (1391940596)|METHOD_ENTRY|[69]||System.JSON.deserialize(String, System.Type)
12:34:19.389 (1392111639)|METHOD_EXIT|[69]||System.JSON.deserialize(String, System.Type)
12:34:19.389 (1392121767)|SYSTEM_MODE_EXIT|false
12:34:19.389 (1392128813)|METHOD_EXIT|[80]|01pm0000000Yfa6|ffhttp_JsonDeserializer.deserialize(String)
12:34:19.389 (1392137749)|VARIABLE_SCOPE_BEGIN|[80]|test|ffhttp_JsonDeserializerTest.JsonTest|true|false
12:34:19.389 (1392160986)|VARIABLE_ASSIGNMENT|[80]|test|{"test":"Test"}|0x4b62ef10
12:34:19.389 (1392167012)|STATEMENT_EXECUTE|[81]
12:34:19.389 (1392174892)|METHOD_ENTRY|[81]|01pm0000000Yfa7|ffhttp_JsonDeserializerTest.JsonTest.getTest()
12:34:19.389 (1392187980)|VARIABLE_SCOPE_BEGIN|[129]|this|ffhttp_JsonDeserializerTest.JsonTest|true|false
12:34:19.389 (1392203658)|VARIABLE_ASSIGNMENT|[129]|this|{"test":"Test"}|0x4b62ef10
12:34:19.389 (1392220110)|STATEMENT_EXECUTE|[130]
12:34:19.389 (1392222145)|STATEMENT_EXECUTE|[131]
12:34:19.389 (1392226174)|METHOD_EXIT|[81]|01pm0000000Yfa7|ffhttp_JsonDeserializerTest.JsonTest.getTest()
12:34:19.389 (1392232283)|HEAP_ALLOCATE|[81]|Bytes:4
12:34:19.392 (1392256547)|CUMULATIVE_LIMIT_USAGE
12:34:19.392 (1392256547)|LIMIT_USAGE_FOR_NS|(default)|
  Number of SOQL queries: 0 out of 100
  Number of query rows: 0 out of 50000
  Number of SOSL queries: 0 out of 20
  Number of DML statements: 0 out of 150
  Number of DML rows: 0 out of 10000
  Maximum CPU time: 0 out of 10000
  Maximum heap size: 0 out of 6000000
  Number of callouts: 0 out of 100
  Number of Email Invocations: 0 out of 10
  Number of future calls: 0 out of 50
  Number of queueable jobs added to the queue: 0 out of 50
  Number of Mobile Apex push calls: 0 out of 10

12:34:19.392 (1392256547)|CUMULATIVE_LIMIT_USAGE_END

12:34:19.389 (1392286088)|CODE_UNIT_FINISHED|ffhttp_JsonDeserializerTest.testJsonDeserializerWithAFieldToReplace()
12:34:19.389 (1393514366)|EXECUTION_FINISHED
12:34:19.441 (1441515637)|USER_INFO|[EXTERNAL]|00518000002hPQO|matthew.billups@matsonmoney.com.mbill|Mountain Standard Time|GMT-07:00
12:34:19.441 (1441534580)|EXECUTION_STARTED
12:34:19.441 (1441538856)|CODE_UNIT_STARTED|[EXTERNAL]|01pm0000000Yfa7|ffhttp_JsonDeserializerTest.testJsonDeserializerWithFieldsToReplaceCreatingDuplicate()
12:34:19.441 (1441659717)|HEAP_ALLOCATE|[72]|Bytes:3
12:34:19.441 (1441684533)|HEAP_ALLOCATE|[77]|Bytes:152
12:34:19.441 (1441699019)|HEAP_ALLOCATE|[342]|Bytes:408
12:34:19.441 (1441715447)|HEAP_ALLOCATE|[355]|Bytes:408
12:34:19.441 (1441728752)|HEAP_ALLOCATE|[467]|Bytes:48
12:34:19.441 (1441752993)|HEAP_ALLOCATE|[139]|Bytes:6
12:34:19.441 (1441766527)|HEAP_ALLOCATE|[EXTERNAL]|Bytes:18
12:34:19.441 (1441771721)|HEAP_ALLOCATE|[EXTERNAL]|Bytes:106
12:34:19.441 (1441779082)|METHOD_ENTRY|[33]|01pm0000000Yfa7|ffhttp_JsonDeserializerTest.ffhttp_JsonDeserializerTest()
12:34:19.441 (1441784630)|STATEMENT_EXECUTE|[33]
12:34:19.441 (1441788208)|STATEMENT_EXECUTE|[33]
12:34:19.441 (1441789807)|STATEMENT_EXECUTE|[125]
12:34:19.441 (1441791538)|STATEMENT_EXECUTE|[135]
12:34:19.441 (1441794360)|METHOD_EXIT|[33]|ffhttp_JsonDeserializerTest
12:34:19.441 (1441878703)|HEAP_ALLOCATE|[50]|Bytes:5
12:34:19.441 (1441895915)|HEAP_ALLOCATE|[56]|Bytes:5
12:34:19.441 (1441903680)|HEAP_ALLOCATE|[64]|Bytes:7
12:34:19.441 (1441927500)|STATEMENT_EXECUTE|[104]
12:34:19.441 (1441929768)|STATEMENT_EXECUTE|[105]
12:34:19.441 (1441944671)|HEAP_ALLOCATE|[105]|Bytes:4
12:34:19.441 (1441956631)|VARIABLE_SCOPE_BEGIN|[105]|fieldsToReplace|Map<String,String>|true|false
12:34:19.441 (1441978572)|VARIABLE_ASSIGNMENT|[105]|fieldsToReplace|{}|0xaeabf54
12:34:19.441 (1441984594)|STATEMENT_EXECUTE|[106]
12:34:19.441 (1441987484)|HEAP_ALLOCATE|[106]|Bytes:7
12:34:19.441 (1441991244)|HEAP_ALLOCATE|[106]|Bytes:4
12:34:19.441 (1442027065)|HEAP_ALLOCATE|[EXTERNAL]|Bytes:-4
12:34:19.441 (1442037882)|STATEMENT_EXECUTE|[108]
12:34:19.441 (1442046253)|VARIABLE_SCOPE_BEGIN|[36]|ffhttp_JsonDeserializer.DOUBLE_QUOTE|String|false|true
12:34:19.441 (1442053675)|VARIABLE_SCOPE_BEGIN|[37]|ffhttp_JsonDeserializer.DOUBLE_QUOTE_COLON|String|false|true
12:34:19.441 (1442059605)|VARIABLE_SCOPE_BEGIN|[34]|ffhttp_JsonDeserializer.JSON_DESERIALIZATION_ERROR|String|false|true
12:34:19.441 (1442066129)|VARIABLE_SCOPE_BEGIN|[38]|ffhttp_JsonDeserializer.REGULAR_EXPRESSION|String|false|true
12:34:19.441 (1442075934)|HEAP_ALLOCATE|[108]|Bytes:8
12:34:19.441 (1442081950)|HEAP_ALLOCATE|[108]|Bytes:2
12:34:19.441 (1442086177)|HEAP_ALLOCATE|[108]|Bytes:1
12:34:19.441 (1442096246)|VARIABLE_ASSIGNMENT|[108]|ffhttp_JsonDeserializer.DOUBLE_QUOTE|"\""
12:34:19.441 (1442101279)|HEAP_ALLOCATE|[108]|Bytes:26
12:34:19.441 (1442110817)|VARIABLE_ASSIGNMENT|[108]|ffhttp_JsonDeserializer.JSON_DESERIALIZATION_ERROR|"Could not deserializ (6 more) ..."
12:34:19.441 (1442115276)|HEAP_ALLOCATE|[108]|Bytes:8
12:34:19.441 (1442121694)|VARIABLE_ASSIGNMENT|[108]|ffhttp_JsonDeserializer.REGULAR_EXPRESSION|"\"\\s{0,}:"
12:34:19.441 (1442129277)|METHOD_ENTRY|[32]|01pm0000000Yfa6|ffhttp_JsonDeserializer.ffhttp_JsonDeserializer()
12:34:19.441 (1442133739)|STATEMENT_EXECUTE|[32]
12:34:19.441 (1442136313)|STATEMENT_EXECUTE|[32]
12:34:19.441 (1442471797)|SYSTEM_MODE_ENTER|false
12:34:19.441 (1442486404)|HEAP_ALLOCATE|[37]|Bytes:5
12:34:19.441 (1442491857)|STATEMENT_EXECUTE|[37]
12:34:19.441 (1442496581)|HEAP_ALLOCATE|[37]|Bytes:1
12:34:19.441 (1442510683)|HEAP_ALLOCATE|[37]|Bytes:2
12:34:19.441 (1442523633)|VARIABLE_ASSIGNMENT|[37]|ffhttp_JsonDeserializer.DOUBLE_QUOTE_COLON|"\":"
12:34:19.441 (1442530624)|SYSTEM_MODE_EXIT|false
12:34:19.441 (1442538301)|METHOD_EXIT|[32]|ffhttp_JsonDeserializer
12:34:19.441 (1442545541)|HEAP_ALLOCATE|[108]|Bytes:12
12:34:19.441 (1442550079)|HEAP_ALLOCATE|[108]|Bytes:36
12:34:19.441 (1442606548)|HEAP_ALLOCATE|[108]|Bytes:27
12:34:19.441 (1442616114)|SYSTEM_METHOD_ENTRY|[1]|Type.Type()
12:34:19.441 (1442620138)|STATEMENT_EXECUTE|[1]
12:34:19.441 (1442625035)|SYSTEM_METHOD_EXIT|[1]|Type
12:34:19.441 (1442630247)|HEAP_ALLOCATE|[108]|Bytes:8
12:34:19.441 (1442643719)|HEAP_ALLOCATE|[108]|Bytes:8
12:34:19.441 (1442650122)|VARIABLE_SCOPE_BEGIN|[4]|this|System.Type|true|false
12:34:19.441 (1442670803)|VARIABLE_ASSIGNMENT|[4]|this|{}|0x6aed1e3b
12:34:19.441 (1442678011)|VARIABLE_SCOPE_BEGIN|[4]|apextype|java:common.apex.runtime.ApexObjectType|true|false
12:34:19.441 (1442769160)|VARIABLE_ASSIGNMENT|[4]|apextype|"ffhttp_JsonDeserializerTest.JsonTest"|0x1c446c9f
12:34:19.441 (1442811654)|HEAP_ALLOCATE|[108]|Bytes:8
12:34:19.441 (1442829151)|CONSTRUCTOR_ENTRY|[108]|01pm0000000Yfa6|<init>(System.Type,Map<String,String>)|ffhttp_JsonDeserializer
12:34:19.441 (1442848243)|VARIABLE_SCOPE_BEGIN|[48]|this|ffhttp_JsonDeserializer|true|false
12:34:19.441 (1442864860)|VARIABLE_ASSIGNMENT|[48]|this|{}|0x46789088
12:34:19.441 (1442870160)|VARIABLE_SCOPE_BEGIN|[48]|apexType|System.Type|true|false
12:34:19.441 (1442885551)|VARIABLE_ASSIGNMENT|[48]|apexType|{"aot":"0x1c446c9f"}|0x6aed1e3b
12:34:19.441 (1442891142)|VARIABLE_SCOPE_BEGIN|[48]|fieldsToReplace|Map<String,String>|true|false
12:34:19.441 (1442903552)|VARIABLE_ASSIGNMENT|[48]|fieldsToReplace|{"testing":"test"}|0xaeabf54
12:34:19.441 (1442914204)|SYSTEM_MODE_ENTER|false
12:34:19.441 (1442919864)|HEAP_ALLOCATE|[50]|Bytes:5
12:34:19.441 (1442924510)|STATEMENT_EXECUTE|[32]
12:34:19.441 (1442927469)|HEAP_ALLOCATE|[50]|Bytes:5
12:34:19.441 (1442930239)|STATEMENT_EXECUTE|[40]
12:34:19.441 (1442931949)|STATEMENT_EXECUTE|[41]
12:34:19.441 (1442944997)|STATEMENT_EXECUTE|[49]
12:34:19.441 (1442946604)|STATEMENT_EXECUTE|[50]
12:34:19.441 (1442952201)|VARIABLE_ASSIGNMENT|[50]|this.m_apexType|0x6aed1e3b|0x46789088
12:34:19.441 (1442957598)|STATEMENT_EXECUTE|[51]
12:34:19.441 (1442966419)|VARIABLE_ASSIGNMENT|[51]|this.m_fieldsToReplace|{"testing":"test"}|0x46789088
12:34:19.441 (1442972534)|SYSTEM_MODE_EXIT|false
12:34:19.441 (1442985477)|CONSTRUCTOR_EXIT|[108]|01pm0000000Yfa6|<init>(System.Type,Map<String,String>)|ffhttp_JsonDeserializer
12:34:19.441 (1442992878)|VARIABLE_SCOPE_BEGIN|[108]|jds|ffhttp_JsonDeserializer|true|false
12:34:19.441 (1443033725)|VARIABLE_ASSIGNMENT|[108]|jds|{"m_apexType":"0x6aed1e3b","m_fieldsToReplace":"0xaeabf54"}|0x46789088
12:34:19.441 (1443040825)|STATEMENT_EXECUTE|[110]
12:34:19.441 (1443042565)|STATEMENT_EXECUTE|[111]
12:34:19.441 (1443044091)|STATEMENT_EXECUTE|[112]
12:34:19.441 (1443047283)|HEAP_ALLOCATE|[112]|Bytes:35
12:34:19.441 (1443059783)|METHOD_ENTRY|[112]|01pm0000000Yfa6|ffhttp_JsonDeserializer.deserialize(String)
12:34:19.441 (1443074893)|VARIABLE_SCOPE_BEGIN|[54]|this|ffhttp_JsonDeserializer|true|false
12:34:19.441 (1443093926)|VARIABLE_ASSIGNMENT|[54]|this|{"m_apexType":"0x6aed1e3b","m_fieldsToReplace":"0xaeabf54"}|0x46789088
12:34:19.441 (1443099664)|VARIABLE_SCOPE_BEGIN|[54]|jsonString|String|false|false
12:34:19.441 (1443114295)|VARIABLE_ASSIGNMENT|[54]|jsonString|"{\"testing\":\"Test\",\"t (15 more) ..."
12:34:19.441 (1443127725)|SYSTEM_MODE_ENTER|false
12:34:19.441 (1443132938)|HEAP_ALLOCATE|[56]|Bytes:5
12:34:19.441 (1443137072)|STATEMENT_EXECUTE|[55]
12:34:19.441 (1443138601)|STATEMENT_EXECUTE|[56]
12:34:19.441 (1443140080)|STATEMENT_EXECUTE|[57]
12:34:19.441 (1443143871)|STATEMENT_EXECUTE|[60]
12:34:19.441 (1443145406)|STATEMENT_EXECUTE|[61]
12:34:19.441 (1443178713)|HEAP_ALLOCATE|[61]|Bytes:15
12:34:19.441 (1443190116)|VARIABLE_SCOPE_BEGIN|[61]|fields|Set<String>|true|false
12:34:19.441 (1443206443)|VARIABLE_ASSIGNMENT|[61]|fields|["testing"]|0x139195b
12:34:19.441 (1443224866)|HEAP_ALLOCATE|[62]|Bytes:4
12:34:19.441 (1443252335)|HEAP_ALLOCATE|[62]|Bytes:4
12:34:19.441 (1443278927)|HEAP_ALLOCATE|[62]|Bytes:5
12:34:19.441 (1443294282)|VARIABLE_SCOPE_BEGIN|[62]|field|String|false|false
12:34:19.441 (1443304099)|VARIABLE_ASSIGNMENT|[62]|field|"testing"
12:34:19.441 (1443309474)|STATEMENT_EXECUTE|[63]
12:34:19.441 (1443311080)|STATEMENT_EXECUTE|[64]
12:34:19.441 (1443323799)|VARIABLE_SCOPE_BEGIN|[64]|replacement|String|false|false
12:34:19.441 (1443332947)|VARIABLE_ASSIGNMENT|[64]|replacement|"test"
12:34:19.441 (1443337417)|STATEMENT_EXECUTE|[65]
12:34:19.441 (1443347375)|HEAP_ALLOCATE|[65]|Bytes:16
12:34:19.441 (1443353581)|HEAP_ALLOCATE|[65]|Bytes:7
12:34:19.441 (1443378119)|HEAP_ALLOCATE|[65]|Bytes:29
12:34:19.441 (1443397235)|VARIABLE_ASSIGNMENT|[65]|jsonString|"{\"test\":\"Test\",\"test (9 more) ..."
12:34:19.441 (1443408954)|HEAP_ALLOCATE|[62]|Bytes:5
12:34:19.441 (1443419370)|VARIABLE_ASSIGNMENT|[62]|field|null
12:34:19.441 (1443424808)|STATEMENT_EXECUTE|[69]
12:34:19.441 (1443435539)|HEAP_ALLOCATE|[69]|Bytes:24
12:34:19.441 (1443444374)|SYSTEM_METHOD_ENTRY|[1]|JSON.JSON()
12:34:19.441 (1443447683)|STATEMENT_EXECUTE|[1]
12:34:19.441 (1443452273)|SYSTEM_METHOD_EXIT|[1]|JSON
12:34:19.441 (1443460052)|METHOD_ENTRY|[69]||System.JSON.deserialize(String, System.Type)
12:34:19.441 (1443809611)|METHOD_EXIT|[69]||System.JSON.deserialize(String, System.Type)
12:34:19.441 (1443835496)|VARIABLE_SCOPE_BEGIN|[72]|e|Exception|true|false
12:34:19.441 (1443883273)|VARIABLE_ASSIGNMENT|[72]|e|"common.apex.runtime.impl.ExecutionException: Duplicate field: ffhttp_JsonDeserializerTest.JsonTest.test"|0x327c381
12:34:19.441 (1443891164)|STATEMENT_EXECUTE|[72]
12:34:19.441 (1443892743)|STATEMENT_EXECUTE|[73]
12:34:19.441 (1444053782)|USER_DEBUG|[73]|ERROR|{"test":"Test","test":"Test"}
12:34:19.441 (1444064683)|STATEMENT_EXECUTE|[74]
12:34:19.441 (1448741968)|METHOD_ENTRY|[32]|01pm0000000YfaC|ffhttp_SystemException.ffhttp_SystemException()
12:34:19.441 (1448751875)|STATEMENT_EXECUTE|[32]
12:34:19.441 (1448756397)|STATEMENT_EXECUTE|[32]
12:34:19.441 (1448765440)|HEAP_ALLOCATE|[74]|Bytes:5
12:34:19.441 (1448775226)|METHOD_EXIT|[32]|ffhttp_SystemException
12:34:19.441 (1448789704)|HEAP_ALLOCATE|[74]|Bytes:28
12:34:19.441 (1448812554)|CONSTRUCTOR_ENTRY|[74]|01pm0000000YfaC|<init>(String,Exception)|ffhttp_SystemException
12:34:19.441 (1448841475)|VARIABLE_SCOPE_BEGIN|[32]|this|ffhttp_SystemException|true|false
12:34:19.441 (1448892834)|VARIABLE_ASSIGNMENT|[32]|this|"common.apex.runtime.impl.ExecutionException"|0x872ec03
12:34:19.441 (1448904573)|HEAP_ALLOCATE|[EXTERNAL]|Bytes:5
12:34:19.441 (1448913807)|HEAP_ALLOCATE|[EXTERNAL]|Bytes:34
12:34:19.441 (1448961356)|HEAP_ALLOCATE|[84]|Bytes:11
12:34:19.441 (1448969925)|HEAP_ALLOCATE|[84]|Bytes:33
12:34:19.441 (1448975249)|HEAP_ALLOCATE|[84]|Bytes:30
12:34:19.441 (1448981031)|HEAP_ALLOCATE|[84]|Bytes:12
12:34:19.441 (1449038954)|SYSTEM_METHOD_ENTRY|[EXTERNAL]|ArrayList.ArrayList()
12:34:19.441 (1449044415)|STATEMENT_EXECUTE|[EXTERNAL]
12:34:19.441 (1449048767)|ENTERING_MANAGED_PKG|java__util
12:34:19.441 (1449058361)|SYSTEM_METHOD_EXIT|[EXTERNAL]|ArrayList
12:34:19.441 (1449066126)|HEAP_ALLOCATE|[214]|Bytes:16
12:34:19.441 (1449084819)|ENTERING_MANAGED_PKG|java__util
12:34:19.441 (1449118057)|ENTERING_MANAGED_PKG|java__util
12:34:19.441 (1449156471)|ENTERING_MANAGED_PKG|java__util
12:34:19.441 (1449209760)|SYSTEM_METHOD_ENTRY|[EXTERNAL]|Collections.Collections()
12:34:19.441 (1449214353)|STATEMENT_EXECUTE|[EXTERNAL]
12:34:19.441 (1449216704)|ENTERING_MANAGED_PKG|java__util
12:34:19.441 (1449226900)|HEAP_ALLOCATE|[4279]|Bytes:4
12:34:19.441 (1449239140)|ENTERING_MANAGED_PKG|java__util
12:34:19.441 (1449258631)|ENTERING_MANAGED_PKG|java__util
12:34:19.441 (1449276847)|ENTERING_MANAGED_PKG|java__util
12:34:19.441 (1449284386)|ENTERING_MANAGED_PKG|java__util
12:34:19.441 (1449315694)|HEAP_ALLOCATE|[4397]|Bytes:8
12:34:19.441 (1449325812)|ENTERING_MANAGED_PKG|java__util
12:34:19.441 (1449340130)|ENTERING_MANAGED_PKG|java__util
12:34:19.441 (1449357176)|ENTERING_MANAGED_PKG|java__util
12:34:19.441 (1449364085)|ENTERING_MANAGED_PKG|java__util
12:34:19.441 (1449390059)|HEAP_ALLOCATE|[4498]|Bytes:12
12:34:19.441 (1449400220)|ENTERING_MANAGED_PKG|java__util
12:34:19.441 (1449413569)|ENTERING_MANAGED_PKG|java__util
12:34:19.441 (1449429853)|ENTERING_MANAGED_PKG|java__util
12:34:19.441 (1449446416)|SYSTEM_METHOD_EXIT|[EXTERNAL]|Collections
12:34:19.441 (1449456356)|ENTERING_MANAGED_PKG|java__util
12:34:19.441 (1449485309)|HEAP_ALLOCATE|[1287]|Bytes:12
12:34:19.441 (1449496775)|ENTERING_MANAGED_PKG|java__util
12:34:19.441 (1449514490)|ENTERING_MANAGED_PKG|java__util
12:34:19.441 (1449535567)|ENTERING_MANAGED_PKG|java__util
12:34:19.441 (1449610759)|HEAP_ALLOCATE|[783]|Bytes:19
12:34:19.441 (1449616961)|HEAP_ALLOCATE|[783]|Bytes:16
12:34:19.441 (1449620158)|HEAP_ALLOCATE|[783]|Bytes:19
12:34:19.441 (1449627303)|HEAP_ALLOCATE|[783]|Bytes:19
12:34:19.441 (1449630265)|HEAP_ALLOCATE|[783]|Bytes:16
12:34:19.441 (1449633260)|HEAP_ALLOCATE|[783]|Bytes:19
12:34:19.441 (1449637081)|HEAP_ALLOCATE|[783]|Bytes:19
12:34:19.441 (1449640243)|HEAP_ALLOCATE|[783]|Bytes:6
12:34:19.441 (1449642837)|HEAP_ALLOCATE|[783]|Bytes:19
12:34:19.441 (1449647191)|HEAP_ALLOCATE|[783]|Bytes:19
12:34:19.441 (1449650121)|HEAP_ALLOCATE|[783]|Bytes:6
12:34:19.441 (1449652656)|HEAP_ALLOCATE|[783]|Bytes:19
12:34:19.441 (1449656202)|HEAP_ALLOCATE|[783]|Bytes:24
12:34:19.441 (1449659106)|HEAP_ALLOCATE|[783]|Bytes:6
12:34:19.441 (1449661817)|HEAP_ALLOCATE|[783]|Bytes:24
12:34:19.441 (1449665339)|HEAP_ALLOCATE|[783]|Bytes:22
12:34:19.441 (1449667902)|HEAP_ALLOCATE|[783]|Bytes:6
12:34:19.441 (1449670430)|HEAP_ALLOCATE|[783]|Bytes:22
12:34:19.441 (1449673904)|HEAP_ALLOCATE|[783]|Bytes:23
12:34:19.441 (1449676941)|HEAP_ALLOCATE|[783]|Bytes:11
12:34:19.441 (1449679553)|HEAP_ALLOCATE|[783]|Bytes:23
12:34:19.441 (1449683416)|HEAP_ALLOCATE|[783]|Bytes:27
12:34:19.441 (1449686013)|HEAP_ALLOCATE|[783]|Bytes:56
12:34:19.441 (1449688437)|HEAP_ALLOCATE|[783]|Bytes:27
12:34:19.441 (1449705416)|STATEMENT_EXECUTE|[32]
12:34:19.441 (1449711344)|HEAP_ALLOCATE|[EXTERNAL]|Bytes:5
12:34:19.441 (1449728325)|CONSTRUCTOR_EXIT|[74]|01pm0000000YfaC|<init>(String,Exception)|ffhttp_SystemException
12:34:19.441 (1449769757)|EXCEPTION_THROWN|[74]|ffhttp_SystemException: Could not deserialize JSON
12:34:19.441 (1449778353)|SYSTEM_MODE_EXIT|false
12:34:19.441 (1449787956)|EXCEPTION_THROWN|[74]|ffhttp_SystemException: Could not deserialize JSON
12:34:19.441 (1449794779)|METHOD_EXIT|[112]|01pm0000000Yfa6|ffhttp_JsonDeserializer.deserialize(String)
12:34:19.441 (1449811146)|VARIABLE_SCOPE_BEGIN|[116]|ex|ffhttp_SystemException|true|false
12:34:19.441 (1449854353)|VARIABLE_ASSIGNMENT|[116]|ex|"common.apex.runtime.impl.ExecutionException: Could not deserialize JSON"|0x1eb65703
12:34:19.441 (1449861085)|STATEMENT_EXECUTE|[116]
12:34:19.441 (1449863222)|STATEMENT_EXECUTE|[117]
12:34:19.441 (1449925344)|HEAP_ALLOCATE|[117]|Bytes:42
12:34:19.441 (1449947385)|HEAP_ALLOCATE|[117]|Bytes:40
12:34:19.449 (1449981000)|CUMULATIVE_LIMIT_USAGE
12:34:19.449 (1449981000)|LIMIT_USAGE_FOR_NS|(default)|
  Number of SOQL queries: 0 out of 100
  Number of query rows: 0 out of 50000
  Number of SOSL queries: 0 out of 20
  Number of DML statements: 0 out of 150
  Number of DML rows: 0 out of 10000
  Maximum CPU time: 0 out of 10000
  Maximum heap size: 0 out of 6000000
  Number of callouts: 0 out of 100
  Number of Email Invocations: 0 out of 10
  Number of future calls: 0 out of 50
  Number of queueable jobs added to the queue: 0 out of 50
  Number of Mobile Apex push calls: 0 out of 10

12:34:19.449 (1449981000)|CUMULATIVE_LIMIT_USAGE_END

12:34:19.441 (1450010217)|CODE_UNIT_FINISHED|ffhttp_JsonDeserializerTest.testJsonDeserializerWithFieldsToReplaceCreatingDuplicate()
12:34:19.441 (1451207181)|EXECUTION_FINISHED
12:34:19.496 (1496907117)|USER_INFO|[EXTERNAL]|00518000002hPQO|matthew.billups@matsonmoney.com.mbill|Mountain Standard Time|GMT-07:00
12:34:19.496 (1496926560)|EXECUTION_STARTED
12:34:19.496 (1496930301)|CODE_UNIT_STARTED|[EXTERNAL]|01pm0000000Yfa7|ffhttp_JsonDeserializerTest.testJsonDeserializerWithInvalidJson()
12:34:19.496 (1497031453)|HEAP_ALLOCATE|[72]|Bytes:3
12:34:19.496 (1497054513)|HEAP_ALLOCATE|[77]|Bytes:152
12:34:19.496 (1497065556)|HEAP_ALLOCATE|[342]|Bytes:408
12:34:19.496 (1497079692)|HEAP_ALLOCATE|[355]|Bytes:408
12:34:19.496 (1497093423)|HEAP_ALLOCATE|[467]|Bytes:48
12:34:19.496 (1497112756)|HEAP_ALLOCATE|[139]|Bytes:6
12:34:19.496 (1497125986)|HEAP_ALLOCATE|[EXTERNAL]|Bytes:18
12:34:19.496 (1497130625)|HEAP_ALLOCATE|[EXTERNAL]|Bytes:106
12:34:19.496 (1497139304)|METHOD_ENTRY|[33]|01pm0000000Yfa7|ffhttp_JsonDeserializerTest.ffhttp_JsonDeserializerTest()
12:34:19.496 (1497145122)|STATEMENT_EXECUTE|[33]
12:34:19.496 (1497148952)|STATEMENT_EXECUTE|[33]
12:34:19.496 (1497150612)|STATEMENT_EXECUTE|[125]
12:34:19.496 (1497152193)|STATEMENT_EXECUTE|[135]
12:34:19.496 (1497155308)|METHOD_EXIT|[33]|ffhttp_JsonDeserializerTest
12:34:19.496 (1497235082)|HEAP_ALLOCATE|[50]|Bytes:5
12:34:19.496 (1497251403)|HEAP_ALLOCATE|[56]|Bytes:5
12:34:19.496 (1497258843)|HEAP_ALLOCATE|[64]|Bytes:7
12:34:19.496 (1497282133)|STATEMENT_EXECUTE|[53]
12:34:19.496 (1497284683)|STATEMENT_EXECUTE|[54]
12:34:19.496 (1497295256)|HEAP_ALLOCATE|[54]|Bytes:3
12:34:19.496 (1497302474)|HEAP_ALLOCATE|[54]|Bytes:8
12:34:19.496 (1497311119)|CONSTRUCTOR_ENTRY|[54]|01pm0000000Yfa7|<init>()|ffhttp_JsonDeserializerTest.JsonTest
12:34:19.496 (1497329911)|VARIABLE_SCOPE_BEGIN|[125]|this|ffhttp_JsonDeserializerTest.JsonTest|true|false
12:34:19.496 (1497363422)|VARIABLE_ASSIGNMENT|[125]|this|{}|0x6cf1bfc
12:34:19.496 (1497372842)|HEAP_ALLOCATE|[127]|Bytes:8
12:34:19.496 (1497381117)|METHOD_ENTRY|[33]|01pm0000000YfZq|ffhttp_AbstractJsonSerializable.ffhttp_AbstractJsonSerializable()
12:34:19.496 (1497385870)|STATEMENT_EXECUTE|[33]
12:34:19.496 (1497388555)|STATEMENT_EXECUTE|[33]
12:34:19.496 (1497391314)|METHOD_EXIT|[33]|ffhttp_AbstractJsonSerializable
12:34:19.496 (1497401592)|CONSTRUCTOR_ENTRY|[127]|01pm0000000YfZq|<init>()|ffhttp_AbstractJsonSerializable
12:34:19.496 (1497408028)|VARIABLE_SCOPE_BEGIN|[33]|this|ffhttp_AbstractJsonSerializable|true|false
12:34:19.496 (1497422582)|VARIABLE_ASSIGNMENT|[33]|this|{}|0x6cf1bfc
12:34:19.496 (1497430409)|HEAP_ALLOCATE|[EXTERNAL]|Bytes:6
12:34:19.496 (1497447228)|STATEMENT_EXECUTE|[33]
12:34:19.496 (1497454490)|CONSTRUCTOR_EXIT|[127]|01pm0000000YfZq|<init>()|ffhttp_AbstractJsonSerializable
12:34:19.496 (1497460710)|STATEMENT_EXECUTE|[125]
12:34:19.496 (1497462470)|STATEMENT_EXECUTE|[127]
12:34:19.496 (1497465581)|HEAP_ALLOCATE|[127]|Bytes:4
12:34:19.496 (1497480350)|VARIABLE_ASSIGNMENT|[127]|this.test|"Test"|0x6cf1bfc
12:34:19.496 (1497486552)|CONSTRUCTOR_EXIT|[54]|01pm0000000Yfa7|<init>()|ffhttp_JsonDeserializerTest.JsonTest
12:34:19.496 (1497493177)|VARIABLE_SCOPE_BEGIN|[54]|test|ffhttp_JsonDeserializerTest.JsonTest|true|false
12:34:19.496 (1497510929)|VARIABLE_ASSIGNMENT|[54]|test|{"test":"Test"}|0x6cf1bfc
12:34:19.496 (1497517021)|STATEMENT_EXECUTE|[56]
12:34:19.496 (1497524843)|VARIABLE_SCOPE_BEGIN|[36]|ffhttp_JsonDeserializer.DOUBLE_QUOTE|String|false|true
12:34:19.496 (1497532052)|VARIABLE_SCOPE_BEGIN|[37]|ffhttp_JsonDeserializer.DOUBLE_QUOTE_COLON|String|false|true
12:34:19.496 (1497538775)|VARIABLE_SCOPE_BEGIN|[34]|ffhttp_JsonDeserializer.JSON_DESERIALIZATION_ERROR|String|false|true
12:34:19.496 (1497545244)|VARIABLE_SCOPE_BEGIN|[38]|ffhttp_JsonDeserializer.REGULAR_EXPRESSION|String|false|true
12:34:19.496 (1497554219)|HEAP_ALLOCATE|[56]|Bytes:8
12:34:19.496 (1497559585)|HEAP_ALLOCATE|[56]|Bytes:2
12:34:19.496 (1497563587)|HEAP_ALLOCATE|[56]|Bytes:1
12:34:19.496 (1497571630)|VARIABLE_ASSIGNMENT|[56]|ffhttp_JsonDeserializer.DOUBLE_QUOTE|"\""
12:34:19.496 (1497576471)|HEAP_ALLOCATE|[56]|Bytes:26
12:34:19.496 (1497585086)|VARIABLE_ASSIGNMENT|[56]|ffhttp_JsonDeserializer.JSON_DESERIALIZATION_ERROR|"Could not deserializ (6 more) ..."
12:34:19.496 (1497589985)|HEAP_ALLOCATE|[56]|Bytes:8
12:34:19.496 (1497602996)|VARIABLE_ASSIGNMENT|[56]|ffhttp_JsonDeserializer.REGULAR_EXPRESSION|"\"\\s{0,}:"
12:34:19.496 (1497611407)|METHOD_ENTRY|[32]|01pm0000000Yfa6|ffhttp_JsonDeserializer.ffhttp_JsonDeserializer()
12:34:19.496 (1497615981)|STATEMENT_EXECUTE|[32]
12:34:19.496 (1497618596)|STATEMENT_EXECUTE|[32]
12:34:19.496 (1497987781)|SYSTEM_MODE_ENTER|false
12:34:19.496 (1498002404)|HEAP_ALLOCATE|[37]|Bytes:5
12:34:19.496 (1498008867)|STATEMENT_EXECUTE|[37]
12:34:19.496 (1498014255)|HEAP_ALLOCATE|[37]|Bytes:1
12:34:19.496 (1498032210)|HEAP_ALLOCATE|[37]|Bytes:2
12:34:19.496 (1498045820)|VARIABLE_ASSIGNMENT|[37]|ffhttp_JsonDeserializer.DOUBLE_QUOTE_COLON|"\":"
12:34:19.496 (1498053499)|SYSTEM_MODE_EXIT|false
12:34:19.496 (1498061676)|METHOD_EXIT|[32]|ffhttp_JsonDeserializer
12:34:19.496 (1498069172)|HEAP_ALLOCATE|[56]|Bytes:12
12:34:19.496 (1498073740)|HEAP_ALLOCATE|[56]|Bytes:36
12:34:19.496 (1498126403)|HEAP_ALLOCATE|[56]|Bytes:27
12:34:19.496 (1498136952)|SYSTEM_METHOD_ENTRY|[1]|Type.Type()
12:34:19.496 (1498140489)|STATEMENT_EXECUTE|[1]
12:34:19.496 (1498145025)|SYSTEM_METHOD_EXIT|[1]|Type
12:34:19.496 (1498149828)|HEAP_ALLOCATE|[56]|Bytes:8
12:34:19.496 (1498162657)|HEAP_ALLOCATE|[56]|Bytes:8
12:34:19.496 (1498168324)|VARIABLE_SCOPE_BEGIN|[4]|this|System.Type|true|false
12:34:19.496 (1498187427)|VARIABLE_ASSIGNMENT|[4]|this|{}|0x6bbe6a95
12:34:19.496 (1498194498)|VARIABLE_SCOPE_BEGIN|[4]|apextype|java:common.apex.runtime.ApexObjectType|true|false
12:34:19.496 (1498282617)|VARIABLE_ASSIGNMENT|[4]|apextype|"ffhttp_JsonDeserializerTest.JsonTest"|0x1c446c9f
12:34:19.496 (1498315407)|HEAP_ALLOCATE|[56]|Bytes:8
12:34:19.496 (1498331694)|CONSTRUCTOR_ENTRY|[56]|01pm0000000Yfa6|<init>(System.Type)|ffhttp_JsonDeserializer
12:34:19.496 (1498348564)|VARIABLE_SCOPE_BEGIN|[43]|this|ffhttp_JsonDeserializer|true|false
12:34:19.496 (1498364747)|VARIABLE_ASSIGNMENT|[43]|this|{}|0x4948bb61
12:34:19.496 (1498370468)|VARIABLE_SCOPE_BEGIN|[43]|apexType|System.Type|true|false
12:34:19.496 (1498386365)|VARIABLE_ASSIGNMENT|[43]|apexType|{"aot":"0x1c446c9f"}|0x6bbe6a95
12:34:19.496 (1498397387)|SYSTEM_MODE_ENTER|false
12:34:19.496 (1498402876)|HEAP_ALLOCATE|[45]|Bytes:5
12:34:19.496 (1498407158)|STATEMENT_EXECUTE|[45]
12:34:19.496 (1498421414)|CONSTRUCTOR_ENTRY|[45]|01pm0000000Yfa6|<init>(System.Type,Map<String,String>)|ffhttp_JsonDeserializer
12:34:19.496 (1498429084)|VARIABLE_SCOPE_BEGIN|[48]|this|ffhttp_JsonDeserializer|true|false
12:34:19.496 (1498441917)|VARIABLE_ASSIGNMENT|[48]|this|{}|0x4948bb61
12:34:19.496 (1498446909)|VARIABLE_SCOPE_BEGIN|[48]|apexType|System.Type|true|false
12:34:19.496 (1498458968)|VARIABLE_ASSIGNMENT|[48]|apexType|{"aot":"0x1c446c9f"}|0x6bbe6a95
12:34:19.496 (1498464332)|VARIABLE_SCOPE_BEGIN|[48]|fieldsToReplace|Map<String,String>|true|false
12:34:19.496 (1498472047)|VARIABLE_ASSIGNMENT|[48]|fieldsToReplace|null|
12:34:19.496 (1498479912)|HEAP_ALLOCATE|[50]|Bytes:5
12:34:19.496 (1498483779)|STATEMENT_EXECUTE|[32]
12:34:19.496 (1498486496)|HEAP_ALLOCATE|[50]|Bytes:5
12:34:19.496 (1498489765)|STATEMENT_EXECUTE|[40]
12:34:19.496 (1498491432)|STATEMENT_EXECUTE|[41]
12:34:19.496 (1498503986)|STATEMENT_EXECUTE|[49]
12:34:19.496 (1498505846)|STATEMENT_EXECUTE|[50]
12:34:19.496 (1498510959)|VARIABLE_ASSIGNMENT|[50]|this.m_apexType|0x6bbe6a95|0x4948bb61
12:34:19.496 (1498516583)|STATEMENT_EXECUTE|[51]
12:34:19.496 (1498521362)|VARIABLE_ASSIGNMENT|[51]|this.m_fieldsToReplace|null|0x4948bb61
12:34:19.496 (1498534506)|CONSTRUCTOR_EXIT|[45]|01pm0000000Yfa6|<init>(System.Type,Map<String,String>)|ffhttp_JsonDeserializer
12:34:19.496 (1498540537)|STATEMENT_EXECUTE|[44]
12:34:19.496 (1498543872)|SYSTEM_MODE_EXIT|false
12:34:19.496 (1498552070)|CONSTRUCTOR_EXIT|[56]|01pm0000000Yfa6|<init>(System.Type)|ffhttp_JsonDeserializer
12:34:19.496 (1498558111)|VARIABLE_SCOPE_BEGIN|[56]|jds|ffhttp_JsonDeserializer|true|false
12:34:19.496 (1498584529)|VARIABLE_ASSIGNMENT|[56]|jds|{"m_apexType":"0x6bbe6a95"}|0x4948bb61
12:34:19.496 (1498590670)|STATEMENT_EXECUTE|[57]
12:34:19.496 (1498599497)|HEAP_ALLOCATE|[57]|Bytes:42
12:34:19.496 (1498633081)|STATEMENT_EXECUTE|[59]
12:34:19.496 (1498635205)|STATEMENT_EXECUTE|[60]
12:34:19.496 (1498636887)|STATEMENT_EXECUTE|[61]
12:34:19.496 (1498639866)|HEAP_ALLOCATE|[61]|Bytes:20
12:34:19.496 (1498651077)|METHOD_ENTRY|[61]|01pm0000000Yfa6|ffhttp_JsonDeserializer.deserialize(String)
12:34:19.496 (1498663117)|VARIABLE_SCOPE_BEGIN|[54]|this|ffhttp_JsonDeserializer|true|false
12:34:19.496 (1498680312)|VARIABLE_ASSIGNMENT|[54]|this|{"m_apexType":"0x6bbe6a95"}|0x4948bb61
12:34:19.496 (1498686748)|VARIABLE_SCOPE_BEGIN|[54]|jsonString|String|false|false
12:34:19.496 (1498700902)|VARIABLE_ASSIGNMENT|[54]|jsonString|"{\"invalid json test}"
12:34:19.496 (1498714168)|SYSTEM_MODE_ENTER|false
12:34:19.496 (1498719557)|HEAP_ALLOCATE|[56]|Bytes:5
12:34:19.496 (1498723696)|STATEMENT_EXECUTE|[55]
12:34:19.496 (1498725291)|STATEMENT_EXECUTE|[56]
12:34:19.496 (1498726742)|STATEMENT_EXECUTE|[57]
12:34:19.496 (1498730292)|STATEMENT_EXECUTE|[59]
12:34:19.496 (1498732035)|STATEMENT_EXECUTE|[69]
12:34:19.496 (1498743128)|HEAP_ALLOCATE|[69]|Bytes:24
12:34:19.496 (1498753294)|SYSTEM_METHOD_ENTRY|[1]|JSON.JSON()
12:34:19.496 (1498756642)|STATEMENT_EXECUTE|[1]
12:34:19.496 (1498761152)|SYSTEM_METHOD_EXIT|[1]|JSON
12:34:19.496 (1498769821)|METHOD_ENTRY|[69]||System.JSON.deserialize(String, System.Type)
12:34:19.496 (1499150889)|METHOD_EXIT|[69]||System.JSON.deserialize(String, System.Type)
12:34:19.496 (1499176740)|VARIABLE_SCOPE_BEGIN|[72]|e|Exception|true|false
12:34:19.496 (1499223010)|VARIABLE_ASSIGNMENT|[72]|e|"common.apex.runtime.impl.ExecutionException: Unexpected end-of-input: was expecting closing '\"' for name at [line:1, column:41]"|0x37eab46
12:34:19.496 (1499231084)|STATEMENT_EXECUTE|[72]
12:34:19.496 (1499232664)|STATEMENT_EXECUTE|[73]
12:34:19.496 (1499345114)|USER_DEBUG|[73]|ERROR|{"invalid json test}
12:34:19.496 (1499354869)|STATEMENT_EXECUTE|[74]
12:34:19.496 (1499363137)|METHOD_ENTRY|[32]|01pm0000000YfaC|ffhttp_SystemException.ffhttp_SystemException()
12:34:19.496 (1499367591)|STATEMENT_EXECUTE|[32]
12:34:19.496 (1499369860)|STATEMENT_EXECUTE|[32]
12:34:19.496 (1499376662)|HEAP_ALLOCATE|[74]|Bytes:5
12:34:19.496 (1499384240)|METHOD_EXIT|[32]|ffhttp_SystemException
12:34:19.496 (1499389773)|HEAP_ALLOCATE|[74]|Bytes:28
12:34:19.496 (1499406452)|CONSTRUCTOR_ENTRY|[74]|01pm0000000YfaC|<init>(String,Exception)|ffhttp_SystemException
12:34:19.496 (1499414920)|VARIABLE_SCOPE_BEGIN|[32]|this|ffhttp_SystemException|true|false
12:34:19.496 (1499455203)|VARIABLE_ASSIGNMENT|[32]|this|"common.apex.runtime.impl.ExecutionException"|0xf618bfb
12:34:19.496 (1499465138)|HEAP_ALLOCATE|[EXTERNAL]|Bytes:5
12:34:19.496 (1499473918)|HEAP_ALLOCATE|[EXTERNAL]|Bytes:34
12:34:19.496 (1499509769)|HEAP_ALLOCATE|[84]|Bytes:11
12:34:19.496 (1499517920)|HEAP_ALLOCATE|[84]|Bytes:33
12:34:19.496 (1499521951)|HEAP_ALLOCATE|[84]|Bytes:30
12:34:19.496 (1499525791)|HEAP_ALLOCATE|[84]|Bytes:12
12:34:19.496 (1499575061)|SYSTEM_METHOD_ENTRY|[EXTERNAL]|ArrayList.ArrayList()
12:34:19.496 (1499579523)|STATEMENT_EXECUTE|[EXTERNAL]
12:34:19.496 (1499583179)|ENTERING_MANAGED_PKG|java__util
12:34:19.496 (1499596355)|SYSTEM_METHOD_EXIT|[EXTERNAL]|ArrayList
12:34:19.496 (1499603741)|HEAP_ALLOCATE|[214]|Bytes:16
12:34:19.496 (1499621513)|ENTERING_MANAGED_PKG|java__util
12:34:19.496 (1499631923)|ENTERING_MANAGED_PKG|java__util
12:34:19.496 (1499644036)|ENTERING_MANAGED_PKG|java__util
12:34:19.496 (1499698148)|SYSTEM_METHOD_ENTRY|[EXTERNAL]|Collections.Collections()
12:34:19.496 (1499704573)|STATEMENT_EXECUTE|[EXTERNAL]
12:34:19.496 (1499707833)|ENTERING_MANAGED_PKG|java__util
12:34:19.496 (1499720068)|HEAP_ALLOCATE|[4279]|Bytes:4
12:34:19.496 (1499732542)|ENTERING_MANAGED_PKG|java__util
12:34:19.496 (1499740523)|ENTERING_MANAGED_PKG|java__util
12:34:19.496 (1499748499)|ENTERING_MANAGED_PKG|java__util
12:34:19.496 (1499755697)|ENTERING_MANAGED_PKG|java__util
12:34:19.496 (1499784576)|HEAP_ALLOCATE|[4397]|Bytes:8
12:34:19.496 (1499802112)|ENTERING_MANAGED_PKG|java__util
12:34:19.496 (1499814597)|ENTERING_MANAGED_PKG|java__util
12:34:19.496 (1499822186)|ENTERING_MANAGED_PKG|java__util
12:34:19.496 (1499829103)|ENTERING_MANAGED_PKG|java__util
12:34:19.496 (1499854628)|HEAP_ALLOCATE|[4498]|Bytes:12
12:34:19.496 (1499864198)|ENTERING_MANAGED_PKG|java__util
12:34:19.496 (1499871829)|ENTERING_MANAGED_PKG|java__util
12:34:19.496 (1499880637)|ENTERING_MANAGED_PKG|java__util
12:34:19.496 (1499895599)|SYSTEM_METHOD_EXIT|[EXTERNAL]|Collections
12:34:19.496 (1499904129)|ENTERING_MANAGED_PKG|java__util
12:34:19.496 (1499921108)|HEAP_ALLOCATE|[1287]|Bytes:12
12:34:19.496 (1499932140)|ENTERING_MANAGED_PKG|java__util
12:34:19.496 (1499942080)|ENTERING_MANAGED_PKG|java__util
12:34:19.496 (1499952452)|ENTERING_MANAGED_PKG|java__util
12:34:19.496 (1499995853)|HEAP_ALLOCATE|[783]|Bytes:19
12:34:19.496 (1500000864)|HEAP_ALLOCATE|[783]|Bytes:16
12:34:19.496 (1500004372)|HEAP_ALLOCATE|[783]|Bytes:19
12:34:19.496 (1500011281)|HEAP_ALLOCATE|[783]|Bytes:19
12:34:19.496 (1500014251)|HEAP_ALLOCATE|[783]|Bytes:16
12:34:19.496 (1500016710)|HEAP_ALLOCATE|[783]|Bytes:19
12:34:19.496 (1500020837)|HEAP_ALLOCATE|[783]|Bytes:19
12:34:19.496 (1500023524)|HEAP_ALLOCATE|[783]|Bytes:6
12:34:19.496 (1500026408)|HEAP_ALLOCATE|[783]|Bytes:19
12:34:19.496 (1500030049)|HEAP_ALLOCATE|[783]|Bytes:19
12:34:19.496 (1500032585)|HEAP_ALLOCATE|[783]|Bytes:6
12:34:19.496 (1500035497)|HEAP_ALLOCATE|[783]|Bytes:19
12:34:19.496 (1500039084)|HEAP_ALLOCATE|[783]|Bytes:24
12:34:19.496 (1500041830)|HEAP_ALLOCATE|[783]|Bytes:6
12:34:19.496 (1500044306)|HEAP_ALLOCATE|[783]|Bytes:24
12:34:19.496 (1500047749)|HEAP_ALLOCATE|[783]|Bytes:22
12:34:19.496 (1500050363)|HEAP_ALLOCATE|[783]|Bytes:6
12:34:19.496 (1500052993)|HEAP_ALLOCATE|[783]|Bytes:22
12:34:19.496 (1500056475)|HEAP_ALLOCATE|[783]|Bytes:23
12:34:19.496 (1500059553)|HEAP_ALLOCATE|[783]|Bytes:11
12:34:19.496 (1500061963)|HEAP_ALLOCATE|[783]|Bytes:23
12:34:19.496 (1500065835)|HEAP_ALLOCATE|[783]|Bytes:27
12:34:19.496 (1500068448)|HEAP_ALLOCATE|[783]|Bytes:35
12:34:19.496 (1500070849)|HEAP_ALLOCATE|[783]|Bytes:27
12:34:19.496 (1500086706)|STATEMENT_EXECUTE|[32]
12:34:19.496 (1500092422)|HEAP_ALLOCATE|[EXTERNAL]|Bytes:5
12:34:19.496 (1500108264)|CONSTRUCTOR_EXIT|[74]|01pm0000000YfaC|<init>(String,Exception)|ffhttp_SystemException
12:34:19.496 (1500124449)|EXCEPTION_THROWN|[74]|ffhttp_SystemException: Could not deserialize JSON
12:34:19.496 (1500132843)|SYSTEM_MODE_EXIT|false
12:34:19.496 (1500142120)|EXCEPTION_THROWN|[74]|ffhttp_SystemException: Could not deserialize JSON
12:34:19.496 (1500149317)|METHOD_EXIT|[61]|01pm0000000Yfa6|ffhttp_JsonDeserializer.deserialize(String)
12:34:19.496 (1500165089)|VARIABLE_SCOPE_BEGIN|[65]|ex|ffhttp_SystemException|true|false
12:34:19.496 (1500202791)|VARIABLE_ASSIGNMENT|[65]|ex|"common.apex.runtime.impl.ExecutionException: Could not deserialize JSON"|0x794be9f3
12:34:19.496 (1500210086)|STATEMENT_EXECUTE|[65]
12:34:19.496 (1500211738)|STATEMENT_EXECUTE|[66]
12:34:19.496 (1500236974)|HEAP_ALLOCATE|[66]|Bytes:26
12:34:19.500 (1500275430)|CUMULATIVE_LIMIT_USAGE
12:34:19.500 (1500275430)|LIMIT_USAGE_FOR_NS|(default)|
  Number of SOQL queries: 0 out of 100
  Number of query rows: 0 out of 50000
  Number of SOSL queries: 0 out of 20
  Number of DML statements: 0 out of 150
  Number of DML rows: 0 out of 10000
  Maximum CPU time: 0 out of 10000
  Maximum heap size: 0 out of 6000000
  Number of callouts: 0 out of 100
  Number of Email Invocations: 0 out of 10
  Number of future calls: 0 out of 50
  Number of queueable jobs added to the queue: 0 out of 50
  Number of Mobile Apex push calls: 0 out of 10

12:34:19.500 (1500275430)|CUMULATIVE_LIMIT_USAGE_END

12:34:19.496 (1500303135)|CODE_UNIT_FINISHED|ffhttp_JsonDeserializerTest.testJsonDeserializerWithInvalidJson()
12:34:19.496 (1501466856)|EXECUTION_FINISHED
12:34:19.545 (1545941199)|USER_INFO|[EXTERNAL]|00518000002hPQO|matthew.billups@matsonmoney.com.mbill|Mountain Standard Time|GMT-07:00
12:34:19.545 (1545960896)|EXECUTION_STARTED
12:34:19.545 (1545964597)|CODE_UNIT_STARTED|[EXTERNAL]|01pm0000000Yfa7|ffhttp_JsonDeserializerTest.testJsonDeserializerWithMultipleFieldsToReplace()
12:34:19.545 (1546100598)|HEAP_ALLOCATE|[72]|Bytes:3
12:34:19.545 (1546135955)|HEAP_ALLOCATE|[77]|Bytes:152
12:34:19.545 (1546151927)|HEAP_ALLOCATE|[342]|Bytes:408
12:34:19.545 (1546167638)|HEAP_ALLOCATE|[355]|Bytes:408
12:34:19.545 (1546181307)|HEAP_ALLOCATE|[467]|Bytes:48
12:34:19.545 (1546205823)|HEAP_ALLOCATE|[139]|Bytes:6
12:34:19.545 (1546220440)|HEAP_ALLOCATE|[EXTERNAL]|Bytes:18
12:34:19.545 (1546225459)|HEAP_ALLOCATE|[EXTERNAL]|Bytes:106
12:34:19.545 (1546235134)|METHOD_ENTRY|[33]|01pm0000000Yfa7|ffhttp_JsonDeserializerTest.ffhttp_JsonDeserializerTest()
12:34:19.545 (1546240494)|STATEMENT_EXECUTE|[33]
12:34:19.545 (1546244425)|STATEMENT_EXECUTE|[33]
12:34:19.545 (1546246182)|STATEMENT_EXECUTE|[125]
12:34:19.545 (1546247795)|STATEMENT_EXECUTE|[135]
12:34:19.545 (1546250895)|METHOD_EXIT|[33]|ffhttp_JsonDeserializerTest
12:34:19.545 (1546335965)|HEAP_ALLOCATE|[50]|Bytes:5
12:34:19.545 (1546355431)|HEAP_ALLOCATE|[56]|Bytes:5
12:34:19.545 (1546363414)|HEAP_ALLOCATE|[64]|Bytes:7
12:34:19.545 (1546395286)|STATEMENT_EXECUTE|[88]
12:34:19.545 (1546397290)|STATEMENT_EXECUTE|[89]
12:34:19.545 (1546416767)|HEAP_ALLOCATE|[89]|Bytes:4
12:34:19.545 (1546430569)|VARIABLE_SCOPE_BEGIN|[89]|fieldsToReplace|Map<String,String>|true|false
12:34:19.545 (1546458611)|VARIABLE_ASSIGNMENT|[89]|fieldsToReplace|{}|0x35af5bcb
12:34:19.545 (1546465025)|STATEMENT_EXECUTE|[90]
12:34:19.545 (1546468195)|HEAP_ALLOCATE|[90]|Bytes:7
12:34:19.545 (1546472242)|HEAP_ALLOCATE|[90]|Bytes:4
12:34:19.545 (1546516832)|HEAP_ALLOCATE|[EXTERNAL]|Bytes:-4
12:34:19.545 (1546527766)|STATEMENT_EXECUTE|[91]
12:34:19.545 (1546530669)|HEAP_ALLOCATE|[91]|Bytes:8
12:34:19.545 (1546534701)|HEAP_ALLOCATE|[91]|Bytes:5
12:34:19.545 (1546552437)|HEAP_ALLOCATE|[EXTERNAL]|Bytes:-4
12:34:19.545 (1546559372)|STATEMENT_EXECUTE|[93]
12:34:19.545 (1546568394)|VARIABLE_SCOPE_BEGIN|[36]|ffhttp_JsonDeserializer.DOUBLE_QUOTE|String|false|true
12:34:19.545 (1546575429)|VARIABLE_SCOPE_BEGIN|[37]|ffhttp_JsonDeserializer.DOUBLE_QUOTE_COLON|String|false|true
12:34:19.545 (1546581614)|VARIABLE_SCOPE_BEGIN|[34]|ffhttp_JsonDeserializer.JSON_DESERIALIZATION_ERROR|String|false|true
12:34:19.545 (1546588004)|VARIABLE_SCOPE_BEGIN|[38]|ffhttp_JsonDeserializer.REGULAR_EXPRESSION|String|false|true
12:34:19.545 (1546615214)|HEAP_ALLOCATE|[93]|Bytes:8
12:34:19.545 (1546620974)|HEAP_ALLOCATE|[93]|Bytes:2
12:34:19.545 (1546625996)|HEAP_ALLOCATE|[93]|Bytes:1
12:34:19.545 (1546639744)|VARIABLE_ASSIGNMENT|[93]|ffhttp_JsonDeserializer.DOUBLE_QUOTE|"\""
12:34:19.545 (1546644783)|HEAP_ALLOCATE|[93]|Bytes:26
12:34:19.545 (1546654439)|VARIABLE_ASSIGNMENT|[93]|ffhttp_JsonDeserializer.JSON_DESERIALIZATION_ERROR|"Could not deserializ (6 more) ..."
12:34:19.545 (1546659268)|HEAP_ALLOCATE|[93]|Bytes:8
12:34:19.545 (1546666205)|VARIABLE_ASSIGNMENT|[93]|ffhttp_JsonDeserializer.REGULAR_EXPRESSION|"\"\\s{0,}:"
12:34:19.545 (1546673881)|METHOD_ENTRY|[32]|01pm0000000Yfa6|ffhttp_JsonDeserializer.ffhttp_JsonDeserializer()
12:34:19.545 (1546678887)|STATEMENT_EXECUTE|[32]
12:34:19.545 (1546681261)|STATEMENT_EXECUTE|[32]
12:34:19.545 (1547030678)|SYSTEM_MODE_ENTER|false
12:34:19.545 (1547047102)|HEAP_ALLOCATE|[37]|Bytes:5
12:34:19.545 (1547052557)|STATEMENT_EXECUTE|[37]
12:34:19.545 (1547057661)|HEAP_ALLOCATE|[37]|Bytes:1
12:34:19.545 (1547074484)|HEAP_ALLOCATE|[37]|Bytes:2
12:34:19.545 (1547087236)|VARIABLE_ASSIGNMENT|[37]|ffhttp_JsonDeserializer.DOUBLE_QUOTE_COLON|"\":"
12:34:19.545 (1547094863)|SYSTEM_MODE_EXIT|false
12:34:19.545 (1547103847)|METHOD_EXIT|[32]|ffhttp_JsonDeserializer
12:34:19.545 (1547111190)|HEAP_ALLOCATE|[93]|Bytes:12
12:34:19.545 (1547115894)|HEAP_ALLOCATE|[93]|Bytes:37
12:34:19.545 (1549583824)|HEAP_ALLOCATE|[93]|Bytes:27
12:34:19.545 (1549605485)|SYSTEM_METHOD_ENTRY|[1]|Type.Type()
12:34:19.545 (1549610114)|STATEMENT_EXECUTE|[1]
12:34:19.545 (1549617380)|SYSTEM_METHOD_EXIT|[1]|Type
12:34:19.545 (1549624494)|HEAP_ALLOCATE|[93]|Bytes:8
12:34:19.545 (1549639871)|HEAP_ALLOCATE|[93]|Bytes:8
12:34:19.545 (1549646492)|VARIABLE_SCOPE_BEGIN|[4]|this|System.Type|true|false
12:34:19.545 (1549671864)|VARIABLE_ASSIGNMENT|[4]|this|{}|0x697bc12b
12:34:19.545 (1549679720)|VARIABLE_SCOPE_BEGIN|[4]|apextype|java:common.apex.runtime.ApexObjectType|true|false
12:34:19.545 (1549786076)|VARIABLE_ASSIGNMENT|[4]|apextype|"ffhttp_JsonDeserializerTest.JsonTest2"|0x1eceec4a
12:34:19.545 (1549835441)|HEAP_ALLOCATE|[93]|Bytes:8
12:34:19.545 (1549854997)|CONSTRUCTOR_ENTRY|[93]|01pm0000000Yfa6|<init>(System.Type,Map<String,String>)|ffhttp_JsonDeserializer
12:34:19.545 (1549876040)|VARIABLE_SCOPE_BEGIN|[48]|this|ffhttp_JsonDeserializer|true|false
12:34:19.545 (1549892982)|VARIABLE_ASSIGNMENT|[48]|this|{}|0x91c9a12
12:34:19.545 (1549898673)|VARIABLE_SCOPE_BEGIN|[48]|apexType|System.Type|true|false
12:34:19.545 (1549921671)|VARIABLE_ASSIGNMENT|[48]|apexType|{"aot":"0x1eceec4a"}|0x697bc12b
12:34:19.545 (1549927420)|VARIABLE_SCOPE_BEGIN|[48]|fieldsToReplace|Map<String,String>|true|false
12:34:19.545 (1549953259)|VARIABLE_ASSIGNMENT|[48]|fieldsToReplace|{"testing":"test","testing2":"test2"}|0x35af5bcb
12:34:19.545 (1550288528)|SYSTEM_MODE_ENTER|false
12:34:19.545 (1550299188)|HEAP_ALLOCATE|[50]|Bytes:5
12:34:19.545 (1550305063)|STATEMENT_EXECUTE|[32]
12:34:19.545 (1550309096)|HEAP_ALLOCATE|[50]|Bytes:5
12:34:19.545 (1550312422)|STATEMENT_EXECUTE|[40]
12:34:19.545 (1550314161)|STATEMENT_EXECUTE|[41]
12:34:19.545 (1550331739)|STATEMENT_EXECUTE|[49]
12:34:19.545 (1550334096)|STATEMENT_EXECUTE|[50]
12:34:19.545 (1550340111)|VARIABLE_ASSIGNMENT|[50]|this.m_apexType|0x697bc12b|0x91c9a12
12:34:19.545 (1550345387)|STATEMENT_EXECUTE|[51]
12:34:19.545 (1550359323)|VARIABLE_ASSIGNMENT|[51]|this.m_fieldsToReplace|{"testing":"test","testing2":"test2"}|0x91c9a12
12:34:19.545 (1550366573)|SYSTEM_MODE_EXIT|false
12:34:19.545 (1550382138)|CONSTRUCTOR_EXIT|[93]|01pm0000000Yfa6|<init>(System.Type,Map<String,String>)|ffhttp_JsonDeserializer
12:34:19.545 (1550390005)|VARIABLE_SCOPE_BEGIN|[93]|jds|ffhttp_JsonDeserializer|true|false
12:34:19.545 (1550420858)|VARIABLE_ASSIGNMENT|[93]|jds|{"m_apexType":"0x697bc12b","m_fieldsToReplace":"0x35af5bcb"}|0x91c9a12
12:34:19.545 (1550427399)|STATEMENT_EXECUTE|[95]
12:34:19.545 (1550431463)|HEAP_ALLOCATE|[95]|Bytes:37
12:34:19.545 (1550448326)|METHOD_ENTRY|[95]|01pm0000000Yfa6|ffhttp_JsonDeserializer.deserialize(String)
12:34:19.545 (1550463536)|VARIABLE_SCOPE_BEGIN|[54]|this|ffhttp_JsonDeserializer|true|false
12:34:19.545 (1550483235)|VARIABLE_ASSIGNMENT|[54]|this|{"m_apexType":"0x697bc12b","m_fieldsToReplace":"0x35af5bcb"}|0x91c9a12
12:34:19.545 (1550489046)|VARIABLE_SCOPE_BEGIN|[54]|jsonString|String|false|false
12:34:19.545 (1550503208)|VARIABLE_ASSIGNMENT|[54]|jsonString|"{\"testing\":\"Test\",\"t (17 more) ..."
12:34:19.545 (1550517756)|SYSTEM_MODE_ENTER|false
12:34:19.545 (1550523749)|HEAP_ALLOCATE|[56]|Bytes:5
12:34:19.545 (1550528091)|STATEMENT_EXECUTE|[55]
12:34:19.545 (1550529758)|STATEMENT_EXECUTE|[56]
12:34:19.545 (1550531174)|STATEMENT_EXECUTE|[57]
12:34:19.545 (1550535863)|STATEMENT_EXECUTE|[60]
12:34:19.545 (1550537511)|STATEMENT_EXECUTE|[61]
12:34:19.545 (1550574840)|HEAP_ALLOCATE|[61]|Bytes:27
12:34:19.545 (1550587848)|VARIABLE_SCOPE_BEGIN|[61]|fields|Set<String>|true|false
12:34:19.545 (1550613405)|VARIABLE_ASSIGNMENT|[61]|fields|["testing","testing2"]|0x4d03cd70
12:34:19.545 (1550632931)|HEAP_ALLOCATE|[62]|Bytes:4
12:34:19.545 (1550663254)|HEAP_ALLOCATE|[62]|Bytes:8
12:34:19.545 (1550691537)|HEAP_ALLOCATE|[62]|Bytes:5
12:34:19.545 (1550708103)|VARIABLE_SCOPE_BEGIN|[62]|field|String|false|false
12:34:19.545 (1550718025)|VARIABLE_ASSIGNMENT|[62]|field|"testing"
12:34:19.545 (1550723256)|STATEMENT_EXECUTE|[63]
12:34:19.545 (1550724815)|STATEMENT_EXECUTE|[64]
12:34:19.545 (1550737045)|VARIABLE_SCOPE_BEGIN|[64]|replacement|String|false|false
12:34:19.545 (1550746610)|VARIABLE_ASSIGNMENT|[64]|replacement|"test"
12:34:19.545 (1550750787)|STATEMENT_EXECUTE|[65]
12:34:19.545 (1550760832)|HEAP_ALLOCATE|[65]|Bytes:16
12:34:19.545 (1550767069)|HEAP_ALLOCATE|[65]|Bytes:7
12:34:19.545 (1550794889)|HEAP_ALLOCATE|[65]|Bytes:34
12:34:19.545 (1550813167)|VARIABLE_ASSIGNMENT|[65]|jsonString|"{\"test\":\"Test\",\"test (14 more) ..."
12:34:19.545 (1550824820)|HEAP_ALLOCATE|[62]|Bytes:5
12:34:19.545 (1550834637)|VARIABLE_SCOPE_BEGIN|[62]|field|String|false|false
12:34:19.545 (1550843332)|VARIABLE_ASSIGNMENT|[62]|field|"testing2"
12:34:19.545 (1550847509)|STATEMENT_EXECUTE|[63]
12:34:19.545 (1550849165)|STATEMENT_EXECUTE|[64]
12:34:19.545 (1550858288)|VARIABLE_SCOPE_BEGIN|[64]|replacement|String|false|false
12:34:19.545 (1550866330)|VARIABLE_ASSIGNMENT|[64]|replacement|"test2"
12:34:19.545 (1550869963)|STATEMENT_EXECUTE|[65]
12:34:19.545 (1550874195)|HEAP_ALLOCATE|[65]|Bytes:17
12:34:19.545 (1550879097)|HEAP_ALLOCATE|[65]|Bytes:8
12:34:19.545 (1550894520)|HEAP_ALLOCATE|[65]|Bytes:31
12:34:19.545 (1550912443)|VARIABLE_ASSIGNMENT|[65]|jsonString|"{\"test\":\"Test\",\"test (11 more) ..."
12:34:19.545 (1550922603)|HEAP_ALLOCATE|[62]|Bytes:5
12:34:19.545 (1550932799)|VARIABLE_ASSIGNMENT|[62]|field|null
12:34:19.545 (1550938552)|STATEMENT_EXECUTE|[69]
12:34:19.545 (1550950758)|HEAP_ALLOCATE|[69]|Bytes:24
12:34:19.545 (1550960188)|SYSTEM_METHOD_ENTRY|[1]|JSON.JSON()
12:34:19.545 (1550963649)|STATEMENT_EXECUTE|[1]
12:34:19.545 (1550968704)|SYSTEM_METHOD_EXIT|[1]|JSON
12:34:19.545 (1550977962)|METHOD_ENTRY|[69]||System.JSON.deserialize(String, System.Type)
12:34:19.545 (1551239821)|METHOD_EXIT|[69]||System.JSON.deserialize(String, System.Type)
12:34:19.545 (1551250064)|SYSTEM_MODE_EXIT|false
12:34:19.545 (1551257277)|METHOD_EXIT|[95]|01pm0000000Yfa6|ffhttp_JsonDeserializer.deserialize(String)
12:34:19.545 (1551265324)|VARIABLE_SCOPE_BEGIN|[95]|test|ffhttp_JsonDeserializerTest.JsonTest2|true|false
12:34:19.545 (1551296134)|VARIABLE_ASSIGNMENT|[95]|test|{"test":"Test","test2":"Test2"}|0x24c6c426
12:34:19.545 (1551303135)|STATEMENT_EXECUTE|[96]
12:34:19.545 (1551324609)|METHOD_ENTRY|[96]|01pm0000000Yfa7|ffhttp_JsonDeserializerTest.JsonTest2.getTest()
12:34:19.545 (1551342432)|VARIABLE_SCOPE_BEGIN|[140]|this|ffhttp_JsonDeserializerTest.JsonTest2|true|false
12:34:19.545 (1551361581)|VARIABLE_ASSIGNMENT|[140]|this|{"test":"Test","test2":"Test2"}|0x24c6c426
12:34:19.545 (1551378271)|STATEMENT_EXECUTE|[141]
12:34:19.545 (1551380491)|STATEMENT_EXECUTE|[142]
12:34:19.545 (1551385635)|METHOD_EXIT|[96]|01pm0000000Yfa7|ffhttp_JsonDeserializerTest.JsonTest2.getTest()
12:34:19.545 (1551392598)|HEAP_ALLOCATE|[96]|Bytes:4
12:34:19.545 (1551413290)|STATEMENT_EXECUTE|[97]
12:34:19.545 (1551421289)|METHOD_ENTRY|[97]|01pm0000000Yfa7|ffhttp_JsonDeserializerTest.JsonTest2.getTest2()
12:34:19.545 (1551437319)|VARIABLE_SCOPE_BEGIN|[144]|this|ffhttp_JsonDeserializerTest.JsonTest2|true|false
12:34:19.545 (1551455267)|VARIABLE_ASSIGNMENT|[144]|this|{"test":"Test","test2":"Test2"}|0x24c6c426
12:34:19.545 (1551467879)|STATEMENT_EXECUTE|[145]
12:34:19.545 (1551469534)|STATEMENT_EXECUTE|[146]
12:34:19.545 (1551473638)|METHOD_EXIT|[97]|01pm0000000Yfa7|ffhttp_JsonDeserializerTest.JsonTest2.getTest2()
12:34:19.545 (1551479135)|HEAP_ALLOCATE|[97]|Bytes:5
12:34:19.551 (1551495714)|CUMULATIVE_LIMIT_USAGE
12:34:19.551 (1551495714)|LIMIT_USAGE_FOR_NS|(default)|
  Number of SOQL queries: 0 out of 100
  Number of query rows: 0 out of 50000
  Number of SOSL queries: 0 out of 20
  Number of DML statements: 0 out of 150
  Number of DML rows: 0 out of 10000
  Maximum CPU time: 0 out of 10000
  Maximum heap size: 0 out of 6000000
  Number of callouts: 0 out of 100
  Number of Email Invocations: 0 out of 10
  Number of future calls: 0 out of 50
  Number of queueable jobs added to the queue: 0 out of 50
  Number of Mobile Apex push calls: 0 out of 10

12:34:19.551 (1551495714)|CUMULATIVE_LIMIT_USAGE_END

12:34:19.545 (1551523708)|CODE_UNIT_FINISHED|ffhttp_JsonDeserializerTest.testJsonDeserializerWithMultipleFieldsToReplace()
12:34:19.545 (1552703335)|EXECUTION_FINISHED
