42.0 APEX_CODE,FINEST;APEX_PROFILING,INFO;CALLOUT,INFO;DB,INFO;NBA,INFO;SYSTEM,DEBUG;VALIDATION,INFO;VISUALFORCE,INFO;WAVE,INFO;WORKFLOW,INFO
12:34:31.0 (287359)|USER_INFO|[EXTERNAL]|00518000002hPQO|matthew.billups@matsonmoney.com.mbill|Mountain Standard Time|GMT-07:00
12:34:31.0 (331934)|EXECUTION_STARTED
12:34:31.0 (337453)|CODE_UNIT_STARTED|[EXTERNAL]|01p3600000JWdh0|EmailTemplatesSelectorTests.givenGetOrderByExpectDisplayName()
12:34:31.0 (561016)|HEAP_ALLOCATE|[72]|Bytes:3
12:34:31.0 (606619)|HEAP_ALLOCATE|[77]|Bytes:152
12:34:31.0 (623008)|HEAP_ALLOCATE|[342]|Bytes:408
12:34:31.0 (637295)|HEAP_ALLOCATE|[355]|Bytes:408
12:34:31.0 (650315)|HEAP_ALLOCATE|[467]|Bytes:48
12:34:31.0 (678728)|HEAP_ALLOCATE|[139]|Bytes:6
12:34:31.0 (695482)|HEAP_ALLOCATE|[EXTERNAL]|Bytes:41
12:34:31.0 (716617)|METHOD_ENTRY|[6]|01p3600000JWdh0|EmailTemplatesSelectorTests.EmailTemplatesSelectorTests()
12:34:31.0 (723385)|STATEMENT_EXECUTE|[6]
12:34:31.0 (728840)|STATEMENT_EXECUTE|[6]
12:34:31.0 (758056)|HEAP_ALLOCATE|[50]|Bytes:5
12:34:31.0 (792780)|HEAP_ALLOCATE|[56]|Bytes:5
12:34:31.0 (802549)|HEAP_ALLOCATE|[64]|Bytes:7
12:34:31.0 (1138170)|SYSTEM_MODE_ENTER|false
12:34:31.0 (1156601)|HEAP_ALLOCATE|[EXTERNAL]|Bytes:5
12:34:31.0 (1165585)|SYSTEM_MODE_EXIT|false
12:34:31.0 (1174681)|METHOD_EXIT|[6]|EmailTemplatesSelectorTests
12:34:31.0 (1244741)|SYSTEM_MODE_ENTER|false
12:34:31.0 (1251216)|HEAP_ALLOCATE|[53]|Bytes:5
12:34:31.0 (1255367)|STATEMENT_EXECUTE|[50]
12:34:31.0 (1257122)|STATEMENT_EXECUTE|[53]
12:34:31.0 (1406909)|HEAP_ALLOCATE|[53]|Bytes:25
12:34:31.0 (1417454)|METHOD_ENTRY|[5]|01p3600000JWdgz|EmailTemplatesSelector.EmailTemplatesSelector()
12:34:31.0 (1422241)|STATEMENT_EXECUTE|[5]
12:34:31.0 (1424843)|STATEMENT_EXECUTE|[5]
12:34:31.0 (1430140)|HEAP_ALLOCATE|[53]|Bytes:5
12:34:31.0 (1436883)|METHOD_EXIT|[5]|EmailTemplatesSelector
12:34:31.0 (1444917)|HEAP_ALLOCATE|[53]|Bytes:32
12:34:31.0 (1462088)|CONSTRUCTOR_ENTRY|[53]|01p3600000JWdgz|<init>()|EmailTemplatesSelector
12:34:31.0 (1501159)|VARIABLE_SCOPE_BEGIN|[5]|this|EmailTemplatesSelector|true|false
12:34:31.0 (1866939)|HEAP_ALLOCATE|[EXTERNAL]|Bytes:156
12:34:31.0 (1879899)|HEAP_ALLOCATE|[EXTERNAL]|Bytes:120
12:34:31.0 (1892223)|METHOD_ENTRY|[30]|01pm0000000Yfay|fflib_SObjectSelector.fflib_SObjectSelector()
12:34:31.0 (1899793)|STATEMENT_EXECUTE|[30]
12:34:31.0 (1904182)|STATEMENT_EXECUTE|[30]
12:34:31.0 (1912959)|HEAP_ALLOCATE|[EXTERNAL]|Bytes:5
12:34:31.0 (1925039)|METHOD_EXIT|[30]|fflib_SObjectSelector
12:34:31.0 (2002004)|VARIABLE_ASSIGNMENT|[5]|this|{}|0xa8af97f
12:34:31.0 (2017167)|HEAP_ALLOCATE|[EXTERNAL]|Bytes:5
12:34:31.0 (2036458)|CONSTRUCTOR_ENTRY|[EXTERNAL]|01pm0000000Yfay|<init>()|fflib_SObjectSelector
12:34:31.0 (2064036)|VARIABLE_SCOPE_BEGIN|[98]|this|fflib_SObjectSelector|true|false
12:34:31.0 (2093919)|VARIABLE_ASSIGNMENT|[98]|this|{}|0xa8af97f
12:34:31.0 (2106604)|HEAP_ALLOCATE|[100]|Bytes:5
12:34:31.0 (2112900)|STATEMENT_EXECUTE|[100]
12:34:31.0 (2133081)|CONSTRUCTOR_ENTRY|[100]|01pm0000000Yfay|<init>(Boolean)|fflib_SObjectSelector
12:34:31.0 (2220218)|VARIABLE_SCOPE_BEGIN|[108]|this|fflib_SObjectSelector|true|false
12:34:31.0 (2244073)|VARIABLE_ASSIGNMENT|[108]|this|{}|0xa8af97f
12:34:31.0 (2251322)|VARIABLE_SCOPE_BEGIN|[108]|includeFieldSetFields|Boolean|false|false
12:34:31.0 (2260425)|VARIABLE_ASSIGNMENT|[108]|includeFieldSetFields|false
12:34:31.0 (2268900)|HEAP_ALLOCATE|[110]|Bytes:5
12:34:31.0 (2273371)|STATEMENT_EXECUTE|[110]
12:34:31.0 (2286048)|CONSTRUCTOR_ENTRY|[110]|01pm0000000Yfay|<init>(Boolean,Boolean,Boolean)|fflib_SObjectSelector
12:34:31.0 (2300087)|VARIABLE_SCOPE_BEGIN|[118]|this|fflib_SObjectSelector|true|false
12:34:31.0 (2318081)|VARIABLE_ASSIGNMENT|[118]|this|{}|0xa8af97f
12:34:31.0 (2324550)|VARIABLE_SCOPE_BEGIN|[118]|includeFieldSetFields|Boolean|false|false
12:34:31.0 (2331458)|VARIABLE_ASSIGNMENT|[118]|includeFieldSetFields|false
12:34:31.0 (2335390)|VARIABLE_SCOPE_BEGIN|[118]|enforceCRUD|Boolean|false|false
12:34:31.0 (2342134)|VARIABLE_ASSIGNMENT|[118]|enforceCRUD|true
12:34:31.0 (2346341)|VARIABLE_SCOPE_BEGIN|[118]|enforceFLS|Boolean|false|false
12:34:31.0 (2353328)|VARIABLE_ASSIGNMENT|[118]|enforceFLS|false
12:34:31.0 (2359994)|HEAP_ALLOCATE|[120]|Bytes:5
12:34:31.0 (2364235)|STATEMENT_EXECUTE|[120]
12:34:31.0 (2375254)|CONSTRUCTOR_ENTRY|[120]|01pm0000000Yfay|<init>(Boolean,Boolean,Boolean,Boolean)|fflib_SObjectSelector
12:34:31.0 (2387376)|VARIABLE_SCOPE_BEGIN|[131]|this|fflib_SObjectSelector|true|false
12:34:31.0 (2404408)|VARIABLE_ASSIGNMENT|[131]|this|{}|0xa8af97f
12:34:31.0 (2410569)|VARIABLE_SCOPE_BEGIN|[131]|includeFieldSetFields|Boolean|false|false
12:34:31.0 (2417675)|VARIABLE_ASSIGNMENT|[131]|includeFieldSetFields|false
12:34:31.0 (2421357)|VARIABLE_SCOPE_BEGIN|[131]|enforceCRUD|Boolean|false|false
12:34:31.0 (2427952)|VARIABLE_ASSIGNMENT|[131]|enforceCRUD|true
12:34:31.0 (2432050)|VARIABLE_SCOPE_BEGIN|[131]|enforceFLS|Boolean|false|false
12:34:31.0 (2438551)|VARIABLE_ASSIGNMENT|[131]|enforceFLS|false
12:34:31.0 (2442250)|VARIABLE_SCOPE_BEGIN|[131]|sortSelectFields|Boolean|false|false
12:34:31.0 (2448924)|VARIABLE_ASSIGNMENT|[131]|sortSelectFields|true
12:34:31.0 (2455466)|HEAP_ALLOCATE|[133]|Bytes:5
12:34:31.0 (2459357)|STATEMENT_EXECUTE|[30]
12:34:31.0 (2461860)|HEAP_ALLOCATE|[133]|Bytes:5
12:34:31.0 (2464764)|STATEMENT_EXECUTE|[37]
12:34:31.0 (2466302)|STATEMENT_EXECUTE|[50]
12:34:31.0 (2467756)|STATEMENT_EXECUTE|[55]
12:34:31.0 (2469106)|STATEMENT_EXECUTE|[60]
12:34:31.0 (2470707)|STATEMENT_EXECUTE|[65]
12:34:31.0 (2471997)|STATEMENT_EXECUTE|[71]
12:34:31.0 (2473427)|STATEMENT_EXECUTE|[76]
12:34:31.0 (2481484)|HEAP_ALLOCATE|[133]|Bytes:6
12:34:31.0 (2525593)|STATEMENT_EXECUTE|[132]
12:34:31.0 (2527867)|STATEMENT_EXECUTE|[133]
12:34:31.0 (2532091)|HEAP_ALLOCATE|[133]|Bytes:5
12:34:31.0 (2537901)|STATEMENT_EXECUTE|[134]
12:34:31.0 (2540345)|HEAP_ALLOCATE|[134]|Bytes:5
12:34:31.0 (2543595)|STATEMENT_EXECUTE|[135]
12:34:31.0 (2545718)|HEAP_ALLOCATE|[135]|Bytes:5
12:34:31.0 (2549101)|STATEMENT_EXECUTE|[136]
12:34:31.0 (2551322)|HEAP_ALLOCATE|[136]|Bytes:5
12:34:31.0 (2564552)|CONSTRUCTOR_EXIT|[120]|01pm0000000Yfay|<init>(Boolean,Boolean,Boolean,Boolean)|fflib_SObjectSelector
12:34:31.0 (2571287)|STATEMENT_EXECUTE|[119]
12:34:31.0 (2578546)|CONSTRUCTOR_EXIT|[110]|01pm0000000Yfay|<init>(Boolean,Boolean,Boolean)|fflib_SObjectSelector
12:34:31.0 (2583762)|STATEMENT_EXECUTE|[109]
12:34:31.0 (2588643)|CONSTRUCTOR_EXIT|[100]|01pm0000000Yfay|<init>(Boolean)|fflib_SObjectSelector
12:34:31.0 (2593599)|STATEMENT_EXECUTE|[99]
12:34:31.0 (2600071)|CONSTRUCTOR_EXIT|[EXTERNAL]|01pm0000000Yfay|<init>()|fflib_SObjectSelector
12:34:31.0 (2606268)|STATEMENT_EXECUTE|[5]
12:34:31.0 (2609987)|HEAP_ALLOCATE|[EXTERNAL]|Bytes:5
12:34:31.0 (2616726)|CONSTRUCTOR_EXIT|[53]|01p3600000JWdgz|<init>()|EmailTemplatesSelector
12:34:31.0 (2622778)|VARIABLE_SCOPE_BEGIN|[53]|sut|EmailTemplatesSelector|true|false
12:34:31.0 (2653989)|VARIABLE_ASSIGNMENT|[53]|sut|{"m_enforceCRUD":true,"m_enforceFLS":false,"m_includeFieldSetFields":false,"m_sortSelectFields":true}|0xa8af97f
12:34:31.0 (2660634)|STATEMENT_EXECUTE|[54]
12:34:31.0 (2663655)|HEAP_ALLOCATE|[54]|Bytes:4
12:34:31.0 (2669210)|VARIABLE_SCOPE_BEGIN|[54]|expectedOrderBy|String|false|false
12:34:31.0 (2681384)|VARIABLE_ASSIGNMENT|[54]|expectedOrderBy|"Name"
12:34:31.0 (2685382)|STATEMENT_EXECUTE|[57]
12:34:31.0 (2701594)|METHOD_ENTRY|[57]|01p3600000JWdgz|EmailTemplatesSelector.getOrderBy()
12:34:31.0 (2728847)|VARIABLE_SCOPE_BEGIN|[33]|this|EmailTemplatesSelector|true|false
12:34:31.0 (2752899)|VARIABLE_ASSIGNMENT|[33]|this|{"m_enforceCRUD":true,"m_enforceFLS":false,"m_includeFieldSetFields":false,"m_sortSelectFields":true}|0xa8af97f
12:34:31.0 (2767077)|HEAP_ALLOCATE|[34]|Bytes:5
12:34:31.0 (2770956)|STATEMENT_EXECUTE|[33]
12:34:31.0 (2772509)|STATEMENT_EXECUTE|[34]
12:34:31.0 (2779770)|METHOD_EXIT|[57]|01p3600000JWdgz|EmailTemplatesSelector.getOrderBy()
12:34:31.0 (2786280)|VARIABLE_SCOPE_BEGIN|[57]|actualOrderBy|String|false|false
12:34:31.0 (2795647)|VARIABLE_ASSIGNMENT|[57]|actualOrderBy|"Name"
12:34:31.0 (2799596)|STATEMENT_EXECUTE|[60]
12:34:31.0 (2841133)|SYSTEM_MODE_EXIT|false
12:34:31.2 (2852237)|CUMULATIVE_LIMIT_USAGE
12:34:31.2 (2852237)|LIMIT_USAGE_FOR_NS|(default)|
  Number of SOQL queries: 0 out of 100
  Number of query rows: 0 out of 50000
  Number of SOSL queries: 0 out of 20
  Number of DML statements: 0 out of 150
  Number of DML rows: 0 out of 10000
  Maximum CPU time: 0 out of 10000
  Maximum heap size: 0 out of 6000000
  Number of callouts: 0 out of 100
  Number of Email Invocations: 0 out of 10
  Number of future calls: 0 out of 50
  Number of queueable jobs added to the queue: 0 out of 50
  Number of Mobile Apex push calls: 0 out of 10

12:34:31.2 (2852237)|CUMULATIVE_LIMIT_USAGE_END

12:34:31.0 (2881546)|CODE_UNIT_FINISHED|EmailTemplatesSelectorTests.givenGetOrderByExpectDisplayName()
12:34:31.0 (4046746)|EXECUTION_FINISHED
12:34:32.401 (1401776485)|USER_INFO|[EXTERNAL]|00518000002hPQO|matthew.billups@matsonmoney.com.mbill|Mountain Standard Time|GMT-07:00
12:34:32.401 (1401806293)|EXECUTION_STARTED
12:34:32.401 (1401810814)|CODE_UNIT_STARTED|[EXTERNAL]|01p3600000JWdh0|EmailTemplatesSelectorTests.givenGetSObjectFieldListExpectCorrectFields()
12:34:32.401 (1401940497)|HEAP_ALLOCATE|[72]|Bytes:3
12:34:32.401 (1401971802)|HEAP_ALLOCATE|[77]|Bytes:152
12:34:32.401 (1401986934)|HEAP_ALLOCATE|[342]|Bytes:408
12:34:32.401 (1402001305)|HEAP_ALLOCATE|[355]|Bytes:408
12:34:32.401 (1402015614)|HEAP_ALLOCATE|[467]|Bytes:48
12:34:32.401 (1402042870)|HEAP_ALLOCATE|[139]|Bytes:6
12:34:32.401 (1402058844)|HEAP_ALLOCATE|[EXTERNAL]|Bytes:41
12:34:32.401 (1402073259)|METHOD_ENTRY|[6]|01p3600000JWdh0|EmailTemplatesSelectorTests.EmailTemplatesSelectorTests()
12:34:32.401 (1402080291)|STATEMENT_EXECUTE|[6]
12:34:32.401 (1402086587)|STATEMENT_EXECUTE|[6]
12:34:32.401 (1402405483)|SYSTEM_MODE_ENTER|false
12:34:32.401 (1402445662)|HEAP_ALLOCATE|[50]|Bytes:5
12:34:32.401 (1402469451)|HEAP_ALLOCATE|[56]|Bytes:5
12:34:32.401 (1402478319)|HEAP_ALLOCATE|[64]|Bytes:7
12:34:32.401 (1402490631)|HEAP_ALLOCATE|[EXTERNAL]|Bytes:5
12:34:32.401 (1402503677)|SYSTEM_MODE_EXIT|false
12:34:32.401 (1402513409)|METHOD_EXIT|[6]|EmailTemplatesSelectorTests
12:34:32.401 (1402641820)|SYSTEM_MODE_ENTER|false
12:34:32.401 (1402649639)|HEAP_ALLOCATE|[33]|Bytes:5
12:34:32.401 (1402653880)|STATEMENT_EXECUTE|[30]
12:34:32.401 (1402655826)|STATEMENT_EXECUTE|[33]
12:34:32.401 (1402679950)|HEAP_ALLOCATE|[33]|Bytes:25
12:34:32.401 (1402688083)|METHOD_ENTRY|[5]|01p3600000JWdgz|EmailTemplatesSelector.EmailTemplatesSelector()
12:34:32.401 (1402693392)|STATEMENT_EXECUTE|[5]
12:34:32.401 (1402696741)|STATEMENT_EXECUTE|[5]
12:34:32.401 (1402701455)|HEAP_ALLOCATE|[33]|Bytes:5
12:34:32.401 (1402708501)|METHOD_EXIT|[5]|EmailTemplatesSelector
12:34:32.401 (1402714947)|HEAP_ALLOCATE|[33]|Bytes:32
12:34:32.401 (1402731995)|CONSTRUCTOR_ENTRY|[33]|01p3600000JWdgz|<init>()|EmailTemplatesSelector
12:34:32.401 (1402760425)|VARIABLE_SCOPE_BEGIN|[5]|this|EmailTemplatesSelector|true|false
12:34:32.401 (1402794265)|HEAP_ALLOCATE|[EXTERNAL]|Bytes:156
12:34:32.401 (1402802714)|HEAP_ALLOCATE|[EXTERNAL]|Bytes:120
12:34:32.401 (1402809542)|METHOD_ENTRY|[30]|01pm0000000Yfay|fflib_SObjectSelector.fflib_SObjectSelector()
12:34:32.401 (1402815437)|STATEMENT_EXECUTE|[30]
12:34:32.401 (1402818848)|STATEMENT_EXECUTE|[30]
12:34:32.401 (1402828478)|HEAP_ALLOCATE|[EXTERNAL]|Bytes:5
12:34:32.401 (1402835415)|METHOD_EXIT|[30]|fflib_SObjectSelector
12:34:32.401 (1402861092)|VARIABLE_ASSIGNMENT|[5]|this|{}|0x2c4a2abc
12:34:32.401 (1402870663)|HEAP_ALLOCATE|[EXTERNAL]|Bytes:5
12:34:32.401 (1402883161)|CONSTRUCTOR_ENTRY|[EXTERNAL]|01pm0000000Yfay|<init>()|fflib_SObjectSelector
12:34:32.401 (1402890673)|VARIABLE_SCOPE_BEGIN|[98]|this|fflib_SObjectSelector|true|false
12:34:32.401 (1402910229)|VARIABLE_ASSIGNMENT|[98]|this|{}|0x2c4a2abc
12:34:32.401 (1402919739)|HEAP_ALLOCATE|[100]|Bytes:5
12:34:32.401 (1402924189)|STATEMENT_EXECUTE|[100]
12:34:32.401 (1402935322)|CONSTRUCTOR_ENTRY|[100]|01pm0000000Yfay|<init>(Boolean)|fflib_SObjectSelector
12:34:32.401 (1402941788)|VARIABLE_SCOPE_BEGIN|[108]|this|fflib_SObjectSelector|true|false
12:34:32.401 (1402959049)|VARIABLE_ASSIGNMENT|[108]|this|{}|0x2c4a2abc
12:34:32.401 (1402966472)|VARIABLE_SCOPE_BEGIN|[108]|includeFieldSetFields|Boolean|false|false
12:34:32.401 (1402975499)|VARIABLE_ASSIGNMENT|[108]|includeFieldSetFields|false
12:34:32.401 (1402981971)|HEAP_ALLOCATE|[110]|Bytes:5
12:34:32.401 (1402985846)|STATEMENT_EXECUTE|[110]
12:34:32.401 (1402995589)|CONSTRUCTOR_ENTRY|[110]|01pm0000000Yfay|<init>(Boolean,Boolean,Boolean)|fflib_SObjectSelector
12:34:32.401 (1403002776)|VARIABLE_SCOPE_BEGIN|[118]|this|fflib_SObjectSelector|true|false
12:34:32.401 (1403024885)|VARIABLE_ASSIGNMENT|[118]|this|{}|0x2c4a2abc
12:34:32.401 (1403031414)|VARIABLE_SCOPE_BEGIN|[118]|includeFieldSetFields|Boolean|false|false
12:34:32.401 (1403039005)|VARIABLE_ASSIGNMENT|[118]|includeFieldSetFields|false
12:34:32.401 (1403042957)|VARIABLE_SCOPE_BEGIN|[118]|enforceCRUD|Boolean|false|false
12:34:32.401 (1403052552)|VARIABLE_ASSIGNMENT|[118]|enforceCRUD|true
12:34:32.401 (1403057355)|VARIABLE_SCOPE_BEGIN|[118]|enforceFLS|Boolean|false|false
12:34:32.401 (1403063713)|VARIABLE_ASSIGNMENT|[118]|enforceFLS|false
12:34:32.401 (1403070376)|HEAP_ALLOCATE|[120]|Bytes:5
12:34:32.401 (1403074640)|STATEMENT_EXECUTE|[120]
12:34:32.401 (1403085138)|CONSTRUCTOR_ENTRY|[120]|01pm0000000Yfay|<init>(Boolean,Boolean,Boolean,Boolean)|fflib_SObjectSelector
12:34:32.401 (1403091669)|VARIABLE_SCOPE_BEGIN|[131]|this|fflib_SObjectSelector|true|false
12:34:32.401 (1403112829)|VARIABLE_ASSIGNMENT|[131]|this|{}|0x2c4a2abc
12:34:32.401 (1403118975)|VARIABLE_SCOPE_BEGIN|[131]|includeFieldSetFields|Boolean|false|false
12:34:32.401 (1403128112)|VARIABLE_ASSIGNMENT|[131]|includeFieldSetFields|false
12:34:32.401 (1403133728)|VARIABLE_SCOPE_BEGIN|[131]|enforceCRUD|Boolean|false|false
12:34:32.401 (1403140542)|VARIABLE_ASSIGNMENT|[131]|enforceCRUD|true
12:34:32.401 (1403144560)|VARIABLE_SCOPE_BEGIN|[131]|enforceFLS|Boolean|false|false
12:34:32.401 (1403151275)|VARIABLE_ASSIGNMENT|[131]|enforceFLS|false
12:34:32.401 (1403155547)|VARIABLE_SCOPE_BEGIN|[131]|sortSelectFields|Boolean|false|false
12:34:32.401 (1403161703)|VARIABLE_ASSIGNMENT|[131]|sortSelectFields|true
12:34:32.401 (1403168174)|HEAP_ALLOCATE|[133]|Bytes:5
12:34:32.401 (1403172136)|STATEMENT_EXECUTE|[30]
12:34:32.401 (1403174671)|HEAP_ALLOCATE|[133]|Bytes:5
12:34:32.401 (1403182711)|STATEMENT_EXECUTE|[37]
12:34:32.401 (1403184660)|STATEMENT_EXECUTE|[50]
12:34:32.401 (1403186135)|STATEMENT_EXECUTE|[55]
12:34:32.401 (1403187710)|STATEMENT_EXECUTE|[60]
12:34:32.401 (1403189176)|STATEMENT_EXECUTE|[65]
12:34:32.401 (1403190502)|STATEMENT_EXECUTE|[71]
12:34:32.401 (1403192036)|STATEMENT_EXECUTE|[76]
12:34:32.401 (1403198610)|HEAP_ALLOCATE|[133]|Bytes:6
12:34:32.401 (1403221497)|STATEMENT_EXECUTE|[132]
12:34:32.401 (1403224030)|STATEMENT_EXECUTE|[133]
12:34:32.401 (1403227838)|HEAP_ALLOCATE|[133]|Bytes:5
12:34:32.401 (1403232750)|STATEMENT_EXECUTE|[134]
12:34:32.401 (1403235642)|HEAP_ALLOCATE|[134]|Bytes:5
12:34:32.401 (1403238781)|STATEMENT_EXECUTE|[135]
12:34:32.401 (1403240996)|HEAP_ALLOCATE|[135]|Bytes:5
12:34:32.401 (1403244212)|STATEMENT_EXECUTE|[136]
12:34:32.401 (1403246461)|HEAP_ALLOCATE|[136]|Bytes:5
12:34:32.401 (1403263307)|CONSTRUCTOR_EXIT|[120]|01pm0000000Yfay|<init>(Boolean,Boolean,Boolean,Boolean)|fflib_SObjectSelector
12:34:32.401 (1403270244)|STATEMENT_EXECUTE|[119]
12:34:32.401 (1403277777)|CONSTRUCTOR_EXIT|[110]|01pm0000000Yfay|<init>(Boolean,Boolean,Boolean)|fflib_SObjectSelector
12:34:32.401 (1403284449)|STATEMENT_EXECUTE|[109]
12:34:32.401 (1403291411)|CONSTRUCTOR_EXIT|[100]|01pm0000000Yfay|<init>(Boolean)|fflib_SObjectSelector
12:34:32.401 (1403297732)|STATEMENT_EXECUTE|[99]
12:34:32.401 (1403302395)|CONSTRUCTOR_EXIT|[EXTERNAL]|01pm0000000Yfay|<init>()|fflib_SObjectSelector
12:34:32.401 (1403307920)|STATEMENT_EXECUTE|[5]
12:34:32.401 (1403311244)|HEAP_ALLOCATE|[EXTERNAL]|Bytes:5
12:34:32.401 (1403318107)|CONSTRUCTOR_EXIT|[33]|01p3600000JWdgz|<init>()|EmailTemplatesSelector
12:34:32.401 (1403323584)|VARIABLE_SCOPE_BEGIN|[33]|sut|EmailTemplatesSelector|true|false
12:34:32.401 (1403360025)|VARIABLE_ASSIGNMENT|[33]|sut|{"m_enforceCRUD":true,"m_enforceFLS":false,"m_includeFieldSetFields":false,"m_sortSelectFields":true}|0x2c4a2abc
12:34:32.401 (1403371140)|STATEMENT_EXECUTE|[34]
12:34:32.401 (1403425138)|HEAP_ALLOCATE|[34]|Bytes:4
12:34:32.401 (1403459185)|HEAP_ALLOCATE|[34]|Bytes:13
12:34:32.401 (1403464134)|HEAP_ALLOCATE|[34]|Bytes:2
12:34:32.401 (1403553002)|HEAP_ALLOCATE|[34]|Bytes:13
12:34:32.401 (1403578790)|HEAP_ALLOCATE|[34]|Bytes:4
12:34:32.401 (1403597307)|HEAP_ALLOCATE|[34]|Bytes:7
12:34:32.401 (1403613123)|HEAP_ALLOCATE|[34]|Bytes:9
12:34:32.401 (1403635006)|VARIABLE_SCOPE_BEGIN|[34]|expectedFields|List<Schema.SObjectField>|true|false
12:34:32.401 (1403677447)|HEAP_ALLOCATE|[EXTERNAL]|Bytes:24
12:34:32.401 (1403815171)|VARIABLE_ASSIGNMENT|[34]|expectedFields|"common.apex.runtime.impl.ScalarList@5da12142"|0x5497e68
12:34:32.401 (1403823823)|STATEMENT_EXECUTE|[44]
12:34:32.401 (1403842834)|METHOD_ENTRY|[44]|01p3600000JWdgz|EmailTemplatesSelector.getSObjectFieldList()
12:34:32.401 (1403866318)|VARIABLE_SCOPE_BEGIN|[12]|this|EmailTemplatesSelector|true|false
12:34:32.401 (1403897848)|VARIABLE_ASSIGNMENT|[12]|this|{"m_enforceCRUD":true,"m_enforceFLS":false,"m_includeFieldSetFields":false,"m_sortSelectFields":true}|0x2c4a2abc
12:34:32.401 (1403915508)|HEAP_ALLOCATE|[14]|Bytes:5
12:34:32.401 (1403920391)|STATEMENT_EXECUTE|[13]
12:34:32.401 (1403922060)|STATEMENT_EXECUTE|[14]
12:34:32.401 (1403930937)|HEAP_ALLOCATE|[14]|Bytes:4
12:34:32.401 (1404086792)|METHOD_EXIT|[44]|01p3600000JWdgz|EmailTemplatesSelector.getSObjectFieldList()
12:34:32.401 (1404096010)|VARIABLE_SCOPE_BEGIN|[44]|actualFields|List<Schema.SObjectField>|true|false
12:34:32.401 (1404118250)|HEAP_ALLOCATE|[EXTERNAL]|Bytes:24
12:34:32.401 (1404153165)|VARIABLE_ASSIGNMENT|[44]|actualFields|"common.apex.runtime.impl.ScalarList@5da12142"|0x190da3b4
12:34:32.401 (1404160101)|STATEMENT_EXECUTE|[47]
12:34:32.401 (1404228507)|SYSTEM_MODE_EXIT|false
12:34:32.404 (1404240951)|CUMULATIVE_LIMIT_USAGE
12:34:32.404 (1404240951)|LIMIT_USAGE_FOR_NS|(default)|
  Number of SOQL queries: 0 out of 100
  Number of query rows: 0 out of 50000
  Number of SOSL queries: 0 out of 20
  Number of DML statements: 0 out of 150
  Number of DML rows: 0 out of 10000
  Maximum CPU time: 0 out of 10000
  Maximum heap size: 0 out of 6000000
  Number of callouts: 0 out of 100
  Number of Email Invocations: 0 out of 10
  Number of future calls: 0 out of 50
  Number of queueable jobs added to the queue: 0 out of 50
  Number of Mobile Apex push calls: 0 out of 10

12:34:32.404 (1404240951)|CUMULATIVE_LIMIT_USAGE_END

12:34:32.401 (1404277543)|CODE_UNIT_FINISHED|EmailTemplatesSelectorTests.givenGetSObjectFieldListExpectCorrectFields()
12:34:32.401 (1405429099)|EXECUTION_FINISHED
12:34:32.457 (1457182682)|USER_INFO|[EXTERNAL]|00518000002hPQO|matthew.billups@matsonmoney.com.mbill|Mountain Standard Time|GMT-07:00
12:34:32.457 (1457218922)|EXECUTION_STARTED
12:34:32.457 (1457225740)|CODE_UNIT_STARTED|[EXTERNAL]|01p3600000JWdh0|EmailTemplatesSelectorTests.givenGetSObjectTypeExpectEmailTemplate()
12:34:32.457 (1457424398)|HEAP_ALLOCATE|[72]|Bytes:3
12:34:32.457 (1457469131)|HEAP_ALLOCATE|[77]|Bytes:152
12:34:32.457 (1457488483)|HEAP_ALLOCATE|[342]|Bytes:408
12:34:32.457 (1457503601)|HEAP_ALLOCATE|[355]|Bytes:408
12:34:32.457 (1457517904)|HEAP_ALLOCATE|[467]|Bytes:48
12:34:32.457 (1457561840)|HEAP_ALLOCATE|[139]|Bytes:6
12:34:32.457 (1457589209)|HEAP_ALLOCATE|[EXTERNAL]|Bytes:41
12:34:32.457 (1457606172)|METHOD_ENTRY|[6]|01p3600000JWdh0|EmailTemplatesSelectorTests.EmailTemplatesSelectorTests()
12:34:32.457 (1457616183)|STATEMENT_EXECUTE|[6]
12:34:32.457 (1457624048)|STATEMENT_EXECUTE|[6]
12:34:32.457 (1458016332)|SYSTEM_MODE_ENTER|false
12:34:32.457 (1458065493)|HEAP_ALLOCATE|[50]|Bytes:5
12:34:32.457 (1458106909)|HEAP_ALLOCATE|[56]|Bytes:5
12:34:32.457 (1458121463)|HEAP_ALLOCATE|[64]|Bytes:7
12:34:32.457 (1458138246)|HEAP_ALLOCATE|[EXTERNAL]|Bytes:5
12:34:32.457 (1458150998)|SYSTEM_MODE_EXIT|false
12:34:32.457 (1458162579)|METHOD_EXIT|[6]|EmailTemplatesSelectorTests
12:34:32.457 (1458294421)|SYSTEM_MODE_ENTER|false
12:34:32.457 (1458305748)|HEAP_ALLOCATE|[20]|Bytes:5
12:34:32.457 (1458312135)|STATEMENT_EXECUTE|[17]
12:34:32.457 (1458315610)|STATEMENT_EXECUTE|[20]
12:34:32.457 (1458348524)|HEAP_ALLOCATE|[20]|Bytes:25
12:34:32.457 (1458362541)|METHOD_ENTRY|[5]|01p3600000JWdgz|EmailTemplatesSelector.EmailTemplatesSelector()
12:34:32.457 (1458369566)|STATEMENT_EXECUTE|[5]
12:34:32.457 (1458373387)|STATEMENT_EXECUTE|[5]
12:34:32.457 (1458380708)|HEAP_ALLOCATE|[20]|Bytes:5
12:34:32.457 (1458391472)|METHOD_EXIT|[5]|EmailTemplatesSelector
12:34:32.457 (1458400725)|HEAP_ALLOCATE|[20]|Bytes:32
12:34:32.457 (1458428264)|CONSTRUCTOR_ENTRY|[20]|01p3600000JWdgz|<init>()|EmailTemplatesSelector
12:34:32.457 (1458460720)|VARIABLE_SCOPE_BEGIN|[5]|this|EmailTemplatesSelector|true|false
12:34:32.457 (1458496231)|HEAP_ALLOCATE|[EXTERNAL]|Bytes:156
12:34:32.457 (1458504962)|HEAP_ALLOCATE|[EXTERNAL]|Bytes:120
12:34:32.457 (1458511942)|METHOD_ENTRY|[30]|01pm0000000Yfay|fflib_SObjectSelector.fflib_SObjectSelector()
12:34:32.457 (1458524690)|STATEMENT_EXECUTE|[30]
12:34:32.457 (1458528091)|STATEMENT_EXECUTE|[30]
12:34:32.457 (1458534988)|HEAP_ALLOCATE|[EXTERNAL]|Bytes:5
12:34:32.457 (1458543090)|METHOD_EXIT|[30]|fflib_SObjectSelector
12:34:32.457 (1458569899)|VARIABLE_ASSIGNMENT|[5]|this|{}|0xf4dcf27
12:34:32.457 (1458578570)|HEAP_ALLOCATE|[EXTERNAL]|Bytes:5
12:34:32.457 (1458594798)|CONSTRUCTOR_ENTRY|[EXTERNAL]|01pm0000000Yfay|<init>()|fflib_SObjectSelector
12:34:32.457 (1458602197)|VARIABLE_SCOPE_BEGIN|[98]|this|fflib_SObjectSelector|true|false
12:34:32.457 (1458625164)|VARIABLE_ASSIGNMENT|[98]|this|{}|0xf4dcf27
12:34:32.457 (1458639924)|HEAP_ALLOCATE|[100]|Bytes:5
12:34:32.457 (1458645656)|STATEMENT_EXECUTE|[100]
12:34:32.457 (1458660331)|CONSTRUCTOR_ENTRY|[100]|01pm0000000Yfay|<init>(Boolean)|fflib_SObjectSelector
12:34:32.457 (1458671050)|VARIABLE_SCOPE_BEGIN|[108]|this|fflib_SObjectSelector|true|false
12:34:32.457 (1458705104)|VARIABLE_ASSIGNMENT|[108]|this|{}|0xf4dcf27
12:34:32.457 (1458715375)|VARIABLE_SCOPE_BEGIN|[108]|includeFieldSetFields|Boolean|false|false
12:34:32.457 (1458727463)|VARIABLE_ASSIGNMENT|[108]|includeFieldSetFields|false
12:34:32.457 (1458738595)|HEAP_ALLOCATE|[110]|Bytes:5
12:34:32.457 (1458744580)|STATEMENT_EXECUTE|[110]
12:34:32.457 (1458765512)|CONSTRUCTOR_ENTRY|[110]|01pm0000000Yfay|<init>(Boolean,Boolean,Boolean)|fflib_SObjectSelector
12:34:32.457 (1458776306)|VARIABLE_SCOPE_BEGIN|[118]|this|fflib_SObjectSelector|true|false
12:34:32.457 (1458804825)|VARIABLE_ASSIGNMENT|[118]|this|{}|0xf4dcf27
12:34:32.457 (1458815859)|VARIABLE_SCOPE_BEGIN|[118]|includeFieldSetFields|Boolean|false|false
12:34:32.457 (1458827132)|VARIABLE_ASSIGNMENT|[118]|includeFieldSetFields|false
12:34:32.457 (1458833653)|VARIABLE_SCOPE_BEGIN|[118]|enforceCRUD|Boolean|false|false
12:34:32.457 (1458845571)|VARIABLE_ASSIGNMENT|[118]|enforceCRUD|true
12:34:32.457 (1458852745)|VARIABLE_SCOPE_BEGIN|[118]|enforceFLS|Boolean|false|false
12:34:32.457 (1458862948)|VARIABLE_ASSIGNMENT|[118]|enforceFLS|false
12:34:32.457 (1458874157)|HEAP_ALLOCATE|[120]|Bytes:5
12:34:32.457 (1458880254)|STATEMENT_EXECUTE|[120]
12:34:32.457 (1458897148)|CONSTRUCTOR_ENTRY|[120]|01pm0000000Yfay|<init>(Boolean,Boolean,Boolean,Boolean)|fflib_SObjectSelector
12:34:32.457 (1458908676)|VARIABLE_SCOPE_BEGIN|[131]|this|fflib_SObjectSelector|true|false
12:34:32.457 (1458936780)|VARIABLE_ASSIGNMENT|[131]|this|{}|0xf4dcf27
12:34:32.457 (1458945988)|VARIABLE_SCOPE_BEGIN|[131]|includeFieldSetFields|Boolean|false|false
12:34:32.457 (1458957253)|VARIABLE_ASSIGNMENT|[131]|includeFieldSetFields|false
12:34:32.457 (1458963450)|VARIABLE_SCOPE_BEGIN|[131]|enforceCRUD|Boolean|false|false
12:34:32.457 (1458974022)|VARIABLE_ASSIGNMENT|[131]|enforceCRUD|true
12:34:32.457 (1458980595)|VARIABLE_SCOPE_BEGIN|[131]|enforceFLS|Boolean|false|false
12:34:32.457 (1458995886)|VARIABLE_ASSIGNMENT|[131]|enforceFLS|false
12:34:32.457 (1459002369)|VARIABLE_SCOPE_BEGIN|[131]|sortSelectFields|Boolean|false|false
12:34:32.457 (1459013183)|VARIABLE_ASSIGNMENT|[131]|sortSelectFields|true
12:34:32.457 (1459024807)|HEAP_ALLOCATE|[133]|Bytes:5
12:34:32.457 (1459031531)|STATEMENT_EXECUTE|[30]
12:34:32.457 (1459037152)|HEAP_ALLOCATE|[133]|Bytes:5
12:34:32.457 (1459042060)|STATEMENT_EXECUTE|[37]
12:34:32.457 (1459044493)|STATEMENT_EXECUTE|[50]
12:34:32.457 (1459046723)|STATEMENT_EXECUTE|[55]
12:34:32.457 (1459048894)|STATEMENT_EXECUTE|[60]
12:34:32.457 (1459050846)|STATEMENT_EXECUTE|[65]
12:34:32.457 (1459052934)|STATEMENT_EXECUTE|[71]
12:34:32.457 (1459054982)|STATEMENT_EXECUTE|[76]
12:34:32.457 (1459070586)|HEAP_ALLOCATE|[133]|Bytes:6
12:34:32.457 (1459103579)|STATEMENT_EXECUTE|[132]
12:34:32.457 (1459106684)|STATEMENT_EXECUTE|[133]
12:34:32.457 (1459113274)|HEAP_ALLOCATE|[133]|Bytes:5
12:34:32.457 (1459122183)|STATEMENT_EXECUTE|[134]
12:34:32.457 (1459126296)|HEAP_ALLOCATE|[134]|Bytes:5
12:34:32.457 (1459131892)|STATEMENT_EXECUTE|[135]
12:34:32.457 (1459136000)|HEAP_ALLOCATE|[135]|Bytes:5
12:34:32.457 (1459142088)|STATEMENT_EXECUTE|[136]
12:34:32.457 (1459150517)|HEAP_ALLOCATE|[136]|Bytes:5
12:34:32.457 (1459172490)|CONSTRUCTOR_EXIT|[120]|01pm0000000Yfay|<init>(Boolean,Boolean,Boolean,Boolean)|fflib_SObjectSelector
12:34:32.457 (1459183438)|STATEMENT_EXECUTE|[119]
12:34:32.457 (1459197212)|CONSTRUCTOR_EXIT|[110]|01pm0000000Yfay|<init>(Boolean,Boolean,Boolean)|fflib_SObjectSelector
12:34:32.457 (1459206141)|STATEMENT_EXECUTE|[109]
12:34:32.457 (1459215919)|CONSTRUCTOR_EXIT|[100]|01pm0000000Yfay|<init>(Boolean)|fflib_SObjectSelector
12:34:32.457 (1459229333)|STATEMENT_EXECUTE|[99]
12:34:32.457 (1459238337)|CONSTRUCTOR_EXIT|[EXTERNAL]|01pm0000000Yfay|<init>()|fflib_SObjectSelector
12:34:32.457 (1459247779)|STATEMENT_EXECUTE|[5]
12:34:32.457 (1459254204)|HEAP_ALLOCATE|[EXTERNAL]|Bytes:5
12:34:32.457 (1459266246)|CONSTRUCTOR_EXIT|[20]|01p3600000JWdgz|<init>()|EmailTemplatesSelector
12:34:32.457 (1459276189)|VARIABLE_SCOPE_BEGIN|[20]|sut|EmailTemplatesSelector|true|false
12:34:32.457 (1459328563)|VARIABLE_ASSIGNMENT|[20]|sut|{"m_enforceCRUD":true,"m_enforceFLS":false,"m_includeFieldSetFields":false,"m_sortSelectFields":true}|0xf4dcf27
12:34:32.457 (1459339285)|STATEMENT_EXECUTE|[21]
12:34:32.457 (1459343980)|HEAP_ALLOCATE|[21]|Bytes:13
12:34:32.457 (1459405170)|VARIABLE_SCOPE_BEGIN|[21]|expectedType|Schema.SObjectType|true|false
12:34:32.457 (1459545652)|VARIABLE_ASSIGNMENT|[21]|expectedType|"common.apex.runtime.impl.ApexSObjectTypeToken@2fe93160"|0x2fe93160
12:34:32.457 (1459556449)|STATEMENT_EXECUTE|[24]
12:34:32.457 (1459580243)|METHOD_ENTRY|[24]|01p3600000JWdgz|EmailTemplatesSelector.getSObjectType()
12:34:32.457 (1459606414)|VARIABLE_SCOPE_BEGIN|[23]|this|EmailTemplatesSelector|true|false
12:34:32.457 (1459653346)|VARIABLE_ASSIGNMENT|[23]|this|{"m_enforceCRUD":true,"m_enforceFLS":false,"m_includeFieldSetFields":false,"m_sortSelectFields":true}|0xf4dcf27
12:34:32.457 (1459677883)|HEAP_ALLOCATE|[25]|Bytes:5
12:34:32.457 (1459685329)|STATEMENT_EXECUTE|[24]
12:34:32.457 (1459687578)|STATEMENT_EXECUTE|[25]
12:34:32.457 (1459743582)|METHOD_EXIT|[24]|01p3600000JWdgz|EmailTemplatesSelector.getSObjectType()
12:34:32.457 (1459755792)|VARIABLE_SCOPE_BEGIN|[24]|actualType|Schema.SObjectType|true|false
12:34:32.457 (1459804951)|VARIABLE_ASSIGNMENT|[24]|actualType|"common.apex.runtime.impl.ApexSObjectTypeToken@2fe93160"|0x2fe93160
12:34:32.457 (1459815523)|STATEMENT_EXECUTE|[27]
12:34:32.457 (1459882066)|SYSTEM_MODE_EXIT|false
12:34:32.459 (1459897969)|CUMULATIVE_LIMIT_USAGE
12:34:32.459 (1459897969)|LIMIT_USAGE_FOR_NS|(default)|
  Number of SOQL queries: 0 out of 100
  Number of query rows: 0 out of 50000
  Number of SOSL queries: 0 out of 20
  Number of DML statements: 0 out of 150
  Number of DML rows: 0 out of 10000
  Maximum CPU time: 0 out of 10000
  Maximum heap size: 0 out of 6000000
  Number of callouts: 0 out of 100
  Number of Email Invocations: 0 out of 10
  Number of future calls: 0 out of 50
  Number of queueable jobs added to the queue: 0 out of 50
  Number of Mobile Apex push calls: 0 out of 10

12:34:32.459 (1459897969)|CUMULATIVE_LIMIT_USAGE_END

12:34:32.457 (1459942698)|CODE_UNIT_FINISHED|EmailTemplatesSelectorTests.givenGetSObjectTypeExpectEmailTemplate()
12:34:32.457 (1461143449)|EXECUTION_FINISHED
12:34:32.515 (1515533034)|USER_INFO|[EXTERNAL]|00518000002hPQO|matthew.billups@matsonmoney.com.mbill|Mountain Standard Time|GMT-07:00
12:34:32.515 (1515553868)|EXECUTION_STARTED
12:34:32.515 (1515559291)|CODE_UNIT_STARTED|[EXTERNAL]|01p3600000JWdh0|EmailTemplatesSelectorTests.givenNewInstanceExpectCorrectSelector()
12:34:32.515 (1515739442)|HEAP_ALLOCATE|[72]|Bytes:3
12:34:32.515 (1515787280)|HEAP_ALLOCATE|[77]|Bytes:152
12:34:32.515 (1515804149)|HEAP_ALLOCATE|[342]|Bytes:408
12:34:32.515 (1515818490)|HEAP_ALLOCATE|[355]|Bytes:408
12:34:32.515 (1515834809)|HEAP_ALLOCATE|[467]|Bytes:48
12:34:32.515 (1515863901)|HEAP_ALLOCATE|[139]|Bytes:6
12:34:32.515 (1515880982)|HEAP_ALLOCATE|[EXTERNAL]|Bytes:41
12:34:32.515 (1515892772)|METHOD_ENTRY|[6]|01p3600000JWdh0|EmailTemplatesSelectorTests.EmailTemplatesSelectorTests()
12:34:32.515 (1515899279)|STATEMENT_EXECUTE|[6]
12:34:32.515 (1515904595)|STATEMENT_EXECUTE|[6]
12:34:32.515 (1516255208)|SYSTEM_MODE_ENTER|false
12:34:32.515 (1516291930)|HEAP_ALLOCATE|[50]|Bytes:5
12:34:32.515 (1516324265)|HEAP_ALLOCATE|[56]|Bytes:5
12:34:32.515 (1516333596)|HEAP_ALLOCATE|[64]|Bytes:7
12:34:32.515 (1516346217)|HEAP_ALLOCATE|[EXTERNAL]|Bytes:5
12:34:32.515 (1516356580)|SYSTEM_MODE_EXIT|false
12:34:32.515 (1516366074)|METHOD_EXIT|[6]|EmailTemplatesSelectorTests
12:34:32.515 (1516466216)|SYSTEM_MODE_ENTER|false
12:34:32.515 (1516472838)|HEAP_ALLOCATE|[11]|Bytes:5
12:34:32.515 (1516476583)|STATEMENT_EXECUTE|[8]
12:34:32.515 (1516481505)|STATEMENT_EXECUTE|[11]
12:34:32.515 (1516502709)|HEAP_ALLOCATE|[11]|Bytes:25
12:34:32.515 (1516511933)|METHOD_ENTRY|[5]|01p3600000JWdgz|EmailTemplatesSelector.EmailTemplatesSelector()
12:34:32.515 (1516517854)|STATEMENT_EXECUTE|[5]
12:34:32.515 (1516525694)|STATEMENT_EXECUTE|[5]
12:34:32.515 (1516530129)|HEAP_ALLOCATE|[11]|Bytes:5
12:34:32.515 (1516536629)|METHOD_EXIT|[5]|EmailTemplatesSelector
12:34:32.515 (1516547052)|METHOD_ENTRY|[11]|01p3600000JWdgz|EmailTemplatesSelector.newInstance()
12:34:32.515 (1516579702)|HEAP_ALLOCATE|[9]|Bytes:5
12:34:32.515 (1516584370)|STATEMENT_EXECUTE|[8]
12:34:32.515 (1516586895)|STATEMENT_EXECUTE|[9]
12:34:32.515 (1516675141)|VARIABLE_SCOPE_BEGIN|[31]|PhoenixCore.Domain|fflib_Application.DomainFactory|true|true
12:34:32.515 (1516685371)|VARIABLE_SCOPE_BEGIN|[20]|PhoenixCore.Selector|fflib_Application.SelectorFactory|true|true
12:34:32.515 (1516692344)|VARIABLE_SCOPE_BEGIN|[4]|PhoenixCore.Service|fflib_Application.ServiceFactory|true|true
12:34:32.515 (1516699056)|VARIABLE_SCOPE_BEGIN|[14]|PhoenixCore.UnitOfWork|fflib_Application.UnitOfWorkFactory|true|true
12:34:32.515 (1516711441)|METHOD_ENTRY|[1]|01pm0000000YfZl|PhoenixCore.PhoenixCore()
12:34:32.515 (1516716498)|STATEMENT_EXECUTE|[1]
12:34:32.515 (1516719346)|STATEMENT_EXECUTE|[1]
12:34:32.515 (1516720708)|STATEMENT_EXECUTE|[4]
12:34:32.515 (1516766094)|HEAP_ALLOCATE|[5]|Bytes:11
12:34:32.515 (1516777181)|HEAP_ALLOCATE|[5]|Bytes:12
12:34:32.515 (1516853914)|HEAP_ALLOCATE|[6]|Bytes:4
12:34:32.515 (1516893405)|HEAP_ALLOCATE|[7]|Bytes:21
12:34:32.515 (1516985937)|HEAP_ALLOCATE|[7]|Bytes:27
12:34:32.515 (1517010094)|SYSTEM_METHOD_ENTRY|[1]|Type.Type()
12:34:32.515 (1517015919)|STATEMENT_EXECUTE|[1]
12:34:32.515 (1517021582)|SYSTEM_METHOD_EXIT|[1]|Type
12:34:32.515 (1517027779)|HEAP_ALLOCATE|[7]|Bytes:8
12:34:32.515 (1517045060)|HEAP_ALLOCATE|[7]|Bytes:8
12:34:32.515 (1517052521)|VARIABLE_SCOPE_BEGIN|[4]|this|System.Type|true|false
12:34:32.515 (1517090925)|VARIABLE_ASSIGNMENT|[4]|this|{}|0x506da71
12:34:32.515 (1517097520)|VARIABLE_SCOPE_BEGIN|[4]|apextype|java:common.apex.runtime.ApexObjectType|true|false
12:34:32.515 (1517223564)|VARIABLE_ASSIGNMENT|[4]|apextype|"IEmailTemplateService"|0x17a0c191
12:34:32.515 (1517286033)|HEAP_ALLOCATE|[7]|Bytes:8
12:34:32.515 (1517293159)|HEAP_ALLOCATE|[7]|Bytes:20
12:34:32.515 (1517361528)|HEAP_ALLOCATE|[7]|Bytes:8
12:34:32.515 (1517368232)|HEAP_ALLOCATE|[7]|Bytes:8
12:34:32.515 (1517372541)|VARIABLE_SCOPE_BEGIN|[4]|this|System.Type|true|false
12:34:32.515 (1517388663)|VARIABLE_ASSIGNMENT|[4]|this|{}|0x5ce5c1e3
12:34:32.515 (1517393677)|VARIABLE_SCOPE_BEGIN|[4]|apextype|java:common.apex.runtime.ApexObjectType|true|false
12:34:32.515 (1517442770)|VARIABLE_ASSIGNMENT|[4]|apextype|"EmailTemplateService"|0x5c66c403
12:34:32.515 (1517471221)|HEAP_ALLOCATE|[7]|Bytes:8
12:34:32.515 (1517580067)|VARIABLE_ASSIGNMENT|[EXTERNAL]|this|{"aot":"0x17a0c191"}|0x506da71
12:34:32.515 (1517717357)|HEAP_ALLOCATE|[8]|Bytes:13
12:34:32.515 (1517795192)|HEAP_ALLOCATE|[8]|Bytes:8
12:34:32.515 (1517802310)|HEAP_ALLOCATE|[8]|Bytes:8
12:34:32.515 (1517806610)|VARIABLE_SCOPE_BEGIN|[4]|this|System.Type|true|false
12:34:32.515 (1517826229)|VARIABLE_ASSIGNMENT|[4]|this|{}|0x37eee6dd
12:34:32.515 (1517831489)|VARIABLE_SCOPE_BEGIN|[4]|apextype|java:common.apex.runtime.ApexObjectType|true|false
12:34:32.515 (1517866890)|VARIABLE_ASSIGNMENT|[4]|apextype|"IEmailService"|0x4a9f9bed
12:34:32.515 (1517893242)|HEAP_ALLOCATE|[8]|Bytes:8
12:34:32.515 (1517899232)|HEAP_ALLOCATE|[8]|Bytes:12
12:34:32.515 (1517961639)|HEAP_ALLOCATE|[8]|Bytes:8
12:34:32.515 (1517968344)|HEAP_ALLOCATE|[8]|Bytes:8
12:34:32.515 (1517972676)|VARIABLE_SCOPE_BEGIN|[4]|this|System.Type|true|false
12:34:32.515 (1517987437)|VARIABLE_ASSIGNMENT|[4]|this|{}|0x4576d31a
12:34:32.515 (1517992539)|VARIABLE_SCOPE_BEGIN|[4]|apextype|java:common.apex.runtime.ApexObjectType|true|false
12:34:32.515 (1518040228)|VARIABLE_ASSIGNMENT|[4]|apextype|"EmailService"|0x74e15f3f
12:34:32.515 (1518068802)|HEAP_ALLOCATE|[8]|Bytes:8
12:34:32.515 (1518096478)|VARIABLE_ASSIGNMENT|[EXTERNAL]|this|{"aot":"0x4a9f9bed"}|0x37eee6dd
12:34:32.515 (1518165500)|HEAP_ALLOCATE|[9]|Bytes:17
12:34:32.515 (1518238835)|HEAP_ALLOCATE|[9]|Bytes:8
12:34:32.515 (1518245743)|HEAP_ALLOCATE|[9]|Bytes:8
12:34:32.515 (1518249822)|VARIABLE_SCOPE_BEGIN|[4]|this|System.Type|true|false
12:34:32.515 (1518265810)|VARIABLE_ASSIGNMENT|[4]|this|{}|0x7fcf01de
12:34:32.515 (1518271225)|VARIABLE_SCOPE_BEGIN|[4]|apextype|java:common.apex.runtime.ApexObjectType|true|false
12:34:32.515 (1518306687)|VARIABLE_ASSIGNMENT|[4]|apextype|"IMassEmailService"|0x2c137395
12:34:32.515 (1518332173)|HEAP_ALLOCATE|[9]|Bytes:8
12:34:32.515 (1518338977)|HEAP_ALLOCATE|[9]|Bytes:16
12:34:32.515 (1518398529)|HEAP_ALLOCATE|[9]|Bytes:8
12:34:32.515 (1518404965)|HEAP_ALLOCATE|[9]|Bytes:8
12:34:32.515 (1518408901)|VARIABLE_SCOPE_BEGIN|[4]|this|System.Type|true|false
12:34:32.515 (1518422518)|VARIABLE_ASSIGNMENT|[4]|this|{}|0x380b0441
12:34:32.515 (1518427871)|VARIABLE_SCOPE_BEGIN|[4]|apextype|java:common.apex.runtime.ApexObjectType|true|false
12:34:32.515 (1518457152)|VARIABLE_ASSIGNMENT|[4]|apextype|"MassEmailService"|0x57bbcb36
12:34:32.515 (1518478888)|HEAP_ALLOCATE|[9]|Bytes:8
12:34:32.515 (1518502378)|VARIABLE_ASSIGNMENT|[EXTERNAL]|this|{"aot":"0x2c137395"}|0x7fcf01de
12:34:32.515 (1518567859)|HEAP_ALLOCATE|[10]|Bytes:17
12:34:32.515 (1518634796)|HEAP_ALLOCATE|[10]|Bytes:8
12:34:32.515 (1518641927)|HEAP_ALLOCATE|[10]|Bytes:8
12:34:32.515 (1518646185)|VARIABLE_SCOPE_BEGIN|[4]|this|System.Type|true|false
12:34:32.515 (1518660337)|VARIABLE_ASSIGNMENT|[4]|this|{}|0x7893c593
12:34:32.515 (1518667709)|VARIABLE_SCOPE_BEGIN|[4]|apextype|java:common.apex.runtime.ApexObjectType|true|false
12:34:32.515 (1518699590)|VARIABLE_ASSIGNMENT|[4]|apextype|"IMessagingWrapper"|0x7731261d
12:34:32.515 (1518726310)|HEAP_ALLOCATE|[10]|Bytes:8
12:34:32.515 (1518732485)|HEAP_ALLOCATE|[10]|Bytes:16
12:34:32.515 (1518794473)|HEAP_ALLOCATE|[10]|Bytes:8
12:34:32.515 (1518800900)|HEAP_ALLOCATE|[10]|Bytes:8
12:34:32.515 (1518805018)|VARIABLE_SCOPE_BEGIN|[4]|this|System.Type|true|false
12:34:32.515 (1518818751)|VARIABLE_ASSIGNMENT|[4]|this|{}|0xb8e3798
12:34:32.515 (1518825985)|VARIABLE_SCOPE_BEGIN|[4]|apextype|java:common.apex.runtime.ApexObjectType|true|false
12:34:32.515 (1518855151)|VARIABLE_ASSIGNMENT|[4]|apextype|"MessagingWrapper"|0x7034b9e5
12:34:32.515 (1518879746)|HEAP_ALLOCATE|[10]|Bytes:8
12:34:32.515 (1518905608)|VARIABLE_ASSIGNMENT|[EXTERNAL]|this|{"aot":"0x7731261d"}|0x7893c593
12:34:32.515 (1518969322)|HEAP_ALLOCATE|[11]|Bytes:13
12:34:32.515 (1519036161)|HEAP_ALLOCATE|[11]|Bytes:8
12:34:32.515 (1519042874)|HEAP_ALLOCATE|[11]|Bytes:8
12:34:32.515 (1519047815)|VARIABLE_SCOPE_BEGIN|[4]|this|System.Type|true|false
12:34:32.515 (1519064445)|VARIABLE_ASSIGNMENT|[4]|this|{}|0xc4806c6
12:34:32.515 (1519069988)|VARIABLE_SCOPE_BEGIN|[4]|apextype|java:common.apex.runtime.ApexObjectType|true|false
12:34:32.515 (1519100251)|VARIABLE_ASSIGNMENT|[4]|apextype|"IPrintService"|0x23714d2a
12:34:32.515 (1519122339)|HEAP_ALLOCATE|[11]|Bytes:8
12:34:32.515 (1519128268)|HEAP_ALLOCATE|[11]|Bytes:12
12:34:32.515 (1519184997)|HEAP_ALLOCATE|[11]|Bytes:8
12:34:32.515 (1519191448)|HEAP_ALLOCATE|[11]|Bytes:8
12:34:32.515 (1519195112)|VARIABLE_SCOPE_BEGIN|[4]|this|System.Type|true|false
12:34:32.515 (1519208914)|VARIABLE_ASSIGNMENT|[4]|this|{}|0x6c812202
12:34:32.515 (1519213934)|VARIABLE_SCOPE_BEGIN|[4]|apextype|java:common.apex.runtime.ApexObjectType|true|false
12:34:32.515 (1519242047)|VARIABLE_ASSIGNMENT|[4]|apextype|"PrintService"|0x31108fa
12:34:32.515 (1519263260)|HEAP_ALLOCATE|[11]|Bytes:8
12:34:32.515 (1519289508)|VARIABLE_ASSIGNMENT|[EXTERNAL]|this|{"aot":"0x23714d2a"}|0xc4806c6
12:34:32.515 (1519366931)|CONSTRUCTOR_ENTRY|[5]|01pm0000000YfaM|<init>(Map<System.Type,System.Type>)|fflib_Application.ServiceFactory
12:34:32.515 (1519389713)|VARIABLE_SCOPE_BEGIN|[105]|this|fflib_Application.ServiceFactory|true|false
12:34:32.515 (1519406670)|VARIABLE_ASSIGNMENT|[105]|this|{}|0xa58dd5c
12:34:32.515 (1519411885)|VARIABLE_SCOPE_BEGIN|[105]|serviceInterfaceTypeByServiceImplType|Map<System.Type,System.Type>|true|false
12:34:32.515 (1519467952)|VARIABLE_ASSIGNMENT|[105]|serviceInterfaceTypeByServiceImplType|{"System/Type":{"aot":"0x5c66c403"},"System/Type":{"aot":"0x74e15f3f"},"System/Type":{"aot":"0x57bbcb36"},"System/Type":{"aot":"0x7034b9e5"},"System/Type":{"aot":"0x31108fa"}}|0x70100978
12:34:32.515 (1519477829)|STATEMENT_EXECUTE|[91]
12:34:32.515 (1519479859)|STATEMENT_EXECUTE|[93]
12:34:32.515 (1519481541)|STATEMENT_EXECUTE|[95]
12:34:32.515 (1519492370)|STATEMENT_EXECUTE|[106]
12:34:32.515 (1519494213)|STATEMENT_EXECUTE|[107]
12:34:32.515 (1519533024)|VARIABLE_ASSIGNMENT|[107]|this.m_serviceInterfaceTypeByServiceImplType|{"System/Type":{"aot":"0x5c66c403"},"System/Type":{"aot":"0x74e15f3f"},"System/Type":{"aot":"0x57bbcb36"},"System/Type":{"aot":"0x7034b9e5"},"System/Type":{"aot":"0x31108fa"}}|0xa58dd5c
12:34:32.515 (1519542410)|STATEMENT_EXECUTE|[108]
12:34:32.515 (1519572867)|HEAP_ALLOCATE|[108]|Bytes:4
12:34:32.515 (1519602386)|VARIABLE_ASSIGNMENT|[108]|this.m_serviceInterfaceTypeByMockService|{}|0xa58dd5c
12:34:32.515 (1519614409)|CONSTRUCTOR_EXIT|[5]|01pm0000000YfaM|<init>(Map<System.Type,System.Type>)|fflib_Application.ServiceFactory
12:34:32.515 (1519667012)|VARIABLE_ASSIGNMENT|[4]|PhoenixCore.Service|{"m_serviceInterfaceTypeByMockService":"0x3c225f8a","m_serviceInterfaceTypeByServiceImplType":"0x70100978"}|0xa58dd5c
12:34:32.515 (1519677326)|STATEMENT_EXECUTE|[14]
12:34:32.515 (1519721130)|HEAP_ALLOCATE|[15]|Bytes:11
12:34:32.515 (1519730542)|HEAP_ALLOCATE|[15]|Bytes:12
12:34:32.515 (1519748977)|HEAP_ALLOCATE|[16]|Bytes:4
12:34:32.515 (1519776682)|HEAP_ALLOCATE|[17]|Bytes:7
12:34:32.515 (1519831446)|CONSTRUCTOR_ENTRY|[15]|01pm0000000YfaM|<init>(List<Schema.SObjectType>)|fflib_Application.UnitOfWorkFactory
12:34:32.515 (1519845413)|VARIABLE_SCOPE_BEGIN|[47]|this|fflib_Application.UnitOfWorkFactory|true|false
12:34:32.515 (1519862866)|VARIABLE_ASSIGNMENT|[47]|this|{}|0x5956eb3e
12:34:32.515 (1519868275)|VARIABLE_SCOPE_BEGIN|[47]|objectTypes|List<Schema.SObjectType>|true|false
12:34:32.515 (1519901031)|HEAP_ALLOCATE|[EXTERNAL]|Bytes:8
12:34:32.515 (1519963457)|VARIABLE_ASSIGNMENT|[47]|objectTypes|"common.apex.runtime.impl.ScalarList@15a86f94"|0x6583ff71
12:34:32.515 (1519972109)|STATEMENT_EXECUTE|[37]
12:34:32.515 (1519973972)|STATEMENT_EXECUTE|[39]
12:34:32.515 (1519975561)|STATEMENT_EXECUTE|[40]
12:34:32.515 (1519992807)|STATEMENT_EXECUTE|[48]
12:34:32.515 (1519994521)|STATEMENT_EXECUTE|[49]
12:34:32.515 (1520035041)|HEAP_ALLOCATE|[EXTERNAL]|Bytes:8
12:34:32.515 (1520079592)|VARIABLE_ASSIGNMENT|[49]|this.m_objectTypes|"common.apex.runtime.impl.ScalarList@15a86f94"|0x5956eb3e
12:34:32.515 (1520092223)|CONSTRUCTOR_EXIT|[15]|01pm0000000YfaM|<init>(List<Schema.SObjectType>)|fflib_Application.UnitOfWorkFactory
12:34:32.515 (1520124119)|VARIABLE_ASSIGNMENT|[14]|PhoenixCore.UnitOfWork|{"m_objectTypes":"0x4bf32244"}|0x5956eb3e
12:34:32.515 (1520130733)|STATEMENT_EXECUTE|[20]
12:34:32.515 (1520176111)|HEAP_ALLOCATE|[21]|Bytes:19
12:34:32.515 (1520186408)|HEAP_ALLOCATE|[21]|Bytes:12
12:34:32.515 (1520216962)|HEAP_ALLOCATE|[23]|Bytes:4
12:34:32.515 (1520239608)|HEAP_ALLOCATE|[24]|Bytes:19
12:34:32.515 (1520282471)|HEAP_ALLOCATE|[24]|Bytes:29
12:34:32.515 (1520360441)|HEAP_ALLOCATE|[24]|Bytes:8
12:34:32.515 (1520367688)|HEAP_ALLOCATE|[24]|Bytes:8
12:34:32.515 (1520372859)|VARIABLE_SCOPE_BEGIN|[4]|this|System.Type|true|false
12:34:32.515 (1520389180)|VARIABLE_ASSIGNMENT|[4]|this|{}|0x25122f1f
12:34:32.515 (1520394292)|VARIABLE_SCOPE_BEGIN|[4]|apextype|java:common.apex.runtime.ApexObjectType|true|false
12:34:32.515 (1520428771)|VARIABLE_ASSIGNMENT|[4]|apextype|"OrgWideEmailAddressesSelector"|0x725538fe
12:34:32.515 (1520457030)|HEAP_ALLOCATE|[24]|Bytes:8
12:34:32.515 (1520511955)|HEAP_ALLOCATE|[25]|Bytes:16
12:34:32.515 (1520586404)|HEAP_ALLOCATE|[25]|Bytes:8
12:34:32.515 (1520593077)|HEAP_ALLOCATE|[25]|Bytes:8
12:34:32.515 (1520597452)|VARIABLE_SCOPE_BEGIN|[4]|this|System.Type|true|false
12:34:32.515 (1520615518)|VARIABLE_ASSIGNMENT|[4]|this|{}|0x5b26dc0f
12:34:32.515 (1520620861)|VARIABLE_SCOPE_BEGIN|[4]|apextype|java:common.apex.runtime.ApexObjectType|true|false
12:34:32.515 (1520656837)|VARIABLE_ASSIGNMENT|[4]|apextype|"ContactsSelector"|0x40425830
12:34:32.515 (1520683847)|HEAP_ALLOCATE|[25]|Bytes:8
12:34:32.515 (1520701065)|HEAP_ALLOCATE|[26]|Bytes:13
12:34:32.515 (1520736283)|HEAP_ALLOCATE|[26]|Bytes:22
12:34:32.515 (1520765246)|HEAP_ALLOCATE|[26]|Bytes:8
12:34:32.515 (1520770790)|HEAP_ALLOCATE|[26]|Bytes:8
12:34:32.515 (1520774935)|VARIABLE_SCOPE_BEGIN|[4]|this|System.Type|true|false
12:34:32.515 (1520788996)|VARIABLE_ASSIGNMENT|[4]|this|{}|0x6ff86aa3
12:34:32.515 (1520794129)|VARIABLE_SCOPE_BEGIN|[4]|apextype|java:common.apex.runtime.ApexObjectType|true|false
12:34:32.515 (1520829198)|VARIABLE_ASSIGNMENT|[4]|apextype|"EmailTemplatesSelector"|0x1c1ce720
12:34:32.515 (1520855229)|HEAP_ALLOCATE|[26]|Bytes:8
12:34:32.515 (1520870726)|HEAP_ALLOCATE|[27]|Bytes:12
12:34:32.515 (1520906465)|HEAP_ALLOCATE|[27]|Bytes:21
12:34:32.515 (1520976733)|HEAP_ALLOCATE|[27]|Bytes:8
12:34:32.515 (1520983183)|HEAP_ALLOCATE|[27]|Bytes:8
12:34:32.515 (1520987325)|VARIABLE_SCOPE_BEGIN|[4]|this|System.Type|true|false
12:34:32.515 (1521004308)|VARIABLE_ASSIGNMENT|[4]|this|{}|0x255d5f14
12:34:32.515 (1521009738)|VARIABLE_SCOPE_BEGIN|[4]|apextype|java:common.apex.runtime.ApexObjectType|true|false
12:34:32.515 (1521039765)|VARIABLE_ASSIGNMENT|[4]|apextype|"OrganizationsSelector"|0xb478dc
12:34:32.515 (1521063237)|HEAP_ALLOCATE|[27]|Bytes:8
12:34:32.515 (1521080261)|HEAP_ALLOCATE|[28]|Bytes:10
12:34:32.515 (1521103284)|HEAP_ALLOCATE|[28]|Bytes:16
12:34:32.515 (1521162807)|HEAP_ALLOCATE|[28]|Bytes:8
12:34:32.515 (1521169685)|HEAP_ALLOCATE|[28]|Bytes:8
12:34:32.515 (1521174189)|VARIABLE_SCOPE_BEGIN|[4]|this|System.Type|true|false
12:34:32.515 (1521187892)|VARIABLE_ASSIGNMENT|[4]|this|{}|0x6830a93a
12:34:32.515 (1521197116)|VARIABLE_SCOPE_BEGIN|[4]|apextype|java:common.apex.runtime.ApexObjectType|true|false
12:34:32.515 (1521229003)|VARIABLE_ASSIGNMENT|[4]|apextype|"PrintersSelector"|0x566a70d7
12:34:32.515 (1521251326)|HEAP_ALLOCATE|[28]|Bytes:8
12:34:32.515 (1521279059)|CONSTRUCTOR_ENTRY|[21]|01pm0000000YfaM|<init>(Map<Schema.SObjectType,System.Type>)|fflib_Application.SelectorFactory
12:34:32.515 (1521295633)|VARIABLE_SCOPE_BEGIN|[154]|this|fflib_Application.SelectorFactory|true|false
12:34:32.515 (1521314261)|VARIABLE_ASSIGNMENT|[154]|this|{}|0xbdb2990
12:34:32.515 (1521319965)|VARIABLE_SCOPE_BEGIN|[154]|sObjectBySelectorType|Map<Schema.SObjectType,System.Type>|true|false
12:34:32.515 (1521859423)|HEAP_ALLOCATE|[156]|Bytes:8
12:34:32.515 (1521868984)|VARIABLE_SCOPE_BEGIN|[36]|this|System.Type|true|false
12:34:32.515 (1521890903)|VARIABLE_ASSIGNMENT|[36]|this|{"aot":"0x725538fe"}|0x25122f1f
12:34:32.515 (1521970335)|HEAP_ALLOCATE|[156]|Bytes:8
12:34:32.515 (1521976733)|VARIABLE_SCOPE_BEGIN|[36]|this|System.Type|true|false
12:34:32.515 (1521996580)|VARIABLE_ASSIGNMENT|[36]|this|{"aot":"0x40425830"}|0x5b26dc0f
12:34:32.515 (1522035048)|HEAP_ALLOCATE|[156]|Bytes:8
12:34:32.515 (1522040769)|VARIABLE_SCOPE_BEGIN|[36]|this|System.Type|true|false
12:34:32.515 (1522059090)|VARIABLE_ASSIGNMENT|[36]|this|{"aot":"0x1c1ce720"}|0x6ff86aa3
12:34:32.515 (1522094151)|HEAP_ALLOCATE|[156]|Bytes:8
12:34:32.515 (1522099081)|VARIABLE_SCOPE_BEGIN|[36]|this|System.Type|true|false
12:34:32.515 (1522113023)|VARIABLE_ASSIGNMENT|[36]|this|{"aot":"0xb478dc"}|0x255d5f14
12:34:32.515 (1522147934)|HEAP_ALLOCATE|[156]|Bytes:8
12:34:32.515 (1522153324)|VARIABLE_SCOPE_BEGIN|[36]|this|System.Type|true|false
12:34:32.515 (1522168189)|VARIABLE_ASSIGNMENT|[36]|this|{"aot":"0x566a70d7"}|0x6830a93a
12:34:32.515 (1522196455)|VARIABLE_ASSIGNMENT|[154]|sObjectBySelectorType|"{OrgWideEmailAddress=OrgWideEmailAddressesSelector, Contact=ContactsSelector, EmailTemplate=EmailTemplatesSelector, Organization=OrganizationsSelector, Printer__c=PrintersSelector}"|0x50c2a102
12:34:32.515 (1522205631)|STATEMENT_EXECUTE|[142]
12:34:32.515 (1522207746)|STATEMENT_EXECUTE|[144]
12:34:32.515 (1522209293)|STATEMENT_EXECUTE|[145]
12:34:32.515 (1522224089)|STATEMENT_EXECUTE|[155]
12:34:32.515 (1522225768)|STATEMENT_EXECUTE|[156]
12:34:32.515 (1522331140)|HEAP_ALLOCATE|[156]|Bytes:8
12:34:32.515 (1522338025)|VARIABLE_SCOPE_BEGIN|[36]|this|System.Type|true|false
12:34:32.515 (1522354920)|VARIABLE_ASSIGNMENT|[36]|this|{"aot":"0x725538fe"}|0x25122f1f
12:34:32.515 (1522391854)|HEAP_ALLOCATE|[156]|Bytes:8
12:34:32.515 (1522396724)|VARIABLE_SCOPE_BEGIN|[36]|this|System.Type|true|false
12:34:32.515 (1522415101)|VARIABLE_ASSIGNMENT|[36]|this|{"aot":"0x40425830"}|0x5b26dc0f
12:34:32.515 (1522448543)|HEAP_ALLOCATE|[156]|Bytes:8
12:34:32.515 (1522453480)|VARIABLE_SCOPE_BEGIN|[36]|this|System.Type|true|false
12:34:32.515 (1522468423)|VARIABLE_ASSIGNMENT|[36]|this|{"aot":"0x1c1ce720"}|0x6ff86aa3
12:34:32.515 (1522501683)|HEAP_ALLOCATE|[156]|Bytes:8
12:34:32.515 (1522506424)|VARIABLE_SCOPE_BEGIN|[36]|this|System.Type|true|false
12:34:32.515 (1522525148)|VARIABLE_ASSIGNMENT|[36]|this|{"aot":"0xb478dc"}|0x255d5f14
12:34:32.515 (1522555748)|HEAP_ALLOCATE|[156]|Bytes:8
12:34:32.515 (1522560440)|VARIABLE_SCOPE_BEGIN|[36]|this|System.Type|true|false
12:34:32.515 (1522577481)|VARIABLE_ASSIGNMENT|[36]|this|{"aot":"0x566a70d7"}|0x6830a93a
12:34:32.515 (1522603135)|VARIABLE_ASSIGNMENT|[156]|this.m_sObjectBySelectorType|"{OrgWideEmailAddress=OrgWideEmailAddressesSelector, Contact=ContactsSelector, EmailTemplate=EmailTemplatesSelector, Organization=OrganizationsSelector, Printer__c=PrintersSelector}"|0xbdb2990
12:34:32.515 (1522612803)|STATEMENT_EXECUTE|[157]
12:34:32.515 (1522643806)|HEAP_ALLOCATE|[157]|Bytes:4
12:34:32.515 (1522675252)|VARIABLE_ASSIGNMENT|[157]|this.m_sObjectByMockSelector|{}|0xbdb2990
12:34:32.515 (1522690278)|CONSTRUCTOR_EXIT|[21]|01pm0000000YfaM|<init>(Map<Schema.SObjectType,System.Type>)|fflib_Application.SelectorFactory
12:34:32.515 (1522726505)|VARIABLE_ASSIGNMENT|[20]|PhoenixCore.Selector|{"m_sObjectByMockSelector":"0x3dd6ab59","m_sObjectBySelectorType":"0x50c2a102"}|0xbdb2990
12:34:32.515 (1522737221)|STATEMENT_EXECUTE|[31]
12:34:32.515 (1522832690)|HEAP_ALLOCATE|[32]|Bytes:19
12:34:32.515 (1522844231)|HEAP_ALLOCATE|[32]|Bytes:16
12:34:32.515 (1522857491)|HEAP_ALLOCATE|[35]|Bytes:4
12:34:32.515 (1522884615)|HEAP_ALLOCATE|[36]|Bytes:20
12:34:32.515 (1522957362)|HEAP_ALLOCATE|[36]|Bytes:8
12:34:32.515 (1522964481)|HEAP_ALLOCATE|[36]|Bytes:8
12:34:32.515 (1522969034)|VARIABLE_SCOPE_BEGIN|[4]|this|System.Type|true|false
12:34:32.515 (1522984460)|VARIABLE_ASSIGNMENT|[4]|this|{}|0x7277410d
12:34:32.515 (1522990377)|VARIABLE_SCOPE_BEGIN|[4]|apextype|java:common.apex.runtime.ApexObjectType|true|false
12:34:32.515 (1523026127)|VARIABLE_ASSIGNMENT|[4]|apextype|"Contacts.Constructor"|0x714542b9
12:34:32.515 (1523058148)|HEAP_ALLOCATE|[36]|Bytes:8
12:34:32.515 (1523108849)|CONSTRUCTOR_ENTRY|[32]|01pm0000000YfaM|<init>(fflib_Application.SelectorFactory,Map<Schema.SObjectType,System.Type>)|fflib_Application.DomainFactory
12:34:32.515 (1523126277)|VARIABLE_SCOPE_BEGIN|[256]|this|fflib_Application.DomainFactory|true|false
12:34:32.515 (1523146732)|VARIABLE_ASSIGNMENT|[256]|this|{}|0x2032717a
12:34:32.515 (1523153068)|VARIABLE_SCOPE_BEGIN|[256]|selectorFactory|fflib_Application.SelectorFactory|true|false
12:34:32.515 (1523172374)|VARIABLE_ASSIGNMENT|[256]|selectorFactory|{"m_sObjectByMockSelector":"0x3dd6ab59","m_sObjectBySelectorType":"0x50c2a102"}|0xbdb2990
12:34:32.515 (1523178363)|VARIABLE_SCOPE_BEGIN|[256]|sObjectByDomainConstructorType|Map<Schema.SObjectType,System.Type>|true|false
12:34:32.515 (1523299329)|HEAP_ALLOCATE|[259]|Bytes:8
12:34:32.515 (1523307326)|VARIABLE_SCOPE_BEGIN|[36]|this|System.Type|true|false
12:34:32.515 (1523327764)|VARIABLE_ASSIGNMENT|[36]|this|{"aot":"0x714542b9"}|0x7277410d
12:34:32.515 (1523362119)|VARIABLE_ASSIGNMENT|[256]|sObjectByDomainConstructorType|"{Contact=Contacts.Constructor}"|0x65bd1ecf
12:34:32.515 (1523374680)|STATEMENT_EXECUTE|[239]
12:34:32.515 (1523377142)|STATEMENT_EXECUTE|[241]
12:34:32.515 (1523378703)|STATEMENT_EXECUTE|[243]
12:34:32.515 (1523380339)|STATEMENT_EXECUTE|[245]
12:34:32.515 (1523391551)|STATEMENT_EXECUTE|[258]
12:34:32.515 (1523393435)|STATEMENT_EXECUTE|[259]
12:34:32.515 (1523399487)|VARIABLE_ASSIGNMENT|[259]|this.m_selectorFactory|0xbdb2990|0x2032717a
12:34:32.515 (1523407449)|STATEMENT_EXECUTE|[260]
12:34:32.515 (1523511166)|HEAP_ALLOCATE|[260]|Bytes:8
12:34:32.515 (1523518330)|VARIABLE_SCOPE_BEGIN|[36]|this|System.Type|true|false
12:34:32.515 (1523541772)|VARIABLE_ASSIGNMENT|[36]|this|{"aot":"0x714542b9"}|0x7277410d
12:34:32.515 (1523571606)|VARIABLE_ASSIGNMENT|[260]|this.m_sObjectByDomainConstructorType|"{Contact=Contacts.Constructor}"|0x2032717a
12:34:32.515 (1523578350)|STATEMENT_EXECUTE|[261]
12:34:32.515 (1523656604)|HEAP_ALLOCATE|[261]|Bytes:4
12:34:32.515 (1523686173)|VARIABLE_ASSIGNMENT|[261]|this.m_sObjectByMockDomain|{}|0x2032717a
12:34:32.515 (1523704505)|CONSTRUCTOR_EXIT|[32]|01pm0000000YfaM|<init>(fflib_Application.SelectorFactory,Map<Schema.SObjectType,System.Type>)|fflib_Application.DomainFactory
12:34:32.515 (1523745256)|VARIABLE_ASSIGNMENT|[31]|PhoenixCore.Domain|{"m_selectorFactory":"0xbdb2990","m_sObjectByDomainConstructorType":"0x65bd1ecf","m_sObjectByMockDomain":"0x6db9ed42"}|0x2032717a
12:34:32.515 (1523756018)|METHOD_EXIT|[1]|PhoenixCore
12:34:32.515 (1523804004)|METHOD_ENTRY|[9]|01pm0000000YfaM|fflib_Application.SelectorFactory.newInstance(Schema.SObjectType)
12:34:32.515 (1523820339)|VARIABLE_SCOPE_BEGIN|[166]|this|fflib_Application.SelectorFactory|true|false
12:34:32.515 (1523842848)|VARIABLE_ASSIGNMENT|[166]|this|{"m_sObjectByMockSelector":"0x3dd6ab59","m_sObjectBySelectorType":"0x50c2a102"}|0xbdb2990
12:34:32.515 (1523849387)|VARIABLE_SCOPE_BEGIN|[166]|sObjectType|Schema.SObjectType|true|false
12:34:32.515 (1523888178)|VARIABLE_ASSIGNMENT|[166]|sObjectType|"common.apex.runtime.impl.ApexSObjectTypeToken@2fe93160"|0x2fe93160
12:34:32.515 (1523900383)|STATEMENT_EXECUTE|[167]
12:34:32.515 (1523941959)|STATEMENT_EXECUTE|[169]
12:34:32.515 (1523944182)|STATEMENT_EXECUTE|[173]
12:34:32.515 (1523967992)|VARIABLE_SCOPE_BEGIN|[173]|selectorClass|System.Type|true|false
12:34:32.515 (1523988391)|VARIABLE_ASSIGNMENT|[173]|selectorClass|{"aot":"0x1c1ce720"}|0x6ff86aa3
12:34:32.515 (1523995797)|STATEMENT_EXECUTE|[174]
12:34:32.515 (1523997383)|STATEMENT_EXECUTE|[178]
12:34:32.515 (1524005300)|METHOD_ENTRY|[178]||System.Type.newInstance()
12:34:32.515 (1524068194)|HEAP_ALLOCATE|[33]|Bytes:5
12:34:32.515 (1524080073)|HEAP_ALLOCATE|[33]|Bytes:156
12:34:32.515 (1524090313)|HEAP_ALLOCATE|[33]|Bytes:120
12:34:32.515 (1524098301)|METHOD_ENTRY|[30]|01pm0000000Yfay|fflib_SObjectSelector.fflib_SObjectSelector()
12:34:32.515 (1524103046)|STATEMENT_EXECUTE|[30]
12:34:32.515 (1524105972)|STATEMENT_EXECUTE|[30]
12:34:32.515 (1524110149)|HEAP_ALLOCATE|[33]|Bytes:5
12:34:32.515 (1524118974)|METHOD_EXIT|[30]|fflib_SObjectSelector
12:34:32.515 (1524130639)|CONSTRUCTOR_ENTRY|[EXTERNAL]|01pm0000000Yfay|<init>()|fflib_SObjectSelector
12:34:32.515 (1524138774)|VARIABLE_SCOPE_BEGIN|[98]|this|fflib_SObjectSelector|true|false
12:34:32.515 (1524164375)|VARIABLE_ASSIGNMENT|[98]|this|{}|0x1684baab
12:34:32.515 (1524174051)|HEAP_ALLOCATE|[100]|Bytes:5
12:34:32.515 (1524178659)|STATEMENT_EXECUTE|[100]
12:34:32.515 (1524190426)|CONSTRUCTOR_ENTRY|[100]|01pm0000000Yfay|<init>(Boolean)|fflib_SObjectSelector
12:34:32.515 (1524197425)|VARIABLE_SCOPE_BEGIN|[108]|this|fflib_SObjectSelector|true|false
12:34:32.515 (1524214447)|VARIABLE_ASSIGNMENT|[108]|this|{}|0x1684baab
12:34:32.515 (1524220459)|VARIABLE_SCOPE_BEGIN|[108]|includeFieldSetFields|Boolean|false|false
12:34:32.515 (1524229064)|VARIABLE_ASSIGNMENT|[108]|includeFieldSetFields|false
12:34:32.515 (1524235869)|HEAP_ALLOCATE|[110]|Bytes:5
12:34:32.515 (1524239753)|STATEMENT_EXECUTE|[110]
12:34:32.515 (1524249502)|CONSTRUCTOR_ENTRY|[110]|01pm0000000Yfay|<init>(Boolean,Boolean,Boolean)|fflib_SObjectSelector
12:34:32.515 (1524256962)|VARIABLE_SCOPE_BEGIN|[118]|this|fflib_SObjectSelector|true|false
12:34:32.515 (1524277239)|VARIABLE_ASSIGNMENT|[118]|this|{}|0x1684baab
12:34:32.515 (1524283820)|VARIABLE_SCOPE_BEGIN|[118]|includeFieldSetFields|Boolean|false|false
12:34:32.515 (1524291202)|VARIABLE_ASSIGNMENT|[118]|includeFieldSetFields|false
12:34:32.515 (1524295341)|VARIABLE_SCOPE_BEGIN|[118]|enforceCRUD|Boolean|false|false
12:34:32.515 (1524302896)|VARIABLE_ASSIGNMENT|[118]|enforceCRUD|true
12:34:32.515 (1524309738)|VARIABLE_SCOPE_BEGIN|[118]|enforceFLS|Boolean|false|false
12:34:32.515 (1524316546)|VARIABLE_ASSIGNMENT|[118]|enforceFLS|false
12:34:32.515 (1524322986)|HEAP_ALLOCATE|[120]|Bytes:5
12:34:32.515 (1524326710)|STATEMENT_EXECUTE|[120]
12:34:32.515 (1524337490)|CONSTRUCTOR_ENTRY|[120]|01pm0000000Yfay|<init>(Boolean,Boolean,Boolean,Boolean)|fflib_SObjectSelector
12:34:32.515 (1524343939)|VARIABLE_SCOPE_BEGIN|[131]|this|fflib_SObjectSelector|true|false
12:34:32.515 (1524364122)|VARIABLE_ASSIGNMENT|[131]|this|{}|0x1684baab
12:34:32.515 (1524370387)|VARIABLE_SCOPE_BEGIN|[131]|includeFieldSetFields|Boolean|false|false
12:34:32.515 (1524377282)|VARIABLE_ASSIGNMENT|[131]|includeFieldSetFields|false
12:34:32.515 (1524383599)|VARIABLE_SCOPE_BEGIN|[131]|enforceCRUD|Boolean|false|false
12:34:32.515 (1524389646)|VARIABLE_ASSIGNMENT|[131]|enforceCRUD|true
12:34:32.515 (1524393676)|VARIABLE_SCOPE_BEGIN|[131]|enforceFLS|Boolean|false|false
12:34:32.515 (1524399510)|VARIABLE_ASSIGNMENT|[131]|enforceFLS|false
12:34:32.515 (1524403134)|VARIABLE_SCOPE_BEGIN|[131]|sortSelectFields|Boolean|false|false
12:34:32.515 (1524409643)|VARIABLE_ASSIGNMENT|[131]|sortSelectFields|true
12:34:32.515 (1524415889)|HEAP_ALLOCATE|[133]|Bytes:5
12:34:32.515 (1524419961)|STATEMENT_EXECUTE|[30]
12:34:32.515 (1524422308)|HEAP_ALLOCATE|[133]|Bytes:5
12:34:32.515 (1524424799)|STATEMENT_EXECUTE|[37]
12:34:32.515 (1524426402)|STATEMENT_EXECUTE|[50]
12:34:32.515 (1524427915)|STATEMENT_EXECUTE|[55]
12:34:32.515 (1524433107)|STATEMENT_EXECUTE|[60]
12:34:32.515 (1524434617)|STATEMENT_EXECUTE|[65]
12:34:32.515 (1524436032)|STATEMENT_EXECUTE|[71]
12:34:32.515 (1524437510)|STATEMENT_EXECUTE|[76]
12:34:32.515 (1524451841)|STATEMENT_EXECUTE|[132]
12:34:32.515 (1524454005)|STATEMENT_EXECUTE|[133]
12:34:32.515 (1524457481)|HEAP_ALLOCATE|[133]|Bytes:5
12:34:32.515 (1524463171)|STATEMENT_EXECUTE|[134]
12:34:32.515 (1524466526)|HEAP_ALLOCATE|[134]|Bytes:5
12:34:32.515 (1524470711)|STATEMENT_EXECUTE|[135]
12:34:32.515 (1524472988)|HEAP_ALLOCATE|[135]|Bytes:5
12:34:32.515 (1524476200)|STATEMENT_EXECUTE|[136]
12:34:32.515 (1524478390)|HEAP_ALLOCATE|[136]|Bytes:5
12:34:32.515 (1524489693)|CONSTRUCTOR_EXIT|[120]|01pm0000000Yfay|<init>(Boolean,Boolean,Boolean,Boolean)|fflib_SObjectSelector
12:34:32.515 (1524495594)|STATEMENT_EXECUTE|[119]
12:34:32.515 (1524502868)|CONSTRUCTOR_EXIT|[110]|01pm0000000Yfay|<init>(Boolean,Boolean,Boolean)|fflib_SObjectSelector
12:34:32.515 (1524510754)|STATEMENT_EXECUTE|[109]
12:34:32.515 (1524516556)|CONSTRUCTOR_EXIT|[100]|01pm0000000Yfay|<init>(Boolean)|fflib_SObjectSelector
12:34:32.515 (1524525644)|STATEMENT_EXECUTE|[99]
12:34:32.515 (1524530836)|CONSTRUCTOR_EXIT|[EXTERNAL]|01pm0000000Yfay|<init>()|fflib_SObjectSelector
12:34:32.515 (1524536741)|STATEMENT_EXECUTE|[5]
12:34:32.515 (1524540921)|HEAP_ALLOCATE|[33]|Bytes:5
12:34:32.515 (1524557690)|METHOD_EXIT|[178]||System.Type.newInstance()
12:34:32.515 (1524568181)|METHOD_EXIT|[9]|01pm0000000YfaM|fflib_Application.SelectorFactory.newInstance(Schema.SObjectType)
12:34:32.515 (1524576906)|METHOD_EXIT|[11]|01p3600000JWdgz|EmailTemplatesSelector.newInstance()
12:34:32.515 (1524587718)|VARIABLE_SCOPE_BEGIN|[11]|selector|Object|false|false
12:34:32.515 (1524615225)|VARIABLE_ASSIGNMENT|[11]|selector|{"m_enforceCRUD":true,"m_enforceFLS":false,"m_includeFieldSetFields":false,"m_sortSelectFields":true}
12:34:32.515 (1524620337)|STATEMENT_EXECUTE|[14]
12:34:32.515 (1524623925)|HEAP_ALLOCATE|[14]|Bytes:23
12:34:32.515 (1525698231)|SYSTEM_MODE_EXIT|false
12:34:32.525 (1525715920)|CUMULATIVE_LIMIT_USAGE
12:34:32.525 (1525715920)|LIMIT_USAGE_FOR_NS|(default)|
  Number of SOQL queries: 0 out of 100
  Number of query rows: 0 out of 50000
  Number of SOSL queries: 0 out of 20
  Number of DML statements: 0 out of 150
  Number of DML rows: 0 out of 10000
  Maximum CPU time: 0 out of 10000
  Maximum heap size: 0 out of 6000000
  Number of callouts: 0 out of 100
  Number of Email Invocations: 0 out of 10
  Number of future calls: 0 out of 50
  Number of queueable jobs added to the queue: 0 out of 50
  Number of Mobile Apex push calls: 0 out of 10

12:34:32.525 (1525715920)|CUMULATIVE_LIMIT_USAGE_END

12:34:32.515 (1525751147)|CODE_UNIT_FINISHED|EmailTemplatesSelectorTests.givenNewInstanceExpectCorrectSelector()
12:34:32.515 (1526940854)|EXECUTION_FINISHED
