36.0 APEX_CODE,FINEST;APEX_PROFILING,INFO;CALLOUT,INFO;DB,INFO;NBA,INFO;SYSTEM,DEBUG;VALIDATION,INFO;VISUALFORCE,INFO;WAVE,INFO;WORKFLOW,INFO
14:57:14.2 (2082693)|USER_INFO|[EXTERNAL]|00518000002hPQO|matthew.billups@matsonmoney.com.mbill|Mountain Standard Time|GMT-07:00
14:57:14.2 (2118562)|EXECUTION_STARTED
14:57:14.2 (2123827)|CODE_UNIT_STARTED|[EXTERNAL]|066180000001Aq4|VF: /apex/DeepCloneMatsonEventFlowRedirect
14:57:14.13 (13225535)|FLOW_CREATE_INTERVIEW_BEGIN||30036000000U6ba|301180000002xBM
14:57:14.13 (13282033)|FLOW_CREATE_INTERVIEW_END|787de9265c662ac7098734ce79c166125538c0-38fe|Deep Clone Matson Event
14:57:14.13 (13399316)|FLOW_START_INTERVIEW_BEGIN|787de9265c662ac7098734ce79c166125538c0-38fe|Deep Clone Matson Event
14:57:14.13 (106503665)|FLOW_START_INTERVIEW_END|787de9265c662ac7098734ce79c166125538c0-38fe|Deep Clone Matson Event
14:57:14.2 (115225326)|VF_SERIALIZE_VIEWSTATE_BEGIN|066180000001Aq4
14:57:14.2 (118301083)|VF_SERIALIZE_VIEWSTATE_END
14:57:14.120 (120683879)|CUMULATIVE_LIMIT_USAGE
14:57:14.120 (120683879)|LIMIT_USAGE_FOR_NS|(default)|
  Number of SOQL queries: 2 out of 100
  Number of query rows: 2 out of 50000
  Number of SOSL queries: 0 out of 20
  Number of DML statements: 0 out of 150
  Number of DML rows: 0 out of 10000
  Maximum CPU time: 0 out of 10000
  Maximum heap size: 0 out of 6000000
  Number of callouts: 0 out of 100
  Number of Email Invocations: 0 out of 10
  Number of future calls: 0 out of 50
  Number of queueable jobs added to the queue: 0 out of 50
  Number of Mobile Apex push calls: 0 out of 10

14:57:14.120 (120683879)|CUMULATIVE_LIMIT_USAGE_END

14:57:14.2 (120722021)|CODE_UNIT_FINISHED|VF: /apex/DeepCloneMatsonEventFlowRedirect
14:57:14.2 (121591842)|EXECUTION_FINISHED
