36.0 APEX_CODE,FINEST;APEX_PROFILING,INFO;CALLOUT,INFO;DB,INFO;NBA,INFO;SYSTEM,DEBUG;VALIDATION,INFO;VISUALFORCE,INFO;WAVE,INFO;WORKFLOW,INFO
11:02:47.0 (286132)|USER_INFO|[EXTERNAL]|00536000002xDc2|jessica.doyal@matsonmoney.com.mbill|Eastern Standard Time|GMT-04:00
11:02:47.0 (314856)|EXECUTION_STARTED
11:02:47.0 (320890)|CODE_UNIT_STARTED|[EXTERNAL]|066180000001Aq4|VF: /apex/DeepCloneMatsonEventFlowRedirect
11:02:47.17 (17365618)|FLOW_CREATE_INTERVIEW_BEGIN||30036000000U6ba|301180000002y5K
11:02:47.17 (17747997)|FLOW_CREATE_INTERVIEW_END|133483e9b433e943d34442952ca51663a4c5a9-351f|Deep Clone Matson Event
11:02:47.17 (17865734)|FLOW_START_INTERVIEW_BEGIN|133483e9b433e943d34442952ca51663a4c5a9-351f|Deep Clone Matson Event
11:02:47.17 (107876574)|FLOW_START_INTERVIEW_END|133483e9b433e943d34442952ca51663a4c5a9-351f|Deep Clone Matson Event
11:02:47.0 (116674700)|VF_SERIALIZE_VIEWSTATE_BEGIN|066180000001Aq4
11:02:47.0 (119530745)|VF_SERIALIZE_VIEWSTATE_END
11:02:47.137 (137788035)|CUMULATIVE_LIMIT_USAGE
11:02:47.137 (137788035)|LIMIT_USAGE_FOR_NS|(default)|
  Number of SOQL queries: 2 out of 100
  Number of query rows: 2 out of 50000
  Number of SOSL queries: 0 out of 20
  Number of DML statements: 0 out of 150
  Number of DML rows: 0 out of 10000
  Maximum CPU time: 0 out of 10000
  Maximum heap size: 0 out of 6000000
  Number of callouts: 0 out of 100
  Number of Email Invocations: 0 out of 10
  Number of future calls: 0 out of 50
  Number of queueable jobs added to the queue: 0 out of 50
  Number of Mobile Apex push calls: 0 out of 10

11:02:47.137 (137788035)|CUMULATIVE_LIMIT_USAGE_END

11:02:47.0 (137836064)|CODE_UNIT_FINISHED|VF: /apex/DeepCloneMatsonEventFlowRedirect
11:02:47.0 (138739568)|EXECUTION_FINISHED
