36.0 APEX_CODE,FINEST;APEX_PROFILING,INFO;CALLOUT,INFO;DB,INFO;NBA,INFO;SYSTEM,DEBUG;VALIDATION,INFO;VISUALFORCE,INFO;WAVE,INFO;WORKFLOW,INFO
13:07:50.0 (521503)|USER_INFO|[EXTERNAL]|00518000002hPQO|matthew.billups@matsonmoney.com.mbill|Mountain Standard Time|GMT-07:00
13:07:50.0 (576033)|EXECUTION_STARTED
13:07:50.0 (583310)|CODE_UNIT_STARTED|[EXTERNAL]|066180000001Aq4|VF: /apex/DeepCloneMatsonEventFlowRedirect
13:07:50.7 (7901252)|FLOW_CREATE_INTERVIEW_BEGIN||30036000000U6ba|301180000002xBg
13:07:50.7 (7972126)|FLOW_CREATE_INTERVIEW_END|97091da459da6c85be2c4c9970be166120ab65f-4f14|Deep Clone Matson Event
13:07:50.8 (8090310)|FLOW_START_INTERVIEW_BEGIN|97091da459da6c85be2c4c9970be166120ab65f-4f14|Deep Clone Matson Event
13:07:50.8 (61278813)|FLOW_ELEMENT_ERROR|This error occurred when the flow tried to look up records: 
Event_End_Date__c, Id FROM Event__c WHERE ((Id = 'Event__c.Id'))  LIMIT 1
                                            ^
ERROR at Row:1:Column:688
invalid ID field: Event__c.Id. You can look up ExceptionCode values in the <a href='https://developer.salesforce.com/docs/atlas.en-us.api.meta/api/sforce_api_calls_concepts_core_data_objects.htm#'>SOAP API Developer Guide</a>.|FlowRecordLookup|Event_to_Clone_Lookup
13:07:50.8 (73059493)|FLOW_ELEMENT_ERROR|This error occurred when the flow tried to look up records: 
Event_End_Date__c, Id FROM Event__c WHERE ((Id = 'Event__c.Id'))  LIMIT 1
                                            ^
ERROR at Row:1:Column:688
invalid ID field: Event__c.Id. You can look up ExceptionCode values in the <a href='https://developer.salesforce.com/docs/atlas.en-us.api.meta/api/sforce_api_calls_concepts_core_data_objects.htm#'>SOAP API Developer Guide</a>.|FlowRecordLookup|Event_to_Clone_Lookup
13:07:50.8 (73086379)|FLOW_START_INTERVIEW_END|97091da459da6c85be2c4c9970be166120ab65f-4f14|Deep Clone Matson Event
13:07:50.0 (81130076)|VF_SERIALIZE_VIEWSTATE_BEGIN|066180000001Aq4
13:07:50.0 (84085969)|VF_SERIALIZE_VIEWSTATE_END
13:07:50.86 (86799446)|CUMULATIVE_LIMIT_USAGE
13:07:50.86 (86799446)|LIMIT_USAGE_FOR_NS|(default)|
  Number of SOQL queries: 0 out of 100
  Number of query rows: 0 out of 50000
  Number of SOSL queries: 0 out of 20
  Number of DML statements: 0 out of 150
  Number of DML rows: 0 out of 10000
  Maximum CPU time: 0 out of 10000
  Maximum heap size: 0 out of 6000000
  Number of callouts: 0 out of 100
  Number of Email Invocations: 0 out of 10
  Number of future calls: 0 out of 50
  Number of queueable jobs added to the queue: 0 out of 50
  Number of Mobile Apex push calls: 0 out of 10

13:07:50.86 (86799446)|CUMULATIVE_LIMIT_USAGE_END

13:07:50.0 (86842016)|CODE_UNIT_FINISHED|VF: /apex/DeepCloneMatsonEventFlowRedirect
13:07:50.0 (87759059)|EXECUTION_FINISHED
