42.0 APEX_CODE,FINEST;APEX_PROFILING,INFO;CALLOUT,INFO;DB,INFO;NBA,INFO;SYSTEM,DEBUG;VALIDATION,INFO;VISUALFORCE,INFO;WAVE,INFO;WORKFLOW,INFO
14:24:27.0 (304270)|USER_INFO|[EXTERNAL]|00518000002hPQO|matthew.billups@matsonmoney.com.mbill|Mountain Standard Time|GMT-07:00
14:24:27.0 (355933)|EXECUTION_STARTED
14:24:27.0 (362398)|CODE_UNIT_STARTED|[EXTERNAL]|01pm0000000YfZu|ffhttp_BlobContentTest.constructor_initializedCorrectly()
14:24:27.0 (854262)|HEAP_ALLOCATE|[72]|Bytes:3
14:24:27.0 (897272)|HEAP_ALLOCATE|[77]|Bytes:152
14:24:27.0 (913275)|HEAP_ALLOCATE|[342]|Bytes:408
14:24:27.0 (926781)|HEAP_ALLOCATE|[355]|Bytes:408
14:24:27.0 (939374)|HEAP_ALLOCATE|[467]|Bytes:48
14:24:27.0 (964940)|HEAP_ALLOCATE|[139]|Bytes:6
14:24:27.0 (980913)|HEAP_ALLOCATE|[EXTERNAL]|Bytes:44
14:24:27.0 (991553)|METHOD_ENTRY|[33]|01pm0000000YfZu|ffhttp_BlobContentTest.ffhttp_BlobContentTest()
14:24:27.0 (997574)|STATEMENT_EXECUTE|[33]
14:24:27.0 (1001937)|STATEMENT_EXECUTE|[33]
14:24:27.0 (1006316)|METHOD_EXIT|[33]|ffhttp_BlobContentTest
14:24:27.0 (1041532)|HEAP_ALLOCATE|[50]|Bytes:5
14:24:27.0 (1065526)|HEAP_ALLOCATE|[56]|Bytes:5
14:24:27.0 (1073269)|HEAP_ALLOCATE|[64]|Bytes:7
14:24:27.0 (1114914)|STATEMENT_EXECUTE|[36]
14:24:27.0 (1116962)|STATEMENT_EXECUTE|[38]
14:24:27.0 (1119349)|HEAP_ALLOCATE|[38]|Bytes:7
14:24:27.0 (1186641)|HEAP_ALLOCATE|[38]|Bytes:4
14:24:27.0 (1202269)|VARIABLE_SCOPE_BEGIN|[38]|b|Blob|false|false
14:24:27.0 (1231843)|VARIABLE_ASSIGNMENT|[38]|b|BLOB(7 bytes)
14:24:27.0 (1237943)|STATEMENT_EXECUTE|[41]
14:24:27.0 (6215144)|HEAP_ALLOCATE|[41]|Bytes:8
14:24:27.0 (6237039)|METHOD_ENTRY|[32]|01pm0000000YfZt|ffhttp_BlobContent.ffhttp_BlobContent()
14:24:27.0 (6244057)|STATEMENT_EXECUTE|[32]
14:24:27.0 (6248002)|STATEMENT_EXECUTE|[32]
14:24:27.0 (6610756)|SYSTEM_MODE_ENTER|false
14:24:27.0 (6627904)|HEAP_ALLOCATE|[41]|Bytes:5
14:24:27.0 (6636765)|SYSTEM_MODE_EXIT|false
14:24:27.0 (6646088)|METHOD_EXIT|[32]|ffhttp_BlobContent
14:24:27.0 (6660899)|HEAP_ALLOCATE|[41]|Bytes:12
14:24:27.0 (6667072)|HEAP_ALLOCATE|[41]|Bytes:16
14:24:27.0 (6689403)|CONSTRUCTOR_ENTRY|[41]|01pm0000000YfZt|<init>(Blob,String)|ffhttp_BlobContent
14:24:27.0 (6716678)|VARIABLE_SCOPE_BEGIN|[37]|this|ffhttp_BlobContent|true|false
14:24:27.0 (6752879)|VARIABLE_ASSIGNMENT|[37]|this|{}|0xe584518
14:24:27.0 (6760481)|VARIABLE_SCOPE_BEGIN|[37]|b|Blob|false|false
14:24:27.0 (6773462)|VARIABLE_ASSIGNMENT|[37]|b|BLOB(7 bytes)
14:24:27.0 (6777986)|VARIABLE_SCOPE_BEGIN|[37]|contentType|String|false|false
14:24:27.0 (6789457)|VARIABLE_ASSIGNMENT|[37]|contentType|"application/json"
14:24:27.0 (6799943)|SYSTEM_MODE_ENTER|false
14:24:27.0 (6806688)|HEAP_ALLOCATE|[39]|Bytes:5
14:24:27.0 (6811764)|STATEMENT_EXECUTE|[32]
14:24:27.0 (6815014)|HEAP_ALLOCATE|[39]|Bytes:5
14:24:27.0 (6817872)|STATEMENT_EXECUTE|[34]
14:24:27.0 (6819410)|STATEMENT_EXECUTE|[35]
14:24:27.0 (6828536)|HEAP_ALLOCATE|[39]|Bytes:6
14:24:27.0 (6864666)|STATEMENT_EXECUTE|[38]
14:24:27.0 (6867209)|STATEMENT_EXECUTE|[39]
14:24:27.0 (6868787)|STATEMENT_EXECUTE|[40]
14:24:27.0 (6870233)|STATEMENT_EXECUTE|[42]
14:24:27.0 (6881440)|VARIABLE_ASSIGNMENT|[42]|this.m_blob|BLOB(7 bytes)|0xe584518
14:24:27.0 (6888172)|STATEMENT_EXECUTE|[43]
14:24:27.0 (6894430)|VARIABLE_ASSIGNMENT|[43]|this.m_contentType|"application/json"|0xe584518
14:24:27.0 (6901356)|SYSTEM_MODE_EXIT|false
14:24:27.0 (6915241)|CONSTRUCTOR_EXIT|[41]|01pm0000000YfZt|<init>(Blob,String)|ffhttp_BlobContent
14:24:27.0 (6922776)|VARIABLE_SCOPE_BEGIN|[41]|content|ffhttp_BlobContent|true|false
14:24:27.0 (6945301)|VARIABLE_ASSIGNMENT|[41]|content|{"m_blob":BLOB(7 bytes),"m_contentType":"application/json"}|0xe584518
14:24:27.0 (6951582)|STATEMENT_EXECUTE|[44]
14:24:27.0 (6974543)|METHOD_ENTRY|[44]|01pm0000000YfZt|ffhttp_BlobContent.getHttpContent()
14:24:27.0 (6998398)|VARIABLE_SCOPE_BEGIN|[49]|this|ffhttp_BlobContent|true|false
14:24:27.0 (7018382)|VARIABLE_ASSIGNMENT|[49]|this|{"m_blob":BLOB(7 bytes),"m_contentType":"application/json"}|0xe584518
14:24:27.0 (7034952)|SYSTEM_MODE_ENTER|false
14:24:27.0 (7040928)|HEAP_ALLOCATE|[51]|Bytes:5
14:24:27.0 (7045908)|STATEMENT_EXECUTE|[50]
14:24:27.0 (7047960)|STATEMENT_EXECUTE|[51]
14:24:27.0 (7052723)|SYSTEM_MODE_EXIT|false
14:24:27.0 (7061017)|METHOD_EXIT|[44]|01pm0000000YfZt|ffhttp_BlobContent.getHttpContent()
14:24:27.0 (7170686)|STATEMENT_EXECUTE|[45]
14:24:27.0 (7181296)|METHOD_ENTRY|[45]|01pm0000000YfZt|ffhttp_BlobContent.getHttpContentType()
14:24:27.0 (7197339)|VARIABLE_SCOPE_BEGIN|[53]|this|ffhttp_BlobContent|true|false
14:24:27.0 (7219378)|VARIABLE_ASSIGNMENT|[53]|this|{"m_blob":BLOB(7 bytes),"m_contentType":"application/json"}|0xe584518
14:24:27.0 (7233444)|SYSTEM_MODE_ENTER|false
14:24:27.0 (7239420)|HEAP_ALLOCATE|[55]|Bytes:5
14:24:27.0 (7243477)|STATEMENT_EXECUTE|[54]
14:24:27.0 (7245039)|STATEMENT_EXECUTE|[55]
14:24:27.0 (7248950)|SYSTEM_MODE_EXIT|false
14:24:27.0 (7255114)|METHOD_EXIT|[45]|01pm0000000YfZt|ffhttp_BlobContent.getHttpContentType()
14:24:27.7 (7276416)|CUMULATIVE_LIMIT_USAGE
14:24:27.7 (7276416)|LIMIT_USAGE_FOR_NS|(default)|
  Number of SOQL queries: 0 out of 100
  Number of query rows: 0 out of 50000
  Number of SOSL queries: 0 out of 20
  Number of DML statements: 0 out of 150
  Number of DML rows: 0 out of 10000
  Maximum CPU time: 0 out of 10000
  Maximum heap size: 0 out of 6000000
  Number of callouts: 0 out of 100
  Number of Email Invocations: 0 out of 10
  Number of future calls: 0 out of 50
  Number of queueable jobs added to the queue: 0 out of 50
  Number of Mobile Apex push calls: 0 out of 10

14:24:27.7 (7276416)|CUMULATIVE_LIMIT_USAGE_END

14:24:27.0 (7310878)|CODE_UNIT_FINISHED|ffhttp_BlobContentTest.constructor_initializedCorrectly()
14:24:27.0 (8569950)|EXECUTION_FINISHED
14:24:27.349 (349962828)|USER_INFO|[EXTERNAL]|00518000002hPQO|matthew.billups@matsonmoney.com.mbill|Mountain Standard Time|GMT-07:00
14:24:27.349 (349994320)|EXECUTION_STARTED
14:24:27.349 (350002287)|CODE_UNIT_STARTED|[EXTERNAL]|01pm0000000YfZu|ffhttp_BlobContentTest.constructor_throwsException_forNullBlob()
14:24:27.349 (350226586)|HEAP_ALLOCATE|[72]|Bytes:3
14:24:27.349 (350284982)|HEAP_ALLOCATE|[77]|Bytes:152
14:24:27.349 (350314251)|HEAP_ALLOCATE|[342]|Bytes:408
14:24:27.349 (350344242)|HEAP_ALLOCATE|[355]|Bytes:408
14:24:27.349 (350376498)|HEAP_ALLOCATE|[467]|Bytes:48
14:24:27.349 (350413283)|HEAP_ALLOCATE|[139]|Bytes:6
14:24:27.349 (350439940)|HEAP_ALLOCATE|[EXTERNAL]|Bytes:44
14:24:27.349 (350456499)|METHOD_ENTRY|[33]|01pm0000000YfZu|ffhttp_BlobContentTest.ffhttp_BlobContentTest()
14:24:27.349 (350465815)|STATEMENT_EXECUTE|[33]
14:24:27.349 (350472221)|STATEMENT_EXECUTE|[33]
14:24:27.349 (350477641)|METHOD_EXIT|[33]|ffhttp_BlobContentTest
14:24:27.349 (350509982)|HEAP_ALLOCATE|[50]|Bytes:5
14:24:27.349 (350544399)|HEAP_ALLOCATE|[56]|Bytes:5
14:24:27.349 (350558839)|HEAP_ALLOCATE|[64]|Bytes:7
14:24:27.349 (350613865)|STATEMENT_EXECUTE|[49]
14:24:27.349 (350617161)|STATEMENT_EXECUTE|[50]
14:24:27.349 (350619554)|STATEMENT_EXECUTE|[51]
14:24:27.349 (350621838)|STATEMENT_EXECUTE|[53]
14:24:27.349 (350637128)|HEAP_ALLOCATE|[53]|Bytes:8
14:24:27.349 (350649754)|METHOD_ENTRY|[32]|01pm0000000YfZt|ffhttp_BlobContent.ffhttp_BlobContent()
14:24:27.349 (350657250)|STATEMENT_EXECUTE|[32]
14:24:27.349 (350660452)|STATEMENT_EXECUTE|[32]
14:24:27.349 (351139332)|SYSTEM_MODE_ENTER|false
14:24:27.349 (351166286)|HEAP_ALLOCATE|[53]|Bytes:5
14:24:27.349 (351179781)|SYSTEM_MODE_EXIT|false
14:24:27.349 (351193366)|METHOD_EXIT|[32]|ffhttp_BlobContent
14:24:27.349 (351203934)|HEAP_ALLOCATE|[53]|Bytes:12
14:24:27.349 (351212284)|HEAP_ALLOCATE|[53]|Bytes:16
14:24:27.349 (351261799)|CONSTRUCTOR_ENTRY|[53]|01pm0000000YfZt|<init>(Blob,String)|ffhttp_BlobContent
14:24:27.349 (351293262)|VARIABLE_SCOPE_BEGIN|[37]|this|ffhttp_BlobContent|true|false
14:24:27.349 (351334530)|VARIABLE_ASSIGNMENT|[37]|this|{}|0x2cb964c5
14:24:27.349 (351342006)|VARIABLE_SCOPE_BEGIN|[37]|b|Blob|false|false
14:24:27.349 (351355853)|VARIABLE_ASSIGNMENT|[37]|b|null
14:24:27.349 (351360727)|VARIABLE_SCOPE_BEGIN|[37]|contentType|String|false|false
14:24:27.349 (351373700)|VARIABLE_ASSIGNMENT|[37]|contentType|"application/json"
14:24:27.349 (351385784)|SYSTEM_MODE_ENTER|false
14:24:27.349 (351393416)|HEAP_ALLOCATE|[39]|Bytes:5
14:24:27.349 (351398652)|STATEMENT_EXECUTE|[32]
14:24:27.349 (351402006)|HEAP_ALLOCATE|[39]|Bytes:5
14:24:27.349 (351404996)|STATEMENT_EXECUTE|[34]
14:24:27.349 (351406907)|STATEMENT_EXECUTE|[35]
14:24:27.349 (351416902)|HEAP_ALLOCATE|[39]|Bytes:6
14:24:27.349 (351440852)|STATEMENT_EXECUTE|[38]
14:24:27.349 (351444022)|STATEMENT_EXECUTE|[39]
14:24:27.349 (357891056)|METHOD_ENTRY|[32]|01pm0000000YfaC|ffhttp_SystemException.ffhttp_SystemException()
14:24:27.349 (357905255)|STATEMENT_EXECUTE|[32]
14:24:27.349 (357911798)|STATEMENT_EXECUTE|[32]
14:24:27.349 (357923241)|HEAP_ALLOCATE|[39]|Bytes:5
14:24:27.349 (357938326)|METHOD_EXIT|[32]|ffhttp_SystemException
14:24:27.349 (357956963)|HEAP_ALLOCATE|[39]|Bytes:28
14:24:27.349 (357967602)|HEAP_ALLOCATE|[39]|Bytes:15
14:24:27.349 (359188814)|HEAP_ALLOCATE|[39]|Bytes:19
14:24:27.349 (359219538)|CONSTRUCTOR_ENTRY|[39]|01pm0000000YfaC|<init>(String)|ffhttp_SystemException
14:24:27.349 (359281650)|VARIABLE_SCOPE_BEGIN|[32]|this|ffhttp_SystemException|true|false
14:24:27.349 (359449558)|VARIABLE_ASSIGNMENT|[32]|this|"common.apex.runtime.impl.ExecutionException"|0x528df593
14:24:27.349 (359469484)|HEAP_ALLOCATE|[EXTERNAL]|Bytes:5
14:24:27.349 (359487284)|HEAP_ALLOCATE|[EXTERNAL]|Bytes:34
14:24:27.349 (359558924)|HEAP_ALLOCATE|[66]|Bytes:11
14:24:27.349 (359573331)|HEAP_ALLOCATE|[66]|Bytes:33
14:24:27.349 (359579280)|HEAP_ALLOCATE|[66]|Bytes:30
14:24:27.349 (359584579)|HEAP_ALLOCATE|[66]|Bytes:12
14:24:27.349 (359693955)|SYSTEM_METHOD_ENTRY|[EXTERNAL]|ArrayList.ArrayList()
14:24:27.349 (359702754)|STATEMENT_EXECUTE|[EXTERNAL]
14:24:27.349 (359707736)|ENTERING_MANAGED_PKG|java__util
14:24:27.349 (359723120)|SYSTEM_METHOD_EXIT|[EXTERNAL]|ArrayList
14:24:27.349 (359734468)|HEAP_ALLOCATE|[214]|Bytes:16
14:24:27.349 (359764020)|ENTERING_MANAGED_PKG|java__util
14:24:27.349 (359821721)|ENTERING_MANAGED_PKG|java__util
14:24:27.349 (359882549)|ENTERING_MANAGED_PKG|java__util
14:24:27.349 (359980157)|SYSTEM_METHOD_ENTRY|[EXTERNAL]|Collections.Collections()
14:24:27.349 (359988463)|STATEMENT_EXECUTE|[EXTERNAL]
14:24:27.349 (359992379)|ENTERING_MANAGED_PKG|java__util
14:24:27.349 (360009224)|HEAP_ALLOCATE|[4279]|Bytes:4
14:24:27.349 (360030900)|ENTERING_MANAGED_PKG|java__util
14:24:27.349 (360066758)|ENTERING_MANAGED_PKG|java__util
14:24:27.349 (360098183)|ENTERING_MANAGED_PKG|java__util
14:24:27.349 (360111533)|ENTERING_MANAGED_PKG|java__util
14:24:27.349 (360167926)|HEAP_ALLOCATE|[4397]|Bytes:8
14:24:27.349 (360186684)|ENTERING_MANAGED_PKG|java__util
14:24:27.349 (360212179)|ENTERING_MANAGED_PKG|java__util
14:24:27.349 (360242298)|ENTERING_MANAGED_PKG|java__util
14:24:27.349 (360254728)|ENTERING_MANAGED_PKG|java__util
14:24:27.349 (360300507)|HEAP_ALLOCATE|[4498]|Bytes:12
14:24:27.349 (360319672)|ENTERING_MANAGED_PKG|java__util
14:24:27.349 (360343997)|ENTERING_MANAGED_PKG|java__util
14:24:27.349 (360377915)|ENTERING_MANAGED_PKG|java__util
14:24:27.349 (360407885)|SYSTEM_METHOD_EXIT|[EXTERNAL]|Collections
14:24:27.349 (360425192)|ENTERING_MANAGED_PKG|java__util
14:24:27.349 (360476769)|HEAP_ALLOCATE|[1287]|Bytes:12
14:24:27.349 (360495586)|ENTERING_MANAGED_PKG|java__util
14:24:27.349 (360529274)|ENTERING_MANAGED_PKG|java__util
14:24:27.349 (360565744)|ENTERING_MANAGED_PKG|java__util
14:24:27.349 (360684148)|HEAP_ALLOCATE|[783]|Bytes:19
14:24:27.349 (360693752)|HEAP_ALLOCATE|[783]|Bytes:16
14:24:27.349 (360699498)|HEAP_ALLOCATE|[783]|Bytes:19
14:24:27.349 (360711391)|HEAP_ALLOCATE|[783]|Bytes:19
14:24:27.349 (360716216)|HEAP_ALLOCATE|[783]|Bytes:16
14:24:27.349 (360720653)|HEAP_ALLOCATE|[783]|Bytes:19
14:24:27.349 (360727913)|HEAP_ALLOCATE|[783]|Bytes:19
14:24:27.349 (360732741)|HEAP_ALLOCATE|[783]|Bytes:6
14:24:27.349 (360737246)|HEAP_ALLOCATE|[783]|Bytes:19
14:24:27.349 (360743395)|HEAP_ALLOCATE|[783]|Bytes:19
14:24:27.349 (360748255)|HEAP_ALLOCATE|[783]|Bytes:6
14:24:27.349 (360752780)|HEAP_ALLOCATE|[783]|Bytes:19
14:24:27.349 (360759487)|HEAP_ALLOCATE|[783]|Bytes:24
14:24:27.349 (360763799)|HEAP_ALLOCATE|[783]|Bytes:6
14:24:27.349 (360768099)|HEAP_ALLOCATE|[783]|Bytes:24
14:24:27.349 (360774908)|HEAP_ALLOCATE|[783]|Bytes:22
14:24:27.349 (360779482)|HEAP_ALLOCATE|[783]|Bytes:6
14:24:27.349 (360783795)|HEAP_ALLOCATE|[783]|Bytes:22
14:24:27.349 (360791014)|HEAP_ALLOCATE|[783]|Bytes:18
14:24:27.349 (360796299)|HEAP_ALLOCATE|[783]|Bytes:6
14:24:27.349 (360801748)|HEAP_ALLOCATE|[783]|Bytes:18
14:24:27.349 (360809113)|HEAP_ALLOCATE|[783]|Bytes:22
14:24:27.349 (360813962)|HEAP_ALLOCATE|[783]|Bytes:39
14:24:27.349 (360818486)|HEAP_ALLOCATE|[783]|Bytes:22
14:24:27.349 (360847339)|STATEMENT_EXECUTE|[32]
14:24:27.349 (360855587)|HEAP_ALLOCATE|[EXTERNAL]|Bytes:5
14:24:27.349 (360871367)|CONSTRUCTOR_EXIT|[39]|01pm0000000YfaC|<init>(String)|ffhttp_SystemException
14:24:27.349 (360898191)|EXCEPTION_THROWN|[39]|ffhttp_SystemException: Blob cannot be null
14:24:27.349 (360914435)|SYSTEM_MODE_EXIT|false
14:24:27.349 (360930738)|EXCEPTION_THROWN|[43]|ffhttp_SystemException: Blob cannot be null
14:24:27.349 (360948677)|CONSTRUCTOR_EXIT|[53]|01pm0000000YfZt|<init>(Blob,String)|ffhttp_BlobContent
14:24:27.349 (360984562)|VARIABLE_SCOPE_BEGIN|[57]|ex|ffhttp_SystemException|true|false
14:24:27.349 (361043135)|VARIABLE_ASSIGNMENT|[57]|ex|"common.apex.runtime.impl.ExecutionException: Blob cannot be null"|0x30f1896
14:24:27.349 (361055191)|STATEMENT_EXECUTE|[57]
14:24:27.349 (361057922)|STATEMENT_EXECUTE|[59]
14:24:27.349 (361103229)|HEAP_ALLOCATE|[59]|Bytes:19
14:24:27.361 (361173633)|CUMULATIVE_LIMIT_USAGE
14:24:27.361 (361173633)|LIMIT_USAGE_FOR_NS|(default)|
  Number of SOQL queries: 0 out of 100
  Number of query rows: 0 out of 50000
  Number of SOSL queries: 0 out of 20
  Number of DML statements: 0 out of 150
  Number of DML rows: 0 out of 10000
  Maximum CPU time: 0 out of 10000
  Maximum heap size: 0 out of 6000000
  Number of callouts: 0 out of 100
  Number of Email Invocations: 0 out of 10
  Number of future calls: 0 out of 50
  Number of queueable jobs added to the queue: 0 out of 50
  Number of Mobile Apex push calls: 0 out of 10

14:24:27.361 (361173633)|CUMULATIVE_LIMIT_USAGE_END

14:24:27.349 (361217966)|CODE_UNIT_FINISHED|ffhttp_BlobContentTest.constructor_throwsException_forNullBlob()
14:24:27.349 (363169305)|EXECUTION_FINISHED
14:24:27.425 (425252523)|USER_INFO|[EXTERNAL]|00518000002hPQO|matthew.billups@matsonmoney.com.mbill|Mountain Standard Time|GMT-07:00
14:24:27.425 (425279277)|EXECUTION_STARTED
14:24:27.425 (425286482)|CODE_UNIT_STARTED|[EXTERNAL]|01pm0000000YfZu|ffhttp_BlobContentTest.constructor_throwsException_forNullContentType()
14:24:27.425 (425470462)|HEAP_ALLOCATE|[72]|Bytes:3
14:24:27.425 (425514624)|HEAP_ALLOCATE|[77]|Bytes:152
14:24:27.425 (425540176)|HEAP_ALLOCATE|[342]|Bytes:408
14:24:27.425 (425569758)|HEAP_ALLOCATE|[355]|Bytes:408
14:24:27.425 (425598144)|HEAP_ALLOCATE|[467]|Bytes:48
14:24:27.425 (425635403)|HEAP_ALLOCATE|[139]|Bytes:6
14:24:27.425 (425664023)|HEAP_ALLOCATE|[EXTERNAL]|Bytes:44
14:24:27.425 (425677147)|METHOD_ENTRY|[33]|01pm0000000YfZu|ffhttp_BlobContentTest.ffhttp_BlobContentTest()
14:24:27.425 (425685442)|STATEMENT_EXECUTE|[33]
14:24:27.425 (425691134)|STATEMENT_EXECUTE|[33]
14:24:27.425 (425696056)|METHOD_EXIT|[33]|ffhttp_BlobContentTest
14:24:27.425 (425725783)|HEAP_ALLOCATE|[50]|Bytes:5
14:24:27.425 (425755601)|HEAP_ALLOCATE|[56]|Bytes:5
14:24:27.425 (425771233)|HEAP_ALLOCATE|[64]|Bytes:7
14:24:27.425 (425812598)|STATEMENT_EXECUTE|[67]
14:24:27.425 (425815867)|STATEMENT_EXECUTE|[68]
14:24:27.425 (425818197)|STATEMENT_EXECUTE|[69]
14:24:27.425 (425820406)|STATEMENT_EXECUTE|[71]
14:24:27.425 (425824488)|HEAP_ALLOCATE|[71]|Bytes:7
14:24:27.425 (425904693)|HEAP_ALLOCATE|[71]|Bytes:4
14:24:27.425 (425927986)|VARIABLE_SCOPE_BEGIN|[71]|b|Blob|false|false
14:24:27.425 (425961811)|VARIABLE_ASSIGNMENT|[71]|b|BLOB(7 bytes)
14:24:27.425 (425971415)|STATEMENT_EXECUTE|[72]
14:24:27.425 (425987636)|HEAP_ALLOCATE|[72]|Bytes:8
14:24:27.425 (425999946)|METHOD_ENTRY|[32]|01pm0000000YfZt|ffhttp_BlobContent.ffhttp_BlobContent()
14:24:27.425 (426008303)|STATEMENT_EXECUTE|[32]
14:24:27.425 (426013104)|STATEMENT_EXECUTE|[32]
14:24:27.425 (426414770)|SYSTEM_MODE_ENTER|false
14:24:27.425 (426434185)|HEAP_ALLOCATE|[72]|Bytes:5
14:24:27.425 (426444742)|SYSTEM_MODE_EXIT|false
14:24:27.425 (426463789)|METHOD_EXIT|[32]|ffhttp_BlobContent
14:24:27.425 (426474673)|HEAP_ALLOCATE|[72]|Bytes:12
14:24:27.425 (426505193)|CONSTRUCTOR_ENTRY|[72]|01pm0000000YfZt|<init>(Blob,String)|ffhttp_BlobContent
14:24:27.425 (426535744)|VARIABLE_SCOPE_BEGIN|[37]|this|ffhttp_BlobContent|true|false
14:24:27.425 (426566797)|VARIABLE_ASSIGNMENT|[37]|this|{}|0x316245fc
14:24:27.425 (426578070)|VARIABLE_SCOPE_BEGIN|[37]|b|Blob|false|false
14:24:27.425 (426596674)|VARIABLE_ASSIGNMENT|[37]|b|BLOB(7 bytes)
14:24:27.425 (426604625)|VARIABLE_SCOPE_BEGIN|[37]|contentType|String|false|false
14:24:27.425 (426616707)|VARIABLE_ASSIGNMENT|[37]|contentType|null
14:24:27.425 (426632598)|SYSTEM_MODE_ENTER|false
14:24:27.425 (426642258)|HEAP_ALLOCATE|[39]|Bytes:5
14:24:27.425 (426649366)|STATEMENT_EXECUTE|[32]
14:24:27.425 (426654612)|HEAP_ALLOCATE|[39]|Bytes:5
14:24:27.425 (426659722)|STATEMENT_EXECUTE|[34]
14:24:27.425 (426662807)|STATEMENT_EXECUTE|[35]
14:24:27.425 (426675138)|HEAP_ALLOCATE|[39]|Bytes:6
14:24:27.425 (426705813)|STATEMENT_EXECUTE|[38]
14:24:27.425 (426709940)|STATEMENT_EXECUTE|[39]
14:24:27.425 (426712395)|STATEMENT_EXECUTE|[40]
14:24:27.425 (426749451)|METHOD_ENTRY|[32]|01pm0000000YfaC|ffhttp_SystemException.ffhttp_SystemException()
14:24:27.425 (426758805)|STATEMENT_EXECUTE|[32]
14:24:27.425 (426762869)|STATEMENT_EXECUTE|[32]
14:24:27.425 (426770269)|HEAP_ALLOCATE|[40]|Bytes:5
14:24:27.425 (426781639)|METHOD_EXIT|[32]|ffhttp_SystemException
14:24:27.425 (426791684)|HEAP_ALLOCATE|[40]|Bytes:28
14:24:27.425 (426800896)|HEAP_ALLOCATE|[40]|Bytes:22
14:24:27.425 (426840446)|HEAP_ALLOCATE|[40]|Bytes:26
14:24:27.425 (426860815)|CONSTRUCTOR_ENTRY|[40]|01pm0000000YfaC|<init>(String)|ffhttp_SystemException
14:24:27.425 (426885632)|VARIABLE_SCOPE_BEGIN|[32]|this|ffhttp_SystemException|true|false
14:24:27.425 (427022482)|VARIABLE_ASSIGNMENT|[32]|this|"common.apex.runtime.impl.ExecutionException"|0x39110b17
14:24:27.425 (427043479)|HEAP_ALLOCATE|[EXTERNAL]|Bytes:5
14:24:27.425 (427059938)|HEAP_ALLOCATE|[EXTERNAL]|Bytes:34
14:24:27.425 (427130443)|HEAP_ALLOCATE|[66]|Bytes:11
14:24:27.425 (427144270)|HEAP_ALLOCATE|[66]|Bytes:33
14:24:27.425 (427151099)|HEAP_ALLOCATE|[66]|Bytes:30
14:24:27.425 (427156924)|HEAP_ALLOCATE|[66]|Bytes:12
14:24:27.425 (427241828)|SYSTEM_METHOD_ENTRY|[EXTERNAL]|ArrayList.ArrayList()
14:24:27.425 (427250013)|STATEMENT_EXECUTE|[EXTERNAL]
14:24:27.425 (427255450)|ENTERING_MANAGED_PKG|java__util
14:24:27.425 (427270269)|SYSTEM_METHOD_EXIT|[EXTERNAL]|ArrayList
14:24:27.425 (427281307)|HEAP_ALLOCATE|[214]|Bytes:16
14:24:27.425 (427310377)|ENTERING_MANAGED_PKG|java__util
14:24:27.425 (427329110)|ENTERING_MANAGED_PKG|java__util
14:24:27.425 (427348781)|ENTERING_MANAGED_PKG|java__util
14:24:27.425 (427429622)|SYSTEM_METHOD_ENTRY|[EXTERNAL]|Collections.Collections()
14:24:27.425 (427437307)|STATEMENT_EXECUTE|[EXTERNAL]
14:24:27.425 (427441111)|ENTERING_MANAGED_PKG|java__util
14:24:27.425 (427458490)|HEAP_ALLOCATE|[4279]|Bytes:4
14:24:27.425 (427479034)|ENTERING_MANAGED_PKG|java__util
14:24:27.425 (427493647)|ENTERING_MANAGED_PKG|java__util
14:24:27.425 (427507614)|ENTERING_MANAGED_PKG|java__util
14:24:27.425 (427521402)|ENTERING_MANAGED_PKG|java__util
14:24:27.425 (427561615)|HEAP_ALLOCATE|[4397]|Bytes:8
14:24:27.425 (427580089)|ENTERING_MANAGED_PKG|java__util
14:24:27.425 (427596102)|ENTERING_MANAGED_PKG|java__util
14:24:27.425 (427608455)|ENTERING_MANAGED_PKG|java__util
14:24:27.425 (427619390)|ENTERING_MANAGED_PKG|java__util
14:24:27.425 (427667578)|HEAP_ALLOCATE|[4498]|Bytes:12
14:24:27.425 (427686492)|ENTERING_MANAGED_PKG|java__util
14:24:27.425 (427701885)|ENTERING_MANAGED_PKG|java__util
14:24:27.425 (427716763)|ENTERING_MANAGED_PKG|java__util
14:24:27.425 (427745649)|SYSTEM_METHOD_EXIT|[EXTERNAL]|Collections
14:24:27.425 (427760405)|ENTERING_MANAGED_PKG|java__util
14:24:27.425 (427788811)|HEAP_ALLOCATE|[1287]|Bytes:12
14:24:27.425 (427806969)|ENTERING_MANAGED_PKG|java__util
14:24:27.425 (427824907)|ENTERING_MANAGED_PKG|java__util
14:24:27.425 (427843405)|ENTERING_MANAGED_PKG|java__util
14:24:27.425 (427918758)|HEAP_ALLOCATE|[783]|Bytes:19
14:24:27.425 (427927820)|HEAP_ALLOCATE|[783]|Bytes:16
14:24:27.425 (427933637)|HEAP_ALLOCATE|[783]|Bytes:19
14:24:27.425 (427946266)|HEAP_ALLOCATE|[783]|Bytes:19
14:24:27.425 (427952313)|HEAP_ALLOCATE|[783]|Bytes:16
14:24:27.425 (427957043)|HEAP_ALLOCATE|[783]|Bytes:19
14:24:27.425 (427965161)|HEAP_ALLOCATE|[783]|Bytes:19
14:24:27.425 (427970216)|HEAP_ALLOCATE|[783]|Bytes:6
14:24:27.425 (427974996)|HEAP_ALLOCATE|[783]|Bytes:19
14:24:27.425 (427982160)|HEAP_ALLOCATE|[783]|Bytes:19
14:24:27.425 (427987539)|HEAP_ALLOCATE|[783]|Bytes:6
14:24:27.425 (427992213)|HEAP_ALLOCATE|[783]|Bytes:19
14:24:27.425 (427999683)|HEAP_ALLOCATE|[783]|Bytes:24
14:24:27.425 (428004547)|HEAP_ALLOCATE|[783]|Bytes:6
14:24:27.425 (428009698)|HEAP_ALLOCATE|[783]|Bytes:24
14:24:27.425 (428017488)|HEAP_ALLOCATE|[783]|Bytes:22
14:24:27.425 (428022981)|HEAP_ALLOCATE|[783]|Bytes:6
14:24:27.425 (428028041)|HEAP_ALLOCATE|[783]|Bytes:22
14:24:27.425 (428037250)|HEAP_ALLOCATE|[783]|Bytes:18
14:24:27.425 (428042099)|HEAP_ALLOCATE|[783]|Bytes:6
14:24:27.425 (428046905)|HEAP_ALLOCATE|[783]|Bytes:18
14:24:27.425 (428054137)|HEAP_ALLOCATE|[783]|Bytes:22
14:24:27.425 (428058976)|HEAP_ALLOCATE|[783]|Bytes:46
14:24:27.425 (428062981)|HEAP_ALLOCATE|[783]|Bytes:22
14:24:27.425 (428092630)|STATEMENT_EXECUTE|[32]
14:24:27.425 (428101673)|HEAP_ALLOCATE|[EXTERNAL]|Bytes:5
14:24:27.425 (428118602)|CONSTRUCTOR_EXIT|[40]|01pm0000000YfaC|<init>(String)|ffhttp_SystemException
14:24:27.425 (428146033)|EXCEPTION_THROWN|[40]|ffhttp_SystemException: ContentType cannot be null
14:24:27.425 (428160815)|SYSTEM_MODE_EXIT|false
14:24:27.425 (428177896)|EXCEPTION_THROWN|[43]|ffhttp_SystemException: ContentType cannot be null
14:24:27.425 (428195187)|CONSTRUCTOR_EXIT|[72]|01pm0000000YfZt|<init>(Blob,String)|ffhttp_BlobContent
14:24:27.425 (428229515)|VARIABLE_SCOPE_BEGIN|[76]|ex|ffhttp_SystemException|true|false
14:24:27.425 (428290022)|VARIABLE_ASSIGNMENT|[76]|ex|"common.apex.runtime.impl.ExecutionException: ContentType cannot be null"|0x1afff46c
14:24:27.425 (428302109)|STATEMENT_EXECUTE|[76]
14:24:27.425 (428304820)|STATEMENT_EXECUTE|[78]
14:24:27.425 (428344025)|HEAP_ALLOCATE|[78]|Bytes:26
14:24:27.428 (428412887)|CUMULATIVE_LIMIT_USAGE
14:24:27.428 (428412887)|LIMIT_USAGE_FOR_NS|(default)|
  Number of SOQL queries: 0 out of 100
  Number of query rows: 0 out of 50000
  Number of SOSL queries: 0 out of 20
  Number of DML statements: 0 out of 150
  Number of DML rows: 0 out of 10000
  Maximum CPU time: 0 out of 10000
  Maximum heap size: 0 out of 6000000
  Number of callouts: 0 out of 100
  Number of Email Invocations: 0 out of 10
  Number of future calls: 0 out of 50
  Number of queueable jobs added to the queue: 0 out of 50
  Number of Mobile Apex push calls: 0 out of 10

14:24:27.428 (428412887)|CUMULATIVE_LIMIT_USAGE_END

14:24:27.425 (428452166)|CODE_UNIT_FINISHED|ffhttp_BlobContentTest.constructor_throwsException_forNullContentType()
14:24:27.425 (429791652)|EXECUTION_FINISHED
