44.0 APEX_CODE,FINEST;APEX_PROFILING,INFO;CALLOUT,INFO;DB,INFO;NBA,INFO;SYSTEM,DEBUG;VALIDATION,INFO;VISUALFORCE,INFO;WAVE,INFO;WORKFLOW,INFO
15:32:05.0 (330949)|EXECUTION_STARTED
15:32:05.0 (355126)|CODE_UNIT_STARTED|[EXTERNAL]|VisualForce View State
15:32:05.0 (5279218)|HEAP_ALLOCATE|[72]|Bytes:3
15:32:05.0 (5341023)|HEAP_ALLOCATE|[77]|Bytes:152
15:32:05.0 (5357787)|HEAP_ALLOCATE|[342]|Bytes:408
15:32:05.0 (5371408)|HEAP_ALLOCATE|[355]|Bytes:408
15:32:05.0 (5382529)|HEAP_ALLOCATE|[467]|Bytes:48
15:32:05.0 (5410070)|HEAP_ALLOCATE|[139]|Bytes:6
15:32:05.0 (5439421)|HEAP_ALLOCATE|[50]|Bytes:5
15:32:05.0 (5462578)|HEAP_ALLOCATE|[56]|Bytes:5
15:32:05.0 (5470206)|HEAP_ALLOCATE|[64]|Bytes:7
15:32:05.0 (10024273)|CODE_UNIT_FINISHED|VisualForce View State
15:32:05.0 (10986147)|EXECUTION_FINISHED
15:32:05.12 (12234959)|SYSTEM_MODE_ENTER|true
15:32:05.12 (12269554)|HEAP_ALLOCATE|[EXTERNAL]|Bytes:400
15:32:05.12 (12281041)|HEAP_ALLOCATE|[EXTERNAL]|Bytes:235
15:32:05.54 (54545069)|CUMULATIVE_LIMIT_USAGE
15:32:05.54 (54545069)|LIMIT_USAGE_FOR_NS|(default)|
  Number of SOQL queries: 0 out of 100
  Number of query rows: 0 out of 50000
  Number of SOSL queries: 0 out of 20
  Number of DML statements: 0 out of 150
  Number of DML rows: 0 out of 10000
  Maximum CPU time: 0 out of 10000
  Maximum heap size: 0 out of 6000000
  Number of callouts: 0 out of 100
  Number of Email Invocations: 0 out of 10
  Number of future calls: 0 out of 50
  Number of queueable jobs added to the queue: 0 out of 50
  Number of Mobile Apex push calls: 0 out of 10

15:32:05.54 (54545069)|CUMULATIVE_LIMIT_USAGE_END

