44.0 APEX_CODE,FINEST;APEX_PROFILING,INFO;CALLOUT,INFO;DB,INFO;NBA,INFO;SYSTEM,DEBUG;VALIDATION,INFO;VISUALFORCE,INFO;WAVE,INFO;WORKFLOW,INFO
09:19:50.0 (328759)|EXECUTION_STARTED
09:19:50.0 (351683)|CODE_UNIT_STARTED|[EXTERNAL]|VisualForce View State
09:19:50.0 (4987233)|HEAP_ALLOCATE|[72]|Bytes:3
09:19:50.0 (5048288)|HEAP_ALLOCATE|[77]|Bytes:152
09:19:50.0 (5065235)|HEAP_ALLOCATE|[342]|Bytes:408
09:19:50.0 (5078559)|HEAP_ALLOCATE|[355]|Bytes:408
09:19:50.0 (5089947)|HEAP_ALLOCATE|[467]|Bytes:48
09:19:50.0 (5139442)|HEAP_ALLOCATE|[139]|Bytes:6
09:19:50.0 (5175403)|HEAP_ALLOCATE|[50]|Bytes:5
09:19:50.0 (5206082)|HEAP_ALLOCATE|[56]|Bytes:5
09:19:50.0 (5216922)|HEAP_ALLOCATE|[64]|Bytes:7
09:19:50.0 (10590685)|CODE_UNIT_FINISHED|VisualForce View State
09:19:50.0 (11554051)|EXECUTION_FINISHED
09:19:50.12 (12871449)|SYSTEM_MODE_ENTER|true
09:19:50.12 (12910065)|HEAP_ALLOCATE|[EXTERNAL]|Bytes:400
09:19:50.12 (12920633)|HEAP_ALLOCATE|[EXTERNAL]|Bytes:235
09:19:50.60 (60588803)|CUMULATIVE_LIMIT_USAGE
09:19:50.60 (60588803)|LIMIT_USAGE_FOR_NS|(default)|
  Number of SOQL queries: 0 out of 100
  Number of query rows: 0 out of 50000
  Number of SOSL queries: 0 out of 20
  Number of DML statements: 0 out of 150
  Number of DML rows: 0 out of 10000
  Maximum CPU time: 0 out of 10000
  Maximum heap size: 0 out of 6000000
  Number of callouts: 0 out of 100
  Number of Email Invocations: 0 out of 10
  Number of future calls: 0 out of 50
  Number of queueable jobs added to the queue: 0 out of 50
  Number of Mobile Apex push calls: 0 out of 10

09:19:50.60 (60588803)|CUMULATIVE_LIMIT_USAGE_END

