36.0 APEX_CODE,FINEST;APEX_PROFILING,INFO;CALLOUT,INFO;DB,INFO;NBA,INFO;SYSTEM,DEBUG;VALIDATION,INFO;VISUALFORCE,INFO;WAVE,INFO;WORKFLOW,INFO
13:37:25.0 (77399)|USER_INFO|[EXTERNAL]|00518000002hPQO|matthew.billups@matsonmoney.com.mbill|Mountain Standard Time|GMT-07:00
13:37:25.0 (110803)|EXECUTION_STARTED
13:37:25.0 (115324)|CODE_UNIT_STARTED|[EXTERNAL]|066180000001Aq4|VF: /apex/DeepCloneMatsonEventFlowRedirect
13:37:25.0 (230667)|VF_DESERIALIZE_VIEWSTATE_BEGIN|066180000001Aq4
13:37:25.0 (6644598)|VF_DESERIALIZE_VIEWSTATE_END
13:37:25.14 (14432110)|CUMULATIVE_LIMIT_USAGE
13:37:25.14 (14432110)|LIMIT_USAGE_FOR_NS|(default)|
  Number of SOQL queries: 0 out of 100
  Number of query rows: 0 out of 50000
  Number of SOSL queries: 0 out of 20
  Number of DML statements: 0 out of 150
  Number of DML rows: 0 out of 10000
  Maximum CPU time: 0 out of 10000
  Maximum heap size: 0 out of 6000000
  Number of callouts: 0 out of 100
  Number of Email Invocations: 0 out of 10
  Number of future calls: 0 out of 50
  Number of queueable jobs added to the queue: 0 out of 50
  Number of Mobile Apex push calls: 0 out of 10

13:37:25.14 (14432110)|CUMULATIVE_LIMIT_USAGE_END

13:37:25.0 (14463763)|CODE_UNIT_FINISHED|VF: /apex/DeepCloneMatsonEventFlowRedirect
13:37:25.0 (15369887)|EXECUTION_FINISHED
