44.0 APEX_CODE,FINEST;APEX_PROFILING,INFO;CALLOUT,INFO;DB,INFO;NBA,INFO;SYSTEM,DEBUG;VALIDATION,INFO;VISUALFORCE,INFO;WAVE,INFO;WORKFLOW,INFO
16:32:42.0 (90506)|EXECUTION_STARTED
16:32:42.0 (113130)|CODE_UNIT_STARTED|[EXTERNAL]|VisualForce View State
16:32:42.0 (4910115)|HEAP_ALLOCATE|[72]|Bytes:3
16:32:42.0 (4980780)|HEAP_ALLOCATE|[77]|Bytes:152
16:32:42.0 (4999251)|HEAP_ALLOCATE|[342]|Bytes:408
16:32:42.0 (5016433)|HEAP_ALLOCATE|[355]|Bytes:408
16:32:42.0 (5028458)|HEAP_ALLOCATE|[467]|Bytes:48
16:32:42.0 (5057334)|HEAP_ALLOCATE|[139]|Bytes:6
16:32:42.0 (5089495)|HEAP_ALLOCATE|[50]|Bytes:5
16:32:42.0 (5114500)|HEAP_ALLOCATE|[56]|Bytes:5
16:32:42.0 (5125691)|HEAP_ALLOCATE|[64]|Bytes:7
16:32:42.0 (9644505)|CODE_UNIT_FINISHED|VisualForce View State
16:32:42.0 (10818479)|EXECUTION_FINISHED
16:32:42.12 (12243341)|SYSTEM_MODE_ENTER|true
16:32:42.12 (12285477)|HEAP_ALLOCATE|[EXTERNAL]|Bytes:400
16:32:42.12 (12300130)|HEAP_ALLOCATE|[EXTERNAL]|Bytes:235
16:32:42.57 (57297670)|CUMULATIVE_LIMIT_USAGE
16:32:42.57 (57297670)|LIMIT_USAGE_FOR_NS|(default)|
  Number of SOQL queries: 0 out of 100
  Number of query rows: 0 out of 50000
  Number of SOSL queries: 0 out of 20
  Number of DML statements: 0 out of 150
  Number of DML rows: 0 out of 10000
  Maximum CPU time: 0 out of 10000
  Maximum heap size: 0 out of 6000000
  Number of callouts: 0 out of 100
  Number of Email Invocations: 0 out of 10
  Number of future calls: 0 out of 50
  Number of queueable jobs added to the queue: 0 out of 50
  Number of Mobile Apex push calls: 0 out of 10

16:32:42.57 (57297670)|CUMULATIVE_LIMIT_USAGE_END

