36.0 APEX_CODE,FINEST;APEX_PROFILING,INFO;CALLOUT,INFO;DB,INFO;NBA,INFO;SYSTEM,DEBUG;VALIDATION,INFO;VISUALFORCE,INFO;WAVE,INFO;WORKFLOW,INFO
12:58:45.0 (324295)|USER_INFO|[EXTERNAL]|00518000002hPQO|matthew.billups@matsonmoney.com.mbill|Mountain Standard Time|GMT-07:00
12:58:45.0 (359349)|EXECUTION_STARTED
12:58:45.0 (364003)|CODE_UNIT_STARTED|[EXTERNAL]|066180000001Aq4|VF: /apex/DeepCloneMatsonEventFlowRedirect
12:58:45.11 (11207638)|FLOW_CREATE_INTERVIEW_BEGIN||30036000000U6ba|301180000002xBg
12:58:45.11 (11583171)|FLOW_CREATE_INTERVIEW_END|90660404d2d0c31f382a6678379b1661226f731-287f|Deep Clone Matson Event
12:58:45.11 (11688377)|FLOW_START_INTERVIEW_BEGIN|90660404d2d0c31f382a6678379b1661226f731-287f|Deep Clone Matson Event
12:58:45.11 (108418459)|FLOW_ELEMENT_ERROR|The flow couldn't find the EventRecordTypeObject resource.|FlowDecision|Primary_or_Secondary_Record_Type
12:58:45.11 (108458287)|FLOW_START_INTERVIEW_END|90660404d2d0c31f382a6678379b1661226f731-287f|Deep Clone Matson Event
12:58:45.0 (115454027)|VF_SERIALIZE_VIEWSTATE_BEGIN|066180000001Aq4
12:58:45.0 (118273494)|VF_SERIALIZE_VIEWSTATE_END
12:58:45.120 (120742833)|CUMULATIVE_LIMIT_USAGE
12:58:45.120 (120742833)|LIMIT_USAGE_FOR_NS|(default)|
  Number of SOQL queries: 2 out of 100
  Number of query rows: 0 out of 50000
  Number of SOSL queries: 0 out of 20
  Number of DML statements: 0 out of 150
  Number of DML rows: 0 out of 10000
  Maximum CPU time: 0 out of 10000
  Maximum heap size: 0 out of 6000000
  Number of callouts: 0 out of 100
  Number of Email Invocations: 0 out of 10
  Number of future calls: 0 out of 50
  Number of queueable jobs added to the queue: 0 out of 50
  Number of Mobile Apex push calls: 0 out of 10

12:58:45.120 (120742833)|CUMULATIVE_LIMIT_USAGE_END

12:58:45.0 (120779056)|CODE_UNIT_FINISHED|VF: /apex/DeepCloneMatsonEventFlowRedirect
12:58:45.0 (121701621)|EXECUTION_FINISHED
