44.0 APEX_CODE,FINEST;APEX_PROFILING,INFO;CALLOUT,INFO;DB,INFO;NBA,INFO;SYSTEM,DEBUG;VALIDATION,INFO;VISUALFORCE,INFO;WAVE,INFO;WORKFLOW,INFO
09:21:00.0 (311149)|EXECUTION_STARTED
09:21:00.0 (334998)|CODE_UNIT_STARTED|[EXTERNAL]|VisualForce View State
09:21:00.0 (4524563)|HEAP_ALLOCATE|[72]|Bytes:3
09:21:00.0 (4582436)|HEAP_ALLOCATE|[77]|Bytes:152
09:21:00.0 (4598496)|HEAP_ALLOCATE|[342]|Bytes:408
09:21:00.0 (4613497)|HEAP_ALLOCATE|[355]|Bytes:408
09:21:00.0 (4624434)|HEAP_ALLOCATE|[467]|Bytes:48
09:21:00.0 (4650553)|HEAP_ALLOCATE|[139]|Bytes:6
09:21:00.0 (4676488)|HEAP_ALLOCATE|[50]|Bytes:5
09:21:00.0 (4698239)|HEAP_ALLOCATE|[56]|Bytes:5
09:21:00.0 (4705478)|HEAP_ALLOCATE|[64]|Bytes:7
09:21:00.0 (8363779)|CODE_UNIT_FINISHED|VisualForce View State
09:21:00.0 (9344683)|EXECUTION_FINISHED
09:21:00.10 (10633964)|SYSTEM_MODE_ENTER|true
09:21:00.10 (10673259)|HEAP_ALLOCATE|[EXTERNAL]|Bytes:400
09:21:00.10 (10686776)|HEAP_ALLOCATE|[EXTERNAL]|Bytes:235
09:21:00.57 (57945540)|CUMULATIVE_LIMIT_USAGE
09:21:00.57 (57945540)|LIMIT_USAGE_FOR_NS|(default)|
  Number of SOQL queries: 0 out of 100
  Number of query rows: 0 out of 50000
  Number of SOSL queries: 0 out of 20
  Number of DML statements: 0 out of 150
  Number of DML rows: 0 out of 10000
  Maximum CPU time: 0 out of 10000
  Maximum heap size: 0 out of 6000000
  Number of callouts: 0 out of 100
  Number of Email Invocations: 0 out of 10
  Number of future calls: 0 out of 50
  Number of queueable jobs added to the queue: 0 out of 50
  Number of Mobile Apex push calls: 0 out of 10

09:21:00.57 (57945540)|CUMULATIVE_LIMIT_USAGE_END

