36.0 APEX_CODE,FINEST;APEX_PROFILING,INFO;CALLOUT,INFO;DB,INFO;NBA,INFO;SYSTEM,DEBUG;VALIDATION,INFO;VISUALFORCE,INFO;WAVE,INFO;WORKFLOW,INFO
11:02:33.0 (313676)|USER_INFO|[EXTERNAL]|00536000002xDc2|jessica.doyal@matsonmoney.com.mbill|Eastern Standard Time|GMT-04:00
11:02:33.0 (346527)|EXECUTION_STARTED
11:02:33.0 (351642)|CODE_UNIT_STARTED|[EXTERNAL]|066180000001Aq4|VF: /apex/DeepCloneMatsonEventFlowRedirect
11:02:33.10 (10659729)|FLOW_CREATE_INTERVIEW_BEGIN||30036000000U6ba|301180000002y5K
11:02:33.10 (10726231)|FLOW_CREATE_INTERVIEW_END|9055d2c6690daaa5f81a2ac0ad291663a5c07a-3b32|Deep Clone Matson Event
11:02:33.10 (10821642)|FLOW_START_INTERVIEW_BEGIN|9055d2c6690daaa5f81a2ac0ad291663a5c07a-3b32|Deep Clone Matson Event
11:02:33.10 (114299487)|FLOW_START_INTERVIEW_END|9055d2c6690daaa5f81a2ac0ad291663a5c07a-3b32|Deep Clone Matson Event
11:02:33.0 (125512180)|VF_SERIALIZE_VIEWSTATE_BEGIN|066180000001Aq4
11:02:33.0 (128782399)|VF_SERIALIZE_VIEWSTATE_END
11:02:33.148 (148404282)|CUMULATIVE_LIMIT_USAGE
11:02:33.148 (148404282)|LIMIT_USAGE_FOR_NS|(default)|
  Number of SOQL queries: 2 out of 100
  Number of query rows: 2 out of 50000
  Number of SOSL queries: 0 out of 20
  Number of DML statements: 0 out of 150
  Number of DML rows: 0 out of 10000
  Maximum CPU time: 0 out of 10000
  Maximum heap size: 0 out of 6000000
  Number of callouts: 0 out of 100
  Number of Email Invocations: 0 out of 10
  Number of future calls: 0 out of 50
  Number of queueable jobs added to the queue: 0 out of 50
  Number of Mobile Apex push calls: 0 out of 10

11:02:33.148 (148404282)|CUMULATIVE_LIMIT_USAGE_END

11:02:33.0 (148452951)|CODE_UNIT_FINISHED|VF: /apex/DeepCloneMatsonEventFlowRedirect
11:02:33.0 (149350694)|EXECUTION_FINISHED
