44.0 APEX_CODE,FINEST;APEX_PROFILING,INFO;CALLOUT,INFO;DB,INFO;NBA,INFO;SYSTEM,DEBUG;VALIDATION,INFO;VISUALFORCE,INFO;WAVE,INFO;WORKFLOW,INFO
13:13:47.0 (400919)|EXECUTION_STARTED
13:13:47.0 (427057)|CODE_UNIT_STARTED|[EXTERNAL]|VisualForce View State
13:13:47.0 (6198599)|HEAP_ALLOCATE|[72]|Bytes:3
13:13:47.0 (6285421)|HEAP_ALLOCATE|[77]|Bytes:152
13:13:47.0 (6304920)|HEAP_ALLOCATE|[342]|Bytes:408
13:13:47.0 (6318927)|HEAP_ALLOCATE|[355]|Bytes:408
13:13:47.0 (6330244)|HEAP_ALLOCATE|[467]|Bytes:48
13:13:47.0 (6364624)|HEAP_ALLOCATE|[139]|Bytes:6
13:13:47.0 (6412789)|HEAP_ALLOCATE|[50]|Bytes:5
13:13:47.0 (6451885)|HEAP_ALLOCATE|[56]|Bytes:5
13:13:47.0 (6469421)|HEAP_ALLOCATE|[64]|Bytes:7
13:13:47.0 (11518015)|CODE_UNIT_FINISHED|VisualForce View State
13:13:47.0 (12549663)|EXECUTION_FINISHED
13:13:47.13 (13962153)|SYSTEM_MODE_ENTER|true
13:13:47.13 (14010245)|HEAP_ALLOCATE|[EXTERNAL]|Bytes:400
13:13:47.13 (14024534)|HEAP_ALLOCATE|[EXTERNAL]|Bytes:235
13:13:47.80 (80331236)|CUMULATIVE_LIMIT_USAGE
13:13:47.80 (80331236)|LIMIT_USAGE_FOR_NS|(default)|
  Number of SOQL queries: 0 out of 100
  Number of query rows: 0 out of 50000
  Number of SOSL queries: 0 out of 20
  Number of DML statements: 0 out of 150
  Number of DML rows: 0 out of 10000
  Maximum CPU time: 0 out of 10000
  Maximum heap size: 0 out of 6000000
  Number of callouts: 0 out of 100
  Number of Email Invocations: 0 out of 10
  Number of future calls: 0 out of 50
  Number of queueable jobs added to the queue: 0 out of 50
  Number of Mobile Apex push calls: 0 out of 10

13:13:47.80 (80331236)|CUMULATIVE_LIMIT_USAGE_END

