44.0 APEX_CODE,FINEST;APEX_PROFILING,INFO;CALLOUT,INFO;DB,INFO;NBA,INFO;SYSTEM,DEBUG;VALIDATION,INFO;VISUALFORCE,INFO;WAVE,INFO;WORKFLOW,INFO
12:45:06.0 (326442)|EXECUTION_STARTED
12:45:06.0 (351127)|CODE_UNIT_STARTED|[EXTERNAL]|VisualForce View State
12:45:06.0 (5495399)|HEAP_ALLOCATE|[72]|Bytes:3
12:45:06.0 (5564481)|HEAP_ALLOCATE|[77]|Bytes:152
12:45:06.0 (5578548)|HEAP_ALLOCATE|[342]|Bytes:408
12:45:06.0 (5591010)|HEAP_ALLOCATE|[355]|Bytes:408
12:45:06.0 (5601841)|HEAP_ALLOCATE|[467]|Bytes:48
12:45:06.0 (5630100)|HEAP_ALLOCATE|[139]|Bytes:6
12:45:06.0 (5655504)|HEAP_ALLOCATE|[50]|Bytes:5
12:45:06.0 (5677163)|HEAP_ALLOCATE|[56]|Bytes:5
12:45:06.0 (5684677)|HEAP_ALLOCATE|[64]|Bytes:7
12:45:06.0 (9950521)|CODE_UNIT_FINISHED|VisualForce View State
12:45:06.0 (10983280)|EXECUTION_FINISHED
12:45:06.12 (12345266)|SYSTEM_MODE_ENTER|true
12:45:06.12 (12395805)|HEAP_ALLOCATE|[EXTERNAL]|Bytes:400
12:45:06.12 (12414240)|HEAP_ALLOCATE|[EXTERNAL]|Bytes:235
12:45:06.65 (65668000)|CUMULATIVE_LIMIT_USAGE
12:45:06.65 (65668000)|LIMIT_USAGE_FOR_NS|(default)|
  Number of SOQL queries: 0 out of 100
  Number of query rows: 0 out of 50000
  Number of SOSL queries: 0 out of 20
  Number of DML statements: 0 out of 150
  Number of DML rows: 0 out of 10000
  Maximum CPU time: 0 out of 10000
  Maximum heap size: 0 out of 6000000
  Number of callouts: 0 out of 100
  Number of Email Invocations: 0 out of 10
  Number of future calls: 0 out of 50
  Number of queueable jobs added to the queue: 0 out of 50
  Number of Mobile Apex push calls: 0 out of 10

12:45:06.65 (65668000)|CUMULATIVE_LIMIT_USAGE_END

