36.0 APEX_CODE,FINEST;APEX_PROFILING,INFO;CALLOUT,INFO;DB,INFO;NBA,INFO;SYSTEM,DEBUG;VALIDATION,INFO;VISUALFORCE,INFO;WAVE,INFO;WORKFLOW,INFO
13:37:04.0 (353751)|USER_INFO|[EXTERNAL]|00518000002hPQO|matthew.billups@matsonmoney.com.mbill|Mountain Standard Time|GMT-07:00
13:37:04.0 (384535)|EXECUTION_STARTED
13:37:04.0 (389108)|CODE_UNIT_STARTED|[EXTERNAL]|066180000001Aq4|VF: /apex/DeepCloneMatsonEventFlowRedirect
13:37:04.13 (13609875)|FLOW_CREATE_INTERVIEW_BEGIN||30036000000U6ba|301180000002xBM
13:37:04.13 (13674859)|FLOW_CREATE_INTERVIEW_END|3315ef2c05130c826c9c626e9b211661245043c-2fc8|Deep Clone Matson Event
13:37:04.13 (13774880)|FLOW_START_INTERVIEW_BEGIN|3315ef2c05130c826c9c626e9b211661245043c-2fc8|Deep Clone Matson Event
13:37:04.13 (170867611)|FLOW_START_INTERVIEW_END|3315ef2c05130c826c9c626e9b211661245043c-2fc8|Deep Clone Matson Event
13:37:04.0 (223898144)|VF_SERIALIZE_VIEWSTATE_BEGIN|066180000001Aq4
13:37:04.0 (227191873)|VF_SERIALIZE_VIEWSTATE_END
13:37:04.229 (229597267)|CUMULATIVE_LIMIT_USAGE
13:37:04.229 (229597267)|LIMIT_USAGE_FOR_NS|(default)|
  Number of SOQL queries: 7 out of 100
  Number of query rows: 507 out of 50000
  Number of SOSL queries: 0 out of 20
  Number of DML statements: 0 out of 150
  Number of DML rows: 0 out of 10000
  Maximum CPU time: 0 out of 10000
  Maximum heap size: 0 out of 6000000
  Number of callouts: 0 out of 100
  Number of Email Invocations: 0 out of 10
  Number of future calls: 0 out of 50
  Number of queueable jobs added to the queue: 0 out of 50
  Number of Mobile Apex push calls: 0 out of 10

13:37:04.229 (229597267)|CUMULATIVE_LIMIT_USAGE_END

13:37:04.0 (229635384)|CODE_UNIT_FINISHED|VF: /apex/DeepCloneMatsonEventFlowRedirect
13:37:04.0 (230511686)|EXECUTION_FINISHED
