36.0 APEX_CODE,FINEST;APEX_PROFILING,INFO;CALLOUT,INFO;DB,INFO;NBA,INFO;SYSTEM,DEBUG;VALIDATION,INFO;VISUALFORCE,INFO;WAVE,INFO;WORKFLOW,INFO
13:36:42.0 (431930)|USER_INFO|[EXTERNAL]|00518000002hPQO|matthew.billups@matsonmoney.com.mbill|Mountain Standard Time|GMT-07:00
13:36:42.0 (468958)|EXECUTION_STARTED
13:36:42.0 (473801)|CODE_UNIT_STARTED|[EXTERNAL]|066180000001Aq4|VF: /apex/DeepCloneMatsonEventFlowRedirect
13:36:42.0 (1054799)|VF_DESERIALIZE_VIEWSTATE_BEGIN|066180000001Aq4
13:36:42.0 (7906827)|VF_DESERIALIZE_VIEWSTATE_END
13:36:42.0 (101418284)|VF_SERIALIZE_VIEWSTATE_BEGIN|066180000001Aq4
13:36:42.0 (104706558)|VF_SERIALIZE_VIEWSTATE_END
13:36:42.107 (107609818)|CUMULATIVE_LIMIT_USAGE
13:36:42.107 (107609818)|LIMIT_USAGE_FOR_NS|(default)|
  Number of SOQL queries: 2 out of 100
  Number of query rows: 252 out of 50000
  Number of SOSL queries: 0 out of 20
  Number of DML statements: 0 out of 150
  Number of DML rows: 0 out of 10000
  Maximum CPU time: 0 out of 10000
  Maximum heap size: 0 out of 6000000
  Number of callouts: 0 out of 100
  Number of Email Invocations: 0 out of 10
  Number of future calls: 0 out of 50
  Number of queueable jobs added to the queue: 0 out of 50
  Number of Mobile Apex push calls: 0 out of 10

13:36:42.107 (107609818)|CUMULATIVE_LIMIT_USAGE_END

13:36:42.0 (107653032)|CODE_UNIT_FINISHED|VF: /apex/DeepCloneMatsonEventFlowRedirect
13:36:42.0 (108525640)|EXECUTION_FINISHED
