44.0 APEX_CODE,FINEST;APEX_PROFILING,INFO;CALLOUT,INFO;DB,INFO;NBA,INFO;SYSTEM,DEBUG;VALIDATION,INFO;VISUALFORCE,INFO;WAVE,INFO;WORKFLOW,INFO
16:43:41.0 (311178)|EXECUTION_STARTED
16:43:41.0 (331892)|CODE_UNIT_STARTED|[EXTERNAL]|VisualForce View State
16:43:41.0 (4954418)|HEAP_ALLOCATE|[72]|Bytes:3
16:43:41.0 (5011897)|HEAP_ALLOCATE|[77]|Bytes:152
16:43:41.0 (5028277)|HEAP_ALLOCATE|[342]|Bytes:408
16:43:41.0 (5040536)|HEAP_ALLOCATE|[355]|Bytes:408
16:43:41.0 (5050876)|HEAP_ALLOCATE|[467]|Bytes:48
16:43:41.0 (5077140)|HEAP_ALLOCATE|[139]|Bytes:6
16:43:41.0 (5104028)|HEAP_ALLOCATE|[50]|Bytes:5
16:43:41.0 (5127217)|HEAP_ALLOCATE|[56]|Bytes:5
16:43:41.0 (5135392)|HEAP_ALLOCATE|[64]|Bytes:7
16:43:41.0 (9034809)|CODE_UNIT_FINISHED|VisualForce View State
16:43:41.0 (9979481)|EXECUTION_FINISHED
16:43:41.11 (11180602)|SYSTEM_MODE_ENTER|true
16:43:41.11 (11213994)|HEAP_ALLOCATE|[EXTERNAL]|Bytes:400
16:43:41.11 (11223449)|HEAP_ALLOCATE|[EXTERNAL]|Bytes:235
16:43:41.51 (51066687)|CUMULATIVE_LIMIT_USAGE
16:43:41.51 (51066687)|LIMIT_USAGE_FOR_NS|(default)|
  Number of SOQL queries: 0 out of 100
  Number of query rows: 0 out of 50000
  Number of SOSL queries: 0 out of 20
  Number of DML statements: 0 out of 150
  Number of DML rows: 0 out of 10000
  Maximum CPU time: 0 out of 10000
  Maximum heap size: 0 out of 6000000
  Number of callouts: 0 out of 100
  Number of Email Invocations: 0 out of 10
  Number of future calls: 0 out of 50
  Number of queueable jobs added to the queue: 0 out of 50
  Number of Mobile Apex push calls: 0 out of 10

16:43:41.51 (51066687)|CUMULATIVE_LIMIT_USAGE_END

