41.0 APEX_CODE,FINEST;APEX_PROFILING,INFO;CALLOUT,INFO;DB,INFO;NBA,INFO;SYSTEM,DEBUG;VALIDATION,INFO;VISUALFORCE,INFO;WAVE,INFO;WORKFLOW,INFO
09:05:16.0 (323488)|USER_INFO|[EXTERNAL]|00536000002yNao|braden.fraley@matsonmoney.com.mbill|Eastern Standard Time|GMT-05:00
09:05:16.0 (357927)|EXECUTION_STARTED
09:05:16.0 (363661)|CODE_UNIT_STARTED|[EXTERNAL]|06636000006g5Bt|VF: /apex/Mass_Email_Event_Registrants
09:05:16.0 (2397116)|SYSTEM_MODE_ENTER|true
09:05:16.0 (2735200)|HEAP_ALLOCATE|[72]|Bytes:3
09:05:16.0 (2780155)|HEAP_ALLOCATE|[77]|Bytes:152
09:05:16.0 (2795490)|HEAP_ALLOCATE|[342]|Bytes:408
09:05:16.0 (2810606)|HEAP_ALLOCATE|[355]|Bytes:408
09:05:16.0 (2822866)|HEAP_ALLOCATE|[467]|Bytes:48
09:05:16.0 (2854851)|HEAP_ALLOCATE|[139]|Bytes:6
09:05:16.0 (2875599)|HEAP_ALLOCATE|[EXTERNAL]|Bytes:12
09:05:16.0 (2881235)|HEAP_ALLOCATE|[EXTERNAL]|Bytes:276
09:05:16.0 (2884979)|HEAP_ALLOCATE|[EXTERNAL]|Bytes:221
09:05:16.0 (2889079)|HEAP_ALLOCATE|[EXTERNAL]|Bytes:3
09:05:16.0 (2898026)|METHOD_ENTRY|[1]|01p3600000JWdh2|EventRegistrationExtController.EventRegistrationExtController()
09:05:16.0 (2907341)|STATEMENT_EXECUTE|[1]
09:05:16.0 (2913646)|STATEMENT_EXECUTE|[1]
09:05:16.0 (2938484)|HEAP_ALLOCATE|[50]|Bytes:5
09:05:16.0 (2961985)|HEAP_ALLOCATE|[56]|Bytes:5
09:05:16.0 (2969415)|HEAP_ALLOCATE|[64]|Bytes:7
09:05:16.0 (2983069)|SYSTEM_MODE_ENTER|false
09:05:16.0 (2997224)|HEAP_ALLOCATE|[EXTERNAL]|Bytes:5
09:05:16.0 (3002419)|STATEMENT_EXECUTE|[427]
09:05:16.0 (3007567)|SYSTEM_MODE_EXIT|false
09:05:16.0 (3014663)|METHOD_EXIT|[1]|EventRegistrationExtController
09:05:16.0 (12425049)|HEAP_ALLOCATE|[EXTERNAL]|Bytes:68
09:05:16.0 (12448020)|VARIABLE_SCOPE_BEGIN|[16]|this|EventRegistrationExtController|true|false
09:05:16.0 (12524573)|VARIABLE_ASSIGNMENT|[16]|this|{}|0x398189eb
09:05:16.0 (12532888)|VARIABLE_SCOPE_BEGIN|[16]|controller|ApexPages.StandardSetController|true|false
09:05:16.0 (12777585)|VARIABLE_ASSIGNMENT|[16]|controller|"core.apexpages.components.framework.controller.SetOrientedStandardControllerImpl@a76de4f"|0xa76de4f
09:05:16.0 (13121150)|SYSTEM_MODE_ENTER|false
09:05:16.0 (13132493)|HEAP_ALLOCATE|[12]|Bytes:5
09:05:16.0 (13140381)|STATEMENT_EXECUTE|[1]
09:05:16.0 (13144332)|HEAP_ALLOCATE|[12]|Bytes:5
09:05:16.0 (13147552)|STATEMENT_EXECUTE|[3]
09:05:16.0 (13149434)|STATEMENT_EXECUTE|[4]
09:05:16.0 (13151031)|STATEMENT_EXECUTE|[5]
09:05:16.0 (13155283)|STATEMENT_EXECUTE|[6]
09:05:16.0 (13157349)|STATEMENT_EXECUTE|[7]
09:05:16.0 (13158816)|STATEMENT_EXECUTE|[8]
09:05:16.0 (13160283)|STATEMENT_EXECUTE|[9]
09:05:16.0 (13161758)|STATEMENT_EXECUTE|[10]
09:05:16.0 (13163496)|STATEMENT_EXECUTE|[11]
09:05:16.0 (13164982)|STATEMENT_EXECUTE|[12]
09:05:16.0 (13170458)|HEAP_ALLOCATE|[12]|Bytes:5
09:05:16.0 (13185630)|VARIABLE_ASSIGNMENT|[12]|this.displayConfirm|true|0x398189eb
09:05:16.0 (13191817)|STATEMENT_EXECUTE|[14]
09:05:16.0 (13196096)|HEAP_ALLOCATE|[14]|Bytes:13
09:05:16.0 (13207502)|VARIABLE_ASSIGNMENT|[14]|this.TRANSACTIONAL_EMAIL_TEMPLATE_TYPE|"Transactional"|0x398189eb
09:05:16.0 (13213077)|STATEMENT_EXECUTE|[92]
09:05:16.0 (13214734)|STATEMENT_EXECUTE|[96]
09:05:16.0 (13216392)|STATEMENT_EXECUTE|[101]
09:05:16.0 (13218289)|STATEMENT_EXECUTE|[150]
09:05:16.0 (13219866)|STATEMENT_EXECUTE|[202]
09:05:16.0 (13230097)|HEAP_ALLOCATE|[14]|Bytes:6
09:05:16.0 (13269107)|STATEMENT_EXECUTE|[16]
09:05:16.0 (13271307)|STATEMENT_EXECUTE|[17]
09:05:16.0 (13339783)|VARIABLE_ASSIGNMENT|[17]|this.setController|"core.apexpages.components.framework.controller.SetOrientedStandardControllerImpl@a76de4f"|0x398189eb
09:05:16.0 (13383943)|HEAP_ALLOCATE|[18]|Bytes:70
09:05:16.0 (13394796)|SYSTEM_METHOD_ENTRY|[1]|Test.Test()
09:05:16.0 (13399753)|STATEMENT_EXECUTE|[1]
09:05:16.0 (13404901)|SYSTEM_METHOD_EXIT|[1]|Test
09:05:16.0 (13418662)|METHOD_ENTRY|[18]||System.Test.isRunningTest()
09:05:16.0 (13458305)|METHOD_EXIT|[18]||System.Test.isRunningTest()
09:05:16.0 (13467214)|STATEMENT_EXECUTE|[18]
09:05:16.0 (13485671)|HEAP_ALLOCATE|[18]|Bytes:4
09:05:16.0 (13506798)|HEAP_ALLOCATE|[18]|Bytes:10
09:05:16.0 (13518369)|HEAP_ALLOCATE|[18]|Bytes:50
09:05:16.0 (13522643)|HEAP_ALLOCATE|[18]|Bytes:26
09:05:16.0 (13527021)|HEAP_ALLOCATE|[19]|Bytes:8
09:05:16.0 (13531082)|HEAP_ALLOCATE|[19]|Bytes:17
09:05:16.0 (13535479)|HEAP_ALLOCATE|[19]|Bytes:20
09:05:16.0 (13539920)|HEAP_ALLOCATE|[19]|Bytes:19
09:05:16.0 (13543736)|HEAP_ALLOCATE|[19]|Bytes:16
09:05:16.0 (13587539)|HEAP_ALLOCATE|[EXTERNAL]|Bytes:36
09:05:16.0 (13772762)|STATEMENT_EXECUTE|[21]
09:05:16.0 (61520191)|SYSTEM_MODE_EXIT|false
09:05:16.0 (61631120)|SYSTEM_MODE_ENTER|true
09:05:16.0 (61702489)|HEAP_ALLOCATE|[EXTERNAL]|Bytes:68
09:05:16.0 (61718352)|VARIABLE_SCOPE_BEGIN|[105]|this|EventRegistrationExtController|true|false
09:05:16.0 (61899348)|VARIABLE_ASSIGNMENT|[105]|this|{"displayConfirm":true,"setController":"core.apexpages.components.framework.controller.SetOrientedStandardControllerImpl@a76de4f","TRANSACTIONAL_EMAIL_TEMPLATE_TYPE":"Transactional"}|0x398189eb
09:05:16.0 (61920931)|SYSTEM_MODE_ENTER|false
09:05:16.0 (61934155)|HEAP_ALLOCATE|[106]|Bytes:5
09:05:16.0 (61944560)|STATEMENT_EXECUTE|[105]
09:05:16.0 (61947119)|STATEMENT_EXECUTE|[106]
09:05:16.0 (61955492)|SYSTEM_MODE_EXIT|false
09:05:16.0 (62173475)|SYSTEM_MODE_ENTER|true
09:05:16.0 (62215088)|HEAP_ALLOCATE|[EXTERNAL]|Bytes:68
09:05:16.0 (62224301)|VARIABLE_SCOPE_BEGIN|[128]|this|EventRegistrationExtController|true|false
09:05:16.0 (62343615)|VARIABLE_ASSIGNMENT|[128]|this|{"displayConfirm":true,"setController":"core.apexpages.components.framework.controller.SetOrientedStandardControllerImpl@a76de4f","TRANSACTIONAL_EMAIL_TEMPLATE_TYPE":"Transactional"}|0x398189eb
09:05:16.0 (62359352)|SYSTEM_MODE_ENTER|false
09:05:16.0 (62366294)|HEAP_ALLOCATE|[129]|Bytes:5
09:05:16.0 (62372426)|STATEMENT_EXECUTE|[128]
09:05:16.0 (62374274)|STATEMENT_EXECUTE|[129]
09:05:16.0 (62379077)|SYSTEM_MODE_EXIT|false
09:05:16.0 (62475293)|SYSTEM_MODE_ENTER|true
09:05:16.0 (62512184)|HEAP_ALLOCATE|[EXTERNAL]|Bytes:68
09:05:16.0 (62520115)|VARIABLE_SCOPE_BEGIN|[141]|this|EventRegistrationExtController|true|false
09:05:16.0 (62635280)|VARIABLE_ASSIGNMENT|[141]|this|{"displayConfirm":true,"setController":"core.apexpages.components.framework.controller.SetOrientedStandardControllerImpl@a76de4f","TRANSACTIONAL_EMAIL_TEMPLATE_TYPE":"Transactional"}|0x398189eb
09:05:16.0 (62650249)|SYSTEM_MODE_ENTER|false
09:05:16.0 (62656988)|HEAP_ALLOCATE|[143]|Bytes:5
09:05:16.0 (62662731)|STATEMENT_EXECUTE|[141]
09:05:16.0 (62664800)|STATEMENT_EXECUTE|[143]
09:05:16.0 (62669420)|SYSTEM_MODE_EXIT|false
09:05:16.0 (62812229)|SYSTEM_MODE_ENTER|true
09:05:16.0 (68271657)|SYSTEM_MODE_ENTER|true
09:05:16.0 (68321778)|HEAP_ALLOCATE|[EXTERNAL]|Bytes:68
09:05:16.0 (68332035)|VARIABLE_SCOPE_BEGIN|[76]|this|EventRegistrationExtController|true|false
09:05:16.0 (68468786)|VARIABLE_ASSIGNMENT|[76]|this|{"displayConfirm":true,"setController":"core.apexpages.components.framework.controller.SetOrientedStandardControllerImpl@a76de4f","TRANSACTIONAL_EMAIL_TEMPLATE_TYPE":"Transactional"}|0x398189eb
09:05:16.0 (68486287)|SYSTEM_MODE_ENTER|false
09:05:16.0 (68494696)|HEAP_ALLOCATE|[78]|Bytes:5
09:05:16.0 (68501473)|STATEMENT_EXECUTE|[76]
09:05:16.0 (68503874)|STATEMENT_EXECUTE|[78]
09:05:16.0 (68527373)|HEAP_ALLOCATE|[78]|Bytes:4
09:05:16.0 (68571880)|VARIABLE_SCOPE_BEGIN|[78]|options|List<System.SelectOption>|true|false
09:05:16.0 (68606860)|HEAP_ALLOCATE|[EXTERNAL]|Bytes:4
09:05:16.0 (68618002)|VARIABLE_ASSIGNMENT|[78]|options|[]|0x4b606e7e
09:05:16.0 (68625222)|STATEMENT_EXECUTE|[80]
09:05:16.0 (68640303)|HEAP_ALLOCATE|[80]|Bytes:36
09:05:16.0 (68714353)|HEAP_ALLOCATE|[EXTERNAL]|Bytes:4
09:05:16.0 (68737856)|METHOD_ENTRY|[82]|01p3600000JWdh2|EventRegistrationExtController.orgWideEmailAddressSelector()
09:05:16.0 (83067657)|HEAP_ALLOCATE|[300]|Bytes:5
09:05:16.0 (83080122)|STATEMENT_EXECUTE|[299]
09:05:16.0 (83082410)|STATEMENT_EXECUTE|[300]
09:05:16.0 (112003424)|VARIABLE_SCOPE_BEGIN|[32]|Application.Domain|fflib_Application.DomainFactory|true|true
09:05:16.0 (112403160)|VARIABLE_SCOPE_BEGIN|[15]|Application.Selector|fflib_Application.SelectorFactory|true|true
09:05:16.0 (112583015)|VARIABLE_SCOPE_BEGIN|[4]|Application.Service|fflib_Application.ServiceFactory|true|true
09:05:16.0 (112728197)|VARIABLE_SCOPE_BEGIN|[45]|Application.UnitOfWork|fflib_Application.UnitOfWorkFactory|true|true
09:05:16.0 (112763038)|METHOD_ENTRY|[1]|01p3600000JWdgp|Application.Application()
09:05:16.0 (112772007)|STATEMENT_EXECUTE|[1]
09:05:16.0 (112777709)|STATEMENT_EXECUTE|[1]
09:05:16.0 (112779498)|STATEMENT_EXECUTE|[4]
09:05:16.0 (112786891)|HEAP_ALLOCATE|[5]|Bytes:11
09:05:16.0 (112879492)|HEAP_ALLOCATE|[5]|Bytes:12
09:05:16.0 (112895304)|HEAP_ALLOCATE|[6]|Bytes:4
09:05:16.0 (112927308)|HEAP_ALLOCATE|[7]|Bytes:21
09:05:16.0 (120050939)|HEAP_ALLOCATE|[7]|Bytes:27
09:05:16.0 (120079974)|SYSTEM_METHOD_ENTRY|[1]|Type.Type()
09:05:16.0 (120086405)|STATEMENT_EXECUTE|[1]
09:05:16.0 (120095665)|SYSTEM_METHOD_EXIT|[1]|Type
09:05:16.0 (120103684)|HEAP_ALLOCATE|[7]|Bytes:8
09:05:16.0 (120121256)|HEAP_ALLOCATE|[7]|Bytes:8
09:05:16.0 (120127609)|VARIABLE_SCOPE_BEGIN|[4]|this|System.Type|true|false
09:05:16.0 (120162941)|VARIABLE_ASSIGNMENT|[4]|this|{}|0x5e96a582
09:05:16.0 (120169888)|VARIABLE_SCOPE_BEGIN|[4]|apextype|java:common.apex.runtime.ApexObjectType|true|false
09:05:16.0 (120309397)|VARIABLE_ASSIGNMENT|[4]|apextype|"IEmailTemplateService"|0x5194ba43
09:05:16.0 (120354737)|HEAP_ALLOCATE|[7]|Bytes:8
09:05:16.0 (120362042)|HEAP_ALLOCATE|[7]|Bytes:20
09:05:16.0 (144153958)|HEAP_ALLOCATE|[7]|Bytes:8
09:05:16.0 (144168731)|HEAP_ALLOCATE|[7]|Bytes:8
09:05:16.0 (144175262)|VARIABLE_SCOPE_BEGIN|[4]|this|System.Type|true|false
09:05:16.0 (144202985)|VARIABLE_ASSIGNMENT|[4]|this|{}|0x31fc7bcb
09:05:16.0 (144209676)|VARIABLE_SCOPE_BEGIN|[4]|apextype|java:common.apex.runtime.ApexObjectType|true|false
09:05:16.0 (144321985)|VARIABLE_ASSIGNMENT|[4]|apextype|"EmailTemplateService"|0x4378520c
09:05:16.0 (144362555)|HEAP_ALLOCATE|[7]|Bytes:8
09:05:16.0 (144444227)|VARIABLE_ASSIGNMENT|[EXTERNAL]|this|{"aot":"0x5194ba43"}|0x5e96a582
09:05:16.0 (144572250)|HEAP_ALLOCATE|[8]|Bytes:17
09:05:16.0 (151033081)|HEAP_ALLOCATE|[8]|Bytes:8
09:05:16.0 (151045514)|HEAP_ALLOCATE|[8]|Bytes:8
09:05:16.0 (151050680)|VARIABLE_SCOPE_BEGIN|[4]|this|System.Type|true|false
09:05:16.0 (151071562)|VARIABLE_ASSIGNMENT|[4]|this|{}|0x35a97e23
09:05:16.0 (151077708)|VARIABLE_SCOPE_BEGIN|[4]|apextype|java:common.apex.runtime.ApexObjectType|true|false
09:05:16.0 (151153684)|VARIABLE_ASSIGNMENT|[4]|apextype|"IMassEmailService"|0x5cdbb522
09:05:16.0 (151186270)|HEAP_ALLOCATE|[8]|Bytes:8
09:05:16.0 (151193624)|HEAP_ALLOCATE|[8]|Bytes:16
09:05:16.0 (162410538)|HEAP_ALLOCATE|[8]|Bytes:8
09:05:16.0 (162423206)|HEAP_ALLOCATE|[8]|Bytes:8
09:05:16.0 (162428792)|VARIABLE_SCOPE_BEGIN|[4]|this|System.Type|true|false
09:05:16.0 (162449505)|VARIABLE_ASSIGNMENT|[4]|this|{}|0x4f19bb72
09:05:16.0 (162456155)|VARIABLE_SCOPE_BEGIN|[4]|apextype|java:common.apex.runtime.ApexObjectType|true|false
09:05:16.0 (162531410)|VARIABLE_ASSIGNMENT|[4]|apextype|"MassEmailService"|0x46c575e5
09:05:16.0 (162564330)|HEAP_ALLOCATE|[8]|Bytes:8
09:05:16.0 (162593979)|VARIABLE_ASSIGNMENT|[EXTERNAL]|this|{"aot":"0x5cdbb522"}|0x35a97e23
09:05:16.0 (162661339)|HEAP_ALLOCATE|[9]|Bytes:13
09:05:16.0 (183907605)|HEAP_ALLOCATE|[9]|Bytes:8
09:05:16.0 (183924910)|HEAP_ALLOCATE|[9]|Bytes:8
09:05:16.0 (183933450)|VARIABLE_SCOPE_BEGIN|[4]|this|System.Type|true|false
09:05:16.0 (183961718)|VARIABLE_ASSIGNMENT|[4]|this|{}|0x5985ebf4
09:05:16.0 (183970717)|VARIABLE_SCOPE_BEGIN|[4]|apextype|java:common.apex.runtime.ApexObjectType|true|false
09:05:16.0 (184057926)|VARIABLE_ASSIGNMENT|[4]|apextype|"IEmailService"|0x3f4c8128
09:05:16.0 (184095057)|HEAP_ALLOCATE|[9]|Bytes:8
09:05:16.0 (184103878)|HEAP_ALLOCATE|[9]|Bytes:12
09:05:16.0 (191869244)|HEAP_ALLOCATE|[9]|Bytes:8
09:05:16.0 (191881780)|HEAP_ALLOCATE|[9]|Bytes:8
09:05:16.0 (191887735)|VARIABLE_SCOPE_BEGIN|[4]|this|System.Type|true|false
09:05:16.0 (191909132)|VARIABLE_ASSIGNMENT|[4]|this|{}|0xe0c8ccc
09:05:16.0 (191915215)|VARIABLE_SCOPE_BEGIN|[4]|apextype|java:common.apex.runtime.ApexObjectType|true|false
09:05:16.0 (191994240)|VARIABLE_ASSIGNMENT|[4]|apextype|"EmailService"|0x20122bc0
09:05:16.0 (192029298)|HEAP_ALLOCATE|[9]|Bytes:8
09:05:16.0 (192065596)|VARIABLE_ASSIGNMENT|[EXTERNAL]|this|{"aot":"0x3f4c8128"}|0x5985ebf4
09:05:16.0 (192144899)|HEAP_ALLOCATE|[10]|Bytes:21
09:05:16.0 (198399101)|HEAP_ALLOCATE|[10]|Bytes:8
09:05:16.0 (198411743)|HEAP_ALLOCATE|[10]|Bytes:8
09:05:16.0 (198417595)|VARIABLE_SCOPE_BEGIN|[4]|this|System.Type|true|false
09:05:16.0 (198438676)|VARIABLE_ASSIGNMENT|[4]|this|{}|0x9beee18
09:05:16.0 (198445165)|VARIABLE_SCOPE_BEGIN|[4]|apextype|java:common.apex.runtime.ApexObjectType|true|false
09:05:16.0 (198521500)|VARIABLE_ASSIGNMENT|[4]|apextype|"IDataCleansingService"|0x294a56de
09:05:16.0 (198555265)|HEAP_ALLOCATE|[10]|Bytes:8
09:05:16.0 (198563477)|HEAP_ALLOCATE|[10]|Bytes:17
09:05:16.0 (205431791)|HEAP_ALLOCATE|[10]|Bytes:8
09:05:16.0 (205444092)|HEAP_ALLOCATE|[10]|Bytes:8
09:05:16.0 (205449616)|VARIABLE_SCOPE_BEGIN|[4]|this|System.Type|true|false
09:05:16.0 (205470036)|VARIABLE_ASSIGNMENT|[4]|this|{}|0x575e1e53
09:05:16.0 (205477323)|VARIABLE_SCOPE_BEGIN|[4]|apextype|java:common.apex.runtime.ApexObjectType|true|false
09:05:16.0 (205552903)|VARIABLE_ASSIGNMENT|[4]|apextype|"CleanseDataWorker"|0x665a7b17
09:05:16.0 (205585664)|HEAP_ALLOCATE|[10]|Bytes:8
09:05:16.0 (205617077)|VARIABLE_ASSIGNMENT|[EXTERNAL]|this|{"aot":"0x294a56de"}|0x9beee18
09:05:16.0 (205687014)|HEAP_ALLOCATE|[11]|Bytes:21
09:05:16.0 (211875597)|HEAP_ALLOCATE|[11]|Bytes:8
09:05:16.0 (211887856)|HEAP_ALLOCATE|[11]|Bytes:8
09:05:16.0 (211893218)|VARIABLE_SCOPE_BEGIN|[4]|this|System.Type|true|false
09:05:16.0 (211913169)|VARIABLE_ASSIGNMENT|[4]|this|{}|0x88fbb85
09:05:16.0 (211919846)|VARIABLE_SCOPE_BEGIN|[4]|apextype|java:common.apex.runtime.ApexObjectType|true|false
09:05:16.0 (211994042)|VARIABLE_ASSIGNMENT|[4]|apextype|"IPlatformEventService"|0x70744dc6
09:05:16.0 (212025769)|HEAP_ALLOCATE|[11]|Bytes:8
09:05:16.0 (212034187)|HEAP_ALLOCATE|[11]|Bytes:20
09:05:16.0 (218447931)|HEAP_ALLOCATE|[11]|Bytes:8
09:05:16.0 (218460096)|HEAP_ALLOCATE|[11]|Bytes:8
09:05:16.0 (218466205)|VARIABLE_SCOPE_BEGIN|[4]|this|System.Type|true|false
09:05:16.0 (218486811)|VARIABLE_ASSIGNMENT|[4]|this|{}|0x36cab4e7
09:05:16.0 (218493652)|VARIABLE_SCOPE_BEGIN|[4]|apextype|java:common.apex.runtime.ApexObjectType|true|false
09:05:16.0 (218567703)|VARIABLE_ASSIGNMENT|[4]|apextype|"PlatformEventService"|0x4169b43e
09:05:16.0 (218599630)|HEAP_ALLOCATE|[11]|Bytes:8
09:05:16.0 (218628975)|VARIABLE_ASSIGNMENT|[EXTERNAL]|this|{"aot":"0x70744dc6"}|0x88fbb85
09:05:16.0 (218694425)|HEAP_ALLOCATE|[12]|Bytes:22
09:05:16.0 (225000101)|HEAP_ALLOCATE|[12]|Bytes:8
09:05:16.0 (225012295)|HEAP_ALLOCATE|[12]|Bytes:8
09:05:16.0 (225017655)|VARIABLE_SCOPE_BEGIN|[4]|this|System.Type|true|false
09:05:16.0 (225038375)|VARIABLE_ASSIGNMENT|[4]|this|{}|0x2e3f3b41
09:05:16.0 (225044728)|VARIABLE_SCOPE_BEGIN|[4]|apextype|java:common.apex.runtime.ApexObjectType|true|false
09:05:16.0 (225119019)|VARIABLE_ASSIGNMENT|[4]|apextype|"ISettingsHelperService"|0x4e70dc91
09:05:16.0 (225151533)|HEAP_ALLOCATE|[12]|Bytes:8
09:05:16.0 (225160694)|HEAP_ALLOCATE|[12]|Bytes:17
09:05:16.0 (245244302)|HEAP_ALLOCATE|[12]|Bytes:8
09:05:16.0 (245257599)|HEAP_ALLOCATE|[12]|Bytes:8
09:05:16.0 (245263783)|VARIABLE_SCOPE_BEGIN|[4]|this|System.Type|true|false
09:05:16.0 (245284508)|VARIABLE_ASSIGNMENT|[4]|this|{}|0x6223ac43
09:05:16.0 (245290564)|VARIABLE_SCOPE_BEGIN|[4]|apextype|java:common.apex.runtime.ApexObjectType|true|false
09:05:16.0 (245367552)|VARIABLE_ASSIGNMENT|[4]|apextype|"mm_SettingsHelper"|0x2a04aeb
09:05:16.0 (245401183)|HEAP_ALLOCATE|[12]|Bytes:8
09:05:16.0 (245430542)|VARIABLE_ASSIGNMENT|[EXTERNAL]|this|{"aot":"0x4e70dc91"}|0x2e3f3b41
09:05:16.0 (245518197)|CONSTRUCTOR_ENTRY|[5]|01pm0000000YfaM|<init>(Map<System.Type,System.Type>)|fflib_Application.ServiceFactory
09:05:16.0 (245552288)|VARIABLE_SCOPE_BEGIN|[105]|this|fflib_Application.ServiceFactory|true|false
09:05:16.0 (245573580)|VARIABLE_ASSIGNMENT|[105]|this|{}|0x3ac2329b
09:05:16.0 (245580969)|VARIABLE_SCOPE_BEGIN|[105]|serviceInterfaceTypeByServiceImplType|Map<System.Type,System.Type>|true|false
09:05:16.0 (245604146)|VARIABLE_ASSIGNMENT|[105]|serviceInterfaceTypeByServiceImplType|"Map of size 6 too large to display"|0x45fcd034
09:05:16.0 (245616014)|STATEMENT_EXECUTE|[91]
09:05:16.0 (245618510)|STATEMENT_EXECUTE|[93]
09:05:16.0 (245620261)|STATEMENT_EXECUTE|[95]
09:05:16.0 (245632172)|STATEMENT_EXECUTE|[106]
09:05:16.0 (245634158)|STATEMENT_EXECUTE|[107]
09:05:16.0 (245645326)|VARIABLE_ASSIGNMENT|[107]|this.m_serviceInterfaceTypeByServiceImplType|"Map of size 6 too large to display"|0x3ac2329b
09:05:16.0 (245651636)|STATEMENT_EXECUTE|[108]
09:05:16.0 (245672028)|HEAP_ALLOCATE|[108]|Bytes:4
09:05:16.0 (245705963)|VARIABLE_ASSIGNMENT|[108]|this.m_serviceInterfaceTypeByMockService|{}|0x3ac2329b
09:05:16.0 (245716581)|CONSTRUCTOR_EXIT|[5]|01pm0000000YfaM|<init>(Map<System.Type,System.Type>)|fflib_Application.ServiceFactory
09:05:16.0 (245746404)|VARIABLE_ASSIGNMENT|[4]|Application.Service|{"m_serviceInterfaceTypeByMockService":"0x458b2d72","m_serviceInterfaceTypeByServiceImplType":"0x45fcd034"}|0x3ac2329b
09:05:16.0 (245753904)|STATEMENT_EXECUTE|[15]
09:05:16.0 (245761715)|HEAP_ALLOCATE|[16]|Bytes:19
09:05:16.0 (245824369)|HEAP_ALLOCATE|[16]|Bytes:12
09:05:16.0 (245840624)|HEAP_ALLOCATE|[17]|Bytes:4
09:05:16.0 (245857299)|HEAP_ALLOCATE|[18]|Bytes:19
09:05:16.0 (245917672)|HEAP_ALLOCATE|[18]|Bytes:29
09:05:16.0 (253502715)|HEAP_ALLOCATE|[18]|Bytes:8
09:05:16.0 (253514782)|HEAP_ALLOCATE|[18]|Bytes:8
09:05:16.0 (253520573)|VARIABLE_SCOPE_BEGIN|[4]|this|System.Type|true|false
09:05:16.0 (253541030)|VARIABLE_ASSIGNMENT|[4]|this|{}|0x520df11a
09:05:16.0 (253547553)|VARIABLE_SCOPE_BEGIN|[4]|apextype|java:common.apex.runtime.ApexObjectType|true|false
09:05:16.0 (253628524)|VARIABLE_ASSIGNMENT|[4]|apextype|"OrgWideEmailAddressesSelector"|0x3ac894cc
09:05:16.0 (253661509)|HEAP_ALLOCATE|[18]|Bytes:8
09:05:16.0 (253717308)|HEAP_ALLOCATE|[19]|Bytes:13
09:05:16.0 (253758393)|HEAP_ALLOCATE|[19]|Bytes:22
09:05:16.0 (282817895)|HEAP_ALLOCATE|[19]|Bytes:8
09:05:16.0 (282837177)|HEAP_ALLOCATE|[19]|Bytes:8
09:05:16.0 (282843279)|VARIABLE_SCOPE_BEGIN|[4]|this|System.Type|true|false
09:05:16.0 (282864735)|VARIABLE_ASSIGNMENT|[4]|this|{}|0x5625c336
09:05:16.0 (282871981)|VARIABLE_SCOPE_BEGIN|[4]|apextype|java:common.apex.runtime.ApexObjectType|true|false
09:05:16.0 (282951858)|VARIABLE_ASSIGNMENT|[4]|apextype|"EmailTemplatesSelector"|0x625a400
09:05:16.0 (282985008)|HEAP_ALLOCATE|[19]|Bytes:8
09:05:16.0 (283035635)|HEAP_ALLOCATE|[20]|Bytes:20
09:05:16.0 (290777316)|HEAP_ALLOCATE|[20]|Bytes:8
09:05:16.0 (290789560)|HEAP_ALLOCATE|[20]|Bytes:8
09:05:16.0 (290795167)|VARIABLE_SCOPE_BEGIN|[4]|this|System.Type|true|false
09:05:16.0 (290816051)|VARIABLE_ASSIGNMENT|[4]|this|{}|0xfb5d908
09:05:16.0 (290822064)|VARIABLE_SCOPE_BEGIN|[4]|apextype|java:common.apex.runtime.ApexObjectType|true|false
09:05:16.0 (290903197)|VARIABLE_ASSIGNMENT|[4]|apextype|"MatsonEventsSelector"|0x652c49aa
09:05:16.0 (290936508)|HEAP_ALLOCATE|[20]|Bytes:8
09:05:16.0 (290958188)|HEAP_ALLOCATE|[21]|Bytes:21
09:05:16.0 (290985796)|HEAP_ALLOCATE|[21]|Bytes:32
09:05:16.0 (320432723)|HEAP_ALLOCATE|[21]|Bytes:8
09:05:16.0 (320444899)|HEAP_ALLOCATE|[21]|Bytes:8
09:05:16.0 (320450912)|VARIABLE_SCOPE_BEGIN|[4]|this|System.Type|true|false
09:05:16.0 (320471846)|VARIABLE_ASSIGNMENT|[4]|this|{}|0x2f213cd2
09:05:16.0 (320478805)|VARIABLE_SCOPE_BEGIN|[4]|apextype|java:common.apex.runtime.ApexObjectType|true|false
09:05:16.0 (320554891)|VARIABLE_ASSIGNMENT|[4]|apextype|"MatsonEventRegistrationsSelector"|0x63b138fd
09:05:16.0 (320587641)|HEAP_ALLOCATE|[21]|Bytes:8
09:05:16.0 (320609258)|HEAP_ALLOCATE|[22]|Bytes:10
09:05:16.0 (320637250)|HEAP_ALLOCATE|[22]|Bytes:16
09:05:16.0 (327628424)|HEAP_ALLOCATE|[22]|Bytes:8
09:05:16.0 (327640760)|HEAP_ALLOCATE|[22]|Bytes:8
09:05:16.0 (327646347)|VARIABLE_SCOPE_BEGIN|[4]|this|System.Type|true|false
09:05:16.0 (327667251)|VARIABLE_ASSIGNMENT|[4]|this|{}|0x4e5c0d61
09:05:16.0 (327673598)|VARIABLE_SCOPE_BEGIN|[4]|apextype|java:common.apex.runtime.ApexObjectType|true|false
09:05:16.0 (327748634)|VARIABLE_ASSIGNMENT|[4]|apextype|"AdvisersSelector"|0x9e02f6f
09:05:16.0 (327781457)|HEAP_ALLOCATE|[22]|Bytes:8
09:05:16.0 (327803266)|HEAP_ALLOCATE|[23]|Bytes:13
09:05:16.0 (327843696)|HEAP_ALLOCATE|[23]|Bytes:17
09:05:16.0 (334037493)|HEAP_ALLOCATE|[23]|Bytes:8
09:05:16.0 (334050612)|HEAP_ALLOCATE|[23]|Bytes:8
09:05:16.0 (334056415)|VARIABLE_SCOPE_BEGIN|[4]|this|System.Type|true|false
09:05:16.0 (334077693)|VARIABLE_ASSIGNMENT|[4]|this|{}|0x66f1d14f
09:05:16.0 (334084506)|VARIABLE_SCOPE_BEGIN|[4]|apextype|java:common.apex.runtime.ApexObjectType|true|false
09:05:16.0 (334158628)|VARIABLE_ASSIGNMENT|[4]|apextype|"EventDaysSelector"|0x7bf77bf5
09:05:16.0 (334191383)|HEAP_ALLOCATE|[23]|Bytes:8
09:05:16.0 (334213029)|HEAP_ALLOCATE|[24]|Bytes:22
09:05:16.0 (334243628)|HEAP_ALLOCATE|[24]|Bytes:27
09:05:16.0 (340867850)|HEAP_ALLOCATE|[24]|Bytes:8
09:05:16.0 (340880002)|HEAP_ALLOCATE|[24]|Bytes:8
09:05:16.0 (340885515)|VARIABLE_SCOPE_BEGIN|[4]|this|System.Type|true|false
09:05:16.0 (340906671)|VARIABLE_ASSIGNMENT|[4]|this|{}|0x30988f35
09:05:16.0 (340912868)|VARIABLE_SCOPE_BEGIN|[4]|apextype|java:common.apex.runtime.ApexObjectType|true|false
09:05:16.0 (340986800)|VARIABLE_ASSIGNMENT|[4]|apextype|"FulfillmentRequestsSelector"|0x66adfac
09:05:16.0 (341020101)|HEAP_ALLOCATE|[24]|Bytes:8
09:05:16.0 (341042372)|HEAP_ALLOCATE|[25]|Bytes:4
09:05:16.0 (341069761)|HEAP_ALLOCATE|[25]|Bytes:12
09:05:16.0 (347805058)|HEAP_ALLOCATE|[25]|Bytes:8
09:05:16.0 (347816844)|HEAP_ALLOCATE|[25]|Bytes:8
09:05:16.0 (347822451)|VARIABLE_SCOPE_BEGIN|[4]|this|System.Type|true|false
09:05:16.0 (347849333)|VARIABLE_ASSIGNMENT|[4]|this|{}|0x310594f0
09:05:16.0 (347856361)|VARIABLE_SCOPE_BEGIN|[4]|apextype|java:common.apex.runtime.ApexObjectType|true|false
09:05:16.0 (347929653)|VARIABLE_ASSIGNMENT|[4]|apextype|"UserSelector"|0x7cce638c
09:05:16.0 (347962719)|HEAP_ALLOCATE|[25]|Bytes:8
09:05:16.0 (347983332)|HEAP_ALLOCATE|[26]|Bytes:6
09:05:16.0 (348010859)|HEAP_ALLOCATE|[26]|Bytes:14
09:05:16.0 (355018696)|HEAP_ALLOCATE|[26]|Bytes:8
09:05:16.0 (355030791)|HEAP_ALLOCATE|[26]|Bytes:8
09:05:16.0 (355036023)|VARIABLE_SCOPE_BEGIN|[4]|this|System.Type|true|false
09:05:16.0 (355057160)|VARIABLE_ASSIGNMENT|[4]|this|{}|0x12465753
09:05:16.0 (355064058)|VARIABLE_SCOPE_BEGIN|[4]|apextype|java:common.apex.runtime.ApexObjectType|true|false
09:05:16.0 (355138235)|VARIABLE_ASSIGNMENT|[4]|apextype|"FolderSelector"|0x719fe9d7
09:05:16.0 (355170533)|HEAP_ALLOCATE|[26]|Bytes:8
09:05:16.0 (355191495)|HEAP_ALLOCATE|[27]|Bytes:27
09:05:16.0 (355222122)|HEAP_ALLOCATE|[27]|Bytes:32
09:05:16.0 (362081157)|HEAP_ALLOCATE|[27]|Bytes:8
09:05:16.0 (362093775)|HEAP_ALLOCATE|[27]|Bytes:8
09:05:16.0 (362099440)|VARIABLE_SCOPE_BEGIN|[4]|this|System.Type|true|false
09:05:16.0 (362120297)|VARIABLE_ASSIGNMENT|[4]|this|{}|0xdcd96a8
09:05:16.0 (362126469)|VARIABLE_SCOPE_BEGIN|[4]|apextype|java:common.apex.runtime.ApexObjectType|true|false
09:05:16.0 (362201379)|VARIABLE_ASSIGNMENT|[4]|apextype|"EmailTemplateLookupTableSelector"|0xda28d2c
09:05:16.0 (362234707)|HEAP_ALLOCATE|[27]|Bytes:8
09:05:16.0 (362256859)|HEAP_ALLOCATE|[28]|Bytes:21
09:05:16.0 (362287259)|HEAP_ALLOCATE|[28]|Bytes:27
09:05:16.0 (368855007)|HEAP_ALLOCATE|[28]|Bytes:8
09:05:16.0 (368867328)|HEAP_ALLOCATE|[28]|Bytes:8
09:05:16.0 (368873371)|VARIABLE_SCOPE_BEGIN|[4]|this|System.Type|true|false
09:05:16.0 (368894843)|VARIABLE_ASSIGNMENT|[4]|this|{}|0x5f463fd
09:05:16.0 (368901697)|VARIABLE_SCOPE_BEGIN|[4]|apextype|java:common.apex.runtime.ApexObjectType|true|false
09:05:16.0 (368975697)|VARIABLE_ASSIGNMENT|[4]|apextype|"EventEventQuestionsSelector"|0x596463f9
09:05:16.0 (369008461)|HEAP_ALLOCATE|[28]|Bytes:8
09:05:16.0 (369030526)|HEAP_ALLOCATE|[29]|Bytes:7
09:05:16.0 (369057133)|HEAP_ALLOCATE|[29]|Bytes:16
09:05:16.0 (399333937)|HEAP_ALLOCATE|[29]|Bytes:8
09:05:16.0 (399349211)|HEAP_ALLOCATE|[29]|Bytes:8
09:05:16.0 (399356407)|VARIABLE_SCOPE_BEGIN|[4]|this|System.Type|true|false
09:05:16.0 (399381886)|VARIABLE_ASSIGNMENT|[4]|this|{}|0x3369659a
09:05:16.0 (399388640)|VARIABLE_SCOPE_BEGIN|[4]|apextype|java:common.apex.runtime.ApexObjectType|true|false
09:05:16.0 (399496514)|VARIABLE_ASSIGNMENT|[4]|apextype|"ContactsSelector"|0x417de509
09:05:16.0 (399535819)|HEAP_ALLOCATE|[29]|Bytes:8
09:05:16.0 (399589877)|CONSTRUCTOR_ENTRY|[16]|01pm0000000YfaM|<init>(Map<Schema.SObjectType,System.Type>)|fflib_Application.SelectorFactory
09:05:16.0 (399624312)|VARIABLE_SCOPE_BEGIN|[154]|this|fflib_Application.SelectorFactory|true|false
09:05:16.0 (399647568)|VARIABLE_ASSIGNMENT|[154]|this|{}|0x7e77d47b
09:05:16.0 (399655815)|VARIABLE_SCOPE_BEGIN|[154]|sObjectBySelectorType|Map<Schema.SObjectType,System.Type>|true|false
09:05:16.0 (399684166)|VARIABLE_ASSIGNMENT|[154]|sObjectBySelectorType|"Map of size 12 too large to display"|0x500c3311
09:05:16.0 (399696115)|STATEMENT_EXECUTE|[142]
09:05:16.0 (399698618)|STATEMENT_EXECUTE|[144]
09:05:16.0 (399700476)|STATEMENT_EXECUTE|[145]
09:05:16.0 (399712560)|STATEMENT_EXECUTE|[155]
09:05:16.0 (399714341)|STATEMENT_EXECUTE|[156]
09:05:16.0 (399725511)|VARIABLE_ASSIGNMENT|[156]|this.m_sObjectBySelectorType|"Map of size 12 too large to display"|0x7e77d47b
09:05:16.0 (399731728)|STATEMENT_EXECUTE|[157]
09:05:16.0 (399753380)|HEAP_ALLOCATE|[157]|Bytes:4
09:05:16.0 (399787957)|VARIABLE_ASSIGNMENT|[157]|this.m_sObjectByMockSelector|{}|0x7e77d47b
09:05:16.0 (399798151)|CONSTRUCTOR_EXIT|[16]|01pm0000000YfaM|<init>(Map<Schema.SObjectType,System.Type>)|fflib_Application.SelectorFactory
09:05:16.0 (399836704)|VARIABLE_ASSIGNMENT|[15]|Application.Selector|{"m_sObjectByMockSelector":"0x6bd10d97","m_sObjectBySelectorType":"0x500c3311"}|0x7e77d47b
09:05:16.0 (399844163)|STATEMENT_EXECUTE|[32]
09:05:16.0 (399853324)|HEAP_ALLOCATE|[33]|Bytes:19
09:05:16.0 (406019496)|HEAP_ALLOCATE|[33]|Bytes:16
09:05:16.0 (406043188)|HEAP_ALLOCATE|[36]|Bytes:4
09:05:16.0 (406086604)|HEAP_ALLOCATE|[37]|Bytes:20
09:05:16.0 (412468165)|HEAP_ALLOCATE|[37]|Bytes:8
09:05:16.0 (412480583)|HEAP_ALLOCATE|[37]|Bytes:8
09:05:16.0 (412486188)|VARIABLE_SCOPE_BEGIN|[4]|this|System.Type|true|false
09:05:16.0 (412507410)|VARIABLE_ASSIGNMENT|[4]|this|{}|0x3a0206df
09:05:16.0 (412514655)|VARIABLE_SCOPE_BEGIN|[4]|apextype|java:common.apex.runtime.ApexObjectType|true|false
09:05:16.0 (412604364)|VARIABLE_ASSIGNMENT|[4]|apextype|"Advisers.Constructor"|0x46f57523
09:05:16.0 (412637755)|HEAP_ALLOCATE|[37]|Bytes:8
09:05:16.0 (412719102)|HEAP_ALLOCATE|[38]|Bytes:31
09:05:16.0 (419514109)|HEAP_ALLOCATE|[38]|Bytes:8
09:05:16.0 (419526506)|HEAP_ALLOCATE|[38]|Bytes:8
09:05:16.0 (419532295)|VARIABLE_SCOPE_BEGIN|[4]|this|System.Type|true|false
09:05:16.0 (419552466)|VARIABLE_ASSIGNMENT|[4]|this|{}|0x7e516a31
09:05:16.0 (419559960)|VARIABLE_SCOPE_BEGIN|[4]|apextype|java:common.apex.runtime.ApexObjectType|true|false
09:05:16.0 (419638892)|VARIABLE_ASSIGNMENT|[4]|apextype|"EventEventQuestions.Constructor"|0x345d4459
09:05:16.0 (419671599)|HEAP_ALLOCATE|[38]|Bytes:8
09:05:16.0 (419692846)|HEAP_ALLOCATE|[39]|Bytes:19
09:05:16.0 (419729664)|HEAP_ALLOCATE|[39]|Bytes:32
09:05:16.0 (426604529)|HEAP_ALLOCATE|[39]|Bytes:8
09:05:16.0 (426616795)|HEAP_ALLOCATE|[39]|Bytes:8
09:05:16.0 (426622454)|VARIABLE_SCOPE_BEGIN|[4]|this|System.Type|true|false
09:05:16.0 (426642999)|VARIABLE_ASSIGNMENT|[4]|this|{}|0x23cb979d
09:05:16.0 (426649642)|VARIABLE_SCOPE_BEGIN|[4]|apextype|java:common.apex.runtime.ApexObjectType|true|false
09:05:16.0 (426725088)|VARIABLE_ASSIGNMENT|[4]|apextype|"PrintTableTentEvents.Constructor"|0x3ef6ef04
09:05:16.0 (426757928)|HEAP_ALLOCATE|[39]|Bytes:8
09:05:16.0 (426801009)|HEAP_ALLOCATE|[40]|Bytes:20
09:05:16.0 (433214056)|HEAP_ALLOCATE|[40]|Bytes:8
09:05:16.0 (433226246)|HEAP_ALLOCATE|[40]|Bytes:8
09:05:16.0 (433232110)|VARIABLE_SCOPE_BEGIN|[4]|this|System.Type|true|false
09:05:16.0 (433253783)|VARIABLE_ASSIGNMENT|[4]|this|{}|0x3ac8d43a
09:05:16.0 (433260530)|VARIABLE_SCOPE_BEGIN|[4]|apextype|java:common.apex.runtime.ApexObjectType|true|false
09:05:16.0 (433335237)|VARIABLE_ASSIGNMENT|[4]|apextype|"Contacts.Constructor"|0x2ac7e1ec
09:05:16.0 (433367726)|HEAP_ALLOCATE|[40]|Bytes:8
09:05:16.0 (433411770)|HEAP_ALLOCATE|[41]|Bytes:36
09:05:16.0 (451384452)|HEAP_ALLOCATE|[41]|Bytes:8
09:05:16.0 (451396575)|HEAP_ALLOCATE|[41]|Bytes:8
09:05:16.0 (451402140)|VARIABLE_SCOPE_BEGIN|[4]|this|System.Type|true|false
09:05:16.0 (451423150)|VARIABLE_ASSIGNMENT|[4]|this|{}|0x1b9021a4
09:05:16.0 (451429730)|VARIABLE_SCOPE_BEGIN|[4]|apextype|java:common.apex.runtime.ApexObjectType|true|false
09:05:16.0 (451509005)|VARIABLE_ASSIGNMENT|[4]|apextype|"MatsonEventRegistrations.Constructor"|0x6e40b464
09:05:16.0 (451541250)|HEAP_ALLOCATE|[41]|Bytes:8
09:05:16.0 (451582914)|HEAP_ALLOCATE|[42]|Bytes:24
09:05:16.0 (458377984)|HEAP_ALLOCATE|[42]|Bytes:8
09:05:16.0 (458390292)|HEAP_ALLOCATE|[42]|Bytes:8
09:05:16.0 (458396439)|VARIABLE_SCOPE_BEGIN|[4]|this|System.Type|true|false
09:05:16.0 (458417195)|VARIABLE_ASSIGNMENT|[4]|this|{}|0x5c81275c
09:05:16.0 (458423348)|VARIABLE_SCOPE_BEGIN|[4]|apextype|java:common.apex.runtime.ApexObjectType|true|false
09:05:16.0 (458499709)|VARIABLE_ASSIGNMENT|[4]|apextype|"MatsonEvents.Constructor"|0xccf3b1
09:05:16.0 (458533083)|HEAP_ALLOCATE|[42]|Bytes:8
09:05:16.0 (458574396)|CONSTRUCTOR_ENTRY|[33]|01pm0000000YfaM|<init>(fflib_Application.SelectorFactory,Map<Schema.SObjectType,System.Type>)|fflib_Application.DomainFactory
09:05:16.0 (458608528)|VARIABLE_SCOPE_BEGIN|[256]|this|fflib_Application.DomainFactory|true|false
09:05:16.0 (458632108)|VARIABLE_ASSIGNMENT|[256]|this|{}|0x48525f87
09:05:16.0 (458638185)|VARIABLE_SCOPE_BEGIN|[256]|selectorFactory|fflib_Application.SelectorFactory|true|false
09:05:16.0 (458660931)|VARIABLE_ASSIGNMENT|[256]|selectorFactory|{"m_sObjectByMockSelector":"0x6bd10d97","m_sObjectBySelectorType":"0x500c3311"}|0x7e77d47b
09:05:16.0 (458668291)|VARIABLE_SCOPE_BEGIN|[256]|sObjectByDomainConstructorType|Map<Schema.SObjectType,System.Type>|true|false
09:05:16.0 (458687110)|VARIABLE_ASSIGNMENT|[256]|sObjectByDomainConstructorType|"Map of size 6 too large to display"|0x1dbc3a16
09:05:16.0 (458698999)|STATEMENT_EXECUTE|[239]
09:05:16.0 (458701579)|STATEMENT_EXECUTE|[241]
09:05:16.0 (458703311)|STATEMENT_EXECUTE|[243]
09:05:16.0 (458705199)|STATEMENT_EXECUTE|[245]
09:05:16.0 (458717814)|STATEMENT_EXECUTE|[258]
09:05:16.0 (458719641)|STATEMENT_EXECUTE|[259]
09:05:16.0 (458726630)|VARIABLE_ASSIGNMENT|[259]|this.m_selectorFactory|0x7e77d47b|0x48525f87
09:05:16.0 (458732464)|STATEMENT_EXECUTE|[260]
09:05:16.0 (458739818)|VARIABLE_ASSIGNMENT|[260]|this.m_sObjectByDomainConstructorType|"Map of size 6 too large to display"|0x48525f87
09:05:16.0 (458745251)|STATEMENT_EXECUTE|[261]
09:05:16.0 (458762765)|HEAP_ALLOCATE|[261]|Bytes:4
09:05:16.0 (458797453)|VARIABLE_ASSIGNMENT|[261]|this.m_sObjectByMockDomain|{}|0x48525f87
09:05:16.0 (458809324)|CONSTRUCTOR_EXIT|[33]|01pm0000000YfaM|<init>(fflib_Application.SelectorFactory,Map<Schema.SObjectType,System.Type>)|fflib_Application.DomainFactory
09:05:16.0 (458919348)|VARIABLE_ASSIGNMENT|[32]|Application.Domain|{"m_selectorFactory":"0x7e77d47b","m_sObjectByDomainConstructorType":"0x1dbc3a16","m_sObjectByMockDomain":"0x7a0a036b"}|0x48525f87
09:05:16.0 (458928481)|STATEMENT_EXECUTE|[45]
09:05:16.0 (458938010)|HEAP_ALLOCATE|[46]|Bytes:11
09:05:16.0 (466100901)|HEAP_ALLOCATE|[46]|Bytes:12
09:05:16.0 (466122084)|HEAP_ALLOCATE|[47]|Bytes:4
09:05:16.0 (466231985)|CONSTRUCTOR_ENTRY|[46]|01pm0000000YfaM|<init>(List<Schema.SObjectType>)|fflib_Application.UnitOfWorkFactory
09:05:16.0 (466253741)|VARIABLE_SCOPE_BEGIN|[47]|this|fflib_Application.UnitOfWorkFactory|true|false
09:05:16.0 (466276950)|VARIABLE_ASSIGNMENT|[47]|this|{}|0xec58d3b
09:05:16.0 (466284197)|VARIABLE_SCOPE_BEGIN|[47]|objectTypes|List<Schema.SObjectType>|true|false
09:05:16.0 (466318336)|HEAP_ALLOCATE|[EXTERNAL]|Bytes:28
09:05:16.0 (466333388)|VARIABLE_ASSIGNMENT|[47]|objectTypes|"List of size 6 too large to display"|0x649cadc3
09:05:16.0 (466342191)|STATEMENT_EXECUTE|[37]
09:05:16.0 (466344494)|STATEMENT_EXECUTE|[39]
09:05:16.0 (466346272)|STATEMENT_EXECUTE|[40]
09:05:16.0 (466360446)|STATEMENT_EXECUTE|[48]
09:05:16.0 (466362631)|STATEMENT_EXECUTE|[49]
09:05:16.0 (466457318)|HEAP_ALLOCATE|[EXTERNAL]|Bytes:28
09:05:16.0 (466478929)|VARIABLE_ASSIGNMENT|[49]|this.m_objectTypes|"List of size 6 too large to display"|0xec58d3b
09:05:16.0 (466490666)|CONSTRUCTOR_EXIT|[46]|01pm0000000YfaM|<init>(List<Schema.SObjectType>)|fflib_Application.UnitOfWorkFactory
09:05:16.0 (466515371)|VARIABLE_ASSIGNMENT|[45]|Application.UnitOfWork|{"m_objectTypes":"0xa40d232"}|0xec58d3b
09:05:16.0 (466527021)|METHOD_EXIT|[1]|Application
09:05:16.0 (466595056)|METHOD_ENTRY|[300]|01pm0000000YfaM|fflib_Application.SelectorFactory.newInstance(Schema.SObjectType)
09:05:16.0 (466614296)|VARIABLE_SCOPE_BEGIN|[166]|this|fflib_Application.SelectorFactory|true|false
09:05:16.0 (466637564)|VARIABLE_ASSIGNMENT|[166]|this|{"m_sObjectByMockSelector":"0x6bd10d97","m_sObjectBySelectorType":"0x500c3311"}|0x7e77d47b
09:05:16.0 (466645063)|VARIABLE_SCOPE_BEGIN|[166]|sObjectType|Schema.SObjectType|true|false
09:05:16.0 (466718303)|VARIABLE_ASSIGNMENT|[166]|sObjectType|"common.apex.runtime.impl.ApexSObjectTypeToken@51c638ac"|0x51c638ac
09:05:16.0 (466730221)|STATEMENT_EXECUTE|[167]
09:05:16.0 (466788787)|STATEMENT_EXECUTE|[169]
09:05:16.0 (466791279)|STATEMENT_EXECUTE|[173]
09:05:16.0 (466816801)|VARIABLE_SCOPE_BEGIN|[173]|selectorClass|System.Type|true|false
09:05:16.0 (466844865)|VARIABLE_ASSIGNMENT|[173]|selectorClass|{"aot":"0x3ac894cc"}|0x520df11a
09:05:16.0 (466852951)|STATEMENT_EXECUTE|[174]
09:05:16.0 (466854853)|STATEMENT_EXECUTE|[178]
09:05:16.0 (466864580)|METHOD_ENTRY|[178]||System.Type.newInstance()
09:05:16.0 (480051374)|METHOD_ENTRY|[4]|01p3600000JWdhN|OrgWideEmailAddressesSelector.OrgWideEmailAddressesSelector()
09:05:16.0 (480063394)|STATEMENT_EXECUTE|[4]
09:05:16.0 (480068908)|STATEMENT_EXECUTE|[4]
09:05:16.0 (480077631)|HEAP_ALLOCATE|[33]|Bytes:5
09:05:16.0 (480088250)|METHOD_EXIT|[4]|OrgWideEmailAddressesSelector
09:05:16.0 (496348142)|VARIABLE_SCOPE_BEGIN|[177]|fflib_SObjectDescribe.instanceCache|Map<String,fflib_SObjectDescribe>|true|true
09:05:16.0 (496367144)|VARIABLE_SCOPE_BEGIN|[155]|fflib_SObjectDescribe.rawGlobalDescribe|Map<String,Schema.SObjectType>|true|true
09:05:16.0 (496845052)|VARIABLE_SCOPE_BEGIN|[163]|fflib_SObjectDescribe.wrappedGlobalDescribe|fflib_SObjectDescribe.GlobalDescribeMap|true|true
09:05:16.0 (496863443)|HEAP_ALLOCATE|[33]|Bytes:36
09:05:16.0 (496872645)|VARIABLE_SCOPE_BEGIN|[4]|this|OrgWideEmailAddressesSelector|true|false
09:05:16.0 (496896643)|HEAP_ALLOCATE|[33]|Bytes:156
09:05:16.0 (496903576)|HEAP_ALLOCATE|[33]|Bytes:120
09:05:16.0 (496916307)|METHOD_ENTRY|[30]|01pm0000000Yfay|fflib_SObjectSelector.fflib_SObjectSelector()
09:05:16.0 (496923342)|STATEMENT_EXECUTE|[30]
09:05:16.0 (496928024)|STATEMENT_EXECUTE|[30]
09:05:16.0 (496934891)|HEAP_ALLOCATE|[33]|Bytes:5
09:05:16.0 (496943243)|METHOD_EXIT|[30]|fflib_SObjectSelector
09:05:16.0 (496968393)|VARIABLE_ASSIGNMENT|[4]|this|{}|0x178b82d2
09:05:16.0 (496978807)|HEAP_ALLOCATE|[6]|Bytes:5
09:05:16.0 (496995550)|CONSTRUCTOR_ENTRY|[6]|01pm0000000Yfay|<init>()|fflib_SObjectSelector
09:05:16.0 (497075254)|VARIABLE_SCOPE_BEGIN|[98]|this|fflib_SObjectSelector|true|false
09:05:16.0 (497099295)|VARIABLE_ASSIGNMENT|[98]|this|{}|0x178b82d2
09:05:16.0 (497108926)|HEAP_ALLOCATE|[100]|Bytes:5
09:05:16.0 (497114580)|STATEMENT_EXECUTE|[100]
09:05:16.0 (497126734)|CONSTRUCTOR_ENTRY|[100]|01pm0000000Yfay|<init>(Boolean)|fflib_SObjectSelector
09:05:16.0 (497142781)|VARIABLE_SCOPE_BEGIN|[108]|this|fflib_SObjectSelector|true|false
09:05:16.0 (497163210)|VARIABLE_ASSIGNMENT|[108]|this|{}|0x178b82d2
09:05:16.0 (497171099)|VARIABLE_SCOPE_BEGIN|[108]|includeFieldSetFields|Boolean|false|false
09:05:16.0 (497181603)|VARIABLE_ASSIGNMENT|[108]|includeFieldSetFields|false
09:05:16.0 (497188790)|HEAP_ALLOCATE|[110]|Bytes:5
09:05:16.0 (497193902)|STATEMENT_EXECUTE|[110]
09:05:16.0 (497205164)|CONSTRUCTOR_ENTRY|[110]|01pm0000000Yfay|<init>(Boolean,Boolean,Boolean)|fflib_SObjectSelector
09:05:16.0 (497220859)|VARIABLE_SCOPE_BEGIN|[118]|this|fflib_SObjectSelector|true|false
09:05:16.0 (497240099)|VARIABLE_ASSIGNMENT|[118]|this|{}|0x178b82d2
09:05:16.0 (497246601)|VARIABLE_SCOPE_BEGIN|[118]|includeFieldSetFields|Boolean|false|false
09:05:16.0 (497253567)|VARIABLE_ASSIGNMENT|[118]|includeFieldSetFields|false
09:05:16.0 (497258256)|VARIABLE_SCOPE_BEGIN|[118]|enforceCRUD|Boolean|false|false
09:05:16.0 (497265772)|VARIABLE_ASSIGNMENT|[118]|enforceCRUD|true
09:05:16.0 (497269987)|VARIABLE_SCOPE_BEGIN|[118]|enforceFLS|Boolean|false|false
09:05:16.0 (497278396)|VARIABLE_ASSIGNMENT|[118]|enforceFLS|false
09:05:16.0 (497288427)|HEAP_ALLOCATE|[120]|Bytes:5
09:05:16.0 (497294584)|STATEMENT_EXECUTE|[120]
09:05:16.0 (497306397)|CONSTRUCTOR_ENTRY|[120]|01pm0000000Yfay|<init>(Boolean,Boolean,Boolean,Boolean)|fflib_SObjectSelector
09:05:16.0 (497322040)|VARIABLE_SCOPE_BEGIN|[131]|this|fflib_SObjectSelector|true|false
09:05:16.0 (497341824)|VARIABLE_ASSIGNMENT|[131]|this|{}|0x178b82d2
09:05:16.0 (497347752)|VARIABLE_SCOPE_BEGIN|[131]|includeFieldSetFields|Boolean|false|false
09:05:16.0 (497355488)|VARIABLE_ASSIGNMENT|[131]|includeFieldSetFields|false
09:05:16.0 (497360297)|VARIABLE_SCOPE_BEGIN|[131]|enforceCRUD|Boolean|false|false
09:05:16.0 (497367936)|VARIABLE_ASSIGNMENT|[131]|enforceCRUD|true
09:05:16.0 (497372434)|VARIABLE_SCOPE_BEGIN|[131]|enforceFLS|Boolean|false|false
09:05:16.0 (497378540)|VARIABLE_ASSIGNMENT|[131]|enforceFLS|false
09:05:16.0 (497382846)|VARIABLE_SCOPE_BEGIN|[131]|sortSelectFields|Boolean|false|false
09:05:16.0 (497390265)|VARIABLE_ASSIGNMENT|[131]|sortSelectFields|true
09:05:16.0 (497396921)|HEAP_ALLOCATE|[133]|Bytes:5
09:05:16.0 (497401613)|STATEMENT_EXECUTE|[30]
09:05:16.0 (497404279)|HEAP_ALLOCATE|[133]|Bytes:5
09:05:16.0 (497407224)|STATEMENT_EXECUTE|[37]
09:05:16.0 (497408863)|STATEMENT_EXECUTE|[50]
09:05:16.0 (497410429)|STATEMENT_EXECUTE|[55]
09:05:16.0 (497411932)|STATEMENT_EXECUTE|[60]
09:05:16.0 (497413528)|STATEMENT_EXECUTE|[65]
09:05:16.0 (497415079)|STATEMENT_EXECUTE|[71]
09:05:16.0 (497416677)|STATEMENT_EXECUTE|[76]
09:05:16.0 (497432142)|STATEMENT_EXECUTE|[132]
09:05:16.0 (497434168)|STATEMENT_EXECUTE|[133]
09:05:16.0 (497437608)|HEAP_ALLOCATE|[133]|Bytes:5
09:05:16.0 (497442869)|STATEMENT_EXECUTE|[134]
09:05:16.0 (497445258)|HEAP_ALLOCATE|[134]|Bytes:5
09:05:16.0 (497449063)|STATEMENT_EXECUTE|[135]
09:05:16.0 (497451140)|HEAP_ALLOCATE|[135]|Bytes:5
09:05:16.0 (497454448)|STATEMENT_EXECUTE|[136]
09:05:16.0 (497456668)|HEAP_ALLOCATE|[136]|Bytes:5
09:05:16.0 (497468481)|CONSTRUCTOR_EXIT|[120]|01pm0000000Yfay|<init>(Boolean,Boolean,Boolean,Boolean)|fflib_SObjectSelector
09:05:16.0 (497475392)|STATEMENT_EXECUTE|[119]
09:05:16.0 (497482527)|CONSTRUCTOR_EXIT|[110]|01pm0000000Yfay|<init>(Boolean,Boolean,Boolean)|fflib_SObjectSelector
09:05:16.0 (497488215)|STATEMENT_EXECUTE|[109]
09:05:16.0 (497493662)|CONSTRUCTOR_EXIT|[100]|01pm0000000Yfay|<init>(Boolean)|fflib_SObjectSelector
09:05:16.0 (497499801)|STATEMENT_EXECUTE|[99]
09:05:16.0 (497504222)|CONSTRUCTOR_EXIT|[6]|01pm0000000Yfay|<init>()|fflib_SObjectSelector
09:05:16.0 (497511579)|STATEMENT_EXECUTE|[4]
09:05:16.0 (497514899)|HEAP_ALLOCATE|[6]|Bytes:5
09:05:16.0 (497518400)|STATEMENT_EXECUTE|[6]
09:05:16.0 (497521516)|HEAP_ALLOCATE|[6]|Bytes:28
09:05:16.0 (497535166)|VARIABLE_ASSIGNMENT|[6]|this.registrationEmailAddress|"registration@matsonm (8 more) ..."|0x178b82d2
09:05:16.0 (497555763)|METHOD_EXIT|[178]||System.Type.newInstance()
09:05:16.0 (497569293)|METHOD_EXIT|[300]|01pm0000000YfaM|fflib_Application.SelectorFactory.newInstance(Schema.SObjectType)
09:05:16.0 (497578719)|METHOD_EXIT|[82]|01p3600000JWdh2|EventRegistrationExtController.orgWideEmailAddressSelector()
09:05:16.0 (497609138)|METHOD_ENTRY|[82]|01p3600000JWdhN|OrgWideEmailAddressesSelector.selectAll()
09:05:16.0 (497615934)|VARIABLE_SCOPE_BEGIN|[37]|this|OrgWideEmailAddressesSelector|true|false
09:05:16.0 (497647676)|VARIABLE_ASSIGNMENT|[37]|this|{"registrationEmailAddress":"registration@matsonm (8 more) ...","m_enforceCRUD":true,"m_enforceFLS":false,"m_includeFieldSetFields":false,"m_sortSelectFields":true}|0x178b82d2
09:05:16.0 (497658746)|HEAP_ALLOCATE|[38]|Bytes:5
09:05:16.0 (497663818)|STATEMENT_EXECUTE|[37]
09:05:16.0 (497665753)|STATEMENT_EXECUTE|[38]
09:05:16.0 (497675216)|METHOD_ENTRY|[38]|01pm0000000Yfay|fflib_SObjectSelector.newQueryFactory()
09:05:16.0 (534258790)|VARIABLE_SCOPE_BEGIN|[298]|this|fflib_SObjectSelector|true|false
09:05:16.0 (534305058)|VARIABLE_ASSIGNMENT|[298]|this|{"registrationEmailAddress":"registration@matsonm (8 more) ...","m_enforceCRUD":true,"m_enforceFLS":false,"m_includeFieldSetFields":false,"m_sortSelectFields":true}|0x178b82d2
09:05:16.0 (534321035)|HEAP_ALLOCATE|[300]|Bytes:5
09:05:16.0 (534327765)|STATEMENT_EXECUTE|[299]
09:05:16.0 (534329863)|STATEMENT_EXECUTE|[300]
09:05:16.0 (534348215)|METHOD_ENTRY|[300]|01pm0000000Yfay|fflib_SObjectSelector.newQueryFactory(Boolean, Boolean, Boolean)
09:05:16.0 (534365131)|VARIABLE_SCOPE_BEGIN|[315]|this|fflib_SObjectSelector|true|false
09:05:16.0 (534395144)|VARIABLE_ASSIGNMENT|[315]|this|{"registrationEmailAddress":"registration@matsonm (8 more) ...","m_enforceCRUD":true,"m_enforceFLS":false,"m_includeFieldSetFields":false,"m_sortSelectFields":true}|0x178b82d2
09:05:16.0 (534402850)|VARIABLE_SCOPE_BEGIN|[315]|assertCRUD|Boolean|false|false
09:05:16.0 (534410366)|VARIABLE_ASSIGNMENT|[315]|assertCRUD|true
09:05:16.0 (534414248)|VARIABLE_SCOPE_BEGIN|[315]|enforceFLS|Boolean|false|false
09:05:16.0 (534420372)|VARIABLE_ASSIGNMENT|[315]|enforceFLS|false
09:05:16.0 (534425239)|VARIABLE_SCOPE_BEGIN|[315]|includeSelectorFields|Boolean|false|false
09:05:16.0 (534432889)|VARIABLE_ASSIGNMENT|[315]|includeSelectorFields|true
09:05:16.0 (534441064)|HEAP_ALLOCATE|[318]|Bytes:5
09:05:16.0 (534446253)|STATEMENT_EXECUTE|[316]
09:05:16.0 (534448367)|STATEMENT_EXECUTE|[318]
09:05:16.0 (534453311)|HEAP_ALLOCATE|[319]|Bytes:129
09:05:16.0 (534460069)|HEAP_ALLOCATE|[319]|Bytes:84
09:05:16.0 (534463835)|HEAP_ALLOCATE|[319]|Bytes:165
09:05:16.0 (534467548)|HEAP_ALLOCATE|[319]|Bytes:7
09:05:16.0 (534481372)|METHOD_ENTRY|[55]|01pm0000000Yfar|fflib_QueryFactory.fflib_QueryFactory()
09:05:16.0 (534486837)|STATEMENT_EXECUTE|[55]
09:05:16.0 (534491122)|STATEMENT_EXECUTE|[55]
09:05:16.0 (534492834)|STATEMENT_EXECUTE|[640]
09:05:16.0 (534494430)|STATEMENT_EXECUTE|[684]
09:05:16.0 (534496013)|STATEMENT_EXECUTE|[693]
09:05:16.0 (534497593)|STATEMENT_EXECUTE|[694]
09:05:16.0 (534499140)|STATEMENT_EXECUTE|[695]
09:05:16.0 (534502943)|METHOD_EXIT|[55]|fflib_QueryFactory
09:05:16.0 (534771410)|HEAP_ALLOCATE|[319]|Bytes:44
09:05:16.0 (534789497)|METHOD_ENTRY|[319]|01pm0000000Yfay|fflib_SObjectSelector.getSObjectType2()
09:05:16.0 (534807612)|VARIABLE_SCOPE_BEGIN|[281]|this|fflib_SObjectSelector|true|false
09:05:16.0 (534849451)|VARIABLE_ASSIGNMENT|[281]|this|{"registrationEmailAddress":"registration@matsonm (8 more) ...","m_enforceCRUD":true,"m_enforceFLS":false,"m_includeFieldSetFields":false,"m_sortSelectFields":true}|0x178b82d2
09:05:16.0 (534864387)|HEAP_ALLOCATE|[283]|Bytes:5
09:05:16.0 (534870276)|STATEMENT_EXECUTE|[282]
09:05:16.0 (534872434)|STATEMENT_EXECUTE|[283]
09:05:16.0 (534881191)|METHOD_ENTRY|[283]|01p3600000JWdhN|OrgWideEmailAddressesSelector.getSObjectType()
09:05:16.0 (534895434)|VARIABLE_SCOPE_BEGIN|[23]|this|OrgWideEmailAddressesSelector|true|false
09:05:16.0 (534925035)|VARIABLE_ASSIGNMENT|[23]|this|{"registrationEmailAddress":"registration@matsonm (8 more) ...","m_enforceCRUD":true,"m_enforceFLS":false,"m_includeFieldSetFields":false,"m_sortSelectFields":true}|0x178b82d2
09:05:16.0 (534935647)|HEAP_ALLOCATE|[25]|Bytes:5
09:05:16.0 (534940290)|STATEMENT_EXECUTE|[24]
09:05:16.0 (534942267)|STATEMENT_EXECUTE|[25]
09:05:16.0 (534978026)|METHOD_EXIT|[283]|01p3600000JWdhN|OrgWideEmailAddressesSelector.getSObjectType()
09:05:16.0 (534990278)|METHOD_EXIT|[319]|01pm0000000Yfay|fflib_SObjectSelector.getSObjectType2()
09:05:16.0 (535003272)|CONSTRUCTOR_ENTRY|[319]|01pm0000000Yfar|<init>(Schema.SObjectType)|fflib_QueryFactory
09:05:16.0 (535014573)|VARIABLE_SCOPE_BEGIN|[151]|this|fflib_QueryFactory|true|false
09:05:16.0 (535049706)|VARIABLE_ASSIGNMENT|[151]|this|{}|0x57283ac0
09:05:16.0 (535056475)|VARIABLE_SCOPE_BEGIN|[151]|table|Schema.SObjectType|true|false
09:05:16.0 (535131611)|VARIABLE_ASSIGNMENT|[151]|table|"common.apex.runtime.impl.ApexSObjectTypeToken@51c638ac"|0x51c638ac
09:05:16.0 (535141262)|STATEMENT_EXECUTE|[55]
09:05:16.0 (535143092)|STATEMENT_EXECUTE|[62]
09:05:16.0 (535144820)|STATEMENT_EXECUTE|[64]
09:05:16.0 (535146441)|STATEMENT_EXECUTE|[65]
09:05:16.0 (535147981)|STATEMENT_EXECUTE|[66]
09:05:16.0 (535149488)|STATEMENT_EXECUTE|[67]
09:05:16.0 (535150992)|STATEMENT_EXECUTE|[68]
09:05:16.0 (535152503)|STATEMENT_EXECUTE|[74]
09:05:16.0 (535154041)|STATEMENT_EXECUTE|[76]
09:05:16.0 (535159522)|HEAP_ALLOCATE|[76]|Bytes:5
09:05:16.0 (535170102)|VARIABLE_ASSIGNMENT|[76]|this.sortSelectFields|true|0x57283ac0
09:05:16.0 (535175831)|STATEMENT_EXECUTE|[84]
09:05:16.0 (535177425)|STATEMENT_EXECUTE|[85]
09:05:16.0 (535191714)|STATEMENT_EXECUTE|[151]
09:05:16.0 (535193563)|STATEMENT_EXECUTE|[152]
09:05:16.0 (535310253)|VARIABLE_ASSIGNMENT|[EXTERNAL]|this|{"sortSelectFields":true}|0x57283ac0
09:05:16.0 (535377546)|VARIABLE_ASSIGNMENT|[EXTERNAL]|value|"common.apex.runtime.impl.ApexSObjectTypeToken@51c638ac"|0x51c638ac
09:05:16.0 (535440403)|VARIABLE_ASSIGNMENT|[62]|this.table|"common.apex.runtime.impl.ApexSObjectTypeToken@51c638ac"|0x57283ac0
09:05:16.0 (535453985)|STATEMENT_EXECUTE|[153]
09:05:16.0 (535466502)|HEAP_ALLOCATE|[153]|Bytes:4
09:05:16.0 (535517260)|VARIABLE_ASSIGNMENT|[153]|this.fields|[]|0x57283ac0
09:05:16.0 (535524758)|STATEMENT_EXECUTE|[154]
09:05:16.0 (535533147)|HEAP_ALLOCATE|[154]|Bytes:4
09:05:16.0 (535588085)|HEAP_ALLOCATE|[EXTERNAL]|Bytes:4
09:05:16.0 (535596643)|VARIABLE_ASSIGNMENT|[154]|this.order|[]|0x57283ac0
09:05:16.0 (535602435)|STATEMENT_EXECUTE|[155]
09:05:16.0 (535608402)|HEAP_ALLOCATE|[155]|Bytes:5
09:05:16.0 (535616000)|VARIABLE_ASSIGNMENT|[155]|this.enforceFLS|false|0x57283ac0
09:05:16.0 (535626626)|CONSTRUCTOR_EXIT|[319]|01pm0000000Yfar|<init>(Schema.SObjectType)|fflib_QueryFactory
09:05:16.0 (535644233)|METHOD_ENTRY|[318]|01pm0000000Yfay|fflib_SObjectSelector.configureQueryFactory(fflib_QueryFactory, Boolean, Boolean, Boolean)
09:05:16.0 (535659043)|VARIABLE_SCOPE_BEGIN|[388]|this|fflib_SObjectSelector|true|false
09:05:16.0 (535691495)|VARIABLE_ASSIGNMENT|[388]|this|{"registrationEmailAddress":"registration@matsonm (8 more) ...","m_enforceCRUD":true,"m_enforceFLS":false,"m_includeFieldSetFields":false,"m_sortSelectFields":true}|0x178b82d2
09:05:16.0 (535699771)|VARIABLE_SCOPE_BEGIN|[388]|queryFactory|fflib_QueryFactory|true|false
09:05:16.0 (535811740)|VARIABLE_ASSIGNMENT|[388]|queryFactory|{"enforceFLS":false,"fields":"0x22162a58","order":"0x1a8686bd","sortSelectFields":true,"table":"common.apex.runtime.impl.ApexSObjectTypeToken@51c638ac"}|0x57283ac0
09:05:16.0 (535820844)|VARIABLE_SCOPE_BEGIN|[388]|assertCRUD|Boolean|false|false
09:05:16.0 (535835069)|VARIABLE_ASSIGNMENT|[388]|assertCRUD|true
09:05:16.0 (535838894)|VARIABLE_SCOPE_BEGIN|[388]|enforceFLS|Boolean|false|false
09:05:16.0 (535845661)|VARIABLE_ASSIGNMENT|[388]|enforceFLS|false
09:05:16.0 (535851236)|VARIABLE_SCOPE_BEGIN|[388]|includeSelectorFields|Boolean|false|false
09:05:16.0 (535858942)|VARIABLE_ASSIGNMENT|[388]|includeSelectorFields|true
09:05:16.0 (535868911)|HEAP_ALLOCATE|[391]|Bytes:5
09:05:16.0 (535874897)|STATEMENT_EXECUTE|[389]
09:05:16.0 (535877917)|STATEMENT_EXECUTE|[392]
09:05:16.0 (535879518)|STATEMENT_EXECUTE|[393]
09:05:16.0 (535881563)|STATEMENT_EXECUTE|[393]
09:05:16.0 (535883240)|STATEMENT_EXECUTE|[395]
09:05:16.0 (535907505)|METHOD_ENTRY|[395]|01pm0000000Yfar|fflib_QueryFactory.assertIsAccessible()
09:05:16.0 (535922808)|VARIABLE_SCOPE_BEGIN|[174]|this|fflib_QueryFactory|true|false
09:05:16.0 (536024613)|VARIABLE_ASSIGNMENT|[174]|this|{"enforceFLS":false,"fields":"0x22162a58","order":"0x1a8686bd","sortSelectFields":true,"table":"common.apex.runtime.impl.ApexSObjectTypeToken@51c638ac"}|0x57283ac0
09:05:16.0 (536035722)|STATEMENT_EXECUTE|[174]
09:05:16.0 (536037504)|STATEMENT_EXECUTE|[175]
09:05:16.0 (536146382)|VARIABLE_ASSIGNMENT|[EXTERNAL]|this|{"enforceFLS":false,"fields":"0x22162a58","order":"0x1a8686bd","sortSelectFields":true,"table":"common.apex.runtime.impl.ApexSObjectTypeToken@51c638ac"}|0x57283ac0
09:05:16.0 (557206924)|VARIABLE_SCOPE_BEGIN|[110]|fflib_SecurityUtils.BYPASS_INTERNAL_FLS_AND_CRUD|Boolean|false|true
09:05:16.0 (557226449)|HEAP_ALLOCATE|[175]|Bytes:58
09:05:16.0 (557237096)|HEAP_ALLOCATE|[175]|Bytes:75
09:05:16.0 (557252093)|METHOD_ENTRY|[31]|01pm0000000Yfb2|fflib_SecurityUtils.fflib_SecurityUtils()
09:05:16.0 (557259214)|STATEMENT_EXECUTE|[31]
09:05:16.0 (557263604)|STATEMENT_EXECUTE|[31]
09:05:16.0 (557266163)|STATEMENT_EXECUTE|[41]
09:05:16.0 (557267709)|STATEMENT_EXECUTE|[50]
09:05:16.0 (557269243)|STATEMENT_EXECUTE|[78]
09:05:16.0 (557270824)|STATEMENT_EXECUTE|[110]
09:05:16.0 (557277347)|HEAP_ALLOCATE|[110]|Bytes:5
09:05:16.0 (557288442)|VARIABLE_ASSIGNMENT|[110]|fflib_SecurityUtils.BYPASS_INTERNAL_FLS_AND_CRUD|false
09:05:16.0 (557295960)|METHOD_EXIT|[31]|fflib_SecurityUtils
09:05:16.0 (557311878)|METHOD_ENTRY|[175]|01pm0000000Yfb2|fflib_SecurityUtils.checkObjectIsReadable(Schema.SObjectType)
09:05:16.0 (557319423)|VARIABLE_SCOPE_BEGIN|[317]|objType|Schema.SObjectType|true|false
09:05:16.0 (557390816)|VARIABLE_ASSIGNMENT|[317]|objType|"common.apex.runtime.impl.ApexSObjectTypeToken@51c638ac"|0x51c638ac
09:05:16.0 (557401246)|STATEMENT_EXECUTE|[318]
09:05:16.0 (557407056)|STATEMENT_EXECUTE|[319]
09:05:16.0 (557668084)|HEAP_ALLOCATE|[321]|Bytes:4
09:05:16.0 (557700263)|STATEMENT_EXECUTE|[321]
09:05:16.0 (557706805)|METHOD_EXIT|[175]|01pm0000000Yfb2|fflib_SecurityUtils.checkObjectIsReadable(Schema.SObjectType)
09:05:16.0 (557713878)|STATEMENT_EXECUTE|[176]
09:05:16.0 (557717369)|METHOD_EXIT|[395]|01pm0000000Yfar|fflib_QueryFactory.assertIsAccessible()
09:05:16.0 (557723385)|STATEMENT_EXECUTE|[402]
09:05:16.0 (557736704)|METHOD_ENTRY|[402]|01pm0000000Yfar|fflib_QueryFactory.setEnforceFLS(Boolean)
09:05:16.0 (557753127)|VARIABLE_SCOPE_BEGIN|[185]|this|fflib_QueryFactory|true|false
09:05:16.0 (557880855)|VARIABLE_ASSIGNMENT|[185]|this|{"enforceFLS":false,"fields":"0x22162a58","order":"0x1a8686bd","sortSelectFields":true,"table":"common.apex.runtime.impl.ApexSObjectTypeToken@51c638ac"}|0x57283ac0
09:05:16.0 (557891555)|VARIABLE_SCOPE_BEGIN|[185]|enforce|Boolean|false|false
09:05:16.0 (557900345)|VARIABLE_ASSIGNMENT|[185]|enforce|false
09:05:16.0 (557907762)|STATEMENT_EXECUTE|[185]
09:05:16.0 (557909607)|STATEMENT_EXECUTE|[186]
09:05:16.0 (557916759)|VARIABLE_ASSIGNMENT|[186]|this.enforceFLS|false|0x57283ac0
09:05:16.0 (557921836)|STATEMENT_EXECUTE|[187]
09:05:16.0 (557927339)|METHOD_EXIT|[402]|01pm0000000Yfar|fflib_QueryFactory.setEnforceFLS(Boolean)
09:05:16.0 (557934662)|STATEMENT_EXECUTE|[406]
09:05:16.0 (557936358)|STATEMENT_EXECUTE|[408]
09:05:16.0 (557945018)|METHOD_ENTRY|[408]|01p3600000JWdhN|OrgWideEmailAddressesSelector.getSObjectFieldList()
09:05:16.0 (557963261)|VARIABLE_SCOPE_BEGIN|[14]|this|OrgWideEmailAddressesSelector|true|false
09:05:16.0 (557995619)|VARIABLE_ASSIGNMENT|[14]|this|{"registrationEmailAddress":"registration@matsonm (8 more) ...","m_enforceCRUD":true,"m_enforceFLS":false,"m_includeFieldSetFields":false,"m_sortSelectFields":true}|0x178b82d2
09:05:16.0 (558009704)|HEAP_ALLOCATE|[16]|Bytes:5
09:05:16.0 (558015947)|STATEMENT_EXECUTE|[15]
09:05:16.0 (558018469)|STATEMENT_EXECUTE|[16]
09:05:16.0 (558029423)|HEAP_ALLOCATE|[16]|Bytes:4
09:05:16.0 (558054156)|HEAP_ALLOCATE|[16]|Bytes:2
09:05:16.0 (558127034)|HEAP_ALLOCATE|[16]|Bytes:11
09:05:16.0 (558157158)|HEAP_ALLOCATE|[16]|Bytes:7
09:05:16.0 (558182407)|METHOD_EXIT|[408]|01p3600000JWdhN|OrgWideEmailAddressesSelector.getSObjectFieldList()
09:05:16.0 (558199715)|METHOD_ENTRY|[408]|01pm0000000Yfar|fflib_QueryFactory.selectFields(List<Schema.SObjectField>)
09:05:16.0 (558206359)|VARIABLE_SCOPE_BEGIN|[263]|this|fflib_QueryFactory|true|false
09:05:16.0 (558319605)|VARIABLE_ASSIGNMENT|[263]|this|{"enforceFLS":false,"fields":"0x22162a58","order":"0x1a8686bd","sortSelectFields":true,"table":"common.apex.runtime.impl.ApexSObjectTypeToken@51c638ac"}|0x57283ac0
09:05:16.0 (558329833)|VARIABLE_SCOPE_BEGIN|[263]|fields|List<Schema.SObjectField>|true|false
09:05:16.0 (558352883)|HEAP_ALLOCATE|[EXTERNAL]|Bytes:16
09:05:16.0 (558449638)|VARIABLE_ASSIGNMENT|[263]|fields|"common.apex.runtime.impl.ScalarList@e69ebbd0"|0x76fa0fb2
09:05:16.0 (558460872)|STATEMENT_EXECUTE|[263]
09:05:16.0 (558538240)|HEAP_ALLOCATE|[264]|Bytes:5
09:05:16.0 (558561655)|VARIABLE_SCOPE_BEGIN|[264]|token|Schema.SObjectField|true|false
09:05:16.0 (558628499)|VARIABLE_ASSIGNMENT|[264]|token|"common.apex.runtime.impl.ApexFieldToken@787be2b6"|0x787be2b6
09:05:16.0 (558638460)|STATEMENT_EXECUTE|[264]
09:05:16.0 (558640864)|STATEMENT_EXECUTE|[265]
09:05:16.0 (558645147)|STATEMENT_EXECUTE|[267]
09:05:16.0 (558646692)|STATEMENT_EXECUTE|[269]
09:05:16.0 (558658814)|METHOD_ENTRY|[269]|01pm0000000Yfar|fflib_QueryFactory.getFieldTokenPath(Schema.SObjectField)
09:05:16.0 (558676202)|VARIABLE_SCOPE_BEGIN|[127]|field|Schema.SObjectField|true|false
09:05:16.0 (558736486)|VARIABLE_ASSIGNMENT|[127]|field|"common.apex.runtime.impl.ApexFieldToken@787be2b6"|0x787be2b6
09:05:16.0 (558745716)|STATEMENT_EXECUTE|[127]
09:05:16.0 (558747844)|STATEMENT_EXECUTE|[128]
09:05:16.0 (558749405)|STATEMENT_EXECUTE|[131]
09:05:16.0 (562656879)|HEAP_ALLOCATE|[131]|Bytes:8
09:05:16.0 (562684999)|HEAP_ALLOCATE|[131]|Bytes:2
09:05:16.0 (562694078)|METHOD_EXIT|[269]|01pm0000000Yfar|fflib_QueryFactory.getFieldTokenPath(Schema.SObjectField)
09:05:16.0 (562710444)|HEAP_ALLOCATE|[EXTERNAL]|Bytes:4
09:05:16.0 (562726783)|HEAP_ALLOCATE|[264]|Bytes:5
09:05:16.0 (562742994)|VARIABLE_SCOPE_BEGIN|[264]|token|Schema.SObjectField|true|false
09:05:16.0 (562814230)|VARIABLE_ASSIGNMENT|[264]|token|"common.apex.runtime.impl.ApexFieldToken@140a2e0b"|0x140a2e0b
09:05:16.0 (562830879)|STATEMENT_EXECUTE|[264]
09:05:16.0 (562833937)|STATEMENT_EXECUTE|[265]
09:05:16.0 (562837276)|STATEMENT_EXECUTE|[267]
09:05:16.0 (562838845)|STATEMENT_EXECUTE|[269]
09:05:16.0 (562845204)|METHOD_ENTRY|[269]|01pm0000000Yfar|fflib_QueryFactory.getFieldTokenPath(Schema.SObjectField)
09:05:16.0 (562852689)|VARIABLE_SCOPE_BEGIN|[127]|field|Schema.SObjectField|true|false
09:05:16.0 (562911809)|VARIABLE_ASSIGNMENT|[127]|field|"common.apex.runtime.impl.ApexFieldToken@140a2e0b"|0x140a2e0b
09:05:16.0 (562920810)|STATEMENT_EXECUTE|[127]
09:05:16.0 (562922870)|STATEMENT_EXECUTE|[128]
09:05:16.0 (562924456)|STATEMENT_EXECUTE|[131]
09:05:16.0 (563065307)|HEAP_ALLOCATE|[131]|Bytes:8
09:05:16.0 (563080920)|HEAP_ALLOCATE|[131]|Bytes:11
09:05:16.0 (563089999)|METHOD_EXIT|[269]|01pm0000000Yfar|fflib_QueryFactory.getFieldTokenPath(Schema.SObjectField)
09:05:16.0 (563101703)|HEAP_ALLOCATE|[EXTERNAL]|Bytes:4
09:05:16.0 (563116414)|HEAP_ALLOCATE|[264]|Bytes:5
09:05:16.0 (563131250)|VARIABLE_SCOPE_BEGIN|[264]|token|Schema.SObjectField|true|false
09:05:16.0 (563197438)|VARIABLE_ASSIGNMENT|[264]|token|"common.apex.runtime.impl.ApexFieldToken@3054a6e6"|0x3054a6e6
09:05:16.0 (563206582)|STATEMENT_EXECUTE|[264]
09:05:16.0 (563209167)|STATEMENT_EXECUTE|[265]
09:05:16.0 (563212790)|STATEMENT_EXECUTE|[267]
09:05:16.0 (563214407)|STATEMENT_EXECUTE|[269]
09:05:16.0 (563220319)|METHOD_ENTRY|[269]|01pm0000000Yfar|fflib_QueryFactory.getFieldTokenPath(Schema.SObjectField)
09:05:16.0 (563227191)|VARIABLE_SCOPE_BEGIN|[127]|field|Schema.SObjectField|true|false
09:05:16.0 (563284291)|VARIABLE_ASSIGNMENT|[127]|field|"common.apex.runtime.impl.ApexFieldToken@3054a6e6"|0x3054a6e6
09:05:16.0 (563293619)|STATEMENT_EXECUTE|[127]
09:05:16.0 (563295789)|STATEMENT_EXECUTE|[128]
09:05:16.0 (563297433)|STATEMENT_EXECUTE|[131]
09:05:16.0 (563420625)|HEAP_ALLOCATE|[131]|Bytes:8
09:05:16.0 (563435446)|HEAP_ALLOCATE|[131]|Bytes:7
09:05:16.0 (563442717)|METHOD_EXIT|[269]|01pm0000000Yfar|fflib_QueryFactory.getFieldTokenPath(Schema.SObjectField)
09:05:16.0 (563453767)|HEAP_ALLOCATE|[EXTERNAL]|Bytes:4
09:05:16.0 (563468419)|HEAP_ALLOCATE|[264]|Bytes:5
09:05:16.0 (563481367)|VARIABLE_ASSIGNMENT|[264]|token|null|
09:05:16.0 (563487527)|STATEMENT_EXECUTE|[271]
09:05:16.0 (563491891)|METHOD_EXIT|[408]|01pm0000000Yfar|fflib_QueryFactory.selectFields(List<Schema.SObjectField>)
09:05:16.0 (563497073)|STATEMENT_EXECUTE|[410]
09:05:16.0 (563506148)|METHOD_ENTRY|[410]|01pm0000000Yfay|fflib_SObjectSelector.getSObjectFieldSetList()
09:05:16.0 (563557076)|VARIABLE_SCOPE_BEGIN|[142]|this|fflib_SObjectSelector|true|false
09:05:16.0 (563596523)|VARIABLE_ASSIGNMENT|[142]|this|{"registrationEmailAddress":"registration@matsonm (8 more) ...","m_enforceCRUD":true,"m_enforceFLS":false,"m_includeFieldSetFields":false,"m_sortSelectFields":true}|0x178b82d2
09:05:16.0 (563611323)|HEAP_ALLOCATE|[144]|Bytes:5
09:05:16.0 (563616812)|STATEMENT_EXECUTE|[143]
09:05:16.0 (563618560)|STATEMENT_EXECUTE|[144]
09:05:16.0 (563624687)|METHOD_EXIT|[410]|01pm0000000Yfay|fflib_SObjectSelector.getSObjectFieldSetList()
09:05:16.0 (563630900)|VARIABLE_SCOPE_BEGIN|[410]|fieldSetList|List<Schema.FieldSet>|true|false
09:05:16.0 (563639980)|VARIABLE_ASSIGNMENT|[410]|fieldSetList|null|
09:05:16.0 (563647302)|STATEMENT_EXECUTE|[411]
09:05:16.0 (563679065)|HEAP_ALLOCATE|[416]|Bytes:93
09:05:16.0 (563689515)|SYSTEM_METHOD_ENTRY|[1]|UserInfo.UserInfo()
09:05:16.0 (563694637)|STATEMENT_EXECUTE|[1]
09:05:16.0 (563700081)|SYSTEM_METHOD_EXIT|[1]|UserInfo
09:05:16.0 (563710151)|METHOD_ENTRY|[416]||System.UserInfo.isMultiCurrencyOrganization()
09:05:16.0 (563738809)|METHOD_EXIT|[416]||System.UserInfo.isMultiCurrencyOrganization()
09:05:16.0 (563745379)|STATEMENT_EXECUTE|[416]
09:05:16.0 (563754034)|METHOD_ENTRY|[421]|01p3600000JWdhN|OrgWideEmailAddressesSelector.getOrderBy()
09:05:16.0 (563768544)|VARIABLE_SCOPE_BEGIN|[33]|this|OrgWideEmailAddressesSelector|true|false
09:05:16.0 (563802150)|VARIABLE_ASSIGNMENT|[33]|this|{"registrationEmailAddress":"registration@matsonm (8 more) ...","m_enforceCRUD":true,"m_enforceFLS":false,"m_includeFieldSetFields":false,"m_sortSelectFields":true}|0x178b82d2
09:05:16.0 (563814843)|HEAP_ALLOCATE|[34]|Bytes:5
09:05:16.0 (563821102)|STATEMENT_EXECUTE|[33]
09:05:16.0 (563822911)|STATEMENT_EXECUTE|[34]
09:05:16.0 (563834369)|METHOD_EXIT|[421]|01p3600000JWdhN|OrgWideEmailAddressesSelector.getOrderBy()
09:05:16.0 (563840345)|HEAP_ALLOCATE|[421]|Bytes:1
09:05:16.0 (563877592)|HEAP_ALLOCATE|[421]|Bytes:11
09:05:16.0 (563883054)|HEAP_ALLOCATE|[421]|Bytes:8
09:05:16.0 (563912231)|HEAP_ALLOCATE|[421]|Bytes:5
09:05:16.0 (563924714)|VARIABLE_SCOPE_BEGIN|[421]|orderBy|String|false|false
09:05:16.0 (563935734)|VARIABLE_ASSIGNMENT|[421]|orderBy|"DisplayName"
09:05:16.0 (563941081)|STATEMENT_EXECUTE|[422]
09:05:16.0 (563943443)|STATEMENT_EXECUTE|[424]
09:05:16.0 (563969198)|HEAP_ALLOCATE|[424]|Bytes:11
09:05:16.0 (563979486)|HEAP_ALLOCATE|[424]|Bytes:1
09:05:16.0 (563993680)|HEAP_ALLOCATE|[424]|Bytes:11
09:05:16.0 (563997668)|HEAP_ALLOCATE|[424]|Bytes:8
09:05:16.0 (564005539)|VARIABLE_SCOPE_BEGIN|[424]|orderByParts|List<String>|true|false
09:05:16.0 (564026555)|HEAP_ALLOCATE|[EXTERNAL]|Bytes:8
09:05:16.0 (564037096)|VARIABLE_ASSIGNMENT|[424]|orderByParts|["DisplayName"]|0x7e6d0b33
09:05:16.0 (564044307)|STATEMENT_EXECUTE|[425]
09:05:16.0 (564053446)|HEAP_ALLOCATE|[425]|Bytes:11
09:05:16.0 (564059598)|VARIABLE_SCOPE_BEGIN|[425]|fieldNamePart|String|false|false
09:05:16.0 (564069244)|VARIABLE_ASSIGNMENT|[425]|fieldNamePart|"DisplayName"
09:05:16.0 (564073682)|STATEMENT_EXECUTE|[426]
09:05:16.0 (564094251)|VARIABLE_SCOPE_BEGIN|[426]|fieldSortOrderPart|String|false|false
09:05:16.0 (564103610)|VARIABLE_ASSIGNMENT|[426]|fieldSortOrderPart|null
09:05:16.0 (564108659)|STATEMENT_EXECUTE|[427]
09:05:16.0 (564266595)|HEAP_ALLOCATE|[427]|Bytes:12
09:05:16.0 (564274878)|HEAP_ALLOCATE|[427]|Bytes:9
09:05:16.0 (564306338)|HEAP_ALLOCATE|[427]|Bytes:12
09:05:16.0 (564311731)|HEAP_ALLOCATE|[427]|Bytes:10
09:05:16.0 (564324583)|VARIABLE_SCOPE_BEGIN|[427]|fieldSortOrder|fflib_QueryFactory.SortOrder|true|false
09:05:16.0 (564346422)|VARIABLE_ASSIGNMENT|[427]|fieldSortOrder|"ASCENDING"|0x2f919842
09:05:16.0 (564354182)|STATEMENT_EXECUTE|[429]
09:05:16.0 (564361000)|VARIABLE_ASSIGNMENT|[429]|fieldSortOrder|"ASCENDING"|0x2f919842
09:05:16.0 (564367827)|STATEMENT_EXECUTE|[434]
09:05:16.0 (564380755)|METHOD_ENTRY|[434]|01pm0000000Yfar|fflib_QueryFactory.addOrdering(String, fflib_QueryFactory.SortOrder)
09:05:16.0 (564395606)|VARIABLE_SCOPE_BEGIN|[541]|this|fflib_QueryFactory|true|false
09:05:16.0 (564514522)|VARIABLE_ASSIGNMENT|[541]|this|{"enforceFLS":false,"fields":"0x22162a58","order":"0x1a8686bd","sortSelectFields":true,"table":"common.apex.runtime.impl.ApexSObjectTypeToken@51c638ac"}|0x57283ac0
09:05:16.0 (564523944)|VARIABLE_SCOPE_BEGIN|[541]|fieldName|String|false|false
09:05:16.0 (564532703)|VARIABLE_ASSIGNMENT|[541]|fieldName|"DisplayName"
09:05:16.0 (564537463)|VARIABLE_SCOPE_BEGIN|[541]|direction|fflib_QueryFactory.SortOrder|true|false
09:05:16.0 (564548596)|VARIABLE_ASSIGNMENT|[541]|direction|"ASCENDING"|0x2f919842
09:05:16.0 (564557194)|STATEMENT_EXECUTE|[541]
09:05:16.0 (564558983)|STATEMENT_EXECUTE|[542]
09:05:16.0 (564581185)|HEAP_ALLOCATE|[543]|Bytes:31
09:05:16.0 (564593189)|HEAP_ALLOCATE|[543]|Bytes:16
09:05:16.0 (564605486)|METHOD_ENTRY|[543]|01pm0000000Yfar|fflib_QueryFactory.getFieldPath(String)
09:05:16.0 (564620251)|VARIABLE_SCOPE_BEGIN|[87]|this|fflib_QueryFactory|true|false
09:05:16.0 (564727329)|VARIABLE_ASSIGNMENT|[87]|this|{"enforceFLS":false,"fields":"0x22162a58","order":"0x1a8686bd","sortSelectFields":true,"table":"common.apex.runtime.impl.ApexSObjectTypeToken@51c638ac"}|0x57283ac0
09:05:16.0 (564736125)|VARIABLE_SCOPE_BEGIN|[87]|fieldName|String|false|false
09:05:16.0 (564745933)|VARIABLE_ASSIGNMENT|[87]|fieldName|"DisplayName"
09:05:16.0 (564752544)|STATEMENT_EXECUTE|[87]
09:05:16.0 (564756212)|HEAP_ALLOCATE|[88]|Bytes:1
09:05:16.0 (564797175)|STATEMENT_EXECUTE|[88]
09:05:16.0 (564799531)|STATEMENT_EXECUTE|[89]
09:05:16.0 (564912841)|VARIABLE_ASSIGNMENT|[EXTERNAL]|this|{"enforceFLS":false,"fields":"0x22162a58","order":"0x1a8686bd","sortSelectFields":true,"table":"common.apex.runtime.impl.ApexSObjectTypeToken@51c638ac"}|0x57283ac0
09:05:16.0 (564933020)|HEAP_ALLOCATE|[89]|Bytes:120
09:05:16.0 (564939246)|HEAP_ALLOCATE|[89]|Bytes:252
09:05:16.0 (564943079)|HEAP_ALLOCATE|[89]|Bytes:84
09:05:16.0 (564956324)|METHOD_ENTRY|[39]|01pm0000000Yfat|fflib_SObjectDescribe.fflib_SObjectDescribe()
09:05:16.0 (564962555)|STATEMENT_EXECUTE|[39]
09:05:16.0 (564966026)|STATEMENT_EXECUTE|[39]
09:05:16.0 (564968323)|STATEMENT_EXECUTE|[242]
09:05:16.0 (564970063)|STATEMENT_EXECUTE|[317]
09:05:16.0 (564971601)|STATEMENT_EXECUTE|[338]
09:05:16.0 (564973171)|STATEMENT_EXECUTE|[356]
09:05:16.0 (564974771)|STATEMENT_EXECUTE|[357]
09:05:16.0 (564976363)|STATEMENT_EXECUTE|[358]
09:05:16.0 (564979798)|METHOD_EXIT|[39]|fflib_SObjectDescribe
09:05:16.0 (564993216)|METHOD_ENTRY|[89]|01pm0000000Yfat|fflib_SObjectDescribe.getDescribe(Schema.SObjectType)
09:05:16.0 (564999615)|VARIABLE_SCOPE_BEGIN|[197]|token|Schema.SObjectType|true|false
09:05:16.0 (565060522)|VARIABLE_ASSIGNMENT|[197]|token|"common.apex.runtime.impl.ApexSObjectTypeToken@51c638ac"|0x51c638ac
09:05:16.0 (565070744)|STATEMENT_EXECUTE|[197]
09:05:16.0 (565073218)|STATEMENT_EXECUTE|[198]
09:05:16.0 (565074927)|STATEMENT_EXECUTE|[200]
09:05:16.0 (565124802)|STATEMENT_EXECUTE|[177]
09:05:16.0 (565128841)|STATEMENT_EXECUTE|[179]
09:05:16.0 (565141215)|HEAP_ALLOCATE|[179]|Bytes:4
09:05:16.0 (565175155)|VARIABLE_ASSIGNMENT|[179]|fflib_SObjectDescribe.instanceCache|{}|0x526f7c11
09:05:16.0 (565182111)|STATEMENT_EXECUTE|[180]
09:05:16.0 (565207868)|HEAP_ALLOCATE|[200]|Bytes:19
09:05:16.0 (565224203)|HEAP_ALLOCATE|[200]|Bytes:19
09:05:16.0 (565244196)|VARIABLE_SCOPE_BEGIN|[200]|result|fflib_SObjectDescribe|true|false
09:05:16.0 (565253959)|VARIABLE_ASSIGNMENT|[200]|result|null|
09:05:16.0 (565259284)|STATEMENT_EXECUTE|[202]
09:05:16.0 (565444721)|HEAP_ALLOCATE|[202]|Bytes:28
09:05:16.0 (565460592)|CONSTRUCTOR_ENTRY|[202]|01pm0000000Yfat|<init>(Schema.SObjectType)|fflib_SObjectDescribe
09:05:16.0 (565481687)|VARIABLE_SCOPE_BEGIN|[77]|this|fflib_SObjectDescribe|true|false
09:05:16.0 (565514635)|VARIABLE_ASSIGNMENT|[77]|this|{}|0x35b0a3e2
09:05:16.0 (565521475)|VARIABLE_SCOPE_BEGIN|[77]|token|Schema.SObjectType|true|false
09:05:16.0 (565589450)|VARIABLE_ASSIGNMENT|[77]|token|"common.apex.runtime.impl.ApexSObjectTypeToken@51c638ac"|0x51c638ac
09:05:16.0 (565599224)|STATEMENT_EXECUTE|[39]
09:05:16.0 (565601204)|STATEMENT_EXECUTE|[41]
09:05:16.0 (565602820)|STATEMENT_EXECUTE|[42]
09:05:16.0 (565604467)|STATEMENT_EXECUTE|[43]
09:05:16.0 (565605985)|STATEMENT_EXECUTE|[51]
09:05:16.0 (565607525)|STATEMENT_EXECUTE|[59]
09:05:16.0 (565609125)|STATEMENT_EXECUTE|[67]
09:05:16.0 (565623791)|STATEMENT_EXECUTE|[77]
09:05:16.0 (565625953)|STATEMENT_EXECUTE|[78]
09:05:16.0 (565641371)|STATEMENT_EXECUTE|[177]
09:05:16.0 (565644309)|STATEMENT_EXECUTE|[178]
09:05:16.0 (565645910)|STATEMENT_EXECUTE|[180]
09:05:16.0 (565663587)|HEAP_ALLOCATE|[80]|Bytes:19
09:05:16.0 (565682111)|STATEMENT_EXECUTE|[80]
09:05:16.0 (565684090)|STATEMENT_EXECUTE|[82]
09:05:16.0 (565745038)|VARIABLE_ASSIGNMENT|[82]|this.token|"common.apex.runtime.impl.ApexSObjectTypeToken@51c638ac"|0x35b0a3e2
09:05:16.0 (565753239)|STATEMENT_EXECUTE|[83]
09:05:16.0 (565766704)|STATEMENT_EXECUTE|[177]
09:05:16.0 (565769224)|STATEMENT_EXECUTE|[178]
09:05:16.0 (565770802)|STATEMENT_EXECUTE|[180]
09:05:16.0 (565784793)|HEAP_ALLOCATE|[83]|Bytes:19
09:05:16.0 (565798655)|HEAP_ALLOCATE|[83]|Bytes:19
09:05:16.0 (565813423)|HEAP_ALLOCATE|[EXTERNAL]|Bytes:-4
09:05:16.0 (565830568)|CONSTRUCTOR_EXIT|[202]|01pm0000000Yfat|<init>(Schema.SObjectType)|fflib_SObjectDescribe
09:05:16.0 (565918301)|VARIABLE_ASSIGNMENT|[202]|result|{"token":"common.apex.runtime.impl.ApexSObjectTypeToken@51c638ac"}|0x35b0a3e2
09:05:16.0 (565926674)|STATEMENT_EXECUTE|[203]
09:05:16.0 (565932616)|METHOD_EXIT|[89]|01pm0000000Yfat|fflib_SObjectDescribe.getDescribe(Schema.SObjectType)
09:05:16.0 (565948400)|HEAP_ALLOCATE|[89]|Bytes:11
09:05:16.0 (565969612)|METHOD_ENTRY|[89]|01pm0000000Yfat|fflib_SObjectDescribe.getField(String)
09:05:16.0 (565977159)|VARIABLE_SCOPE_BEGIN|[96]|this|fflib_SObjectDescribe|true|false
09:05:16.0 (566057606)|VARIABLE_ASSIGNMENT|[96]|this|{"token":"common.apex.runtime.impl.ApexSObjectTypeToken@51c638ac"}|0x35b0a3e2
09:05:16.0 (566066237)|VARIABLE_SCOPE_BEGIN|[96]|name|String|false|false
09:05:16.0 (566075250)|VARIABLE_ASSIGNMENT|[96]|name|"displayname"
09:05:16.0 (566082078)|STATEMENT_EXECUTE|[96]
09:05:16.0 (566083973)|STATEMENT_EXECUTE|[97]
09:05:16.0 (566094719)|METHOD_ENTRY|[97]|01pm0000000Yfat|fflib_SObjectDescribe.getField(String, Boolean)
09:05:16.0 (566108309)|VARIABLE_SCOPE_BEGIN|[104]|this|fflib_SObjectDescribe|true|false
09:05:16.0 (566185620)|VARIABLE_ASSIGNMENT|[104]|this|{"token":"common.apex.runtime.impl.ApexSObjectTypeToken@51c638ac"}|0x35b0a3e2
09:05:16.0 (566193339)|VARIABLE_SCOPE_BEGIN|[104]|fieldName|String|false|false
09:05:16.0 (566201975)|VARIABLE_ASSIGNMENT|[104]|fieldName|"displayname"
09:05:16.0 (566208917)|VARIABLE_SCOPE_BEGIN|[104]|implyNamespace|Boolean|false|false
09:05:16.0 (566216325)|VARIABLE_ASSIGNMENT|[104]|implyNamespace|true
09:05:16.0 (566222902)|STATEMENT_EXECUTE|[104]
09:05:16.0 (566224871)|STATEMENT_EXECUTE|[105]
09:05:16.0 (566319300)|VARIABLE_ASSIGNMENT|[EXTERNAL]|this|{"token":"common.apex.runtime.impl.ApexSObjectTypeToken@51c638ac"}|0x35b0a3e2
09:05:16.0 (566332364)|STATEMENT_EXECUTE|[68]
09:05:16.0 (566336409)|STATEMENT_EXECUTE|[69]
09:05:16.0 (566338083)|STATEMENT_EXECUTE|[70]
09:05:16.0 (566343598)|HEAP_ALLOCATE|[70]|Bytes:15
09:05:16.0 (566360442)|HEAP_ALLOCATE|[70]|Bytes:12
09:05:16.0 (566454419)|VARIABLE_ASSIGNMENT|[EXTERNAL]|this|{"token":"common.apex.runtime.impl.ApexSObjectTypeToken@51c638ac"}|0x35b0a3e2
09:05:16.0 (566463867)|STATEMENT_EXECUTE|[52]
09:05:16.0 (566467094)|STATEMENT_EXECUTE|[54]
09:05:16.0 (566553073)|VARIABLE_ASSIGNMENT|[EXTERNAL]|this|{"token":"common.apex.runtime.impl.ApexSObjectTypeToken@51c638ac"}|0x35b0a3e2
09:05:16.0 (566561227)|STATEMENT_EXECUTE|[44]
09:05:16.0 (566564203)|STATEMENT_EXECUTE|[46]
09:05:16.0 (566596062)|HEAP_ALLOCATE|[46]|Bytes:4
09:05:16.0 (566669665)|VARIABLE_ASSIGNMENT|[46]|this.describe|"common.api.soap.wsdl.DescribeSObjectResult@c4b6a7a8"|0x35b0a3e2
09:05:16.0 (566679098)|STATEMENT_EXECUTE|[47]
09:05:16.0 (567215753)|HEAP_ALLOCATE|[54]|Bytes:40
09:05:16.0 (567386878)|VARIABLE_ASSIGNMENT|[54]|this.fields|"{address=Address, createdbyid=CreatedById, createddate=CreatedDate, displayname=DisplayName, id=Id, isallowallprofiles=IsAllowAllProfiles, lastmodifiedbyid=LastModifiedById, lastmodifieddate=LastModifiedDate, systemmodstamp=SystemModstamp}"|0x35b0a3e2
09:05:16.0 (567399489)|STATEMENT_EXECUTE|[55]
09:05:16.0 (567423070)|CONSTRUCTOR_ENTRY|[70]|01pm0000000Yfat|<init>(Map<String,Schema.SObjectField>)|fflib_SObjectDescribe.FieldsMap
09:05:16.0 (567436280)|VARIABLE_SCOPE_BEGIN|[320]|this|fflib_SObjectDescribe.FieldsMap|true|false
09:05:16.0 (567460710)|VARIABLE_ASSIGNMENT|[320]|this|{}|0x69364e0c
09:05:16.0 (567467891)|VARIABLE_SCOPE_BEGIN|[320]|values|Map<String,Schema.SObjectField>|true|false
09:05:16.0 (567602427)|VARIABLE_ASSIGNMENT|[320]|values|"{address=Address, createdbyid=CreatedById, createddate=CreatedDate, displayname=DisplayName, id=Id, isallowallprofiles=IsAllowAllProfiles, lastmodifiedbyid=LastModifiedById, lastmodifieddate=LastModifiedDate, systemmodstamp=SystemModstamp}"|0x2197f3f5
09:05:16.0 (567617182)|STATEMENT_EXECUTE|[317]
09:05:16.0 (567619449)|STATEMENT_EXECUTE|[321]
09:05:16.0 (567627746)|HEAP_ALLOCATE|[321]|Bytes:35
09:05:16.0 (567643978)|CONSTRUCTOR_ENTRY|[321]|01pm0000000Yfat|<init>(Map<String,ANY>)|fflib_SObjectDescribe.NamespacedAttributeMap
09:05:16.0 (567689950)|VARIABLE_SCOPE_BEGIN|[247]|this|fflib_SObjectDescribe.NamespacedAttributeMap|true|false
09:05:16.0 (567713499)|VARIABLE_ASSIGNMENT|[247]|this|{}|0x69364e0c
09:05:16.0 (567725444)|VARIABLE_SCOPE_BEGIN|[247]|values|Map<String,ANY>|true|false
09:05:16.0 (567873977)|VARIABLE_ASSIGNMENT|[247]|values|"{address=Address, createdbyid=CreatedById, createddate=CreatedDate, displayname=DisplayName, id=Id, isallowallprofiles=IsAllowAllProfiles, lastmodifiedbyid=LastModifiedById, lastmodifieddate=LastModifiedDate, systemmodstamp=SystemModstamp}"|0x2197f3f5
09:05:16.0 (567885630)|STATEMENT_EXECUTE|[242]
09:05:16.0 (567887653)|STATEMENT_EXECUTE|[244]
09:05:16.0 (567889304)|STATEMENT_EXECUTE|[245]
09:05:16.0 (567906304)|STATEMENT_EXECUTE|[247]
09:05:16.0 (567908149)|STATEMENT_EXECUTE|[249]
09:05:16.0 (567911862)|HEAP_ALLOCATE|[249]|Bytes:21
09:05:16.0 (567951707)|HEAP_ALLOCATE|[249]|Bytes:8
09:05:16.0 (567959850)|HEAP_ALLOCATE|[249]|Bytes:8
09:05:16.0 (567964077)|VARIABLE_SCOPE_BEGIN|[4]|this|System.Type|true|false
09:05:16.0 (567981463)|VARIABLE_ASSIGNMENT|[4]|this|{}|0x4b81fc2a
09:05:16.0 (567987202)|VARIABLE_SCOPE_BEGIN|[4]|apextype|java:common.apex.runtime.ApexObjectType|true|false
09:05:16.0 (568055682)|VARIABLE_ASSIGNMENT|[4]|apextype|"fflib_SObjectDescribe"|0x6cff4956
09:05:16.0 (568086060)|HEAP_ALLOCATE|[249]|Bytes:8
09:05:16.0 (568099662)|METHOD_ENTRY|[249]||System.Type.getName()
09:05:16.0 (568137293)|METHOD_EXIT|[249]||System.Type.getName()
09:05:16.0 (568188297)|STATEMENT_EXECUTE|[250]
09:05:16.0 (568195800)|CONSTRUCTOR_EXIT|[321]|01pm0000000Yfat|<init>(Map<String,ANY>)|fflib_SObjectDescribe.NamespacedAttributeMap
09:05:16.0 (568202830)|STATEMENT_EXECUTE|[320]
09:05:16.0 (568206634)|CONSTRUCTOR_EXIT|[70]|01pm0000000Yfat|<init>(Map<String,Schema.SObjectField>)|fflib_SObjectDescribe.FieldsMap
09:05:16.0 (568217619)|VARIABLE_ASSIGNMENT|[70]|this.wrappedFields|0x69364e0c|0x35b0a3e2
09:05:16.0 (568223674)|STATEMENT_EXECUTE|[72]
09:05:16.0 (568230410)|HEAP_ALLOCATE|[106]|Bytes:3
09:05:16.0 (568275728)|METHOD_ENTRY|[105]|01pm0000000Yfat|fflib_SObjectDescribe.FieldsMap.get(String, Boolean)
09:05:16.0 (568283432)|VARIABLE_SCOPE_BEGIN|[327]|this|fflib_SObjectDescribe.FieldsMap|true|false
09:05:16.0 (568306456)|VARIABLE_ASSIGNMENT|[327]|this|{"currentNamespace":"","values":"0x2197f3f5"}|0x69364e0c
09:05:16.0 (568313086)|VARIABLE_SCOPE_BEGIN|[327]|name|String|false|false
09:05:16.0 (568321733)|VARIABLE_ASSIGNMENT|[327]|name|"displayname"
09:05:16.0 (568328143)|VARIABLE_SCOPE_BEGIN|[327]|implyNamespace|Boolean|false|false
09:05:16.0 (568336417)|VARIABLE_ASSIGNMENT|[327]|implyNamespace|true
09:05:16.0 (568343237)|STATEMENT_EXECUTE|[327]
09:05:16.0 (568345023)|STATEMENT_EXECUTE|[328]
09:05:16.0 (568354635)|METHOD_ENTRY|[328]|01pm0000000Yfat|fflib_SObjectDescribe.NamespacedAttributeMap.getObject(String, Boolean)
09:05:16.0 (568371838)|VARIABLE_SCOPE_BEGIN|[265]|this|fflib_SObjectDescribe.NamespacedAttributeMap|true|false
09:05:16.0 (568391278)|VARIABLE_ASSIGNMENT|[265]|this|{"currentNamespace":"","values":"0x2197f3f5"}|0x69364e0c
09:05:16.0 (568397734)|VARIABLE_SCOPE_BEGIN|[265]|name|String|false|false
09:05:16.0 (568406054)|VARIABLE_ASSIGNMENT|[265]|name|"displayname"
09:05:16.0 (568411731)|VARIABLE_SCOPE_BEGIN|[265]|implyNamespace|Boolean|false|false
09:05:16.0 (568419339)|VARIABLE_ASSIGNMENT|[265]|implyNamespace|true
09:05:16.0 (568424604)|STATEMENT_EXECUTE|[265]
09:05:16.0 (568426880)|STATEMENT_EXECUTE|[266]
09:05:16.0 (568428543)|STATEMENT_EXECUTE|[268]
09:05:16.0 (568433616)|HEAP_ALLOCATE|[268]|Bytes:2
09:05:16.0 (568443867)|HEAP_ALLOCATE|[268]|Bytes:2
09:05:16.0 (568448860)|HEAP_ALLOCATE|[268]|Bytes:13
09:05:16.0 (568467040)|HEAP_ALLOCATE|[268]|Bytes:13
09:05:16.0 (568476503)|VARIABLE_SCOPE_BEGIN|[268]|preferredValue|String|false|false
09:05:16.0 (568487079)|VARIABLE_ASSIGNMENT|[268]|preferredValue|"__displayname"
09:05:16.0 (568514669)|STATEMENT_EXECUTE|[271]
09:05:16.0 (568516940)|STATEMENT_EXECUTE|[272]
09:05:16.0 (568530450)|HEAP_ALLOCATE|[272]|Bytes:11
09:05:16.0 (568551743)|METHOD_EXIT|[328]|01pm0000000Yfat|fflib_SObjectDescribe.NamespacedAttributeMap.getObject(String, Boolean)
09:05:16.0 (568560180)|METHOD_EXIT|[105]|01pm0000000Yfat|fflib_SObjectDescribe.FieldsMap.get(String, Boolean)
09:05:16.0 (568565515)|VARIABLE_SCOPE_BEGIN|[105]|result|Schema.SObjectField|true|false
09:05:16.0 (568632350)|VARIABLE_ASSIGNMENT|[105]|result|"common.apex.runtime.impl.ApexFieldToken@140a2e0b"|0x140a2e0b
09:05:16.0 (568641218)|STATEMENT_EXECUTE|[111]
09:05:16.0 (568643097)|STATEMENT_EXECUTE|[114]
09:05:16.0 (568647441)|METHOD_EXIT|[97]|01pm0000000Yfat|fflib_SObjectDescribe.getField(String, Boolean)
09:05:16.0 (568653817)|METHOD_EXIT|[89]|01pm0000000Yfat|fflib_SObjectDescribe.getField(String)
09:05:16.0 (568659765)|VARIABLE_SCOPE_BEGIN|[89]|token|Schema.SObjectField|true|false
09:05:16.0 (568715565)|VARIABLE_ASSIGNMENT|[89]|token|"common.apex.runtime.impl.ApexFieldToken@140a2e0b"|0x140a2e0b
09:05:16.0 (568723697)|STATEMENT_EXECUTE|[90]
09:05:16.0 (568729192)|STATEMENT_EXECUTE|[92]
09:05:16.0 (568730915)|STATEMENT_EXECUTE|[94]
09:05:16.0 (568772450)|HEAP_ALLOCATE|[94]|Bytes:8
09:05:16.0 (568787718)|HEAP_ALLOCATE|[94]|Bytes:11
09:05:16.0 (568794698)|METHOD_EXIT|[543]|01pm0000000Yfar|fflib_QueryFactory.getFieldPath(String)
09:05:16.0 (568813528)|CONSTRUCTOR_ENTRY|[543]|01pm0000000Yfar|<init>(String,fflib_QueryFactory.SortOrder)|fflib_QueryFactory.Ordering
09:05:16.0 (568831542)|VARIABLE_SCOPE_BEGIN|[662]|this|fflib_QueryFactory.Ordering|true|false
09:05:16.0 (568853193)|VARIABLE_ASSIGNMENT|[662]|this|{}|0x545270c7
09:05:16.0 (568859588)|VARIABLE_SCOPE_BEGIN|[662]|field|String|false|false
09:05:16.0 (568868752)|VARIABLE_ASSIGNMENT|[662]|field|"DisplayName"
09:05:16.0 (568873254)|VARIABLE_SCOPE_BEGIN|[662]|direction|fflib_QueryFactory.SortOrder|true|false
09:05:16.0 (568885894)|VARIABLE_ASSIGNMENT|[662]|direction|"ASCENDING"|0x2f919842
09:05:16.0 (568893556)|STATEMENT_EXECUTE|[663]
09:05:16.0 (568903314)|CONSTRUCTOR_ENTRY|[663]|01pm0000000Yfar|<init>(String,fflib_QueryFactory.SortOrder,Boolean)|fflib_QueryFactory.Ordering
09:05:16.0 (568934968)|VARIABLE_SCOPE_BEGIN|[666]|this|fflib_QueryFactory.Ordering|true|false
09:05:16.0 (568950306)|VARIABLE_ASSIGNMENT|[666]|this|{}|0x545270c7
09:05:16.0 (568956630)|VARIABLE_SCOPE_BEGIN|[666]|field|String|false|false
09:05:16.0 (568964989)|VARIABLE_ASSIGNMENT|[666]|field|"DisplayName"
09:05:16.0 (568969837)|VARIABLE_SCOPE_BEGIN|[666]|direction|fflib_QueryFactory.SortOrder|true|false
09:05:16.0 (568979932)|VARIABLE_ASSIGNMENT|[666]|direction|"ASCENDING"|0x2f919842
09:05:16.0 (568987431)|VARIABLE_SCOPE_BEGIN|[666]|nullsLast|Boolean|false|false
09:05:16.0 (568994686)|VARIABLE_ASSIGNMENT|[666]|nullsLast|false
09:05:16.0 (569000643)|STATEMENT_EXECUTE|[640]
09:05:16.0 (569003207)|STATEMENT_EXECUTE|[641]
09:05:16.0 (569004922)|STATEMENT_EXECUTE|[642]
09:05:16.0 (569006590)|STATEMENT_EXECUTE|[643]
09:05:16.0 (569019710)|STATEMENT_EXECUTE|[666]
09:05:16.0 (569021557)|STATEMENT_EXECUTE|[667]
09:05:16.0 (569026675)|VARIABLE_ASSIGNMENT|[667]|this.direction|0x2f919842|0x545270c7
09:05:16.0 (569032292)|STATEMENT_EXECUTE|[668]
09:05:16.0 (569037675)|VARIABLE_ASSIGNMENT|[668]|this.field|"DisplayName"|0x545270c7
09:05:16.0 (569043144)|STATEMENT_EXECUTE|[669]
09:05:16.0 (569046845)|HEAP_ALLOCATE|[669]|Bytes:5
09:05:16.0 (569053592)|VARIABLE_ASSIGNMENT|[669]|this.nullsLast|false|0x545270c7
09:05:16.0 (569064715)|CONSTRUCTOR_EXIT|[663]|01pm0000000Yfar|<init>(String,fflib_QueryFactory.SortOrder,Boolean)|fflib_QueryFactory.Ordering
09:05:16.0 (569071305)|STATEMENT_EXECUTE|[662]
09:05:16.0 (569075419)|CONSTRUCTOR_EXIT|[543]|01pm0000000Yfar|<init>(String,fflib_QueryFactory.SortOrder)|fflib_QueryFactory.Ordering
09:05:16.0 (569106072)|HEAP_ALLOCATE|[EXTERNAL]|Bytes:4
09:05:16.0 (569115086)|STATEMENT_EXECUTE|[545]
09:05:16.0 (569119907)|METHOD_EXIT|[434]|01pm0000000Yfar|fflib_QueryFactory.addOrdering(String, fflib_QueryFactory.SortOrder)
09:05:16.0 (569132727)|HEAP_ALLOCATE|[421]|Bytes:5
09:05:16.0 (569144793)|VARIABLE_ASSIGNMENT|[421]|orderBy|null
09:05:16.0 (569150889)|STATEMENT_EXECUTE|[437]
09:05:16.0 (569163348)|METHOD_ENTRY|[437]|01pm0000000Yfar|fflib_QueryFactory.setSortSelectFields(Boolean)
09:05:16.0 (569175478)|VARIABLE_SCOPE_BEGIN|[196]|this|fflib_QueryFactory|true|false
09:05:16.0 (569290414)|VARIABLE_ASSIGNMENT|[196]|this|{"enforceFLS":false,"fields":"0x22162a58","order":"0x1a8686bd","sortSelectFields":true,"table":"common.apex.runtime.impl.ApexSObjectTypeToken@51c638ac"}|0x57283ac0
09:05:16.0 (569299466)|VARIABLE_SCOPE_BEGIN|[196]|doSort|Boolean|false|false
09:05:16.0 (569307764)|VARIABLE_ASSIGNMENT|[196]|doSort|true
09:05:16.0 (569314816)|STATEMENT_EXECUTE|[196]
09:05:16.0 (569316537)|STATEMENT_EXECUTE|[197]
09:05:16.0 (569322975)|VARIABLE_ASSIGNMENT|[197]|this.sortSelectFields|true|0x57283ac0
09:05:16.0 (569327816)|STATEMENT_EXECUTE|[198]
09:05:16.0 (569332728)|METHOD_EXIT|[437]|01pm0000000Yfar|fflib_QueryFactory.setSortSelectFields(Boolean)
09:05:16.0 (569339104)|STATEMENT_EXECUTE|[439]
09:05:16.0 (569346586)|METHOD_EXIT|[318]|01pm0000000Yfay|fflib_SObjectSelector.configureQueryFactory(fflib_QueryFactory, Boolean, Boolean, Boolean)
09:05:16.0 (569353658)|METHOD_EXIT|[300]|01pm0000000Yfay|fflib_SObjectSelector.newQueryFactory(Boolean, Boolean, Boolean)
09:05:16.0 (569359776)|METHOD_EXIT|[38]|01pm0000000Yfay|fflib_SObjectSelector.newQueryFactory()
09:05:16.0 (569365543)|VARIABLE_SCOPE_BEGIN|[38]|orgWideEmailAddressQueryFactory|fflib_QueryFactory|true|false
09:05:16.0 (569466307)|VARIABLE_ASSIGNMENT|[38]|orgWideEmailAddressQueryFactory|{"enforceFLS":false,"fields":"0x22162a58","order":"0x1a8686bd","sortSelectFields":true,"table":"common.apex.runtime.impl.ApexSObjectTypeToken@51c638ac"}|0x57283ac0
09:05:16.0 (569475596)|STATEMENT_EXECUTE|[40]
09:05:16.0 (569486835)|METHOD_ENTRY|[40]|01pm0000000Yfar|fflib_QueryFactory.toSOQL()
09:05:16.0 (569501938)|VARIABLE_SCOPE_BEGIN|[571]|this|fflib_QueryFactory|true|false
09:05:16.0 (569600813)|VARIABLE_ASSIGNMENT|[571]|this|{"enforceFLS":false,"fields":"0x22162a58","order":"0x1a8686bd","sortSelectFields":true,"table":"common.apex.runtime.impl.ApexSObjectTypeToken@51c638ac"}|0x57283ac0
09:05:16.0 (569611487)|STATEMENT_EXECUTE|[571]
09:05:16.0 (569613415)|STATEMENT_EXECUTE|[572]
09:05:16.0 (569616709)|HEAP_ALLOCATE|[572]|Bytes:7
09:05:16.0 (569622743)|VARIABLE_SCOPE_BEGIN|[572]|result|String|false|false
09:05:16.0 (569632846)|VARIABLE_ASSIGNMENT|[572]|result|"SELECT "
09:05:16.0 (569661412)|STATEMENT_EXECUTE|[577]
09:05:16.0 (569663452)|STATEMENT_EXECUTE|[578]
09:05:16.0 (569673278)|HEAP_ALLOCATE|[578]|Bytes:4
09:05:16.0 (569701766)|HEAP_ALLOCATE|[578]|Bytes:12
09:05:16.0 (569709419)|VARIABLE_SCOPE_BEGIN|[578]|fieldsToQuery|List<String>|true|false
09:05:16.0 (569730100)|HEAP_ALLOCATE|[EXTERNAL]|Bytes:16
09:05:16.0 (569741277)|VARIABLE_ASSIGNMENT|[578]|fieldsToQuery|["Id","DisplayName","Address"]|0x13dffa87
09:05:16.0 (569750040)|STATEMENT_EXECUTE|[580]
09:05:16.0 (569751808)|STATEMENT_EXECUTE|[581]
09:05:16.0 (569775439)|STATEMENT_EXECUTE|[584]
09:05:16.0 (569778862)|HEAP_ALLOCATE|[584]|Bytes:2
09:05:16.0 (569813172)|HEAP_ALLOCATE|[584]|Bytes:5
09:05:16.0 (569820053)|HEAP_ALLOCATE|[584]|Bytes:7
09:05:16.0 (569830276)|HEAP_ALLOCATE|[584]|Bytes:5
09:05:16.0 (569835193)|HEAP_ALLOCATE|[584]|Bytes:11
09:05:16.0 (569839856)|HEAP_ALLOCATE|[584]|Bytes:5
09:05:16.0 (569843361)|HEAP_ALLOCATE|[584]|Bytes:2
09:05:16.0 (569847274)|HEAP_ALLOCATE|[584]|Bytes:5
09:05:16.0 (569850588)|HEAP_ALLOCATE|[584]|Bytes:24
09:05:16.0 (569863241)|HEAP_ALLOCATE|[584]|Bytes:31
09:05:16.0 (569873640)|VARIABLE_ASSIGNMENT|[584]|result|"SELECT Address, Disp (11 more) ..."
09:05:16.0 (569881888)|STATEMENT_EXECUTE|[587]
09:05:16.0 (569883619)|STATEMENT_EXECUTE|[592]
09:05:16.0 (569886173)|HEAP_ALLOCATE|[592]|Bytes:6
09:05:16.0 (570002232)|VARIABLE_ASSIGNMENT|[EXTERNAL]|this|{"enforceFLS":false,"fields":"0x22162a58","order":"0x1a8686bd","sortSelectFields":true,"table":"common.apex.runtime.impl.ApexSObjectTypeToken@51c638ac"}|0x57283ac0
09:05:16.0 (570040219)|HEAP_ALLOCATE|[592]|Bytes:4
09:05:16.0 (570055814)|HEAP_ALLOCATE|[592]|Bytes:19
09:05:16.0 (570062349)|HEAP_ALLOCATE|[592]|Bytes:25
09:05:16.0 (570067868)|HEAP_ALLOCATE|[592]|Bytes:56
09:05:16.0 (570077295)|VARIABLE_ASSIGNMENT|[592]|result|"SELECT Address, Disp (36 more) ..."
09:05:16.0 (570084691)|STATEMENT_EXECUTE|[593]
09:05:16.0 (570105898)|STATEMENT_EXECUTE|[596]
09:05:16.0 (570107814)|STATEMENT_EXECUTE|[597]
09:05:16.0 (570110723)|HEAP_ALLOCATE|[597]|Bytes:10
09:05:16.0 (570116953)|HEAP_ALLOCATE|[597]|Bytes:66
09:05:16.0 (570126058)|VARIABLE_ASSIGNMENT|[597]|result|"SELECT Address, Disp (46 more) ..."
09:05:16.0 (570249642)|HEAP_ALLOCATE|[598]|Bytes:5
09:05:16.0 (570262442)|HEAP_ALLOCATE|[598]|Bytes:16
09:05:16.0 (570268560)|VARIABLE_SCOPE_BEGIN|[598]|o|fflib_QueryFactory.Ordering|true|false
09:05:16.0 (570292547)|VARIABLE_ASSIGNMENT|[598]|o|{"direction":"0x2f919842","field":"DisplayName","nullsLast":false}|0x545270c7
09:05:16.0 (570299019)|STATEMENT_EXECUTE|[599]
09:05:16.0 (570311543)|METHOD_ENTRY|[599]|01pm0000000Yfar|fflib_QueryFactory.Ordering.toSOQL()
09:05:16.0 (570325396)|VARIABLE_SCOPE_BEGIN|[677]|this|fflib_QueryFactory.Ordering|true|false
09:05:16.0 (570344303)|VARIABLE_ASSIGNMENT|[677]|this|{"direction":"0x2f919842","field":"DisplayName","nullsLast":false}|0x545270c7
09:05:16.0 (570352015)|STATEMENT_EXECUTE|[677]
09:05:16.0 (570353853)|STATEMENT_EXECUTE|[678]
09:05:16.0 (570417336)|HEAP_ALLOCATE|[678]|Bytes:3
09:05:16.0 (570424525)|HEAP_ALLOCATE|[678]|Bytes:13
09:05:16.0 (570433353)|HEAP_ALLOCATE|[678]|Bytes:28
09:05:16.0 (570438680)|METHOD_EXIT|[599]|01pm0000000Yfar|fflib_QueryFactory.Ordering.toSOQL()
09:05:16.0 (570445119)|HEAP_ALLOCATE|[599]|Bytes:30
09:05:16.0 (570450622)|HEAP_ALLOCATE|[599]|Bytes:96
09:05:16.0 (570459398)|VARIABLE_ASSIGNMENT|[599]|result|"SELECT Address, Disp (76 more) ..."
09:05:16.0 (570471755)|HEAP_ALLOCATE|[598]|Bytes:5
09:05:16.0 (570481641)|VARIABLE_ASSIGNMENT|[598]|o|null|
09:05:16.0 (570487104)|STATEMENT_EXECUTE|[600]
09:05:16.0 (570521898)|HEAP_ALLOCATE|[600]|Bytes:94
09:05:16.0 (570534802)|VARIABLE_ASSIGNMENT|[600]|result|"SELECT Address, Disp (74 more) ..."
09:05:16.0 (570541184)|STATEMENT_EXECUTE|[603]
09:05:16.0 (570543514)|STATEMENT_EXECUTE|[606]
09:05:16.0 (570545196)|STATEMENT_EXECUTE|[609]
09:05:16.0 (570548849)|METHOD_EXIT|[40]|01pm0000000Yfar|fflib_QueryFactory.toSOQL()
09:05:16.0 (570781105)|SOQL_EXECUTE_BEGIN|[40]|Aggregations:0|SELECT Address, DisplayName, Id FROM OrgWideEmailAddress ORDER BY DisplayName ASC NULLS FIRST 
09:05:16.0 (576055277)|SOQL_EXECUTE_END|[40]|Rows:1
09:05:16.0 (576077885)|HEAP_ALLOCATE|[40]|Bytes:8
09:05:16.0 (576095705)|HEAP_ALLOCATE|[40]|Bytes:94
09:05:16.0 (576155495)|HEAP_ALLOCATE|[40]|Bytes:8
09:05:16.0 (576173010)|METHOD_EXIT|[82]|01p3600000JWdhN|OrgWideEmailAddressesSelector.selectAll()
09:05:16.0 (576272186)|HEAP_ALLOCATE|[82]|Bytes:5
09:05:16.0 (576305500)|HEAP_ALLOCATE|[82]|Bytes:16
09:05:16.0 (576315045)|VARIABLE_SCOPE_BEGIN|[82]|orgWideEmailAddress|OrgWideEmailAddress|true|false
09:05:16.0 (576338404)|VARIABLE_ASSIGNMENT|[82]|orgWideEmailAddress|{"Address":"registration@matsonm (8 more) ...","DisplayName":"Mark Matson","Id":"0D236000000L933CAC"}|0x68dc8986
09:05:16.0 (576347328)|STATEMENT_EXECUTE|[82]
09:05:16.0 (576416680)|STATEMENT_EXECUTE|[84]
09:05:16.0 (576419199)|STATEMENT_EXECUTE|[85]
09:05:16.0 (576445410)|HEAP_ALLOCATE|[85]|Bytes:18
09:05:16.0 (576502472)|HEAP_ALLOCATE|[EXTERNAL]|Bytes:4
09:05:16.0 (576520078)|HEAP_ALLOCATE|[82]|Bytes:5
09:05:16.0 (576533865)|VARIABLE_ASSIGNMENT|[82]|orgWideEmailAddress|null|
09:05:16.0 (576539712)|STATEMENT_EXECUTE|[89]
09:05:16.0 (576544333)|SYSTEM_MODE_EXIT|false
09:05:16.0 (577961409)|VF_SERIALIZE_VIEWSTATE_BEGIN|06636000006g5Bt
09:05:16.0 (601505454)|VF_SERIALIZE_VIEWSTATE_END
09:05:16.624 (624989197)|CUMULATIVE_LIMIT_USAGE
09:05:16.624 (624989197)|LIMIT_USAGE_FOR_NS|(default)|
  Number of SOQL queries: 1 out of 100
  Number of query rows: 59 out of 50000
  Number of SOSL queries: 0 out of 20
  Number of DML statements: 0 out of 150
  Number of DML rows: 0 out of 10000
  Maximum CPU time: 77 out of 10000
  Maximum heap size: 0 out of 6000000
  Number of callouts: 0 out of 100
  Number of Email Invocations: 0 out of 10
  Number of future calls: 0 out of 50
  Number of queueable jobs added to the queue: 0 out of 50
  Number of Mobile Apex push calls: 0 out of 10

09:05:16.624 (624989197)|CUMULATIVE_LIMIT_USAGE_END

09:05:16.0 (625032631)|CODE_UNIT_FINISHED|VF: /apex/Mass_Email_Event_Registrants
09:05:16.0 (625908219)|EXECUTION_FINISHED
