36.0 APEX_CODE,FINEST;APEX_PROFILING,INFO;CALLOUT,INFO;DB,INFO;NBA,INFO;SYSTEM,DEBUG;VALIDATION,INFO;VISUALFORCE,INFO;WAVE,INFO;WORKFLOW,INFO
13:37:09.0 (355992)|USER_INFO|[EXTERNAL]|00518000002hPQO|matthew.billups@matsonmoney.com.mbill|Mountain Standard Time|GMT-07:00
13:37:09.0 (390191)|EXECUTION_STARTED
13:37:09.0 (394835)|CODE_UNIT_STARTED|[EXTERNAL]|066180000001Aq4|VF: /apex/DeepCloneMatsonEventFlowRedirect
13:37:09.0 (939532)|VF_DESERIALIZE_VIEWSTATE_BEGIN|066180000001Aq4
13:37:09.0 (7927441)|VF_DESERIALIZE_VIEWSTATE_END
13:37:09.0 (98044543)|VF_SERIALIZE_VIEWSTATE_BEGIN|066180000001Aq4
13:37:09.0 (101210960)|VF_SERIALIZE_VIEWSTATE_END
13:37:09.103 (103875092)|CUMULATIVE_LIMIT_USAGE
13:37:09.103 (103875092)|LIMIT_USAGE_FOR_NS|(default)|
  Number of SOQL queries: 2 out of 100
  Number of query rows: 252 out of 50000
  Number of SOSL queries: 0 out of 20
  Number of DML statements: 0 out of 150
  Number of DML rows: 0 out of 10000
  Maximum CPU time: 0 out of 10000
  Maximum heap size: 0 out of 6000000
  Number of callouts: 0 out of 100
  Number of Email Invocations: 0 out of 10
  Number of future calls: 0 out of 50
  Number of queueable jobs added to the queue: 0 out of 50
  Number of Mobile Apex push calls: 0 out of 10

13:37:09.103 (103875092)|CUMULATIVE_LIMIT_USAGE_END

13:37:09.0 (103913396)|CODE_UNIT_FINISHED|VF: /apex/DeepCloneMatsonEventFlowRedirect
13:37:09.0 (104829269)|EXECUTION_FINISHED
