36.0 APEX_CODE,FINEST;APEX_PROFILING,INFO;CALLOUT,INFO;DB,INFO;NBA,INFO;SYSTEM,DEBUG;VALIDATION,INFO;VISUALFORCE,INFO;WAVE,INFO;WORKFLOW,INFO
14:57:23.0 (317302)|USER_INFO|[EXTERNAL]|00518000002hPQO|matthew.billups@matsonmoney.com.mbill|Mountain Standard Time|GMT-07:00
14:57:23.0 (350072)|EXECUTION_STARTED
14:57:23.0 (354842)|CODE_UNIT_STARTED|[EXTERNAL]|066180000001Aq4|VF: /apex/DeepCloneMatsonEventFlowRedirect
14:57:23.17 (17558693)|FLOW_CREATE_INTERVIEW_BEGIN||30036000000U6ba|301180000002xBM
14:57:23.17 (17953618)|FLOW_CREATE_INTERVIEW_END|24742e23f051d5d4db6556cd66c916612486ae4-7e26|Deep Clone Matson Event
14:57:23.18 (18052083)|FLOW_START_INTERVIEW_BEGIN|24742e23f051d5d4db6556cd66c916612486ae4-7e26|Deep Clone Matson Event
14:57:23.18 (132675273)|FLOW_START_INTERVIEW_END|24742e23f051d5d4db6556cd66c916612486ae4-7e26|Deep Clone Matson Event
14:57:23.0 (186092126)|VF_SERIALIZE_VIEWSTATE_BEGIN|066180000001Aq4
14:57:23.0 (189434530)|VF_SERIALIZE_VIEWSTATE_END
14:57:23.191 (191821682)|CUMULATIVE_LIMIT_USAGE
14:57:23.191 (191821682)|LIMIT_USAGE_FOR_NS|(default)|
  Number of SOQL queries: 7 out of 100
  Number of query rows: 507 out of 50000
  Number of SOSL queries: 0 out of 20
  Number of DML statements: 0 out of 150
  Number of DML rows: 0 out of 10000
  Maximum CPU time: 0 out of 10000
  Maximum heap size: 0 out of 6000000
  Number of callouts: 0 out of 100
  Number of Email Invocations: 0 out of 10
  Number of future calls: 0 out of 50
  Number of queueable jobs added to the queue: 0 out of 50
  Number of Mobile Apex push calls: 0 out of 10

14:57:23.191 (191821682)|CUMULATIVE_LIMIT_USAGE_END

14:57:23.0 (191859036)|CODE_UNIT_FINISHED|VF: /apex/DeepCloneMatsonEventFlowRedirect
14:57:23.0 (192754852)|EXECUTION_FINISHED
