44.0 APEX_CODE,FINEST;APEX_PROFILING,INFO;CALLOUT,INFO;DB,INFO;NBA,INFO;SYSTEM,DEBUG;VALIDATION,INFO;VISUALFORCE,INFO;WAVE,INFO;WORKFLOW,INFO
13:12:28.0 (304347)|EXECUTION_STARTED
13:12:28.0 (329083)|CODE_UNIT_STARTED|[EXTERNAL]|VisualForce View State
13:12:28.0 (5427749)|HEAP_ALLOCATE|[72]|Bytes:3
13:12:28.0 (5516198)|HEAP_ALLOCATE|[77]|Bytes:152
13:12:28.0 (5535474)|HEAP_ALLOCATE|[342]|Bytes:408
13:12:28.0 (5548231)|HEAP_ALLOCATE|[355]|Bytes:408
13:12:28.0 (5558855)|HEAP_ALLOCATE|[467]|Bytes:48
13:12:28.0 (5589170)|HEAP_ALLOCATE|[139]|Bytes:6
13:12:28.0 (5617275)|HEAP_ALLOCATE|[50]|Bytes:5
13:12:28.0 (5640817)|HEAP_ALLOCATE|[56]|Bytes:5
13:12:28.0 (5648485)|HEAP_ALLOCATE|[64]|Bytes:7
13:12:28.0 (10164818)|CODE_UNIT_FINISHED|VisualForce View State
13:12:28.0 (11253586)|EXECUTION_FINISHED
13:12:28.12 (12737020)|SYSTEM_MODE_ENTER|true
13:12:28.12 (12796215)|HEAP_ALLOCATE|[EXTERNAL]|Bytes:400
13:12:28.12 (12817313)|HEAP_ALLOCATE|[EXTERNAL]|Bytes:235
13:12:28.74 (74695937)|CUMULATIVE_LIMIT_USAGE
13:12:28.74 (74695937)|LIMIT_USAGE_FOR_NS|(default)|
  Number of SOQL queries: 0 out of 100
  Number of query rows: 0 out of 50000
  Number of SOSL queries: 0 out of 20
  Number of DML statements: 0 out of 150
  Number of DML rows: 0 out of 10000
  Maximum CPU time: 0 out of 10000
  Maximum heap size: 0 out of 6000000
  Number of callouts: 0 out of 100
  Number of Email Invocations: 0 out of 10
  Number of future calls: 0 out of 50
  Number of queueable jobs added to the queue: 0 out of 50
  Number of Mobile Apex push calls: 0 out of 10

13:12:28.74 (74695937)|CUMULATIVE_LIMIT_USAGE_END

