42.0 APEX_CODE,FINEST;APEX_PROFILING,INFO;CALLOUT,INFO;DB,INFO;NBA,INFO;SYSTEM,DEBUG;VALIDATION,INFO;VISUALFORCE,INFO;WAVE,INFO;WORKFLOW,INFO
12:34:16.0 (293252)|USER_INFO|[EXTERNAL]|00518000002hPQO|matthew.billups@matsonmoney.com.mbill|Mountain Standard Time|GMT-07:00
12:34:16.0 (352952)|EXECUTION_STARTED
12:34:16.0 (357585)|CODE_UNIT_STARTED|[EXTERNAL]|01pm0000000YfZf|MassEmailRequestTests.givenEqualsWhenInstancesAreTheSameExpectTrue()
12:34:16.0 (812421)|HEAP_ALLOCATE|[72]|Bytes:3
12:34:16.0 (855089)|HEAP_ALLOCATE|[77]|Bytes:152
12:34:16.0 (870341)|HEAP_ALLOCATE|[342]|Bytes:408
12:34:16.0 (893182)|HEAP_ALLOCATE|[355]|Bytes:408
12:34:16.0 (916022)|HEAP_ALLOCATE|[467]|Bytes:48
12:34:16.0 (947108)|HEAP_ALLOCATE|[139]|Bytes:6
12:34:16.0 (964863)|HEAP_ALLOCATE|[EXTERNAL]|Bytes:2
12:34:16.0 (970883)|HEAP_ALLOCATE|[EXTERNAL]|Bytes:21
12:34:16.0 (983843)|METHOD_ENTRY|[2]|01pm0000000YfZf|MassEmailRequestTests.MassEmailRequestTests()
12:34:16.0 (990570)|STATEMENT_EXECUTE|[2]
12:34:16.0 (994614)|STATEMENT_EXECUTE|[2]
12:34:16.0 (999492)|METHOD_EXIT|[2]|MassEmailRequestTests
12:34:16.0 (1055599)|HEAP_ALLOCATE|[50]|Bytes:5
12:34:16.0 (1078887)|HEAP_ALLOCATE|[56]|Bytes:5
12:34:16.0 (1086906)|HEAP_ALLOCATE|[64]|Bytes:7
12:34:16.0 (1122228)|STATEMENT_EXECUTE|[17]
12:34:16.0 (1124329)|STATEMENT_EXECUTE|[20]
12:34:16.0 (1135779)|METHOD_ENTRY|[20]|01pm0000000YfZf|MassEmailRequestTests.getMassEmailRequest()
12:34:16.0 (6035698)|STATEMENT_EXECUTE|[30]
12:34:16.0 (6039407)|STATEMENT_EXECUTE|[32]
12:34:16.0 (21694384)|HEAP_ALLOCATE|[32]|Bytes:4
12:34:16.0 (21763783)|VARIABLE_SCOPE_BEGIN|[32]|listOfEmailRequests|List<EmailRequest>|true|false
12:34:16.0 (21792200)|HEAP_ALLOCATE|[EXTERNAL]|Bytes:4
12:34:16.0 (21816077)|VARIABLE_ASSIGNMENT|[32]|listOfEmailRequests|[]|0x184dcb18
12:34:16.0 (21823050)|STATEMENT_EXECUTE|[34]
12:34:16.0 (21847254)|HEAP_ALLOCATE|[34]|Bytes:3
12:34:16.0 (21863500)|METHOD_ENTRY|[1]|01pm0000000YfZV|EmailRequest.EmailRequest()
12:34:16.0 (21868911)|STATEMENT_EXECUTE|[1]
12:34:16.0 (21872607)|STATEMENT_EXECUTE|[1]
12:34:16.0 (22282603)|SYSTEM_MODE_ENTER|false
12:34:16.0 (22301437)|HEAP_ALLOCATE|[34]|Bytes:5
12:34:16.0 (22315632)|SYSTEM_MODE_EXIT|false
12:34:16.0 (22326128)|METHOD_EXIT|[1]|EmailRequest
12:34:16.0 (22343505)|HEAP_ALLOCATE|[34]|Bytes:24
12:34:16.0 (22349117)|HEAP_ALLOCATE|[34]|Bytes:7
12:34:16.0 (22430266)|VARIABLE_SCOPE_BEGIN|[29]|fflib_IDGenerator.ID_PATTERN|String|false|true
12:34:16.0 (22439114)|VARIABLE_SCOPE_BEGIN|[28]|fflib_IDGenerator.fakeIdCount|Integer|false|true
12:34:16.0 (22451495)|HEAP_ALLOCATE|[34]|Bytes:2
12:34:16.0 (22456950)|HEAP_ALLOCATE|[34]|Bytes:12
12:34:16.0 (22471151)|VARIABLE_ASSIGNMENT|[34]|fflib_IDGenerator.ID_PATTERN|"000000000000"
12:34:16.0 (22481246)|METHOD_ENTRY|[26]|01pm0000000YfaQ|fflib_IDGenerator.fflib_IDGenerator()
12:34:16.0 (22486066)|STATEMENT_EXECUTE|[26]
12:34:16.0 (22488938)|STATEMENT_EXECUTE|[26]
12:34:16.0 (22494156)|SYSTEM_MODE_ENTER|false
12:34:16.0 (22500657)|HEAP_ALLOCATE|[28]|Bytes:5
12:34:16.0 (22506174)|STATEMENT_EXECUTE|[28]
12:34:16.0 (22510758)|HEAP_ALLOCATE|[28]|Bytes:4
12:34:16.0 (22520558)|VARIABLE_ASSIGNMENT|[28]|fflib_IDGenerator.fakeIdCount|0
12:34:16.0 (22527323)|SYSTEM_MODE_EXIT|false
12:34:16.0 (22533822)|METHOD_EXIT|[26]|fflib_IDGenerator
12:34:16.0 (22547098)|METHOD_ENTRY|[34]|01pm0000000YfaQ|fflib_IDGenerator.generate(Schema.SObjectType)
12:34:16.0 (22561833)|VARIABLE_SCOPE_BEGIN|[34]|sobjectType|Schema.SObjectType|true|false
12:34:16.0 (22672555)|VARIABLE_ASSIGNMENT|[34]|sobjectType|"common.apex.runtime.impl.ApexSObjectTypeToken@496cacae"|0x496cacae
12:34:16.0 (22689708)|SYSTEM_MODE_ENTER|false
12:34:16.0 (22696269)|HEAP_ALLOCATE|[36]|Bytes:5
12:34:16.0 (22701178)|STATEMENT_EXECUTE|[35]
12:34:16.0 (22702805)|STATEMENT_EXECUTE|[36]
12:34:16.0 (23136777)|HEAP_ALLOCATE|[36]|Bytes:4
12:34:16.0 (23170621)|HEAP_ALLOCATE|[36]|Bytes:3
12:34:16.0 (23176776)|VARIABLE_SCOPE_BEGIN|[36]|keyPrefix|String|false|false
12:34:16.0 (23190868)|VARIABLE_ASSIGNMENT|[36]|keyPrefix|"003"
12:34:16.0 (23196107)|STATEMENT_EXECUTE|[37]
12:34:16.0 (23203810)|HEAP_ALLOCATE|[37]|Bytes:4
12:34:16.0 (23212471)|VARIABLE_ASSIGNMENT|[37]|fflib_IDGenerator.fakeIdCount|1
12:34:16.0 (23217239)|STATEMENT_EXECUTE|[39]
12:34:16.0 (23311553)|HEAP_ALLOCATE|[39]|Bytes:1
12:34:16.0 (23358166)|HEAP_ALLOCATE|[39]|Bytes:11
12:34:16.0 (23366906)|VARIABLE_SCOPE_BEGIN|[39]|fakeIdPrefix|String|false|false
12:34:16.0 (23379283)|VARIABLE_ASSIGNMENT|[39]|fakeIdPrefix|"00000000000"
12:34:16.0 (23384174)|STATEMENT_EXECUTE|[41]
12:34:16.0 (23410464)|HEAP_ALLOCATE|[41]|Bytes:1
12:34:16.0 (23427173)|HEAP_ALLOCATE|[41]|Bytes:15
12:34:16.0 (23444646)|HEAP_ALLOCATE|[41]|Bytes:4
12:34:16.0 (23455610)|SYSTEM_MODE_EXIT|false
12:34:16.0 (23465529)|METHOD_EXIT|[34]|01pm0000000YfaQ|fflib_IDGenerator.generate(Schema.SObjectType)
12:34:16.0 (23472183)|HEAP_ALLOCATE|[34]|Bytes:15
12:34:16.0 (23476230)|HEAP_ALLOCATE|[34]|Bytes:7
12:34:16.0 (23498346)|METHOD_ENTRY|[34]|01pm0000000YfaQ|fflib_IDGenerator.generate(Schema.SObjectType)
12:34:16.0 (23505167)|VARIABLE_SCOPE_BEGIN|[34]|sobjectType|Schema.SObjectType|true|false
12:34:16.0 (23563608)|VARIABLE_ASSIGNMENT|[34]|sobjectType|"common.apex.runtime.impl.ApexSObjectTypeToken@192cd28d"|0x192cd28d
12:34:16.0 (23578815)|SYSTEM_MODE_ENTER|false
12:34:16.0 (23585253)|HEAP_ALLOCATE|[36]|Bytes:5
12:34:16.0 (23589832)|STATEMENT_EXECUTE|[35]
12:34:16.0 (23591421)|STATEMENT_EXECUTE|[36]
12:34:16.0 (23914676)|HEAP_ALLOCATE|[36]|Bytes:4
12:34:16.0 (23932175)|HEAP_ALLOCATE|[36]|Bytes:3
12:34:16.0 (23937816)|VARIABLE_SCOPE_BEGIN|[36]|keyPrefix|String|false|false
12:34:16.0 (23951261)|VARIABLE_ASSIGNMENT|[36]|keyPrefix|"001"
12:34:16.0 (23956366)|STATEMENT_EXECUTE|[37]
12:34:16.0 (23961123)|HEAP_ALLOCATE|[37]|Bytes:4
12:34:16.0 (23969732)|VARIABLE_ASSIGNMENT|[37]|fflib_IDGenerator.fakeIdCount|2
12:34:16.0 (23975137)|STATEMENT_EXECUTE|[39]
12:34:16.0 (23996136)|HEAP_ALLOCATE|[39]|Bytes:1
12:34:16.0 (24020535)|HEAP_ALLOCATE|[39]|Bytes:11
12:34:16.0 (24029038)|VARIABLE_SCOPE_BEGIN|[39]|fakeIdPrefix|String|false|false
12:34:16.0 (24039655)|VARIABLE_ASSIGNMENT|[39]|fakeIdPrefix|"00000000000"
12:34:16.0 (24043747)|STATEMENT_EXECUTE|[41]
12:34:16.0 (24052771)|HEAP_ALLOCATE|[41]|Bytes:1
12:34:16.0 (24061959)|HEAP_ALLOCATE|[41]|Bytes:15
12:34:16.0 (24071602)|HEAP_ALLOCATE|[41]|Bytes:4
12:34:16.0 (24080553)|SYSTEM_MODE_EXIT|false
12:34:16.0 (24088996)|METHOD_EXIT|[34]|01pm0000000YfaQ|fflib_IDGenerator.generate(Schema.SObjectType)
12:34:16.0 (24095772)|HEAP_ALLOCATE|[34]|Bytes:23
12:34:16.0 (24115380)|CONSTRUCTOR_ENTRY|[34]|01pm0000000YfZV|<init>(Id,String,Id,String,Boolean)|EmailRequest
12:34:16.0 (24132489)|VARIABLE_SCOPE_BEGIN|[7]|this|EmailRequest|true|false
12:34:16.0 (24169847)|VARIABLE_ASSIGNMENT|[7]|this|{}|0x7bac46fc
12:34:16.0 (24187529)|VARIABLE_SCOPE_BEGIN|[7]|contactId|Id|false|false
12:34:16.0 (24226958)|VARIABLE_ASSIGNMENT|[7]|contactId|"003000000000001AAA"
12:34:16.0 (24233442)|VARIABLE_SCOPE_BEGIN|[7]|toEmailAddress|String|false|false
12:34:16.0 (24249497)|VARIABLE_ASSIGNMENT|[7]|toEmailAddress|"sue@example.com"
12:34:16.0 (24254325)|VARIABLE_SCOPE_BEGIN|[7]|relatedObjectId|Id|false|false
12:34:16.0 (24278151)|VARIABLE_ASSIGNMENT|[7]|relatedObjectId|"001000000000002AAA"
12:34:16.0 (24283511)|VARIABLE_SCOPE_BEGIN|[7]|requestingUsersEmailAddress|String|false|false
12:34:16.0 (24297516)|VARIABLE_ASSIGNMENT|[7]|requestingUsersEmailAddress|"someone@matsonmoney. (3 more) ..."
12:34:16.0 (24309909)|VARIABLE_SCOPE_BEGIN|[7]|isContactOptedOutOfMarketingEmails|Boolean|false|false
12:34:16.0 (24319127)|VARIABLE_ASSIGNMENT|[7]|isContactOptedOutOfMarketingEmails|false
12:34:16.0 (24331030)|SYSTEM_MODE_ENTER|false
12:34:16.0 (24336741)|HEAP_ALLOCATE|[8]|Bytes:5
12:34:16.0 (24341559)|STATEMENT_EXECUTE|[1]
12:34:16.0 (24344529)|HEAP_ALLOCATE|[8]|Bytes:5
12:34:16.0 (24347202)|STATEMENT_EXECUTE|[15]
12:34:16.0 (24348856)|STATEMENT_EXECUTE|[16]
12:34:16.0 (24350197)|STATEMENT_EXECUTE|[17]
12:34:16.0 (24351506)|STATEMENT_EXECUTE|[18]
12:34:16.0 (24352832)|STATEMENT_EXECUTE|[19]
12:34:16.0 (24362617)|HEAP_ALLOCATE|[8]|Bytes:6
12:34:16.0 (24403820)|STATEMENT_EXECUTE|[7]
12:34:16.0 (24405926)|STATEMENT_EXECUTE|[8]
12:34:16.0 (24440874)|VARIABLE_ASSIGNMENT|[8]|this.contactId|"003000000000001AAA"|0x7bac46fc
12:34:16.0 (24447541)|STATEMENT_EXECUTE|[9]
12:34:16.0 (24451663)|HEAP_ALLOCATE|[9]|Bytes:5
12:34:16.0 (24459267)|VARIABLE_ASSIGNMENT|[9]|this.isContactOptedOutOfMarketingEmails|false|0x7bac46fc
12:34:16.0 (24464195)|STATEMENT_EXECUTE|[10]
12:34:16.0 (24469982)|VARIABLE_ASSIGNMENT|[10]|this.toEmailAddress|"sue@example.com"|0x7bac46fc
12:34:16.0 (24475533)|STATEMENT_EXECUTE|[11]
12:34:16.0 (24491752)|VARIABLE_ASSIGNMENT|[11]|this.relatedObjectId|"001000000000002AAA"|0x7bac46fc
12:34:16.0 (24498177)|STATEMENT_EXECUTE|[12]
12:34:16.0 (24505230)|VARIABLE_ASSIGNMENT|[12]|this.requestingUsersEmailAddress|"someone@matsonmoney. (3 more) ..."|0x7bac46fc
12:34:16.0 (24511789)|SYSTEM_MODE_EXIT|false
12:34:16.0 (24524927)|CONSTRUCTOR_EXIT|[34]|01pm0000000YfZV|<init>(Id,String,Id,String,Boolean)|EmailRequest
12:34:16.0 (24544234)|HEAP_ALLOCATE|[EXTERNAL]|Bytes:4
12:34:16.0 (24551926)|STATEMENT_EXECUTE|[35]
12:34:16.0 (24556604)|HEAP_ALLOCATE|[35]|Bytes:24
12:34:16.0 (24583016)|METHOD_ENTRY|[35]|01pm0000000YfaQ|fflib_IDGenerator.generate(Schema.SObjectType)
12:34:16.0 (24597679)|VARIABLE_SCOPE_BEGIN|[34]|sobjectType|Schema.SObjectType|true|false
12:34:16.0 (24629083)|VARIABLE_ASSIGNMENT|[34]|sobjectType|"common.apex.runtime.impl.ApexSObjectTypeToken@496cacae"|0x496cacae
12:34:16.0 (24643240)|SYSTEM_MODE_ENTER|false
12:34:16.0 (24649509)|HEAP_ALLOCATE|[36]|Bytes:5
12:34:16.0 (24654289)|STATEMENT_EXECUTE|[35]
12:34:16.0 (24655866)|STATEMENT_EXECUTE|[36]
12:34:16.0 (24672031)|HEAP_ALLOCATE|[36]|Bytes:4
12:34:16.0 (24684379)|HEAP_ALLOCATE|[36]|Bytes:3
12:34:16.0 (24689511)|VARIABLE_SCOPE_BEGIN|[36]|keyPrefix|String|false|false
12:34:16.0 (24700123)|VARIABLE_ASSIGNMENT|[36]|keyPrefix|"003"
12:34:16.0 (24704677)|STATEMENT_EXECUTE|[37]
12:34:16.0 (24708956)|HEAP_ALLOCATE|[37]|Bytes:4
12:34:16.0 (24716672)|VARIABLE_ASSIGNMENT|[37]|fflib_IDGenerator.fakeIdCount|3
12:34:16.0 (24721076)|STATEMENT_EXECUTE|[39]
12:34:16.0 (24740985)|HEAP_ALLOCATE|[39]|Bytes:1
12:34:16.0 (24766452)|HEAP_ALLOCATE|[39]|Bytes:11
12:34:16.0 (24774101)|VARIABLE_SCOPE_BEGIN|[39]|fakeIdPrefix|String|false|false
12:34:16.0 (24784742)|VARIABLE_ASSIGNMENT|[39]|fakeIdPrefix|"00000000000"
12:34:16.0 (24789150)|STATEMENT_EXECUTE|[41]
12:34:16.0 (24797614)|HEAP_ALLOCATE|[41]|Bytes:1
12:34:16.0 (24806361)|HEAP_ALLOCATE|[41]|Bytes:15
12:34:16.0 (24816853)|HEAP_ALLOCATE|[41]|Bytes:4
12:34:16.0 (24825334)|SYSTEM_MODE_EXIT|false
12:34:16.0 (24832436)|METHOD_EXIT|[35]|01pm0000000YfaQ|fflib_IDGenerator.generate(Schema.SObjectType)
12:34:16.0 (24852934)|METHOD_ENTRY|[35]|01pm0000000YfaQ|fflib_IDGenerator.generate(Schema.SObjectType)
12:34:16.0 (24860104)|VARIABLE_SCOPE_BEGIN|[34]|sobjectType|Schema.SObjectType|true|false
12:34:16.0 (24890549)|VARIABLE_ASSIGNMENT|[34]|sobjectType|"common.apex.runtime.impl.ApexSObjectTypeToken@192cd28d"|0x192cd28d
12:34:16.0 (24903436)|SYSTEM_MODE_ENTER|false
12:34:16.0 (24908786)|HEAP_ALLOCATE|[36]|Bytes:5
12:34:16.0 (24913057)|STATEMENT_EXECUTE|[35]
12:34:16.0 (24914597)|STATEMENT_EXECUTE|[36]
12:34:16.0 (24928356)|HEAP_ALLOCATE|[36]|Bytes:4
12:34:16.0 (24939513)|HEAP_ALLOCATE|[36]|Bytes:3
12:34:16.0 (24943900)|VARIABLE_SCOPE_BEGIN|[36]|keyPrefix|String|false|false
12:34:16.0 (24954419)|VARIABLE_ASSIGNMENT|[36]|keyPrefix|"001"
12:34:16.0 (24959122)|STATEMENT_EXECUTE|[37]
12:34:16.0 (24963015)|HEAP_ALLOCATE|[37]|Bytes:4
12:34:16.0 (24970406)|VARIABLE_ASSIGNMENT|[37]|fflib_IDGenerator.fakeIdCount|4
12:34:16.0 (24974519)|STATEMENT_EXECUTE|[39]
12:34:16.0 (24989584)|HEAP_ALLOCATE|[39]|Bytes:1
12:34:16.0 (25012225)|HEAP_ALLOCATE|[39]|Bytes:11
12:34:16.0 (25020626)|VARIABLE_SCOPE_BEGIN|[39]|fakeIdPrefix|String|false|false
12:34:16.0 (25031102)|VARIABLE_ASSIGNMENT|[39]|fakeIdPrefix|"00000000000"
12:34:16.0 (25035588)|STATEMENT_EXECUTE|[41]
12:34:16.0 (25043718)|HEAP_ALLOCATE|[41]|Bytes:1
12:34:16.0 (25052423)|HEAP_ALLOCATE|[41]|Bytes:15
12:34:16.0 (25061482)|HEAP_ALLOCATE|[41]|Bytes:4
12:34:16.0 (25068994)|SYSTEM_MODE_EXIT|false
12:34:16.0 (25075332)|METHOD_EXIT|[35]|01pm0000000YfaQ|fflib_IDGenerator.generate(Schema.SObjectType)
12:34:16.0 (25088472)|CONSTRUCTOR_ENTRY|[35]|01pm0000000YfZV|<init>(Id,String,Id,String,Boolean)|EmailRequest
12:34:16.0 (25096159)|VARIABLE_SCOPE_BEGIN|[7]|this|EmailRequest|true|false
12:34:16.0 (25115255)|VARIABLE_ASSIGNMENT|[7]|this|{}|0x3cfe08fa
12:34:16.0 (25122118)|VARIABLE_SCOPE_BEGIN|[7]|contactId|Id|false|false
12:34:16.0 (25162257)|VARIABLE_ASSIGNMENT|[7]|contactId|"003000000000003AAA"
12:34:16.0 (25167356)|VARIABLE_SCOPE_BEGIN|[7]|toEmailAddress|String|false|false
12:34:16.0 (25176130)|VARIABLE_ASSIGNMENT|[7]|toEmailAddress|"sue@example.com"
12:34:16.0 (25180199)|VARIABLE_SCOPE_BEGIN|[7]|relatedObjectId|Id|false|false
12:34:16.0 (25202227)|VARIABLE_ASSIGNMENT|[7]|relatedObjectId|"001000000000004AAA"
12:34:16.0 (25206970)|VARIABLE_SCOPE_BEGIN|[7]|requestingUsersEmailAddress|String|false|false
12:34:16.0 (25217036)|VARIABLE_ASSIGNMENT|[7]|requestingUsersEmailAddress|"someone@matsonmoney. (3 more) ..."
12:34:16.0 (25222832)|VARIABLE_SCOPE_BEGIN|[7]|isContactOptedOutOfMarketingEmails|Boolean|false|false
12:34:16.0 (25230555)|VARIABLE_ASSIGNMENT|[7]|isContactOptedOutOfMarketingEmails|false
12:34:16.0 (25239379)|SYSTEM_MODE_ENTER|false
12:34:16.0 (25243743)|HEAP_ALLOCATE|[8]|Bytes:5
12:34:16.0 (25248457)|STATEMENT_EXECUTE|[1]
12:34:16.0 (25251353)|HEAP_ALLOCATE|[8]|Bytes:5
12:34:16.0 (25254486)|STATEMENT_EXECUTE|[15]
12:34:16.0 (25255992)|STATEMENT_EXECUTE|[16]
12:34:16.0 (25257323)|STATEMENT_EXECUTE|[17]
12:34:16.0 (25258663)|STATEMENT_EXECUTE|[18]
12:34:16.0 (25259996)|STATEMENT_EXECUTE|[19]
12:34:16.0 (25274313)|STATEMENT_EXECUTE|[7]
12:34:16.0 (25275884)|STATEMENT_EXECUTE|[8]
12:34:16.0 (25297231)|VARIABLE_ASSIGNMENT|[8]|this.contactId|"003000000000003AAA"|0x3cfe08fa
12:34:16.0 (25303694)|STATEMENT_EXECUTE|[9]
12:34:16.0 (25312430)|HEAP_ALLOCATE|[9]|Bytes:5
12:34:16.0 (25319918)|VARIABLE_ASSIGNMENT|[9]|this.isContactOptedOutOfMarketingEmails|false|0x3cfe08fa
12:34:16.0 (25325375)|STATEMENT_EXECUTE|[10]
12:34:16.0 (25330796)|VARIABLE_ASSIGNMENT|[10]|this.toEmailAddress|"sue@example.com"|0x3cfe08fa
12:34:16.0 (25336761)|STATEMENT_EXECUTE|[11]
12:34:16.0 (25352702)|VARIABLE_ASSIGNMENT|[11]|this.relatedObjectId|"001000000000004AAA"|0x3cfe08fa
12:34:16.0 (25359142)|STATEMENT_EXECUTE|[12]
12:34:16.0 (25365613)|VARIABLE_ASSIGNMENT|[12]|this.requestingUsersEmailAddress|"someone@matsonmoney. (3 more) ..."|0x3cfe08fa
12:34:16.0 (25371984)|SYSTEM_MODE_EXIT|false
12:34:16.0 (25383617)|CONSTRUCTOR_EXIT|[35]|01pm0000000YfZV|<init>(Id,String,Id,String,Boolean)|EmailRequest
12:34:16.0 (25397728)|HEAP_ALLOCATE|[EXTERNAL]|Bytes:4
12:34:16.0 (25404349)|STATEMENT_EXECUTE|[37]
12:34:16.0 (25409157)|HEAP_ALLOCATE|[37]|Bytes:6
12:34:16.0 (25423857)|METHOD_ENTRY|[1]|01p3600000JWdhI|MassEmailRequest.MassEmailRequest()
12:34:16.0 (25429299)|STATEMENT_EXECUTE|[1]
12:34:16.0 (25432401)|STATEMENT_EXECUTE|[1]
12:34:16.0 (25436165)|METHOD_EXIT|[1]|MassEmailRequest
12:34:16.0 (25448140)|HEAP_ALLOCATE|[37]|Bytes:32
12:34:16.0 (25453846)|HEAP_ALLOCATE|[38]|Bytes:19
12:34:16.0 (25491443)|METHOD_ENTRY|[38]|01pm0000000YfaQ|fflib_IDGenerator.generate(Schema.SObjectType)
12:34:16.0 (25506710)|VARIABLE_SCOPE_BEGIN|[34]|sobjectType|Schema.SObjectType|true|false
12:34:16.0 (25545830)|VARIABLE_ASSIGNMENT|[34]|sobjectType|"common.apex.runtime.impl.ApexSObjectTypeToken@96b2c88"|0x96b2c88
12:34:16.0 (25561117)|SYSTEM_MODE_ENTER|false
12:34:16.0 (25566767)|HEAP_ALLOCATE|[36]|Bytes:5
12:34:16.0 (25570938)|STATEMENT_EXECUTE|[35]
12:34:16.0 (25572530)|STATEMENT_EXECUTE|[36]
12:34:16.0 (25663751)|HEAP_ALLOCATE|[36]|Bytes:4
12:34:16.0 (25678228)|HEAP_ALLOCATE|[36]|Bytes:3
12:34:16.0 (25683626)|VARIABLE_SCOPE_BEGIN|[36]|keyPrefix|String|false|false
12:34:16.0 (25694874)|VARIABLE_ASSIGNMENT|[36]|keyPrefix|"0D2"
12:34:16.0 (25699844)|STATEMENT_EXECUTE|[37]
12:34:16.0 (25704612)|HEAP_ALLOCATE|[37]|Bytes:4
12:34:16.0 (25713034)|VARIABLE_ASSIGNMENT|[37]|fflib_IDGenerator.fakeIdCount|5
12:34:16.0 (25718200)|STATEMENT_EXECUTE|[39]
12:34:16.0 (25739266)|HEAP_ALLOCATE|[39]|Bytes:1
12:34:16.0 (25763914)|HEAP_ALLOCATE|[39]|Bytes:11
12:34:16.0 (25772143)|VARIABLE_SCOPE_BEGIN|[39]|fakeIdPrefix|String|false|false
12:34:16.0 (25782364)|VARIABLE_ASSIGNMENT|[39]|fakeIdPrefix|"00000000000"
12:34:16.0 (25787623)|STATEMENT_EXECUTE|[41]
12:34:16.0 (25796130)|HEAP_ALLOCATE|[41]|Bytes:1
12:34:16.0 (25804767)|HEAP_ALLOCATE|[41]|Bytes:15
12:34:16.0 (25813898)|HEAP_ALLOCATE|[41]|Bytes:4
12:34:16.0 (25822154)|SYSTEM_MODE_EXIT|false
12:34:16.0 (25829563)|METHOD_EXIT|[38]|01pm0000000YfaQ|fflib_IDGenerator.generate(Schema.SObjectType)
12:34:16.0 (25841077)|HEAP_ALLOCATE|[37]|Bytes:18
12:34:16.0 (25846056)|HEAP_ALLOCATE|[39]|Bytes:13
12:34:16.0 (25850166)|HEAP_ALLOCATE|[40]|Bytes:17
12:34:16.0 (25863962)|CONSTRUCTOR_ENTRY|[37]|01p3600000JWdhI|<init>(List<EmailRequest>,String,String,String,Boolean,String)|MassEmailRequest
12:34:16.0 (25887434)|VARIABLE_SCOPE_BEGIN|[9]|this|MassEmailRequest|true|false
12:34:16.0 (25913733)|VARIABLE_ASSIGNMENT|[9]|this|{}|0x2f344f8f
12:34:16.0 (25920843)|VARIABLE_SCOPE_BEGIN|[9]|listOfEmailRequests|List<EmailRequest>|true|false
12:34:16.0 (26056346)|VARIABLE_ASSIGNMENT|[EXTERNAL]|this|{"contactId":"003000000000001AAA","isContactOptedOutOfMarketingEmails":false,"relatedObjectId":"001000000000002AAA","requestingUsersEmailAddress":"someone@matsonmoney.com","toEmailAddress":"sue@example.com"}|0x7bac46fc
12:34:16.0 (26144466)|VARIABLE_ASSIGNMENT|[EXTERNAL]|this|{"contactId":"003000000000003AAA","isContactOptedOutOfMarketingEmails":false,"relatedObjectId":"001000000000004AAA","requestingUsersEmailAddress":"someone@matsonmoney.com","toEmailAddress":"sue@example.com"}|0x3cfe08fa
12:34:16.0 (26173018)|VARIABLE_ASSIGNMENT|[9]|listOfEmailRequests|"common.apex.runtime.impl.ScalarList@36daa53f"|0x184dcb18
12:34:16.0 (26181132)|VARIABLE_SCOPE_BEGIN|[9]|orgWideEmailAddressId|String|false|false
12:34:16.0 (26193170)|VARIABLE_ASSIGNMENT|[9]|orgWideEmailAddressId|"0D2000000000005CAA"
12:34:16.0 (26197747)|VARIABLE_SCOPE_BEGIN|[9]|emailTemplateDeveloperName|String|false|false
12:34:16.0 (26206945)|VARIABLE_ASSIGNMENT|[9]|emailTemplateDeveloperName|"template_name"
12:34:16.0 (26212661)|VARIABLE_SCOPE_BEGIN|[9]|emailAddressOverride|String|false|false
12:34:16.0 (26222378)|VARIABLE_ASSIGNMENT|[9]|emailAddressOverride|"frank@example.com"
12:34:16.0 (26229619)|VARIABLE_SCOPE_BEGIN|[9]|isSandboxRequest|Boolean|false|false
12:34:16.0 (26237135)|VARIABLE_ASSIGNMENT|[9]|isSandboxRequest|true
12:34:16.0 (26241474)|VARIABLE_SCOPE_BEGIN|[9]|requestingUsersEmailAddress|String|false|false
12:34:16.0 (26250897)|VARIABLE_ASSIGNMENT|[9]|requestingUsersEmailAddress|"someone@matsonmoney. (3 more) ..."
12:34:16.0 (26257447)|STATEMENT_EXECUTE|[1]
12:34:16.0 (26259198)|STATEMENT_EXECUTE|[24]
12:34:16.0 (26260814)|STATEMENT_EXECUTE|[25]
12:34:16.0 (26262189)|STATEMENT_EXECUTE|[26]
12:34:16.0 (26263519)|STATEMENT_EXECUTE|[27]
12:34:16.0 (26264927)|STATEMENT_EXECUTE|[28]
12:34:16.0 (26266286)|STATEMENT_EXECUTE|[29]
12:34:16.0 (26267593)|STATEMENT_EXECUTE|[30]
12:34:16.0 (26279353)|STATEMENT_EXECUTE|[14]
12:34:16.0 (26281023)|STATEMENT_EXECUTE|[16]
12:34:16.0 (26361762)|VARIABLE_ASSIGNMENT|[EXTERNAL]|this|{"contactId":"003000000000001AAA","isContactOptedOutOfMarketingEmails":false,"relatedObjectId":"001000000000002AAA","requestingUsersEmailAddress":"someone@matsonmoney.com","toEmailAddress":"sue@example.com"}|0x7bac46fc
12:34:16.0 (26424127)|VARIABLE_ASSIGNMENT|[EXTERNAL]|this|{"contactId":"003000000000003AAA","isContactOptedOutOfMarketingEmails":false,"relatedObjectId":"001000000000004AAA","requestingUsersEmailAddress":"someone@matsonmoney.com","toEmailAddress":"sue@example.com"}|0x3cfe08fa
12:34:16.0 (26446622)|VARIABLE_ASSIGNMENT|[16]|this.listOfEmailRequests|"common.apex.runtime.impl.ScalarList@36daa53f"|0x2f344f8f
12:34:16.0 (26453146)|STATEMENT_EXECUTE|[17]
12:34:16.0 (26460759)|VARIABLE_ASSIGNMENT|[17]|this.orgWideEmailAddressId|"0D2000000000005CAA"|0x2f344f8f
12:34:16.0 (26466168)|STATEMENT_EXECUTE|[18]
12:34:16.0 (26471141)|VARIABLE_ASSIGNMENT|[18]|this.emailTemplateDeveloperName|"template_name"|0x2f344f8f
12:34:16.0 (26475438)|STATEMENT_EXECUTE|[19]
12:34:16.0 (26480323)|VARIABLE_ASSIGNMENT|[19]|this.emailAddressOverride|"frank@example.com"|0x2f344f8f
12:34:16.0 (26485230)|STATEMENT_EXECUTE|[20]
12:34:16.0 (26489598)|HEAP_ALLOCATE|[20]|Bytes:5
12:34:16.0 (26496429)|VARIABLE_ASSIGNMENT|[20]|this.isSandboxRequest|true|0x2f344f8f
12:34:16.0 (26501515)|STATEMENT_EXECUTE|[21]
12:34:16.0 (26507870)|VARIABLE_ASSIGNMENT|[21]|this.requestingUsersEmailAddress|"someone@matsonmoney. (3 more) ..."|0x2f344f8f
12:34:16.0 (26522481)|CONSTRUCTOR_EXIT|[37]|01p3600000JWdhI|<init>(List<EmailRequest>,String,String,String,Boolean,String)|MassEmailRequest
12:34:16.0 (26531737)|METHOD_EXIT|[20]|01pm0000000YfZf|MassEmailRequestTests.getMassEmailRequest()
12:34:16.0 (26537689)|VARIABLE_SCOPE_BEGIN|[20]|baseMassEmailRequest|MassEmailRequest|true|false
12:34:16.0 (26581127)|VARIABLE_ASSIGNMENT|[20]|baseMassEmailRequest|{"emailAddressOverride":"frank@example.com","emailTemplateDeveloperName":"template_name","isSandboxRequest":true,"listOfEmailRequests":"0x184dcb18","orgWideEmailAddressId":"0D2000000000005CAA","requestingUsersEmailAddress":"someone@matsonmoney. (3 more) ..."}|0x2f344f8f
12:34:16.0 (26590115)|STATEMENT_EXECUTE|[21]
12:34:16.0 (26592685)|VARIABLE_SCOPE_BEGIN|[21]|otherMassEmailRequest|MassEmailRequest|true|false
12:34:16.0 (26618007)|VARIABLE_ASSIGNMENT|[21]|otherMassEmailRequest|{"emailAddressOverride":"frank@example.com","emailTemplateDeveloperName":"template_name","isSandboxRequest":true,"listOfEmailRequests":"0x184dcb18","orgWideEmailAddressId":"0D2000000000005CAA","requestingUsersEmailAddress":"someone@matsonmoney. (3 more) ..."}|0x2f344f8f
12:34:16.0 (26625457)|STATEMENT_EXECUTE|[24]
12:34:16.0 (26646795)|METHOD_ENTRY|[24]|01p3600000JWdhI|MassEmailRequest.equals(MassEmailRequest)
12:34:16.0 (26662648)|VARIABLE_SCOPE_BEGIN|[32]|this|MassEmailRequest|true|false
12:34:16.0 (26689336)|VARIABLE_ASSIGNMENT|[32]|this|{"emailAddressOverride":"frank@example.com","emailTemplateDeveloperName":"template_name","isSandboxRequest":true,"listOfEmailRequests":"0x184dcb18","orgWideEmailAddressId":"0D2000000000005CAA","requestingUsersEmailAddress":"someone@matsonmoney. (3 more) ..."}|0x2f344f8f
12:34:16.0 (26697722)|VARIABLE_SCOPE_BEGIN|[32]|otherRequest|MassEmailRequest|true|false
12:34:16.0 (26719703)|VARIABLE_ASSIGNMENT|[32]|otherRequest|{"emailAddressOverride":"frank@example.com","emailTemplateDeveloperName":"template_name","isSandboxRequest":true,"listOfEmailRequests":"0x184dcb18","orgWideEmailAddressId":"0D2000000000005CAA","requestingUsersEmailAddress":"someone@matsonmoney. (3 more) ..."}|0x2f344f8f
12:34:16.0 (26731591)|STATEMENT_EXECUTE|[32]
12:34:16.0 (26733183)|STATEMENT_EXECUTE|[34]
12:34:16.0 (26736045)|VARIABLE_SCOPE_BEGIN|[34]|listOfEmailRequestsMatch|Boolean|false|false
12:34:16.0 (26745142)|HEAP_ALLOCATE|[34]|Bytes:5
12:34:16.0 (26751481)|VARIABLE_ASSIGNMENT|[34]|listOfEmailRequestsMatch|true
12:34:16.0 (26757513)|STATEMENT_EXECUTE|[36]
12:34:16.0 (26760079)|VARIABLE_SCOPE_BEGIN|[36]|i|Integer|false|false
12:34:16.0 (26768374)|VARIABLE_ASSIGNMENT|[36]|i|null
12:34:16.0 (26807728)|STATEMENT_EXECUTE|[36]
12:34:16.0 (26809868)|STATEMENT_EXECUTE|[46]
12:34:16.0 (26859971)|METHOD_EXIT|[24]|01p3600000JWdhI|MassEmailRequest.equals(MassEmailRequest)
12:34:16.0 (26867118)|VARIABLE_SCOPE_BEGIN|[24]|isAMatch|Boolean|false|false
12:34:16.0 (26875425)|HEAP_ALLOCATE|[24]|Bytes:5
12:34:16.0 (26881585)|VARIABLE_ASSIGNMENT|[24]|isAMatch|true
12:34:16.0 (26885685)|STATEMENT_EXECUTE|[27]
12:34:16.26 (26913820)|CUMULATIVE_LIMIT_USAGE
12:34:16.26 (26913820)|LIMIT_USAGE_FOR_NS|(default)|
  Number of SOQL queries: 0 out of 100
  Number of query rows: 0 out of 50000
  Number of SOSL queries: 0 out of 20
  Number of DML statements: 0 out of 150
  Number of DML rows: 0 out of 10000
  Maximum CPU time: 0 out of 10000
  Maximum heap size: 0 out of 6000000
  Number of callouts: 0 out of 100
  Number of Email Invocations: 0 out of 10
  Number of future calls: 0 out of 50
  Number of queueable jobs added to the queue: 0 out of 50
  Number of Mobile Apex push calls: 0 out of 10

12:34:16.26 (26913820)|CUMULATIVE_LIMIT_USAGE_END

12:34:16.0 (26960888)|CODE_UNIT_FINISHED|MassEmailRequestTests.givenEqualsWhenInstancesAreTheSameExpectTrue()
12:34:16.0 (28232167)|EXECUTION_FINISHED
12:34:17.433 (1433735829)|USER_INFO|[EXTERNAL]|00518000002hPQO|matthew.billups@matsonmoney.com.mbill|Mountain Standard Time|GMT-07:00
12:34:17.433 (1433757464)|EXECUTION_STARTED
12:34:17.433 (1433761581)|CODE_UNIT_STARTED|[EXTERNAL]|01pm0000000YfZf|MassEmailRequestTests.givenEqualsWhenInstancesNotTheSameExpectFalse()
12:34:17.433 (1433884155)|HEAP_ALLOCATE|[72]|Bytes:3
12:34:17.433 (1433913898)|HEAP_ALLOCATE|[77]|Bytes:152
12:34:17.433 (1433928909)|HEAP_ALLOCATE|[342]|Bytes:408
12:34:17.433 (1433945518)|HEAP_ALLOCATE|[355]|Bytes:408
12:34:17.433 (1433958697)|HEAP_ALLOCATE|[467]|Bytes:48
12:34:17.433 (1433982803)|HEAP_ALLOCATE|[139]|Bytes:6
12:34:17.433 (1433997689)|HEAP_ALLOCATE|[EXTERNAL]|Bytes:2
12:34:17.433 (1434003183)|HEAP_ALLOCATE|[EXTERNAL]|Bytes:21
12:34:17.433 (1434012236)|METHOD_ENTRY|[2]|01pm0000000YfZf|MassEmailRequestTests.MassEmailRequestTests()
12:34:17.433 (1434019539)|STATEMENT_EXECUTE|[2]
12:34:17.433 (1434023884)|STATEMENT_EXECUTE|[2]
12:34:17.433 (1434028078)|METHOD_EXIT|[2]|MassEmailRequestTests
12:34:17.433 (1434096870)|HEAP_ALLOCATE|[50]|Bytes:5
12:34:17.433 (1434115594)|HEAP_ALLOCATE|[56]|Bytes:5
12:34:17.433 (1434123419)|HEAP_ALLOCATE|[64]|Bytes:7
12:34:17.433 (1434147935)|STATEMENT_EXECUTE|[4]
12:34:17.433 (1434149796)|STATEMENT_EXECUTE|[7]
12:34:17.433 (1434158340)|METHOD_ENTRY|[7]|01pm0000000YfZf|MassEmailRequestTests.getMassEmailRequest()
12:34:17.433 (1434181692)|STATEMENT_EXECUTE|[30]
12:34:17.433 (1434183627)|STATEMENT_EXECUTE|[32]
12:34:17.433 (1434199489)|HEAP_ALLOCATE|[32]|Bytes:4
12:34:17.433 (1434217187)|VARIABLE_SCOPE_BEGIN|[32]|listOfEmailRequests|List<EmailRequest>|true|false
12:34:17.433 (1434237190)|HEAP_ALLOCATE|[EXTERNAL]|Bytes:4
12:34:17.433 (1434256878)|VARIABLE_ASSIGNMENT|[32]|listOfEmailRequests|[]|0x33910760
12:34:17.433 (1434263642)|STATEMENT_EXECUTE|[34]
12:34:17.433 (1434274437)|HEAP_ALLOCATE|[34]|Bytes:3
12:34:17.433 (1434283671)|METHOD_ENTRY|[1]|01pm0000000YfZV|EmailRequest.EmailRequest()
12:34:17.433 (1434288575)|STATEMENT_EXECUTE|[1]
12:34:17.433 (1434290953)|STATEMENT_EXECUTE|[1]
12:34:17.433 (1434639108)|SYSTEM_MODE_ENTER|false
12:34:17.433 (1434653343)|HEAP_ALLOCATE|[34]|Bytes:5
12:34:17.433 (1434661424)|SYSTEM_MODE_EXIT|false
12:34:17.433 (1434670884)|METHOD_EXIT|[1]|EmailRequest
12:34:17.433 (1434678241)|HEAP_ALLOCATE|[34]|Bytes:24
12:34:17.433 (1434683631)|HEAP_ALLOCATE|[34]|Bytes:7
12:34:17.433 (1434724553)|VARIABLE_SCOPE_BEGIN|[29]|fflib_IDGenerator.ID_PATTERN|String|false|true
12:34:17.433 (1434732989)|VARIABLE_SCOPE_BEGIN|[28]|fflib_IDGenerator.fakeIdCount|Integer|false|true
12:34:17.433 (1434743234)|HEAP_ALLOCATE|[34]|Bytes:2
12:34:17.433 (1434748557)|HEAP_ALLOCATE|[34]|Bytes:12
12:34:17.433 (1434763047)|VARIABLE_ASSIGNMENT|[34]|fflib_IDGenerator.ID_PATTERN|"000000000000"
12:34:17.433 (1434771635)|METHOD_ENTRY|[26]|01pm0000000YfaQ|fflib_IDGenerator.fflib_IDGenerator()
12:34:17.433 (1434776336)|STATEMENT_EXECUTE|[26]
12:34:17.433 (1434779895)|STATEMENT_EXECUTE|[26]
12:34:17.433 (1434784523)|SYSTEM_MODE_ENTER|false
12:34:17.433 (1434790414)|HEAP_ALLOCATE|[28]|Bytes:5
12:34:17.433 (1434796212)|STATEMENT_EXECUTE|[28]
12:34:17.433 (1434799457)|HEAP_ALLOCATE|[28]|Bytes:4
12:34:17.433 (1434808724)|VARIABLE_ASSIGNMENT|[28]|fflib_IDGenerator.fakeIdCount|0
12:34:17.433 (1434814746)|SYSTEM_MODE_EXIT|false
12:34:17.433 (1434820682)|METHOD_EXIT|[26]|fflib_IDGenerator
12:34:17.433 (1434831993)|METHOD_ENTRY|[34]|01pm0000000YfaQ|fflib_IDGenerator.generate(Schema.SObjectType)
12:34:17.433 (1434838773)|VARIABLE_SCOPE_BEGIN|[34]|sobjectType|Schema.SObjectType|true|false
12:34:17.433 (1434941283)|VARIABLE_ASSIGNMENT|[34]|sobjectType|"common.apex.runtime.impl.ApexSObjectTypeToken@496cacae"|0x496cacae
12:34:17.433 (1434956987)|SYSTEM_MODE_ENTER|false
12:34:17.433 (1434963841)|HEAP_ALLOCATE|[36]|Bytes:5
12:34:17.433 (1434968859)|STATEMENT_EXECUTE|[35]
12:34:17.433 (1434970556)|STATEMENT_EXECUTE|[36]
12:34:17.433 (1435013953)|HEAP_ALLOCATE|[36]|Bytes:4
12:34:17.433 (1435042370)|HEAP_ALLOCATE|[36]|Bytes:3
12:34:17.433 (1435048546)|VARIABLE_SCOPE_BEGIN|[36]|keyPrefix|String|false|false
12:34:17.433 (1435062008)|VARIABLE_ASSIGNMENT|[36]|keyPrefix|"003"
12:34:17.433 (1435066604)|STATEMENT_EXECUTE|[37]
12:34:17.433 (1435072655)|HEAP_ALLOCATE|[37]|Bytes:4
12:34:17.433 (1435080457)|VARIABLE_ASSIGNMENT|[37]|fflib_IDGenerator.fakeIdCount|1
12:34:17.433 (1435085426)|STATEMENT_EXECUTE|[39]
12:34:17.433 (1435122404)|HEAP_ALLOCATE|[39]|Bytes:1
12:34:17.433 (1435161208)|HEAP_ALLOCATE|[39]|Bytes:11
12:34:17.433 (1435169328)|VARIABLE_SCOPE_BEGIN|[39]|fakeIdPrefix|String|false|false
12:34:17.433 (1435181123)|VARIABLE_ASSIGNMENT|[39]|fakeIdPrefix|"00000000000"
12:34:17.433 (1435186220)|STATEMENT_EXECUTE|[41]
12:34:17.433 (1435198819)|HEAP_ALLOCATE|[41]|Bytes:1
12:34:17.433 (1435212839)|HEAP_ALLOCATE|[41]|Bytes:15
12:34:17.433 (1435227045)|HEAP_ALLOCATE|[41]|Bytes:4
12:34:17.433 (1435235779)|SYSTEM_MODE_EXIT|false
12:34:17.433 (1435244337)|METHOD_EXIT|[34]|01pm0000000YfaQ|fflib_IDGenerator.generate(Schema.SObjectType)
12:34:17.433 (1435251616)|HEAP_ALLOCATE|[34]|Bytes:15
12:34:17.433 (1435256507)|HEAP_ALLOCATE|[34]|Bytes:7
12:34:17.433 (1435278715)|METHOD_ENTRY|[34]|01pm0000000YfaQ|fflib_IDGenerator.generate(Schema.SObjectType)
12:34:17.433 (1435285300)|VARIABLE_SCOPE_BEGIN|[34]|sobjectType|Schema.SObjectType|true|false
12:34:17.433 (1435328306)|VARIABLE_ASSIGNMENT|[34]|sobjectType|"common.apex.runtime.impl.ApexSObjectTypeToken@192cd28d"|0x192cd28d
12:34:17.433 (1435342963)|SYSTEM_MODE_ENTER|false
12:34:17.433 (1435348855)|HEAP_ALLOCATE|[36]|Bytes:5
12:34:17.433 (1435353252)|STATEMENT_EXECUTE|[35]
12:34:17.433 (1435354844)|STATEMENT_EXECUTE|[36]
12:34:17.433 (1435370865)|HEAP_ALLOCATE|[36]|Bytes:4
12:34:17.433 (1435382258)|HEAP_ALLOCATE|[36]|Bytes:3
12:34:17.433 (1435386973)|VARIABLE_SCOPE_BEGIN|[36]|keyPrefix|String|false|false
12:34:17.433 (1435398299)|VARIABLE_ASSIGNMENT|[36]|keyPrefix|"001"
12:34:17.433 (1435402420)|STATEMENT_EXECUTE|[37]
12:34:17.433 (1435406993)|HEAP_ALLOCATE|[37]|Bytes:4
12:34:17.433 (1435414653)|VARIABLE_ASSIGNMENT|[37]|fflib_IDGenerator.fakeIdCount|2
12:34:17.433 (1435418683)|STATEMENT_EXECUTE|[39]
12:34:17.433 (1435435835)|HEAP_ALLOCATE|[39]|Bytes:1
12:34:17.433 (1435459266)|HEAP_ALLOCATE|[39]|Bytes:11
12:34:17.433 (1435466787)|VARIABLE_SCOPE_BEGIN|[39]|fakeIdPrefix|String|false|false
12:34:17.433 (1435476748)|VARIABLE_ASSIGNMENT|[39]|fakeIdPrefix|"00000000000"
12:34:17.433 (1435481033)|STATEMENT_EXECUTE|[41]
12:34:17.433 (1435489328)|HEAP_ALLOCATE|[41]|Bytes:1
12:34:17.433 (1435498284)|HEAP_ALLOCATE|[41]|Bytes:15
12:34:17.433 (1435507267)|HEAP_ALLOCATE|[41]|Bytes:4
12:34:17.433 (1435515168)|SYSTEM_MODE_EXIT|false
12:34:17.433 (1435522173)|METHOD_EXIT|[34]|01pm0000000YfaQ|fflib_IDGenerator.generate(Schema.SObjectType)
12:34:17.433 (1435528076)|HEAP_ALLOCATE|[34]|Bytes:23
12:34:17.433 (1435545344)|CONSTRUCTOR_ENTRY|[34]|01pm0000000YfZV|<init>(Id,String,Id,String,Boolean)|EmailRequest
12:34:17.433 (1435554111)|VARIABLE_SCOPE_BEGIN|[7]|this|EmailRequest|true|false
12:34:17.433 (1435581721)|VARIABLE_ASSIGNMENT|[7]|this|{}|0x33c8fe9b
12:34:17.433 (1435588279)|VARIABLE_SCOPE_BEGIN|[7]|contactId|Id|false|false
12:34:17.433 (1435620642)|VARIABLE_ASSIGNMENT|[7]|contactId|"003000000000001AAA"
12:34:17.433 (1435626237)|VARIABLE_SCOPE_BEGIN|[7]|toEmailAddress|String|false|false
12:34:17.433 (1435635655)|VARIABLE_ASSIGNMENT|[7]|toEmailAddress|"sue@example.com"
12:34:17.433 (1435640690)|VARIABLE_SCOPE_BEGIN|[7]|relatedObjectId|Id|false|false
12:34:17.433 (1435660992)|VARIABLE_ASSIGNMENT|[7]|relatedObjectId|"001000000000002AAA"
12:34:17.433 (1435666254)|VARIABLE_SCOPE_BEGIN|[7]|requestingUsersEmailAddress|String|false|false
12:34:17.433 (1435677103)|VARIABLE_ASSIGNMENT|[7]|requestingUsersEmailAddress|"someone@matsonmoney. (3 more) ..."
12:34:17.433 (1435683574)|VARIABLE_SCOPE_BEGIN|[7]|isContactOptedOutOfMarketingEmails|Boolean|false|false
12:34:17.433 (1435691212)|VARIABLE_ASSIGNMENT|[7]|isContactOptedOutOfMarketingEmails|false
12:34:17.433 (1435701592)|SYSTEM_MODE_ENTER|false
12:34:17.433 (1435706380)|HEAP_ALLOCATE|[8]|Bytes:5
12:34:17.433 (1435711102)|STATEMENT_EXECUTE|[1]
12:34:17.433 (1435713965)|HEAP_ALLOCATE|[8]|Bytes:5
12:34:17.433 (1435717451)|STATEMENT_EXECUTE|[15]
12:34:17.433 (1435719025)|STATEMENT_EXECUTE|[16]
12:34:17.433 (1435720340)|STATEMENT_EXECUTE|[17]
12:34:17.433 (1435721662)|STATEMENT_EXECUTE|[18]
12:34:17.433 (1435723062)|STATEMENT_EXECUTE|[19]
12:34:17.433 (1435732552)|HEAP_ALLOCATE|[8]|Bytes:6
12:34:17.433 (1435753473)|STATEMENT_EXECUTE|[7]
12:34:17.433 (1435755535)|STATEMENT_EXECUTE|[8]
12:34:17.433 (1435781507)|VARIABLE_ASSIGNMENT|[8]|this.contactId|"003000000000001AAA"|0x33c8fe9b
12:34:17.433 (1435788465)|STATEMENT_EXECUTE|[9]
12:34:17.433 (1435792849)|HEAP_ALLOCATE|[9]|Bytes:5
12:34:17.433 (1435800191)|VARIABLE_ASSIGNMENT|[9]|this.isContactOptedOutOfMarketingEmails|false|0x33c8fe9b
12:34:17.433 (1435805811)|STATEMENT_EXECUTE|[10]
12:34:17.433 (1435811744)|VARIABLE_ASSIGNMENT|[10]|this.toEmailAddress|"sue@example.com"|0x33c8fe9b
12:34:17.433 (1435817467)|STATEMENT_EXECUTE|[11]
12:34:17.433 (1435833651)|VARIABLE_ASSIGNMENT|[11]|this.relatedObjectId|"001000000000002AAA"|0x33c8fe9b
12:34:17.433 (1435839610)|STATEMENT_EXECUTE|[12]
12:34:17.433 (1435846532)|VARIABLE_ASSIGNMENT|[12]|this.requestingUsersEmailAddress|"someone@matsonmoney. (3 more) ..."|0x33c8fe9b
12:34:17.433 (1435853118)|SYSTEM_MODE_EXIT|false
12:34:17.433 (1435865989)|CONSTRUCTOR_EXIT|[34]|01pm0000000YfZV|<init>(Id,String,Id,String,Boolean)|EmailRequest
12:34:17.433 (1435883043)|HEAP_ALLOCATE|[EXTERNAL]|Bytes:4
12:34:17.433 (1435890096)|STATEMENT_EXECUTE|[35]
12:34:17.433 (1435894609)|HEAP_ALLOCATE|[35]|Bytes:24
12:34:17.433 (1435919684)|METHOD_ENTRY|[35]|01pm0000000YfaQ|fflib_IDGenerator.generate(Schema.SObjectType)
12:34:17.433 (1435925942)|VARIABLE_SCOPE_BEGIN|[34]|sobjectType|Schema.SObjectType|true|false
12:34:17.433 (1435956310)|VARIABLE_ASSIGNMENT|[34]|sobjectType|"common.apex.runtime.impl.ApexSObjectTypeToken@496cacae"|0x496cacae
12:34:17.433 (1435969450)|SYSTEM_MODE_ENTER|false
12:34:17.433 (1435975347)|HEAP_ALLOCATE|[36]|Bytes:5
12:34:17.433 (1435979489)|STATEMENT_EXECUTE|[35]
12:34:17.433 (1435981041)|STATEMENT_EXECUTE|[36]
12:34:17.433 (1435996457)|HEAP_ALLOCATE|[36]|Bytes:4
12:34:17.433 (1436008212)|HEAP_ALLOCATE|[36]|Bytes:3
12:34:17.433 (1436014037)|VARIABLE_SCOPE_BEGIN|[36]|keyPrefix|String|false|false
12:34:17.433 (1436024389)|VARIABLE_ASSIGNMENT|[36]|keyPrefix|"003"
12:34:17.433 (1436028714)|STATEMENT_EXECUTE|[37]
12:34:17.433 (1436032935)|HEAP_ALLOCATE|[37]|Bytes:4
12:34:17.433 (1436041116)|VARIABLE_ASSIGNMENT|[37]|fflib_IDGenerator.fakeIdCount|3
12:34:17.433 (1436045298)|STATEMENT_EXECUTE|[39]
12:34:17.433 (1436065304)|HEAP_ALLOCATE|[39]|Bytes:1
12:34:17.433 (1436090007)|HEAP_ALLOCATE|[39]|Bytes:11
12:34:17.433 (1436097891)|VARIABLE_SCOPE_BEGIN|[39]|fakeIdPrefix|String|false|false
12:34:17.433 (1436116805)|VARIABLE_ASSIGNMENT|[39]|fakeIdPrefix|"00000000000"
12:34:17.433 (1436125373)|STATEMENT_EXECUTE|[41]
12:34:17.433 (1436140011)|HEAP_ALLOCATE|[41]|Bytes:1
12:34:17.433 (1436152315)|HEAP_ALLOCATE|[41]|Bytes:15
12:34:17.433 (1436162192)|HEAP_ALLOCATE|[41]|Bytes:4
12:34:17.433 (1436170674)|SYSTEM_MODE_EXIT|false
12:34:17.433 (1436178805)|METHOD_EXIT|[35]|01pm0000000YfaQ|fflib_IDGenerator.generate(Schema.SObjectType)
12:34:17.433 (1436202730)|METHOD_ENTRY|[35]|01pm0000000YfaQ|fflib_IDGenerator.generate(Schema.SObjectType)
12:34:17.433 (1436209279)|VARIABLE_SCOPE_BEGIN|[34]|sobjectType|Schema.SObjectType|true|false
12:34:17.433 (1436243445)|VARIABLE_ASSIGNMENT|[34]|sobjectType|"common.apex.runtime.impl.ApexSObjectTypeToken@192cd28d"|0x192cd28d
12:34:17.433 (1436257266)|SYSTEM_MODE_ENTER|false
12:34:17.433 (1436262710)|HEAP_ALLOCATE|[36]|Bytes:5
12:34:17.433 (1436267020)|STATEMENT_EXECUTE|[35]
12:34:17.433 (1436268653)|STATEMENT_EXECUTE|[36]
12:34:17.433 (1436283199)|HEAP_ALLOCATE|[36]|Bytes:4
12:34:17.433 (1436294853)|HEAP_ALLOCATE|[36]|Bytes:3
12:34:17.433 (1436299621)|VARIABLE_SCOPE_BEGIN|[36]|keyPrefix|String|false|false
12:34:17.433 (1436326322)|VARIABLE_ASSIGNMENT|[36]|keyPrefix|"001"
12:34:17.433 (1436331407)|STATEMENT_EXECUTE|[37]
12:34:17.433 (1436335452)|HEAP_ALLOCATE|[37]|Bytes:4
12:34:17.433 (1436343605)|VARIABLE_ASSIGNMENT|[37]|fflib_IDGenerator.fakeIdCount|4
12:34:17.433 (1436348129)|STATEMENT_EXECUTE|[39]
12:34:17.433 (1436364490)|HEAP_ALLOCATE|[39]|Bytes:1
12:34:17.433 (1436387348)|HEAP_ALLOCATE|[39]|Bytes:11
12:34:17.433 (1436395132)|VARIABLE_SCOPE_BEGIN|[39]|fakeIdPrefix|String|false|false
12:34:17.433 (1436405551)|VARIABLE_ASSIGNMENT|[39]|fakeIdPrefix|"00000000000"
12:34:17.433 (1436409808)|STATEMENT_EXECUTE|[41]
12:34:17.433 (1436418417)|HEAP_ALLOCATE|[41]|Bytes:1
12:34:17.433 (1436427056)|HEAP_ALLOCATE|[41]|Bytes:15
12:34:17.433 (1436436268)|HEAP_ALLOCATE|[41]|Bytes:4
12:34:17.433 (1436444139)|SYSTEM_MODE_EXIT|false
12:34:17.433 (1436451299)|METHOD_EXIT|[35]|01pm0000000YfaQ|fflib_IDGenerator.generate(Schema.SObjectType)
12:34:17.433 (1436464946)|CONSTRUCTOR_ENTRY|[35]|01pm0000000YfZV|<init>(Id,String,Id,String,Boolean)|EmailRequest
12:34:17.433 (1436472524)|VARIABLE_SCOPE_BEGIN|[7]|this|EmailRequest|true|false
12:34:17.433 (1436490856)|VARIABLE_ASSIGNMENT|[7]|this|{}|0x4db68723
12:34:17.433 (1436496741)|VARIABLE_SCOPE_BEGIN|[7]|contactId|Id|false|false
12:34:17.433 (1436525971)|VARIABLE_ASSIGNMENT|[7]|contactId|"003000000000003AAA"
12:34:17.433 (1436530725)|VARIABLE_SCOPE_BEGIN|[7]|toEmailAddress|String|false|false
12:34:17.433 (1436540977)|VARIABLE_ASSIGNMENT|[7]|toEmailAddress|"sue@example.com"
12:34:17.433 (1436545141)|VARIABLE_SCOPE_BEGIN|[7]|relatedObjectId|Id|false|false
12:34:17.433 (1436566719)|VARIABLE_ASSIGNMENT|[7]|relatedObjectId|"001000000000004AAA"
12:34:17.433 (1436571426)|VARIABLE_SCOPE_BEGIN|[7]|requestingUsersEmailAddress|String|false|false
12:34:17.433 (1436581893)|VARIABLE_ASSIGNMENT|[7]|requestingUsersEmailAddress|"someone@matsonmoney. (3 more) ..."
12:34:17.433 (1436587616)|VARIABLE_SCOPE_BEGIN|[7]|isContactOptedOutOfMarketingEmails|Boolean|false|false
12:34:17.433 (1436596575)|VARIABLE_ASSIGNMENT|[7]|isContactOptedOutOfMarketingEmails|false
12:34:17.433 (1436605484)|SYSTEM_MODE_ENTER|false
12:34:17.433 (1436609939)|HEAP_ALLOCATE|[8]|Bytes:5
12:34:17.433 (1436614931)|STATEMENT_EXECUTE|[1]
12:34:17.433 (1436617648)|HEAP_ALLOCATE|[8]|Bytes:5
12:34:17.433 (1436621836)|STATEMENT_EXECUTE|[15]
12:34:17.433 (1436623322)|STATEMENT_EXECUTE|[16]
12:34:17.433 (1436624676)|STATEMENT_EXECUTE|[17]
12:34:17.433 (1436626009)|STATEMENT_EXECUTE|[18]
12:34:17.433 (1436627359)|STATEMENT_EXECUTE|[19]
12:34:17.433 (1436641295)|STATEMENT_EXECUTE|[7]
12:34:17.433 (1436642973)|STATEMENT_EXECUTE|[8]
12:34:17.433 (1436664193)|VARIABLE_ASSIGNMENT|[8]|this.contactId|"003000000000003AAA"|0x4db68723
12:34:17.433 (1436670392)|STATEMENT_EXECUTE|[9]
12:34:17.433 (1436673755)|HEAP_ALLOCATE|[9]|Bytes:5
12:34:17.433 (1436680965)|VARIABLE_ASSIGNMENT|[9]|this.isContactOptedOutOfMarketingEmails|false|0x4db68723
12:34:17.433 (1436686486)|STATEMENT_EXECUTE|[10]
12:34:17.433 (1436692203)|VARIABLE_ASSIGNMENT|[10]|this.toEmailAddress|"sue@example.com"|0x4db68723
12:34:17.433 (1436697032)|STATEMENT_EXECUTE|[11]
12:34:17.433 (1436713006)|VARIABLE_ASSIGNMENT|[11]|this.relatedObjectId|"001000000000004AAA"|0x4db68723
12:34:17.433 (1436718977)|STATEMENT_EXECUTE|[12]
12:34:17.433 (1436725069)|VARIABLE_ASSIGNMENT|[12]|this.requestingUsersEmailAddress|"someone@matsonmoney. (3 more) ..."|0x4db68723
12:34:17.433 (1436731271)|SYSTEM_MODE_EXIT|false
12:34:17.433 (1436742886)|CONSTRUCTOR_EXIT|[35]|01pm0000000YfZV|<init>(Id,String,Id,String,Boolean)|EmailRequest
12:34:17.433 (1436758372)|HEAP_ALLOCATE|[EXTERNAL]|Bytes:4
12:34:17.433 (1436765263)|STATEMENT_EXECUTE|[37]
12:34:17.433 (1436776376)|HEAP_ALLOCATE|[37]|Bytes:6
12:34:17.433 (1436785450)|METHOD_ENTRY|[1]|01p3600000JWdhI|MassEmailRequest.MassEmailRequest()
12:34:17.433 (1436790354)|STATEMENT_EXECUTE|[1]
12:34:17.433 (1436792937)|STATEMENT_EXECUTE|[1]
12:34:17.433 (1436796425)|METHOD_EXIT|[1]|MassEmailRequest
12:34:17.433 (1436803043)|HEAP_ALLOCATE|[37]|Bytes:32
12:34:17.433 (1436808375)|HEAP_ALLOCATE|[38]|Bytes:19
12:34:17.433 (1436835767)|METHOD_ENTRY|[38]|01pm0000000YfaQ|fflib_IDGenerator.generate(Schema.SObjectType)
12:34:17.433 (1436843808)|VARIABLE_SCOPE_BEGIN|[34]|sobjectType|Schema.SObjectType|true|false
12:34:17.433 (1436874523)|VARIABLE_ASSIGNMENT|[34]|sobjectType|"common.apex.runtime.impl.ApexSObjectTypeToken@96b2c88"|0x96b2c88
12:34:17.433 (1436888146)|SYSTEM_MODE_ENTER|false
12:34:17.433 (1436893188)|HEAP_ALLOCATE|[36]|Bytes:5
12:34:17.433 (1436897504)|STATEMENT_EXECUTE|[35]
12:34:17.433 (1436899630)|STATEMENT_EXECUTE|[36]
12:34:17.433 (1436915460)|HEAP_ALLOCATE|[36]|Bytes:4
12:34:17.433 (1436927537)|HEAP_ALLOCATE|[36]|Bytes:3
12:34:17.433 (1436932426)|VARIABLE_SCOPE_BEGIN|[36]|keyPrefix|String|false|false
12:34:17.433 (1436943103)|VARIABLE_ASSIGNMENT|[36]|keyPrefix|"0D2"
12:34:17.433 (1436947616)|STATEMENT_EXECUTE|[37]
12:34:17.433 (1436951993)|HEAP_ALLOCATE|[37]|Bytes:4
12:34:17.433 (1436959233)|VARIABLE_ASSIGNMENT|[37]|fflib_IDGenerator.fakeIdCount|5
12:34:17.433 (1436963262)|STATEMENT_EXECUTE|[39]
12:34:17.433 (1436982167)|HEAP_ALLOCATE|[39]|Bytes:1
12:34:17.433 (1437007744)|HEAP_ALLOCATE|[39]|Bytes:11
12:34:17.433 (1437016837)|VARIABLE_SCOPE_BEGIN|[39]|fakeIdPrefix|String|false|false
12:34:17.433 (1437027185)|VARIABLE_ASSIGNMENT|[39]|fakeIdPrefix|"00000000000"
12:34:17.433 (1437031313)|STATEMENT_EXECUTE|[41]
12:34:17.433 (1437039876)|HEAP_ALLOCATE|[41]|Bytes:1
12:34:17.433 (1437049480)|HEAP_ALLOCATE|[41]|Bytes:15
12:34:17.433 (1437059015)|HEAP_ALLOCATE|[41]|Bytes:4
12:34:17.433 (1437067480)|SYSTEM_MODE_EXIT|false
12:34:17.433 (1437074118)|METHOD_EXIT|[38]|01pm0000000YfaQ|fflib_IDGenerator.generate(Schema.SObjectType)
12:34:17.433 (1437084471)|HEAP_ALLOCATE|[37]|Bytes:18
12:34:17.433 (1437089633)|HEAP_ALLOCATE|[39]|Bytes:13
12:34:17.433 (1437093893)|HEAP_ALLOCATE|[40]|Bytes:17
12:34:17.433 (1437108114)|CONSTRUCTOR_ENTRY|[37]|01p3600000JWdhI|<init>(List<EmailRequest>,String,String,String,Boolean,String)|MassEmailRequest
12:34:17.433 (1437117087)|VARIABLE_SCOPE_BEGIN|[9]|this|MassEmailRequest|true|false
12:34:17.433 (1437136847)|VARIABLE_ASSIGNMENT|[9]|this|{}|0x36a29ceb
12:34:17.433 (1437143618)|VARIABLE_SCOPE_BEGIN|[9]|listOfEmailRequests|List<EmailRequest>|true|false
12:34:17.433 (1437247919)|VARIABLE_ASSIGNMENT|[EXTERNAL]|this|{"contactId":"003000000000001AAA","isContactOptedOutOfMarketingEmails":false,"relatedObjectId":"001000000000002AAA","requestingUsersEmailAddress":"someone@matsonmoney.com","toEmailAddress":"sue@example.com"}|0x33c8fe9b
12:34:17.433 (1437334689)|VARIABLE_ASSIGNMENT|[EXTERNAL]|this|{"contactId":"003000000000003AAA","isContactOptedOutOfMarketingEmails":false,"relatedObjectId":"001000000000004AAA","requestingUsersEmailAddress":"someone@matsonmoney.com","toEmailAddress":"sue@example.com"}|0x4db68723
12:34:17.433 (1437373176)|VARIABLE_ASSIGNMENT|[9]|listOfEmailRequests|"common.apex.runtime.impl.ScalarList@930d5fa9"|0x33910760
12:34:17.433 (1437380792)|VARIABLE_SCOPE_BEGIN|[9]|orgWideEmailAddressId|String|false|false
12:34:17.433 (1437391510)|VARIABLE_ASSIGNMENT|[9]|orgWideEmailAddressId|"0D2000000000005CAA"
12:34:17.433 (1437397012)|VARIABLE_SCOPE_BEGIN|[9]|emailTemplateDeveloperName|String|false|false
12:34:17.433 (1437405797)|VARIABLE_ASSIGNMENT|[9]|emailTemplateDeveloperName|"template_name"
12:34:17.433 (1437410515)|VARIABLE_SCOPE_BEGIN|[9]|emailAddressOverride|String|false|false
12:34:17.433 (1437417914)|VARIABLE_ASSIGNMENT|[9]|emailAddressOverride|"frank@example.com"
12:34:17.433 (1437424634)|VARIABLE_SCOPE_BEGIN|[9]|isSandboxRequest|Boolean|false|false
12:34:17.433 (1437432631)|VARIABLE_ASSIGNMENT|[9]|isSandboxRequest|true
12:34:17.433 (1437437420)|VARIABLE_SCOPE_BEGIN|[9]|requestingUsersEmailAddress|String|false|false
12:34:17.433 (1437446697)|VARIABLE_ASSIGNMENT|[9]|requestingUsersEmailAddress|"someone@matsonmoney. (3 more) ..."
12:34:17.433 (1437454114)|STATEMENT_EXECUTE|[1]
12:34:17.433 (1437455926)|STATEMENT_EXECUTE|[24]
12:34:17.433 (1437457522)|STATEMENT_EXECUTE|[25]
12:34:17.433 (1437458863)|STATEMENT_EXECUTE|[26]
12:34:17.433 (1437460266)|STATEMENT_EXECUTE|[27]
12:34:17.433 (1437461593)|STATEMENT_EXECUTE|[28]
12:34:17.433 (1437463370)|STATEMENT_EXECUTE|[29]
12:34:17.433 (1437464735)|STATEMENT_EXECUTE|[30]
12:34:17.433 (1437476243)|STATEMENT_EXECUTE|[14]
12:34:17.433 (1437477892)|STATEMENT_EXECUTE|[16]
12:34:17.433 (1437554015)|VARIABLE_ASSIGNMENT|[EXTERNAL]|this|{"contactId":"003000000000001AAA","isContactOptedOutOfMarketingEmails":false,"relatedObjectId":"001000000000002AAA","requestingUsersEmailAddress":"someone@matsonmoney.com","toEmailAddress":"sue@example.com"}|0x33c8fe9b
12:34:17.433 (1437616611)|VARIABLE_ASSIGNMENT|[EXTERNAL]|this|{"contactId":"003000000000003AAA","isContactOptedOutOfMarketingEmails":false,"relatedObjectId":"001000000000004AAA","requestingUsersEmailAddress":"someone@matsonmoney.com","toEmailAddress":"sue@example.com"}|0x4db68723
12:34:17.433 (1437637843)|VARIABLE_ASSIGNMENT|[16]|this.listOfEmailRequests|"common.apex.runtime.impl.ScalarList@930d5fa9"|0x36a29ceb
12:34:17.433 (1437644875)|STATEMENT_EXECUTE|[17]
12:34:17.433 (1437652379)|VARIABLE_ASSIGNMENT|[17]|this.orgWideEmailAddressId|"0D2000000000005CAA"|0x36a29ceb
12:34:17.433 (1437658153)|STATEMENT_EXECUTE|[18]
12:34:17.433 (1437663236)|VARIABLE_ASSIGNMENT|[18]|this.emailTemplateDeveloperName|"template_name"|0x36a29ceb
12:34:17.433 (1437667802)|STATEMENT_EXECUTE|[19]
12:34:17.433 (1437672665)|VARIABLE_ASSIGNMENT|[19]|this.emailAddressOverride|"frank@example.com"|0x36a29ceb
12:34:17.433 (1437677495)|STATEMENT_EXECUTE|[20]
12:34:17.433 (1437681944)|HEAP_ALLOCATE|[20]|Bytes:5
12:34:17.433 (1437688348)|VARIABLE_ASSIGNMENT|[20]|this.isSandboxRequest|true|0x36a29ceb
12:34:17.433 (1437693762)|STATEMENT_EXECUTE|[21]
12:34:17.433 (1437699954)|VARIABLE_ASSIGNMENT|[21]|this.requestingUsersEmailAddress|"someone@matsonmoney. (3 more) ..."|0x36a29ceb
12:34:17.433 (1437714024)|CONSTRUCTOR_EXIT|[37]|01p3600000JWdhI|<init>(List<EmailRequest>,String,String,String,Boolean,String)|MassEmailRequest
12:34:17.433 (1437722747)|METHOD_EXIT|[7]|01pm0000000YfZf|MassEmailRequestTests.getMassEmailRequest()
12:34:17.433 (1437728359)|VARIABLE_SCOPE_BEGIN|[7]|baseMassEmailRequest|MassEmailRequest|true|false
12:34:17.433 (1437765429)|VARIABLE_ASSIGNMENT|[7]|baseMassEmailRequest|{"emailAddressOverride":"frank@example.com","emailTemplateDeveloperName":"template_name","isSandboxRequest":true,"listOfEmailRequests":"0x33910760","orgWideEmailAddressId":"0D2000000000005CAA","requestingUsersEmailAddress":"someone@matsonmoney. (3 more) ..."}|0x36a29ceb
12:34:17.433 (1437774188)|STATEMENT_EXECUTE|[8]
12:34:17.433 (1437781118)|METHOD_ENTRY|[8]|01pm0000000YfZf|MassEmailRequestTests.getMassEmailRequest()
12:34:17.433 (1437801300)|STATEMENT_EXECUTE|[30]
12:34:17.433 (1437803097)|STATEMENT_EXECUTE|[32]
12:34:17.433 (1437812014)|HEAP_ALLOCATE|[32]|Bytes:4
12:34:17.433 (1437823890)|VARIABLE_SCOPE_BEGIN|[32]|listOfEmailRequests|List<EmailRequest>|true|false
12:34:17.433 (1437839675)|HEAP_ALLOCATE|[EXTERNAL]|Bytes:4
12:34:17.433 (1437847819)|VARIABLE_ASSIGNMENT|[32]|listOfEmailRequests|[]|0xdb32758
12:34:17.433 (1437853253)|STATEMENT_EXECUTE|[34]
12:34:17.433 (1437857365)|HEAP_ALLOCATE|[34]|Bytes:24
12:34:17.433 (1437881348)|METHOD_ENTRY|[34]|01pm0000000YfaQ|fflib_IDGenerator.generate(Schema.SObjectType)
12:34:17.433 (1437888486)|VARIABLE_SCOPE_BEGIN|[34]|sobjectType|Schema.SObjectType|true|false
12:34:17.433 (1437921321)|VARIABLE_ASSIGNMENT|[34]|sobjectType|"common.apex.runtime.impl.ApexSObjectTypeToken@496cacae"|0x496cacae
12:34:17.433 (1437934566)|SYSTEM_MODE_ENTER|false
12:34:17.433 (1437940722)|HEAP_ALLOCATE|[36]|Bytes:5
12:34:17.433 (1437945164)|STATEMENT_EXECUTE|[35]
12:34:17.433 (1437946772)|STATEMENT_EXECUTE|[36]
12:34:17.433 (1437962625)|HEAP_ALLOCATE|[36]|Bytes:4
12:34:17.433 (1437975315)|HEAP_ALLOCATE|[36]|Bytes:3
12:34:17.433 (1437980384)|VARIABLE_SCOPE_BEGIN|[36]|keyPrefix|String|false|false
12:34:17.433 (1437991083)|VARIABLE_ASSIGNMENT|[36]|keyPrefix|"003"
12:34:17.433 (1437995418)|STATEMENT_EXECUTE|[37]
12:34:17.433 (1438000305)|HEAP_ALLOCATE|[37]|Bytes:4
12:34:17.433 (1438009303)|VARIABLE_ASSIGNMENT|[37]|fflib_IDGenerator.fakeIdCount|6
12:34:17.433 (1438013703)|STATEMENT_EXECUTE|[39]
12:34:17.433 (1438035074)|HEAP_ALLOCATE|[39]|Bytes:1
12:34:17.433 (1438060873)|HEAP_ALLOCATE|[39]|Bytes:11
12:34:17.433 (1438069101)|VARIABLE_SCOPE_BEGIN|[39]|fakeIdPrefix|String|false|false
12:34:17.433 (1438079541)|VARIABLE_ASSIGNMENT|[39]|fakeIdPrefix|"00000000000"
12:34:17.433 (1438084609)|STATEMENT_EXECUTE|[41]
12:34:17.433 (1438093354)|HEAP_ALLOCATE|[41]|Bytes:1
12:34:17.433 (1438103137)|HEAP_ALLOCATE|[41]|Bytes:15
12:34:17.433 (1438112894)|HEAP_ALLOCATE|[41]|Bytes:4
12:34:17.433 (1438121598)|SYSTEM_MODE_EXIT|false
12:34:17.433 (1438128902)|METHOD_EXIT|[34]|01pm0000000YfaQ|fflib_IDGenerator.generate(Schema.SObjectType)
12:34:17.433 (1438148509)|METHOD_ENTRY|[34]|01pm0000000YfaQ|fflib_IDGenerator.generate(Schema.SObjectType)
12:34:17.433 (1438154845)|VARIABLE_SCOPE_BEGIN|[34]|sobjectType|Schema.SObjectType|true|false
12:34:17.433 (1438185601)|VARIABLE_ASSIGNMENT|[34]|sobjectType|"common.apex.runtime.impl.ApexSObjectTypeToken@192cd28d"|0x192cd28d
12:34:17.433 (1438198717)|SYSTEM_MODE_ENTER|false
12:34:17.433 (1438204784)|HEAP_ALLOCATE|[36]|Bytes:5
12:34:17.433 (1438208936)|STATEMENT_EXECUTE|[35]
12:34:17.433 (1438210534)|STATEMENT_EXECUTE|[36]
12:34:17.433 (1438223588)|HEAP_ALLOCATE|[36]|Bytes:4
12:34:17.433 (1438234676)|HEAP_ALLOCATE|[36]|Bytes:3
12:34:17.433 (1438239222)|VARIABLE_SCOPE_BEGIN|[36]|keyPrefix|String|false|false
12:34:17.433 (1438248382)|VARIABLE_ASSIGNMENT|[36]|keyPrefix|"001"
12:34:17.433 (1438252394)|STATEMENT_EXECUTE|[37]
12:34:17.433 (1438256674)|HEAP_ALLOCATE|[37]|Bytes:4
12:34:17.433 (1438263803)|VARIABLE_ASSIGNMENT|[37]|fflib_IDGenerator.fakeIdCount|7
12:34:17.433 (1438267872)|STATEMENT_EXECUTE|[39]
12:34:17.433 (1438283287)|HEAP_ALLOCATE|[39]|Bytes:1
12:34:17.433 (1438311786)|HEAP_ALLOCATE|[39]|Bytes:11
12:34:17.433 (1438320095)|VARIABLE_SCOPE_BEGIN|[39]|fakeIdPrefix|String|false|false
12:34:17.433 (1438330305)|VARIABLE_ASSIGNMENT|[39]|fakeIdPrefix|"00000000000"
12:34:17.433 (1438334730)|STATEMENT_EXECUTE|[41]
12:34:17.433 (1438342809)|HEAP_ALLOCATE|[41]|Bytes:1
12:34:17.433 (1438352170)|HEAP_ALLOCATE|[41]|Bytes:15
12:34:17.433 (1438361444)|HEAP_ALLOCATE|[41]|Bytes:4
12:34:17.433 (1438369741)|SYSTEM_MODE_EXIT|false
12:34:17.433 (1438376883)|METHOD_EXIT|[34]|01pm0000000YfaQ|fflib_IDGenerator.generate(Schema.SObjectType)
12:34:17.433 (1438390134)|CONSTRUCTOR_ENTRY|[34]|01pm0000000YfZV|<init>(Id,String,Id,String,Boolean)|EmailRequest
12:34:17.433 (1438397638)|VARIABLE_SCOPE_BEGIN|[7]|this|EmailRequest|true|false
12:34:17.433 (1438416121)|VARIABLE_ASSIGNMENT|[7]|this|{}|0x797b3c53
12:34:17.433 (1438422386)|VARIABLE_SCOPE_BEGIN|[7]|contactId|Id|false|false
12:34:17.433 (1438461572)|VARIABLE_ASSIGNMENT|[7]|contactId|"003000000000006AAA"
12:34:17.433 (1438467393)|VARIABLE_SCOPE_BEGIN|[7]|toEmailAddress|String|false|false
12:34:17.433 (1438476717)|VARIABLE_ASSIGNMENT|[7]|toEmailAddress|"sue@example.com"
12:34:17.433 (1438481499)|VARIABLE_SCOPE_BEGIN|[7]|relatedObjectId|Id|false|false
12:34:17.433 (1438503532)|VARIABLE_ASSIGNMENT|[7]|relatedObjectId|"001000000000007AAA"
12:34:17.433 (1438508230)|VARIABLE_SCOPE_BEGIN|[7]|requestingUsersEmailAddress|String|false|false
12:34:17.433 (1438519324)|VARIABLE_ASSIGNMENT|[7]|requestingUsersEmailAddress|"someone@matsonmoney. (3 more) ..."
12:34:17.433 (1438525222)|VARIABLE_SCOPE_BEGIN|[7]|isContactOptedOutOfMarketingEmails|Boolean|false|false
12:34:17.433 (1438533076)|VARIABLE_ASSIGNMENT|[7]|isContactOptedOutOfMarketingEmails|false
12:34:17.433 (1438542507)|SYSTEM_MODE_ENTER|false
12:34:17.433 (1438547292)|HEAP_ALLOCATE|[8]|Bytes:5
12:34:17.433 (1438552309)|STATEMENT_EXECUTE|[1]
12:34:17.433 (1438555152)|HEAP_ALLOCATE|[8]|Bytes:5
12:34:17.433 (1438557844)|STATEMENT_EXECUTE|[15]
12:34:17.433 (1438559447)|STATEMENT_EXECUTE|[16]
12:34:17.433 (1438560776)|STATEMENT_EXECUTE|[17]
12:34:17.433 (1438562097)|STATEMENT_EXECUTE|[18]
12:34:17.433 (1438563432)|STATEMENT_EXECUTE|[19]
12:34:17.433 (1438577115)|STATEMENT_EXECUTE|[7]
12:34:17.433 (1438578750)|STATEMENT_EXECUTE|[8]
12:34:17.433 (1438600416)|VARIABLE_ASSIGNMENT|[8]|this.contactId|"003000000000006AAA"|0x797b3c53
12:34:17.433 (1438607654)|STATEMENT_EXECUTE|[9]
12:34:17.433 (1438611388)|HEAP_ALLOCATE|[9]|Bytes:5
12:34:17.433 (1438618221)|VARIABLE_ASSIGNMENT|[9]|this.isContactOptedOutOfMarketingEmails|false|0x797b3c53
12:34:17.433 (1438623149)|STATEMENT_EXECUTE|[10]
12:34:17.433 (1438628353)|VARIABLE_ASSIGNMENT|[10]|this.toEmailAddress|"sue@example.com"|0x797b3c53
12:34:17.433 (1438633700)|STATEMENT_EXECUTE|[11]
12:34:17.433 (1438649285)|VARIABLE_ASSIGNMENT|[11]|this.relatedObjectId|"001000000000007AAA"|0x797b3c53
12:34:17.433 (1438655430)|STATEMENT_EXECUTE|[12]
12:34:17.433 (1438661833)|VARIABLE_ASSIGNMENT|[12]|this.requestingUsersEmailAddress|"someone@matsonmoney. (3 more) ..."|0x797b3c53
12:34:17.433 (1438668654)|SYSTEM_MODE_EXIT|false
12:34:17.433 (1438680731)|CONSTRUCTOR_EXIT|[34]|01pm0000000YfZV|<init>(Id,String,Id,String,Boolean)|EmailRequest
12:34:17.433 (1438694246)|HEAP_ALLOCATE|[EXTERNAL]|Bytes:4
12:34:17.433 (1438701631)|STATEMENT_EXECUTE|[35]
12:34:17.433 (1438706094)|HEAP_ALLOCATE|[35]|Bytes:24
12:34:17.433 (1438727750)|METHOD_ENTRY|[35]|01pm0000000YfaQ|fflib_IDGenerator.generate(Schema.SObjectType)
12:34:17.433 (1438734353)|VARIABLE_SCOPE_BEGIN|[34]|sobjectType|Schema.SObjectType|true|false
12:34:17.433 (1438763575)|VARIABLE_ASSIGNMENT|[34]|sobjectType|"common.apex.runtime.impl.ApexSObjectTypeToken@496cacae"|0x496cacae
12:34:17.433 (1438777388)|SYSTEM_MODE_ENTER|false
12:34:17.433 (1438782522)|HEAP_ALLOCATE|[36]|Bytes:5
12:34:17.433 (1438786718)|STATEMENT_EXECUTE|[35]
12:34:17.433 (1438788246)|STATEMENT_EXECUTE|[36]
12:34:17.433 (1438802728)|HEAP_ALLOCATE|[36]|Bytes:4
12:34:17.433 (1438814556)|HEAP_ALLOCATE|[36]|Bytes:3
12:34:17.433 (1438819573)|VARIABLE_SCOPE_BEGIN|[36]|keyPrefix|String|false|false
12:34:17.433 (1438829532)|VARIABLE_ASSIGNMENT|[36]|keyPrefix|"003"
12:34:17.433 (1438834335)|STATEMENT_EXECUTE|[37]
12:34:17.433 (1438838535)|HEAP_ALLOCATE|[37]|Bytes:4
12:34:17.433 (1438846911)|VARIABLE_ASSIGNMENT|[37]|fflib_IDGenerator.fakeIdCount|8
12:34:17.433 (1438851296)|STATEMENT_EXECUTE|[39]
12:34:17.433 (1438870069)|HEAP_ALLOCATE|[39]|Bytes:1
12:34:17.433 (1438894432)|HEAP_ALLOCATE|[39]|Bytes:11
12:34:17.433 (1438902509)|VARIABLE_SCOPE_BEGIN|[39]|fakeIdPrefix|String|false|false
12:34:17.433 (1438912291)|VARIABLE_ASSIGNMENT|[39]|fakeIdPrefix|"00000000000"
12:34:17.433 (1438916524)|STATEMENT_EXECUTE|[41]
12:34:17.433 (1438924855)|HEAP_ALLOCATE|[41]|Bytes:1
12:34:17.433 (1438933767)|HEAP_ALLOCATE|[41]|Bytes:15
12:34:17.433 (1438943056)|HEAP_ALLOCATE|[41]|Bytes:4
12:34:17.433 (1438951321)|SYSTEM_MODE_EXIT|false
12:34:17.433 (1438958602)|METHOD_EXIT|[35]|01pm0000000YfaQ|fflib_IDGenerator.generate(Schema.SObjectType)
12:34:17.433 (1438976309)|METHOD_ENTRY|[35]|01pm0000000YfaQ|fflib_IDGenerator.generate(Schema.SObjectType)
12:34:17.433 (1438983083)|VARIABLE_SCOPE_BEGIN|[34]|sobjectType|Schema.SObjectType|true|false
12:34:17.433 (1439012395)|VARIABLE_ASSIGNMENT|[34]|sobjectType|"common.apex.runtime.impl.ApexSObjectTypeToken@192cd28d"|0x192cd28d
12:34:17.433 (1439026030)|SYSTEM_MODE_ENTER|false
12:34:17.433 (1439030968)|HEAP_ALLOCATE|[36]|Bytes:5
12:34:17.433 (1439035692)|STATEMENT_EXECUTE|[35]
12:34:17.433 (1439037250)|STATEMENT_EXECUTE|[36]
12:34:17.433 (1439049912)|HEAP_ALLOCATE|[36]|Bytes:4
12:34:17.433 (1439060382)|HEAP_ALLOCATE|[36]|Bytes:3
12:34:17.433 (1439064516)|VARIABLE_SCOPE_BEGIN|[36]|keyPrefix|String|false|false
12:34:17.433 (1439074349)|VARIABLE_ASSIGNMENT|[36]|keyPrefix|"001"
12:34:17.433 (1439078727)|STATEMENT_EXECUTE|[37]
12:34:17.433 (1439082614)|HEAP_ALLOCATE|[37]|Bytes:4
12:34:17.433 (1439089690)|VARIABLE_ASSIGNMENT|[37]|fflib_IDGenerator.fakeIdCount|9
12:34:17.433 (1439094276)|STATEMENT_EXECUTE|[39]
12:34:17.433 (1439109218)|HEAP_ALLOCATE|[39]|Bytes:1
12:34:17.433 (1439132406)|HEAP_ALLOCATE|[39]|Bytes:11
12:34:17.433 (1439140398)|VARIABLE_SCOPE_BEGIN|[39]|fakeIdPrefix|String|false|false
12:34:17.433 (1439149435)|VARIABLE_ASSIGNMENT|[39]|fakeIdPrefix|"00000000000"
12:34:17.433 (1439154000)|STATEMENT_EXECUTE|[41]
12:34:17.433 (1439161919)|HEAP_ALLOCATE|[41]|Bytes:1
12:34:17.433 (1439170229)|HEAP_ALLOCATE|[41]|Bytes:15
12:34:17.433 (1439178922)|HEAP_ALLOCATE|[41]|Bytes:4
12:34:17.433 (1439186703)|SYSTEM_MODE_EXIT|false
12:34:17.433 (1439193006)|METHOD_EXIT|[35]|01pm0000000YfaQ|fflib_IDGenerator.generate(Schema.SObjectType)
12:34:17.433 (1439204966)|CONSTRUCTOR_ENTRY|[35]|01pm0000000YfZV|<init>(Id,String,Id,String,Boolean)|EmailRequest
12:34:17.433 (1439212179)|VARIABLE_SCOPE_BEGIN|[7]|this|EmailRequest|true|false
12:34:17.433 (1439231025)|VARIABLE_ASSIGNMENT|[7]|this|{}|0x8d33c0
12:34:17.433 (1439237001)|VARIABLE_SCOPE_BEGIN|[7]|contactId|Id|false|false
12:34:17.433 (1439275834)|VARIABLE_ASSIGNMENT|[7]|contactId|"003000000000008AAA"
12:34:17.433 (1439280716)|VARIABLE_SCOPE_BEGIN|[7]|toEmailAddress|String|false|false
12:34:17.433 (1439289686)|VARIABLE_ASSIGNMENT|[7]|toEmailAddress|"sue@example.com"
12:34:17.433 (1439294081)|VARIABLE_SCOPE_BEGIN|[7]|relatedObjectId|Id|false|false
12:34:17.433 (1439322376)|VARIABLE_ASSIGNMENT|[7]|relatedObjectId|"001000000000009AAA"
12:34:17.433 (1439327442)|VARIABLE_SCOPE_BEGIN|[7]|requestingUsersEmailAddress|String|false|false
12:34:17.433 (1439338054)|VARIABLE_ASSIGNMENT|[7]|requestingUsersEmailAddress|"someone@matsonmoney. (3 more) ..."
12:34:17.433 (1439344061)|VARIABLE_SCOPE_BEGIN|[7]|isContactOptedOutOfMarketingEmails|Boolean|false|false
12:34:17.433 (1439352736)|VARIABLE_ASSIGNMENT|[7]|isContactOptedOutOfMarketingEmails|false
12:34:17.433 (1439361531)|SYSTEM_MODE_ENTER|false
12:34:17.433 (1439366409)|HEAP_ALLOCATE|[8]|Bytes:5
12:34:17.433 (1439371392)|STATEMENT_EXECUTE|[1]
12:34:17.433 (1439374256)|HEAP_ALLOCATE|[8]|Bytes:5
12:34:17.433 (1439377531)|STATEMENT_EXECUTE|[15]
12:34:17.433 (1439379041)|STATEMENT_EXECUTE|[16]
12:34:17.433 (1439380382)|STATEMENT_EXECUTE|[17]
12:34:17.433 (1439381737)|STATEMENT_EXECUTE|[18]
12:34:17.433 (1439383110)|STATEMENT_EXECUTE|[19]
12:34:17.433 (1439396349)|STATEMENT_EXECUTE|[7]
12:34:17.433 (1439398033)|STATEMENT_EXECUTE|[8]
12:34:17.433 (1439418245)|VARIABLE_ASSIGNMENT|[8]|this.contactId|"003000000000008AAA"|0x8d33c0
12:34:17.433 (1439425256)|STATEMENT_EXECUTE|[9]
12:34:17.433 (1439428661)|HEAP_ALLOCATE|[9]|Bytes:5
12:34:17.433 (1439436007)|VARIABLE_ASSIGNMENT|[9]|this.isContactOptedOutOfMarketingEmails|false|0x8d33c0
12:34:17.433 (1439441889)|STATEMENT_EXECUTE|[10]
12:34:17.433 (1439446962)|VARIABLE_ASSIGNMENT|[10]|this.toEmailAddress|"sue@example.com"|0x8d33c0
12:34:17.433 (1439451948)|STATEMENT_EXECUTE|[11]
12:34:17.433 (1439467143)|VARIABLE_ASSIGNMENT|[11]|this.relatedObjectId|"001000000000009AAA"|0x8d33c0
12:34:17.433 (1439472572)|STATEMENT_EXECUTE|[12]
12:34:17.433 (1439478596)|VARIABLE_ASSIGNMENT|[12]|this.requestingUsersEmailAddress|"someone@matsonmoney. (3 more) ..."|0x8d33c0
12:34:17.433 (1439485246)|SYSTEM_MODE_EXIT|false
12:34:17.433 (1439496303)|CONSTRUCTOR_EXIT|[35]|01pm0000000YfZV|<init>(Id,String,Id,String,Boolean)|EmailRequest
12:34:17.433 (1439509958)|HEAP_ALLOCATE|[EXTERNAL]|Bytes:4
12:34:17.433 (1439516403)|STATEMENT_EXECUTE|[37]
12:34:17.433 (1439520181)|HEAP_ALLOCATE|[37]|Bytes:32
12:34:17.433 (1439541888)|METHOD_ENTRY|[38]|01pm0000000YfaQ|fflib_IDGenerator.generate(Schema.SObjectType)
12:34:17.433 (1439548799)|VARIABLE_SCOPE_BEGIN|[34]|sobjectType|Schema.SObjectType|true|false
12:34:17.433 (1439577914)|VARIABLE_ASSIGNMENT|[34]|sobjectType|"common.apex.runtime.impl.ApexSObjectTypeToken@96b2c88"|0x96b2c88
12:34:17.433 (1439591362)|SYSTEM_MODE_ENTER|false
12:34:17.433 (1439596287)|HEAP_ALLOCATE|[36]|Bytes:5
12:34:17.433 (1439600647)|STATEMENT_EXECUTE|[35]
12:34:17.433 (1439602175)|STATEMENT_EXECUTE|[36]
12:34:17.433 (1439616799)|HEAP_ALLOCATE|[36]|Bytes:4
12:34:17.433 (1439628328)|HEAP_ALLOCATE|[36]|Bytes:3
12:34:17.433 (1439633198)|VARIABLE_SCOPE_BEGIN|[36]|keyPrefix|String|false|false
12:34:17.433 (1439643863)|VARIABLE_ASSIGNMENT|[36]|keyPrefix|"0D2"
12:34:17.433 (1439647950)|STATEMENT_EXECUTE|[37]
12:34:17.433 (1439652048)|HEAP_ALLOCATE|[37]|Bytes:4
12:34:17.433 (1439659333)|VARIABLE_ASSIGNMENT|[37]|fflib_IDGenerator.fakeIdCount|10
12:34:17.433 (1439663339)|STATEMENT_EXECUTE|[39]
12:34:17.433 (1439681142)|HEAP_ALLOCATE|[39]|Bytes:2
12:34:17.433 (1439712164)|HEAP_ALLOCATE|[39]|Bytes:10
12:34:17.433 (1439721953)|VARIABLE_SCOPE_BEGIN|[39]|fakeIdPrefix|String|false|false
12:34:17.433 (1439731746)|VARIABLE_ASSIGNMENT|[39]|fakeIdPrefix|"0000000000"
12:34:17.433 (1439736496)|STATEMENT_EXECUTE|[41]
12:34:17.433 (1439745103)|HEAP_ALLOCATE|[41]|Bytes:2
12:34:17.433 (1439754055)|HEAP_ALLOCATE|[41]|Bytes:15
12:34:17.433 (1439763373)|HEAP_ALLOCATE|[41]|Bytes:4
12:34:17.433 (1439771664)|SYSTEM_MODE_EXIT|false
12:34:17.433 (1439778723)|METHOD_EXIT|[38]|01pm0000000YfaQ|fflib_IDGenerator.generate(Schema.SObjectType)
12:34:17.433 (1439784754)|HEAP_ALLOCATE|[37]|Bytes:18
12:34:17.433 (1439797147)|CONSTRUCTOR_ENTRY|[37]|01p3600000JWdhI|<init>(List<EmailRequest>,String,String,String,Boolean,String)|MassEmailRequest
12:34:17.433 (1439805046)|VARIABLE_SCOPE_BEGIN|[9]|this|MassEmailRequest|true|false
12:34:17.433 (1439824601)|VARIABLE_ASSIGNMENT|[9]|this|{}|0x226aa2fe
12:34:17.433 (1439830984)|VARIABLE_SCOPE_BEGIN|[9]|listOfEmailRequests|List<EmailRequest>|true|false
12:34:17.433 (1439913288)|VARIABLE_ASSIGNMENT|[EXTERNAL]|this|{"contactId":"003000000000006AAA","isContactOptedOutOfMarketingEmails":false,"relatedObjectId":"001000000000007AAA","requestingUsersEmailAddress":"someone@matsonmoney.com","toEmailAddress":"sue@example.com"}|0x797b3c53
12:34:17.433 (1439982445)|VARIABLE_ASSIGNMENT|[EXTERNAL]|this|{"contactId":"003000000000008AAA","isContactOptedOutOfMarketingEmails":false,"relatedObjectId":"001000000000009AAA","requestingUsersEmailAddress":"someone@matsonmoney.com","toEmailAddress":"sue@example.com"}|0x8d33c0
12:34:17.433 (1440011744)|VARIABLE_ASSIGNMENT|[9]|listOfEmailRequests|"common.apex.runtime.impl.ScalarList@b679858e"|0xdb32758
12:34:17.433 (1440019142)|VARIABLE_SCOPE_BEGIN|[9]|orgWideEmailAddressId|String|false|false
12:34:17.433 (1440032674)|VARIABLE_ASSIGNMENT|[9]|orgWideEmailAddressId|"0D2000000000010CAA"
12:34:17.433 (1440037406)|VARIABLE_SCOPE_BEGIN|[9]|emailTemplateDeveloperName|String|false|false
12:34:17.433 (1440045223)|VARIABLE_ASSIGNMENT|[9]|emailTemplateDeveloperName|"template_name"
12:34:17.433 (1440049645)|VARIABLE_SCOPE_BEGIN|[9]|emailAddressOverride|String|false|false
12:34:17.433 (1440057706)|VARIABLE_ASSIGNMENT|[9]|emailAddressOverride|"frank@example.com"
12:34:17.433 (1440063602)|VARIABLE_SCOPE_BEGIN|[9]|isSandboxRequest|Boolean|false|false
12:34:17.433 (1440072189)|VARIABLE_ASSIGNMENT|[9]|isSandboxRequest|true
12:34:17.433 (1440076218)|VARIABLE_SCOPE_BEGIN|[9]|requestingUsersEmailAddress|String|false|false
12:34:17.433 (1440085924)|VARIABLE_ASSIGNMENT|[9]|requestingUsersEmailAddress|"someone@matsonmoney. (3 more) ..."
12:34:17.433 (1440091622)|STATEMENT_EXECUTE|[1]
12:34:17.433 (1440093358)|STATEMENT_EXECUTE|[24]
12:34:17.433 (1440094861)|STATEMENT_EXECUTE|[25]
12:34:17.433 (1440096189)|STATEMENT_EXECUTE|[26]
12:34:17.433 (1440097523)|STATEMENT_EXECUTE|[27]
12:34:17.433 (1440098924)|STATEMENT_EXECUTE|[28]
12:34:17.433 (1440100276)|STATEMENT_EXECUTE|[29]
12:34:17.433 (1440101607)|STATEMENT_EXECUTE|[30]
12:34:17.433 (1440112321)|STATEMENT_EXECUTE|[14]
12:34:17.433 (1440114490)|STATEMENT_EXECUTE|[16]
12:34:17.433 (1440187728)|VARIABLE_ASSIGNMENT|[EXTERNAL]|this|{"contactId":"003000000000006AAA","isContactOptedOutOfMarketingEmails":false,"relatedObjectId":"001000000000007AAA","requestingUsersEmailAddress":"someone@matsonmoney.com","toEmailAddress":"sue@example.com"}|0x797b3c53
12:34:17.433 (1440257058)|VARIABLE_ASSIGNMENT|[EXTERNAL]|this|{"contactId":"003000000000008AAA","isContactOptedOutOfMarketingEmails":false,"relatedObjectId":"001000000000009AAA","requestingUsersEmailAddress":"someone@matsonmoney.com","toEmailAddress":"sue@example.com"}|0x8d33c0
12:34:17.433 (1440279830)|VARIABLE_ASSIGNMENT|[16]|this.listOfEmailRequests|"common.apex.runtime.impl.ScalarList@b679858e"|0x226aa2fe
12:34:17.433 (1440286423)|STATEMENT_EXECUTE|[17]
12:34:17.433 (1440293835)|VARIABLE_ASSIGNMENT|[17]|this.orgWideEmailAddressId|"0D2000000000010CAA"|0x226aa2fe
12:34:17.433 (1440298828)|STATEMENT_EXECUTE|[18]
12:34:17.433 (1440303577)|VARIABLE_ASSIGNMENT|[18]|this.emailTemplateDeveloperName|"template_name"|0x226aa2fe
12:34:17.433 (1440313860)|STATEMENT_EXECUTE|[19]
12:34:17.433 (1440319056)|VARIABLE_ASSIGNMENT|[19]|this.emailAddressOverride|"frank@example.com"|0x226aa2fe
12:34:17.433 (1440324421)|STATEMENT_EXECUTE|[20]
12:34:17.433 (1440328345)|HEAP_ALLOCATE|[20]|Bytes:5
12:34:17.433 (1440335233)|VARIABLE_ASSIGNMENT|[20]|this.isSandboxRequest|true|0x226aa2fe
12:34:17.433 (1440340501)|STATEMENT_EXECUTE|[21]
12:34:17.433 (1440346484)|VARIABLE_ASSIGNMENT|[21]|this.requestingUsersEmailAddress|"someone@matsonmoney. (3 more) ..."|0x226aa2fe
12:34:17.433 (1440360021)|CONSTRUCTOR_EXIT|[37]|01p3600000JWdhI|<init>(List<EmailRequest>,String,String,String,Boolean,String)|MassEmailRequest
12:34:17.433 (1440369180)|METHOD_EXIT|[8]|01pm0000000YfZf|MassEmailRequestTests.getMassEmailRequest()
12:34:17.433 (1440374853)|VARIABLE_SCOPE_BEGIN|[8]|otherMassEmailRequest|MassEmailRequest|true|false
12:34:17.433 (1440415123)|VARIABLE_ASSIGNMENT|[8]|otherMassEmailRequest|{"emailAddressOverride":"frank@example.com","emailTemplateDeveloperName":"template_name","isSandboxRequest":true,"listOfEmailRequests":"0xdb32758","orgWideEmailAddressId":"0D2000000000010CAA","requestingUsersEmailAddress":"someone@matsonmoney. (3 more) ..."}|0x226aa2fe
12:34:17.433 (1440424275)|STATEMENT_EXECUTE|[11]
12:34:17.433 (1440435787)|METHOD_ENTRY|[11]|01p3600000JWdhI|MassEmailRequest.equals(MassEmailRequest)
12:34:17.433 (1440450605)|VARIABLE_SCOPE_BEGIN|[32]|this|MassEmailRequest|true|false
12:34:17.433 (1440478998)|VARIABLE_ASSIGNMENT|[32]|this|{"emailAddressOverride":"frank@example.com","emailTemplateDeveloperName":"template_name","isSandboxRequest":true,"listOfEmailRequests":"0x33910760","orgWideEmailAddressId":"0D2000000000005CAA","requestingUsersEmailAddress":"someone@matsonmoney. (3 more) ..."}|0x36a29ceb
12:34:17.433 (1440487472)|VARIABLE_SCOPE_BEGIN|[32]|otherRequest|MassEmailRequest|true|false
12:34:17.433 (1440510048)|VARIABLE_ASSIGNMENT|[32]|otherRequest|{"emailAddressOverride":"frank@example.com","emailTemplateDeveloperName":"template_name","isSandboxRequest":true,"listOfEmailRequests":"0xdb32758","orgWideEmailAddressId":"0D2000000000010CAA","requestingUsersEmailAddress":"someone@matsonmoney. (3 more) ..."}|0x226aa2fe
12:34:17.433 (1440522941)|STATEMENT_EXECUTE|[32]
12:34:17.433 (1440524661)|STATEMENT_EXECUTE|[34]
12:34:17.433 (1440528143)|VARIABLE_SCOPE_BEGIN|[34]|listOfEmailRequestsMatch|Boolean|false|false
12:34:17.433 (1440536651)|HEAP_ALLOCATE|[34]|Bytes:5
12:34:17.433 (1440542381)|VARIABLE_ASSIGNMENT|[34]|listOfEmailRequestsMatch|true
12:34:17.433 (1440547402)|STATEMENT_EXECUTE|[36]
12:34:17.433 (1440550075)|VARIABLE_SCOPE_BEGIN|[36]|i|Integer|false|false
12:34:17.433 (1440558884)|VARIABLE_ASSIGNMENT|[36]|i|null
12:34:17.433 (1440577938)|STATEMENT_EXECUTE|[36]
12:34:17.433 (1440579779)|STATEMENT_EXECUTE|[46]
12:34:17.433 (1440603149)|METHOD_EXIT|[11]|01p3600000JWdhI|MassEmailRequest.equals(MassEmailRequest)
12:34:17.433 (1440609318)|VARIABLE_SCOPE_BEGIN|[11]|isAMatch|Boolean|false|false
12:34:17.433 (1440618345)|HEAP_ALLOCATE|[11]|Bytes:5
12:34:17.433 (1440623960)|VARIABLE_ASSIGNMENT|[11]|isAMatch|false
12:34:17.433 (1440628973)|STATEMENT_EXECUTE|[14]
12:34:17.440 (1440659291)|CUMULATIVE_LIMIT_USAGE
12:34:17.440 (1440659291)|LIMIT_USAGE_FOR_NS|(default)|
  Number of SOQL queries: 0 out of 100
  Number of query rows: 0 out of 50000
  Number of SOSL queries: 0 out of 20
  Number of DML statements: 0 out of 150
  Number of DML rows: 0 out of 10000
  Maximum CPU time: 0 out of 10000
  Maximum heap size: 0 out of 6000000
  Number of callouts: 0 out of 100
  Number of Email Invocations: 0 out of 10
  Number of future calls: 0 out of 50
  Number of queueable jobs added to the queue: 0 out of 50
  Number of Mobile Apex push calls: 0 out of 10

12:34:17.440 (1440659291)|CUMULATIVE_LIMIT_USAGE_END

12:34:17.433 (1440682737)|CODE_UNIT_FINISHED|MassEmailRequestTests.givenEqualsWhenInstancesNotTheSameExpectFalse()
12:34:17.433 (1441876137)|EXECUTION_FINISHED
