44.0 APEX_CODE,FINEST;APEX_PROFILING,INFO;CALLOUT,INFO;DB,INFO;NBA,INFO;SYSTEM,DEBUG;VALIDATION,INFO;VISUALFORCE,INFO;WAVE,INFO;WORKFLOW,INFO
17:00:09.0 (548751)|EXECUTION_STARTED
17:00:09.0 (587711)|CODE_UNIT_STARTED|[EXTERNAL]|VisualForce View State
17:00:09.0 (6564450)|HEAP_ALLOCATE|[72]|Bytes:3
17:00:09.0 (6637642)|HEAP_ALLOCATE|[77]|Bytes:152
17:00:09.0 (6654470)|HEAP_ALLOCATE|[342]|Bytes:408
17:00:09.0 (6666007)|HEAP_ALLOCATE|[355]|Bytes:408
17:00:09.0 (6676588)|HEAP_ALLOCATE|[467]|Bytes:48
17:00:09.0 (6702645)|HEAP_ALLOCATE|[139]|Bytes:6
17:00:09.0 (6740495)|HEAP_ALLOCATE|[50]|Bytes:5
17:00:09.0 (6774332)|HEAP_ALLOCATE|[56]|Bytes:5
17:00:09.0 (6788624)|HEAP_ALLOCATE|[64]|Bytes:7
17:00:09.0 (10996273)|CODE_UNIT_FINISHED|VisualForce View State
17:00:09.0 (12199521)|EXECUTION_FINISHED
17:00:09.14 (14022289)|SYSTEM_MODE_ENTER|true
17:00:09.14 (14080850)|HEAP_ALLOCATE|[EXTERNAL]|Bytes:400
17:00:09.14 (14106272)|HEAP_ALLOCATE|[EXTERNAL]|Bytes:235
17:00:09.63 (63067495)|CUMULATIVE_LIMIT_USAGE
17:00:09.63 (63067495)|LIMIT_USAGE_FOR_NS|(default)|
  Number of SOQL queries: 0 out of 100
  Number of query rows: 0 out of 50000
  Number of SOSL queries: 0 out of 20
  Number of DML statements: 0 out of 150
  Number of DML rows: 0 out of 10000
  Maximum CPU time: 0 out of 10000
  Maximum heap size: 0 out of 6000000
  Number of callouts: 0 out of 100
  Number of Email Invocations: 0 out of 10
  Number of future calls: 0 out of 50
  Number of queueable jobs added to the queue: 0 out of 50
  Number of Mobile Apex push calls: 0 out of 10

17:00:09.63 (63067495)|CUMULATIVE_LIMIT_USAGE_END

