44.0 APEX_CODE,FINEST;APEX_PROFILING,INFO;CALLOUT,INFO;DB,INFO;NBA,INFO;SYSTEM,DEBUG;VALIDATION,INFO;VISUALFORCE,INFO;WAVE,INFO;WORKFLOW,INFO
13:09:03.0 (309615)|EXECUTION_STARTED
13:09:03.0 (334110)|CODE_UNIT_STARTED|[EXTERNAL]|VisualForce View State
13:09:03.0 (4891246)|HEAP_ALLOCATE|[72]|Bytes:3
13:09:03.0 (4958214)|HEAP_ALLOCATE|[77]|Bytes:152
13:09:03.0 (4973280)|HEAP_ALLOCATE|[342]|Bytes:408
13:09:03.0 (4986579)|HEAP_ALLOCATE|[355]|Bytes:408
13:09:03.0 (4997668)|HEAP_ALLOCATE|[467]|Bytes:48
13:09:03.0 (5024718)|HEAP_ALLOCATE|[139]|Bytes:6
13:09:03.0 (5050828)|HEAP_ALLOCATE|[50]|Bytes:5
13:09:03.0 (5075162)|HEAP_ALLOCATE|[56]|Bytes:5
13:09:03.0 (5083186)|HEAP_ALLOCATE|[64]|Bytes:7
13:09:03.0 (8993718)|CODE_UNIT_FINISHED|VisualForce View State
13:09:03.0 (10010421)|EXECUTION_FINISHED
13:09:03.11 (11325487)|SYSTEM_MODE_ENTER|true
13:09:03.11 (11364677)|HEAP_ALLOCATE|[EXTERNAL]|Bytes:400
13:09:03.11 (11378509)|HEAP_ALLOCATE|[EXTERNAL]|Bytes:235
13:09:03.72 (72954709)|CUMULATIVE_LIMIT_USAGE
13:09:03.72 (72954709)|LIMIT_USAGE_FOR_NS|(default)|
  Number of SOQL queries: 0 out of 100
  Number of query rows: 0 out of 50000
  Number of SOSL queries: 0 out of 20
  Number of DML statements: 0 out of 150
  Number of DML rows: 0 out of 10000
  Maximum CPU time: 0 out of 10000
  Maximum heap size: 0 out of 6000000
  Number of callouts: 0 out of 100
  Number of Email Invocations: 0 out of 10
  Number of future calls: 0 out of 50
  Number of queueable jobs added to the queue: 0 out of 50
  Number of Mobile Apex push calls: 0 out of 10

13:09:03.72 (72954709)|CUMULATIVE_LIMIT_USAGE_END

