44.0 APEX_CODE,FINEST;APEX_PROFILING,INFO;CALLOUT,INFO;DB,INFO;NBA,INFO;SYSTEM,DEBUG;VALIDATION,INFO;VISUALFORCE,INFO;WAVE,INFO;WORKFLOW,INFO
09:21:26.0 (326260)|USER_INFO|[EXTERNAL]|00518000002hPQO|matthew.billups@matsonmoney.com.mbill|Mountain Standard Time|GMT-07:00
09:21:26.0 (359560)|EXECUTION_STARTED
09:21:26.0 (363949)|CODE_UNIT_STARTED|[EXTERNAL]|VisualForce View State
09:21:26.0 (252009645)|HEAP_ALLOCATE|[72]|Bytes:3
09:21:26.0 (252092287)|HEAP_ALLOCATE|[77]|Bytes:152
09:21:26.0 (252109419)|HEAP_ALLOCATE|[342]|Bytes:408
09:21:26.0 (252122015)|HEAP_ALLOCATE|[355]|Bytes:408
09:21:26.0 (252132781)|HEAP_ALLOCATE|[467]|Bytes:48
09:21:26.0 (252161653)|HEAP_ALLOCATE|[139]|Bytes:6
09:21:26.0 (252185418)|HEAP_ALLOCATE|[50]|Bytes:5
09:21:26.0 (252210425)|HEAP_ALLOCATE|[56]|Bytes:5
09:21:26.0 (252222001)|HEAP_ALLOCATE|[64]|Bytes:7
09:21:26.0 (253473660)|CODE_UNIT_FINISHED|VisualForce View State
09:21:26.0 (254887787)|EXECUTION_FINISHED
09:21:26.256 (256201332)|USER_INFO|[EXTERNAL]|00518000002hPQO|matthew.billups@matsonmoney.com.mbill|Mountain Standard Time|GMT-07:00
09:21:26.256 (256259593)|SYSTEM_MODE_ENTER|true
09:21:26.256 (256332144)|HEAP_ALLOCATE|[EXTERNAL]|Bytes:38
09:21:26.256 (256342067)|HEAP_ALLOCATE|[EXTERNAL]|Bytes:7
09:21:26.732 (732631204)|CUMULATIVE_LIMIT_USAGE
09:21:26.732 (732631204)|LIMIT_USAGE_FOR_NS|(default)|
  Number of SOQL queries: 0 out of 100
  Number of query rows: 0 out of 50000
  Number of SOSL queries: 0 out of 20
  Number of DML statements: 0 out of 150
  Number of DML rows: 0 out of 10000
  Maximum CPU time: 0 out of 10000
  Maximum heap size: 0 out of 6000000
  Number of callouts: 0 out of 100
  Number of Email Invocations: 0 out of 10
  Number of future calls: 0 out of 50
  Number of queueable jobs added to the queue: 0 out of 50
  Number of Mobile Apex push calls: 0 out of 10

09:21:26.732 (732631204)|CUMULATIVE_LIMIT_USAGE_END

