34.0 APEX_CODE,FINEST;APEX_PROFILING,INFO;CALLOUT,INFO;DB,INFO;NBA,INFO;SYSTEM,DEBUG;VALIDATION,INFO;VISUALFORCE,INFO;WAVE,INFO;WORKFLOW,INFO
12:33:57.0 (293674)|USER_INFO|[EXTERNAL]|00518000002hPQO|matthew.billups@matsonmoney.com.mbill|Mountain Standard Time|GMT-07:00
12:33:57.0 (337142)|EXECUTION_STARTED
12:33:57.0 (341291)|CODE_UNIT_STARTED|[EXTERNAL]|01p3600000B0tSi|mm_AdvisorTest.given_mm_Advisor_expect_mm_Advisor()
12:33:57.0 (740661)|HEAP_ALLOCATE|[72]|Bytes:3
12:33:57.0 (772973)|HEAP_ALLOCATE|[77]|Bytes:152
12:33:57.0 (787488)|HEAP_ALLOCATE|[342]|Bytes:408
12:33:57.0 (802996)|HEAP_ALLOCATE|[355]|Bytes:408
12:33:57.0 (816177)|HEAP_ALLOCATE|[467]|Bytes:48
12:33:57.0 (844528)|HEAP_ALLOCATE|[139]|Bytes:6
12:33:57.0 (860014)|HEAP_ALLOCATE|[EXTERNAL]|Bytes:38
12:33:57.0 (873615)|METHOD_ENTRY|[29]|01p3600000B0tSi|mm_AdvisorTest.mm_AdvisorTest()
12:33:57.0 (879847)|STATEMENT_EXECUTE|[29]
12:33:57.0 (883178)|STATEMENT_EXECUTE|[29]
12:33:57.0 (886671)|METHOD_EXIT|[29]|mm_AdvisorTest
12:33:57.0 (944000)|HEAP_ALLOCATE|[50]|Bytes:5
12:33:57.0 (965784)|HEAP_ALLOCATE|[56]|Bytes:5
12:33:57.0 (973693)|HEAP_ALLOCATE|[64]|Bytes:7
12:33:57.0 (1001893)|STATEMENT_EXECUTE|[31]
12:33:57.0 (1004488)|STATEMENT_EXECUTE|[32]
12:33:57.0 (5174770)|HEAP_ALLOCATE|[32]|Bytes:280
12:33:57.0 (5185319)|HEAP_ALLOCATE|[32]|Bytes:38
12:33:57.0 (5200564)|METHOD_ENTRY|[8]|01p3600000B0tSh|mm_Advisor.mm_Advisor()
12:33:57.0 (5206504)|STATEMENT_EXECUTE|[8]
12:33:57.0 (5210638)|STATEMENT_EXECUTE|[8]
12:33:57.0 (5214496)|METHOD_EXIT|[8]|mm_Advisor
12:33:57.0 (5231073)|HEAP_ALLOCATE|[32]|Bytes:52
12:33:57.0 (5242908)|CONSTRUCTOR_ENTRY|[32]|01p3600000B0tSh|<init>()|mm_Advisor
12:33:57.0 (5268714)|VARIABLE_SCOPE_BEGIN|[10]|this|mm_Advisor|true|false
12:33:57.0 (5323672)|VARIABLE_ASSIGNMENT|[10]|this|{}|0x70f7f19d
12:33:57.0 (5332442)|STATEMENT_EXECUTE|[8]
12:33:57.0 (5334006)|STATEMENT_EXECUTE|[13]
12:33:57.0 (5335724)|STATEMENT_EXECUTE|[14]
12:33:57.0 (5337131)|STATEMENT_EXECUTE|[15]
12:33:57.0 (5338440)|STATEMENT_EXECUTE|[16]
12:33:57.0 (5339735)|STATEMENT_EXECUTE|[17]
12:33:57.0 (5341700)|STATEMENT_EXECUTE|[18]
12:33:57.0 (5343080)|STATEMENT_EXECUTE|[19]
12:33:57.0 (5344379)|STATEMENT_EXECUTE|[20]
12:33:57.0 (5345738)|STATEMENT_EXECUTE|[21]
12:33:57.0 (5347124)|STATEMENT_EXECUTE|[22]
12:33:57.0 (5348479)|STATEMENT_EXECUTE|[23]
12:33:57.0 (5349868)|STATEMENT_EXECUTE|[24]
12:33:57.0 (5355884)|HEAP_ALLOCATE|[EXTERNAL]|Bytes:6
12:33:57.0 (5389561)|STATEMENT_EXECUTE|[10]
12:33:57.0 (5393920)|CONSTRUCTOR_EXIT|[32]|01p3600000B0tSh|<init>()|mm_Advisor
12:33:57.0 (5401744)|VARIABLE_SCOPE_BEGIN|[32]|advisor|mm_Advisor|true|false
12:33:57.0 (5426516)|VARIABLE_ASSIGNMENT|[32]|advisor|{}|0x70f7f19d
12:33:57.0 (5433072)|STATEMENT_EXECUTE|[34]
12:33:57.0 (5436328)|HEAP_ALLOCATE|[34]|Bytes:3
12:33:57.0 (5483152)|VARIABLE_ASSIGNMENT|[EXTERNAL]|this|{}|0x70f7f19d
12:33:57.0 (5511947)|VARIABLE_ASSIGNMENT|[EXTERNAL]|value|"Bob"
12:33:57.0 (5525326)|VARIABLE_ASSIGNMENT|[13]|this.firstName|"Bob"|0x70f7f19d
12:33:57.0 (5535577)|STATEMENT_EXECUTE|[35]
12:33:57.0 (5538564)|HEAP_ALLOCATE|[35]|Bytes:5
12:33:57.0 (5583028)|VARIABLE_ASSIGNMENT|[EXTERNAL]|this|{"firstName":"Bob"}|0x70f7f19d
12:33:57.0 (5603222)|VARIABLE_ASSIGNMENT|[EXTERNAL]|value|"Smith"
12:33:57.0 (5613364)|VARIABLE_ASSIGNMENT|[14]|this.lastName|"Smith"|0x70f7f19d
12:33:57.0 (5621775)|STATEMENT_EXECUTE|[36]
12:33:57.0 (5624487)|HEAP_ALLOCATE|[36]|Bytes:11
12:33:57.0 (5665663)|VARIABLE_ASSIGNMENT|[EXTERNAL]|this|{"firstName":"Bob","lastName":"Smith"}|0x70f7f19d
12:33:57.0 (5681236)|VARIABLE_ASSIGNMENT|[EXTERNAL]|value|"ABC Company"
12:33:57.0 (5699851)|VARIABLE_ASSIGNMENT|[15]|this.company|"ABC Company"|0x70f7f19d
12:33:57.0 (5714485)|STATEMENT_EXECUTE|[37]
12:33:57.0 (5717968)|HEAP_ALLOCATE|[37]|Bytes:14
12:33:57.0 (5771365)|VARIABLE_ASSIGNMENT|[EXTERNAL]|this|{"company":"ABC Company","firstName":"Bob","lastName":"Smith"}|0x70f7f19d
12:33:57.0 (5788114)|VARIABLE_ASSIGNMENT|[EXTERNAL]|value|"123 Any Street"
12:33:57.0 (5797276)|VARIABLE_ASSIGNMENT|[16]|this.address1|"123 Any Street"|0x70f7f19d
12:33:57.0 (5805371)|STATEMENT_EXECUTE|[38]
12:33:57.0 (5854407)|VARIABLE_ASSIGNMENT|[EXTERNAL]|this|{"address1":"123 Any Street","company":"ABC Company","firstName":"Bob","lastName":"Smith"}|0x70f7f19d
12:33:57.0 (5866177)|VARIABLE_ASSIGNMENT|[EXTERNAL]|value|""
12:33:57.0 (5873845)|VARIABLE_ASSIGNMENT|[17]|this.address2|""|0x70f7f19d
12:33:57.0 (5881477)|STATEMENT_EXECUTE|[39]
12:33:57.0 (5884369)|HEAP_ALLOCATE|[39]|Bytes:8
12:33:57.0 (5929033)|VARIABLE_ASSIGNMENT|[EXTERNAL]|this|{"address1":"123 Any Street","address2":"","company":"ABC Company","firstName":"Bob","lastName":"Smith"}|0x70f7f19d
12:33:57.0 (5942692)|VARIABLE_ASSIGNMENT|[EXTERNAL]|value|"Any City"
12:33:57.0 (5951814)|VARIABLE_ASSIGNMENT|[18]|this.city|"Any City"|0x70f7f19d
12:33:57.0 (5959116)|STATEMENT_EXECUTE|[40]
12:33:57.0 (5961710)|HEAP_ALLOCATE|[40]|Bytes:2
12:33:57.0 (6005098)|VARIABLE_ASSIGNMENT|[EXTERNAL]|this|{"address1":"123 Any Street","address2":"","city":"Any City","company":"ABC Company","firstName":"Bob","lastName":"Smith"}|0x70f7f19d
12:33:57.0 (6015940)|VARIABLE_ASSIGNMENT|[EXTERNAL]|value|"OH"
12:33:57.0 (6024573)|VARIABLE_ASSIGNMENT|[19]|this.state|"OH"|0x70f7f19d
12:33:57.0 (6032621)|STATEMENT_EXECUTE|[41]
12:33:57.0 (6035144)|HEAP_ALLOCATE|[41]|Bytes:5
12:33:57.0 (6079088)|VARIABLE_ASSIGNMENT|[EXTERNAL]|this|{"address1":"123 Any Street","address2":"","city":"Any City","company":"ABC Company","firstName":"Bob","lastName":"Smith","state":"OH"}|0x70f7f19d
12:33:57.0 (6093628)|VARIABLE_ASSIGNMENT|[EXTERNAL]|value|"12345"
12:33:57.0 (6102179)|VARIABLE_ASSIGNMENT|[20]|this.zipcode|"12345"|0x70f7f19d
12:33:57.0 (6109704)|STATEMENT_EXECUTE|[42]
12:33:57.0 (6112147)|HEAP_ALLOCATE|[42]|Bytes:12
12:33:57.0 (6160580)|VARIABLE_ASSIGNMENT|[EXTERNAL]|this|{"address1":"123 Any Street","address2":"","city":"Any City","company":"ABC Company","firstName":"Bob","lastName":"Smith","state":"OH","zipcode":"12345"}|0x70f7f19d
12:33:57.0 (6173983)|VARIABLE_ASSIGNMENT|[EXTERNAL]|value|"555-555-5555"
12:33:57.0 (6182676)|VARIABLE_ASSIGNMENT|[21]|this.phone|"555-555-5555"|0x70f7f19d
12:33:57.0 (6191090)|STATEMENT_EXECUTE|[43]
12:33:57.0 (6193553)|HEAP_ALLOCATE|[43]|Bytes:16
12:33:57.0 (6244541)|VARIABLE_ASSIGNMENT|[EXTERNAL]|this|{"address1":"123 Any Street","address2":"","city":"Any City","company":"ABC Company","firstName":"Bob","lastName":"Smith","phone":"555-555-5555","state":"OH","zipcode":"12345"}|0x70f7f19d
12:33:57.0 (6258618)|VARIABLE_ASSIGNMENT|[EXTERNAL]|value|"bob_at_gmail.com"
12:33:57.0 (6267398)|VARIABLE_ASSIGNMENT|[22]|this.email|"bob_at_gmail.com"|0x70f7f19d
12:33:57.0 (6274653)|STATEMENT_EXECUTE|[44]
12:33:57.0 (6277227)|HEAP_ALLOCATE|[44]|Bytes:3
12:33:57.0 (6328397)|VARIABLE_ASSIGNMENT|[EXTERNAL]|this|{"address1":"123 Any Street","address2":"","city":"Any City","company":"ABC Company","email":"bob_at_gmail.com","firstName":"Bob","lastName":"Smith","phone":"555-555-5555","state":"OH","zipcode":"12345"}|0x70f7f19d
12:33:57.0 (6347819)|VARIABLE_ASSIGNMENT|[EXTERNAL]|value|"123"
12:33:57.0 (6357097)|VARIABLE_ASSIGNMENT|[23]|this.repNo|"123"|0x70f7f19d
12:33:57.0 (6364486)|STATEMENT_EXECUTE|[45]
12:33:57.0 (6367254)|HEAP_ALLOCATE|[45]|Bytes:2
12:33:57.0 (6431446)|VARIABLE_ASSIGNMENT|[EXTERNAL]|this|{"address1":"123 Any Street","address2":"","city":"Any City","company":"ABC Company","email":"bob_at_gmail.com","firstName":"Bob","lastName":"Smith","phone":"555-555-5555","repNo":"123","state":"OH","zipcode":"12345"}|0x70f7f19d
12:33:57.0 (6443259)|VARIABLE_ASSIGNMENT|[EXTERNAL]|value|"10"
12:33:57.0 (6451411)|VARIABLE_ASSIGNMENT|[24]|this.distance|"10"|0x70f7f19d
12:33:57.6 (6463403)|CUMULATIVE_LIMIT_USAGE
12:33:57.6 (6463403)|LIMIT_USAGE_FOR_NS|(default)|
  Number of SOQL queries: 0 out of 100
  Number of query rows: 0 out of 50000
  Number of SOSL queries: 0 out of 20
  Number of DML statements: 0 out of 150
  Number of DML rows: 0 out of 10000
  Maximum CPU time: 0 out of 10000
  Maximum heap size: 0 out of 6000000
  Number of callouts: 0 out of 100
  Number of Email Invocations: 0 out of 10
  Number of future calls: 0 out of 50
  Number of queueable jobs added to the queue: 0 out of 50
  Number of Mobile Apex push calls: 0 out of 10

12:33:57.6 (6463403)|CUMULATIVE_LIMIT_USAGE_END

12:33:57.0 (6487437)|CODE_UNIT_FINISHED|mm_AdvisorTest.given_mm_Advisor_expect_mm_Advisor()
12:33:57.0 (7386827)|EXECUTION_FINISHED
