42.0 APEX_CODE,FINEST;APEX_PROFILING,INFO;CALLOUT,INFO;DB,INFO;NBA,INFO;SYSTEM,DEBUG;VALIDATION,INFO;VISUALFORCE,INFO;WAVE,INFO;WORKFLOW,INFO
14:24:57.0 (352827)|USER_INFO|[EXTERNAL]|00518000002hPQO|matthew.billups@matsonmoney.com.mbill|Mountain Standard Time|GMT-07:00
14:24:57.0 (400637)|EXECUTION_STARTED
14:24:57.0 (405609)|CODE_UNIT_STARTED|[EXTERNAL]|01pm0000000YfZp|ffhttp_AbstractFormDataSerializableTest.getHttpContentType_returnsCorrectContentType()
14:24:57.0 (895744)|HEAP_ALLOCATE|[72]|Bytes:3
14:24:57.0 (938403)|HEAP_ALLOCATE|[77]|Bytes:152
14:24:57.0 (955015)|HEAP_ALLOCATE|[342]|Bytes:408
14:24:57.0 (970216)|HEAP_ALLOCATE|[355]|Bytes:408
14:24:57.0 (989966)|HEAP_ALLOCATE|[467]|Bytes:48
14:24:57.0 (1019461)|HEAP_ALLOCATE|[139]|Bytes:6
14:24:57.0 (1038179)|HEAP_ALLOCATE|[EXTERNAL]|Bytes:12
14:24:57.0 (1044065)|HEAP_ALLOCATE|[EXTERNAL]|Bytes:17
14:24:57.0 (1059235)|METHOD_ENTRY|[33]|01pm0000000YfZp|ffhttp_AbstractFormDataSerializableTest.ffhttp_AbstractFormDataSerializableTest()
14:24:57.0 (1066667)|STATEMENT_EXECUTE|[33]
14:24:57.0 (1072893)|STATEMENT_EXECUTE|[33]
14:24:57.0 (1074946)|STATEMENT_EXECUTE|[63]
14:24:57.0 (1079381)|METHOD_EXIT|[33]|ffhttp_AbstractFormDataSerializableTest
14:24:57.0 (1114337)|HEAP_ALLOCATE|[50]|Bytes:5
14:24:57.0 (1138987)|HEAP_ALLOCATE|[56]|Bytes:5
14:24:57.0 (1147986)|HEAP_ALLOCATE|[64]|Bytes:7
14:24:57.0 (1187981)|STATEMENT_EXECUTE|[36]
14:24:57.0 (1190748)|STATEMENT_EXECUTE|[38]
14:24:57.0 (4296590)|HEAP_ALLOCATE|[38]|Bytes:2
14:24:57.0 (4352843)|HEAP_ALLOCATE|[38]|Bytes:8
14:24:57.0 (4387179)|CONSTRUCTOR_ENTRY|[38]|01pm0000000YfZp|<init>()|ffhttp_AbstractFormDataSerializableTest.FormDataTest
14:24:57.0 (4422897)|VARIABLE_SCOPE_BEGIN|[65]|this|ffhttp_AbstractFormDataSerializableTest.FormDataTest|true|false
14:24:57.0 (4475827)|VARIABLE_ASSIGNMENT|[65]|this|{}|0x59a44756
14:24:57.0 (4494696)|STATEMENT_EXECUTE|[63]
14:24:57.0 (4502266)|HEAP_ALLOCATE|[65]|Bytes:8
14:24:57.0 (4519250)|METHOD_ENTRY|[33]|01pm0000000YfZo|ffhttp_AbstractFormDataSerializable.ffhttp_AbstractFormDataSerializable()
14:24:57.0 (4525720)|STATEMENT_EXECUTE|[33]
14:24:57.0 (4528844)|STATEMENT_EXECUTE|[33]
14:24:57.0 (4533593)|METHOD_EXIT|[33]|ffhttp_AbstractFormDataSerializable
14:24:57.0 (4545163)|CONSTRUCTOR_ENTRY|[65]|01pm0000000YfZo|<init>()|ffhttp_AbstractFormDataSerializable
14:24:57.0 (4583172)|VARIABLE_SCOPE_BEGIN|[33]|this|ffhttp_AbstractFormDataSerializable|true|false
14:24:57.0 (4603445)|VARIABLE_ASSIGNMENT|[33]|this|{}|0x59a44756
14:24:57.0 (4614948)|HEAP_ALLOCATE|[35]|Bytes:6
14:24:57.0 (4657883)|STATEMENT_EXECUTE|[33]
14:24:57.0 (4660540)|STATEMENT_EXECUTE|[35]
14:24:57.0 (4677232)|HEAP_ALLOCATE|[35]|Bytes:4
14:24:57.0 (4714636)|CONSTRUCTOR_EXIT|[65]|01pm0000000YfZo|<init>()|ffhttp_AbstractFormDataSerializable
14:24:57.0 (4722285)|STATEMENT_EXECUTE|[66]
14:24:57.0 (4724225)|STATEMENT_EXECUTE|[67]
14:24:57.0 (4727793)|HEAP_ALLOCATE|[67]|Bytes:4
14:24:57.0 (4732142)|HEAP_ALLOCATE|[67]|Bytes:4
14:24:57.0 (4759760)|METHOD_ENTRY|[67]|01pm0000000YfZo|ffhttp_AbstractFormDataSerializable.addParameterIfNotEmpty(String, String, Boolean)
14:24:57.0 (4785380)|VARIABLE_SCOPE_BEGIN|[37]|this|ffhttp_AbstractFormDataSerializable|true|false
14:24:57.0 (4827992)|HEAP_ALLOCATE|[EXTERNAL]|Bytes:4
14:24:57.0 (4844869)|VARIABLE_ASSIGNMENT|[37]|this|{"m_parameters":"0x36d20ae7"}|0x59a44756
14:24:57.0 (4852323)|VARIABLE_SCOPE_BEGIN|[37]|parameter|String|false|false
14:24:57.0 (4861758)|VARIABLE_ASSIGNMENT|[37]|parameter|"test"
14:24:57.0 (4866132)|VARIABLE_SCOPE_BEGIN|[37]|value|String|false|false
14:24:57.0 (4873916)|VARIABLE_ASSIGNMENT|[37]|value|"Test"
14:24:57.0 (4888352)|VARIABLE_SCOPE_BEGIN|[37]|encode|Boolean|false|false
14:24:57.0 (4897524)|VARIABLE_ASSIGNMENT|[37]|encode|false
14:24:57.0 (4908965)|STATEMENT_EXECUTE|[38]
14:24:57.0 (4966895)|STATEMENT_EXECUTE|[40]
14:24:57.0 (4969304)|STATEMENT_EXECUTE|[41]
14:24:57.0 (4972402)|VARIABLE_SCOPE_BEGIN|[41]|localValue|String|false|false
14:24:57.0 (4990433)|VARIABLE_ASSIGNMENT|[41]|localValue|"Test"
14:24:57.0 (4995573)|STATEMENT_EXECUTE|[42]
14:24:57.0 (4997416)|STATEMENT_EXECUTE|[47]
14:24:57.0 (6398341)|VARIABLE_SCOPE_BEGIN|[63]|ffhttp_Client.BLANK|String|false|true
14:24:57.0 (6412488)|VARIABLE_SCOPE_BEGIN|[60]|ffhttp_Client.CHARSET_UTF8|String|false|true
14:24:57.0 (6420242)|VARIABLE_SCOPE_BEGIN|[50]|ffhttp_Client.CONTENT_TYPE_JSON|String|false|true
14:24:57.0 (6427298)|VARIABLE_SCOPE_BEGIN|[51]|ffhttp_Client.CONTENT_TYPE_WWW_FORM_ENCODED|String|false|true
14:24:57.0 (6434435)|VARIABLE_SCOPE_BEGIN|[178]|ffhttp_Client.CURL_BODY|String|false|true
14:24:57.0 (6441483)|VARIABLE_SCOPE_BEGIN|[181]|ffhttp_Client.CURL_COLON_SEPARATOR|String|false|true
14:24:57.0 (6448782)|VARIABLE_SCOPE_BEGIN|[175]|ffhttp_Client.CURL_COMMAND|String|false|true
14:24:57.0 (6455428)|VARIABLE_SCOPE_BEGIN|[177]|ffhttp_Client.CURL_HEADER|String|false|true
14:24:57.0 (6462197)|VARIABLE_SCOPE_BEGIN|[180]|ffhttp_Client.CURL_QUOTE_SEPARATOR|String|false|true
14:24:57.0 (6468934)|VARIABLE_SCOPE_BEGIN|[176]|ffhttp_Client.CURL_REQUEST_METHOD|String|false|true
14:24:57.0 (6475913)|VARIABLE_SCOPE_BEGIN|[179]|ffhttp_Client.CURL_SPACE_SEPARATOR|String|false|true
14:24:57.0 (6483852)|VARIABLE_SCOPE_BEGIN|[44]|ffhttp_Client.HTTP_HEADER_AUTHORIZATION|String|false|true
14:24:57.0 (6490807)|VARIABLE_SCOPE_BEGIN|[45]|ffhttp_Client.HTTP_HEADER_CONTENT_DISPOSITION|String|false|true
14:24:57.0 (6497829)|VARIABLE_SCOPE_BEGIN|[46]|ffhttp_Client.HTTP_HEADER_CONTENT_LENGTH|String|false|true
14:24:57.0 (6504873)|VARIABLE_SCOPE_BEGIN|[47]|ffhttp_Client.HTTP_HEADER_CONTENT_TYPE|String|false|true
14:24:57.0 (6512106)|VARIABLE_SCOPE_BEGIN|[57]|ffhttp_Client.HTTP_REQUEST_COOKIE_SEPARATOR|String|false|true
14:24:57.0 (6519681)|VARIABLE_SCOPE_BEGIN|[54]|ffhttp_Client.HTTP_REQUEST_ENDPOINT_SEPARATOR|String|false|true
14:24:57.0 (6526993)|VARIABLE_SCOPE_BEGIN|[56]|ffhttp_Client.HTTP_REQUEST_PARAMETER_PREFIX|String|false|true
14:24:57.0 (6534594)|VARIABLE_SCOPE_BEGIN|[55]|ffhttp_Client.HTTP_REQUEST_PARAMETER_SEPARATOR|String|false|true
14:24:57.0 (6542284)|VARIABLE_SCOPE_BEGIN|[107]|ffhttp_Client.HTTP_STATUS_CODE_ERROR_BAD_REQUEST|Integer|false|true
14:24:57.0 (6550281)|VARIABLE_SCOPE_BEGIN|[140]|ffhttp_Client.HTTP_STATUS_CODE_ERROR_CONFLICT|Integer|false|true
14:24:57.0 (6557794)|VARIABLE_SCOPE_BEGIN|[172]|ffhttp_Client.HTTP_STATUS_CODE_ERROR_EXPECTATION_FAILED|Integer|false|true
14:24:57.0 (6565651)|VARIABLE_SCOPE_BEGIN|[114]|ffhttp_Client.HTTP_STATUS_CODE_ERROR_FORBIDDEN|Integer|false|true
14:24:57.0 (6573438)|VARIABLE_SCOPE_BEGIN|[144]|ffhttp_Client.HTTP_STATUS_CODE_ERROR_GONE|Integer|false|true
14:24:57.0 (6580847)|VARIABLE_SCOPE_BEGIN|[147]|ffhttp_Client.HTTP_STATUS_CODE_ERROR_LENGTH_REQUIRED|Integer|false|true
14:24:57.0 (6588770)|VARIABLE_SCOPE_BEGIN|[122]|ffhttp_Client.HTTP_STATUS_CODE_ERROR_METHOD_NOT_ALLOWED|Integer|false|true
14:24:57.0 (6596473)|VARIABLE_SCOPE_BEGIN|[127]|ffhttp_Client.HTTP_STATUS_CODE_ERROR_NOT_ACCEPTABLE|Integer|false|true
14:24:57.0 (6604030)|VARIABLE_SCOPE_BEGIN|[118]|ffhttp_Client.HTTP_STATUS_CODE_ERROR_NOT_FOUND|Integer|false|true
14:24:57.0 (6611821)|VARIABLE_SCOPE_BEGIN|[151]|ffhttp_Client.HTTP_STATUS_CODE_ERROR_PRECONDITION_FAILED|Integer|false|true
14:24:57.0 (6620121)|VARIABLE_SCOPE_BEGIN|[131]|ffhttp_Client.HTTP_STATUS_CODE_ERROR_PROXY_AUTHENTICATION_REQUIRED|Integer|false|true
14:24:57.0 (6628464)|VARIABLE_SCOPE_BEGIN|[168]|ffhttp_Client.HTTP_STATUS_CODE_ERROR_REQUESTED_RANGE_NOT_SATISFIABLE|Integer|false|true
14:24:57.0 (6636617)|VARIABLE_SCOPE_BEGIN|[155]|ffhttp_Client.HTTP_STATUS_CODE_ERROR_REQUEST_ENTITY_TOO_LARGE|Integer|false|true
14:24:57.0 (6644736)|VARIABLE_SCOPE_BEGIN|[135]|ffhttp_Client.HTTP_STATUS_CODE_ERROR_REQUEST_TIMEOUT|Integer|false|true
14:24:57.0 (6652529)|VARIABLE_SCOPE_BEGIN|[159]|ffhttp_Client.HTTP_STATUS_CODE_ERROR_REQUEST_URI_TOO_LONG|Integer|false|true
14:24:57.0 (6660519)|VARIABLE_SCOPE_BEGIN|[111]|ffhttp_Client.HTTP_STATUS_CODE_ERROR_UNAUTHORIZED|Integer|false|true
14:24:57.0 (6668470)|VARIABLE_SCOPE_BEGIN|[163]|ffhttp_Client.HTTP_STATUS_CODE_ERROR_UNSUPPORTED_MEDIA_TYPE|Integer|false|true
14:24:57.0 (6676842)|VARIABLE_SCOPE_BEGIN|[83]|ffhttp_Client.HTTP_STATUS_CODE_REDIRECTION_FOUND|Integer|false|true
14:24:57.0 (6685265)|VARIABLE_SCOPE_BEGIN|[78]|ffhttp_Client.HTTP_STATUS_CODE_REDIRECTION_MOVED_PERMANENTLY|Integer|false|true
14:24:57.0 (6693763)|VARIABLE_SCOPE_BEGIN|[74]|ffhttp_Client.HTTP_STATUS_CODE_REDIRECTION_MULTIPLE_CHOICES|Integer|false|true
14:24:57.0 (6702234)|VARIABLE_SCOPE_BEGIN|[92]|ffhttp_Client.HTTP_STATUS_CODE_REDIRECTION_NOT_MODIFIED|Integer|false|true
14:24:57.0 (6710704)|VARIABLE_SCOPE_BEGIN|[100]|ffhttp_Client.HTTP_STATUS_CODE_REDIRECTION_PERMANENT_REDIRECT|Integer|false|true
14:24:57.0 (6719132)|VARIABLE_SCOPE_BEGIN|[88]|ffhttp_Client.HTTP_STATUS_CODE_REDIRECTION_SEE_OTHER|Integer|false|true
14:24:57.0 (6727653)|VARIABLE_SCOPE_BEGIN|[96]|ffhttp_Client.HTTP_STATUS_CODE_REDIRECTION_TEMPORARY_REDIRECT|Integer|false|true
14:24:57.0 (6736305)|VARIABLE_SCOPE_BEGIN|[41]|ffhttp_Client.NAMED_CREDENTIALS_URL_PREFIX|String|false|true
14:24:57.0 (6745079)|VARIABLE_SCOPE_BEGIN|[35]|ffhttp_Client.REQUEST_METHOD_DELETE|String|false|true
14:24:57.0 (6753990)|VARIABLE_SCOPE_BEGIN|[36]|ffhttp_Client.REQUEST_METHOD_GET|String|false|true
14:24:57.0 (6763526)|VARIABLE_SCOPE_BEGIN|[37]|ffhttp_Client.REQUEST_METHOD_POST|String|false|true
14:24:57.0 (6772236)|VARIABLE_SCOPE_BEGIN|[38]|ffhttp_Client.REQUEST_METHOD_PUT|String|false|true
14:24:57.0 (6783216)|HEAP_ALLOCATE|[47]|Bytes:170
14:24:57.0 (6801187)|VARIABLE_ASSIGNMENT|[47]|ffhttp_Client.BLANK|""
14:24:57.0 (6806535)|HEAP_ALLOCATE|[47]|Bytes:5
14:24:57.0 (6813930)|VARIABLE_ASSIGNMENT|[47]|ffhttp_Client.CHARSET_UTF8|"UTF-8"
14:24:57.0 (6818888)|HEAP_ALLOCATE|[47]|Bytes:31
14:24:57.0 (6828253)|VARIABLE_ASSIGNMENT|[47]|ffhttp_Client.CONTENT_TYPE_JSON|"application/json; ch (11 more) ..."
14:24:57.0 (6833192)|HEAP_ALLOCATE|[47]|Bytes:33
14:24:57.0 (6840805)|VARIABLE_ASSIGNMENT|[47]|ffhttp_Client.CONTENT_TYPE_WWW_FORM_ENCODED|"application/x-www-fo (13 more) ..."
14:24:57.0 (6845100)|HEAP_ALLOCATE|[47]|Bytes:4
14:24:57.0 (6851525)|VARIABLE_ASSIGNMENT|[47]|ffhttp_Client.CURL_BODY|" -d "
14:24:57.0 (6855786)|HEAP_ALLOCATE|[47]|Bytes:1
14:24:57.0 (6861760)|VARIABLE_ASSIGNMENT|[47]|ffhttp_Client.CURL_COLON_SEPARATOR|":"
14:24:57.0 (6866653)|HEAP_ALLOCATE|[47]|Bytes:4
14:24:57.0 (6872872)|VARIABLE_ASSIGNMENT|[47]|ffhttp_Client.CURL_COMMAND|"curl"
14:24:57.0 (6877356)|HEAP_ALLOCATE|[47]|Bytes:4
14:24:57.0 (6883300)|VARIABLE_ASSIGNMENT|[47]|ffhttp_Client.CURL_HEADER|" -H "
14:24:57.0 (6887198)|HEAP_ALLOCATE|[47]|Bytes:1
14:24:57.0 (6893166)|VARIABLE_ASSIGNMENT|[47]|ffhttp_Client.CURL_QUOTE_SEPARATOR|"\""
14:24:57.0 (6897306)|HEAP_ALLOCATE|[47]|Bytes:4
14:24:57.0 (6903378)|VARIABLE_ASSIGNMENT|[47]|ffhttp_Client.CURL_REQUEST_METHOD|" -X "
14:24:57.0 (6907668)|HEAP_ALLOCATE|[47]|Bytes:1
14:24:57.0 (6913720)|VARIABLE_ASSIGNMENT|[47]|ffhttp_Client.CURL_SPACE_SEPARATOR|" "
14:24:57.0 (6917644)|HEAP_ALLOCATE|[47]|Bytes:13
14:24:57.0 (6924367)|VARIABLE_ASSIGNMENT|[47]|ffhttp_Client.HTTP_HEADER_AUTHORIZATION|"Authorization"
14:24:57.0 (6928663)|HEAP_ALLOCATE|[47]|Bytes:19
14:24:57.0 (6935639)|VARIABLE_ASSIGNMENT|[47]|ffhttp_Client.HTTP_HEADER_CONTENT_DISPOSITION|"Content-Disposition"
14:24:57.0 (6940246)|HEAP_ALLOCATE|[47]|Bytes:14
14:24:57.0 (6947170)|VARIABLE_ASSIGNMENT|[47]|ffhttp_Client.HTTP_HEADER_CONTENT_LENGTH|"Content-Length"
14:24:57.0 (6951360)|HEAP_ALLOCATE|[47]|Bytes:12
14:24:57.0 (6957968)|VARIABLE_ASSIGNMENT|[47]|ffhttp_Client.HTTP_HEADER_CONTENT_TYPE|"Content-Type"
14:24:57.0 (6962225)|HEAP_ALLOCATE|[47]|Bytes:1
14:24:57.0 (6968833)|VARIABLE_ASSIGNMENT|[47]|ffhttp_Client.HTTP_REQUEST_COOKIE_SEPARATOR|";"
14:24:57.0 (6973294)|HEAP_ALLOCATE|[47]|Bytes:1
14:24:57.0 (6986470)|VARIABLE_ASSIGNMENT|[47]|ffhttp_Client.HTTP_REQUEST_ENDPOINT_SEPARATOR|"&"
14:24:57.0 (6991322)|HEAP_ALLOCATE|[47]|Bytes:1
14:24:57.0 (6998144)|VARIABLE_ASSIGNMENT|[47]|ffhttp_Client.HTTP_REQUEST_PARAMETER_PREFIX|"?"
14:24:57.0 (7002258)|HEAP_ALLOCATE|[47]|Bytes:1
14:24:57.0 (7009207)|VARIABLE_ASSIGNMENT|[47]|ffhttp_Client.HTTP_REQUEST_PARAMETER_SEPARATOR|"="
14:24:57.0 (7015707)|HEAP_ALLOCATE|[47]|Bytes:8
14:24:57.0 (7024716)|VARIABLE_ASSIGNMENT|[47]|ffhttp_Client.NAMED_CREDENTIALS_URL_PREFIX|"callout:"
14:24:57.0 (7029201)|HEAP_ALLOCATE|[47]|Bytes:6
14:24:57.0 (7037718)|VARIABLE_ASSIGNMENT|[47]|ffhttp_Client.REQUEST_METHOD_DELETE|"DELETE"
14:24:57.0 (7042275)|HEAP_ALLOCATE|[47]|Bytes:3
14:24:57.0 (7052477)|VARIABLE_ASSIGNMENT|[47]|ffhttp_Client.REQUEST_METHOD_GET|"GET"
14:24:57.0 (7057037)|HEAP_ALLOCATE|[47]|Bytes:4
14:24:57.0 (7065085)|VARIABLE_ASSIGNMENT|[47]|ffhttp_Client.REQUEST_METHOD_POST|"POST"
14:24:57.0 (7069172)|HEAP_ALLOCATE|[47]|Bytes:3
14:24:57.0 (7077770)|VARIABLE_ASSIGNMENT|[47]|ffhttp_Client.REQUEST_METHOD_PUT|"PUT"
14:24:57.0 (7094058)|METHOD_ENTRY|[32]|01pm0000000YfZv|ffhttp_Client.ffhttp_Client()
14:24:57.0 (7100240)|STATEMENT_EXECUTE|[32]
14:24:57.0 (7103839)|STATEMENT_EXECUTE|[32]
14:24:57.0 (7474900)|SYSTEM_MODE_ENTER|false
14:24:57.0 (7487277)|HEAP_ALLOCATE|[74]|Bytes:5
14:24:57.0 (7494134)|STATEMENT_EXECUTE|[74]
14:24:57.0 (7500886)|HEAP_ALLOCATE|[74]|Bytes:4
14:24:57.0 (7515971)|VARIABLE_ASSIGNMENT|[74]|ffhttp_Client.HTTP_STATUS_CODE_REDIRECTION_MULTIPLE_CHOICES|300
14:24:57.0 (7521456)|STATEMENT_EXECUTE|[78]
14:24:57.0 (7524596)|HEAP_ALLOCATE|[78]|Bytes:4
14:24:57.0 (7532906)|VARIABLE_ASSIGNMENT|[78]|ffhttp_Client.HTTP_STATUS_CODE_REDIRECTION_MOVED_PERMANENTLY|301
14:24:57.0 (7537344)|STATEMENT_EXECUTE|[83]
14:24:57.0 (7539976)|HEAP_ALLOCATE|[83]|Bytes:4
14:24:57.0 (7547803)|VARIABLE_ASSIGNMENT|[83]|ffhttp_Client.HTTP_STATUS_CODE_REDIRECTION_FOUND|302
14:24:57.0 (7551842)|STATEMENT_EXECUTE|[88]
14:24:57.0 (7554275)|HEAP_ALLOCATE|[88]|Bytes:4
14:24:57.0 (7562198)|VARIABLE_ASSIGNMENT|[88]|ffhttp_Client.HTTP_STATUS_CODE_REDIRECTION_SEE_OTHER|303
14:24:57.0 (7566671)|STATEMENT_EXECUTE|[92]
14:24:57.0 (7569056)|HEAP_ALLOCATE|[92]|Bytes:4
14:24:57.0 (7576770)|VARIABLE_ASSIGNMENT|[92]|ffhttp_Client.HTTP_STATUS_CODE_REDIRECTION_NOT_MODIFIED|304
14:24:57.0 (7580743)|STATEMENT_EXECUTE|[96]
14:24:57.0 (7583342)|HEAP_ALLOCATE|[96]|Bytes:4
14:24:57.0 (7591191)|VARIABLE_ASSIGNMENT|[96]|ffhttp_Client.HTTP_STATUS_CODE_REDIRECTION_TEMPORARY_REDIRECT|307
14:24:57.0 (7595374)|STATEMENT_EXECUTE|[100]
14:24:57.0 (7598442)|HEAP_ALLOCATE|[100]|Bytes:4
14:24:57.0 (7606370)|VARIABLE_ASSIGNMENT|[100]|ffhttp_Client.HTTP_STATUS_CODE_REDIRECTION_PERMANENT_REDIRECT|308
14:24:57.0 (7610790)|STATEMENT_EXECUTE|[107]
14:24:57.0 (7613276)|HEAP_ALLOCATE|[107]|Bytes:4
14:24:57.0 (7620253)|VARIABLE_ASSIGNMENT|[107]|ffhttp_Client.HTTP_STATUS_CODE_ERROR_BAD_REQUEST|400
14:24:57.0 (7624152)|STATEMENT_EXECUTE|[111]
14:24:57.0 (7626671)|HEAP_ALLOCATE|[111]|Bytes:4
14:24:57.0 (7633643)|VARIABLE_ASSIGNMENT|[111]|ffhttp_Client.HTTP_STATUS_CODE_ERROR_UNAUTHORIZED|401
14:24:57.0 (7637885)|STATEMENT_EXECUTE|[114]
14:24:57.0 (7640284)|HEAP_ALLOCATE|[114]|Bytes:4
14:24:57.0 (7646904)|VARIABLE_ASSIGNMENT|[114]|ffhttp_Client.HTTP_STATUS_CODE_ERROR_FORBIDDEN|403
14:24:57.0 (7650629)|STATEMENT_EXECUTE|[118]
14:24:57.0 (7653122)|HEAP_ALLOCATE|[118]|Bytes:4
14:24:57.0 (7659860)|VARIABLE_ASSIGNMENT|[118]|ffhttp_Client.HTTP_STATUS_CODE_ERROR_NOT_FOUND|404
14:24:57.0 (7663565)|STATEMENT_EXECUTE|[122]
14:24:57.0 (7666066)|HEAP_ALLOCATE|[122]|Bytes:4
14:24:57.0 (7672975)|VARIABLE_ASSIGNMENT|[122]|ffhttp_Client.HTTP_STATUS_CODE_ERROR_METHOD_NOT_ALLOWED|405
14:24:57.0 (7676835)|STATEMENT_EXECUTE|[127]
14:24:57.0 (7679135)|HEAP_ALLOCATE|[127]|Bytes:4
14:24:57.0 (7685938)|VARIABLE_ASSIGNMENT|[127]|ffhttp_Client.HTTP_STATUS_CODE_ERROR_NOT_ACCEPTABLE|406
14:24:57.0 (7689961)|STATEMENT_EXECUTE|[131]
14:24:57.0 (7692184)|HEAP_ALLOCATE|[131]|Bytes:4
14:24:57.0 (7699203)|VARIABLE_ASSIGNMENT|[131]|ffhttp_Client.HTTP_STATUS_CODE_ERROR_PROXY_AUTHENTICATION_REQUIRED|407
14:24:57.0 (7703336)|STATEMENT_EXECUTE|[135]
14:24:57.0 (7705683)|HEAP_ALLOCATE|[135]|Bytes:4
14:24:57.0 (7712688)|VARIABLE_ASSIGNMENT|[135]|ffhttp_Client.HTTP_STATUS_CODE_ERROR_REQUEST_TIMEOUT|408
14:24:57.0 (7716491)|STATEMENT_EXECUTE|[140]
14:24:57.0 (7719287)|HEAP_ALLOCATE|[140]|Bytes:4
14:24:57.0 (7725824)|VARIABLE_ASSIGNMENT|[140]|ffhttp_Client.HTTP_STATUS_CODE_ERROR_CONFLICT|409
14:24:57.0 (7730038)|STATEMENT_EXECUTE|[144]
14:24:57.0 (7732313)|HEAP_ALLOCATE|[144]|Bytes:4
14:24:57.0 (7739072)|VARIABLE_ASSIGNMENT|[144]|ffhttp_Client.HTTP_STATUS_CODE_ERROR_GONE|410
14:24:57.0 (7742972)|STATEMENT_EXECUTE|[147]
14:24:57.0 (7745436)|HEAP_ALLOCATE|[147]|Bytes:4
14:24:57.0 (7752034)|VARIABLE_ASSIGNMENT|[147]|ffhttp_Client.HTTP_STATUS_CODE_ERROR_LENGTH_REQUIRED|411
14:24:57.0 (7755764)|STATEMENT_EXECUTE|[151]
14:24:57.0 (7758251)|HEAP_ALLOCATE|[151]|Bytes:4
14:24:57.0 (7765180)|VARIABLE_ASSIGNMENT|[151]|ffhttp_Client.HTTP_STATUS_CODE_ERROR_PRECONDITION_FAILED|412
14:24:57.0 (7769083)|STATEMENT_EXECUTE|[155]
14:24:57.0 (7771549)|HEAP_ALLOCATE|[155]|Bytes:4
14:24:57.0 (7778586)|VARIABLE_ASSIGNMENT|[155]|ffhttp_Client.HTTP_STATUS_CODE_ERROR_REQUEST_ENTITY_TOO_LARGE|413
14:24:57.0 (7782358)|STATEMENT_EXECUTE|[159]
14:24:57.0 (7784759)|HEAP_ALLOCATE|[159]|Bytes:4
14:24:57.0 (7791629)|VARIABLE_ASSIGNMENT|[159]|ffhttp_Client.HTTP_STATUS_CODE_ERROR_REQUEST_URI_TOO_LONG|414
14:24:57.0 (7795475)|STATEMENT_EXECUTE|[163]
14:24:57.0 (7797734)|HEAP_ALLOCATE|[163]|Bytes:4
14:24:57.0 (7805237)|VARIABLE_ASSIGNMENT|[163]|ffhttp_Client.HTTP_STATUS_CODE_ERROR_UNSUPPORTED_MEDIA_TYPE|415
14:24:57.0 (7809925)|STATEMENT_EXECUTE|[168]
14:24:57.0 (7812345)|HEAP_ALLOCATE|[168]|Bytes:4
14:24:57.0 (7819715)|VARIABLE_ASSIGNMENT|[168]|ffhttp_Client.HTTP_STATUS_CODE_ERROR_REQUESTED_RANGE_NOT_SATISFIABLE|416
14:24:57.0 (7824259)|STATEMENT_EXECUTE|[172]
14:24:57.0 (7826750)|HEAP_ALLOCATE|[172]|Bytes:4
14:24:57.0 (7833278)|VARIABLE_ASSIGNMENT|[172]|ffhttp_Client.HTTP_STATUS_CODE_ERROR_EXPECTATION_FAILED|417
14:24:57.0 (7837174)|STATEMENT_EXECUTE|[217]
14:24:57.0 (7838888)|STATEMENT_EXECUTE|[290]
14:24:57.0 (7840516)|STATEMENT_EXECUTE|[345]
14:24:57.0 (7842165)|STATEMENT_EXECUTE|[390]
14:24:57.0 (7848026)|SYSTEM_MODE_EXIT|false
14:24:57.0 (7859243)|METHOD_EXIT|[32]|ffhttp_Client
14:24:57.0 (7876821)|HEAP_ALLOCATE|[47]|Bytes:9
14:24:57.0 (7884068)|VARIABLE_SCOPE_BEGIN|[47]|parameterAndValue|String|false|false
14:24:57.0 (7896068)|VARIABLE_ASSIGNMENT|[47]|parameterAndValue|"test=Test"
14:24:57.0 (7900697)|STATEMENT_EXECUTE|[48]
14:24:57.0 (7945295)|HEAP_ALLOCATE|[EXTERNAL]|Bytes:4
14:24:57.0 (7961098)|METHOD_EXIT|[67]|01pm0000000YfZo|ffhttp_AbstractFormDataSerializable.addParameterIfNotEmpty(String, String, Boolean)
14:24:57.0 (7966926)|STATEMENT_EXECUTE|[68]
14:24:57.0 (7970517)|HEAP_ALLOCATE|[68]|Bytes:5
14:24:57.0 (7975614)|HEAP_ALLOCATE|[68]|Bytes:6
14:24:57.0 (7991417)|METHOD_ENTRY|[68]|01pm0000000YfZo|ffhttp_AbstractFormDataSerializable.addParameterIfNotEmpty(String, String, Boolean)
14:24:57.0 (8006035)|VARIABLE_SCOPE_BEGIN|[37]|this|ffhttp_AbstractFormDataSerializable|true|false
14:24:57.0 (8031710)|VARIABLE_ASSIGNMENT|[37]|this|{"m_parameters":"0x36d20ae7"}|0x59a44756
14:24:57.0 (8038342)|VARIABLE_SCOPE_BEGIN|[37]|parameter|String|false|false
14:24:57.0 (8047602)|VARIABLE_ASSIGNMENT|[37]|parameter|"test2"
14:24:57.0 (8053690)|VARIABLE_SCOPE_BEGIN|[37]|value|String|false|false
14:24:57.0 (8061497)|VARIABLE_ASSIGNMENT|[37]|value|"Test 2"
14:24:57.0 (8068290)|VARIABLE_SCOPE_BEGIN|[37]|encode|Boolean|false|false
14:24:57.0 (8076459)|VARIABLE_ASSIGNMENT|[37]|encode|true
14:24:57.0 (8087702)|STATEMENT_EXECUTE|[38]
14:24:57.0 (8112592)|STATEMENT_EXECUTE|[40]
14:24:57.0 (8114741)|STATEMENT_EXECUTE|[41]
14:24:57.0 (8117940)|VARIABLE_SCOPE_BEGIN|[41]|localValue|String|false|false
14:24:57.0 (8128659)|VARIABLE_ASSIGNMENT|[41]|localValue|"Test 2"
14:24:57.0 (8133051)|STATEMENT_EXECUTE|[43]
14:24:57.0 (8134785)|STATEMENT_EXECUTE|[44]
14:24:57.0 (8175041)|HEAP_ALLOCATE|[44]|Bytes:15
14:24:57.0 (8187758)|SYSTEM_METHOD_ENTRY|[1]|EncodingUtil.EncodingUtil()
14:24:57.0 (8192026)|STATEMENT_EXECUTE|[1]
14:24:57.0 (8197842)|SYSTEM_METHOD_EXIT|[1]|EncodingUtil
14:24:57.0 (8209655)|METHOD_ENTRY|[44]||System.EncodingUtil.urlEncode(String, String)
14:24:57.0 (8278287)|METHOD_EXIT|[44]||System.EncodingUtil.urlEncode(String, String)
14:24:57.0 (8289473)|VARIABLE_ASSIGNMENT|[44]|localValue|"Test+2"
14:24:57.0 (8294834)|STATEMENT_EXECUTE|[47]
14:24:57.0 (8300917)|HEAP_ALLOCATE|[47]|Bytes:12
14:24:57.0 (8306344)|VARIABLE_SCOPE_BEGIN|[47]|parameterAndValue|String|false|false
14:24:57.0 (8316714)|VARIABLE_ASSIGNMENT|[47]|parameterAndValue|"test2=Test+2"
14:24:57.0 (8321258)|STATEMENT_EXECUTE|[48]
14:24:57.0 (8330459)|HEAP_ALLOCATE|[EXTERNAL]|Bytes:4
14:24:57.0 (8341222)|METHOD_EXIT|[68]|01pm0000000YfZo|ffhttp_AbstractFormDataSerializable.addParameterIfNotEmpty(String, String, Boolean)
14:24:57.0 (8348645)|CONSTRUCTOR_EXIT|[38]|01pm0000000YfZp|<init>()|ffhttp_AbstractFormDataSerializableTest.FormDataTest
14:24:57.0 (8355098)|VARIABLE_SCOPE_BEGIN|[38]|body|ffhttp_AbstractFormDataSerializableTest.FormDataTest|true|false
14:24:57.0 (8377683)|VARIABLE_ASSIGNMENT|[38]|body|{"m_parameters":"0x36d20ae7"}|0x59a44756
14:24:57.0 (8383943)|STATEMENT_EXECUTE|[41]
14:24:57.0 (8392938)|METHOD_ENTRY|[41]|01pm0000000YfZo|ffhttp_AbstractFormDataSerializable.getHttpContentType()
14:24:57.0 (8410538)|VARIABLE_SCOPE_BEGIN|[55]|this|ffhttp_AbstractFormDataSerializable|true|false
14:24:57.0 (8427345)|VARIABLE_ASSIGNMENT|[55]|this|{"m_parameters":"0x36d20ae7"}|0x59a44756
14:24:57.0 (8438378)|STATEMENT_EXECUTE|[56]
14:24:57.0 (8441057)|STATEMENT_EXECUTE|[57]
14:24:57.0 (8448157)|METHOD_EXIT|[41]|01pm0000000YfZo|ffhttp_AbstractFormDataSerializable.getHttpContentType()
14:24:57.0 (8455227)|VARIABLE_SCOPE_BEGIN|[41]|contentType|String|false|false
14:24:57.0 (8466926)|VARIABLE_ASSIGNMENT|[41]|contentType|"application/x-www-fo (13 more) ..."
14:24:57.0 (8470969)|STATEMENT_EXECUTE|[44]
14:24:57.0 (8474927)|HEAP_ALLOCATE|[44]|Bytes:33
14:24:57.8 (8523550)|CUMULATIVE_LIMIT_USAGE
14:24:57.8 (8523550)|LIMIT_USAGE_FOR_NS|(default)|
  Number of SOQL queries: 0 out of 100
  Number of query rows: 0 out of 50000
  Number of SOSL queries: 0 out of 20
  Number of DML statements: 0 out of 150
  Number of DML rows: 0 out of 10000
  Maximum CPU time: 0 out of 10000
  Maximum heap size: 0 out of 6000000
  Number of callouts: 0 out of 100
  Number of Email Invocations: 0 out of 10
  Number of future calls: 0 out of 50
  Number of queueable jobs added to the queue: 0 out of 50
  Number of Mobile Apex push calls: 0 out of 10

14:24:57.8 (8523550)|CUMULATIVE_LIMIT_USAGE_END

14:24:57.0 (8555541)|CODE_UNIT_FINISHED|ffhttp_AbstractFormDataSerializableTest.getHttpContentType_returnsCorrectContentType()
14:24:57.0 (9838885)|EXECUTION_FINISHED
14:24:57.358 (358312772)|USER_INFO|[EXTERNAL]|00518000002hPQO|matthew.billups@matsonmoney.com.mbill|Mountain Standard Time|GMT-07:00
14:24:57.358 (358340497)|EXECUTION_STARTED
14:24:57.358 (358345710)|CODE_UNIT_STARTED|[EXTERNAL]|01pm0000000YfZp|ffhttp_AbstractFormDataSerializableTest.getHttpContent_serializesObjectCorrectly()
14:24:57.358 (358538241)|HEAP_ALLOCATE|[72]|Bytes:3
14:24:57.358 (358584325)|HEAP_ALLOCATE|[77]|Bytes:152
14:24:57.358 (358610072)|HEAP_ALLOCATE|[342]|Bytes:408
14:24:57.358 (358642136)|HEAP_ALLOCATE|[355]|Bytes:408
14:24:57.358 (358665577)|HEAP_ALLOCATE|[467]|Bytes:48
14:24:57.358 (358696837)|HEAP_ALLOCATE|[139]|Bytes:6
14:24:57.358 (358716087)|HEAP_ALLOCATE|[EXTERNAL]|Bytes:12
14:24:57.358 (358722652)|HEAP_ALLOCATE|[EXTERNAL]|Bytes:17
14:24:57.358 (358733124)|METHOD_ENTRY|[33]|01pm0000000YfZp|ffhttp_AbstractFormDataSerializableTest.ffhttp_AbstractFormDataSerializableTest()
14:24:57.358 (358740446)|STATEMENT_EXECUTE|[33]
14:24:57.358 (358745392)|STATEMENT_EXECUTE|[33]
14:24:57.358 (358747342)|STATEMENT_EXECUTE|[63]
14:24:57.358 (358751620)|METHOD_EXIT|[33]|ffhttp_AbstractFormDataSerializableTest
14:24:57.358 (358771932)|HEAP_ALLOCATE|[50]|Bytes:5
14:24:57.358 (358795360)|HEAP_ALLOCATE|[56]|Bytes:5
14:24:57.358 (358809502)|HEAP_ALLOCATE|[64]|Bytes:7
14:24:57.358 (358852853)|STATEMENT_EXECUTE|[48]
14:24:57.358 (358856668)|STATEMENT_EXECUTE|[50]
14:24:57.358 (358881085)|HEAP_ALLOCATE|[50]|Bytes:2
14:24:57.358 (358892460)|HEAP_ALLOCATE|[50]|Bytes:8
14:24:57.358 (358902602)|CONSTRUCTOR_ENTRY|[50]|01pm0000000YfZp|<init>()|ffhttp_AbstractFormDataSerializableTest.FormDataTest
14:24:57.358 (358922668)|VARIABLE_SCOPE_BEGIN|[65]|this|ffhttp_AbstractFormDataSerializableTest.FormDataTest|true|false
14:24:57.358 (358958865)|VARIABLE_ASSIGNMENT|[65]|this|{}|0x5691fe00
14:24:57.358 (358974308)|STATEMENT_EXECUTE|[63]
14:24:57.358 (358981400)|HEAP_ALLOCATE|[65]|Bytes:8
14:24:57.358 (358993148)|METHOD_ENTRY|[33]|01pm0000000YfZo|ffhttp_AbstractFormDataSerializable.ffhttp_AbstractFormDataSerializable()
14:24:57.358 (358998626)|STATEMENT_EXECUTE|[33]
14:24:57.358 (359001644)|STATEMENT_EXECUTE|[33]
14:24:57.358 (359006041)|METHOD_EXIT|[33]|ffhttp_AbstractFormDataSerializable
14:24:57.358 (359017416)|CONSTRUCTOR_ENTRY|[65]|01pm0000000YfZo|<init>()|ffhttp_AbstractFormDataSerializable
14:24:57.358 (359028385)|VARIABLE_SCOPE_BEGIN|[33]|this|ffhttp_AbstractFormDataSerializable|true|false
14:24:57.358 (359063544)|VARIABLE_ASSIGNMENT|[33]|this|{}|0x5691fe00
14:24:57.358 (359081316)|HEAP_ALLOCATE|[35]|Bytes:6
14:24:57.358 (359117244)|STATEMENT_EXECUTE|[33]
14:24:57.358 (359120984)|STATEMENT_EXECUTE|[35]
14:24:57.358 (359143316)|HEAP_ALLOCATE|[35]|Bytes:4
14:24:57.358 (359182374)|CONSTRUCTOR_EXIT|[65]|01pm0000000YfZo|<init>()|ffhttp_AbstractFormDataSerializable
14:24:57.358 (359195360)|STATEMENT_EXECUTE|[66]
14:24:57.358 (359199055)|STATEMENT_EXECUTE|[67]
14:24:57.358 (359204644)|HEAP_ALLOCATE|[67]|Bytes:4
14:24:57.358 (359212497)|HEAP_ALLOCATE|[67]|Bytes:4
14:24:57.358 (359234460)|METHOD_ENTRY|[67]|01pm0000000YfZo|ffhttp_AbstractFormDataSerializable.addParameterIfNotEmpty(String, String, Boolean)
14:24:57.358 (359246672)|VARIABLE_SCOPE_BEGIN|[37]|this|ffhttp_AbstractFormDataSerializable|true|false
14:24:57.358 (359298571)|HEAP_ALLOCATE|[EXTERNAL]|Bytes:4
14:24:57.358 (359317539)|VARIABLE_ASSIGNMENT|[37]|this|{"m_parameters":"0xfbc7dfa"}|0x5691fe00
14:24:57.358 (359329050)|VARIABLE_SCOPE_BEGIN|[37]|parameter|String|false|false
14:24:57.358 (359344542)|VARIABLE_ASSIGNMENT|[37]|parameter|"test"
14:24:57.358 (359352851)|VARIABLE_SCOPE_BEGIN|[37]|value|String|false|false
14:24:57.358 (359365539)|VARIABLE_ASSIGNMENT|[37]|value|"Test"
14:24:57.358 (359382012)|VARIABLE_SCOPE_BEGIN|[37]|encode|Boolean|false|false
14:24:57.358 (359396073)|VARIABLE_ASSIGNMENT|[37]|encode|false
14:24:57.358 (359411648)|STATEMENT_EXECUTE|[38]
14:24:57.358 (359461734)|STATEMENT_EXECUTE|[40]
14:24:57.358 (359464827)|STATEMENT_EXECUTE|[41]
14:24:57.358 (359469729)|VARIABLE_SCOPE_BEGIN|[41]|localValue|String|false|false
14:24:57.358 (359486919)|VARIABLE_ASSIGNMENT|[41]|localValue|"Test"
14:24:57.358 (359494594)|STATEMENT_EXECUTE|[42]
14:24:57.358 (359497410)|STATEMENT_EXECUTE|[47]
14:24:57.358 (359537468)|VARIABLE_SCOPE_BEGIN|[63]|ffhttp_Client.BLANK|String|false|true
14:24:57.358 (359550442)|VARIABLE_SCOPE_BEGIN|[60]|ffhttp_Client.CHARSET_UTF8|String|false|true
14:24:57.358 (359562111)|VARIABLE_SCOPE_BEGIN|[50]|ffhttp_Client.CONTENT_TYPE_JSON|String|false|true
14:24:57.358 (359574024)|VARIABLE_SCOPE_BEGIN|[51]|ffhttp_Client.CONTENT_TYPE_WWW_FORM_ENCODED|String|false|true
14:24:57.358 (359584396)|VARIABLE_SCOPE_BEGIN|[178]|ffhttp_Client.CURL_BODY|String|false|true
14:24:57.358 (359594801)|VARIABLE_SCOPE_BEGIN|[181]|ffhttp_Client.CURL_COLON_SEPARATOR|String|false|true
14:24:57.358 (359605461)|VARIABLE_SCOPE_BEGIN|[175]|ffhttp_Client.CURL_COMMAND|String|false|true
14:24:57.358 (359616765)|VARIABLE_SCOPE_BEGIN|[177]|ffhttp_Client.CURL_HEADER|String|false|true
14:24:57.358 (359627356)|VARIABLE_SCOPE_BEGIN|[180]|ffhttp_Client.CURL_QUOTE_SEPARATOR|String|false|true
14:24:57.358 (359638609)|VARIABLE_SCOPE_BEGIN|[176]|ffhttp_Client.CURL_REQUEST_METHOD|String|false|true
14:24:57.358 (359649066)|VARIABLE_SCOPE_BEGIN|[179]|ffhttp_Client.CURL_SPACE_SEPARATOR|String|false|true
14:24:57.358 (359659404)|VARIABLE_SCOPE_BEGIN|[44]|ffhttp_Client.HTTP_HEADER_AUTHORIZATION|String|false|true
14:24:57.358 (359670384)|VARIABLE_SCOPE_BEGIN|[45]|ffhttp_Client.HTTP_HEADER_CONTENT_DISPOSITION|String|false|true
14:24:57.358 (359681293)|VARIABLE_SCOPE_BEGIN|[46]|ffhttp_Client.HTTP_HEADER_CONTENT_LENGTH|String|false|true
14:24:57.358 (359692048)|VARIABLE_SCOPE_BEGIN|[47]|ffhttp_Client.HTTP_HEADER_CONTENT_TYPE|String|false|true
14:24:57.358 (359703058)|VARIABLE_SCOPE_BEGIN|[57]|ffhttp_Client.HTTP_REQUEST_COOKIE_SEPARATOR|String|false|true
14:24:57.358 (359713905)|VARIABLE_SCOPE_BEGIN|[54]|ffhttp_Client.HTTP_REQUEST_ENDPOINT_SEPARATOR|String|false|true
14:24:57.358 (359725390)|VARIABLE_SCOPE_BEGIN|[56]|ffhttp_Client.HTTP_REQUEST_PARAMETER_PREFIX|String|false|true
14:24:57.358 (359736536)|VARIABLE_SCOPE_BEGIN|[55]|ffhttp_Client.HTTP_REQUEST_PARAMETER_SEPARATOR|String|false|true
14:24:57.358 (359747632)|VARIABLE_SCOPE_BEGIN|[107]|ffhttp_Client.HTTP_STATUS_CODE_ERROR_BAD_REQUEST|Integer|false|true
14:24:57.358 (359758887)|VARIABLE_SCOPE_BEGIN|[140]|ffhttp_Client.HTTP_STATUS_CODE_ERROR_CONFLICT|Integer|false|true
14:24:57.358 (359770314)|VARIABLE_SCOPE_BEGIN|[172]|ffhttp_Client.HTTP_STATUS_CODE_ERROR_EXPECTATION_FAILED|Integer|false|true
14:24:57.358 (359781726)|VARIABLE_SCOPE_BEGIN|[114]|ffhttp_Client.HTTP_STATUS_CODE_ERROR_FORBIDDEN|Integer|false|true
14:24:57.358 (359793171)|VARIABLE_SCOPE_BEGIN|[144]|ffhttp_Client.HTTP_STATUS_CODE_ERROR_GONE|Integer|false|true
14:24:57.358 (359804619)|VARIABLE_SCOPE_BEGIN|[147]|ffhttp_Client.HTTP_STATUS_CODE_ERROR_LENGTH_REQUIRED|Integer|false|true
14:24:57.358 (359816494)|VARIABLE_SCOPE_BEGIN|[122]|ffhttp_Client.HTTP_STATUS_CODE_ERROR_METHOD_NOT_ALLOWED|Integer|false|true
14:24:57.358 (359828153)|VARIABLE_SCOPE_BEGIN|[127]|ffhttp_Client.HTTP_STATUS_CODE_ERROR_NOT_ACCEPTABLE|Integer|false|true
14:24:57.358 (359839581)|VARIABLE_SCOPE_BEGIN|[118]|ffhttp_Client.HTTP_STATUS_CODE_ERROR_NOT_FOUND|Integer|false|true
14:24:57.358 (359850891)|VARIABLE_SCOPE_BEGIN|[151]|ffhttp_Client.HTTP_STATUS_CODE_ERROR_PRECONDITION_FAILED|Integer|false|true
14:24:57.358 (359862813)|VARIABLE_SCOPE_BEGIN|[131]|ffhttp_Client.HTTP_STATUS_CODE_ERROR_PROXY_AUTHENTICATION_REQUIRED|Integer|false|true
14:24:57.358 (359875306)|VARIABLE_SCOPE_BEGIN|[168]|ffhttp_Client.HTTP_STATUS_CODE_ERROR_REQUESTED_RANGE_NOT_SATISFIABLE|Integer|false|true
14:24:57.358 (359887377)|VARIABLE_SCOPE_BEGIN|[155]|ffhttp_Client.HTTP_STATUS_CODE_ERROR_REQUEST_ENTITY_TOO_LARGE|Integer|false|true
14:24:57.358 (359899332)|VARIABLE_SCOPE_BEGIN|[135]|ffhttp_Client.HTTP_STATUS_CODE_ERROR_REQUEST_TIMEOUT|Integer|false|true
14:24:57.358 (359910502)|VARIABLE_SCOPE_BEGIN|[159]|ffhttp_Client.HTTP_STATUS_CODE_ERROR_REQUEST_URI_TOO_LONG|Integer|false|true
14:24:57.358 (359924183)|VARIABLE_SCOPE_BEGIN|[111]|ffhttp_Client.HTTP_STATUS_CODE_ERROR_UNAUTHORIZED|Integer|false|true
14:24:57.358 (359938297)|VARIABLE_SCOPE_BEGIN|[163]|ffhttp_Client.HTTP_STATUS_CODE_ERROR_UNSUPPORTED_MEDIA_TYPE|Integer|false|true
14:24:57.358 (359951930)|VARIABLE_SCOPE_BEGIN|[83]|ffhttp_Client.HTTP_STATUS_CODE_REDIRECTION_FOUND|Integer|false|true
14:24:57.358 (359965120)|VARIABLE_SCOPE_BEGIN|[78]|ffhttp_Client.HTTP_STATUS_CODE_REDIRECTION_MOVED_PERMANENTLY|Integer|false|true
14:24:57.358 (359980226)|VARIABLE_SCOPE_BEGIN|[74]|ffhttp_Client.HTTP_STATUS_CODE_REDIRECTION_MULTIPLE_CHOICES|Integer|false|true
14:24:57.358 (359993549)|VARIABLE_SCOPE_BEGIN|[92]|ffhttp_Client.HTTP_STATUS_CODE_REDIRECTION_NOT_MODIFIED|Integer|false|true
14:24:57.358 (360006770)|VARIABLE_SCOPE_BEGIN|[100]|ffhttp_Client.HTTP_STATUS_CODE_REDIRECTION_PERMANENT_REDIRECT|Integer|false|true
14:24:57.358 (360022453)|VARIABLE_SCOPE_BEGIN|[88]|ffhttp_Client.HTTP_STATUS_CODE_REDIRECTION_SEE_OTHER|Integer|false|true
14:24:57.358 (360036011)|VARIABLE_SCOPE_BEGIN|[96]|ffhttp_Client.HTTP_STATUS_CODE_REDIRECTION_TEMPORARY_REDIRECT|Integer|false|true
14:24:57.358 (360055639)|VARIABLE_SCOPE_BEGIN|[41]|ffhttp_Client.NAMED_CREDENTIALS_URL_PREFIX|String|false|true
14:24:57.358 (360069246)|VARIABLE_SCOPE_BEGIN|[35]|ffhttp_Client.REQUEST_METHOD_DELETE|String|false|true
14:24:57.358 (360081901)|VARIABLE_SCOPE_BEGIN|[36]|ffhttp_Client.REQUEST_METHOD_GET|String|false|true
14:24:57.358 (360095028)|VARIABLE_SCOPE_BEGIN|[37]|ffhttp_Client.REQUEST_METHOD_POST|String|false|true
14:24:57.358 (360106364)|VARIABLE_SCOPE_BEGIN|[38]|ffhttp_Client.REQUEST_METHOD_PUT|String|false|true
14:24:57.358 (360122199)|HEAP_ALLOCATE|[47]|Bytes:170
14:24:57.358 (360147205)|VARIABLE_ASSIGNMENT|[47]|ffhttp_Client.BLANK|""
14:24:57.358 (360155179)|HEAP_ALLOCATE|[47]|Bytes:5
14:24:57.358 (360166335)|VARIABLE_ASSIGNMENT|[47]|ffhttp_Client.CHARSET_UTF8|"UTF-8"
14:24:57.358 (360174785)|HEAP_ALLOCATE|[47]|Bytes:31
14:24:57.358 (360189434)|VARIABLE_ASSIGNMENT|[47]|ffhttp_Client.CONTENT_TYPE_JSON|"application/json; ch (11 more) ..."
14:24:57.358 (360197866)|HEAP_ALLOCATE|[47]|Bytes:33
14:24:57.358 (360212126)|VARIABLE_ASSIGNMENT|[47]|ffhttp_Client.CONTENT_TYPE_WWW_FORM_ENCODED|"application/x-www-fo (13 more) ..."
14:24:57.358 (360220477)|HEAP_ALLOCATE|[47]|Bytes:4
14:24:57.358 (360236556)|VARIABLE_ASSIGNMENT|[47]|ffhttp_Client.CURL_BODY|" -d "
14:24:57.358 (360244162)|HEAP_ALLOCATE|[47]|Bytes:1
14:24:57.358 (360255029)|VARIABLE_ASSIGNMENT|[47]|ffhttp_Client.CURL_COLON_SEPARATOR|":"
14:24:57.358 (360261846)|HEAP_ALLOCATE|[47]|Bytes:4
14:24:57.358 (360272305)|VARIABLE_ASSIGNMENT|[47]|ffhttp_Client.CURL_COMMAND|"curl"
14:24:57.358 (360279702)|HEAP_ALLOCATE|[47]|Bytes:4
14:24:57.358 (360291574)|VARIABLE_ASSIGNMENT|[47]|ffhttp_Client.CURL_HEADER|" -H "
14:24:57.358 (360298770)|HEAP_ALLOCATE|[47]|Bytes:1
14:24:57.358 (360309459)|VARIABLE_ASSIGNMENT|[47]|ffhttp_Client.CURL_QUOTE_SEPARATOR|"\""
14:24:57.358 (360317990)|HEAP_ALLOCATE|[47]|Bytes:4
14:24:57.358 (360329570)|VARIABLE_ASSIGNMENT|[47]|ffhttp_Client.CURL_REQUEST_METHOD|" -X "
14:24:57.358 (360337313)|HEAP_ALLOCATE|[47]|Bytes:1
14:24:57.358 (360348190)|VARIABLE_ASSIGNMENT|[47]|ffhttp_Client.CURL_SPACE_SEPARATOR|" "
14:24:57.358 (360355648)|HEAP_ALLOCATE|[47]|Bytes:13
14:24:57.358 (360367690)|VARIABLE_ASSIGNMENT|[47]|ffhttp_Client.HTTP_HEADER_AUTHORIZATION|"Authorization"
14:24:57.358 (360375042)|HEAP_ALLOCATE|[47]|Bytes:19
14:24:57.358 (360386911)|VARIABLE_ASSIGNMENT|[47]|ffhttp_Client.HTTP_HEADER_CONTENT_DISPOSITION|"Content-Disposition"
14:24:57.358 (360394690)|HEAP_ALLOCATE|[47]|Bytes:14
14:24:57.358 (360407450)|VARIABLE_ASSIGNMENT|[47]|ffhttp_Client.HTTP_HEADER_CONTENT_LENGTH|"Content-Length"
14:24:57.358 (360415735)|HEAP_ALLOCATE|[47]|Bytes:12
14:24:57.358 (360427403)|VARIABLE_ASSIGNMENT|[47]|ffhttp_Client.HTTP_HEADER_CONTENT_TYPE|"Content-Type"
14:24:57.358 (360435199)|HEAP_ALLOCATE|[47]|Bytes:1
14:24:57.358 (360447953)|VARIABLE_ASSIGNMENT|[47]|ffhttp_Client.HTTP_REQUEST_COOKIE_SEPARATOR|";"
14:24:57.358 (360456486)|HEAP_ALLOCATE|[47]|Bytes:1
14:24:57.358 (360468689)|VARIABLE_ASSIGNMENT|[47]|ffhttp_Client.HTTP_REQUEST_ENDPOINT_SEPARATOR|"&"
14:24:57.358 (360476850)|HEAP_ALLOCATE|[47]|Bytes:1
14:24:57.358 (360489781)|VARIABLE_ASSIGNMENT|[47]|ffhttp_Client.HTTP_REQUEST_PARAMETER_PREFIX|"?"
14:24:57.358 (360497616)|HEAP_ALLOCATE|[47]|Bytes:1
14:24:57.358 (360509134)|VARIABLE_ASSIGNMENT|[47]|ffhttp_Client.HTTP_REQUEST_PARAMETER_SEPARATOR|"="
14:24:57.358 (360518588)|HEAP_ALLOCATE|[47]|Bytes:8
14:24:57.358 (360534725)|VARIABLE_ASSIGNMENT|[47]|ffhttp_Client.NAMED_CREDENTIALS_URL_PREFIX|"callout:"
14:24:57.358 (360543346)|HEAP_ALLOCATE|[47]|Bytes:6
14:24:57.358 (360559571)|VARIABLE_ASSIGNMENT|[47]|ffhttp_Client.REQUEST_METHOD_DELETE|"DELETE"
14:24:57.358 (360567823)|HEAP_ALLOCATE|[47]|Bytes:3
14:24:57.358 (360583284)|VARIABLE_ASSIGNMENT|[47]|ffhttp_Client.REQUEST_METHOD_GET|"GET"
14:24:57.358 (360592700)|HEAP_ALLOCATE|[47]|Bytes:4
14:24:57.358 (360610248)|VARIABLE_ASSIGNMENT|[47]|ffhttp_Client.REQUEST_METHOD_POST|"POST"
14:24:57.358 (360618499)|HEAP_ALLOCATE|[47]|Bytes:3
14:24:57.358 (360635176)|VARIABLE_ASSIGNMENT|[47]|ffhttp_Client.REQUEST_METHOD_PUT|"PUT"
14:24:57.358 (360650770)|METHOD_ENTRY|[32]|01pm0000000YfZv|ffhttp_Client.ffhttp_Client()
14:24:57.358 (360659823)|STATEMENT_EXECUTE|[32]
14:24:57.358 (360664805)|STATEMENT_EXECUTE|[32]
14:24:57.358 (361068764)|SYSTEM_MODE_ENTER|false
14:24:57.358 (361087022)|HEAP_ALLOCATE|[74]|Bytes:5
14:24:57.358 (361097592)|STATEMENT_EXECUTE|[74]
14:24:57.358 (361105259)|HEAP_ALLOCATE|[74]|Bytes:4
14:24:57.358 (361128646)|VARIABLE_ASSIGNMENT|[74]|ffhttp_Client.HTTP_STATUS_CODE_REDIRECTION_MULTIPLE_CHOICES|300
14:24:57.358 (361138664)|STATEMENT_EXECUTE|[78]
14:24:57.358 (361144326)|HEAP_ALLOCATE|[78]|Bytes:4
14:24:57.358 (361161855)|VARIABLE_ASSIGNMENT|[78]|ffhttp_Client.HTTP_STATUS_CODE_REDIRECTION_MOVED_PERMANENTLY|301
14:24:57.358 (361170348)|STATEMENT_EXECUTE|[83]
14:24:57.358 (361175722)|HEAP_ALLOCATE|[83]|Bytes:4
14:24:57.358 (361193338)|VARIABLE_ASSIGNMENT|[83]|ffhttp_Client.HTTP_STATUS_CODE_REDIRECTION_FOUND|302
14:24:57.358 (361202110)|STATEMENT_EXECUTE|[88]
14:24:57.358 (361206720)|HEAP_ALLOCATE|[88]|Bytes:4
14:24:57.358 (361224051)|VARIABLE_ASSIGNMENT|[88]|ffhttp_Client.HTTP_STATUS_CODE_REDIRECTION_SEE_OTHER|303
14:24:57.358 (361232390)|STATEMENT_EXECUTE|[92]
14:24:57.358 (361237304)|HEAP_ALLOCATE|[92]|Bytes:4
14:24:57.358 (361253150)|VARIABLE_ASSIGNMENT|[92]|ffhttp_Client.HTTP_STATUS_CODE_REDIRECTION_NOT_MODIFIED|304
14:24:57.358 (361260815)|STATEMENT_EXECUTE|[96]
14:24:57.358 (361264965)|HEAP_ALLOCATE|[96]|Bytes:4
14:24:57.358 (361281718)|VARIABLE_ASSIGNMENT|[96]|ffhttp_Client.HTTP_STATUS_CODE_REDIRECTION_TEMPORARY_REDIRECT|307
14:24:57.358 (361289629)|STATEMENT_EXECUTE|[100]
14:24:57.358 (361294652)|HEAP_ALLOCATE|[100]|Bytes:4
14:24:57.358 (361309818)|VARIABLE_ASSIGNMENT|[100]|ffhttp_Client.HTTP_STATUS_CODE_REDIRECTION_PERMANENT_REDIRECT|308
14:24:57.358 (361318256)|STATEMENT_EXECUTE|[107]
14:24:57.358 (361323242)|HEAP_ALLOCATE|[107]|Bytes:4
14:24:57.358 (361336323)|VARIABLE_ASSIGNMENT|[107]|ffhttp_Client.HTTP_STATUS_CODE_ERROR_BAD_REQUEST|400
14:24:57.358 (361343796)|STATEMENT_EXECUTE|[111]
14:24:57.358 (361347691)|HEAP_ALLOCATE|[111]|Bytes:4
14:24:57.358 (361360789)|VARIABLE_ASSIGNMENT|[111]|ffhttp_Client.HTTP_STATUS_CODE_ERROR_UNAUTHORIZED|401
14:24:57.358 (361367789)|STATEMENT_EXECUTE|[114]
14:24:57.358 (361371884)|HEAP_ALLOCATE|[114]|Bytes:4
14:24:57.358 (361385356)|VARIABLE_ASSIGNMENT|[114]|ffhttp_Client.HTTP_STATUS_CODE_ERROR_FORBIDDEN|403
14:24:57.358 (361394019)|STATEMENT_EXECUTE|[118]
14:24:57.358 (361398032)|HEAP_ALLOCATE|[118]|Bytes:4
14:24:57.358 (361412859)|VARIABLE_ASSIGNMENT|[118]|ffhttp_Client.HTTP_STATUS_CODE_ERROR_NOT_FOUND|404
14:24:57.358 (361419853)|STATEMENT_EXECUTE|[122]
14:24:57.358 (361424221)|HEAP_ALLOCATE|[122]|Bytes:4
14:24:57.358 (361437761)|VARIABLE_ASSIGNMENT|[122]|ffhttp_Client.HTTP_STATUS_CODE_ERROR_METHOD_NOT_ALLOWED|405
14:24:57.358 (361449694)|STATEMENT_EXECUTE|[127]
14:24:57.358 (361454837)|HEAP_ALLOCATE|[127]|Bytes:4
14:24:57.358 (361471727)|VARIABLE_ASSIGNMENT|[127]|ffhttp_Client.HTTP_STATUS_CODE_ERROR_NOT_ACCEPTABLE|406
14:24:57.358 (361479922)|STATEMENT_EXECUTE|[131]
14:24:57.358 (361484311)|HEAP_ALLOCATE|[131]|Bytes:4
14:24:57.358 (361499506)|VARIABLE_ASSIGNMENT|[131]|ffhttp_Client.HTTP_STATUS_CODE_ERROR_PROXY_AUTHENTICATION_REQUIRED|407
14:24:57.358 (361507867)|STATEMENT_EXECUTE|[135]
14:24:57.358 (361512367)|HEAP_ALLOCATE|[135]|Bytes:4
14:24:57.358 (361528029)|VARIABLE_ASSIGNMENT|[135]|ffhttp_Client.HTTP_STATUS_CODE_ERROR_REQUEST_TIMEOUT|408
14:24:57.358 (361536411)|STATEMENT_EXECUTE|[140]
14:24:57.358 (361541448)|HEAP_ALLOCATE|[140]|Bytes:4
14:24:57.358 (361554970)|VARIABLE_ASSIGNMENT|[140]|ffhttp_Client.HTTP_STATUS_CODE_ERROR_CONFLICT|409
14:24:57.358 (361562352)|STATEMENT_EXECUTE|[144]
14:24:57.358 (361566434)|HEAP_ALLOCATE|[144]|Bytes:4
14:24:57.358 (361578882)|VARIABLE_ASSIGNMENT|[144]|ffhttp_Client.HTTP_STATUS_CODE_ERROR_GONE|410
14:24:57.358 (361586250)|STATEMENT_EXECUTE|[147]
14:24:57.358 (361590501)|HEAP_ALLOCATE|[147]|Bytes:4
14:24:57.358 (361602417)|VARIABLE_ASSIGNMENT|[147]|ffhttp_Client.HTTP_STATUS_CODE_ERROR_LENGTH_REQUIRED|411
14:24:57.358 (361610284)|STATEMENT_EXECUTE|[151]
14:24:57.358 (361614632)|HEAP_ALLOCATE|[151]|Bytes:4
14:24:57.358 (361629162)|VARIABLE_ASSIGNMENT|[151]|ffhttp_Client.HTTP_STATUS_CODE_ERROR_PRECONDITION_FAILED|412
14:24:57.358 (361636663)|STATEMENT_EXECUTE|[155]
14:24:57.358 (361640843)|HEAP_ALLOCATE|[155]|Bytes:4
14:24:57.358 (361655737)|VARIABLE_ASSIGNMENT|[155]|ffhttp_Client.HTTP_STATUS_CODE_ERROR_REQUEST_ENTITY_TOO_LARGE|413
14:24:57.358 (361662995)|STATEMENT_EXECUTE|[159]
14:24:57.358 (361667169)|HEAP_ALLOCATE|[159]|Bytes:4
14:24:57.358 (361680999)|VARIABLE_ASSIGNMENT|[159]|ffhttp_Client.HTTP_STATUS_CODE_ERROR_REQUEST_URI_TOO_LONG|414
14:24:57.358 (361689135)|STATEMENT_EXECUTE|[163]
14:24:57.358 (361693593)|HEAP_ALLOCATE|[163]|Bytes:4
14:24:57.358 (361708634)|VARIABLE_ASSIGNMENT|[163]|ffhttp_Client.HTTP_STATUS_CODE_ERROR_UNSUPPORTED_MEDIA_TYPE|415
14:24:57.358 (361717061)|STATEMENT_EXECUTE|[168]
14:24:57.358 (361721286)|HEAP_ALLOCATE|[168]|Bytes:4
14:24:57.358 (361736929)|VARIABLE_ASSIGNMENT|[168]|ffhttp_Client.HTTP_STATUS_CODE_ERROR_REQUESTED_RANGE_NOT_SATISFIABLE|416
14:24:57.358 (361744543)|STATEMENT_EXECUTE|[172]
14:24:57.358 (361748732)|HEAP_ALLOCATE|[172]|Bytes:4
14:24:57.358 (361761950)|VARIABLE_ASSIGNMENT|[172]|ffhttp_Client.HTTP_STATUS_CODE_ERROR_EXPECTATION_FAILED|417
14:24:57.358 (361770145)|STATEMENT_EXECUTE|[217]
14:24:57.358 (361772909)|STATEMENT_EXECUTE|[290]
14:24:57.358 (361775264)|STATEMENT_EXECUTE|[345]
14:24:57.358 (361777637)|STATEMENT_EXECUTE|[390]
14:24:57.358 (361786688)|SYSTEM_MODE_EXIT|false
14:24:57.358 (361804869)|METHOD_EXIT|[32]|ffhttp_Client
14:24:57.358 (361830498)|HEAP_ALLOCATE|[47]|Bytes:9
14:24:57.358 (361847369)|VARIABLE_SCOPE_BEGIN|[47]|parameterAndValue|String|false|false
14:24:57.358 (361867159)|VARIABLE_ASSIGNMENT|[47]|parameterAndValue|"test=Test"
14:24:57.358 (361876823)|STATEMENT_EXECUTE|[48]
14:24:57.358 (361901678)|HEAP_ALLOCATE|[EXTERNAL]|Bytes:4
14:24:57.358 (361924319)|METHOD_EXIT|[67]|01pm0000000YfZo|ffhttp_AbstractFormDataSerializable.addParameterIfNotEmpty(String, String, Boolean)
14:24:57.358 (361935280)|STATEMENT_EXECUTE|[68]
14:24:57.358 (361941936)|HEAP_ALLOCATE|[68]|Bytes:5
14:24:57.358 (361950047)|HEAP_ALLOCATE|[68]|Bytes:6
14:24:57.358 (361969268)|METHOD_ENTRY|[68]|01pm0000000YfZo|ffhttp_AbstractFormDataSerializable.addParameterIfNotEmpty(String, String, Boolean)
14:24:57.358 (361982950)|VARIABLE_SCOPE_BEGIN|[37]|this|ffhttp_AbstractFormDataSerializable|true|false
14:24:57.358 (362021560)|VARIABLE_ASSIGNMENT|[37]|this|{"m_parameters":"0xfbc7dfa"}|0x5691fe00
14:24:57.358 (362038271)|VARIABLE_SCOPE_BEGIN|[37]|parameter|String|false|false
14:24:57.358 (362058376)|VARIABLE_ASSIGNMENT|[37]|parameter|"test2"
14:24:57.358 (362065438)|VARIABLE_SCOPE_BEGIN|[37]|value|String|false|false
14:24:57.358 (362078595)|VARIABLE_ASSIGNMENT|[37]|value|"Test 2"
14:24:57.358 (362089835)|VARIABLE_SCOPE_BEGIN|[37]|encode|Boolean|false|false
14:24:57.358 (362103588)|VARIABLE_ASSIGNMENT|[37]|encode|true
14:24:57.358 (362119063)|STATEMENT_EXECUTE|[38]
14:24:57.358 (362160657)|STATEMENT_EXECUTE|[40]
14:24:57.358 (362164246)|STATEMENT_EXECUTE|[41]
14:24:57.358 (362169879)|VARIABLE_SCOPE_BEGIN|[41]|localValue|String|false|false
14:24:57.358 (362190776)|VARIABLE_ASSIGNMENT|[41]|localValue|"Test 2"
14:24:57.358 (362200529)|STATEMENT_EXECUTE|[43]
14:24:57.358 (362203123)|STATEMENT_EXECUTE|[44]
14:24:57.358 (362227446)|HEAP_ALLOCATE|[44]|Bytes:15
14:24:57.358 (362245996)|SYSTEM_METHOD_ENTRY|[1]|EncodingUtil.EncodingUtil()
14:24:57.358 (362253908)|STATEMENT_EXECUTE|[1]
14:24:57.358 (362264981)|SYSTEM_METHOD_EXIT|[1]|EncodingUtil
14:24:57.358 (362282277)|METHOD_ENTRY|[44]||System.EncodingUtil.urlEncode(String, String)
14:24:57.358 (362362161)|METHOD_EXIT|[44]||System.EncodingUtil.urlEncode(String, String)
14:24:57.358 (362381163)|VARIABLE_ASSIGNMENT|[44]|localValue|"Test+2"
14:24:57.358 (362390308)|STATEMENT_EXECUTE|[47]
14:24:57.358 (362400529)|HEAP_ALLOCATE|[47]|Bytes:12
14:24:57.358 (362411908)|VARIABLE_SCOPE_BEGIN|[47]|parameterAndValue|String|false|false
14:24:57.358 (362434993)|VARIABLE_ASSIGNMENT|[47]|parameterAndValue|"test2=Test+2"
14:24:57.358 (362443743)|STATEMENT_EXECUTE|[48]
14:24:57.358 (362460020)|HEAP_ALLOCATE|[EXTERNAL]|Bytes:4
14:24:57.358 (362478400)|METHOD_EXIT|[68]|01pm0000000YfZo|ffhttp_AbstractFormDataSerializable.addParameterIfNotEmpty(String, String, Boolean)
14:24:57.358 (362490442)|CONSTRUCTOR_EXIT|[50]|01pm0000000YfZp|<init>()|ffhttp_AbstractFormDataSerializableTest.FormDataTest
14:24:57.358 (362502671)|VARIABLE_SCOPE_BEGIN|[50]|body|ffhttp_AbstractFormDataSerializableTest.FormDataTest|true|false
14:24:57.358 (362539252)|VARIABLE_ASSIGNMENT|[50]|body|{"m_parameters":"0xfbc7dfa"}|0x5691fe00
14:24:57.358 (362550122)|STATEMENT_EXECUTE|[53]
14:24:57.358 (362565928)|METHOD_ENTRY|[53]|01pm0000000YfZo|ffhttp_AbstractFormDataSerializable.getHttpContent()
14:24:57.358 (362605652)|VARIABLE_SCOPE_BEGIN|[60]|this|ffhttp_AbstractFormDataSerializable|true|false
14:24:57.358 (362644021)|VARIABLE_ASSIGNMENT|[60]|this|{"m_parameters":"0xfbc7dfa"}|0x5691fe00
14:24:57.358 (362664283)|STATEMENT_EXECUTE|[61]
14:24:57.358 (362667496)|STATEMENT_EXECUTE|[62]
14:24:57.358 (362808863)|HEAP_ALLOCATE|[62]|Bytes:5
14:24:57.358 (362825338)|HEAP_ALLOCATE|[62]|Bytes:9
14:24:57.358 (362836150)|HEAP_ALLOCATE|[62]|Bytes:5
14:24:57.358 (362844691)|HEAP_ALLOCATE|[62]|Bytes:12
14:24:57.358 (362853349)|HEAP_ALLOCATE|[62]|Bytes:5
14:24:57.358 (362861363)|HEAP_ALLOCATE|[62]|Bytes:22
14:24:57.358 (362891553)|METHOD_EXIT|[53]|01pm0000000YfZo|ffhttp_AbstractFormDataSerializable.getHttpContent()
14:24:57.358 (362904726)|VARIABLE_SCOPE_BEGIN|[53]|serializedBody|String|false|false
14:24:57.358 (362924584)|VARIABLE_ASSIGNMENT|[53]|serializedBody|"test=Test&test2=Test (2 more) ..."
14:24:57.358 (362933487)|STATEMENT_EXECUTE|[56]
14:24:57.358 (362945061)|HEAP_ALLOCATE|[56]|Bytes:22
14:24:57.363 (363011729)|CUMULATIVE_LIMIT_USAGE
14:24:57.363 (363011729)|LIMIT_USAGE_FOR_NS|(default)|
  Number of SOQL queries: 0 out of 100
  Number of query rows: 0 out of 50000
  Number of SOSL queries: 0 out of 20
  Number of DML statements: 0 out of 150
  Number of DML rows: 0 out of 10000
  Maximum CPU time: 0 out of 10000
  Maximum heap size: 0 out of 6000000
  Number of callouts: 0 out of 100
  Number of Email Invocations: 0 out of 10
  Number of future calls: 0 out of 50
  Number of queueable jobs added to the queue: 0 out of 50
  Number of Mobile Apex push calls: 0 out of 10

14:24:57.363 (363011729)|CUMULATIVE_LIMIT_USAGE_END

14:24:57.358 (363056810)|CODE_UNIT_FINISHED|ffhttp_AbstractFormDataSerializableTest.getHttpContent_serializesObjectCorrectly()
14:24:57.358 (364410953)|EXECUTION_FINISHED
