41.0 APEX_CODE,FINEST;APEX_PROFILING,INFO;CALLOUT,INFO;DB,INFO;NBA,INFO;SYSTEM,DEBUG;VALIDATION,INFO;VISUALFORCE,INFO;WAVE,INFO;WORKFLOW,INFO
12:34:21.0 (279857)|USER_INFO|[EXTERNAL]|00518000002hPQO|matthew.billups@matsonmoney.com.mbill|Mountain Standard Time|GMT-07:00
12:34:21.0 (316528)|EXECUTION_STARTED
12:34:21.0 (320479)|CODE_UNIT_STARTED|[EXTERNAL]|01p3600000JVvUl|mm_EmailTemplateExceptionTest.Testmm_EmailTemplateExceptionTest()
12:34:21.0 (713564)|HEAP_ALLOCATE|[72]|Bytes:3
12:34:21.0 (743784)|HEAP_ALLOCATE|[77]|Bytes:152
12:34:21.0 (759808)|HEAP_ALLOCATE|[342]|Bytes:408
12:34:21.0 (774663)|HEAP_ALLOCATE|[355]|Bytes:408
12:34:21.0 (787583)|HEAP_ALLOCATE|[467]|Bytes:48
12:34:21.0 (813320)|HEAP_ALLOCATE|[139]|Bytes:6
12:34:21.0 (828555)|HEAP_ALLOCATE|[EXTERNAL]|Bytes:5
12:34:21.0 (841550)|METHOD_ENTRY|[1]|01p3600000JVvUl|mm_EmailTemplateExceptionTest.mm_EmailTemplateExceptionTest()
12:34:21.0 (846487)|STATEMENT_EXECUTE|[1]
12:34:21.0 (849483)|STATEMENT_EXECUTE|[1]
12:34:21.0 (853635)|METHOD_EXIT|[1]|mm_EmailTemplateExceptionTest
12:34:21.0 (911901)|HEAP_ALLOCATE|[50]|Bytes:5
12:34:21.0 (933064)|HEAP_ALLOCATE|[56]|Bytes:5
12:34:21.0 (941372)|HEAP_ALLOCATE|[64]|Bytes:7
12:34:21.0 (968025)|STATEMENT_EXECUTE|[2]
12:34:21.0 (969936)|STATEMENT_EXECUTE|[3]
12:34:21.0 (997462)|HEAP_ALLOCATE|[3]|Bytes:70
12:34:21.0 (1011898)|SYSTEM_METHOD_ENTRY|[1]|Test.Test()
12:34:21.0 (1016745)|STATEMENT_EXECUTE|[1]
12:34:21.0 (1021754)|SYSTEM_METHOD_EXIT|[1]|Test
12:34:21.0 (1037298)|METHOD_ENTRY|[3]||System.Test.startTest()
12:34:21.0 (2115845)|METHOD_EXIT|[3]||System.Test.startTest()
12:34:21.0 (2124039)|STATEMENT_EXECUTE|[4]
12:34:21.0 (11791499)|METHOD_ENTRY|[1]|01p3600000JVvUk|mm_EmailTemplateException.mm_EmailTemplateException()
12:34:21.0 (11803930)|STATEMENT_EXECUTE|[1]
12:34:21.0 (11808563)|STATEMENT_EXECUTE|[1]
12:34:21.0 (11814221)|METHOD_EXIT|[1]|mm_EmailTemplateException
12:34:21.0 (11832976)|HEAP_ALLOCATE|[4]|Bytes:28
12:34:21.0 (11849734)|CONSTRUCTOR_ENTRY|[4]|01p3600000JVvUk|<init>()|mm_EmailTemplateException
12:34:21.0 (11885240)|VARIABLE_SCOPE_BEGIN|[1]|this|mm_EmailTemplateException|true|false
12:34:21.0 (12038185)|VARIABLE_ASSIGNMENT|[1]|this|"common.apex.runtime.impl.ExecutionException"|0x4ae7bdd0
12:34:21.0 (12052027)|HEAP_ALLOCATE|[EXTERNAL]|Bytes:23
12:34:21.0 (12067080)|HEAP_ALLOCATE|[EXTERNAL]|Bytes:34
12:34:21.0 (12147991)|HEAP_ALLOCATE|[66]|Bytes:11
12:34:21.0 (12160189)|HEAP_ALLOCATE|[66]|Bytes:33
12:34:21.0 (12165280)|HEAP_ALLOCATE|[66]|Bytes:30
12:34:21.0 (12170171)|HEAP_ALLOCATE|[66]|Bytes:12
12:34:21.0 (12265991)|SYSTEM_METHOD_ENTRY|[EXTERNAL]|ArrayList.ArrayList()
12:34:21.0 (12272943)|STATEMENT_EXECUTE|[EXTERNAL]
12:34:21.0 (12277628)|ENTERING_MANAGED_PKG|java__util
12:34:21.0 (12289966)|SYSTEM_METHOD_EXIT|[EXTERNAL]|ArrayList
12:34:21.0 (12299731)|HEAP_ALLOCATE|[214]|Bytes:16
12:34:21.0 (12326533)|ENTERING_MANAGED_PKG|java__util
12:34:21.0 (12369373)|ENTERING_MANAGED_PKG|java__util
12:34:21.0 (12418884)|ENTERING_MANAGED_PKG|java__util
12:34:21.0 (12495209)|SYSTEM_METHOD_ENTRY|[EXTERNAL]|Collections.Collections()
12:34:21.0 (12502372)|STATEMENT_EXECUTE|[EXTERNAL]
12:34:21.0 (12505495)|ENTERING_MANAGED_PKG|java__util
12:34:21.0 (12523303)|HEAP_ALLOCATE|[4279]|Bytes:4
12:34:21.0 (12540877)|ENTERING_MANAGED_PKG|java__util
12:34:21.0 (12568428)|ENTERING_MANAGED_PKG|java__util
12:34:21.0 (12594105)|ENTERING_MANAGED_PKG|java__util
12:34:21.0 (12607715)|ENTERING_MANAGED_PKG|java__util
12:34:21.0 (12654500)|HEAP_ALLOCATE|[4397]|Bytes:8
12:34:21.0 (12672035)|ENTERING_MANAGED_PKG|java__util
12:34:21.0 (12694222)|ENTERING_MANAGED_PKG|java__util
12:34:21.0 (12718903)|ENTERING_MANAGED_PKG|java__util
12:34:21.0 (12729447)|ENTERING_MANAGED_PKG|java__util
12:34:21.0 (12768371)|HEAP_ALLOCATE|[4498]|Bytes:12
12:34:21.0 (12783577)|ENTERING_MANAGED_PKG|java__util
12:34:21.0 (12803007)|ENTERING_MANAGED_PKG|java__util
12:34:21.0 (12826870)|ENTERING_MANAGED_PKG|java__util
12:34:21.0 (12852674)|SYSTEM_METHOD_EXIT|[EXTERNAL]|Collections
12:34:21.0 (12867523)|ENTERING_MANAGED_PKG|java__util
12:34:21.0 (12910729)|HEAP_ALLOCATE|[1287]|Bytes:12
12:34:21.0 (12928309)|ENTERING_MANAGED_PKG|java__util
12:34:21.0 (12961273)|ENTERING_MANAGED_PKG|java__util
12:34:21.0 (12993047)|ENTERING_MANAGED_PKG|java__util
12:34:21.0 (13089710)|HEAP_ALLOCATE|[783]|Bytes:19
12:34:21.0 (13098025)|HEAP_ALLOCATE|[783]|Bytes:16
12:34:21.0 (13102470)|HEAP_ALLOCATE|[783]|Bytes:19
12:34:21.0 (13113189)|HEAP_ALLOCATE|[783]|Bytes:19
12:34:21.0 (13117924)|HEAP_ALLOCATE|[783]|Bytes:16
12:34:21.0 (13121905)|HEAP_ALLOCATE|[783]|Bytes:19
12:34:21.0 (13128009)|HEAP_ALLOCATE|[783]|Bytes:19
12:34:21.0 (13132716)|HEAP_ALLOCATE|[783]|Bytes:6
12:34:21.0 (13136818)|HEAP_ALLOCATE|[783]|Bytes:19
12:34:21.0 (13143388)|HEAP_ALLOCATE|[783]|Bytes:19
12:34:21.0 (13147826)|HEAP_ALLOCATE|[783]|Bytes:6
12:34:21.0 (13151711)|HEAP_ALLOCATE|[783]|Bytes:19
12:34:21.0 (13158075)|HEAP_ALLOCATE|[783]|Bytes:24
12:34:21.0 (13162939)|HEAP_ALLOCATE|[783]|Bytes:6
12:34:21.0 (13167108)|HEAP_ALLOCATE|[783]|Bytes:24
12:34:21.0 (13173314)|HEAP_ALLOCATE|[783]|Bytes:25
12:34:21.0 (13177489)|HEAP_ALLOCATE|[783]|Bytes:6
12:34:21.0 (13182466)|HEAP_ALLOCATE|[783]|Bytes:25
12:34:21.0 (13188932)|HEAP_ALLOCATE|[783]|Bytes:29
12:34:21.0 (13193129)|HEAP_ALLOCATE|[783]|Bytes:33
12:34:21.0 (13197011)|HEAP_ALLOCATE|[783]|Bytes:29
12:34:21.0 (13216992)|STATEMENT_EXECUTE|[1]
12:34:21.0 (13222834)|CONSTRUCTOR_EXIT|[4]|01p3600000JVvUk|<init>()|mm_EmailTemplateException
12:34:21.0 (13233643)|VARIABLE_SCOPE_BEGIN|[4]|ETE|mm_EmailTemplateException|true|false
12:34:21.0 (13309894)|VARIABLE_ASSIGNMENT|[4]|ETE|"common.apex.runtime.impl.ExecutionException: Script-thrown exception"|0x6be21709
12:34:21.0 (13320213)|STATEMENT_EXECUTE|[5]
12:34:21.0 (13333438)|METHOD_ENTRY|[5]||System.Test.stopTest()
12:34:21.0 (14264814)|METHOD_EXIT|[5]||System.Test.stopTest()
12:34:21.14 (14279571)|CUMULATIVE_LIMIT_USAGE
12:34:21.14 (14279571)|LIMIT_USAGE_FOR_NS|(default)|
  Number of SOQL queries: 0 out of 100
  Number of query rows: 0 out of 50000
  Number of SOSL queries: 0 out of 20
  Number of DML statements: 0 out of 150
  Number of DML rows: 0 out of 10000
  Maximum CPU time: 0 out of 10000
  Maximum heap size: 0 out of 6000000
  Number of callouts: 0 out of 100
  Number of Email Invocations: 0 out of 10
  Number of future calls: 0 out of 50
  Number of queueable jobs added to the queue: 0 out of 50
  Number of Mobile Apex push calls: 0 out of 10

12:34:21.14 (14279571)|TESTING_LIMITS
12:34:21.14 (14279571)|LIMIT_USAGE_FOR_NS|(default)|
  Number of SOQL queries: 0 out of 100
  Number of query rows: 0 out of 50000
  Number of SOSL queries: 0 out of 20
  Number of DML statements: 0 out of 150
  Number of DML rows: 0 out of 10000
  Maximum CPU time: 0 out of 10000
  Maximum heap size: 0 out of 6000000
  Number of callouts: 0 out of 100
  Number of Email Invocations: 0 out of 10
  Number of future calls: 0 out of 50
  Number of queueable jobs added to the queue: 0 out of 50
  Number of Mobile Apex push calls: 0 out of 10

12:34:21.14 (14279571)|CUMULATIVE_LIMIT_USAGE_END

12:34:21.0 (14314001)|CODE_UNIT_FINISHED|mm_EmailTemplateExceptionTest.Testmm_EmailTemplateExceptionTest()
12:34:21.0 (15198469)|EXECUTION_FINISHED
