44.0 APEX_CODE,FINEST;APEX_PROFILING,INFO;CALLOUT,INFO;DB,INFO;NBA,INFO;SYSTEM,DEBUG;VALIDATION,INFO;VISUALFORCE,INFO;WAVE,INFO;WORKFLOW,INFO
13:09:53.0 (347374)|EXECUTION_STARTED
13:09:53.0 (373775)|CODE_UNIT_STARTED|[EXTERNAL]|VisualForce View State
13:09:53.0 (4971140)|HEAP_ALLOCATE|[72]|Bytes:3
13:09:53.0 (5033571)|HEAP_ALLOCATE|[77]|Bytes:152
13:09:53.0 (5050833)|HEAP_ALLOCATE|[342]|Bytes:408
13:09:53.0 (5063084)|HEAP_ALLOCATE|[355]|Bytes:408
13:09:53.0 (5074745)|HEAP_ALLOCATE|[467]|Bytes:48
13:09:53.0 (5102200)|HEAP_ALLOCATE|[139]|Bytes:6
13:09:53.0 (5130400)|HEAP_ALLOCATE|[50]|Bytes:5
13:09:53.0 (5152626)|HEAP_ALLOCATE|[56]|Bytes:5
13:09:53.0 (5160228)|HEAP_ALLOCATE|[64]|Bytes:7
13:09:53.0 (9108629)|CODE_UNIT_FINISHED|VisualForce View State
13:09:53.0 (10134354)|EXECUTION_FINISHED
13:09:53.11 (11402336)|SYSTEM_MODE_ENTER|true
13:09:53.11 (11443315)|HEAP_ALLOCATE|[EXTERNAL]|Bytes:400
13:09:53.11 (11456640)|HEAP_ALLOCATE|[EXTERNAL]|Bytes:235
13:09:53.68 (68871524)|CUMULATIVE_LIMIT_USAGE
13:09:53.68 (68871524)|LIMIT_USAGE_FOR_NS|(default)|
  Number of SOQL queries: 0 out of 100
  Number of query rows: 0 out of 50000
  Number of SOSL queries: 0 out of 20
  Number of DML statements: 0 out of 150
  Number of DML rows: 0 out of 10000
  Maximum CPU time: 0 out of 10000
  Maximum heap size: 0 out of 6000000
  Number of callouts: 0 out of 100
  Number of Email Invocations: 0 out of 10
  Number of future calls: 0 out of 50
  Number of queueable jobs added to the queue: 0 out of 50
  Number of Mobile Apex push calls: 0 out of 10

13:09:53.68 (68871524)|CUMULATIVE_LIMIT_USAGE_END

