36.0 APEX_CODE,FINEST;APEX_PROFILING,INFO;CALLOUT,INFO;DB,INFO;NBA,INFO;SYSTEM,DEBUG;VALIDATION,INFO;VISUALFORCE,INFO;WAVE,INFO;WORKFLOW,INFO
13:36:12.0 (372669)|USER_INFO|[EXTERNAL]|00518000002hPQO|matthew.billups@matsonmoney.com.mbill|Mountain Standard Time|GMT-07:00
13:36:12.0 (408667)|EXECUTION_STARTED
13:36:12.0 (412943)|CODE_UNIT_STARTED|[EXTERNAL]|066180000001Aq4|VF: /apex/DeepCloneMatsonEventFlowRedirect
13:36:12.23 (23111606)|FLOW_CREATE_INTERVIEW_BEGIN||30036000000U6ba|301180000002xBM
13:36:12.23 (23607834)|FLOW_CREATE_INTERVIEW_END|8762ebca1b021d97424c1cd60ff1166120863f5-4133|Deep Clone Matson Event
13:36:12.23 (23712141)|FLOW_START_INTERVIEW_BEGIN|8762ebca1b021d97424c1cd60ff1166120863f5-4133|Deep Clone Matson Event
13:36:12.23 (109108617)|FLOW_START_INTERVIEW_END|8762ebca1b021d97424c1cd60ff1166120863f5-4133|Deep Clone Matson Event
13:36:12.0 (162883961)|VF_SERIALIZE_VIEWSTATE_BEGIN|066180000001Aq4
13:36:12.0 (166218507)|VF_SERIALIZE_VIEWSTATE_END
13:36:12.168 (168778872)|CUMULATIVE_LIMIT_USAGE
13:36:12.168 (168778872)|LIMIT_USAGE_FOR_NS|(default)|
  Number of SOQL queries: 7 out of 100
  Number of query rows: 507 out of 50000
  Number of SOSL queries: 0 out of 20
  Number of DML statements: 0 out of 150
  Number of DML rows: 0 out of 10000
  Maximum CPU time: 0 out of 10000
  Maximum heap size: 0 out of 6000000
  Number of callouts: 0 out of 100
  Number of Email Invocations: 0 out of 10
  Number of future calls: 0 out of 50
  Number of queueable jobs added to the queue: 0 out of 50
  Number of Mobile Apex push calls: 0 out of 10

13:36:12.168 (168778872)|CUMULATIVE_LIMIT_USAGE_END

13:36:12.0 (168819573)|CODE_UNIT_FINISHED|VF: /apex/DeepCloneMatsonEventFlowRedirect
13:36:12.0 (169724217)|EXECUTION_FINISHED
