44.0 APEX_CODE,FINEST;APEX_PROFILING,INFO;CALLOUT,INFO;DB,INFO;NBA,INFO;SYSTEM,DEBUG;VALIDATION,INFO;VISUALFORCE,INFO;WAVE,INFO;WORKFLOW,INFO
12:18:25.0 (375314)|EXECUTION_STARTED
12:18:25.0 (399699)|CODE_UNIT_STARTED|[EXTERNAL]|VisualForce View State
12:18:25.0 (5069118)|HEAP_ALLOCATE|[72]|Bytes:3
12:18:25.0 (5130458)|HEAP_ALLOCATE|[77]|Bytes:152
12:18:25.0 (5151684)|HEAP_ALLOCATE|[342]|Bytes:408
12:18:25.0 (5164500)|HEAP_ALLOCATE|[355]|Bytes:408
12:18:25.0 (5174935)|HEAP_ALLOCATE|[467]|Bytes:48
12:18:25.0 (5202601)|HEAP_ALLOCATE|[139]|Bytes:6
12:18:25.0 (5228566)|HEAP_ALLOCATE|[50]|Bytes:5
12:18:25.0 (5252708)|HEAP_ALLOCATE|[56]|Bytes:5
12:18:25.0 (5260412)|HEAP_ALLOCATE|[64]|Bytes:7
12:18:25.0 (8987584)|CODE_UNIT_FINISHED|VisualForce View State
12:18:25.0 (10411675)|EXECUTION_FINISHED
12:18:25.11 (11710030)|SYSTEM_MODE_ENTER|true
12:18:25.11 (11744260)|HEAP_ALLOCATE|[EXTERNAL]|Bytes:400
12:18:25.11 (11754117)|HEAP_ALLOCATE|[EXTERNAL]|Bytes:235
12:18:25.61 (61379552)|CUMULATIVE_LIMIT_USAGE
12:18:25.61 (61379552)|LIMIT_USAGE_FOR_NS|(default)|
  Number of SOQL queries: 0 out of 100
  Number of query rows: 0 out of 50000
  Number of SOSL queries: 0 out of 20
  Number of DML statements: 0 out of 150
  Number of DML rows: 0 out of 10000
  Maximum CPU time: 0 out of 10000
  Maximum heap size: 0 out of 6000000
  Number of callouts: 0 out of 100
  Number of Email Invocations: 0 out of 10
  Number of future calls: 0 out of 50
  Number of queueable jobs added to the queue: 0 out of 50
  Number of Mobile Apex push calls: 0 out of 10

12:18:25.61 (61379552)|CUMULATIVE_LIMIT_USAGE_END

