44.0 APEX_CODE,FINEST;APEX_PROFILING,INFO;CALLOUT,INFO;DB,INFO;NBA,INFO;SYSTEM,DEBUG;VALIDATION,INFO;VISUALFORCE,INFO;WAVE,INFO;WORKFLOW,INFO
16:32:40.0 (309864)|EXECUTION_STARTED
16:32:40.0 (331818)|CODE_UNIT_STARTED|[EXTERNAL]|VisualForce View State
16:32:40.0 (4717350)|HEAP_ALLOCATE|[72]|Bytes:3
16:32:40.0 (4775967)|HEAP_ALLOCATE|[77]|Bytes:152
16:32:40.0 (4792191)|HEAP_ALLOCATE|[342]|Bytes:408
16:32:40.0 (4805629)|HEAP_ALLOCATE|[355]|Bytes:408
16:32:40.0 (4816234)|HEAP_ALLOCATE|[467]|Bytes:48
16:32:40.0 (4842696)|HEAP_ALLOCATE|[139]|Bytes:6
16:32:40.0 (4870589)|HEAP_ALLOCATE|[50]|Bytes:5
16:32:40.0 (4893066)|HEAP_ALLOCATE|[56]|Bytes:5
16:32:40.0 (4901000)|HEAP_ALLOCATE|[64]|Bytes:7
16:32:40.0 (8826693)|CODE_UNIT_FINISHED|VisualForce View State
16:32:40.0 (9750404)|EXECUTION_FINISHED
16:32:40.10 (10905222)|SYSTEM_MODE_ENTER|true
16:32:40.10 (10939379)|HEAP_ALLOCATE|[EXTERNAL]|Bytes:400
16:32:40.10 (10949901)|HEAP_ALLOCATE|[EXTERNAL]|Bytes:235
16:32:40.50 (50488118)|CUMULATIVE_LIMIT_USAGE
16:32:40.50 (50488118)|LIMIT_USAGE_FOR_NS|(default)|
  Number of SOQL queries: 0 out of 100
  Number of query rows: 0 out of 50000
  Number of SOSL queries: 0 out of 20
  Number of DML statements: 0 out of 150
  Number of DML rows: 0 out of 10000
  Maximum CPU time: 0 out of 10000
  Maximum heap size: 0 out of 6000000
  Number of callouts: 0 out of 100
  Number of Email Invocations: 0 out of 10
  Number of future calls: 0 out of 50
  Number of queueable jobs added to the queue: 0 out of 50
  Number of Mobile Apex push calls: 0 out of 10

16:32:40.50 (50488118)|CUMULATIVE_LIMIT_USAGE_END

