44.0 APEX_CODE,FINEST;APEX_PROFILING,INFO;CALLOUT,INFO;DB,INFO;NBA,INFO;SYSTEM,DEBUG;VALIDATION,INFO;VISUALFORCE,INFO;WAVE,INFO;WORKFLOW,INFO
15:00:53.0 (418746)|EXECUTION_STARTED
15:00:53.0 (445125)|CODE_UNIT_STARTED|[EXTERNAL]|VisualForce View State
15:00:53.0 (4864629)|HEAP_ALLOCATE|[72]|Bytes:3
15:00:53.0 (4931125)|HEAP_ALLOCATE|[77]|Bytes:152
15:00:53.0 (4956415)|HEAP_ALLOCATE|[342]|Bytes:408
15:00:53.0 (4979160)|HEAP_ALLOCATE|[355]|Bytes:408
15:00:53.0 (5000718)|HEAP_ALLOCATE|[467]|Bytes:48
15:00:53.0 (5036606)|HEAP_ALLOCATE|[139]|Bytes:6
15:00:53.0 (5068462)|HEAP_ALLOCATE|[50]|Bytes:5
15:00:53.0 (5092511)|HEAP_ALLOCATE|[56]|Bytes:5
15:00:53.0 (5101753)|HEAP_ALLOCATE|[64]|Bytes:7
15:00:53.0 (9959136)|CODE_UNIT_FINISHED|VisualForce View State
15:00:53.0 (11009578)|EXECUTION_FINISHED
15:00:53.12 (12380317)|SYSTEM_MODE_ENTER|true
15:00:53.12 (12419603)|HEAP_ALLOCATE|[EXTERNAL]|Bytes:400
15:00:53.12 (12432319)|HEAP_ALLOCATE|[EXTERNAL]|Bytes:235
15:00:53.53 (53044435)|CUMULATIVE_LIMIT_USAGE
15:00:53.53 (53044435)|LIMIT_USAGE_FOR_NS|(default)|
  Number of SOQL queries: 0 out of 100
  Number of query rows: 0 out of 50000
  Number of SOSL queries: 0 out of 20
  Number of DML statements: 0 out of 150
  Number of DML rows: 0 out of 10000
  Maximum CPU time: 0 out of 10000
  Maximum heap size: 0 out of 6000000
  Number of callouts: 0 out of 100
  Number of Email Invocations: 0 out of 10
  Number of future calls: 0 out of 50
  Number of queueable jobs added to the queue: 0 out of 50
  Number of Mobile Apex push calls: 0 out of 10

15:00:53.53 (53044435)|CUMULATIVE_LIMIT_USAGE_END

