44.0 APEX_CODE,FINEST;APEX_PROFILING,INFO;CALLOUT,INFO;DB,INFO;NBA,INFO;SYSTEM,DEBUG;VALIDATION,INFO;VISUALFORCE,INFO;WAVE,INFO;WORKFLOW,INFO
15:32:16.0 (306295)|EXECUTION_STARTED
15:32:16.0 (327326)|CODE_UNIT_STARTED|[EXTERNAL]|VisualForce View State
15:32:16.0 (4619779)|HEAP_ALLOCATE|[72]|Bytes:3
15:32:16.0 (4668003)|HEAP_ALLOCATE|[77]|Bytes:152
15:32:16.0 (4682870)|HEAP_ALLOCATE|[342]|Bytes:408
15:32:16.0 (4695862)|HEAP_ALLOCATE|[355]|Bytes:408
15:32:16.0 (4706109)|HEAP_ALLOCATE|[467]|Bytes:48
15:32:16.0 (4729982)|HEAP_ALLOCATE|[139]|Bytes:6
15:32:16.0 (4753651)|HEAP_ALLOCATE|[50]|Bytes:5
15:32:16.0 (4772045)|HEAP_ALLOCATE|[56]|Bytes:5
15:32:16.0 (4780017)|HEAP_ALLOCATE|[64]|Bytes:7
15:32:16.0 (8526061)|CODE_UNIT_FINISHED|VisualForce View State
15:32:16.0 (9442747)|EXECUTION_FINISHED
15:32:16.10 (10635210)|SYSTEM_MODE_ENTER|true
15:32:16.10 (10670116)|HEAP_ALLOCATE|[EXTERNAL]|Bytes:400
15:32:16.10 (10679444)|HEAP_ALLOCATE|[EXTERNAL]|Bytes:235
15:32:16.46 (46822133)|CUMULATIVE_LIMIT_USAGE
15:32:16.46 (46822133)|LIMIT_USAGE_FOR_NS|(default)|
  Number of SOQL queries: 0 out of 100
  Number of query rows: 0 out of 50000
  Number of SOSL queries: 0 out of 20
  Number of DML statements: 0 out of 150
  Number of DML rows: 0 out of 10000
  Maximum CPU time: 0 out of 10000
  Maximum heap size: 0 out of 6000000
  Number of callouts: 0 out of 100
  Number of Email Invocations: 0 out of 10
  Number of future calls: 0 out of 50
  Number of queueable jobs added to the queue: 0 out of 50
  Number of Mobile Apex push calls: 0 out of 10

15:32:16.46 (46822133)|CUMULATIVE_LIMIT_USAGE_END

