44.0 APEX_CODE,FINEST;APEX_PROFILING,INFO;CALLOUT,INFO;DB,INFO;NBA,INFO;SYSTEM,DEBUG;VALIDATION,INFO;VISUALFORCE,INFO;WAVE,INFO;WORKFLOW,INFO
12:42:47.0 (427911)|EXECUTION_STARTED
12:42:47.0 (461191)|CODE_UNIT_STARTED|[EXTERNAL]|VisualForce View State
12:42:47.0 (6344710)|HEAP_ALLOCATE|[72]|Bytes:3
12:42:47.0 (6434765)|HEAP_ALLOCATE|[77]|Bytes:152
12:42:47.0 (6462578)|HEAP_ALLOCATE|[342]|Bytes:408
12:42:47.0 (6490005)|HEAP_ALLOCATE|[355]|Bytes:408
12:42:47.0 (6510922)|HEAP_ALLOCATE|[467]|Bytes:48
12:42:47.0 (6552792)|HEAP_ALLOCATE|[139]|Bytes:6
12:42:47.0 (6594867)|HEAP_ALLOCATE|[50]|Bytes:5
12:42:47.0 (6627298)|HEAP_ALLOCATE|[56]|Bytes:5
12:42:47.0 (6643657)|HEAP_ALLOCATE|[64]|Bytes:7
12:42:47.0 (11458756)|CODE_UNIT_FINISHED|VisualForce View State
12:42:47.0 (12544226)|EXECUTION_FINISHED
12:42:47.14 (14217505)|SYSTEM_MODE_ENTER|true
12:42:47.14 (14259369)|HEAP_ALLOCATE|[EXTERNAL]|Bytes:400
12:42:47.14 (14276814)|HEAP_ALLOCATE|[EXTERNAL]|Bytes:235
12:42:47.120 (120033095)|CUMULATIVE_LIMIT_USAGE
12:42:47.120 (120033095)|LIMIT_USAGE_FOR_NS|(default)|
  Number of SOQL queries: 0 out of 100
  Number of query rows: 0 out of 50000
  Number of SOSL queries: 0 out of 20
  Number of DML statements: 0 out of 150
  Number of DML rows: 0 out of 10000
  Maximum CPU time: 0 out of 10000
  Maximum heap size: 0 out of 6000000
  Number of callouts: 0 out of 100
  Number of Email Invocations: 0 out of 10
  Number of future calls: 0 out of 50
  Number of queueable jobs added to the queue: 0 out of 50
  Number of Mobile Apex push calls: 0 out of 10

12:42:47.120 (120033095)|CUMULATIVE_LIMIT_USAGE_END

