42.0 APEX_CODE,FINEST;APEX_PROFILING,INFO;CALLOUT,INFO;DB,INFO;NBA,INFO;SYSTEM,DEBUG;VALIDATION,INFO;VISUALFORCE,INFO;WAVE,INFO;WORKFLOW,INFO
12:34:59.0 (293256)|USER_INFO|[EXTERNAL]|00518000002hPQO|matthew.billups@matsonmoney.com.mbill|Mountain Standard Time|GMT-07:00
12:34:59.0 (336421)|EXECUTION_STARTED
12:34:59.0 (340952)|CODE_UNIT_STARTED|[EXTERNAL]|01pm0000000Yfah|fflib_MethodArgValuesTest.equalsReturnsExpectedResults()
12:34:59.0 (796766)|HEAP_ALLOCATE|[72]|Bytes:3
12:34:59.0 (839550)|HEAP_ALLOCATE|[77]|Bytes:152
12:34:59.0 (864505)|HEAP_ALLOCATE|[342]|Bytes:408
12:34:59.0 (881737)|HEAP_ALLOCATE|[355]|Bytes:408
12:34:59.0 (896711)|HEAP_ALLOCATE|[467]|Bytes:48
12:34:59.0 (927359)|HEAP_ALLOCATE|[139]|Bytes:6
12:34:59.0 (944140)|HEAP_ALLOCATE|[EXTERNAL]|Bytes:166
12:34:59.0 (968346)|METHOD_ENTRY|[27]|01pm0000000Yfah|fflib_MethodArgValuesTest.fflib_MethodArgValuesTest()
12:34:59.0 (975155)|STATEMENT_EXECUTE|[27]
12:34:59.0 (979753)|STATEMENT_EXECUTE|[27]
12:34:59.0 (1008931)|HEAP_ALLOCATE|[50]|Bytes:5
12:34:59.0 (1036376)|HEAP_ALLOCATE|[56]|Bytes:5
12:34:59.0 (1046089)|HEAP_ALLOCATE|[64]|Bytes:7
12:34:59.0 (1389832)|SYSTEM_MODE_ENTER|false
12:34:59.0 (1409756)|HEAP_ALLOCATE|[EXTERNAL]|Bytes:5
12:34:59.0 (1418543)|SYSTEM_MODE_EXIT|false
12:34:59.0 (1427274)|METHOD_EXIT|[27]|fflib_MethodArgValuesTest
12:34:59.0 (1539426)|SYSTEM_MODE_ENTER|false
12:34:59.0 (1546631)|HEAP_ALLOCATE|[33]|Bytes:5
12:34:59.0 (1551166)|STATEMENT_EXECUTE|[31]
12:34:59.0 (1553385)|STATEMENT_EXECUTE|[33]
12:34:59.0 (1623736)|HEAP_ALLOCATE|[33]|Bytes:8
12:34:59.0 (1634581)|METHOD_ENTRY|[26]|01pm0000000Yfag|fflib_MethodArgValues.fflib_MethodArgValues()
12:34:59.0 (1640206)|STATEMENT_EXECUTE|[26]
12:34:59.0 (1642887)|STATEMENT_EXECUTE|[26]
12:34:59.0 (1647946)|HEAP_ALLOCATE|[33]|Bytes:5
12:34:59.0 (1654834)|METHOD_EXIT|[26]|fflib_MethodArgValues
12:34:59.0 (1662343)|HEAP_ALLOCATE|[33]|Bytes:8
12:34:59.0 (1704978)|HEAP_ALLOCATE|[33]|Bytes:4
12:34:59.0 (1746673)|HEAP_ALLOCATE|[33]|Bytes:5
12:34:59.0 (1768585)|CONSTRUCTOR_ENTRY|[33]|01pm0000000Yfag|<init>(List<ANY>)|fflib_MethodArgValues
12:34:59.0 (1781027)|VARIABLE_SCOPE_BEGIN|[36]|this|fflib_MethodArgValues|true|false
12:34:59.0 (1823607)|VARIABLE_ASSIGNMENT|[36]|this|{}|0x5d49373
12:34:59.0 (1831078)|VARIABLE_SCOPE_BEGIN|[36]|argValues|List<ANY>|true|false
12:34:59.0 (1869612)|HEAP_ALLOCATE|[EXTERNAL]|Bytes:8
12:34:59.0 (1917144)|VARIABLE_ASSIGNMENT|[36]|argValues|["hello"]|0x373fa5a
12:34:59.0 (1930031)|HEAP_ALLOCATE|[38]|Bytes:5
12:34:59.0 (1934547)|STATEMENT_EXECUTE|[26]
12:34:59.0 (1937267)|HEAP_ALLOCATE|[38]|Bytes:5
12:34:59.0 (1940105)|STATEMENT_EXECUTE|[28]
12:34:59.0 (1949797)|HEAP_ALLOCATE|[38]|Bytes:6
12:34:59.0 (1985808)|STATEMENT_EXECUTE|[37]
12:34:59.0 (1987762)|STATEMENT_EXECUTE|[38]
12:34:59.0 (2001250)|VARIABLE_ASSIGNMENT|[38]|this.argValues|["hello"]|0x5d49373
12:34:59.0 (2018006)|CONSTRUCTOR_EXIT|[33]|01pm0000000Yfag|<init>(List<ANY>)|fflib_MethodArgValues
12:34:59.0 (2026800)|VARIABLE_SCOPE_BEGIN|[33]|qm1|fflib_MethodArgValues|true|false
12:34:59.0 (2063373)|VARIABLE_ASSIGNMENT|[33]|qm1|{"argValues":"0x373fa5a"}|0x5d49373
12:34:59.0 (2070786)|STATEMENT_EXECUTE|[34]
12:34:59.0 (2075639)|HEAP_ALLOCATE|[34]|Bytes:8
12:34:59.0 (2085589)|HEAP_ALLOCATE|[34]|Bytes:4
12:34:59.0 (2112147)|CONSTRUCTOR_ENTRY|[34]|01pm0000000Yfag|<init>(List<ANY>)|fflib_MethodArgValues
12:34:59.0 (2123682)|VARIABLE_SCOPE_BEGIN|[36]|this|fflib_MethodArgValues|true|false
12:34:59.0 (2137322)|VARIABLE_ASSIGNMENT|[36]|this|{}|0x73afc506
12:34:59.0 (2143438)|VARIABLE_SCOPE_BEGIN|[36]|argValues|List<ANY>|true|false
12:34:59.0 (2159592)|HEAP_ALLOCATE|[EXTERNAL]|Bytes:8
12:34:59.0 (2167760)|VARIABLE_ASSIGNMENT|[36]|argValues|["hello"]|0x26a4748f
12:34:59.0 (2181506)|HEAP_ALLOCATE|[38]|Bytes:5
12:34:59.0 (2186140)|STATEMENT_EXECUTE|[26]
12:34:59.0 (2188867)|HEAP_ALLOCATE|[38]|Bytes:5
12:34:59.0 (2191665)|STATEMENT_EXECUTE|[28]
12:34:59.0 (2202686)|STATEMENT_EXECUTE|[37]
12:34:59.0 (2204294)|STATEMENT_EXECUTE|[38]
12:34:59.0 (2212252)|VARIABLE_ASSIGNMENT|[38]|this.argValues|["hello"]|0x73afc506
12:34:59.0 (2221824)|CONSTRUCTOR_EXIT|[34]|01pm0000000Yfag|<init>(List<ANY>)|fflib_MethodArgValues
12:34:59.0 (2230484)|VARIABLE_SCOPE_BEGIN|[34]|qm2|fflib_MethodArgValues|true|false
12:34:59.0 (2259450)|VARIABLE_ASSIGNMENT|[34]|qm2|{"argValues":"0x26a4748f"}|0x73afc506
12:34:59.0 (2265924)|STATEMENT_EXECUTE|[35]
12:34:59.0 (2270010)|HEAP_ALLOCATE|[35]|Bytes:8
12:34:59.0 (2278712)|HEAP_ALLOCATE|[35]|Bytes:4
12:34:59.0 (2297844)|HEAP_ALLOCATE|[35]|Bytes:2
12:34:59.0 (2309119)|CONSTRUCTOR_ENTRY|[35]|01pm0000000Yfag|<init>(List<ANY>)|fflib_MethodArgValues
12:34:59.0 (2315855)|VARIABLE_SCOPE_BEGIN|[36]|this|fflib_MethodArgValues|true|false
12:34:59.0 (2329215)|VARIABLE_ASSIGNMENT|[36]|this|{}|0x7ca2423
12:34:59.0 (2334051)|VARIABLE_SCOPE_BEGIN|[36]|argValues|List<ANY>|true|false
12:34:59.0 (2349128)|HEAP_ALLOCATE|[EXTERNAL]|Bytes:8
12:34:59.0 (2361310)|VARIABLE_ASSIGNMENT|[36]|argValues|["hi"]|0x1bf7bfaa
12:34:59.0 (2371253)|HEAP_ALLOCATE|[38]|Bytes:5
12:34:59.0 (2375865)|STATEMENT_EXECUTE|[26]
12:34:59.0 (2378187)|HEAP_ALLOCATE|[38]|Bytes:5
12:34:59.0 (2381723)|STATEMENT_EXECUTE|[28]
12:34:59.0 (2391842)|STATEMENT_EXECUTE|[37]
12:34:59.0 (2393564)|STATEMENT_EXECUTE|[38]
12:34:59.0 (2403050)|VARIABLE_ASSIGNMENT|[38]|this.argValues|["hi"]|0x7ca2423
12:34:59.0 (2413007)|CONSTRUCTOR_EXIT|[35]|01pm0000000Yfag|<init>(List<ANY>)|fflib_MethodArgValues
12:34:59.0 (2419506)|VARIABLE_SCOPE_BEGIN|[35]|qm3|fflib_MethodArgValues|true|false
12:34:59.0 (2438964)|VARIABLE_ASSIGNMENT|[35]|qm3|{"argValues":"0x1bf7bfaa"}|0x7ca2423
12:34:59.0 (2445249)|STATEMENT_EXECUTE|[36]
12:34:59.0 (2449045)|HEAP_ALLOCATE|[36]|Bytes:8
12:34:59.0 (2460154)|HEAP_ALLOCATE|[36]|Bytes:4
12:34:59.0 (2484141)|CONSTRUCTOR_ENTRY|[36]|01pm0000000Yfag|<init>(List<ANY>)|fflib_MethodArgValues
12:34:59.0 (2491228)|VARIABLE_SCOPE_BEGIN|[36]|this|fflib_MethodArgValues|true|false
12:34:59.0 (2503090)|VARIABLE_ASSIGNMENT|[36]|this|{}|0x167dce27
12:34:59.0 (2509463)|VARIABLE_SCOPE_BEGIN|[36]|argValues|List<ANY>|true|false
12:34:59.0 (2526312)|HEAP_ALLOCATE|[EXTERNAL]|Bytes:16
12:34:59.0 (2536299)|VARIABLE_ASSIGNMENT|[36]|argValues|["hello","hello","hello"]|0x13f8c06b
12:34:59.0 (2545775)|HEAP_ALLOCATE|[38]|Bytes:5
12:34:59.0 (2549539)|STATEMENT_EXECUTE|[26]
12:34:59.0 (2552134)|HEAP_ALLOCATE|[38]|Bytes:5
12:34:59.0 (2554596)|STATEMENT_EXECUTE|[28]
12:34:59.0 (2565127)|STATEMENT_EXECUTE|[37]
12:34:59.0 (2567359)|STATEMENT_EXECUTE|[38]
12:34:59.0 (2577209)|VARIABLE_ASSIGNMENT|[38]|this.argValues|["hello","hello","hello"]|0x167dce27
12:34:59.0 (2587108)|CONSTRUCTOR_EXIT|[36]|01pm0000000Yfag|<init>(List<ANY>)|fflib_MethodArgValues
12:34:59.0 (2593532)|VARIABLE_SCOPE_BEGIN|[36]|qm4|fflib_MethodArgValues|true|false
12:34:59.0 (2612496)|VARIABLE_ASSIGNMENT|[36]|qm4|{"argValues":"0x13f8c06b"}|0x167dce27
12:34:59.0 (2619178)|STATEMENT_EXECUTE|[37]
12:34:59.0 (2623642)|HEAP_ALLOCATE|[37]|Bytes:8
12:34:59.0 (2633493)|HEAP_ALLOCATE|[37]|Bytes:4
12:34:59.0 (2650301)|CONSTRUCTOR_ENTRY|[37]|01pm0000000Yfag|<init>(List<ANY>)|fflib_MethodArgValues
12:34:59.0 (2656960)|VARIABLE_SCOPE_BEGIN|[36]|this|fflib_MethodArgValues|true|false
12:34:59.0 (2669315)|VARIABLE_ASSIGNMENT|[36]|this|{}|0x45c5050b
12:34:59.0 (2674515)|VARIABLE_SCOPE_BEGIN|[36]|argValues|List<ANY>|true|false
12:34:59.0 (2690576)|HEAP_ALLOCATE|[EXTERNAL]|Bytes:4
12:34:59.0 (2696915)|VARIABLE_ASSIGNMENT|[36]|argValues|[]|0x6369e8f6
12:34:59.0 (2704706)|HEAP_ALLOCATE|[38]|Bytes:5
12:34:59.0 (2709151)|STATEMENT_EXECUTE|[26]
12:34:59.0 (2711444)|HEAP_ALLOCATE|[38]|Bytes:5
12:34:59.0 (2714459)|STATEMENT_EXECUTE|[28]
12:34:59.0 (2723395)|STATEMENT_EXECUTE|[37]
12:34:59.0 (2724948)|STATEMENT_EXECUTE|[38]
12:34:59.0 (2730416)|VARIABLE_ASSIGNMENT|[38]|this.argValues|[]|0x45c5050b
12:34:59.0 (2742590)|CONSTRUCTOR_EXIT|[37]|01pm0000000Yfag|<init>(List<ANY>)|fflib_MethodArgValues
12:34:59.0 (2748713)|VARIABLE_SCOPE_BEGIN|[37]|qm5|fflib_MethodArgValues|true|false
12:34:59.0 (2766869)|VARIABLE_ASSIGNMENT|[37]|qm5|{"argValues":"0x6369e8f6"}|0x45c5050b
12:34:59.0 (2772844)|STATEMENT_EXECUTE|[38]
12:34:59.0 (2776335)|HEAP_ALLOCATE|[38]|Bytes:8
12:34:59.0 (2783504)|CONSTRUCTOR_ENTRY|[38]|01pm0000000Yfag|<init>(List<ANY>)|fflib_MethodArgValues
12:34:59.0 (2806061)|VARIABLE_SCOPE_BEGIN|[36]|this|fflib_MethodArgValues|true|false
12:34:59.0 (2819169)|VARIABLE_ASSIGNMENT|[36]|this|{}|0x1b9d0e4a
12:34:59.0 (2824374)|VARIABLE_SCOPE_BEGIN|[36]|argValues|List<ANY>|true|false
12:34:59.0 (2832350)|VARIABLE_ASSIGNMENT|[36]|argValues|null|
12:34:59.0 (2839824)|HEAP_ALLOCATE|[38]|Bytes:5
12:34:59.0 (2845313)|STATEMENT_EXECUTE|[26]
12:34:59.0 (2848723)|HEAP_ALLOCATE|[38]|Bytes:5
12:34:59.0 (2858299)|STATEMENT_EXECUTE|[28]
12:34:59.0 (2867968)|STATEMENT_EXECUTE|[37]
12:34:59.0 (2869722)|STATEMENT_EXECUTE|[38]
12:34:59.0 (2875105)|VARIABLE_ASSIGNMENT|[38]|this.argValues|null|0x1b9d0e4a
12:34:59.0 (2884026)|CONSTRUCTOR_EXIT|[38]|01pm0000000Yfag|<init>(List<ANY>)|fflib_MethodArgValues
12:34:59.0 (2890407)|VARIABLE_SCOPE_BEGIN|[38]|qm6|fflib_MethodArgValues|true|false
12:34:59.0 (2902660)|VARIABLE_ASSIGNMENT|[38]|qm6|{}|0x1b9d0e4a
12:34:59.0 (2910898)|STATEMENT_EXECUTE|[41]
12:34:59.0 (2963829)|VARIABLE_ASSIGNMENT|[EXTERNAL]|this|{"argValues":"0x373fa5a"}|0x5d49373
12:34:59.0 (2977879)|VARIABLE_ASSIGNMENT|[EXTERNAL]|object|{"argValues":"0x373fa5a"}
12:34:59.0 (2992689)|METHOD_ENTRY|[EXTERNAL]|01pm0000000Yfag|fflib_MethodArgValues.equals(Object)
12:34:59.0 (3004630)|VARIABLE_SCOPE_BEGIN|[46]|this|fflib_MethodArgValues|true|false
12:34:59.0 (3020662)|VARIABLE_ASSIGNMENT|[46]|this|{"argValues":"0x373fa5a"}|0x5d49373
12:34:59.0 (3027403)|VARIABLE_SCOPE_BEGIN|[46]|other|Object|false|false
12:34:59.0 (3037724)|VARIABLE_ASSIGNMENT|[46]|other|{"argValues":"0x373fa5a"}
12:34:59.0 (3051076)|HEAP_ALLOCATE|[48]|Bytes:5
12:34:59.0 (3056210)|STATEMENT_EXECUTE|[47]
12:34:59.0 (3060013)|STATEMENT_EXECUTE|[49]
12:34:59.0 (3061459)|STATEMENT_EXECUTE|[50]
12:34:59.0 (3064036)|HEAP_ALLOCATE|[50]|Bytes:5
12:34:59.0 (3074366)|METHOD_EXIT|[EXTERNAL]|01pm0000000Yfag|fflib_MethodArgValues.equals(Object)
12:34:59.0 (3089917)|STATEMENT_EXECUTE|[42]
12:34:59.0 (3117786)|VARIABLE_ASSIGNMENT|[EXTERNAL]|this|{"argValues":"0x373fa5a"}|0x5d49373
12:34:59.0 (3133330)|VARIABLE_ASSIGNMENT|[EXTERNAL]|object|{"argValues":"0x26a4748f"}
12:34:59.0 (3142497)|METHOD_ENTRY|[EXTERNAL]|01pm0000000Yfag|fflib_MethodArgValues.equals(Object)
12:34:59.0 (3148134)|VARIABLE_SCOPE_BEGIN|[46]|this|fflib_MethodArgValues|true|false
12:34:59.0 (3159340)|VARIABLE_ASSIGNMENT|[46]|this|{"argValues":"0x373fa5a"}|0x5d49373
12:34:59.0 (3164506)|VARIABLE_SCOPE_BEGIN|[46]|other|Object|false|false
12:34:59.0 (3173917)|VARIABLE_ASSIGNMENT|[46]|other|{"argValues":"0x26a4748f"}
12:34:59.0 (3185222)|HEAP_ALLOCATE|[48]|Bytes:5
12:34:59.0 (3190967)|STATEMENT_EXECUTE|[47]
12:34:59.0 (3193396)|STATEMENT_EXECUTE|[48]
12:34:59.0 (3195158)|STATEMENT_EXECUTE|[53]
12:34:59.0 (3197622)|HEAP_ALLOCATE|[53]|Bytes:21
12:34:59.0 (3222268)|VARIABLE_SCOPE_BEGIN|[53]|that|fflib_MethodArgValues|true|false
12:34:59.0 (3239066)|VARIABLE_ASSIGNMENT|[53]|that|{"argValues":"0x26a4748f"}|0x73afc506
12:34:59.0 (3247575)|STATEMENT_EXECUTE|[54]
12:34:59.0 (3323524)|HEAP_ALLOCATE|[54]|Bytes:5
12:34:59.0 (3333509)|METHOD_EXIT|[EXTERNAL]|01pm0000000Yfag|fflib_MethodArgValues.equals(Object)
12:34:59.0 (3344308)|STATEMENT_EXECUTE|[43]
12:34:59.0 (3383744)|VARIABLE_ASSIGNMENT|[EXTERNAL]|this|{"argValues":"0x373fa5a"}|0x5d49373
12:34:59.0 (3396812)|VARIABLE_ASSIGNMENT|[EXTERNAL]|object|{"argValues":"0x1bf7bfaa"}
12:34:59.0 (3404625)|METHOD_ENTRY|[EXTERNAL]|01pm0000000Yfag|fflib_MethodArgValues.equals(Object)
12:34:59.0 (3412411)|VARIABLE_SCOPE_BEGIN|[46]|this|fflib_MethodArgValues|true|false
12:34:59.0 (3425728)|VARIABLE_ASSIGNMENT|[46]|this|{"argValues":"0x373fa5a"}|0x5d49373
12:34:59.0 (3431161)|VARIABLE_SCOPE_BEGIN|[46]|other|Object|false|false
12:34:59.0 (3440936)|VARIABLE_ASSIGNMENT|[46]|other|{"argValues":"0x1bf7bfaa"}
12:34:59.0 (3453079)|HEAP_ALLOCATE|[48]|Bytes:5
12:34:59.0 (3457029)|STATEMENT_EXECUTE|[47]
12:34:59.0 (3459263)|STATEMENT_EXECUTE|[48]
12:34:59.0 (3460756)|STATEMENT_EXECUTE|[53]
12:34:59.0 (3475341)|VARIABLE_SCOPE_BEGIN|[53]|that|fflib_MethodArgValues|true|false
12:34:59.0 (3490816)|VARIABLE_ASSIGNMENT|[53]|that|{"argValues":"0x1bf7bfaa"}|0x7ca2423
12:34:59.0 (3496734)|STATEMENT_EXECUTE|[54]
12:34:59.0 (3523440)|HEAP_ALLOCATE|[54]|Bytes:5
12:34:59.0 (3533379)|METHOD_EXIT|[EXTERNAL]|01pm0000000Yfag|fflib_MethodArgValues.equals(Object)
12:34:59.0 (3545241)|STATEMENT_EXECUTE|[44]
12:34:59.0 (3573105)|VARIABLE_ASSIGNMENT|[EXTERNAL]|this|{"argValues":"0x373fa5a"}|0x5d49373
12:34:59.0 (3589400)|VARIABLE_ASSIGNMENT|[EXTERNAL]|object|{"argValues":"0x13f8c06b"}
12:34:59.0 (3597597)|METHOD_ENTRY|[EXTERNAL]|01pm0000000Yfag|fflib_MethodArgValues.equals(Object)
12:34:59.0 (3603476)|VARIABLE_SCOPE_BEGIN|[46]|this|fflib_MethodArgValues|true|false
12:34:59.0 (3615711)|VARIABLE_ASSIGNMENT|[46]|this|{"argValues":"0x373fa5a"}|0x5d49373
12:34:59.0 (3620423)|VARIABLE_SCOPE_BEGIN|[46]|other|Object|false|false
12:34:59.0 (3630925)|VARIABLE_ASSIGNMENT|[46]|other|{"argValues":"0x13f8c06b"}
12:34:59.0 (3644833)|HEAP_ALLOCATE|[48]|Bytes:5
12:34:59.0 (3649217)|STATEMENT_EXECUTE|[47]
12:34:59.0 (3651399)|STATEMENT_EXECUTE|[48]
12:34:59.0 (3653312)|STATEMENT_EXECUTE|[53]
12:34:59.0 (3664179)|VARIABLE_SCOPE_BEGIN|[53]|that|fflib_MethodArgValues|true|false
12:34:59.0 (3679597)|VARIABLE_ASSIGNMENT|[53]|that|{"argValues":"0x13f8c06b"}|0x167dce27
12:34:59.0 (3684744)|STATEMENT_EXECUTE|[54]
12:34:59.0 (3710284)|HEAP_ALLOCATE|[54]|Bytes:5
12:34:59.0 (3717867)|METHOD_EXIT|[EXTERNAL]|01pm0000000Yfag|fflib_MethodArgValues.equals(Object)
12:34:59.0 (3728117)|STATEMENT_EXECUTE|[45]
12:34:59.0 (3757300)|VARIABLE_ASSIGNMENT|[EXTERNAL]|this|{"argValues":"0x373fa5a"}|0x5d49373
12:34:59.0 (3769280)|VARIABLE_ASSIGNMENT|[EXTERNAL]|object|{"argValues":"0x6369e8f6"}
12:34:59.0 (3777709)|METHOD_ENTRY|[EXTERNAL]|01pm0000000Yfag|fflib_MethodArgValues.equals(Object)
12:34:59.0 (3783497)|VARIABLE_SCOPE_BEGIN|[46]|this|fflib_MethodArgValues|true|false
12:34:59.0 (3795646)|VARIABLE_ASSIGNMENT|[46]|this|{"argValues":"0x373fa5a"}|0x5d49373
12:34:59.0 (3801514)|VARIABLE_SCOPE_BEGIN|[46]|other|Object|false|false
12:34:59.0 (3815348)|VARIABLE_ASSIGNMENT|[46]|other|{"argValues":"0x6369e8f6"}
12:34:59.0 (3827504)|HEAP_ALLOCATE|[48]|Bytes:5
12:34:59.0 (3831794)|STATEMENT_EXECUTE|[47]
12:34:59.0 (3833971)|STATEMENT_EXECUTE|[48]
12:34:59.0 (3835427)|STATEMENT_EXECUTE|[53]
12:34:59.0 (3845320)|VARIABLE_SCOPE_BEGIN|[53]|that|fflib_MethodArgValues|true|false
12:34:59.0 (3866345)|VARIABLE_ASSIGNMENT|[53]|that|{"argValues":"0x6369e8f6"}|0x45c5050b
12:34:59.0 (3872878)|STATEMENT_EXECUTE|[54]
12:34:59.0 (3895030)|HEAP_ALLOCATE|[54]|Bytes:5
12:34:59.0 (3902304)|METHOD_EXIT|[EXTERNAL]|01pm0000000Yfag|fflib_MethodArgValues.equals(Object)
12:34:59.0 (3912872)|STATEMENT_EXECUTE|[46]
12:34:59.0 (3942347)|VARIABLE_ASSIGNMENT|[EXTERNAL]|this|{"argValues":"0x373fa5a"}|0x5d49373
12:34:59.0 (3952563)|VARIABLE_ASSIGNMENT|[EXTERNAL]|object|{}
12:34:59.0 (3959531)|METHOD_ENTRY|[EXTERNAL]|01pm0000000Yfag|fflib_MethodArgValues.equals(Object)
12:34:59.0 (3964872)|VARIABLE_SCOPE_BEGIN|[46]|this|fflib_MethodArgValues|true|false
12:34:59.0 (3981182)|VARIABLE_ASSIGNMENT|[46]|this|{"argValues":"0x373fa5a"}|0x5d49373
12:34:59.0 (3986960)|VARIABLE_SCOPE_BEGIN|[46]|other|Object|false|false
12:34:59.0 (3995437)|VARIABLE_ASSIGNMENT|[46]|other|{}
12:34:59.0 (4005848)|HEAP_ALLOCATE|[48]|Bytes:5
12:34:59.0 (4010362)|STATEMENT_EXECUTE|[47]
12:34:59.0 (4012809)|STATEMENT_EXECUTE|[48]
12:34:59.0 (4014332)|STATEMENT_EXECUTE|[53]
12:34:59.0 (4024390)|VARIABLE_SCOPE_BEGIN|[53]|that|fflib_MethodArgValues|true|false
12:34:59.0 (4039145)|VARIABLE_ASSIGNMENT|[53]|that|{}|0x1b9d0e4a
12:34:59.0 (4044468)|STATEMENT_EXECUTE|[54]
12:34:59.0 (4049540)|HEAP_ALLOCATE|[54]|Bytes:5
12:34:59.0 (4056299)|METHOD_EXIT|[EXTERNAL]|01pm0000000Yfag|fflib_MethodArgValues.equals(Object)
12:34:59.0 (4066843)|STATEMENT_EXECUTE|[48]
12:34:59.0 (4094180)|VARIABLE_ASSIGNMENT|[EXTERNAL]|this|{"argValues":"0x26a4748f"}|0x73afc506
12:34:59.0 (4105751)|VARIABLE_ASSIGNMENT|[EXTERNAL]|object|{"argValues":"0x26a4748f"}
12:34:59.0 (4113359)|METHOD_ENTRY|[EXTERNAL]|01pm0000000Yfag|fflib_MethodArgValues.equals(Object)
12:34:59.0 (4119169)|VARIABLE_SCOPE_BEGIN|[46]|this|fflib_MethodArgValues|true|false
12:34:59.0 (4130830)|VARIABLE_ASSIGNMENT|[46]|this|{"argValues":"0x26a4748f"}|0x73afc506
12:34:59.0 (4135900)|VARIABLE_SCOPE_BEGIN|[46]|other|Object|false|false
12:34:59.0 (4150174)|VARIABLE_ASSIGNMENT|[46]|other|{"argValues":"0x26a4748f"}
12:34:59.0 (4160304)|HEAP_ALLOCATE|[48]|Bytes:5
12:34:59.0 (4164410)|STATEMENT_EXECUTE|[47]
12:34:59.0 (4166572)|STATEMENT_EXECUTE|[49]
12:34:59.0 (4167993)|STATEMENT_EXECUTE|[50]
12:34:59.0 (4170382)|HEAP_ALLOCATE|[50]|Bytes:5
12:34:59.0 (4176425)|METHOD_EXIT|[EXTERNAL]|01pm0000000Yfag|fflib_MethodArgValues.equals(Object)
12:34:59.0 (4186034)|STATEMENT_EXECUTE|[49]
12:34:59.0 (4213097)|VARIABLE_ASSIGNMENT|[EXTERNAL]|this|{"argValues":"0x26a4748f"}|0x73afc506
12:34:59.0 (4224751)|VARIABLE_ASSIGNMENT|[EXTERNAL]|object|{"argValues":"0x1bf7bfaa"}
12:34:59.0 (4231412)|METHOD_ENTRY|[EXTERNAL]|01pm0000000Yfag|fflib_MethodArgValues.equals(Object)
12:34:59.0 (4236828)|VARIABLE_SCOPE_BEGIN|[46]|this|fflib_MethodArgValues|true|false
12:34:59.0 (4248986)|VARIABLE_ASSIGNMENT|[46]|this|{"argValues":"0x26a4748f"}|0x73afc506
12:34:59.0 (4257193)|VARIABLE_SCOPE_BEGIN|[46]|other|Object|false|false
12:34:59.0 (4268801)|VARIABLE_ASSIGNMENT|[46]|other|{"argValues":"0x1bf7bfaa"}
12:34:59.0 (4278793)|HEAP_ALLOCATE|[48]|Bytes:5
12:34:59.0 (4282526)|STATEMENT_EXECUTE|[47]
12:34:59.0 (4284641)|STATEMENT_EXECUTE|[48]
12:34:59.0 (4286116)|STATEMENT_EXECUTE|[53]
12:34:59.0 (4295611)|VARIABLE_SCOPE_BEGIN|[53]|that|fflib_MethodArgValues|true|false
12:34:59.0 (4311030)|VARIABLE_ASSIGNMENT|[53]|that|{"argValues":"0x1bf7bfaa"}|0x7ca2423
12:34:59.0 (4317740)|STATEMENT_EXECUTE|[54]
12:34:59.0 (4336978)|HEAP_ALLOCATE|[54]|Bytes:5
12:34:59.0 (4343992)|METHOD_EXIT|[EXTERNAL]|01pm0000000Yfag|fflib_MethodArgValues.equals(Object)
12:34:59.0 (4353072)|STATEMENT_EXECUTE|[50]
12:34:59.0 (4381696)|VARIABLE_ASSIGNMENT|[EXTERNAL]|this|{"argValues":"0x26a4748f"}|0x73afc506
12:34:59.0 (4393149)|VARIABLE_ASSIGNMENT|[EXTERNAL]|object|{"argValues":"0x13f8c06b"}
12:34:59.0 (4400577)|METHOD_ENTRY|[EXTERNAL]|01pm0000000Yfag|fflib_MethodArgValues.equals(Object)
12:34:59.0 (4406018)|VARIABLE_SCOPE_BEGIN|[46]|this|fflib_MethodArgValues|true|false
12:34:59.0 (4417357)|VARIABLE_ASSIGNMENT|[46]|this|{"argValues":"0x26a4748f"}|0x73afc506
12:34:59.0 (4425732)|VARIABLE_SCOPE_BEGIN|[46]|other|Object|false|false
12:34:59.0 (4437178)|VARIABLE_ASSIGNMENT|[46]|other|{"argValues":"0x13f8c06b"}
12:34:59.0 (4447094)|HEAP_ALLOCATE|[48]|Bytes:5
12:34:59.0 (4450625)|STATEMENT_EXECUTE|[47]
12:34:59.0 (4453167)|STATEMENT_EXECUTE|[48]
12:34:59.0 (4454625)|STATEMENT_EXECUTE|[53]
12:34:59.0 (4463759)|VARIABLE_SCOPE_BEGIN|[53]|that|fflib_MethodArgValues|true|false
12:34:59.0 (4480816)|VARIABLE_ASSIGNMENT|[53]|that|{"argValues":"0x13f8c06b"}|0x167dce27
12:34:59.0 (4487387)|STATEMENT_EXECUTE|[54]
12:34:59.0 (4505519)|HEAP_ALLOCATE|[54]|Bytes:5
12:34:59.0 (4511916)|METHOD_EXIT|[EXTERNAL]|01pm0000000Yfag|fflib_MethodArgValues.equals(Object)
12:34:59.0 (4520934)|STATEMENT_EXECUTE|[51]
12:34:59.0 (4548259)|VARIABLE_ASSIGNMENT|[EXTERNAL]|this|{"argValues":"0x26a4748f"}|0x73afc506
12:34:59.0 (4560901)|VARIABLE_ASSIGNMENT|[EXTERNAL]|object|{"argValues":"0x6369e8f6"}
12:34:59.0 (4568293)|METHOD_ENTRY|[EXTERNAL]|01pm0000000Yfag|fflib_MethodArgValues.equals(Object)
12:34:59.0 (4573355)|VARIABLE_SCOPE_BEGIN|[46]|this|fflib_MethodArgValues|true|false
12:34:59.0 (4584636)|VARIABLE_ASSIGNMENT|[46]|this|{"argValues":"0x26a4748f"}|0x73afc506
12:34:59.0 (4592834)|VARIABLE_SCOPE_BEGIN|[46]|other|Object|false|false
12:34:59.0 (4604476)|VARIABLE_ASSIGNMENT|[46]|other|{"argValues":"0x6369e8f6"}
12:34:59.0 (4614568)|HEAP_ALLOCATE|[48]|Bytes:5
12:34:59.0 (4618248)|STATEMENT_EXECUTE|[47]
12:34:59.0 (4620368)|STATEMENT_EXECUTE|[48]
12:34:59.0 (4621779)|STATEMENT_EXECUTE|[53]
12:34:59.0 (4630873)|VARIABLE_SCOPE_BEGIN|[53]|that|fflib_MethodArgValues|true|false
12:34:59.0 (4653330)|VARIABLE_ASSIGNMENT|[53]|that|{"argValues":"0x6369e8f6"}|0x45c5050b
12:34:59.0 (4659812)|STATEMENT_EXECUTE|[54]
12:34:59.0 (4677582)|HEAP_ALLOCATE|[54]|Bytes:5
12:34:59.0 (4684367)|METHOD_EXIT|[EXTERNAL]|01pm0000000Yfag|fflib_MethodArgValues.equals(Object)
12:34:59.0 (4693770)|STATEMENT_EXECUTE|[52]
12:34:59.0 (4722036)|VARIABLE_ASSIGNMENT|[EXTERNAL]|this|{"argValues":"0x26a4748f"}|0x73afc506
12:34:59.0 (4732385)|VARIABLE_ASSIGNMENT|[EXTERNAL]|object|{}
12:34:59.0 (4739613)|METHOD_ENTRY|[EXTERNAL]|01pm0000000Yfag|fflib_MethodArgValues.equals(Object)
12:34:59.0 (4744681)|VARIABLE_SCOPE_BEGIN|[46]|this|fflib_MethodArgValues|true|false
12:34:59.0 (4757753)|VARIABLE_ASSIGNMENT|[46]|this|{"argValues":"0x26a4748f"}|0x73afc506
12:34:59.0 (4765287)|VARIABLE_SCOPE_BEGIN|[46]|other|Object|false|false
12:34:59.0 (4774216)|VARIABLE_ASSIGNMENT|[46]|other|{}
12:34:59.0 (4783497)|HEAP_ALLOCATE|[48]|Bytes:5
12:34:59.0 (4787479)|STATEMENT_EXECUTE|[47]
12:34:59.0 (4789604)|STATEMENT_EXECUTE|[48]
12:34:59.0 (4791020)|STATEMENT_EXECUTE|[53]
12:34:59.0 (4800017)|VARIABLE_SCOPE_BEGIN|[53]|that|fflib_MethodArgValues|true|false
12:34:59.0 (4812975)|VARIABLE_ASSIGNMENT|[53]|that|{}|0x1b9d0e4a
12:34:59.0 (4821560)|STATEMENT_EXECUTE|[54]
12:34:59.0 (4826097)|HEAP_ALLOCATE|[54]|Bytes:5
12:34:59.0 (4832564)|METHOD_EXIT|[EXTERNAL]|01pm0000000Yfag|fflib_MethodArgValues.equals(Object)
12:34:59.0 (4842975)|STATEMENT_EXECUTE|[54]
12:34:59.0 (4874260)|VARIABLE_ASSIGNMENT|[EXTERNAL]|this|{"argValues":"0x1bf7bfaa"}|0x7ca2423
12:34:59.0 (4886099)|VARIABLE_ASSIGNMENT|[EXTERNAL]|object|{"argValues":"0x1bf7bfaa"}
12:34:59.0 (4893973)|METHOD_ENTRY|[EXTERNAL]|01pm0000000Yfag|fflib_MethodArgValues.equals(Object)
12:34:59.0 (4899455)|VARIABLE_SCOPE_BEGIN|[46]|this|fflib_MethodArgValues|true|false
12:34:59.0 (4909958)|VARIABLE_ASSIGNMENT|[46]|this|{"argValues":"0x1bf7bfaa"}|0x7ca2423
12:34:59.0 (4915794)|VARIABLE_SCOPE_BEGIN|[46]|other|Object|false|false
12:34:59.0 (4928884)|VARIABLE_ASSIGNMENT|[46]|other|{"argValues":"0x1bf7bfaa"}
12:34:59.0 (4941142)|HEAP_ALLOCATE|[48]|Bytes:5
12:34:59.0 (4945628)|STATEMENT_EXECUTE|[47]
12:34:59.0 (4947759)|STATEMENT_EXECUTE|[49]
12:34:59.0 (4949175)|STATEMENT_EXECUTE|[50]
12:34:59.0 (4951758)|HEAP_ALLOCATE|[50]|Bytes:5
12:34:59.0 (4958278)|METHOD_EXIT|[EXTERNAL]|01pm0000000Yfag|fflib_MethodArgValues.equals(Object)
12:34:59.0 (4966916)|STATEMENT_EXECUTE|[55]
12:34:59.0 (4994109)|VARIABLE_ASSIGNMENT|[EXTERNAL]|this|{"argValues":"0x1bf7bfaa"}|0x7ca2423
12:34:59.0 (5005598)|VARIABLE_ASSIGNMENT|[EXTERNAL]|object|{"argValues":"0x13f8c06b"}
12:34:59.0 (5013093)|METHOD_ENTRY|[EXTERNAL]|01pm0000000Yfag|fflib_MethodArgValues.equals(Object)
12:34:59.0 (5017899)|VARIABLE_SCOPE_BEGIN|[46]|this|fflib_MethodArgValues|true|false
12:34:59.0 (5029616)|VARIABLE_ASSIGNMENT|[46]|this|{"argValues":"0x1bf7bfaa"}|0x7ca2423
12:34:59.0 (5036018)|VARIABLE_SCOPE_BEGIN|[46]|other|Object|false|false
12:34:59.0 (5048752)|VARIABLE_ASSIGNMENT|[46]|other|{"argValues":"0x13f8c06b"}
12:34:59.0 (5058546)|HEAP_ALLOCATE|[48]|Bytes:5
12:34:59.0 (5062488)|STATEMENT_EXECUTE|[47]
12:34:59.0 (5064584)|STATEMENT_EXECUTE|[48]
12:34:59.0 (5066022)|STATEMENT_EXECUTE|[53]
12:34:59.0 (5075749)|VARIABLE_SCOPE_BEGIN|[53]|that|fflib_MethodArgValues|true|false
12:34:59.0 (5089606)|VARIABLE_ASSIGNMENT|[53]|that|{"argValues":"0x13f8c06b"}|0x167dce27
12:34:59.0 (5098388)|STATEMENT_EXECUTE|[54]
12:34:59.0 (5117286)|HEAP_ALLOCATE|[54]|Bytes:5
12:34:59.0 (5123814)|METHOD_EXIT|[EXTERNAL]|01pm0000000Yfag|fflib_MethodArgValues.equals(Object)
12:34:59.0 (5132895)|STATEMENT_EXECUTE|[56]
12:34:59.0 (5159980)|VARIABLE_ASSIGNMENT|[EXTERNAL]|this|{"argValues":"0x1bf7bfaa"}|0x7ca2423
12:34:59.0 (5171847)|VARIABLE_ASSIGNMENT|[EXTERNAL]|object|{"argValues":"0x6369e8f6"}
12:34:59.0 (5179397)|METHOD_ENTRY|[EXTERNAL]|01pm0000000Yfag|fflib_MethodArgValues.equals(Object)
12:34:59.0 (5184568)|VARIABLE_SCOPE_BEGIN|[46]|this|fflib_MethodArgValues|true|false
12:34:59.0 (5195537)|VARIABLE_ASSIGNMENT|[46]|this|{"argValues":"0x1bf7bfaa"}|0x7ca2423
12:34:59.0 (5200748)|VARIABLE_SCOPE_BEGIN|[46]|other|Object|false|false
12:34:59.0 (5214553)|VARIABLE_ASSIGNMENT|[46]|other|{"argValues":"0x6369e8f6"}
12:34:59.0 (5223952)|HEAP_ALLOCATE|[48]|Bytes:5
12:34:59.0 (5227919)|STATEMENT_EXECUTE|[47]
12:34:59.0 (5230533)|STATEMENT_EXECUTE|[48]
12:34:59.0 (5231975)|STATEMENT_EXECUTE|[53]
12:34:59.0 (5240984)|VARIABLE_SCOPE_BEGIN|[53]|that|fflib_MethodArgValues|true|false
12:34:59.0 (5254540)|VARIABLE_ASSIGNMENT|[53]|that|{"argValues":"0x6369e8f6"}|0x45c5050b
12:34:59.0 (5261668)|STATEMENT_EXECUTE|[54]
12:34:59.0 (5280131)|HEAP_ALLOCATE|[54]|Bytes:5
12:34:59.0 (5286838)|METHOD_EXIT|[EXTERNAL]|01pm0000000Yfag|fflib_MethodArgValues.equals(Object)
12:34:59.0 (5295994)|STATEMENT_EXECUTE|[57]
12:34:59.0 (5323339)|VARIABLE_ASSIGNMENT|[EXTERNAL]|this|{"argValues":"0x1bf7bfaa"}|0x7ca2423
12:34:59.0 (5333961)|VARIABLE_ASSIGNMENT|[EXTERNAL]|object|{}
12:34:59.0 (5340865)|METHOD_ENTRY|[EXTERNAL]|01pm0000000Yfag|fflib_MethodArgValues.equals(Object)
12:34:59.0 (5345886)|VARIABLE_SCOPE_BEGIN|[46]|this|fflib_MethodArgValues|true|false
12:34:59.0 (5357921)|VARIABLE_ASSIGNMENT|[46]|this|{"argValues":"0x1bf7bfaa"}|0x7ca2423
12:34:59.0 (5362584)|VARIABLE_SCOPE_BEGIN|[46]|other|Object|false|false
12:34:59.0 (5372735)|VARIABLE_ASSIGNMENT|[46]|other|{}
12:34:59.0 (5384939)|HEAP_ALLOCATE|[48]|Bytes:5
12:34:59.0 (5388854)|STATEMENT_EXECUTE|[47]
12:34:59.0 (5391022)|STATEMENT_EXECUTE|[48]
12:34:59.0 (5392446)|STATEMENT_EXECUTE|[53]
12:34:59.0 (5401754)|VARIABLE_SCOPE_BEGIN|[53]|that|fflib_MethodArgValues|true|false
12:34:59.0 (5413151)|VARIABLE_ASSIGNMENT|[53]|that|{}|0x1b9d0e4a
12:34:59.0 (5418431)|STATEMENT_EXECUTE|[54]
12:34:59.0 (5422239)|HEAP_ALLOCATE|[54]|Bytes:5
12:34:59.0 (5430985)|METHOD_EXIT|[EXTERNAL]|01pm0000000Yfag|fflib_MethodArgValues.equals(Object)
12:34:59.0 (5442495)|STATEMENT_EXECUTE|[59]
12:34:59.0 (5466282)|VARIABLE_ASSIGNMENT|[EXTERNAL]|this|{"argValues":"0x13f8c06b"}|0x167dce27
12:34:59.0 (5476684)|VARIABLE_ASSIGNMENT|[EXTERNAL]|object|{"argValues":"0x13f8c06b"}
12:34:59.0 (5485019)|METHOD_ENTRY|[EXTERNAL]|01pm0000000Yfag|fflib_MethodArgValues.equals(Object)
12:34:59.0 (5492492)|VARIABLE_SCOPE_BEGIN|[46]|this|fflib_MethodArgValues|true|false
12:34:59.0 (5504897)|VARIABLE_ASSIGNMENT|[46]|this|{"argValues":"0x13f8c06b"}|0x167dce27
12:34:59.0 (5510848)|VARIABLE_SCOPE_BEGIN|[46]|other|Object|false|false
12:34:59.0 (5521806)|VARIABLE_ASSIGNMENT|[46]|other|{"argValues":"0x13f8c06b"}
12:34:59.0 (5531033)|HEAP_ALLOCATE|[48]|Bytes:5
12:34:59.0 (5534762)|STATEMENT_EXECUTE|[47]
12:34:59.0 (5537142)|STATEMENT_EXECUTE|[49]
12:34:59.0 (5539007)|STATEMENT_EXECUTE|[50]
12:34:59.0 (5542248)|HEAP_ALLOCATE|[50]|Bytes:5
12:34:59.0 (5549982)|METHOD_EXIT|[EXTERNAL]|01pm0000000Yfag|fflib_MethodArgValues.equals(Object)
12:34:59.0 (5559753)|STATEMENT_EXECUTE|[60]
12:34:59.0 (5583617)|VARIABLE_ASSIGNMENT|[EXTERNAL]|this|{"argValues":"0x13f8c06b"}|0x167dce27
12:34:59.0 (5595689)|VARIABLE_ASSIGNMENT|[EXTERNAL]|object|{"argValues":"0x6369e8f6"}
12:34:59.0 (5605241)|METHOD_ENTRY|[EXTERNAL]|01pm0000000Yfag|fflib_MethodArgValues.equals(Object)
12:34:59.0 (5609922)|VARIABLE_SCOPE_BEGIN|[46]|this|fflib_MethodArgValues|true|false
12:34:59.0 (5621272)|VARIABLE_ASSIGNMENT|[46]|this|{"argValues":"0x13f8c06b"}|0x167dce27
12:34:59.0 (5626595)|VARIABLE_SCOPE_BEGIN|[46]|other|Object|false|false
12:34:59.0 (5637190)|VARIABLE_ASSIGNMENT|[46]|other|{"argValues":"0x6369e8f6"}
12:34:59.0 (5646712)|HEAP_ALLOCATE|[48]|Bytes:5
12:34:59.0 (5651398)|STATEMENT_EXECUTE|[47]
12:34:59.0 (5654203)|STATEMENT_EXECUTE|[48]
12:34:59.0 (5656153)|STATEMENT_EXECUTE|[53]
12:34:59.0 (5668744)|VARIABLE_SCOPE_BEGIN|[53]|that|fflib_MethodArgValues|true|false
12:34:59.0 (5683098)|VARIABLE_ASSIGNMENT|[53]|that|{"argValues":"0x6369e8f6"}|0x45c5050b
12:34:59.0 (5688902)|STATEMENT_EXECUTE|[54]
12:34:59.0 (5706865)|HEAP_ALLOCATE|[54]|Bytes:5
12:34:59.0 (5714266)|METHOD_EXIT|[EXTERNAL]|01pm0000000Yfag|fflib_MethodArgValues.equals(Object)
12:34:59.0 (5726727)|STATEMENT_EXECUTE|[61]
12:34:59.0 (5752309)|VARIABLE_ASSIGNMENT|[EXTERNAL]|this|{"argValues":"0x13f8c06b"}|0x167dce27
12:34:59.0 (5761984)|VARIABLE_ASSIGNMENT|[EXTERNAL]|object|{}
12:34:59.0 (5770040)|METHOD_ENTRY|[EXTERNAL]|01pm0000000Yfag|fflib_MethodArgValues.equals(Object)
12:34:59.0 (5776826)|VARIABLE_SCOPE_BEGIN|[46]|this|fflib_MethodArgValues|true|false
12:34:59.0 (5790558)|VARIABLE_ASSIGNMENT|[46]|this|{"argValues":"0x13f8c06b"}|0x167dce27
12:34:59.0 (5796103)|VARIABLE_SCOPE_BEGIN|[46]|other|Object|false|false
12:34:59.0 (5804193)|VARIABLE_ASSIGNMENT|[46]|other|{}
12:34:59.0 (5813791)|HEAP_ALLOCATE|[48]|Bytes:5
12:34:59.0 (5817474)|STATEMENT_EXECUTE|[47]
12:34:59.0 (5819652)|STATEMENT_EXECUTE|[48]
12:34:59.0 (5821134)|STATEMENT_EXECUTE|[53]
12:34:59.0 (5831890)|VARIABLE_SCOPE_BEGIN|[53]|that|fflib_MethodArgValues|true|false
12:34:59.0 (5845689)|VARIABLE_ASSIGNMENT|[53]|that|{}|0x1b9d0e4a
12:34:59.0 (5850826)|STATEMENT_EXECUTE|[54]
12:34:59.0 (5858886)|HEAP_ALLOCATE|[54]|Bytes:5
12:34:59.0 (5865482)|METHOD_EXIT|[EXTERNAL]|01pm0000000Yfag|fflib_MethodArgValues.equals(Object)
12:34:59.0 (5875597)|STATEMENT_EXECUTE|[63]
12:34:59.0 (5901783)|VARIABLE_ASSIGNMENT|[EXTERNAL]|this|{"argValues":"0x6369e8f6"}|0x45c5050b
12:34:59.0 (5913287)|VARIABLE_ASSIGNMENT|[EXTERNAL]|object|{"argValues":"0x6369e8f6"}
12:34:59.0 (5920114)|METHOD_ENTRY|[EXTERNAL]|01pm0000000Yfag|fflib_MethodArgValues.equals(Object)
12:34:59.0 (5925849)|VARIABLE_SCOPE_BEGIN|[46]|this|fflib_MethodArgValues|true|false
12:34:59.0 (5936494)|VARIABLE_ASSIGNMENT|[46]|this|{"argValues":"0x6369e8f6"}|0x45c5050b
12:34:59.0 (5942157)|VARIABLE_SCOPE_BEGIN|[46]|other|Object|false|false
12:34:59.0 (5954835)|VARIABLE_ASSIGNMENT|[46]|other|{"argValues":"0x6369e8f6"}
12:34:59.0 (5964443)|HEAP_ALLOCATE|[48]|Bytes:5
12:34:59.0 (5969089)|STATEMENT_EXECUTE|[47]
12:34:59.0 (5971170)|STATEMENT_EXECUTE|[49]
12:34:59.0 (5972574)|STATEMENT_EXECUTE|[50]
12:34:59.0 (5974862)|HEAP_ALLOCATE|[50]|Bytes:5
12:34:59.0 (5980237)|METHOD_EXIT|[EXTERNAL]|01pm0000000Yfag|fflib_MethodArgValues.equals(Object)
12:34:59.0 (5989490)|STATEMENT_EXECUTE|[64]
12:34:59.0 (6016857)|VARIABLE_ASSIGNMENT|[EXTERNAL]|this|{"argValues":"0x6369e8f6"}|0x45c5050b
12:34:59.0 (6027151)|VARIABLE_ASSIGNMENT|[EXTERNAL]|object|{}
12:34:59.0 (6033260)|METHOD_ENTRY|[EXTERNAL]|01pm0000000Yfag|fflib_MethodArgValues.equals(Object)
12:34:59.0 (6038078)|VARIABLE_SCOPE_BEGIN|[46]|this|fflib_MethodArgValues|true|false
12:34:59.0 (6049255)|VARIABLE_ASSIGNMENT|[46]|this|{"argValues":"0x6369e8f6"}|0x45c5050b
12:34:59.0 (6055160)|VARIABLE_SCOPE_BEGIN|[46]|other|Object|false|false
12:34:59.0 (6066641)|VARIABLE_ASSIGNMENT|[46]|other|{}
12:34:59.0 (6076144)|HEAP_ALLOCATE|[48]|Bytes:5
12:34:59.0 (6079860)|STATEMENT_EXECUTE|[47]
12:34:59.0 (6081929)|STATEMENT_EXECUTE|[48]
12:34:59.0 (6083390)|STATEMENT_EXECUTE|[53]
12:34:59.0 (6092492)|VARIABLE_SCOPE_BEGIN|[53]|that|fflib_MethodArgValues|true|false
12:34:59.0 (6104643)|VARIABLE_ASSIGNMENT|[53]|that|{}|0x1b9d0e4a
12:34:59.0 (6111453)|STATEMENT_EXECUTE|[54]
12:34:59.0 (6116938)|HEAP_ALLOCATE|[54]|Bytes:5
12:34:59.0 (6123758)|METHOD_EXIT|[EXTERNAL]|01pm0000000Yfag|fflib_MethodArgValues.equals(Object)
12:34:59.0 (6133199)|STATEMENT_EXECUTE|[66]
12:34:59.0 (6153664)|VARIABLE_ASSIGNMENT|[EXTERNAL]|this|{}|0x1b9d0e4a
12:34:59.0 (6163327)|VARIABLE_ASSIGNMENT|[EXTERNAL]|object|{}
12:34:59.0 (6172394)|METHOD_ENTRY|[EXTERNAL]|01pm0000000Yfag|fflib_MethodArgValues.equals(Object)
12:34:59.0 (6178656)|VARIABLE_SCOPE_BEGIN|[46]|this|fflib_MethodArgValues|true|false
12:34:59.0 (6188525)|VARIABLE_ASSIGNMENT|[46]|this|{}|0x1b9d0e4a
12:34:59.0 (6193210)|VARIABLE_SCOPE_BEGIN|[46]|other|Object|false|false
12:34:59.0 (6201156)|VARIABLE_ASSIGNMENT|[46]|other|{}
12:34:59.0 (6210220)|HEAP_ALLOCATE|[48]|Bytes:5
12:34:59.0 (6213853)|STATEMENT_EXECUTE|[47]
12:34:59.0 (6215936)|STATEMENT_EXECUTE|[49]
12:34:59.0 (6217326)|STATEMENT_EXECUTE|[50]
12:34:59.0 (6219621)|HEAP_ALLOCATE|[50]|Bytes:5
12:34:59.0 (6227740)|METHOD_EXIT|[EXTERNAL]|01pm0000000Yfag|fflib_MethodArgValues.equals(Object)
12:34:59.0 (6238391)|SYSTEM_MODE_EXIT|false
12:34:59.6 (6247105)|CUMULATIVE_LIMIT_USAGE
12:34:59.6 (6247105)|LIMIT_USAGE_FOR_NS|(default)|
  Number of SOQL queries: 0 out of 100
  Number of query rows: 0 out of 50000
  Number of SOSL queries: 0 out of 20
  Number of DML statements: 0 out of 150
  Number of DML rows: 0 out of 10000
  Maximum CPU time: 0 out of 10000
  Maximum heap size: 0 out of 6000000
  Number of callouts: 0 out of 100
  Number of Email Invocations: 0 out of 10
  Number of future calls: 0 out of 50
  Number of queueable jobs added to the queue: 0 out of 50
  Number of Mobile Apex push calls: 0 out of 10

12:34:59.6 (6247105)|CUMULATIVE_LIMIT_USAGE_END

12:34:59.0 (6276569)|CODE_UNIT_FINISHED|fflib_MethodArgValuesTest.equalsReturnsExpectedResults()
12:34:59.0 (7504269)|EXECUTION_FINISHED
12:35:00.564 (1564097563)|USER_INFO|[EXTERNAL]|00518000002hPQO|matthew.billups@matsonmoney.com.mbill|Mountain Standard Time|GMT-07:00
12:35:00.564 (1564124660)|EXECUTION_STARTED
12:35:00.564 (1564129681)|CODE_UNIT_STARTED|[EXTERNAL]|01pm0000000Yfah|fflib_MethodArgValuesTest.hashCodeReturnsExpectedResults()
12:35:00.564 (1564304028)|HEAP_ALLOCATE|[72]|Bytes:3
12:35:00.564 (1564345884)|HEAP_ALLOCATE|[77]|Bytes:152
12:35:00.564 (1564361228)|HEAP_ALLOCATE|[342]|Bytes:408
12:35:00.564 (1564376795)|HEAP_ALLOCATE|[355]|Bytes:408
12:35:00.564 (1564389971)|HEAP_ALLOCATE|[467]|Bytes:48
12:35:00.564 (1564417511)|HEAP_ALLOCATE|[139]|Bytes:6
12:35:00.564 (1564433149)|HEAP_ALLOCATE|[EXTERNAL]|Bytes:166
12:35:00.564 (1564444571)|METHOD_ENTRY|[27]|01pm0000000Yfah|fflib_MethodArgValuesTest.fflib_MethodArgValuesTest()
12:35:00.564 (1564450680)|STATEMENT_EXECUTE|[27]
12:35:00.564 (1564455620)|STATEMENT_EXECUTE|[27]
12:35:00.564 (1564800625)|SYSTEM_MODE_ENTER|false
12:35:00.564 (1564837188)|HEAP_ALLOCATE|[50]|Bytes:5
12:35:00.564 (1564870517)|HEAP_ALLOCATE|[56]|Bytes:5
12:35:00.564 (1564879317)|HEAP_ALLOCATE|[64]|Bytes:7
12:35:00.564 (1564891811)|HEAP_ALLOCATE|[EXTERNAL]|Bytes:5
12:35:00.564 (1564900471)|SYSTEM_MODE_EXIT|false
12:35:00.564 (1564908737)|METHOD_EXIT|[27]|fflib_MethodArgValuesTest
12:35:00.564 (1565070402)|SYSTEM_MODE_ENTER|false
12:35:00.564 (1565078183)|HEAP_ALLOCATE|[73]|Bytes:5
12:35:00.564 (1565082773)|STATEMENT_EXECUTE|[71]
12:35:00.564 (1565084632)|STATEMENT_EXECUTE|[73]
12:35:00.564 (1565093078)|HEAP_ALLOCATE|[73]|Bytes:8
12:35:00.564 (1565100993)|METHOD_ENTRY|[26]|01pm0000000Yfag|fflib_MethodArgValues.fflib_MethodArgValues()
12:35:00.564 (1565106516)|STATEMENT_EXECUTE|[26]
12:35:00.564 (1565109291)|STATEMENT_EXECUTE|[26]
12:35:00.564 (1565112861)|HEAP_ALLOCATE|[73]|Bytes:5
12:35:00.564 (1565118444)|METHOD_EXIT|[26]|fflib_MethodArgValues
12:35:00.564 (1565124871)|HEAP_ALLOCATE|[73]|Bytes:8
12:35:00.564 (1565148122)|HEAP_ALLOCATE|[73]|Bytes:4
12:35:00.564 (1565184200)|HEAP_ALLOCATE|[73]|Bytes:5
12:35:00.564 (1565204217)|CONSTRUCTOR_ENTRY|[73]|01pm0000000Yfag|<init>(List<ANY>)|fflib_MethodArgValues
12:35:00.564 (1565213827)|VARIABLE_SCOPE_BEGIN|[36]|this|fflib_MethodArgValues|true|false
12:35:00.564 (1565254413)|VARIABLE_ASSIGNMENT|[36]|this|{}|0x4ae7234e
12:35:00.564 (1565261522)|VARIABLE_SCOPE_BEGIN|[36]|argValues|List<ANY>|true|false
12:35:00.564 (1565293623)|HEAP_ALLOCATE|[EXTERNAL]|Bytes:8
12:35:00.564 (1565313474)|VARIABLE_ASSIGNMENT|[36]|argValues|["hello"]|0x47d1bbcb
12:35:00.564 (1565325420)|HEAP_ALLOCATE|[38]|Bytes:5
12:35:00.564 (1565329576)|STATEMENT_EXECUTE|[26]
12:35:00.564 (1565332524)|HEAP_ALLOCATE|[38]|Bytes:5
12:35:00.564 (1565335424)|STATEMENT_EXECUTE|[28]
12:35:00.564 (1565343279)|HEAP_ALLOCATE|[38]|Bytes:6
12:35:00.564 (1565363505)|STATEMENT_EXECUTE|[37]
12:35:00.564 (1565365291)|STATEMENT_EXECUTE|[38]
12:35:00.564 (1565376301)|VARIABLE_ASSIGNMENT|[38]|this.argValues|["hello"]|0x4ae7234e
12:35:00.564 (1565386918)|CONSTRUCTOR_EXIT|[73]|01pm0000000Yfag|<init>(List<ANY>)|fflib_MethodArgValues
12:35:00.564 (1565394337)|VARIABLE_SCOPE_BEGIN|[73]|qm1|fflib_MethodArgValues|true|false
12:35:00.564 (1565424011)|VARIABLE_ASSIGNMENT|[73]|qm1|{"argValues":"0x47d1bbcb"}|0x4ae7234e
12:35:00.564 (1565429763)|STATEMENT_EXECUTE|[74]
12:35:00.564 (1565434085)|HEAP_ALLOCATE|[74]|Bytes:8
12:35:00.564 (1565443750)|HEAP_ALLOCATE|[74]|Bytes:4
12:35:00.564 (1565468381)|CONSTRUCTOR_ENTRY|[74]|01pm0000000Yfag|<init>(List<ANY>)|fflib_MethodArgValues
12:35:00.564 (1565475429)|VARIABLE_SCOPE_BEGIN|[36]|this|fflib_MethodArgValues|true|false
12:35:00.564 (1565488267)|VARIABLE_ASSIGNMENT|[36]|this|{}|0x695370ac
12:35:00.564 (1565493782)|VARIABLE_SCOPE_BEGIN|[36]|argValues|List<ANY>|true|false
12:35:00.564 (1565507358)|HEAP_ALLOCATE|[EXTERNAL]|Bytes:8
12:35:00.564 (1565514966)|VARIABLE_ASSIGNMENT|[36]|argValues|["hello"]|0x54a807b1
12:35:00.564 (1565524041)|HEAP_ALLOCATE|[38]|Bytes:5
12:35:00.564 (1565527983)|STATEMENT_EXECUTE|[26]
12:35:00.564 (1565530456)|HEAP_ALLOCATE|[38]|Bytes:5
12:35:00.564 (1565533502)|STATEMENT_EXECUTE|[28]
12:35:00.564 (1565544253)|STATEMENT_EXECUTE|[37]
12:35:00.564 (1565545901)|STATEMENT_EXECUTE|[38]
12:35:00.564 (1565552666)|VARIABLE_ASSIGNMENT|[38]|this.argValues|["hello"]|0x695370ac
12:35:00.564 (1565562020)|CONSTRUCTOR_EXIT|[74]|01pm0000000Yfag|<init>(List<ANY>)|fflib_MethodArgValues
12:35:00.564 (1565568307)|VARIABLE_SCOPE_BEGIN|[74]|qm2|fflib_MethodArgValues|true|false
12:35:00.564 (1565590889)|VARIABLE_ASSIGNMENT|[74]|qm2|{"argValues":"0x54a807b1"}|0x695370ac
12:35:00.564 (1565596979)|STATEMENT_EXECUTE|[75]
12:35:00.564 (1565600887)|HEAP_ALLOCATE|[75]|Bytes:8
12:35:00.564 (1565609583)|HEAP_ALLOCATE|[75]|Bytes:4
12:35:00.564 (1565625473)|HEAP_ALLOCATE|[75]|Bytes:2
12:35:00.564 (1565635735)|CONSTRUCTOR_ENTRY|[75]|01pm0000000Yfag|<init>(List<ANY>)|fflib_MethodArgValues
12:35:00.564 (1565642181)|VARIABLE_SCOPE_BEGIN|[36]|this|fflib_MethodArgValues|true|false
12:35:00.564 (1565653784)|VARIABLE_ASSIGNMENT|[36]|this|{}|0x27a6b339
12:35:00.564 (1565658394)|VARIABLE_SCOPE_BEGIN|[36]|argValues|List<ANY>|true|false
12:35:00.564 (1565670958)|HEAP_ALLOCATE|[EXTERNAL]|Bytes:8
12:35:00.564 (1565678001)|VARIABLE_ASSIGNMENT|[36]|argValues|["hi"]|0x6de35be5
12:35:00.564 (1565686707)|HEAP_ALLOCATE|[38]|Bytes:5
12:35:00.564 (1565690110)|STATEMENT_EXECUTE|[26]
12:35:00.564 (1565692443)|HEAP_ALLOCATE|[38]|Bytes:5
12:35:00.564 (1565695556)|STATEMENT_EXECUTE|[28]
12:35:00.564 (1565705347)|STATEMENT_EXECUTE|[37]
12:35:00.564 (1565706919)|STATEMENT_EXECUTE|[38]
12:35:00.564 (1565713261)|VARIABLE_ASSIGNMENT|[38]|this.argValues|["hi"]|0x27a6b339
12:35:00.564 (1565721464)|CONSTRUCTOR_EXIT|[75]|01pm0000000Yfag|<init>(List<ANY>)|fflib_MethodArgValues
12:35:00.564 (1565728400)|VARIABLE_SCOPE_BEGIN|[75]|qm3|fflib_MethodArgValues|true|false
12:35:00.564 (1565744944)|VARIABLE_ASSIGNMENT|[75]|qm3|{"argValues":"0x6de35be5"}|0x27a6b339
12:35:00.564 (1565750105)|STATEMENT_EXECUTE|[76]
12:35:00.564 (1565753666)|HEAP_ALLOCATE|[76]|Bytes:8
12:35:00.564 (1565761234)|HEAP_ALLOCATE|[76]|Bytes:4
12:35:00.564 (1565783402)|CONSTRUCTOR_ENTRY|[76]|01pm0000000Yfag|<init>(List<ANY>)|fflib_MethodArgValues
12:35:00.564 (1565790205)|VARIABLE_SCOPE_BEGIN|[36]|this|fflib_MethodArgValues|true|false
12:35:00.564 (1565801423)|VARIABLE_ASSIGNMENT|[36]|this|{}|0x1fc790e5
12:35:00.564 (1565805840)|VARIABLE_SCOPE_BEGIN|[36]|argValues|List<ANY>|true|false
12:35:00.564 (1565817978)|HEAP_ALLOCATE|[EXTERNAL]|Bytes:16
12:35:00.564 (1565827361)|VARIABLE_ASSIGNMENT|[36]|argValues|["hello","hello","hello"]|0xbc69923
12:35:00.564 (1565835904)|HEAP_ALLOCATE|[38]|Bytes:5
12:35:00.564 (1565839736)|STATEMENT_EXECUTE|[26]
12:35:00.564 (1565842203)|HEAP_ALLOCATE|[38]|Bytes:5
12:35:00.564 (1565845527)|STATEMENT_EXECUTE|[28]
12:35:00.564 (1565858906)|STATEMENT_EXECUTE|[37]
12:35:00.564 (1565860633)|STATEMENT_EXECUTE|[38]
12:35:00.564 (1565867780)|VARIABLE_ASSIGNMENT|[38]|this.argValues|["hello","hello","hello"]|0x1fc790e5
12:35:00.564 (1565876675)|CONSTRUCTOR_EXIT|[76]|01pm0000000Yfag|<init>(List<ANY>)|fflib_MethodArgValues
12:35:00.564 (1565882824)|VARIABLE_SCOPE_BEGIN|[76]|qm4|fflib_MethodArgValues|true|false
12:35:00.564 (1565899444)|VARIABLE_ASSIGNMENT|[76]|qm4|{"argValues":"0xbc69923"}|0x1fc790e5
12:35:00.564 (1565904775)|STATEMENT_EXECUTE|[77]
12:35:00.564 (1565908287)|HEAP_ALLOCATE|[77]|Bytes:8
12:35:00.564 (1565915966)|HEAP_ALLOCATE|[77]|Bytes:4
12:35:00.564 (1565932044)|CONSTRUCTOR_ENTRY|[77]|01pm0000000Yfag|<init>(List<ANY>)|fflib_MethodArgValues
12:35:00.564 (1565938759)|VARIABLE_SCOPE_BEGIN|[36]|this|fflib_MethodArgValues|true|false
12:35:00.564 (1565950069)|VARIABLE_ASSIGNMENT|[36]|this|{}|0x19ebdc19
12:35:00.564 (1565954860)|VARIABLE_SCOPE_BEGIN|[36]|argValues|List<ANY>|true|false
12:35:00.564 (1565966815)|HEAP_ALLOCATE|[EXTERNAL]|Bytes:4
12:35:00.564 (1565972947)|VARIABLE_ASSIGNMENT|[36]|argValues|[]|0x6ea090b2
12:35:00.564 (1565981529)|HEAP_ALLOCATE|[38]|Bytes:5
12:35:00.564 (1565985291)|STATEMENT_EXECUTE|[26]
12:35:00.564 (1565987818)|HEAP_ALLOCATE|[38]|Bytes:5
12:35:00.564 (1565990618)|STATEMENT_EXECUTE|[28]
12:35:00.564 (1565999343)|STATEMENT_EXECUTE|[37]
12:35:00.564 (1566000939)|STATEMENT_EXECUTE|[38]
12:35:00.564 (1566006599)|VARIABLE_ASSIGNMENT|[38]|this.argValues|[]|0x19ebdc19
12:35:00.564 (1566014453)|CONSTRUCTOR_EXIT|[77]|01pm0000000Yfag|<init>(List<ANY>)|fflib_MethodArgValues
12:35:00.564 (1566021105)|VARIABLE_SCOPE_BEGIN|[77]|qm5|fflib_MethodArgValues|true|false
12:35:00.564 (1566037119)|VARIABLE_ASSIGNMENT|[77]|qm5|{"argValues":"0x6ea090b2"}|0x19ebdc19
12:35:00.564 (1566042827)|STATEMENT_EXECUTE|[78]
12:35:00.564 (1566046409)|HEAP_ALLOCATE|[78]|Bytes:8
12:35:00.564 (1566053338)|CONSTRUCTOR_ENTRY|[78]|01pm0000000Yfag|<init>(List<ANY>)|fflib_MethodArgValues
12:35:00.564 (1566066800)|VARIABLE_SCOPE_BEGIN|[36]|this|fflib_MethodArgValues|true|false
12:35:00.564 (1566077541)|VARIABLE_ASSIGNMENT|[36]|this|{}|0x4d43653b
12:35:00.564 (1566082802)|VARIABLE_SCOPE_BEGIN|[36]|argValues|List<ANY>|true|false
12:35:00.564 (1566090916)|VARIABLE_ASSIGNMENT|[36]|argValues|null|
12:35:00.564 (1566097445)|HEAP_ALLOCATE|[38]|Bytes:5
12:35:00.564 (1566101231)|STATEMENT_EXECUTE|[26]
12:35:00.564 (1566103726)|HEAP_ALLOCATE|[38]|Bytes:5
12:35:00.564 (1566106561)|STATEMENT_EXECUTE|[28]
12:35:00.564 (1566114790)|STATEMENT_EXECUTE|[37]
12:35:00.564 (1566116312)|STATEMENT_EXECUTE|[38]
12:35:00.564 (1566120862)|VARIABLE_ASSIGNMENT|[38]|this.argValues|null|0x4d43653b
12:35:00.564 (1566128601)|CONSTRUCTOR_EXIT|[78]|01pm0000000Yfag|<init>(List<ANY>)|fflib_MethodArgValues
12:35:00.564 (1566134932)|VARIABLE_SCOPE_BEGIN|[78]|qm6|fflib_MethodArgValues|true|false
12:35:00.564 (1566144958)|VARIABLE_ASSIGNMENT|[78]|qm6|{}|0x4d43653b
12:35:00.564 (1566150238)|STATEMENT_EXECUTE|[81]
12:35:00.564 (1566164816)|METHOD_ENTRY|[81]|01pm0000000Yfag|fflib_MethodArgValues.hashCode()
12:35:00.564 (1566179667)|VARIABLE_SCOPE_BEGIN|[61]|this|fflib_MethodArgValues|true|false
12:35:00.564 (1566193075)|VARIABLE_ASSIGNMENT|[61]|this|{"argValues":"0x47d1bbcb"}|0x4ae7234e
12:35:00.564 (1566206584)|HEAP_ALLOCATE|[63]|Bytes:5
12:35:00.564 (1566210762)|STATEMENT_EXECUTE|[62]
12:35:00.564 (1566212380)|STATEMENT_EXECUTE|[63]
12:35:00.564 (1566216567)|VARIABLE_SCOPE_BEGIN|[63]|prime|Integer|false|false
12:35:00.564 (1566224968)|HEAP_ALLOCATE|[63]|Bytes:4
12:35:00.564 (1566231265)|VARIABLE_ASSIGNMENT|[63]|prime|31
12:35:00.564 (1566235734)|STATEMENT_EXECUTE|[64]
12:35:00.564 (1566237953)|VARIABLE_SCOPE_BEGIN|[64]|result|Integer|false|false
12:35:00.564 (1566243979)|HEAP_ALLOCATE|[64]|Bytes:4
12:35:00.564 (1566248425)|VARIABLE_ASSIGNMENT|[64]|result|1
12:35:00.564 (1566252202)|STATEMENT_EXECUTE|[66]
12:35:00.564 (1566498574)|HEAP_ALLOCATE|[66]|Bytes:4
12:35:00.564 (1566507618)|VARIABLE_ASSIGNMENT|[66]|result|99162384
12:35:00.564 (1566512342)|STATEMENT_EXECUTE|[68]
12:35:00.564 (1566514303)|HEAP_ALLOCATE|[68]|Bytes:4
12:35:00.564 (1566523424)|METHOD_EXIT|[81]|01pm0000000Yfag|fflib_MethodArgValues.hashCode()
12:35:00.564 (1566532444)|METHOD_ENTRY|[81]|01pm0000000Yfag|fflib_MethodArgValues.hashCode()
12:35:00.564 (1566538113)|VARIABLE_SCOPE_BEGIN|[61]|this|fflib_MethodArgValues|true|false
12:35:00.564 (1566555039)|VARIABLE_ASSIGNMENT|[61]|this|{"argValues":"0x47d1bbcb"}|0x4ae7234e
12:35:00.564 (1566567575)|HEAP_ALLOCATE|[63]|Bytes:5
12:35:00.564 (1566571349)|STATEMENT_EXECUTE|[62]
12:35:00.564 (1566572970)|STATEMENT_EXECUTE|[63]
12:35:00.564 (1566575975)|VARIABLE_SCOPE_BEGIN|[63]|prime|Integer|false|false
12:35:00.564 (1566582150)|HEAP_ALLOCATE|[63]|Bytes:4
12:35:00.564 (1566587170)|VARIABLE_ASSIGNMENT|[63]|prime|31
12:35:00.564 (1566590671)|STATEMENT_EXECUTE|[64]
12:35:00.564 (1566592717)|VARIABLE_SCOPE_BEGIN|[64]|result|Integer|false|false
12:35:00.564 (1566598123)|HEAP_ALLOCATE|[64]|Bytes:4
12:35:00.564 (1566602642)|VARIABLE_ASSIGNMENT|[64]|result|1
12:35:00.564 (1566606257)|STATEMENT_EXECUTE|[66]
12:35:00.564 (1566619559)|HEAP_ALLOCATE|[66]|Bytes:4
12:35:00.564 (1566625006)|VARIABLE_ASSIGNMENT|[66]|result|99162384
12:35:00.564 (1566629167)|STATEMENT_EXECUTE|[68]
12:35:00.564 (1566630994)|HEAP_ALLOCATE|[68]|Bytes:4
12:35:00.564 (1566637049)|METHOD_EXIT|[81]|01pm0000000Yfag|fflib_MethodArgValues.hashCode()
12:35:00.564 (1566664754)|STATEMENT_EXECUTE|[82]
12:35:00.564 (1566669320)|METHOD_ENTRY|[82]|01pm0000000Yfag|fflib_MethodArgValues.hashCode()
12:35:00.564 (1566680727)|VARIABLE_SCOPE_BEGIN|[61]|this|fflib_MethodArgValues|true|false
12:35:00.564 (1566696563)|VARIABLE_ASSIGNMENT|[61]|this|{"argValues":"0x47d1bbcb"}|0x4ae7234e
12:35:00.564 (1566707348)|HEAP_ALLOCATE|[63]|Bytes:5
12:35:00.564 (1566711444)|STATEMENT_EXECUTE|[62]
12:35:00.564 (1566712923)|STATEMENT_EXECUTE|[63]
12:35:00.564 (1566715910)|VARIABLE_SCOPE_BEGIN|[63]|prime|Integer|false|false
12:35:00.564 (1566721814)|HEAP_ALLOCATE|[63]|Bytes:4
12:35:00.564 (1566726793)|VARIABLE_ASSIGNMENT|[63]|prime|31
12:35:00.564 (1566730155)|STATEMENT_EXECUTE|[64]
12:35:00.564 (1566732149)|VARIABLE_SCOPE_BEGIN|[64]|result|Integer|false|false
12:35:00.564 (1566737479)|HEAP_ALLOCATE|[64]|Bytes:4
12:35:00.564 (1566741711)|VARIABLE_ASSIGNMENT|[64]|result|1
12:35:00.564 (1566745006)|STATEMENT_EXECUTE|[66]
12:35:00.564 (1566756289)|HEAP_ALLOCATE|[66]|Bytes:4
12:35:00.564 (1566761554)|VARIABLE_ASSIGNMENT|[66]|result|99162384
12:35:00.564 (1566765204)|STATEMENT_EXECUTE|[68]
12:35:00.564 (1566766929)|HEAP_ALLOCATE|[68]|Bytes:4
12:35:00.564 (1566771912)|METHOD_EXIT|[82]|01pm0000000Yfag|fflib_MethodArgValues.hashCode()
12:35:00.564 (1566778461)|METHOD_ENTRY|[82]|01pm0000000Yfag|fflib_MethodArgValues.hashCode()
12:35:00.564 (1566782777)|VARIABLE_SCOPE_BEGIN|[61]|this|fflib_MethodArgValues|true|false
12:35:00.564 (1566796530)|VARIABLE_ASSIGNMENT|[61]|this|{"argValues":"0x54a807b1"}|0x695370ac
12:35:00.564 (1566806028)|HEAP_ALLOCATE|[63]|Bytes:5
12:35:00.564 (1566809858)|STATEMENT_EXECUTE|[62]
12:35:00.564 (1566812017)|STATEMENT_EXECUTE|[63]
12:35:00.564 (1566814615)|VARIABLE_SCOPE_BEGIN|[63]|prime|Integer|false|false
12:35:00.564 (1566820076)|HEAP_ALLOCATE|[63]|Bytes:4
12:35:00.564 (1566825081)|VARIABLE_ASSIGNMENT|[63]|prime|31
12:35:00.564 (1566828894)|STATEMENT_EXECUTE|[64]
12:35:00.564 (1566830839)|VARIABLE_SCOPE_BEGIN|[64]|result|Integer|false|false
12:35:00.564 (1566836404)|HEAP_ALLOCATE|[64]|Bytes:4
12:35:00.564 (1566840601)|VARIABLE_ASSIGNMENT|[64]|result|1
12:35:00.564 (1566844078)|STATEMENT_EXECUTE|[66]
12:35:00.564 (1566858297)|HEAP_ALLOCATE|[66]|Bytes:4
12:35:00.564 (1566864079)|VARIABLE_ASSIGNMENT|[66]|result|99162384
12:35:00.564 (1566868630)|STATEMENT_EXECUTE|[68]
12:35:00.564 (1566870232)|HEAP_ALLOCATE|[68]|Bytes:4
12:35:00.564 (1566875398)|METHOD_EXIT|[82]|01pm0000000Yfag|fflib_MethodArgValues.hashCode()
12:35:00.564 (1566888990)|STATEMENT_EXECUTE|[83]
12:35:00.564 (1566893271)|METHOD_ENTRY|[83]|01pm0000000Yfag|fflib_MethodArgValues.hashCode()
12:35:00.564 (1566902431)|VARIABLE_SCOPE_BEGIN|[61]|this|fflib_MethodArgValues|true|false
12:35:00.564 (1566917368)|VARIABLE_ASSIGNMENT|[61]|this|{"argValues":"0x47d1bbcb"}|0x4ae7234e
12:35:00.564 (1566927881)|HEAP_ALLOCATE|[63]|Bytes:5
12:35:00.564 (1566931507)|STATEMENT_EXECUTE|[62]
12:35:00.564 (1566932957)|STATEMENT_EXECUTE|[63]
12:35:00.564 (1566935750)|VARIABLE_SCOPE_BEGIN|[63]|prime|Integer|false|false
12:35:00.564 (1566941149)|HEAP_ALLOCATE|[63]|Bytes:4
12:35:00.564 (1566945675)|VARIABLE_ASSIGNMENT|[63]|prime|31
12:35:00.564 (1566949264)|STATEMENT_EXECUTE|[64]
12:35:00.564 (1566951302)|VARIABLE_SCOPE_BEGIN|[64]|result|Integer|false|false
12:35:00.564 (1566956454)|HEAP_ALLOCATE|[64]|Bytes:4
12:35:00.564 (1566960840)|VARIABLE_ASSIGNMENT|[64]|result|1
12:35:00.564 (1566964232)|STATEMENT_EXECUTE|[66]
12:35:00.564 (1566974194)|HEAP_ALLOCATE|[66]|Bytes:4
12:35:00.564 (1566979533)|VARIABLE_ASSIGNMENT|[66]|result|99162384
12:35:00.564 (1566983414)|STATEMENT_EXECUTE|[68]
12:35:00.564 (1566985059)|HEAP_ALLOCATE|[68]|Bytes:4
12:35:00.564 (1566989742)|METHOD_EXIT|[83]|01pm0000000Yfag|fflib_MethodArgValues.hashCode()
12:35:00.564 (1566997170)|METHOD_ENTRY|[83]|01pm0000000Yfag|fflib_MethodArgValues.hashCode()
12:35:00.564 (1567002051)|VARIABLE_SCOPE_BEGIN|[61]|this|fflib_MethodArgValues|true|false
12:35:00.564 (1567017022)|VARIABLE_ASSIGNMENT|[61]|this|{"argValues":"0x6de35be5"}|0x27a6b339
12:35:00.564 (1567026568)|HEAP_ALLOCATE|[63]|Bytes:5
12:35:00.564 (1567030175)|STATEMENT_EXECUTE|[62]
12:35:00.564 (1567031692)|STATEMENT_EXECUTE|[63]
12:35:00.564 (1567034298)|VARIABLE_SCOPE_BEGIN|[63]|prime|Integer|false|false
12:35:00.564 (1567039974)|HEAP_ALLOCATE|[63]|Bytes:4
12:35:00.564 (1567044729)|VARIABLE_ASSIGNMENT|[63]|prime|31
12:35:00.564 (1567048428)|STATEMENT_EXECUTE|[64]
12:35:00.564 (1567050363)|VARIABLE_SCOPE_BEGIN|[64]|result|Integer|false|false
12:35:00.564 (1567055875)|HEAP_ALLOCATE|[64]|Bytes:4
12:35:00.564 (1567059917)|VARIABLE_ASSIGNMENT|[64]|result|1
12:35:00.564 (1567063448)|STATEMENT_EXECUTE|[66]
12:35:00.564 (1567072887)|HEAP_ALLOCATE|[66]|Bytes:4
12:35:00.564 (1567078518)|VARIABLE_ASSIGNMENT|[66]|result|3391
12:35:00.564 (1567082195)|STATEMENT_EXECUTE|[68]
12:35:00.564 (1567083924)|HEAP_ALLOCATE|[68]|Bytes:4
12:35:00.564 (1567088926)|METHOD_EXIT|[83]|01pm0000000Yfag|fflib_MethodArgValues.hashCode()
12:35:00.564 (1567110054)|STATEMENT_EXECUTE|[84]
12:35:00.564 (1567113909)|METHOD_ENTRY|[84]|01pm0000000Yfag|fflib_MethodArgValues.hashCode()
12:35:00.564 (1567123591)|VARIABLE_SCOPE_BEGIN|[61]|this|fflib_MethodArgValues|true|false
12:35:00.564 (1567137586)|VARIABLE_ASSIGNMENT|[61]|this|{"argValues":"0x47d1bbcb"}|0x4ae7234e
12:35:00.564 (1567148043)|HEAP_ALLOCATE|[63]|Bytes:5
12:35:00.564 (1567151532)|STATEMENT_EXECUTE|[62]
12:35:00.564 (1567153094)|STATEMENT_EXECUTE|[63]
12:35:00.564 (1567155920)|VARIABLE_SCOPE_BEGIN|[63]|prime|Integer|false|false
12:35:00.564 (1567161531)|HEAP_ALLOCATE|[63]|Bytes:4
12:35:00.564 (1567166096)|VARIABLE_ASSIGNMENT|[63]|prime|31
12:35:00.564 (1567169643)|STATEMENT_EXECUTE|[64]
12:35:00.564 (1567171616)|VARIABLE_SCOPE_BEGIN|[64]|result|Integer|false|false
12:35:00.564 (1567177288)|HEAP_ALLOCATE|[64]|Bytes:4
12:35:00.564 (1567182038)|VARIABLE_ASSIGNMENT|[64]|result|1
12:35:00.564 (1567185260)|STATEMENT_EXECUTE|[66]
12:35:00.564 (1567195622)|HEAP_ALLOCATE|[66]|Bytes:4
12:35:00.564 (1567200864)|VARIABLE_ASSIGNMENT|[66]|result|99162384
12:35:00.564 (1567204468)|STATEMENT_EXECUTE|[68]
12:35:00.564 (1567206194)|HEAP_ALLOCATE|[68]|Bytes:4
12:35:00.564 (1567210820)|METHOD_EXIT|[84]|01pm0000000Yfag|fflib_MethodArgValues.hashCode()
12:35:00.564 (1567217493)|METHOD_ENTRY|[84]|01pm0000000Yfag|fflib_MethodArgValues.hashCode()
12:35:00.564 (1567221868)|VARIABLE_SCOPE_BEGIN|[61]|this|fflib_MethodArgValues|true|false
12:35:00.564 (1567235725)|VARIABLE_ASSIGNMENT|[61]|this|{"argValues":"0xbc69923"}|0x1fc790e5
12:35:00.564 (1567245335)|HEAP_ALLOCATE|[63]|Bytes:5
12:35:00.564 (1567249212)|STATEMENT_EXECUTE|[62]
12:35:00.564 (1567250682)|STATEMENT_EXECUTE|[63]
12:35:00.564 (1567253186)|VARIABLE_SCOPE_BEGIN|[63]|prime|Integer|false|false
12:35:00.564 (1567259349)|HEAP_ALLOCATE|[63]|Bytes:4
12:35:00.564 (1567264094)|VARIABLE_ASSIGNMENT|[63]|prime|31
12:35:00.564 (1567267661)|STATEMENT_EXECUTE|[64]
12:35:00.564 (1567269620)|VARIABLE_SCOPE_BEGIN|[64]|result|Integer|false|false
12:35:00.564 (1567274773)|HEAP_ALLOCATE|[64]|Bytes:4
12:35:00.564 (1567278854)|VARIABLE_ASSIGNMENT|[64]|result|1
12:35:00.564 (1567282065)|STATEMENT_EXECUTE|[66]
12:35:00.564 (1567291486)|HEAP_ALLOCATE|[66]|Bytes:4
12:35:00.564 (1567297089)|VARIABLE_ASSIGNMENT|[66]|result|-316032240
12:35:00.564 (1567300543)|STATEMENT_EXECUTE|[68]
12:35:00.564 (1567302218)|HEAP_ALLOCATE|[68]|Bytes:4
12:35:00.564 (1567306822)|METHOD_EXIT|[84]|01pm0000000Yfag|fflib_MethodArgValues.hashCode()
12:35:00.564 (1567320602)|STATEMENT_EXECUTE|[85]
12:35:00.564 (1567324312)|METHOD_ENTRY|[85]|01pm0000000Yfag|fflib_MethodArgValues.hashCode()
12:35:00.564 (1567333008)|VARIABLE_SCOPE_BEGIN|[61]|this|fflib_MethodArgValues|true|false
12:35:00.564 (1567347195)|VARIABLE_ASSIGNMENT|[61]|this|{"argValues":"0x47d1bbcb"}|0x4ae7234e
12:35:00.564 (1567358621)|HEAP_ALLOCATE|[63]|Bytes:5
12:35:00.564 (1567362067)|STATEMENT_EXECUTE|[62]
12:35:00.564 (1567363561)|STATEMENT_EXECUTE|[63]
12:35:00.564 (1567366327)|VARIABLE_SCOPE_BEGIN|[63]|prime|Integer|false|false
12:35:00.564 (1567371837)|HEAP_ALLOCATE|[63]|Bytes:4
12:35:00.564 (1567376611)|VARIABLE_ASSIGNMENT|[63]|prime|31
12:35:00.564 (1567380348)|STATEMENT_EXECUTE|[64]
12:35:00.564 (1567382285)|VARIABLE_SCOPE_BEGIN|[64]|result|Integer|false|false
12:35:00.564 (1567387293)|HEAP_ALLOCATE|[64]|Bytes:4
12:35:00.564 (1567392244)|VARIABLE_ASSIGNMENT|[64]|result|1
12:35:00.564 (1567395672)|STATEMENT_EXECUTE|[66]
12:35:00.564 (1567405607)|HEAP_ALLOCATE|[66]|Bytes:4
12:35:00.564 (1567410516)|VARIABLE_ASSIGNMENT|[66]|result|99162384
12:35:00.564 (1567414403)|STATEMENT_EXECUTE|[68]
12:35:00.564 (1567416029)|HEAP_ALLOCATE|[68]|Bytes:4
12:35:00.564 (1567420708)|METHOD_EXIT|[85]|01pm0000000Yfag|fflib_MethodArgValues.hashCode()
12:35:00.564 (1567427244)|METHOD_ENTRY|[85]|01pm0000000Yfag|fflib_MethodArgValues.hashCode()
12:35:00.564 (1567432406)|VARIABLE_SCOPE_BEGIN|[61]|this|fflib_MethodArgValues|true|false
12:35:00.564 (1567445622)|VARIABLE_ASSIGNMENT|[61]|this|{"argValues":"0x6ea090b2"}|0x19ebdc19
12:35:00.564 (1567455145)|HEAP_ALLOCATE|[63]|Bytes:5
12:35:00.564 (1567458884)|STATEMENT_EXECUTE|[62]
12:35:00.564 (1567460362)|STATEMENT_EXECUTE|[63]
12:35:00.564 (1567462949)|VARIABLE_SCOPE_BEGIN|[63]|prime|Integer|false|false
12:35:00.564 (1567469074)|HEAP_ALLOCATE|[63]|Bytes:4
12:35:00.564 (1567473781)|VARIABLE_ASSIGNMENT|[63]|prime|31
12:35:00.564 (1567476960)|STATEMENT_EXECUTE|[64]
12:35:00.564 (1567479079)|VARIABLE_SCOPE_BEGIN|[64]|result|Integer|false|false
12:35:00.564 (1567484247)|HEAP_ALLOCATE|[64]|Bytes:4
12:35:00.564 (1567488272)|VARIABLE_ASSIGNMENT|[64]|result|1
12:35:00.564 (1567491937)|STATEMENT_EXECUTE|[66]
12:35:00.564 (1567501180)|HEAP_ALLOCATE|[66]|Bytes:4
12:35:00.564 (1567506199)|VARIABLE_ASSIGNMENT|[66]|result|32
12:35:00.564 (1567509902)|STATEMENT_EXECUTE|[68]
12:35:00.564 (1567511962)|HEAP_ALLOCATE|[68]|Bytes:4
12:35:00.564 (1567516964)|METHOD_EXIT|[85]|01pm0000000Yfag|fflib_MethodArgValues.hashCode()
12:35:00.564 (1567530597)|STATEMENT_EXECUTE|[86]
12:35:00.564 (1567534555)|METHOD_ENTRY|[86]|01pm0000000Yfag|fflib_MethodArgValues.hashCode()
12:35:00.564 (1567543274)|VARIABLE_SCOPE_BEGIN|[61]|this|fflib_MethodArgValues|true|false
12:35:00.564 (1567557544)|VARIABLE_ASSIGNMENT|[61]|this|{"argValues":"0x47d1bbcb"}|0x4ae7234e
12:35:00.564 (1567567921)|HEAP_ALLOCATE|[63]|Bytes:5
12:35:00.564 (1567571593)|STATEMENT_EXECUTE|[62]
12:35:00.564 (1567573054)|STATEMENT_EXECUTE|[63]
12:35:00.564 (1567575711)|VARIABLE_SCOPE_BEGIN|[63]|prime|Integer|false|false
12:35:00.564 (1567581727)|HEAP_ALLOCATE|[63]|Bytes:4
12:35:00.564 (1567586365)|VARIABLE_ASSIGNMENT|[63]|prime|31
12:35:00.564 (1567589988)|STATEMENT_EXECUTE|[64]
12:35:00.564 (1567591912)|VARIABLE_SCOPE_BEGIN|[64]|result|Integer|false|false
12:35:00.564 (1567596944)|HEAP_ALLOCATE|[64]|Bytes:4
12:35:00.564 (1567601455)|VARIABLE_ASSIGNMENT|[64]|result|1
12:35:00.564 (1567605173)|STATEMENT_EXECUTE|[66]
12:35:00.564 (1567614924)|HEAP_ALLOCATE|[66]|Bytes:4
12:35:00.564 (1567620210)|VARIABLE_ASSIGNMENT|[66]|result|99162384
12:35:00.564 (1567623978)|STATEMENT_EXECUTE|[68]
12:35:00.564 (1567625604)|HEAP_ALLOCATE|[68]|Bytes:4
12:35:00.564 (1567630412)|METHOD_EXIT|[86]|01pm0000000Yfag|fflib_MethodArgValues.hashCode()
12:35:00.564 (1567637322)|METHOD_ENTRY|[86]|01pm0000000Yfag|fflib_MethodArgValues.hashCode()
12:35:00.564 (1567642342)|VARIABLE_SCOPE_BEGIN|[61]|this|fflib_MethodArgValues|true|false
12:35:00.564 (1567653177)|VARIABLE_ASSIGNMENT|[61]|this|{}|0x4d43653b
12:35:00.564 (1567666136)|HEAP_ALLOCATE|[63]|Bytes:5
12:35:00.564 (1567669853)|STATEMENT_EXECUTE|[62]
12:35:00.564 (1567671506)|STATEMENT_EXECUTE|[63]
12:35:00.564 (1567674069)|VARIABLE_SCOPE_BEGIN|[63]|prime|Integer|false|false
12:35:00.564 (1567679835)|HEAP_ALLOCATE|[63]|Bytes:4
12:35:00.564 (1567684843)|VARIABLE_ASSIGNMENT|[63]|prime|31
12:35:00.564 (1567688470)|STATEMENT_EXECUTE|[64]
12:35:00.564 (1567690791)|VARIABLE_SCOPE_BEGIN|[64]|result|Integer|false|false
12:35:00.564 (1567696256)|HEAP_ALLOCATE|[64]|Bytes:4
12:35:00.564 (1567700212)|VARIABLE_ASSIGNMENT|[64]|result|1
12:35:00.564 (1567703551)|STATEMENT_EXECUTE|[66]
12:35:00.564 (1567706977)|HEAP_ALLOCATE|[66]|Bytes:4
12:35:00.564 (1567711843)|VARIABLE_ASSIGNMENT|[66]|result|31
12:35:00.564 (1567715139)|STATEMENT_EXECUTE|[68]
12:35:00.564 (1567716812)|HEAP_ALLOCATE|[68]|Bytes:4
12:35:00.564 (1567722236)|METHOD_EXIT|[86]|01pm0000000Yfag|fflib_MethodArgValues.hashCode()
12:35:00.564 (1567736791)|STATEMENT_EXECUTE|[88]
12:35:00.564 (1567740319)|METHOD_ENTRY|[88]|01pm0000000Yfag|fflib_MethodArgValues.hashCode()
12:35:00.564 (1567749171)|VARIABLE_SCOPE_BEGIN|[61]|this|fflib_MethodArgValues|true|false
12:35:00.564 (1567763122)|VARIABLE_ASSIGNMENT|[61]|this|{"argValues":"0x54a807b1"}|0x695370ac
12:35:00.564 (1567773577)|HEAP_ALLOCATE|[63]|Bytes:5
12:35:00.564 (1567777274)|STATEMENT_EXECUTE|[62]
12:35:00.564 (1567778757)|STATEMENT_EXECUTE|[63]
12:35:00.564 (1567782033)|VARIABLE_SCOPE_BEGIN|[63]|prime|Integer|false|false
12:35:00.564 (1567787646)|HEAP_ALLOCATE|[63]|Bytes:4
12:35:00.564 (1567792424)|VARIABLE_ASSIGNMENT|[63]|prime|31
12:35:00.564 (1567796230)|STATEMENT_EXECUTE|[64]
12:35:00.564 (1567798147)|VARIABLE_SCOPE_BEGIN|[64]|result|Integer|false|false
12:35:00.564 (1567803982)|HEAP_ALLOCATE|[64]|Bytes:4
12:35:00.564 (1567808040)|VARIABLE_ASSIGNMENT|[64]|result|1
12:35:00.564 (1567811432)|STATEMENT_EXECUTE|[66]
12:35:00.564 (1567821449)|HEAP_ALLOCATE|[66]|Bytes:4
12:35:00.564 (1567826895)|VARIABLE_ASSIGNMENT|[66]|result|99162384
12:35:00.564 (1567830538)|STATEMENT_EXECUTE|[68]
12:35:00.564 (1567832156)|HEAP_ALLOCATE|[68]|Bytes:4
12:35:00.564 (1567837248)|METHOD_EXIT|[88]|01pm0000000Yfag|fflib_MethodArgValues.hashCode()
12:35:00.564 (1567843186)|METHOD_ENTRY|[88]|01pm0000000Yfag|fflib_MethodArgValues.hashCode()
12:35:00.564 (1567847954)|VARIABLE_SCOPE_BEGIN|[61]|this|fflib_MethodArgValues|true|false
12:35:00.564 (1567865111)|VARIABLE_ASSIGNMENT|[61]|this|{"argValues":"0x54a807b1"}|0x695370ac
12:35:00.564 (1567875547)|HEAP_ALLOCATE|[63]|Bytes:5
12:35:00.564 (1567879315)|STATEMENT_EXECUTE|[62]
12:35:00.564 (1567880787)|STATEMENT_EXECUTE|[63]
12:35:00.564 (1567883634)|VARIABLE_SCOPE_BEGIN|[63]|prime|Integer|false|false
12:35:00.564 (1567889445)|HEAP_ALLOCATE|[63]|Bytes:4
12:35:00.564 (1567894518)|VARIABLE_ASSIGNMENT|[63]|prime|31
12:35:00.564 (1567898307)|STATEMENT_EXECUTE|[64]
12:35:00.564 (1567900209)|VARIABLE_SCOPE_BEGIN|[64]|result|Integer|false|false
12:35:00.564 (1567905635)|HEAP_ALLOCATE|[64]|Bytes:4
12:35:00.564 (1567909665)|VARIABLE_ASSIGNMENT|[64]|result|1
12:35:00.564 (1567913095)|STATEMENT_EXECUTE|[66]
12:35:00.564 (1567922453)|HEAP_ALLOCATE|[66]|Bytes:4
12:35:00.564 (1567927400)|VARIABLE_ASSIGNMENT|[66]|result|99162384
12:35:00.564 (1567931190)|STATEMENT_EXECUTE|[68]
12:35:00.564 (1567932788)|HEAP_ALLOCATE|[68]|Bytes:4
12:35:00.564 (1567937733)|METHOD_EXIT|[88]|01pm0000000Yfag|fflib_MethodArgValues.hashCode()
12:35:00.564 (1567950123)|STATEMENT_EXECUTE|[89]
12:35:00.564 (1567954008)|METHOD_ENTRY|[89]|01pm0000000Yfag|fflib_MethodArgValues.hashCode()
12:35:00.564 (1567962752)|VARIABLE_SCOPE_BEGIN|[61]|this|fflib_MethodArgValues|true|false
12:35:00.564 (1567976250)|VARIABLE_ASSIGNMENT|[61]|this|{"argValues":"0x54a807b1"}|0x695370ac
12:35:00.564 (1567986006)|HEAP_ALLOCATE|[63]|Bytes:5
12:35:00.564 (1567989558)|STATEMENT_EXECUTE|[62]
12:35:00.564 (1567991025)|STATEMENT_EXECUTE|[63]
12:35:00.564 (1567993684)|VARIABLE_SCOPE_BEGIN|[63]|prime|Integer|false|false
12:35:00.564 (1567999800)|HEAP_ALLOCATE|[63]|Bytes:4
12:35:00.564 (1568004255)|VARIABLE_ASSIGNMENT|[63]|prime|31
12:35:00.564 (1568008470)|STATEMENT_EXECUTE|[64]
12:35:00.564 (1568010586)|VARIABLE_SCOPE_BEGIN|[64]|result|Integer|false|false
12:35:00.564 (1568015797)|HEAP_ALLOCATE|[64]|Bytes:4
12:35:00.564 (1568019908)|VARIABLE_ASSIGNMENT|[64]|result|1
12:35:00.564 (1568023527)|STATEMENT_EXECUTE|[66]
12:35:00.564 (1568033261)|HEAP_ALLOCATE|[66]|Bytes:4
12:35:00.564 (1568038342)|VARIABLE_ASSIGNMENT|[66]|result|99162384
12:35:00.564 (1568042244)|STATEMENT_EXECUTE|[68]
12:35:00.564 (1568043902)|HEAP_ALLOCATE|[68]|Bytes:4
12:35:00.564 (1568048752)|METHOD_EXIT|[89]|01pm0000000Yfag|fflib_MethodArgValues.hashCode()
12:35:00.564 (1568054808)|METHOD_ENTRY|[89]|01pm0000000Yfag|fflib_MethodArgValues.hashCode()
12:35:00.564 (1568059322)|VARIABLE_SCOPE_BEGIN|[61]|this|fflib_MethodArgValues|true|false
12:35:00.564 (1568072537)|VARIABLE_ASSIGNMENT|[61]|this|{"argValues":"0x6de35be5"}|0x27a6b339
12:35:00.564 (1568081984)|HEAP_ALLOCATE|[63]|Bytes:5
12:35:00.564 (1568085865)|STATEMENT_EXECUTE|[62]
12:35:00.564 (1568087414)|STATEMENT_EXECUTE|[63]
12:35:00.564 (1568089873)|VARIABLE_SCOPE_BEGIN|[63]|prime|Integer|false|false
12:35:00.564 (1568095664)|HEAP_ALLOCATE|[63]|Bytes:4
12:35:00.564 (1568100623)|VARIABLE_ASSIGNMENT|[63]|prime|31
12:35:00.564 (1568103947)|STATEMENT_EXECUTE|[64]
12:35:00.564 (1568105887)|VARIABLE_SCOPE_BEGIN|[64]|result|Integer|false|false
12:35:00.564 (1568111832)|HEAP_ALLOCATE|[64]|Bytes:4
12:35:00.564 (1568116225)|VARIABLE_ASSIGNMENT|[64]|result|1
12:35:00.564 (1568119286)|STATEMENT_EXECUTE|[66]
12:35:00.564 (1568128532)|HEAP_ALLOCATE|[66]|Bytes:4
12:35:00.564 (1568133952)|VARIABLE_ASSIGNMENT|[66]|result|3391
12:35:00.564 (1568137443)|STATEMENT_EXECUTE|[68]
12:35:00.564 (1568139090)|HEAP_ALLOCATE|[68]|Bytes:4
12:35:00.564 (1568143932)|METHOD_EXIT|[89]|01pm0000000Yfag|fflib_MethodArgValues.hashCode()
12:35:00.564 (1568157954)|STATEMENT_EXECUTE|[90]
12:35:00.564 (1568161642)|METHOD_ENTRY|[90]|01pm0000000Yfag|fflib_MethodArgValues.hashCode()
12:35:00.564 (1568170464)|VARIABLE_SCOPE_BEGIN|[61]|this|fflib_MethodArgValues|true|false
12:35:00.564 (1568184012)|VARIABLE_ASSIGNMENT|[61]|this|{"argValues":"0x54a807b1"}|0x695370ac
12:35:00.564 (1568194400)|HEAP_ALLOCATE|[63]|Bytes:5
12:35:00.564 (1568198055)|STATEMENT_EXECUTE|[62]
12:35:00.564 (1568199568)|STATEMENT_EXECUTE|[63]
12:35:00.564 (1568202203)|VARIABLE_SCOPE_BEGIN|[63]|prime|Integer|false|false
12:35:00.564 (1568207650)|HEAP_ALLOCATE|[63]|Bytes:4
12:35:00.564 (1568212567)|VARIABLE_ASSIGNMENT|[63]|prime|31
12:35:00.564 (1568215846)|STATEMENT_EXECUTE|[64]
12:35:00.564 (1568217797)|VARIABLE_SCOPE_BEGIN|[64]|result|Integer|false|false
12:35:00.564 (1568223358)|HEAP_ALLOCATE|[64]|Bytes:4
12:35:00.564 (1568227708)|VARIABLE_ASSIGNMENT|[64]|result|1
12:35:00.564 (1568231035)|STATEMENT_EXECUTE|[66]
12:35:00.564 (1568241022)|HEAP_ALLOCATE|[66]|Bytes:4
12:35:00.564 (1568246054)|VARIABLE_ASSIGNMENT|[66]|result|99162384
12:35:00.564 (1568250299)|STATEMENT_EXECUTE|[68]
12:35:00.564 (1568251925)|HEAP_ALLOCATE|[68]|Bytes:4
12:35:00.564 (1568256340)|METHOD_EXIT|[90]|01pm0000000Yfag|fflib_MethodArgValues.hashCode()
12:35:00.564 (1568262192)|METHOD_ENTRY|[90]|01pm0000000Yfag|fflib_MethodArgValues.hashCode()
12:35:00.564 (1568266891)|VARIABLE_SCOPE_BEGIN|[61]|this|fflib_MethodArgValues|true|false
12:35:00.564 (1568280640)|VARIABLE_ASSIGNMENT|[61]|this|{"argValues":"0xbc69923"}|0x1fc790e5
12:35:00.564 (1568290253)|HEAP_ALLOCATE|[63]|Bytes:5
12:35:00.564 (1568293797)|STATEMENT_EXECUTE|[62]
12:35:00.564 (1568295560)|STATEMENT_EXECUTE|[63]
12:35:00.564 (1568298088)|VARIABLE_SCOPE_BEGIN|[63]|prime|Integer|false|false
12:35:00.564 (1568303615)|HEAP_ALLOCATE|[63]|Bytes:4
12:35:00.564 (1568308358)|VARIABLE_ASSIGNMENT|[63]|prime|31
12:35:00.564 (1568311923)|STATEMENT_EXECUTE|[64]
12:35:00.564 (1568313887)|VARIABLE_SCOPE_BEGIN|[64]|result|Integer|false|false
12:35:00.564 (1568319235)|HEAP_ALLOCATE|[64]|Bytes:4
12:35:00.564 (1568323213)|VARIABLE_ASSIGNMENT|[64]|result|1
12:35:00.564 (1568326307)|STATEMENT_EXECUTE|[66]
12:35:00.564 (1568335702)|HEAP_ALLOCATE|[66]|Bytes:4
12:35:00.564 (1568340821)|VARIABLE_ASSIGNMENT|[66]|result|-316032240
12:35:00.564 (1568344292)|STATEMENT_EXECUTE|[68]
12:35:00.564 (1568345914)|HEAP_ALLOCATE|[68]|Bytes:4
12:35:00.564 (1568350615)|METHOD_EXIT|[90]|01pm0000000Yfag|fflib_MethodArgValues.hashCode()
12:35:00.564 (1568363657)|STATEMENT_EXECUTE|[91]
12:35:00.564 (1568367211)|METHOD_ENTRY|[91]|01pm0000000Yfag|fflib_MethodArgValues.hashCode()
12:35:00.564 (1568375275)|VARIABLE_SCOPE_BEGIN|[61]|this|fflib_MethodArgValues|true|false
12:35:00.564 (1568390266)|VARIABLE_ASSIGNMENT|[61]|this|{"argValues":"0x54a807b1"}|0x695370ac
12:35:00.564 (1568400202)|HEAP_ALLOCATE|[63]|Bytes:5
12:35:00.564 (1568403682)|STATEMENT_EXECUTE|[62]
12:35:00.564 (1568405162)|STATEMENT_EXECUTE|[63]
12:35:00.564 (1568407847)|VARIABLE_SCOPE_BEGIN|[63]|prime|Integer|false|false
12:35:00.564 (1568413293)|HEAP_ALLOCATE|[63]|Bytes:4
12:35:00.564 (1568417847)|VARIABLE_ASSIGNMENT|[63]|prime|31
12:35:00.564 (1568421846)|STATEMENT_EXECUTE|[64]
12:35:00.564 (1568423849)|VARIABLE_SCOPE_BEGIN|[64]|result|Integer|false|false
12:35:00.564 (1568429639)|HEAP_ALLOCATE|[64]|Bytes:4
12:35:00.564 (1568434107)|VARIABLE_ASSIGNMENT|[64]|result|1
12:35:00.564 (1568437566)|STATEMENT_EXECUTE|[66]
12:35:00.564 (1568447206)|HEAP_ALLOCATE|[66]|Bytes:4
12:35:00.564 (1568452126)|VARIABLE_ASSIGNMENT|[66]|result|99162384
12:35:00.564 (1568455647)|STATEMENT_EXECUTE|[68]
12:35:00.564 (1568457263)|HEAP_ALLOCATE|[68]|Bytes:4
12:35:00.564 (1568462259)|METHOD_EXIT|[91]|01pm0000000Yfag|fflib_MethodArgValues.hashCode()
12:35:00.564 (1568468954)|METHOD_ENTRY|[91]|01pm0000000Yfag|fflib_MethodArgValues.hashCode()
12:35:00.564 (1568473242)|VARIABLE_SCOPE_BEGIN|[61]|this|fflib_MethodArgValues|true|false
12:35:00.564 (1568486795)|VARIABLE_ASSIGNMENT|[61]|this|{"argValues":"0x6ea090b2"}|0x19ebdc19
12:35:00.564 (1568496260)|HEAP_ALLOCATE|[63]|Bytes:5
12:35:00.564 (1568499944)|STATEMENT_EXECUTE|[62]
12:35:00.564 (1568501440)|STATEMENT_EXECUTE|[63]
12:35:00.564 (1568503933)|VARIABLE_SCOPE_BEGIN|[63]|prime|Integer|false|false
12:35:00.564 (1568509789)|HEAP_ALLOCATE|[63]|Bytes:4
12:35:00.564 (1568514755)|VARIABLE_ASSIGNMENT|[63]|prime|31
12:35:00.564 (1568518385)|STATEMENT_EXECUTE|[64]
12:35:00.564 (1568520356)|VARIABLE_SCOPE_BEGIN|[64]|result|Integer|false|false
12:35:00.564 (1568525349)|HEAP_ALLOCATE|[64]|Bytes:4
12:35:00.564 (1568529421)|VARIABLE_ASSIGNMENT|[64]|result|1
12:35:00.564 (1568532547)|STATEMENT_EXECUTE|[66]
12:35:00.564 (1568541673)|HEAP_ALLOCATE|[66]|Bytes:4
12:35:00.564 (1568547044)|VARIABLE_ASSIGNMENT|[66]|result|32
12:35:00.564 (1568550801)|STATEMENT_EXECUTE|[68]
12:35:00.564 (1568552419)|HEAP_ALLOCATE|[68]|Bytes:4
12:35:00.564 (1568557868)|METHOD_EXIT|[91]|01pm0000000Yfag|fflib_MethodArgValues.hashCode()
12:35:00.564 (1568571395)|STATEMENT_EXECUTE|[92]
12:35:00.564 (1568574886)|METHOD_ENTRY|[92]|01pm0000000Yfag|fflib_MethodArgValues.hashCode()
12:35:00.564 (1568583460)|VARIABLE_SCOPE_BEGIN|[61]|this|fflib_MethodArgValues|true|false
12:35:00.564 (1568597545)|VARIABLE_ASSIGNMENT|[61]|this|{"argValues":"0x54a807b1"}|0x695370ac
12:35:00.564 (1568607764)|HEAP_ALLOCATE|[63]|Bytes:5
12:35:00.564 (1568611229)|STATEMENT_EXECUTE|[62]
12:35:00.564 (1568612726)|STATEMENT_EXECUTE|[63]
12:35:00.564 (1568615393)|VARIABLE_SCOPE_BEGIN|[63]|prime|Integer|false|false
12:35:00.564 (1568620789)|HEAP_ALLOCATE|[63]|Bytes:4
12:35:00.564 (1568625327)|VARIABLE_ASSIGNMENT|[63]|prime|31
12:35:00.564 (1568628923)|STATEMENT_EXECUTE|[64]
12:35:00.564 (1568630887)|VARIABLE_SCOPE_BEGIN|[64]|result|Integer|false|false
12:35:00.564 (1568636439)|HEAP_ALLOCATE|[64]|Bytes:4
12:35:00.564 (1568641304)|VARIABLE_ASSIGNMENT|[64]|result|1
12:35:00.564 (1568644553)|STATEMENT_EXECUTE|[66]
12:35:00.564 (1568654072)|HEAP_ALLOCATE|[66]|Bytes:4
12:35:00.564 (1568658997)|VARIABLE_ASSIGNMENT|[66]|result|99162384
12:35:00.564 (1568662710)|STATEMENT_EXECUTE|[68]
12:35:00.564 (1568664427)|HEAP_ALLOCATE|[68]|Bytes:4
12:35:00.564 (1568668986)|METHOD_EXIT|[92]|01pm0000000Yfag|fflib_MethodArgValues.hashCode()
12:35:00.564 (1568675136)|METHOD_ENTRY|[92]|01pm0000000Yfag|fflib_MethodArgValues.hashCode()
12:35:00.564 (1568680032)|VARIABLE_SCOPE_BEGIN|[61]|this|fflib_MethodArgValues|true|false
12:35:00.564 (1568691166)|VARIABLE_ASSIGNMENT|[61]|this|{}|0x4d43653b
12:35:00.564 (1568700992)|HEAP_ALLOCATE|[63]|Bytes:5
12:35:00.564 (1568704415)|STATEMENT_EXECUTE|[62]
12:35:00.564 (1568705859)|STATEMENT_EXECUTE|[63]
12:35:00.564 (1568708225)|VARIABLE_SCOPE_BEGIN|[63]|prime|Integer|false|false
12:35:00.564 (1568714448)|HEAP_ALLOCATE|[63]|Bytes:4
12:35:00.564 (1568719237)|VARIABLE_ASSIGNMENT|[63]|prime|31
12:35:00.564 (1568722619)|STATEMENT_EXECUTE|[64]
12:35:00.564 (1568724595)|VARIABLE_SCOPE_BEGIN|[64]|result|Integer|false|false
12:35:00.564 (1568729933)|HEAP_ALLOCATE|[64]|Bytes:4
12:35:00.564 (1568734020)|VARIABLE_ASSIGNMENT|[64]|result|1
12:35:00.564 (1568737312)|STATEMENT_EXECUTE|[66]
12:35:00.564 (1568740290)|HEAP_ALLOCATE|[66]|Bytes:4
12:35:00.564 (1568745076)|VARIABLE_ASSIGNMENT|[66]|result|31
12:35:00.564 (1568748488)|STATEMENT_EXECUTE|[68]
12:35:00.564 (1568750118)|HEAP_ALLOCATE|[68]|Bytes:4
12:35:00.564 (1568755076)|METHOD_EXIT|[92]|01pm0000000Yfag|fflib_MethodArgValues.hashCode()
12:35:00.564 (1568768707)|STATEMENT_EXECUTE|[94]
12:35:00.564 (1568772676)|METHOD_ENTRY|[94]|01pm0000000Yfag|fflib_MethodArgValues.hashCode()
12:35:00.564 (1568780486)|VARIABLE_SCOPE_BEGIN|[61]|this|fflib_MethodArgValues|true|false
12:35:00.564 (1568794402)|VARIABLE_ASSIGNMENT|[61]|this|{"argValues":"0x6de35be5"}|0x27a6b339
12:35:00.564 (1568804657)|HEAP_ALLOCATE|[63]|Bytes:5
12:35:00.564 (1568808415)|STATEMENT_EXECUTE|[62]
12:35:00.564 (1568809878)|STATEMENT_EXECUTE|[63]
12:35:00.564 (1568812549)|VARIABLE_SCOPE_BEGIN|[63]|prime|Integer|false|false
12:35:00.564 (1568818025)|HEAP_ALLOCATE|[63]|Bytes:4
12:35:00.564 (1568822788)|VARIABLE_ASSIGNMENT|[63]|prime|31
12:35:00.564 (1568826609)|STATEMENT_EXECUTE|[64]
12:35:00.564 (1568828649)|VARIABLE_SCOPE_BEGIN|[64]|result|Integer|false|false
12:35:00.564 (1568833800)|HEAP_ALLOCATE|[64]|Bytes:4
12:35:00.564 (1568837948)|VARIABLE_ASSIGNMENT|[64]|result|1
12:35:00.564 (1568841369)|STATEMENT_EXECUTE|[66]
12:35:00.564 (1568851195)|HEAP_ALLOCATE|[66]|Bytes:4
12:35:00.564 (1568859749)|VARIABLE_ASSIGNMENT|[66]|result|3391
12:35:00.564 (1568863671)|STATEMENT_EXECUTE|[68]
12:35:00.564 (1568865323)|HEAP_ALLOCATE|[68]|Bytes:4
12:35:00.564 (1568869949)|METHOD_EXIT|[94]|01pm0000000Yfag|fflib_MethodArgValues.hashCode()
12:35:00.564 (1568876388)|METHOD_ENTRY|[94]|01pm0000000Yfag|fflib_MethodArgValues.hashCode()
12:35:00.564 (1568881401)|VARIABLE_SCOPE_BEGIN|[61]|this|fflib_MethodArgValues|true|false
12:35:00.564 (1568894042)|VARIABLE_ASSIGNMENT|[61]|this|{"argValues":"0x6de35be5"}|0x27a6b339
12:35:00.564 (1568903922)|HEAP_ALLOCATE|[63]|Bytes:5
12:35:00.564 (1568907304)|STATEMENT_EXECUTE|[62]
12:35:00.564 (1568908879)|STATEMENT_EXECUTE|[63]
12:35:00.564 (1568911535)|VARIABLE_SCOPE_BEGIN|[63]|prime|Integer|false|false
12:35:00.564 (1568917481)|HEAP_ALLOCATE|[63]|Bytes:4
12:35:00.564 (1568922126)|VARIABLE_ASSIGNMENT|[63]|prime|31
12:35:00.564 (1568925712)|STATEMENT_EXECUTE|[64]
12:35:00.564 (1568927797)|VARIABLE_SCOPE_BEGIN|[64]|result|Integer|false|false
12:35:00.564 (1568933175)|HEAP_ALLOCATE|[64]|Bytes:4
12:35:00.564 (1568938123)|VARIABLE_ASSIGNMENT|[64]|result|1
12:35:00.564 (1568941646)|STATEMENT_EXECUTE|[66]
12:35:00.564 (1568950785)|HEAP_ALLOCATE|[66]|Bytes:4
12:35:00.564 (1568955742)|VARIABLE_ASSIGNMENT|[66]|result|3391
12:35:00.564 (1568959248)|STATEMENT_EXECUTE|[68]
12:35:00.564 (1568960999)|HEAP_ALLOCATE|[68]|Bytes:4
12:35:00.564 (1568965962)|METHOD_EXIT|[94]|01pm0000000Yfag|fflib_MethodArgValues.hashCode()
12:35:00.564 (1568978378)|STATEMENT_EXECUTE|[95]
12:35:00.564 (1568982102)|METHOD_ENTRY|[95]|01pm0000000Yfag|fflib_MethodArgValues.hashCode()
12:35:00.564 (1568990578)|VARIABLE_SCOPE_BEGIN|[61]|this|fflib_MethodArgValues|true|false
12:35:00.564 (1569003821)|VARIABLE_ASSIGNMENT|[61]|this|{"argValues":"0x6de35be5"}|0x27a6b339
12:35:00.564 (1569014511)|HEAP_ALLOCATE|[63]|Bytes:5
12:35:00.564 (1569018405)|STATEMENT_EXECUTE|[62]
12:35:00.564 (1569019902)|STATEMENT_EXECUTE|[63]
12:35:00.564 (1569022539)|VARIABLE_SCOPE_BEGIN|[63]|prime|Integer|false|false
12:35:00.564 (1569028369)|HEAP_ALLOCATE|[63]|Bytes:4
12:35:00.564 (1569033198)|VARIABLE_ASSIGNMENT|[63]|prime|31
12:35:00.564 (1569036799)|STATEMENT_EXECUTE|[64]
12:35:00.564 (1569038841)|VARIABLE_SCOPE_BEGIN|[64]|result|Integer|false|false
12:35:00.564 (1569043966)|HEAP_ALLOCATE|[64]|Bytes:4
12:35:00.564 (1569048211)|VARIABLE_ASSIGNMENT|[64]|result|1
12:35:00.564 (1569051949)|STATEMENT_EXECUTE|[66]
12:35:00.564 (1569061657)|HEAP_ALLOCATE|[66]|Bytes:4
12:35:00.564 (1569067147)|VARIABLE_ASSIGNMENT|[66]|result|3391
12:35:00.564 (1569070888)|STATEMENT_EXECUTE|[68]
12:35:00.564 (1569072495)|HEAP_ALLOCATE|[68]|Bytes:4
12:35:00.564 (1569077075)|METHOD_EXIT|[95]|01pm0000000Yfag|fflib_MethodArgValues.hashCode()
12:35:00.564 (1569083362)|METHOD_ENTRY|[95]|01pm0000000Yfag|fflib_MethodArgValues.hashCode()
12:35:00.564 (1569088145)|VARIABLE_SCOPE_BEGIN|[61]|this|fflib_MethodArgValues|true|false
12:35:00.564 (1569101033)|VARIABLE_ASSIGNMENT|[61]|this|{"argValues":"0xbc69923"}|0x1fc790e5
12:35:00.564 (1569110528)|HEAP_ALLOCATE|[63]|Bytes:5
12:35:00.564 (1569113686)|STATEMENT_EXECUTE|[62]
12:35:00.564 (1569115334)|STATEMENT_EXECUTE|[63]
12:35:00.564 (1569117819)|VARIABLE_SCOPE_BEGIN|[63]|prime|Integer|false|false
12:35:00.564 (1569124497)|HEAP_ALLOCATE|[63]|Bytes:4
12:35:00.564 (1569129046)|VARIABLE_ASSIGNMENT|[63]|prime|31
12:35:00.564 (1569132972)|STATEMENT_EXECUTE|[64]
12:35:00.564 (1569135443)|VARIABLE_SCOPE_BEGIN|[64]|result|Integer|false|false
12:35:00.564 (1569140867)|HEAP_ALLOCATE|[64]|Bytes:4
12:35:00.564 (1569145123)|VARIABLE_ASSIGNMENT|[64]|result|1
12:35:00.564 (1569148700)|STATEMENT_EXECUTE|[66]
12:35:00.564 (1569157769)|HEAP_ALLOCATE|[66]|Bytes:4
12:35:00.564 (1569162966)|VARIABLE_ASSIGNMENT|[66]|result|-316032240
12:35:00.564 (1569166363)|STATEMENT_EXECUTE|[68]
12:35:00.564 (1569168018)|HEAP_ALLOCATE|[68]|Bytes:4
12:35:00.564 (1569173170)|METHOD_EXIT|[95]|01pm0000000Yfag|fflib_MethodArgValues.hashCode()
12:35:00.564 (1569186663)|STATEMENT_EXECUTE|[96]
12:35:00.564 (1569190488)|METHOD_ENTRY|[96]|01pm0000000Yfag|fflib_MethodArgValues.hashCode()
12:35:00.564 (1569199698)|VARIABLE_SCOPE_BEGIN|[61]|this|fflib_MethodArgValues|true|false
12:35:00.564 (1569213149)|VARIABLE_ASSIGNMENT|[61]|this|{"argValues":"0x6de35be5"}|0x27a6b339
12:35:00.564 (1569223613)|HEAP_ALLOCATE|[63]|Bytes:5
12:35:00.564 (1569227554)|STATEMENT_EXECUTE|[62]
12:35:00.564 (1569229028)|STATEMENT_EXECUTE|[63]
12:35:00.564 (1569232150)|VARIABLE_SCOPE_BEGIN|[63]|prime|Integer|false|false
12:35:00.564 (1569237890)|HEAP_ALLOCATE|[63]|Bytes:4
12:35:00.564 (1569242811)|VARIABLE_ASSIGNMENT|[63]|prime|31
12:35:00.564 (1569246043)|STATEMENT_EXECUTE|[64]
12:35:00.564 (1569247995)|VARIABLE_SCOPE_BEGIN|[64]|result|Integer|false|false
12:35:00.564 (1569253077)|HEAP_ALLOCATE|[64]|Bytes:4
12:35:00.564 (1569257171)|VARIABLE_ASSIGNMENT|[64]|result|1
12:35:00.564 (1569260770)|STATEMENT_EXECUTE|[66]
12:35:00.564 (1569270431)|HEAP_ALLOCATE|[66]|Bytes:4
12:35:00.564 (1569275587)|VARIABLE_ASSIGNMENT|[66]|result|3391
12:35:00.564 (1569279529)|STATEMENT_EXECUTE|[68]
12:35:00.564 (1569281135)|HEAP_ALLOCATE|[68]|Bytes:4
12:35:00.564 (1569285528)|METHOD_EXIT|[96]|01pm0000000Yfag|fflib_MethodArgValues.hashCode()
12:35:00.564 (1569292016)|METHOD_ENTRY|[96]|01pm0000000Yfag|fflib_MethodArgValues.hashCode()
12:35:00.564 (1569296952)|VARIABLE_SCOPE_BEGIN|[61]|this|fflib_MethodArgValues|true|false
12:35:00.564 (1569309405)|VARIABLE_ASSIGNMENT|[61]|this|{"argValues":"0x6ea090b2"}|0x19ebdc19
12:35:00.564 (1569319538)|HEAP_ALLOCATE|[63]|Bytes:5
12:35:00.564 (1569323017)|STATEMENT_EXECUTE|[62]
12:35:00.564 (1569324506)|STATEMENT_EXECUTE|[63]
12:35:00.564 (1569327091)|VARIABLE_SCOPE_BEGIN|[63]|prime|Integer|false|false
12:35:00.564 (1569333172)|HEAP_ALLOCATE|[63]|Bytes:4
12:35:00.564 (1569337960)|VARIABLE_ASSIGNMENT|[63]|prime|31
12:35:00.564 (1569341363)|STATEMENT_EXECUTE|[64]
12:35:00.564 (1569343370)|VARIABLE_SCOPE_BEGIN|[64]|result|Integer|false|false
12:35:00.564 (1569348817)|HEAP_ALLOCATE|[64]|Bytes:4
12:35:00.564 (1569353100)|VARIABLE_ASSIGNMENT|[64]|result|1
12:35:00.564 (1569356286)|STATEMENT_EXECUTE|[66]
12:35:00.564 (1569365875)|HEAP_ALLOCATE|[66]|Bytes:4
12:35:00.564 (1569370823)|VARIABLE_ASSIGNMENT|[66]|result|32
12:35:00.564 (1569374782)|STATEMENT_EXECUTE|[68]
12:35:00.564 (1569376408)|HEAP_ALLOCATE|[68]|Bytes:4
12:35:00.564 (1569381683)|METHOD_EXIT|[96]|01pm0000000Yfag|fflib_MethodArgValues.hashCode()
12:35:00.564 (1569394964)|STATEMENT_EXECUTE|[97]
12:35:00.564 (1569399814)|METHOD_ENTRY|[97]|01pm0000000Yfag|fflib_MethodArgValues.hashCode()
12:35:00.564 (1569415515)|VARIABLE_SCOPE_BEGIN|[61]|this|fflib_MethodArgValues|true|false
12:35:00.564 (1569430078)|VARIABLE_ASSIGNMENT|[61]|this|{"argValues":"0x6de35be5"}|0x27a6b339
12:35:00.564 (1569439803)|HEAP_ALLOCATE|[63]|Bytes:5
12:35:00.564 (1569443646)|STATEMENT_EXECUTE|[62]
12:35:00.564 (1569445220)|STATEMENT_EXECUTE|[63]
12:35:00.564 (1569448112)|VARIABLE_SCOPE_BEGIN|[63]|prime|Integer|false|false
12:35:00.564 (1569454041)|HEAP_ALLOCATE|[63]|Bytes:4
12:35:00.564 (1569459052)|VARIABLE_ASSIGNMENT|[63]|prime|31
12:35:00.564 (1569462707)|STATEMENT_EXECUTE|[64]
12:35:00.564 (1569464764)|VARIABLE_SCOPE_BEGIN|[64]|result|Integer|false|false
12:35:00.564 (1569470230)|HEAP_ALLOCATE|[64]|Bytes:4
12:35:00.564 (1569474718)|VARIABLE_ASSIGNMENT|[64]|result|1
12:35:00.564 (1569477981)|STATEMENT_EXECUTE|[66]
12:35:00.564 (1569487877)|HEAP_ALLOCATE|[66]|Bytes:4
12:35:00.564 (1569493282)|VARIABLE_ASSIGNMENT|[66]|result|3391
12:35:00.564 (1569497188)|STATEMENT_EXECUTE|[68]
12:35:00.564 (1569499008)|HEAP_ALLOCATE|[68]|Bytes:4
12:35:00.564 (1569503597)|METHOD_EXIT|[97]|01pm0000000Yfag|fflib_MethodArgValues.hashCode()
12:35:00.564 (1569509835)|METHOD_ENTRY|[97]|01pm0000000Yfag|fflib_MethodArgValues.hashCode()
12:35:00.564 (1569514349)|VARIABLE_SCOPE_BEGIN|[61]|this|fflib_MethodArgValues|true|false
12:35:00.564 (1569525364)|VARIABLE_ASSIGNMENT|[61]|this|{}|0x4d43653b
12:35:00.564 (1569534418)|HEAP_ALLOCATE|[63]|Bytes:5
12:35:00.564 (1569538011)|STATEMENT_EXECUTE|[62]
12:35:00.564 (1569539488)|STATEMENT_EXECUTE|[63]
12:35:00.564 (1569542048)|VARIABLE_SCOPE_BEGIN|[63]|prime|Integer|false|false
12:35:00.564 (1569548557)|HEAP_ALLOCATE|[63]|Bytes:4
12:35:00.564 (1569553065)|VARIABLE_ASSIGNMENT|[63]|prime|31
12:35:00.564 (1569556737)|STATEMENT_EXECUTE|[64]
12:35:00.564 (1569558692)|VARIABLE_SCOPE_BEGIN|[64]|result|Integer|false|false
12:35:00.564 (1569564399)|HEAP_ALLOCATE|[64]|Bytes:4
12:35:00.564 (1569568660)|VARIABLE_ASSIGNMENT|[64]|result|1
12:35:00.564 (1569572406)|STATEMENT_EXECUTE|[66]
12:35:00.564 (1569575335)|HEAP_ALLOCATE|[66]|Bytes:4
12:35:00.564 (1569580384)|VARIABLE_ASSIGNMENT|[66]|result|31
12:35:00.564 (1569583539)|STATEMENT_EXECUTE|[68]
12:35:00.564 (1569585109)|HEAP_ALLOCATE|[68]|Bytes:4
12:35:00.564 (1569589863)|METHOD_EXIT|[97]|01pm0000000Yfag|fflib_MethodArgValues.hashCode()
12:35:00.564 (1569604161)|STATEMENT_EXECUTE|[99]
12:35:00.564 (1569608287)|METHOD_ENTRY|[99]|01pm0000000Yfag|fflib_MethodArgValues.hashCode()
12:35:00.564 (1569616388)|VARIABLE_SCOPE_BEGIN|[61]|this|fflib_MethodArgValues|true|false
12:35:00.564 (1569630456)|VARIABLE_ASSIGNMENT|[61]|this|{"argValues":"0xbc69923"}|0x1fc790e5
12:35:00.564 (1569640299)|HEAP_ALLOCATE|[63]|Bytes:5
12:35:00.564 (1569644084)|STATEMENT_EXECUTE|[62]
12:35:00.564 (1569645657)|STATEMENT_EXECUTE|[63]
12:35:00.564 (1569648352)|VARIABLE_SCOPE_BEGIN|[63]|prime|Integer|false|false
12:35:00.564 (1569653663)|HEAP_ALLOCATE|[63]|Bytes:4
12:35:00.564 (1569658442)|VARIABLE_ASSIGNMENT|[63]|prime|31
12:35:00.564 (1569662359)|STATEMENT_EXECUTE|[64]
12:35:00.564 (1569664364)|VARIABLE_SCOPE_BEGIN|[64]|result|Integer|false|false
12:35:00.564 (1569669293)|HEAP_ALLOCATE|[64]|Bytes:4
12:35:00.564 (1569673382)|VARIABLE_ASSIGNMENT|[64]|result|1
12:35:00.564 (1569676393)|STATEMENT_EXECUTE|[66]
12:35:00.564 (1569686230)|HEAP_ALLOCATE|[66]|Bytes:4
12:35:00.564 (1569691710)|VARIABLE_ASSIGNMENT|[66]|result|-316032240
12:35:00.564 (1569695224)|STATEMENT_EXECUTE|[68]
12:35:00.564 (1569696865)|HEAP_ALLOCATE|[68]|Bytes:4
12:35:00.564 (1569701731)|METHOD_EXIT|[99]|01pm0000000Yfag|fflib_MethodArgValues.hashCode()
12:35:00.564 (1569708161)|METHOD_ENTRY|[99]|01pm0000000Yfag|fflib_MethodArgValues.hashCode()
12:35:00.564 (1569712542)|VARIABLE_SCOPE_BEGIN|[61]|this|fflib_MethodArgValues|true|false
12:35:00.564 (1569725919)|VARIABLE_ASSIGNMENT|[61]|this|{"argValues":"0xbc69923"}|0x1fc790e5
12:35:00.564 (1569735465)|HEAP_ALLOCATE|[63]|Bytes:5
12:35:00.564 (1569738855)|STATEMENT_EXECUTE|[62]
12:35:00.564 (1569740688)|STATEMENT_EXECUTE|[63]
12:35:00.564 (1569743294)|VARIABLE_SCOPE_BEGIN|[63]|prime|Integer|false|false
12:35:00.564 (1569749567)|HEAP_ALLOCATE|[63]|Bytes:4
12:35:00.564 (1569754425)|VARIABLE_ASSIGNMENT|[63]|prime|31
12:35:00.564 (1569758416)|STATEMENT_EXECUTE|[64]
12:35:00.564 (1569760467)|VARIABLE_SCOPE_BEGIN|[64]|result|Integer|false|false
12:35:00.564 (1569765853)|HEAP_ALLOCATE|[64]|Bytes:4
12:35:00.564 (1569770327)|VARIABLE_ASSIGNMENT|[64]|result|1
12:35:00.564 (1569773930)|STATEMENT_EXECUTE|[66]
12:35:00.564 (1569783164)|HEAP_ALLOCATE|[66]|Bytes:4
12:35:00.564 (1569788323)|VARIABLE_ASSIGNMENT|[66]|result|-316032240
12:35:00.564 (1569791567)|STATEMENT_EXECUTE|[68]
12:35:00.564 (1569793250)|HEAP_ALLOCATE|[68]|Bytes:4
12:35:00.564 (1569798003)|METHOD_EXIT|[99]|01pm0000000Yfag|fflib_MethodArgValues.hashCode()
12:35:00.564 (1569810655)|STATEMENT_EXECUTE|[100]
12:35:00.564 (1569814311)|METHOD_ENTRY|[100]|01pm0000000Yfag|fflib_MethodArgValues.hashCode()
12:35:00.564 (1569822638)|VARIABLE_SCOPE_BEGIN|[61]|this|fflib_MethodArgValues|true|false
12:35:00.564 (1569837629)|VARIABLE_ASSIGNMENT|[61]|this|{"argValues":"0xbc69923"}|0x1fc790e5
12:35:00.564 (1569847960)|HEAP_ALLOCATE|[63]|Bytes:5
12:35:00.564 (1569851895)|STATEMENT_EXECUTE|[62]
12:35:00.564 (1569853360)|STATEMENT_EXECUTE|[63]
12:35:00.564 (1569859684)|VARIABLE_SCOPE_BEGIN|[63]|prime|Integer|false|false
12:35:00.564 (1569865823)|HEAP_ALLOCATE|[63]|Bytes:4
12:35:00.564 (1569870802)|VARIABLE_ASSIGNMENT|[63]|prime|31
12:35:00.564 (1569874655)|STATEMENT_EXECUTE|[64]
12:35:00.564 (1569876800)|VARIABLE_SCOPE_BEGIN|[64]|result|Integer|false|false
12:35:00.564 (1569882266)|HEAP_ALLOCATE|[64]|Bytes:4
12:35:00.564 (1569886620)|VARIABLE_ASSIGNMENT|[64]|result|1
12:35:00.564 (1569890438)|STATEMENT_EXECUTE|[66]
12:35:00.564 (1569900249)|HEAP_ALLOCATE|[66]|Bytes:4
12:35:00.564 (1569905728)|VARIABLE_ASSIGNMENT|[66]|result|-316032240
12:35:00.564 (1569909554)|STATEMENT_EXECUTE|[68]
12:35:00.564 (1569911677)|HEAP_ALLOCATE|[68]|Bytes:4
12:35:00.564 (1569916429)|METHOD_EXIT|[100]|01pm0000000Yfag|fflib_MethodArgValues.hashCode()
12:35:00.564 (1569923327)|METHOD_ENTRY|[100]|01pm0000000Yfag|fflib_MethodArgValues.hashCode()
12:35:00.564 (1569928051)|VARIABLE_SCOPE_BEGIN|[61]|this|fflib_MethodArgValues|true|false
12:35:00.564 (1569940911)|VARIABLE_ASSIGNMENT|[61]|this|{"argValues":"0x6ea090b2"}|0x19ebdc19
12:35:00.564 (1569951299)|HEAP_ALLOCATE|[63]|Bytes:5
12:35:00.564 (1569954852)|STATEMENT_EXECUTE|[62]
12:35:00.564 (1569956288)|STATEMENT_EXECUTE|[63]
12:35:00.564 (1569958833)|VARIABLE_SCOPE_BEGIN|[63]|prime|Integer|false|false
12:35:00.564 (1569964886)|HEAP_ALLOCATE|[63]|Bytes:4
12:35:00.564 (1569969811)|VARIABLE_ASSIGNMENT|[63]|prime|31
12:35:00.564 (1569973392)|STATEMENT_EXECUTE|[64]
12:35:00.564 (1569975417)|VARIABLE_SCOPE_BEGIN|[64]|result|Integer|false|false
12:35:00.564 (1569980956)|HEAP_ALLOCATE|[64]|Bytes:4
12:35:00.564 (1569985379)|VARIABLE_ASSIGNMENT|[64]|result|1
12:35:00.564 (1569988582)|STATEMENT_EXECUTE|[66]
12:35:00.564 (1569997918)|HEAP_ALLOCATE|[66]|Bytes:4
12:35:00.564 (1570003564)|VARIABLE_ASSIGNMENT|[66]|result|32
12:35:00.564 (1570007783)|STATEMENT_EXECUTE|[68]
12:35:00.564 (1570009440)|HEAP_ALLOCATE|[68]|Bytes:4
12:35:00.564 (1570014527)|METHOD_EXIT|[100]|01pm0000000Yfag|fflib_MethodArgValues.hashCode()
12:35:00.564 (1570030784)|STATEMENT_EXECUTE|[101]
12:35:00.564 (1570036629)|METHOD_ENTRY|[101]|01pm0000000Yfag|fflib_MethodArgValues.hashCode()
12:35:00.564 (1570048601)|VARIABLE_SCOPE_BEGIN|[61]|this|fflib_MethodArgValues|true|false
12:35:00.564 (1570065363)|VARIABLE_ASSIGNMENT|[61]|this|{"argValues":"0xbc69923"}|0x1fc790e5
12:35:00.564 (1570077726)|HEAP_ALLOCATE|[63]|Bytes:5
12:35:00.564 (1570081758)|STATEMENT_EXECUTE|[62]
12:35:00.564 (1570083200)|STATEMENT_EXECUTE|[63]
12:35:00.564 (1570085908)|VARIABLE_SCOPE_BEGIN|[63]|prime|Integer|false|false
12:35:00.564 (1570091817)|HEAP_ALLOCATE|[63]|Bytes:4
12:35:00.564 (1570096639)|VARIABLE_ASSIGNMENT|[63]|prime|31
12:35:00.564 (1570100422)|STATEMENT_EXECUTE|[64]
12:35:00.564 (1570102473)|VARIABLE_SCOPE_BEGIN|[64]|result|Integer|false|false
12:35:00.564 (1570108150)|HEAP_ALLOCATE|[64]|Bytes:4
12:35:00.564 (1570112391)|VARIABLE_ASSIGNMENT|[64]|result|1
12:35:00.564 (1570115862)|STATEMENT_EXECUTE|[66]
12:35:00.564 (1570126225)|HEAP_ALLOCATE|[66]|Bytes:4
12:35:00.564 (1570131712)|VARIABLE_ASSIGNMENT|[66]|result|-316032240
12:35:00.564 (1570135375)|STATEMENT_EXECUTE|[68]
12:35:00.564 (1570137162)|HEAP_ALLOCATE|[68]|Bytes:4
12:35:00.564 (1570141970)|METHOD_EXIT|[101]|01pm0000000Yfag|fflib_MethodArgValues.hashCode()
12:35:00.564 (1570148371)|METHOD_ENTRY|[101]|01pm0000000Yfag|fflib_MethodArgValues.hashCode()
12:35:00.564 (1570153061)|VARIABLE_SCOPE_BEGIN|[61]|this|fflib_MethodArgValues|true|false
12:35:00.564 (1570163406)|VARIABLE_ASSIGNMENT|[61]|this|{}|0x4d43653b
12:35:00.564 (1570172575)|HEAP_ALLOCATE|[63]|Bytes:5
12:35:00.564 (1570176084)|STATEMENT_EXECUTE|[62]
12:35:00.564 (1570177651)|STATEMENT_EXECUTE|[63]
12:35:00.564 (1570180188)|VARIABLE_SCOPE_BEGIN|[63]|prime|Integer|false|false
12:35:00.564 (1570185775)|HEAP_ALLOCATE|[63]|Bytes:4
12:35:00.564 (1570190573)|VARIABLE_ASSIGNMENT|[63]|prime|31
12:35:00.564 (1570194828)|STATEMENT_EXECUTE|[64]
12:35:00.564 (1570196809)|VARIABLE_SCOPE_BEGIN|[64]|result|Integer|false|false
12:35:00.564 (1570202153)|HEAP_ALLOCATE|[64]|Bytes:4
12:35:00.564 (1570206599)|VARIABLE_ASSIGNMENT|[64]|result|1
12:35:00.564 (1570210028)|STATEMENT_EXECUTE|[66]
12:35:00.564 (1570212909)|HEAP_ALLOCATE|[66]|Bytes:4
12:35:00.564 (1570217169)|VARIABLE_ASSIGNMENT|[66]|result|31
12:35:00.564 (1570220409)|STATEMENT_EXECUTE|[68]
12:35:00.564 (1570221956)|HEAP_ALLOCATE|[68]|Bytes:4
12:35:00.564 (1570226666)|METHOD_EXIT|[101]|01pm0000000Yfag|fflib_MethodArgValues.hashCode()
12:35:00.564 (1570240377)|STATEMENT_EXECUTE|[103]
12:35:00.564 (1570244120)|METHOD_ENTRY|[103]|01pm0000000Yfag|fflib_MethodArgValues.hashCode()
12:35:00.564 (1570252247)|VARIABLE_SCOPE_BEGIN|[61]|this|fflib_MethodArgValues|true|false
12:35:00.564 (1570270690)|VARIABLE_ASSIGNMENT|[61]|this|{"argValues":"0x6ea090b2"}|0x19ebdc19
12:35:00.564 (1570290277)|HEAP_ALLOCATE|[63]|Bytes:5
12:35:00.564 (1570298562)|STATEMENT_EXECUTE|[62]
12:35:00.564 (1570300781)|STATEMENT_EXECUTE|[63]
12:35:00.564 (1570306092)|VARIABLE_SCOPE_BEGIN|[63]|prime|Integer|false|false
12:35:00.564 (1570315394)|HEAP_ALLOCATE|[63]|Bytes:4
12:35:00.564 (1570324829)|VARIABLE_ASSIGNMENT|[63]|prime|31
12:35:00.564 (1570330973)|STATEMENT_EXECUTE|[64]
12:35:00.564 (1570333654)|VARIABLE_SCOPE_BEGIN|[64]|result|Integer|false|false
12:35:00.564 (1570339319)|HEAP_ALLOCATE|[64]|Bytes:4
12:35:00.564 (1570343776)|VARIABLE_ASSIGNMENT|[64]|result|1
12:35:00.564 (1570346946)|STATEMENT_EXECUTE|[66]
12:35:00.564 (1570363516)|HEAP_ALLOCATE|[66]|Bytes:4
12:35:00.564 (1570371616)|VARIABLE_ASSIGNMENT|[66]|result|32
12:35:00.564 (1570376013)|STATEMENT_EXECUTE|[68]
12:35:00.564 (1570377839)|HEAP_ALLOCATE|[68]|Bytes:4
12:35:00.564 (1570385017)|METHOD_EXIT|[103]|01pm0000000Yfag|fflib_MethodArgValues.hashCode()
12:35:00.564 (1570393523)|METHOD_ENTRY|[103]|01pm0000000Yfag|fflib_MethodArgValues.hashCode()
12:35:00.564 (1570398913)|VARIABLE_SCOPE_BEGIN|[61]|this|fflib_MethodArgValues|true|false
12:35:00.564 (1570416807)|VARIABLE_ASSIGNMENT|[61]|this|{"argValues":"0x6ea090b2"}|0x19ebdc19
12:35:00.564 (1570428289)|HEAP_ALLOCATE|[63]|Bytes:5
12:35:00.564 (1570432106)|STATEMENT_EXECUTE|[62]
12:35:00.564 (1570433659)|STATEMENT_EXECUTE|[63]
12:35:00.564 (1570436791)|VARIABLE_SCOPE_BEGIN|[63]|prime|Integer|false|false
12:35:00.564 (1570442897)|HEAP_ALLOCATE|[63]|Bytes:4
12:35:00.564 (1570447440)|VARIABLE_ASSIGNMENT|[63]|prime|31
12:35:00.564 (1570451301)|STATEMENT_EXECUTE|[64]
12:35:00.564 (1570453429)|VARIABLE_SCOPE_BEGIN|[64]|result|Integer|false|false
12:35:00.564 (1570458713)|HEAP_ALLOCATE|[64]|Bytes:4
12:35:00.564 (1570463164)|VARIABLE_ASSIGNMENT|[64]|result|1
12:35:00.564 (1570466546)|STATEMENT_EXECUTE|[66]
12:35:00.564 (1570477528)|HEAP_ALLOCATE|[66]|Bytes:4
12:35:00.564 (1570482436)|VARIABLE_ASSIGNMENT|[66]|result|32
12:35:00.564 (1570486059)|STATEMENT_EXECUTE|[68]
12:35:00.564 (1570487646)|HEAP_ALLOCATE|[68]|Bytes:4
12:35:00.564 (1570492941)|METHOD_EXIT|[103]|01pm0000000Yfag|fflib_MethodArgValues.hashCode()
12:35:00.564 (1570507469)|STATEMENT_EXECUTE|[104]
12:35:00.564 (1570511774)|METHOD_ENTRY|[104]|01pm0000000Yfag|fflib_MethodArgValues.hashCode()
12:35:00.564 (1570522049)|VARIABLE_SCOPE_BEGIN|[61]|this|fflib_MethodArgValues|true|false
12:35:00.564 (1570537330)|VARIABLE_ASSIGNMENT|[61]|this|{"argValues":"0x6ea090b2"}|0x19ebdc19
12:35:00.564 (1570548420)|HEAP_ALLOCATE|[63]|Bytes:5
12:35:00.564 (1570552177)|STATEMENT_EXECUTE|[62]
12:35:00.564 (1570553673)|STATEMENT_EXECUTE|[63]
12:35:00.564 (1570556499)|VARIABLE_SCOPE_BEGIN|[63]|prime|Integer|false|false
12:35:00.564 (1570563005)|HEAP_ALLOCATE|[63]|Bytes:4
12:35:00.564 (1570567922)|VARIABLE_ASSIGNMENT|[63]|prime|31
12:35:00.564 (1570571367)|STATEMENT_EXECUTE|[64]
12:35:00.564 (1570573435)|VARIABLE_SCOPE_BEGIN|[64]|result|Integer|false|false
12:35:00.564 (1570579073)|HEAP_ALLOCATE|[64]|Bytes:4
12:35:00.564 (1570583143)|VARIABLE_ASSIGNMENT|[64]|result|1
12:35:00.564 (1570586261)|STATEMENT_EXECUTE|[66]
12:35:00.564 (1570596728)|HEAP_ALLOCATE|[66]|Bytes:4
12:35:00.564 (1570602188)|VARIABLE_ASSIGNMENT|[66]|result|32
12:35:00.564 (1570606117)|STATEMENT_EXECUTE|[68]
12:35:00.564 (1570607758)|HEAP_ALLOCATE|[68]|Bytes:4
12:35:00.564 (1570613104)|METHOD_EXIT|[104]|01pm0000000Yfag|fflib_MethodArgValues.hashCode()
12:35:00.564 (1570619637)|METHOD_ENTRY|[104]|01pm0000000Yfag|fflib_MethodArgValues.hashCode()
12:35:00.564 (1570624350)|VARIABLE_SCOPE_BEGIN|[61]|this|fflib_MethodArgValues|true|false
12:35:00.564 (1570635640)|VARIABLE_ASSIGNMENT|[61]|this|{}|0x4d43653b
12:35:00.564 (1570646232)|HEAP_ALLOCATE|[63]|Bytes:5
12:35:00.564 (1570650017)|STATEMENT_EXECUTE|[62]
12:35:00.564 (1570651508)|STATEMENT_EXECUTE|[63]
12:35:00.564 (1570654239)|VARIABLE_SCOPE_BEGIN|[63]|prime|Integer|false|false
12:35:00.564 (1570659712)|HEAP_ALLOCATE|[63]|Bytes:4
12:35:00.564 (1570664979)|VARIABLE_ASSIGNMENT|[63]|prime|31
12:35:00.564 (1570668488)|STATEMENT_EXECUTE|[64]
12:35:00.564 (1570670882)|VARIABLE_SCOPE_BEGIN|[64]|result|Integer|false|false
12:35:00.564 (1570676107)|HEAP_ALLOCATE|[64]|Bytes:4
12:35:00.564 (1570680268)|VARIABLE_ASSIGNMENT|[64]|result|1
12:35:00.564 (1570683929)|STATEMENT_EXECUTE|[66]
12:35:00.564 (1570686975)|HEAP_ALLOCATE|[66]|Bytes:4
12:35:00.564 (1570691476)|VARIABLE_ASSIGNMENT|[66]|result|31
12:35:00.564 (1570694599)|STATEMENT_EXECUTE|[68]
12:35:00.564 (1570696156)|HEAP_ALLOCATE|[68]|Bytes:4
12:35:00.564 (1570701182)|METHOD_EXIT|[104]|01pm0000000Yfag|fflib_MethodArgValues.hashCode()
12:35:00.564 (1570716204)|STATEMENT_EXECUTE|[106]
12:35:00.564 (1570720277)|METHOD_ENTRY|[106]|01pm0000000Yfag|fflib_MethodArgValues.hashCode()
12:35:00.564 (1570728837)|VARIABLE_SCOPE_BEGIN|[61]|this|fflib_MethodArgValues|true|false
12:35:00.564 (1570741091)|VARIABLE_ASSIGNMENT|[61]|this|{}|0x4d43653b
12:35:00.564 (1570751143)|HEAP_ALLOCATE|[63]|Bytes:5
12:35:00.564 (1570755061)|STATEMENT_EXECUTE|[62]
12:35:00.564 (1570756543)|STATEMENT_EXECUTE|[63]
12:35:00.564 (1570759188)|VARIABLE_SCOPE_BEGIN|[63]|prime|Integer|false|false
12:35:00.564 (1570765448)|HEAP_ALLOCATE|[63]|Bytes:4
12:35:00.564 (1570770131)|VARIABLE_ASSIGNMENT|[63]|prime|31
12:35:00.564 (1570773565)|STATEMENT_EXECUTE|[64]
12:35:00.564 (1570775570)|VARIABLE_SCOPE_BEGIN|[64]|result|Integer|false|false
12:35:00.564 (1570781356)|HEAP_ALLOCATE|[64]|Bytes:4
12:35:00.564 (1570785482)|VARIABLE_ASSIGNMENT|[64]|result|1
12:35:00.564 (1570789059)|STATEMENT_EXECUTE|[66]
12:35:00.564 (1570792060)|HEAP_ALLOCATE|[66]|Bytes:4
12:35:00.564 (1570796931)|VARIABLE_ASSIGNMENT|[66]|result|31
12:35:00.564 (1570800217)|STATEMENT_EXECUTE|[68]
12:35:00.564 (1570801886)|HEAP_ALLOCATE|[68]|Bytes:4
12:35:00.564 (1570806975)|METHOD_EXIT|[106]|01pm0000000Yfag|fflib_MethodArgValues.hashCode()
12:35:00.564 (1570814025)|METHOD_ENTRY|[106]|01pm0000000Yfag|fflib_MethodArgValues.hashCode()
12:35:00.564 (1570818688)|VARIABLE_SCOPE_BEGIN|[61]|this|fflib_MethodArgValues|true|false
12:35:00.564 (1570828839)|VARIABLE_ASSIGNMENT|[61]|this|{}|0x4d43653b
12:35:00.564 (1570838079)|HEAP_ALLOCATE|[63]|Bytes:5
12:35:00.564 (1570842284)|STATEMENT_EXECUTE|[62]
12:35:00.564 (1570843733)|STATEMENT_EXECUTE|[63]
12:35:00.564 (1570846201)|VARIABLE_SCOPE_BEGIN|[63]|prime|Integer|false|false
12:35:00.564 (1570851805)|HEAP_ALLOCATE|[63]|Bytes:4
12:35:00.564 (1570860865)|VARIABLE_ASSIGNMENT|[63]|prime|31
12:35:00.564 (1570865462)|STATEMENT_EXECUTE|[64]
12:35:00.564 (1570867583)|VARIABLE_SCOPE_BEGIN|[64]|result|Integer|false|false
12:35:00.564 (1570873784)|HEAP_ALLOCATE|[64]|Bytes:4
12:35:00.564 (1570878359)|VARIABLE_ASSIGNMENT|[64]|result|1
12:35:00.564 (1570881822)|STATEMENT_EXECUTE|[66]
12:35:00.564 (1570884660)|HEAP_ALLOCATE|[66]|Bytes:4
12:35:00.564 (1570889226)|VARIABLE_ASSIGNMENT|[66]|result|31
12:35:00.564 (1570892412)|STATEMENT_EXECUTE|[68]
12:35:00.564 (1570893996)|HEAP_ALLOCATE|[68]|Bytes:4
12:35:00.564 (1570898839)|METHOD_EXIT|[106]|01pm0000000Yfag|fflib_MethodArgValues.hashCode()
12:35:00.564 (1570911878)|SYSTEM_MODE_EXIT|false
12:35:00.570 (1570923426)|CUMULATIVE_LIMIT_USAGE
12:35:00.570 (1570923426)|LIMIT_USAGE_FOR_NS|(default)|
  Number of SOQL queries: 0 out of 100
  Number of query rows: 0 out of 50000
  Number of SOSL queries: 0 out of 20
  Number of DML statements: 0 out of 150
  Number of DML rows: 0 out of 10000
  Maximum CPU time: 0 out of 10000
  Maximum heap size: 0 out of 6000000
  Number of callouts: 0 out of 100
  Number of Email Invocations: 0 out of 10
  Number of future calls: 0 out of 50
  Number of queueable jobs added to the queue: 0 out of 50
  Number of Mobile Apex push calls: 0 out of 10

12:35:00.570 (1570923426)|CUMULATIVE_LIMIT_USAGE_END

12:35:00.564 (1570959684)|CODE_UNIT_FINISHED|fflib_MethodArgValuesTest.hashCodeReturnsExpectedResults()
12:35:00.564 (1572201201)|EXECUTION_FINISHED
