44.0 APEX_CODE,FINEST;APEX_PROFILING,INFO;CALLOUT,INFO;DB,INFO;NBA,INFO;SYSTEM,DEBUG;VALIDATION,INFO;VISUALFORCE,INFO;WAVE,INFO;WORKFLOW,INFO
09:21:12.0 (302245)|USER_INFO|[EXTERNAL]|00518000002hPQO|matthew.billups@matsonmoney.com.mbill|Mountain Standard Time|GMT-07:00
09:21:12.0 (332784)|EXECUTION_STARTED
09:21:12.0 (337513)|CODE_UNIT_STARTED|[EXTERNAL]|VisualForce View State
09:21:12.0 (214137638)|HEAP_ALLOCATE|[72]|Bytes:3
09:21:12.0 (214205139)|HEAP_ALLOCATE|[77]|Bytes:152
09:21:12.0 (214220997)|HEAP_ALLOCATE|[342]|Bytes:408
09:21:12.0 (214232890)|HEAP_ALLOCATE|[355]|Bytes:408
09:21:12.0 (214243637)|HEAP_ALLOCATE|[467]|Bytes:48
09:21:12.0 (214270685)|HEAP_ALLOCATE|[139]|Bytes:6
09:21:12.0 (214292263)|HEAP_ALLOCATE|[50]|Bytes:5
09:21:12.0 (214313140)|HEAP_ALLOCATE|[56]|Bytes:5
09:21:12.0 (214322074)|HEAP_ALLOCATE|[64]|Bytes:7
09:21:12.0 (215554452)|CODE_UNIT_FINISHED|VisualForce View State
09:21:12.0 (216792946)|EXECUTION_FINISHED
09:21:12.218 (218018397)|USER_INFO|[EXTERNAL]|00518000002hPQO|matthew.billups@matsonmoney.com.mbill|Mountain Standard Time|GMT-07:00
09:21:12.218 (218072984)|SYSTEM_MODE_ENTER|true
09:21:12.218 (218143462)|HEAP_ALLOCATE|[EXTERNAL]|Bytes:38
09:21:12.218 (218152890)|HEAP_ALLOCATE|[EXTERNAL]|Bytes:7
09:21:13.61 (1061837135)|CUMULATIVE_LIMIT_USAGE
09:21:13.61 (1061837135)|LIMIT_USAGE_FOR_NS|(default)|
  Number of SOQL queries: 0 out of 100
  Number of query rows: 0 out of 50000
  Number of SOSL queries: 0 out of 20
  Number of DML statements: 0 out of 150
  Number of DML rows: 0 out of 10000
  Maximum CPU time: 0 out of 10000
  Maximum heap size: 0 out of 6000000
  Number of callouts: 0 out of 100
  Number of Email Invocations: 0 out of 10
  Number of future calls: 0 out of 50
  Number of queueable jobs added to the queue: 0 out of 50
  Number of Mobile Apex push calls: 0 out of 10

09:21:13.61 (1061837135)|CUMULATIVE_LIMIT_USAGE_END

