44.0 APEX_CODE,FINEST;APEX_PROFILING,INFO;CALLOUT,INFO;DB,INFO;NBA,INFO;SYSTEM,DEBUG;VALIDATION,INFO;VISUALFORCE,INFO;WAVE,INFO;WORKFLOW,INFO
14:59:20.0 (83559)|EXECUTION_STARTED
14:59:20.0 (107938)|CODE_UNIT_STARTED|[EXTERNAL]|VisualForce View State
14:59:20.0 (5453029)|HEAP_ALLOCATE|[72]|Bytes:3
14:59:20.0 (5521786)|HEAP_ALLOCATE|[77]|Bytes:152
14:59:20.0 (5537722)|HEAP_ALLOCATE|[342]|Bytes:408
14:59:20.0 (5550524)|HEAP_ALLOCATE|[355]|Bytes:408
14:59:20.0 (5561251)|HEAP_ALLOCATE|[467]|Bytes:48
14:59:20.0 (5588281)|HEAP_ALLOCATE|[139]|Bytes:6
14:59:20.0 (5615371)|HEAP_ALLOCATE|[50]|Bytes:5
14:59:20.0 (5639425)|HEAP_ALLOCATE|[56]|Bytes:5
14:59:20.0 (5647318)|HEAP_ALLOCATE|[64]|Bytes:7
14:59:20.0 (10301979)|CODE_UNIT_FINISHED|VisualForce View State
14:59:20.0 (11261587)|EXECUTION_FINISHED
14:59:20.12 (12464418)|SYSTEM_MODE_ENTER|true
14:59:20.12 (12507446)|HEAP_ALLOCATE|[EXTERNAL]|Bytes:400
14:59:20.12 (12522323)|HEAP_ALLOCATE|[EXTERNAL]|Bytes:235
14:59:20.54 (54468769)|CUMULATIVE_LIMIT_USAGE
14:59:20.54 (54468769)|LIMIT_USAGE_FOR_NS|(default)|
  Number of SOQL queries: 0 out of 100
  Number of query rows: 0 out of 50000
  Number of SOSL queries: 0 out of 20
  Number of DML statements: 0 out of 150
  Number of DML rows: 0 out of 10000
  Maximum CPU time: 0 out of 10000
  Maximum heap size: 0 out of 6000000
  Number of callouts: 0 out of 100
  Number of Email Invocations: 0 out of 10
  Number of future calls: 0 out of 50
  Number of queueable jobs added to the queue: 0 out of 50
  Number of Mobile Apex push calls: 0 out of 10

14:59:20.54 (54468769)|CUMULATIVE_LIMIT_USAGE_END

