36.0 APEX_CODE,FINEST;APEX_PROFILING,INFO;CALLOUT,INFO;DB,INFO;NBA,INFO;SYSTEM,DEBUG;VALIDATION,INFO;VISUALFORCE,INFO;WAVE,INFO;WORKFLOW,INFO
13:10:19.0 (326114)|USER_INFO|[EXTERNAL]|00518000002hPQO|matthew.billups@matsonmoney.com.mbill|Mountain Standard Time|GMT-07:00
13:10:19.0 (358985)|EXECUTION_STARTED
13:10:19.0 (364180)|CODE_UNIT_STARTED|[EXTERNAL]|066180000001Aq4|VF: /apex/DeepCloneMatsonEventFlowRedirect
13:10:19.350 (350591872)|FLOW_CREATE_INTERVIEW_BEGIN||30036000000U6ba|301180000002xAT
13:10:19.350 (350658845)|FLOW_CREATE_INTERVIEW_END|48532e23f051d5d4db6556cd66c916612486ae4-62e2|Deep Clone Matson Event
13:10:19.350 (350827295)|FLOW_START_INTERVIEW_BEGIN|48532e23f051d5d4db6556cd66c916612486ae4-62e2|Deep Clone Matson Event
13:10:19.350 (390131789)|FLOW_ELEMENT_ERROR|This error occurred when the flow tried to look up records: 
Event_End_Date__c, Id FROM Event__c WHERE ((Id = 'Event__c.Id'))  LIMIT 1
                                            ^
ERROR at Row:1:Column:688
invalid ID field: Event__c.Id. You can look up ExceptionCode values in the <a href='https://developer.salesforce.com/docs/atlas.en-us.api.meta/api/sforce_api_calls_concepts_core_data_objects.htm#'>SOAP API Developer Guide</a>.|FlowRecordLookup|Event_to_Clone_Lookup
13:10:19.350 (402188680)|FLOW_ELEMENT_ERROR|This error occurred when the flow tried to look up records: 
Event_End_Date__c, Id FROM Event__c WHERE ((Id = 'Event__c.Id'))  LIMIT 1
                                            ^
ERROR at Row:1:Column:688
invalid ID field: Event__c.Id. You can look up ExceptionCode values in the <a href='https://developer.salesforce.com/docs/atlas.en-us.api.meta/api/sforce_api_calls_concepts_core_data_objects.htm#'>SOAP API Developer Guide</a>.|FlowRecordLookup|Event_to_Clone_Lookup
13:10:19.350 (402220518)|FLOW_START_INTERVIEW_END|48532e23f051d5d4db6556cd66c916612486ae4-62e2|Deep Clone Matson Event
13:10:19.0 (409624143)|VF_SERIALIZE_VIEWSTATE_BEGIN|066180000001Aq4
13:10:19.0 (412563043)|VF_SERIALIZE_VIEWSTATE_END
13:10:19.415 (415051100)|CUMULATIVE_LIMIT_USAGE
13:10:19.415 (415051100)|LIMIT_USAGE_FOR_NS|(default)|
  Number of SOQL queries: 0 out of 100
  Number of query rows: 0 out of 50000
  Number of SOSL queries: 0 out of 20
  Number of DML statements: 0 out of 150
  Number of DML rows: 0 out of 10000
  Maximum CPU time: 0 out of 10000
  Maximum heap size: 0 out of 6000000
  Number of callouts: 0 out of 100
  Number of Email Invocations: 0 out of 10
  Number of future calls: 0 out of 50
  Number of queueable jobs added to the queue: 0 out of 50
  Number of Mobile Apex push calls: 0 out of 10

13:10:19.415 (415051100)|CUMULATIVE_LIMIT_USAGE_END

13:10:19.0 (415091062)|CODE_UNIT_FINISHED|VF: /apex/DeepCloneMatsonEventFlowRedirect
13:10:19.0 (415987052)|EXECUTION_FINISHED
