44.0 APEX_CODE,FINEST;APEX_PROFILING,INFO;CALLOUT,INFO;DB,INFO;NBA,INFO;SYSTEM,DEBUG;VALIDATION,INFO;VISUALFORCE,INFO;WAVE,INFO;WORKFLOW,INFO
08:44:07.0 (330296)|EXECUTION_STARTED
08:44:07.0 (352499)|CODE_UNIT_STARTED|[EXTERNAL]|VisualForce View State
08:44:07.0 (4459105)|HEAP_ALLOCATE|[72]|Bytes:3
08:44:07.0 (4502936)|HEAP_ALLOCATE|[77]|Bytes:152
08:44:07.0 (4513958)|HEAP_ALLOCATE|[342]|Bytes:408
08:44:07.0 (4525226)|HEAP_ALLOCATE|[355]|Bytes:408
08:44:07.0 (4535703)|HEAP_ALLOCATE|[467]|Bytes:48
08:44:07.0 (4556795)|HEAP_ALLOCATE|[139]|Bytes:6
08:44:07.0 (4575922)|HEAP_ALLOCATE|[50]|Bytes:5
08:44:07.0 (4590694)|HEAP_ALLOCATE|[56]|Bytes:5
08:44:07.0 (4598125)|HEAP_ALLOCATE|[64]|Bytes:7
08:44:07.0 (8241752)|CODE_UNIT_FINISHED|VisualForce View State
08:44:07.0 (9177069)|EXECUTION_FINISHED
08:44:07.10 (10394041)|SYSTEM_MODE_ENTER|true
08:44:07.10 (10430137)|HEAP_ALLOCATE|[EXTERNAL]|Bytes:400
08:44:07.10 (10439216)|HEAP_ALLOCATE|[EXTERNAL]|Bytes:235
08:44:07.56 (56504787)|CUMULATIVE_LIMIT_USAGE
08:44:07.56 (56504787)|LIMIT_USAGE_FOR_NS|(default)|
  Number of SOQL queries: 0 out of 100
  Number of query rows: 0 out of 50000
  Number of SOSL queries: 0 out of 20
  Number of DML statements: 0 out of 150
  Number of DML rows: 0 out of 10000
  Maximum CPU time: 0 out of 10000
  Maximum heap size: 0 out of 6000000
  Number of callouts: 0 out of 100
  Number of Email Invocations: 0 out of 10
  Number of future calls: 0 out of 50
  Number of queueable jobs added to the queue: 0 out of 50
  Number of Mobile Apex push calls: 0 out of 10

08:44:07.56 (56504787)|CUMULATIVE_LIMIT_USAGE_END

