44.0 APEX_CODE,FINEST;APEX_PROFILING,INFO;CALLOUT,INFO;DB,INFO;NBA,INFO;SYSTEM,DEBUG;VALIDATION,INFO;VISUALFORCE,INFO;WAVE,INFO;WORKFLOW,INFO
13:09:33.0 (357083)|EXECUTION_STARTED
13:09:33.0 (379475)|CODE_UNIT_STARTED|[EXTERNAL]|VisualForce View State
13:09:33.0 (4960041)|HEAP_ALLOCATE|[72]|Bytes:3
13:09:33.0 (5017258)|HEAP_ALLOCATE|[77]|Bytes:152
13:09:33.0 (5031854)|HEAP_ALLOCATE|[342]|Bytes:408
13:09:33.0 (5044605)|HEAP_ALLOCATE|[355]|Bytes:408
13:09:33.0 (5054972)|HEAP_ALLOCATE|[467]|Bytes:48
13:09:33.0 (5084787)|HEAP_ALLOCATE|[139]|Bytes:6
13:09:33.0 (5111985)|HEAP_ALLOCATE|[50]|Bytes:5
13:09:33.0 (5134884)|HEAP_ALLOCATE|[56]|Bytes:5
13:09:33.0 (5142376)|HEAP_ALLOCATE|[64]|Bytes:7
13:09:33.0 (9008354)|CODE_UNIT_FINISHED|VisualForce View State
13:09:33.0 (9982333)|EXECUTION_FINISHED
13:09:33.11 (11228939)|SYSTEM_MODE_ENTER|true
13:09:33.11 (11264925)|HEAP_ALLOCATE|[EXTERNAL]|Bytes:400
13:09:33.11 (11276883)|HEAP_ALLOCATE|[EXTERNAL]|Bytes:235
13:09:33.71 (71485357)|CUMULATIVE_LIMIT_USAGE
13:09:33.71 (71485357)|LIMIT_USAGE_FOR_NS|(default)|
  Number of SOQL queries: 0 out of 100
  Number of query rows: 0 out of 50000
  Number of SOSL queries: 0 out of 20
  Number of DML statements: 0 out of 150
  Number of DML rows: 0 out of 10000
  Maximum CPU time: 0 out of 10000
  Maximum heap size: 0 out of 6000000
  Number of callouts: 0 out of 100
  Number of Email Invocations: 0 out of 10
  Number of future calls: 0 out of 50
  Number of queueable jobs added to the queue: 0 out of 50
  Number of Mobile Apex push calls: 0 out of 10

13:09:33.71 (71485357)|CUMULATIVE_LIMIT_USAGE_END

