44.0 APEX_CODE,FINEST;APEX_PROFILING,INFO;CALLOUT,INFO;DB,INFO;NBA,INFO;SYSTEM,DEBUG;VALIDATION,INFO;VISUALFORCE,INFO;WAVE,INFO;WORKFLOW,INFO
08:41:29.0 (301754)|EXECUTION_STARTED
08:41:29.0 (319856)|CODE_UNIT_STARTED|[EXTERNAL]|VisualForce View State
08:41:29.0 (4472140)|HEAP_ALLOCATE|[72]|Bytes:3
08:41:29.0 (4533748)|HEAP_ALLOCATE|[77]|Bytes:152
08:41:29.0 (4549955)|HEAP_ALLOCATE|[342]|Bytes:408
08:41:29.0 (4563247)|HEAP_ALLOCATE|[355]|Bytes:408
08:41:29.0 (4574120)|HEAP_ALLOCATE|[467]|Bytes:48
08:41:29.0 (4601221)|HEAP_ALLOCATE|[139]|Bytes:6
08:41:29.0 (4627553)|HEAP_ALLOCATE|[50]|Bytes:5
08:41:29.0 (4651160)|HEAP_ALLOCATE|[56]|Bytes:5
08:41:29.0 (4659707)|HEAP_ALLOCATE|[64]|Bytes:7
08:41:29.0 (8390608)|CODE_UNIT_FINISHED|VisualForce View State
08:41:29.0 (9425207)|EXECUTION_FINISHED
08:41:29.10 (10708206)|SYSTEM_MODE_ENTER|true
08:41:29.10 (10741297)|HEAP_ALLOCATE|[EXTERNAL]|Bytes:400
08:41:29.10 (10750206)|HEAP_ALLOCATE|[EXTERNAL]|Bytes:235
08:41:29.57 (57499445)|CUMULATIVE_LIMIT_USAGE
08:41:29.57 (57499445)|LIMIT_USAGE_FOR_NS|(default)|
  Number of SOQL queries: 0 out of 100
  Number of query rows: 0 out of 50000
  Number of SOSL queries: 0 out of 20
  Number of DML statements: 0 out of 150
  Number of DML rows: 0 out of 10000
  Maximum CPU time: 0 out of 10000
  Maximum heap size: 0 out of 6000000
  Number of callouts: 0 out of 100
  Number of Email Invocations: 0 out of 10
  Number of future calls: 0 out of 50
  Number of queueable jobs added to the queue: 0 out of 50
  Number of Mobile Apex push calls: 0 out of 10

08:41:29.57 (57499445)|CUMULATIVE_LIMIT_USAGE_END

