44.0 APEX_CODE,FINEST;APEX_PROFILING,INFO;CALLOUT,INFO;DB,INFO;NBA,INFO;SYSTEM,DEBUG;VALIDATION,INFO;VISUALFORCE,INFO;WAVE,INFO;WORKFLOW,INFO
12:33:51.0 (392472)|USER_INFO|[EXTERNAL]|00518000002hPQO|matthew.billups@matsonmoney.com.mbill|Mountain Standard Time|GMT-07:00
12:33:51.0 (462036)|EXECUTION_STARTED
12:33:51.0 (469578)|CODE_UNIT_STARTED|[EXTERNAL]|01p3600000B0sl1|mm_APIHelperTest.testSetup()
12:33:51.0 (635613)|VARIABLE_SCOPE_BEGIN|[32]|mm_APIHelperTest.API_OPERATION_NAME|String|false|true
12:33:51.0 (655835)|VARIABLE_SCOPE_BEGIN|[31]|mm_APIHelperTest.API_SETTINGS_NAME|String|false|true
12:33:51.0 (862855)|HEAP_ALLOCATE|[72]|Bytes:3
12:33:51.0 (921828)|HEAP_ALLOCATE|[77]|Bytes:152
12:33:51.0 (950132)|HEAP_ALLOCATE|[342]|Bytes:408
12:33:51.0 (977985)|HEAP_ALLOCATE|[355]|Bytes:408
12:33:51.0 (1005206)|HEAP_ALLOCATE|[467]|Bytes:48
12:33:51.0 (1053028)|HEAP_ALLOCATE|[139]|Bytes:6
12:33:51.0 (1088889)|HEAP_ALLOCATE|[EXTERNAL]|Bytes:127
12:33:51.0 (1099206)|HEAP_ALLOCATE|[EXTERNAL]|Bytes:16
12:33:51.0 (1148539)|VARIABLE_ASSIGNMENT|[EXTERNAL]|mm_APIHelperTest.API_OPERATION_NAME|"Get_All_Advisors"
12:33:51.0 (1162101)|HEAP_ALLOCATE|[EXTERNAL]|Bytes:19
12:33:51.0 (1187281)|VARIABLE_ASSIGNMENT|[EXTERNAL]|mm_APIHelperTest.API_SETTINGS_NAME|"Enterprise_Services"
12:33:51.0 (1215516)|METHOD_ENTRY|[29]|01p3600000B0sl1|mm_APIHelperTest.mm_APIHelperTest()
12:33:51.0 (1226659)|STATEMENT_EXECUTE|[29]
12:33:51.0 (1232644)|STATEMENT_EXECUTE|[29]
12:33:51.0 (1239301)|METHOD_EXIT|[29]|mm_APIHelperTest
12:33:51.0 (1334099)|HEAP_ALLOCATE|[50]|Bytes:5
12:33:51.0 (1373438)|HEAP_ALLOCATE|[56]|Bytes:5
12:33:51.0 (1390282)|HEAP_ALLOCATE|[64]|Bytes:7
12:33:51.0 (1450730)|STATEMENT_EXECUTE|[35]
12:33:51.1 (1463509)|CUMULATIVE_LIMIT_USAGE
12:33:51.1 (1463509)|LIMIT_USAGE_FOR_NS|(default)|
  Number of SOQL queries: 0 out of 100
  Number of query rows: 0 out of 50000
  Number of SOSL queries: 0 out of 20
  Number of DML statements: 0 out of 150
  Number of DML rows: 0 out of 10000
  Maximum CPU time: 0 out of 10000
  Maximum heap size: 0 out of 6000000
  Number of callouts: 0 out of 100
  Number of Email Invocations: 0 out of 10
  Number of future calls: 0 out of 50
  Number of queueable jobs added to the queue: 0 out of 50
  Number of Mobile Apex push calls: 0 out of 10

12:33:51.1 (1463509)|CUMULATIVE_LIMIT_USAGE_END

12:33:51.0 (1536504)|CODE_UNIT_FINISHED|mm_APIHelperTest.testSetup()
12:33:51.0 (2617693)|EXECUTION_FINISHED
12:33:51.22 (22477853)|USER_INFO|[EXTERNAL]|00518000002hPQO|matthew.billups@matsonmoney.com.mbill|Mountain Standard Time|GMT-07:00
12:33:51.22 (22500901)|EXECUTION_STARTED
12:33:51.22 (22506075)|CODE_UNIT_STARTED|[EXTERNAL]|01p3600000B0sl1|mm_APIHelperTest.given_getResponseBody_then_expect_valid_result()
12:33:51.22 (22639240)|VARIABLE_SCOPE_BEGIN|[32]|mm_APIHelperTest.API_OPERATION_NAME|String|false|true
12:33:51.22 (22660386)|VARIABLE_SCOPE_BEGIN|[31]|mm_APIHelperTest.API_SETTINGS_NAME|String|false|true
12:33:51.22 (22804097)|HEAP_ALLOCATE|[72]|Bytes:3
12:33:51.22 (22846969)|HEAP_ALLOCATE|[77]|Bytes:152
12:33:51.22 (22863859)|HEAP_ALLOCATE|[342]|Bytes:408
12:33:51.22 (22880623)|HEAP_ALLOCATE|[355]|Bytes:408
12:33:51.22 (22910779)|HEAP_ALLOCATE|[467]|Bytes:48
12:33:51.22 (22954887)|HEAP_ALLOCATE|[139]|Bytes:6
12:33:51.22 (22986892)|HEAP_ALLOCATE|[EXTERNAL]|Bytes:127
12:33:51.22 (22997280)|HEAP_ALLOCATE|[EXTERNAL]|Bytes:16
12:33:51.22 (23032594)|VARIABLE_ASSIGNMENT|[EXTERNAL]|mm_APIHelperTest.API_OPERATION_NAME|"Get_All_Advisors"
12:33:51.22 (23043405)|HEAP_ALLOCATE|[EXTERNAL]|Bytes:19
12:33:51.22 (23057305)|VARIABLE_ASSIGNMENT|[EXTERNAL]|mm_APIHelperTest.API_SETTINGS_NAME|"Enterprise_Services"
12:33:51.22 (23073269)|METHOD_ENTRY|[29]|01p3600000B0sl1|mm_APIHelperTest.mm_APIHelperTest()
12:33:51.22 (23081931)|STATEMENT_EXECUTE|[29]
12:33:51.22 (23087609)|STATEMENT_EXECUTE|[29]
12:33:51.22 (23094693)|METHOD_EXIT|[29]|mm_APIHelperTest
12:33:51.22 (23251937)|HEAP_ALLOCATE|[50]|Bytes:5
12:33:51.22 (23283987)|HEAP_ALLOCATE|[56]|Bytes:5
12:33:51.22 (23293741)|HEAP_ALLOCATE|[64]|Bytes:7
12:33:51.22 (23331479)|STATEMENT_EXECUTE|[38]
12:33:51.22 (23333960)|STATEMENT_EXECUTE|[39]
12:33:51.22 (25915710)|HEAP_ALLOCATE|[39]|Bytes:21
12:33:51.22 (25949244)|METHOD_ENTRY|[8]|01p3600000JKEqb|mm_SettingsHelper.mm_SettingsHelper()
12:33:51.22 (25959158)|STATEMENT_EXECUTE|[8]
12:33:51.22 (25965697)|STATEMENT_EXECUTE|[8]
12:33:51.22 (25972717)|METHOD_EXIT|[8]|mm_SettingsHelper
12:33:51.22 (26007836)|METHOD_ENTRY|[39]|01p3600000JKEqb|mm_SettingsHelper.IsSandboxOrg()
12:33:51.22 (26053522)|STATEMENT_EXECUTE|[26]
12:33:51.22 (26057125)|STATEMENT_EXECUTE|[29]
12:33:51.22 (26062742)|HEAP_ALLOCATE|[29]|Bytes:42
12:33:51.22 (26101524)|HEAP_ALLOCATE|[29]|Bytes:4
12:33:51.22 (26337405)|SOQL_EXECUTE_BEGIN|[29]|Aggregations:0|SELECT IsSandbox FROM Organization LIMIT 1
12:33:51.22 (30465441)|SOQL_EXECUTE_END|[29]|Rows:1
12:33:51.22 (30503581)|HEAP_ALLOCATE|[29]|Bytes:8
12:33:51.22 (30524809)|HEAP_ALLOCATE|[29]|Bytes:46
12:33:51.22 (30667350)|HEAP_ALLOCATE|[29]|Bytes:8
12:33:51.22 (30685028)|VARIABLE_SCOPE_BEGIN|[29]|orgs|List<Organization>|true|false
12:33:51.22 (30769304)|VARIABLE_ASSIGNMENT|[29]|orgs|[{"IsSandbox":true,"Id":"00D18000000Cve8EAC"}]|0x99a37f6
12:33:51.22 (30779176)|STATEMENT_EXECUTE|[30]
12:33:51.22 (30785619)|VARIABLE_SCOPE_BEGIN|[30]|isSandbox|Boolean|false|false
12:33:51.22 (30803765)|HEAP_ALLOCATE|[30]|Bytes:5
12:33:51.22 (30812018)|VARIABLE_ASSIGNMENT|[30]|isSandbox|true
12:33:51.22 (30919896)|STATEMENT_EXECUTE|[32]
12:33:51.22 (30922783)|STATEMENT_EXECUTE|[33]
12:33:51.22 (30949588)|HEAP_ALLOCATE|[33]|Bytes:12
12:33:51.22 (31013603)|VARIABLE_ASSIGNMENT|[33]|isSandbox|true
12:33:51.22 (31024670)|STATEMENT_EXECUTE|[36]
12:33:51.22 (31033776)|METHOD_EXIT|[39]|01p3600000JKEqb|mm_SettingsHelper.IsSandboxOrg()
12:33:51.22 (31041584)|VARIABLE_SCOPE_BEGIN|[39]|IsThisaSand|Boolean|false|false
12:33:51.22 (31050420)|VARIABLE_ASSIGNMENT|[39]|IsThisaSand|true
12:33:51.22 (31054580)|STATEMENT_EXECUTE|[40]
12:33:51.22 (31137907)|HEAP_ALLOCATE|[40]|Bytes:16
12:33:51.22 (31158932)|SYSTEM_METHOD_ENTRY|[1]|StaticResourceCalloutMock.StaticResourceCalloutMock()
12:33:51.22 (31165858)|STATEMENT_EXECUTE|[1]
12:33:51.22 (31175398)|SYSTEM_METHOD_EXIT|[1]|StaticResourceCalloutMock
12:33:51.22 (31185191)|HEAP_ALLOCATE|[40]|Bytes:12
12:33:51.22 (31463072)|VARIABLE_SCOPE_BEGIN|[40]|mock|System.StaticResourceCalloutMock|true|false
12:33:51.22 (31670682)|VARIABLE_ASSIGNMENT|[40]|mock|{"res":"System.HttpResponse[Status=OK, StatusCode=200]"}|0x7766ad32
12:33:51.22 (31683894)|STATEMENT_EXECUTE|[45]
12:33:51.22 (31689587)|HEAP_ALLOCATE|[45]|Bytes:39
12:33:51.22 (31711230)|METHOD_ENTRY|[45]||System.StaticResourceCalloutMock.setStaticResource(String)
12:33:51.22 (31752045)|METHOD_EXIT|[45]||System.StaticResourceCalloutMock.setStaticResource(String)
12:33:51.22 (31758052)|STATEMENT_EXECUTE|[46]
12:33:51.22 (31778596)|METHOD_ENTRY|[46]||System.StaticResourceCalloutMock.setStatusCode(Integer)
12:33:51.22 (31850533)|METHOD_EXIT|[46]||System.StaticResourceCalloutMock.setStatusCode(Integer)
12:33:51.22 (31857624)|STATEMENT_EXECUTE|[47]
12:33:51.22 (31862319)|HEAP_ALLOCATE|[47]|Bytes:12
12:33:51.22 (31867712)|HEAP_ALLOCATE|[47]|Bytes:16
12:33:51.22 (31878757)|METHOD_ENTRY|[47]||System.StaticResourceCalloutMock.setHeader(String, String)
12:33:51.22 (31966846)|METHOD_EXIT|[47]||System.StaticResourceCalloutMock.setHeader(String, String)
12:33:51.22 (31974622)|STATEMENT_EXECUTE|[50]
12:33:51.22 (31978954)|HEAP_ALLOCATE|[50]|Bytes:22
12:33:51.22 (32089063)|HEAP_ALLOCATE|[50]|Bytes:27
12:33:51.22 (32103274)|SYSTEM_METHOD_ENTRY|[1]|Type.Type()
12:33:51.22 (32107331)|STATEMENT_EXECUTE|[1]
12:33:51.22 (32113415)|SYSTEM_METHOD_EXIT|[1]|Type
12:33:51.22 (32120094)|HEAP_ALLOCATE|[50]|Bytes:8
12:33:51.22 (32137941)|HEAP_ALLOCATE|[50]|Bytes:8
12:33:51.22 (32143789)|VARIABLE_SCOPE_BEGIN|[4]|this|System.Type|true|false
12:33:51.22 (32165715)|VARIABLE_ASSIGNMENT|[4]|this|{}|0x44e57980
12:33:51.22 (32172204)|VARIABLE_SCOPE_BEGIN|[4]|apextype|java:common.apex.runtime.ApexObjectType|true|false
12:33:51.22 (32244426)|VARIABLE_ASSIGNMENT|[4]|apextype|"System.HttpCalloutMock"|0x2ae3ccdb
12:33:51.22 (32283559)|HEAP_ALLOCATE|[50]|Bytes:8
12:33:51.22 (32342961)|HEAP_ALLOCATE|[50]|Bytes:70
12:33:51.22 (32365122)|SYSTEM_METHOD_ENTRY|[1]|Test.Test()
12:33:51.22 (32371405)|STATEMENT_EXECUTE|[1]
12:33:51.22 (32379584)|SYSTEM_METHOD_EXIT|[1]|Test
12:33:51.22 (32395624)|METHOD_ENTRY|[50]||System.Test.setMock(System.Type, Object)
12:33:51.22 (32573790)|METHOD_EXIT|[50]||System.Test.setMock(System.Type, Object)
12:33:51.22 (32582642)|STATEMENT_EXECUTE|[52]
12:33:51.22 (36440981)|VARIABLE_SCOPE_BEGIN|[13]|mm_APIHelper.apiSetting|API_Settings__mdt|true|true
12:33:51.22 (36461945)|VARIABLE_SCOPE_BEGIN|[11]|mm_APIHelper.http|System.Http|true|true
12:33:51.22 (36471216)|VARIABLE_SCOPE_BEGIN|[12]|mm_APIHelper.request|System.HttpRequest|true|true
12:33:51.22 (39086240)|HEAP_ALLOCATE|[52]|Bytes:17
12:33:51.22 (39105975)|HEAP_ALLOCATE|[52]|Bytes:8
12:33:51.22 (39138150)|METHOD_ENTRY|[8]|01p3600000B0skz|mm_APIHelper.mm_APIHelper()
12:33:51.22 (39149111)|STATEMENT_EXECUTE|[8]
12:33:51.22 (39154878)|STATEMENT_EXECUTE|[8]
12:33:51.22 (39157578)|STATEMENT_EXECUTE|[11]
12:33:51.22 (39292697)|VARIABLE_ASSIGNMENT|[11]|mm_APIHelper.http|"System.Http[]"|0x77ab9e41
12:33:51.22 (39308389)|STATEMENT_EXECUTE|[12]
12:33:51.22 (39398748)|VARIABLE_ASSIGNMENT|[12]|mm_APIHelper.request|"System.HttpRequest[Endpoint=null, Method=null]"|0x21d1e8c6
12:33:51.22 (39421184)|METHOD_EXIT|[8]|mm_APIHelper
12:33:51.22 (39458099)|METHOD_ENTRY|[52]|01p3600000B0skz|mm_APIHelper.getResponseBody(String, String, Integer, String)
12:33:51.22 (39494978)|VARIABLE_SCOPE_BEGIN|[17]|apiSettingName|String|false|false
12:33:51.22 (39516653)|VARIABLE_ASSIGNMENT|[17]|apiSettingName|"Enterprise_Services"
12:33:51.22 (39526181)|VARIABLE_SCOPE_BEGIN|[17]|apiOperationName|String|false|false
12:33:51.22 (39541500)|VARIABLE_ASSIGNMENT|[17]|apiOperationName|"Get_All_Advisors"
12:33:51.22 (39551690)|VARIABLE_SCOPE_BEGIN|[17]|id|Integer|false|false
12:33:51.22 (39566752)|VARIABLE_ASSIGNMENT|[17]|id|0
12:33:51.22 (39574501)|VARIABLE_SCOPE_BEGIN|[17]|query|String|false|false
12:33:51.22 (39589832)|VARIABLE_ASSIGNMENT|[17]|query|""
12:33:51.22 (39607182)|STATEMENT_EXECUTE|[17]
12:33:51.22 (39610114)|STATEMENT_EXECUTE|[19]
12:33:51.22 (39632631)|METHOD_ENTRY|[19]|01p3600000JKEqb|mm_SettingsHelper.getAPISetting(String)
12:33:51.22 (39692194)|VARIABLE_SCOPE_BEGIN|[15]|settingName|String|false|false
12:33:51.22 (39714118)|VARIABLE_ASSIGNMENT|[15]|settingName|"Enterprise_Services"
12:33:51.22 (39730083)|STATEMENT_EXECUTE|[15]
12:33:51.22 (39733057)|STATEMENT_EXECUTE|[17]
12:33:51.22 (39739815)|VARIABLE_SCOPE_BEGIN|[17]|setting|API_Settings__mdt|true|false
12:33:51.22 (39757446)|VARIABLE_ASSIGNMENT|[17]|setting|null|
12:33:51.22 (39764195)|STATEMENT_EXECUTE|[19]
12:33:51.22 (39770660)|HEAP_ALLOCATE|[19]|Bytes:152
12:33:51.22 (39800565)|HEAP_ALLOCATE|[19]|Bytes:4
12:33:51.22 (39819416)|HEAP_ALLOCATE|[19]|Bytes:7
12:33:51.22 (40237257)|SOQL_EXECUTE_BEGIN|[19]|Aggregations:0|SELECT Username__c, Password__c, ApiKey__c, Endpoint_Base__c, Auth_Header_Field_Pattern__c FROM API_Settings__mdt WHERE DeveloperName = :tmpVar1 LIMIT 1
12:33:51.22 (49157995)|SOQL_EXECUTE_END|[19]|Rows:1
12:33:51.22 (49199836)|HEAP_ALLOCATE|[19]|Bytes:8
12:33:51.22 (49225492)|HEAP_ALLOCATE|[19]|Bytes:291
12:33:51.22 (49317642)|HEAP_ALLOCATE|[19]|Bytes:8
12:33:51.22 (49343109)|VARIABLE_SCOPE_BEGIN|[19]|settings|List<API_Settings__mdt>|true|false
12:33:51.22 (49445422)|VARIABLE_ASSIGNMENT|[19]|settings|[{"Username__c":"salesforce","Password__c":"2_{gW_7B(4fQg]mO18dZ (1 more) ...","ApiKey__c":"[B~b9ItI_15X0@xjBAxy (8 more) ...","Endpoint_Base__c":"http://matsonmoneyen (39 more) ...","Auth_Header_Field_Pattern__c":"un={Username__c}&pw= (29 more) ...","Id":"m02360000004KuxAAE"}]|0x6c0f830b
12:33:51.22 (49552258)|STATEMENT_EXECUTE|[21]
12:33:51.22 (49571207)|HEAP_ALLOCATE|[21]|Bytes:28
12:33:51.22 (49614184)|VARIABLE_ASSIGNMENT|[21]|setting|{"Username__c":"salesforce","Password__c":"2_{gW_7B(4fQg]mO18dZ (1 more) ...","ApiKey__c":"[B~b9ItI_15X0@xjBAxy (8 more) ...","Endpoint_Base__c":"http://matsonmoneyen (39 more) ...","Auth_Header_Field_Pattern__c":"un={Username__c}&pw= (29 more) ...","Id":"m02360000004KuxAAE"}|0x226f97a
12:33:51.22 (49624587)|STATEMENT_EXECUTE|[23]
12:33:51.22 (49636603)|METHOD_EXIT|[19]|01p3600000JKEqb|mm_SettingsHelper.getAPISetting(String)
12:33:51.22 (49673422)|VARIABLE_ASSIGNMENT|[19]|mm_APIHelper.apiSetting|{"Username__c":"salesforce","Password__c":"2_{gW_7B(4fQg]mO18dZ (1 more) ...","ApiKey__c":"[B~b9ItI_15X0@xjBAxy (8 more) ...","Endpoint_Base__c":"http://matsonmoneyen (39 more) ...","Auth_Header_Field_Pattern__c":"un={Username__c}&pw= (29 more) ...","Id":"m02360000004KuxAAE"}|0x226f97a
12:33:51.22 (49681742)|STATEMENT_EXECUTE|[21]
12:33:51.22 (49709419)|METHOD_ENTRY|[21]|01p3600000B0skz|mm_APIHelper.setRequest(String, String, Integer, String)
12:33:51.22 (49746450)|VARIABLE_SCOPE_BEGIN|[29]|apiSettingName|String|false|false
12:33:51.22 (49760078)|VARIABLE_ASSIGNMENT|[29]|apiSettingName|"Enterprise_Services"
12:33:51.22 (49767808)|VARIABLE_SCOPE_BEGIN|[29]|operationName|String|false|false
12:33:51.22 (49776598)|VARIABLE_ASSIGNMENT|[29]|operationName|"Get_All_Advisors"
12:33:51.22 (49782605)|VARIABLE_SCOPE_BEGIN|[29]|id|Integer|false|false
12:33:51.22 (49792970)|VARIABLE_ASSIGNMENT|[29]|id|0
12:33:51.22 (49797303)|VARIABLE_SCOPE_BEGIN|[29]|query|String|false|false
12:33:51.22 (49806096)|VARIABLE_ASSIGNMENT|[29]|query|""
12:33:51.22 (49822496)|STATEMENT_EXECUTE|[29]
12:33:51.22 (49824585)|STATEMENT_EXECUTE|[31]
12:33:51.22 (49834818)|METHOD_ENTRY|[31]|01p3600000B0skz|mm_APIHelper.setRequestHeader()
12:33:51.22 (49856782)|STATEMENT_EXECUTE|[50]
12:33:51.22 (49858886)|STATEMENT_EXECUTE|[51]
12:33:51.22 (49872108)|HEAP_ALLOCATE|[51]|Bytes:30
12:33:51.22 (49949759)|STATEMENT_EXECUTE|[52]
12:33:51.22 (49955743)|HEAP_ALLOCATE|[52]|Bytes:13
12:33:51.22 (49968530)|METHOD_ENTRY|[52]|01p3600000B0skz|mm_APIHelper.getAuthFieldValue()
12:33:51.22 (49987768)|STATEMENT_EXECUTE|[56]
12:33:51.22 (49990465)|STATEMENT_EXECUTE|[57]
12:33:51.22 (49994642)|VARIABLE_SCOPE_BEGIN|[57]|value|String|false|false
12:33:51.22 (50007706)|VARIABLE_ASSIGNMENT|[57]|value|""
12:33:51.22 (50015120)|STATEMENT_EXECUTE|[59]
12:33:51.22 (50016856)|STATEMENT_EXECUTE|[61]
12:33:51.22 (50053947)|VARIABLE_SCOPE_BEGIN|[61]|authField|String|false|false
12:33:51.22 (50066913)|VARIABLE_ASSIGNMENT|[61]|authField|"un={Username__c}&pw= (29 more) ..."
12:33:51.22 (50071079)|STATEMENT_EXECUTE|[62]
12:33:51.22 (50074748)|HEAP_ALLOCATE|[62]|Bytes:13
12:33:51.22 (50147676)|HEAP_ALLOCATE|[62]|Bytes:46
12:33:51.22 (50180254)|VARIABLE_ASSIGNMENT|[62]|authField|"un=salesforce&pw={Pa (26 more) ..."
12:33:51.22 (50185932)|STATEMENT_EXECUTE|[63]
12:33:51.22 (50189896)|HEAP_ALLOCATE|[63]|Bytes:13
12:33:51.22 (50248821)|HEAP_ALLOCATE|[63]|Bytes:54
12:33:51.22 (50276334)|VARIABLE_ASSIGNMENT|[63]|authField|"un=salesforce&pw=2_{ (34 more) ..."
12:33:51.22 (50281912)|STATEMENT_EXECUTE|[64]
12:33:51.22 (50285766)|HEAP_ALLOCATE|[64]|Bytes:11
12:33:51.22 (50334235)|HEAP_ALLOCATE|[64]|Bytes:71
12:33:51.22 (50357921)|VARIABLE_ASSIGNMENT|[64]|authField|"un=salesforce&pw=2_{ (51 more) ..."
12:33:51.22 (50363054)|STATEMENT_EXECUTE|[66]
12:33:51.22 (50371495)|VARIABLE_ASSIGNMENT|[66]|value|"un=salesforce&pw=2_{ (51 more) ..."
12:33:51.22 (50378378)|STATEMENT_EXECUTE|[69]
12:33:51.22 (50383864)|METHOD_EXIT|[52]|01p3600000B0skz|mm_APIHelper.getAuthFieldValue()
12:33:51.22 (50418782)|METHOD_EXIT|[31]|01p3600000B0skz|mm_APIHelper.setRequestHeader()
12:33:51.22 (50425913)|STATEMENT_EXECUTE|[33]
12:33:51.22 (55088469)|HEAP_ALLOCATE|[33]|Bytes:2
12:33:51.22 (55123813)|METHOD_ENTRY|[8]|01p3600000B0sl2|mm_APIOperationsHelper.mm_APIOperationsHelper()
12:33:51.22 (55131015)|STATEMENT_EXECUTE|[8]
12:33:51.22 (55136777)|STATEMENT_EXECUTE|[8]
12:33:51.22 (55143253)|METHOD_EXIT|[8]|mm_APIOperationsHelper
12:33:51.22 (55173104)|METHOD_ENTRY|[33]|01p3600000B0sl2|mm_APIOperationsHelper.getAPIOperation(String, String)
12:33:51.22 (55236385)|VARIABLE_SCOPE_BEGIN|[16]|apiSettingName|String|false|false
12:33:51.22 (55255801)|VARIABLE_ASSIGNMENT|[16]|apiSettingName|"Enterprise_Services"
12:33:51.22 (55261331)|VARIABLE_SCOPE_BEGIN|[16]|operationName|String|false|false
12:33:51.22 (55270462)|VARIABLE_ASSIGNMENT|[16]|operationName|"Get_All_Advisors"
12:33:51.22 (55284057)|STATEMENT_EXECUTE|[16]
12:33:51.22 (55286084)|STATEMENT_EXECUTE|[18]
12:33:51.22 (55291308)|VARIABLE_SCOPE_BEGIN|[18]|operation|API_Operations__mdt|true|false
12:33:51.22 (55303571)|VARIABLE_ASSIGNMENT|[18]|operation|null|
12:33:51.22 (55307764)|STATEMENT_EXECUTE|[20]
12:33:51.22 (55312531)|HEAP_ALLOCATE|[20]|Bytes:178
12:33:51.22 (55335708)|HEAP_ALLOCATE|[20]|Bytes:4
12:33:51.22 (55367505)|HEAP_ALLOCATE|[20]|Bytes:7
12:33:51.22 (55661631)|SOQL_EXECUTE_BEGIN|[20]|Aggregations:0|SELECT API_Settings_Name__c, DeveloperName, HTTP_Method__c, URI__c, Query__c FROM API_Operations__mdt WHERE (API_Settings_Name__c = :tmpVar1 AND DeveloperName = :tmpVar2) LIMIT 1
12:33:51.22 (61995850)|SOQL_EXECUTE_END|[20]|Rows:1
12:33:51.22 (62038922)|HEAP_ALLOCATE|[20]|Bytes:8
12:33:51.22 (62066419)|HEAP_ALLOCATE|[20]|Bytes:152
12:33:51.22 (62144355)|HEAP_ALLOCATE|[20]|Bytes:8
12:33:51.22 (62168830)|VARIABLE_SCOPE_BEGIN|[20]|operations|List<API_Operations__mdt>|true|false
12:33:51.22 (62252111)|VARIABLE_ASSIGNMENT|[20]|operations|[{"API_Settings_Name__c":"Enterprise_Services","DeveloperName":"Get_All_Advisors","HTTP_Method__c":"GET","URI__c":"http://advisors/","Id":"m0136000000Cmq4AAC"}]|0x6b7e0836
12:33:51.22 (62357287)|STATEMENT_EXECUTE|[24]
12:33:51.22 (62376158)|HEAP_ALLOCATE|[24]|Bytes:24
12:33:51.22 (62404306)|VARIABLE_ASSIGNMENT|[24]|operation|{"API_Settings_Name__c":"Enterprise_Services","DeveloperName":"Get_All_Advisors","HTTP_Method__c":"GET","URI__c":"http://advisors/","Id":"m0136000000Cmq4AAC"}|0x4042854e
12:33:51.22 (62412178)|STATEMENT_EXECUTE|[26]
12:33:51.22 (62424871)|METHOD_EXIT|[33]|01p3600000B0sl2|mm_APIOperationsHelper.getAPIOperation(String, String)
12:33:51.22 (62432117)|VARIABLE_SCOPE_BEGIN|[33]|opSettings|API_Operations__mdt|true|false
12:33:51.22 (62449524)|VARIABLE_ASSIGNMENT|[33]|opSettings|{"API_Settings_Name__c":"Enterprise_Services","DeveloperName":"Get_All_Advisors","HTTP_Method__c":"GET","URI__c":"http://advisors/","Id":"m0136000000Cmq4AAC"}|0x4042854e
12:33:51.22 (62456215)|STATEMENT_EXECUTE|[35]
12:33:51.22 (62554601)|STATEMENT_EXECUTE|[37]
12:33:51.22 (62593450)|HEAP_ALLOCATE|[37]|Bytes:75
12:33:51.22 (62603601)|VARIABLE_SCOPE_BEGIN|[37]|endpoint|String|false|false
12:33:51.22 (62624237)|VARIABLE_ASSIGNMENT|[37]|endpoint|"http://matsonmoneyen (55 more) ..."
12:33:51.22 (62631267)|STATEMENT_EXECUTE|[39]
12:33:51.22 (62684149)|STATEMENT_EXECUTE|[43]
12:33:51.22 (62686533)|STATEMENT_EXECUTE|[47]
12:33:51.22 (62723238)|METHOD_EXIT|[21]|01p3600000B0skz|mm_APIHelper.setRequest(String, String, Integer, String)
12:33:51.22 (62730865)|STATEMENT_EXECUTE|[23]
12:33:51.22 (62742618)|METHOD_ENTRY|[23]|01p3600000B0skz|mm_APIHelper.getResponseBody()
12:33:51.22 (62774522)|STATEMENT_EXECUTE|[87]
12:33:51.22 (62776785)|STATEMENT_EXECUTE|[88]
12:33:51.22 (62781102)|VARIABLE_SCOPE_BEGIN|[88]|body|String|false|false
12:33:51.22 (62794164)|VARIABLE_ASSIGNMENT|[88]|body|""
12:33:51.22 (62798434)|STATEMENT_EXECUTE|[90]
12:33:51.22 (62946867)|CALLOUT_REQUEST|[90]|System.HttpRequest[Endpoint=http://matsonmoneyenterpriseservices.azurewebsites.net/api/http://advisors/, Method=GET]
12:33:51.22 (63027988)|HEAP_ALLOCATE|[90]|Bytes:12
12:33:51.22 (63041675)|HEAP_ALLOCATE|[90]|Bytes:75
12:33:51.22 (63050096)|VARIABLE_SCOPE_BEGIN|[27]|this|System.StaticResourceCalloutMock|true|false
12:33:51.22 (63160912)|VARIABLE_ASSIGNMENT|[27]|this|{"res":"System.HttpResponse[Status=OK, StatusCode=200]","staticResourceName":"mm_EnterpriseServicesTest_Advisors_JSON"}|0x7766ad32
12:33:51.22 (63172840)|VARIABLE_SCOPE_BEGIN|[27]|request|System.HttpRequest|true|false
12:33:51.22 (63212420)|VARIABLE_ASSIGNMENT|[27]|request|"System.HttpRequest[Endpoint=http://matsonmoneyenterpriseservices.azurewebsites.net/api/http://advisors/, Method=GET]"|0x21d1e8c6
12:33:51.22 (74894837)|CALLOUT_RESPONSE|[90]|System.HttpResponse[Status=OK, StatusCode=200]
12:33:51.22 (74922823)|HEAP_ALLOCATE|[90]|Bytes:84
12:33:51.22 (74937566)|VARIABLE_SCOPE_BEGIN|[90]|response|System.HttpResponse|true|false
12:33:51.22 (75023121)|VARIABLE_ASSIGNMENT|[90]|response|"System.HttpResponse[Status=OK, StatusCode=200]"|0x47b2c66e
12:33:51.22 (75065130)|METHOD_ENTRY|[92]|01p3600000B0skz|mm_APIHelper.isValidResponse(System.HttpResponse)
12:33:51.22 (75095747)|VARIABLE_SCOPE_BEGIN|[72]|response|System.HttpResponse|true|false
12:33:51.22 (75131271)|VARIABLE_ASSIGNMENT|[72]|response|"System.HttpResponse[Status=OK, StatusCode=200]"|0x47b2c66e
12:33:51.22 (75153102)|STATEMENT_EXECUTE|[72]
12:33:51.22 (75155855)|STATEMENT_EXECUTE|[73]
12:33:51.22 (75161645)|VARIABLE_SCOPE_BEGIN|[73]|isValid|Boolean|false|false
12:33:51.22 (75193018)|HEAP_ALLOCATE|[73]|Bytes:5
12:33:51.22 (75204114)|VARIABLE_ASSIGNMENT|[73]|isValid|true
12:33:51.22 (75238962)|STATEMENT_EXECUTE|[80]
12:33:51.22 (75241296)|STATEMENT_EXECUTE|[81]
12:33:51.22 (75264033)|HEAP_ALLOCATE|[81]|Bytes:78
12:33:51.22 (75297219)|USER_DEBUG|[81]|DEBUG|[{"FirstName":"Bob","LastName":"Smith"},{"FirstName":"John","LastName":"Doe"}]
12:33:51.22 (75308644)|STATEMENT_EXECUTE|[84]
12:33:51.22 (75315394)|METHOD_EXIT|[92]|01p3600000B0skz|mm_APIHelper.isValidResponse(System.HttpResponse)
12:33:51.22 (75322000)|STATEMENT_EXECUTE|[92]
12:33:51.22 (75323770)|STATEMENT_EXECUTE|[93]
12:33:51.22 (75341074)|HEAP_ALLOCATE|[93]|Bytes:78
12:33:51.22 (75402111)|VARIABLE_ASSIGNMENT|[93]|body|"[{\"FirstName\":\"Bob\", (58 more) ..."
12:33:51.22 (75410063)|STATEMENT_EXECUTE|[96]
12:33:51.22 (75416152)|METHOD_EXIT|[23]|01p3600000B0skz|mm_APIHelper.getResponseBody()
12:33:51.22 (75426050)|METHOD_EXIT|[52]|01p3600000B0skz|mm_APIHelper.getResponseBody(String, String, Integer, String)
12:33:51.22 (75432315)|VARIABLE_SCOPE_BEGIN|[52]|res|String|false|false
12:33:51.22 (75443978)|VARIABLE_ASSIGNMENT|[52]|res|"[{\"FirstName\":\"Bob\", (58 more) ..."
12:33:51.22 (75448523)|STATEMENT_EXECUTE|[53]
12:33:51.22 (75456324)|METHOD_ENTRY|[53]|01p3600000JKEqb|mm_SettingsHelper.IsSandboxOrg()
12:33:51.22 (75474501)|STATEMENT_EXECUTE|[26]
12:33:51.22 (75476522)|STATEMENT_EXECUTE|[29]
12:33:51.22 (75502085)|HEAP_ALLOCATE|[29]|Bytes:4
12:33:51.22 (75637816)|SOQL_EXECUTE_BEGIN|[29]|Aggregations:0|SELECT IsSandbox FROM Organization LIMIT 1
12:33:51.22 (77556755)|SOQL_EXECUTE_END|[29]|Rows:1
12:33:51.22 (77580885)|HEAP_ALLOCATE|[29]|Bytes:8
12:33:51.22 (77599537)|HEAP_ALLOCATE|[29]|Bytes:46
12:33:51.22 (77642829)|HEAP_ALLOCATE|[29]|Bytes:8
12:33:51.22 (77655711)|VARIABLE_SCOPE_BEGIN|[29]|orgs|List<Organization>|true|false
12:33:51.22 (77690099)|VARIABLE_ASSIGNMENT|[29]|orgs|[{"IsSandbox":true,"Id":"00D18000000Cve8EAC"}]|0xb019180
12:33:51.22 (77697003)|STATEMENT_EXECUTE|[30]
12:33:51.22 (77701827)|VARIABLE_SCOPE_BEGIN|[30]|isSandbox|Boolean|false|false
12:33:51.22 (77712145)|HEAP_ALLOCATE|[30]|Bytes:5
12:33:51.22 (77719002)|VARIABLE_ASSIGNMENT|[30]|isSandbox|true
12:33:51.22 (77742805)|STATEMENT_EXECUTE|[32]
12:33:51.22 (77744919)|STATEMENT_EXECUTE|[33]
12:33:51.22 (77756972)|HEAP_ALLOCATE|[33]|Bytes:12
12:33:51.22 (77793462)|VARIABLE_ASSIGNMENT|[33]|isSandbox|true
12:33:51.22 (77799228)|STATEMENT_EXECUTE|[36]
12:33:51.22 (77806692)|METHOD_EXIT|[53]|01p3600000JKEqb|mm_SettingsHelper.IsSandboxOrg()
12:33:51.22 (77812751)|VARIABLE_SCOPE_BEGIN|[53]|IsSand|Boolean|false|false
12:33:51.22 (77820907)|VARIABLE_ASSIGNMENT|[53]|IsSand|true
12:33:51.22 (77824804)|STATEMENT_EXECUTE|[54]
12:33:51.22 (77831022)|HEAP_ALLOCATE|[54]|Bytes:11
12:33:51.22 (77889478)|HEAP_ALLOCATE|[54]|Bytes:4
12:33:51.22 (77906758)|HEAP_ALLOCATE|[54]|Bytes:15
12:33:51.22 (77920623)|USER_DEBUG|[54]|DEBUG|***sandbox true
12:33:51.22 (77928395)|STATEMENT_EXECUTE|[58]
12:33:51.22 (77931947)|HEAP_ALLOCATE|[58]|Bytes:78
12:33:51.22 (77970039)|STATEMENT_EXECUTE|[59]
12:33:51.77 (77993554)|CUMULATIVE_LIMIT_USAGE
12:33:51.77 (77993554)|LIMIT_USAGE_FOR_NS|(default)|
  Number of SOQL queries: 2 out of 100
  Number of query rows: 4 out of 50000
  Number of SOSL queries: 0 out of 20
  Number of DML statements: 0 out of 150
  Number of DML rows: 0 out of 10000
  Maximum CPU time: 0 out of 10000
  Maximum heap size: 0 out of 6000000
  Number of callouts: 1 out of 100
  Number of Email Invocations: 0 out of 10
  Number of future calls: 0 out of 50
  Number of queueable jobs added to the queue: 0 out of 50
  Number of Mobile Apex push calls: 0 out of 10

12:33:51.77 (77993554)|CUMULATIVE_LIMIT_USAGE_END

12:33:51.22 (78038634)|CODE_UNIT_FINISHED|mm_APIHelperTest.given_getResponseBody_then_expect_valid_result()
12:33:51.22 (79047238)|EXECUTION_FINISHED
12:33:55.893 (4893823122)|USER_INFO|[EXTERNAL]|00518000002hPQO|matthew.billups@matsonmoney.com.mbill|Mountain Standard Time|GMT-07:00
12:33:55.893 (4893844469)|EXECUTION_STARTED
12:33:55.893 (4893849296)|CODE_UNIT_STARTED|[EXTERNAL]|01p3600000B0sl1|mm_APIHelperTest.given_getResponseBody_when_id_passed_then_expect_valid_result()
12:33:55.893 (4893913299)|VARIABLE_SCOPE_BEGIN|[32]|mm_APIHelperTest.API_OPERATION_NAME|String|false|true
12:33:55.893 (4893921906)|VARIABLE_SCOPE_BEGIN|[31]|mm_APIHelperTest.API_SETTINGS_NAME|String|false|true
12:33:55.893 (4894041061)|HEAP_ALLOCATE|[72]|Bytes:3
12:33:55.893 (4894079146)|HEAP_ALLOCATE|[77]|Bytes:152
12:33:55.893 (4894096865)|HEAP_ALLOCATE|[342]|Bytes:408
12:33:55.893 (4894112725)|HEAP_ALLOCATE|[355]|Bytes:408
12:33:55.893 (4894127466)|HEAP_ALLOCATE|[467]|Bytes:48
12:33:55.893 (4894157729)|HEAP_ALLOCATE|[139]|Bytes:6
12:33:55.893 (4894176722)|HEAP_ALLOCATE|[EXTERNAL]|Bytes:127
12:33:55.893 (4894182838)|HEAP_ALLOCATE|[EXTERNAL]|Bytes:16
12:33:55.893 (4894204009)|VARIABLE_ASSIGNMENT|[EXTERNAL]|mm_APIHelperTest.API_OPERATION_NAME|"Get_All_Advisors"
12:33:55.893 (4894209571)|HEAP_ALLOCATE|[EXTERNAL]|Bytes:19
12:33:55.893 (4894217640)|VARIABLE_ASSIGNMENT|[EXTERNAL]|mm_APIHelperTest.API_SETTINGS_NAME|"Enterprise_Services"
12:33:55.893 (4894229572)|METHOD_ENTRY|[29]|01p3600000B0sl1|mm_APIHelperTest.mm_APIHelperTest()
12:33:55.893 (4894235265)|STATEMENT_EXECUTE|[29]
12:33:55.893 (4894240187)|STATEMENT_EXECUTE|[29]
12:33:55.893 (4894244611)|METHOD_EXIT|[29]|mm_APIHelperTest
12:33:55.893 (4894330916)|HEAP_ALLOCATE|[50]|Bytes:5
12:33:55.893 (4894362008)|HEAP_ALLOCATE|[56]|Bytes:5
12:33:55.893 (4894372241)|HEAP_ALLOCATE|[64]|Bytes:7
12:33:55.893 (4894419077)|STATEMENT_EXECUTE|[62]
12:33:55.893 (4894421616)|STATEMENT_EXECUTE|[63]
12:33:55.893 (4894434165)|HEAP_ALLOCATE|[63]|Bytes:21
12:33:55.893 (4894443899)|METHOD_ENTRY|[8]|01p3600000JKEqb|mm_SettingsHelper.mm_SettingsHelper()
12:33:55.893 (4894448969)|STATEMENT_EXECUTE|[8]
12:33:55.893 (4894451830)|STATEMENT_EXECUTE|[8]
12:33:55.893 (4894455100)|METHOD_EXIT|[8]|mm_SettingsHelper
12:33:55.893 (4894465150)|METHOD_ENTRY|[63]|01p3600000JKEqb|mm_SettingsHelper.IsSandboxOrg()
12:33:55.893 (4894487439)|STATEMENT_EXECUTE|[26]
12:33:55.893 (4894489549)|STATEMENT_EXECUTE|[29]
12:33:55.893 (4894493887)|HEAP_ALLOCATE|[29]|Bytes:42
12:33:55.893 (4894513510)|HEAP_ALLOCATE|[29]|Bytes:4
12:33:55.893 (4894644956)|SOQL_EXECUTE_BEGIN|[29]|Aggregations:0|SELECT IsSandbox FROM Organization LIMIT 1
12:33:55.893 (4896581526)|SOQL_EXECUTE_END|[29]|Rows:1
12:33:55.893 (4896602972)|HEAP_ALLOCATE|[29]|Bytes:8
12:33:55.893 (4896618849)|HEAP_ALLOCATE|[29]|Bytes:46
12:33:55.893 (4896663588)|HEAP_ALLOCATE|[29]|Bytes:8
12:33:55.893 (4896679966)|VARIABLE_SCOPE_BEGIN|[29]|orgs|List<Organization>|true|false
12:33:55.893 (4896708963)|VARIABLE_ASSIGNMENT|[29]|orgs|[{"IsSandbox":true,"Id":"00D18000000Cve8EAC"}]|0x2c30b44f
12:33:55.893 (4896715675)|STATEMENT_EXECUTE|[30]
12:33:55.893 (4896720287)|VARIABLE_SCOPE_BEGIN|[30]|isSandbox|Boolean|false|false
12:33:55.893 (4896733929)|HEAP_ALLOCATE|[30]|Bytes:5
12:33:55.893 (4896740848)|VARIABLE_ASSIGNMENT|[30]|isSandbox|true
12:33:55.893 (4896765001)|STATEMENT_EXECUTE|[32]
12:33:55.893 (4896767276)|STATEMENT_EXECUTE|[33]
12:33:55.893 (4896792197)|HEAP_ALLOCATE|[33]|Bytes:12
12:33:55.893 (4896813349)|VARIABLE_ASSIGNMENT|[33]|isSandbox|true
12:33:55.893 (4896818374)|STATEMENT_EXECUTE|[36]
12:33:55.893 (4896825108)|METHOD_EXIT|[63]|01p3600000JKEqb|mm_SettingsHelper.IsSandboxOrg()
12:33:55.893 (4896831260)|VARIABLE_SCOPE_BEGIN|[63]|IsThisaSand|Boolean|false|false
12:33:55.893 (4896839605)|VARIABLE_ASSIGNMENT|[63]|IsThisaSand|true
12:33:55.893 (4896844105)|STATEMENT_EXECUTE|[64]
12:33:55.893 (4896858832)|HEAP_ALLOCATE|[64]|Bytes:16
12:33:55.893 (4896870077)|SYSTEM_METHOD_ENTRY|[1]|StaticResourceCalloutMock.StaticResourceCalloutMock()
12:33:55.893 (4896874301)|STATEMENT_EXECUTE|[1]
12:33:55.893 (4896881328)|SYSTEM_METHOD_EXIT|[1]|StaticResourceCalloutMock
12:33:55.893 (4896889391)|HEAP_ALLOCATE|[64]|Bytes:12
12:33:55.893 (4897048730)|VARIABLE_SCOPE_BEGIN|[64]|mock|System.StaticResourceCalloutMock|true|false
12:33:55.893 (4897187691)|VARIABLE_ASSIGNMENT|[64]|mock|{"res":"System.HttpResponse[Status=OK, StatusCode=200]"}|0x4400fa36
12:33:55.893 (4897196341)|STATEMENT_EXECUTE|[69]
12:33:55.893 (4897201057)|HEAP_ALLOCATE|[69]|Bytes:39
12:33:55.893 (4897219265)|METHOD_ENTRY|[69]||System.StaticResourceCalloutMock.setStaticResource(String)
12:33:55.893 (4897256115)|METHOD_EXIT|[69]||System.StaticResourceCalloutMock.setStaticResource(String)
12:33:55.893 (4897261635)|STATEMENT_EXECUTE|[70]
12:33:55.893 (4897269044)|METHOD_ENTRY|[70]||System.StaticResourceCalloutMock.setStatusCode(Integer)
12:33:55.893 (4897325375)|METHOD_EXIT|[70]||System.StaticResourceCalloutMock.setStatusCode(Integer)
12:33:55.893 (4897332102)|STATEMENT_EXECUTE|[71]
12:33:55.893 (4897336111)|HEAP_ALLOCATE|[71]|Bytes:12
12:33:55.893 (4897340879)|HEAP_ALLOCATE|[71]|Bytes:16
12:33:55.893 (4897355458)|METHOD_ENTRY|[71]||System.StaticResourceCalloutMock.setHeader(String, String)
12:33:55.893 (4897408907)|METHOD_EXIT|[71]||System.StaticResourceCalloutMock.setHeader(String, String)
12:33:55.893 (4897414823)|STATEMENT_EXECUTE|[74]
12:33:55.893 (4897418690)|HEAP_ALLOCATE|[74]|Bytes:22
12:33:55.893 (4897482073)|HEAP_ALLOCATE|[74]|Bytes:27
12:33:55.893 (4897493546)|SYSTEM_METHOD_ENTRY|[1]|Type.Type()
12:33:55.893 (4897497225)|STATEMENT_EXECUTE|[1]
12:33:55.893 (4897503244)|SYSTEM_METHOD_EXIT|[1]|Type
12:33:55.893 (4897509663)|HEAP_ALLOCATE|[74]|Bytes:8
12:33:55.893 (4897526357)|HEAP_ALLOCATE|[74]|Bytes:8
12:33:55.893 (4897531870)|VARIABLE_SCOPE_BEGIN|[4]|this|System.Type|true|false
12:33:55.893 (4897552105)|VARIABLE_ASSIGNMENT|[4]|this|{}|0x4a645020
12:33:55.893 (4897558541)|VARIABLE_SCOPE_BEGIN|[4]|apextype|java:common.apex.runtime.ApexObjectType|true|false
12:33:55.893 (4897602171)|VARIABLE_ASSIGNMENT|[4]|apextype|"System.HttpCalloutMock"|0x2ae3ccdb
12:33:55.893 (4897635778)|HEAP_ALLOCATE|[74]|Bytes:8
12:33:55.893 (4897652418)|HEAP_ALLOCATE|[74]|Bytes:70
12:33:55.893 (4897661040)|SYSTEM_METHOD_ENTRY|[1]|Test.Test()
12:33:55.893 (4897664594)|STATEMENT_EXECUTE|[1]
12:33:55.893 (4897669324)|SYSTEM_METHOD_EXIT|[1]|Test
12:33:55.893 (4897679587)|METHOD_ENTRY|[74]||System.Test.setMock(System.Type, Object)
12:33:55.893 (4897821902)|METHOD_EXIT|[74]||System.Test.setMock(System.Type, Object)
12:33:55.893 (4897830141)|STATEMENT_EXECUTE|[76]
12:33:55.893 (4897845602)|VARIABLE_SCOPE_BEGIN|[13]|mm_APIHelper.apiSetting|API_Settings__mdt|true|true
12:33:55.893 (4897853379)|VARIABLE_SCOPE_BEGIN|[11]|mm_APIHelper.http|System.Http|true|true
12:33:55.893 (4897859879)|VARIABLE_SCOPE_BEGIN|[12]|mm_APIHelper.request|System.HttpRequest|true|true
12:33:55.893 (4897875266)|HEAP_ALLOCATE|[76]|Bytes:17
12:33:55.893 (4897881349)|HEAP_ALLOCATE|[76]|Bytes:8
12:33:55.893 (4897906450)|METHOD_ENTRY|[8]|01p3600000B0skz|mm_APIHelper.mm_APIHelper()
12:33:55.893 (4897911971)|STATEMENT_EXECUTE|[8]
12:33:55.893 (4897914973)|STATEMENT_EXECUTE|[8]
12:33:55.893 (4897916861)|STATEMENT_EXECUTE|[11]
12:33:55.893 (4897974116)|VARIABLE_ASSIGNMENT|[11]|mm_APIHelper.http|"System.Http[]"|0x3b02800a
12:33:55.893 (4897981830)|STATEMENT_EXECUTE|[12]
12:33:55.893 (4898017499)|VARIABLE_ASSIGNMENT|[12]|mm_APIHelper.request|"System.HttpRequest[Endpoint=null, Method=null]"|0x1239d9e9
12:33:55.893 (4898029003)|METHOD_EXIT|[8]|mm_APIHelper
12:33:55.893 (4898040332)|METHOD_ENTRY|[76]|01p3600000B0skz|mm_APIHelper.getResponseBody(String, String, Integer, String)
12:33:55.893 (4898055160)|VARIABLE_SCOPE_BEGIN|[17]|apiSettingName|String|false|false
12:33:55.893 (4898067190)|VARIABLE_ASSIGNMENT|[17]|apiSettingName|"Enterprise_Services"
12:33:55.893 (4898071962)|VARIABLE_SCOPE_BEGIN|[17]|apiOperationName|String|false|false
12:33:55.893 (4898080313)|VARIABLE_ASSIGNMENT|[17]|apiOperationName|"Get_All_Advisors"
12:33:55.893 (4898085345)|VARIABLE_SCOPE_BEGIN|[17]|id|Integer|false|false
12:33:55.893 (4898093985)|VARIABLE_ASSIGNMENT|[17]|id|1
12:33:55.893 (4898097989)|VARIABLE_SCOPE_BEGIN|[17]|query|String|false|false
12:33:55.893 (4898106061)|VARIABLE_ASSIGNMENT|[17]|query|""
12:33:55.893 (4898115751)|STATEMENT_EXECUTE|[17]
12:33:55.893 (4898117817)|STATEMENT_EXECUTE|[19]
12:33:55.893 (4898128655)|METHOD_ENTRY|[19]|01p3600000JKEqb|mm_SettingsHelper.getAPISetting(String)
12:33:55.893 (4898135192)|VARIABLE_SCOPE_BEGIN|[15]|settingName|String|false|false
12:33:55.893 (4898144073)|VARIABLE_ASSIGNMENT|[15]|settingName|"Enterprise_Services"
12:33:55.893 (4898150591)|STATEMENT_EXECUTE|[15]
12:33:55.893 (4898152260)|STATEMENT_EXECUTE|[17]
12:33:55.893 (4898156693)|VARIABLE_SCOPE_BEGIN|[17]|setting|API_Settings__mdt|true|false
12:33:55.893 (4898166459)|VARIABLE_ASSIGNMENT|[17]|setting|null|
12:33:55.893 (4898170518)|STATEMENT_EXECUTE|[19]
12:33:55.893 (4898174543)|HEAP_ALLOCATE|[19]|Bytes:152
12:33:55.893 (4898188821)|HEAP_ALLOCATE|[19]|Bytes:4
12:33:55.893 (4898197189)|HEAP_ALLOCATE|[19]|Bytes:7
12:33:55.893 (4898437575)|SOQL_EXECUTE_BEGIN|[19]|Aggregations:0|SELECT Username__c, Password__c, ApiKey__c, Endpoint_Base__c, Auth_Header_Field_Pattern__c FROM API_Settings__mdt WHERE DeveloperName = :tmpVar1 LIMIT 1
12:33:55.893 (4902168448)|SOQL_EXECUTE_END|[19]|Rows:1
12:33:55.893 (4902197126)|HEAP_ALLOCATE|[19]|Bytes:8
12:33:55.893 (4902218720)|HEAP_ALLOCATE|[19]|Bytes:291
12:33:55.893 (4902258758)|HEAP_ALLOCATE|[19]|Bytes:8
12:33:55.893 (4902274294)|VARIABLE_SCOPE_BEGIN|[19]|settings|List<API_Settings__mdt>|true|false
12:33:55.893 (4902357486)|VARIABLE_ASSIGNMENT|[19]|settings|[{"Username__c":"salesforce","Password__c":"2_{gW_7B(4fQg]mO18dZ (1 more) ...","ApiKey__c":"[B~b9ItI_15X0@xjBAxy (8 more) ...","Endpoint_Base__c":"http://matsonmoneyen (39 more) ...","Auth_Header_Field_Pattern__c":"un={Username__c}&pw= (29 more) ...","Id":"m02360000004KuxAAE"}]|0x77e8f287
12:33:55.893 (4902393107)|STATEMENT_EXECUTE|[21]
12:33:55.893 (4902408549)|HEAP_ALLOCATE|[21]|Bytes:28
12:33:55.893 (4902452015)|VARIABLE_ASSIGNMENT|[21]|setting|{"Username__c":"salesforce","Password__c":"2_{gW_7B(4fQg]mO18dZ (1 more) ...","ApiKey__c":"[B~b9ItI_15X0@xjBAxy (8 more) ...","Endpoint_Base__c":"http://matsonmoneyen (39 more) ...","Auth_Header_Field_Pattern__c":"un={Username__c}&pw= (29 more) ...","Id":"m02360000004KuxAAE"}|0x784f15ce
12:33:55.893 (4902461167)|STATEMENT_EXECUTE|[23]
12:33:55.893 (4902470500)|METHOD_EXIT|[19]|01p3600000JKEqb|mm_SettingsHelper.getAPISetting(String)
12:33:55.893 (4902500156)|VARIABLE_ASSIGNMENT|[19]|mm_APIHelper.apiSetting|{"Username__c":"salesforce","Password__c":"2_{gW_7B(4fQg]mO18dZ (1 more) ...","ApiKey__c":"[B~b9ItI_15X0@xjBAxy (8 more) ...","Endpoint_Base__c":"http://matsonmoneyen (39 more) ...","Auth_Header_Field_Pattern__c":"un={Username__c}&pw= (29 more) ...","Id":"m02360000004KuxAAE"}|0x784f15ce
12:33:55.893 (4902508375)|STATEMENT_EXECUTE|[21]
12:33:55.893 (4902523483)|METHOD_ENTRY|[21]|01p3600000B0skz|mm_APIHelper.setRequest(String, String, Integer, String)
12:33:55.893 (4902531895)|VARIABLE_SCOPE_BEGIN|[29]|apiSettingName|String|false|false
12:33:55.893 (4902546185)|VARIABLE_ASSIGNMENT|[29]|apiSettingName|"Enterprise_Services"
12:33:55.893 (4902550708)|VARIABLE_SCOPE_BEGIN|[29]|operationName|String|false|false
12:33:55.893 (4902559308)|VARIABLE_ASSIGNMENT|[29]|operationName|"Get_All_Advisors"
12:33:55.893 (4902564146)|VARIABLE_SCOPE_BEGIN|[29]|id|Integer|false|false
12:33:55.893 (4902573211)|VARIABLE_ASSIGNMENT|[29]|id|1
12:33:55.893 (4902577396)|VARIABLE_SCOPE_BEGIN|[29]|query|String|false|false
12:33:55.893 (4902585530)|VARIABLE_ASSIGNMENT|[29]|query|""
12:33:55.893 (4902598403)|STATEMENT_EXECUTE|[29]
12:33:55.893 (4902600350)|STATEMENT_EXECUTE|[31]
12:33:55.893 (4902608437)|METHOD_ENTRY|[31]|01p3600000B0skz|mm_APIHelper.setRequestHeader()
12:33:55.893 (4902616594)|STATEMENT_EXECUTE|[50]
12:33:55.893 (4902618878)|STATEMENT_EXECUTE|[51]
12:33:55.893 (4902627137)|HEAP_ALLOCATE|[51]|Bytes:30
12:33:55.893 (4902679046)|STATEMENT_EXECUTE|[52]
12:33:55.893 (4902683861)|HEAP_ALLOCATE|[52]|Bytes:13
12:33:55.893 (4902694835)|METHOD_ENTRY|[52]|01p3600000B0skz|mm_APIHelper.getAuthFieldValue()
12:33:55.893 (4902703616)|STATEMENT_EXECUTE|[56]
12:33:55.893 (4902705511)|STATEMENT_EXECUTE|[57]
12:33:55.893 (4902709291)|VARIABLE_SCOPE_BEGIN|[57]|value|String|false|false
12:33:55.893 (4902720761)|VARIABLE_ASSIGNMENT|[57]|value|""
12:33:55.893 (4902726831)|STATEMENT_EXECUTE|[59]
12:33:55.893 (4902728495)|STATEMENT_EXECUTE|[61]
12:33:55.893 (4902740450)|VARIABLE_SCOPE_BEGIN|[61]|authField|String|false|false
12:33:55.893 (4902751144)|VARIABLE_ASSIGNMENT|[61]|authField|"un={Username__c}&pw= (29 more) ..."
12:33:55.893 (4902755295)|STATEMENT_EXECUTE|[62]
12:33:55.893 (4902758215)|HEAP_ALLOCATE|[62]|Bytes:13
12:33:55.893 (4902807094)|HEAP_ALLOCATE|[62]|Bytes:46
12:33:55.893 (4902824614)|VARIABLE_ASSIGNMENT|[62]|authField|"un=salesforce&pw={Pa (26 more) ..."
12:33:55.893 (4902829688)|STATEMENT_EXECUTE|[63]
12:33:55.893 (4902832665)|HEAP_ALLOCATE|[63]|Bytes:13
12:33:55.893 (4902851058)|HEAP_ALLOCATE|[63]|Bytes:54
12:33:55.893 (4902864309)|VARIABLE_ASSIGNMENT|[63]|authField|"un=salesforce&pw=2_{ (34 more) ..."
12:33:55.893 (4902868650)|STATEMENT_EXECUTE|[64]
12:33:55.893 (4902871269)|HEAP_ALLOCATE|[64]|Bytes:11
12:33:55.893 (4902886827)|HEAP_ALLOCATE|[64]|Bytes:71
12:33:55.893 (4902899221)|VARIABLE_ASSIGNMENT|[64]|authField|"un=salesforce&pw=2_{ (51 more) ..."
12:33:55.893 (4902903755)|STATEMENT_EXECUTE|[66]
12:33:55.893 (4902909051)|VARIABLE_ASSIGNMENT|[66]|value|"un=salesforce&pw=2_{ (51 more) ..."
12:33:55.893 (4902913431)|STATEMENT_EXECUTE|[69]
12:33:55.893 (4902917796)|METHOD_EXIT|[52]|01p3600000B0skz|mm_APIHelper.getAuthFieldValue()
12:33:55.893 (4902946480)|METHOD_EXIT|[31]|01p3600000B0skz|mm_APIHelper.setRequestHeader()
12:33:55.893 (4902951990)|STATEMENT_EXECUTE|[33]
12:33:55.893 (4902967167)|HEAP_ALLOCATE|[33]|Bytes:2
12:33:55.893 (4902979138)|METHOD_ENTRY|[8]|01p3600000B0sl2|mm_APIOperationsHelper.mm_APIOperationsHelper()
12:33:55.893 (4902984174)|STATEMENT_EXECUTE|[8]
12:33:55.893 (4902987582)|STATEMENT_EXECUTE|[8]
12:33:55.893 (4902991565)|METHOD_EXIT|[8]|mm_APIOperationsHelper
12:33:55.893 (4902999866)|METHOD_ENTRY|[33]|01p3600000B0sl2|mm_APIOperationsHelper.getAPIOperation(String, String)
12:33:55.893 (4903005812)|VARIABLE_SCOPE_BEGIN|[16]|apiSettingName|String|false|false
12:33:55.893 (4903017095)|VARIABLE_ASSIGNMENT|[16]|apiSettingName|"Enterprise_Services"
12:33:55.893 (4903021558)|VARIABLE_SCOPE_BEGIN|[16]|operationName|String|false|false
12:33:55.893 (4903029270)|VARIABLE_ASSIGNMENT|[16]|operationName|"Get_All_Advisors"
12:33:55.893 (4903038514)|STATEMENT_EXECUTE|[16]
12:33:55.893 (4903040228)|STATEMENT_EXECUTE|[18]
12:33:55.893 (4903058577)|VARIABLE_SCOPE_BEGIN|[18]|operation|API_Operations__mdt|true|false
12:33:55.893 (4903069948)|VARIABLE_ASSIGNMENT|[18]|operation|null|
12:33:55.893 (4903074016)|STATEMENT_EXECUTE|[20]
12:33:55.893 (4903077781)|HEAP_ALLOCATE|[20]|Bytes:178
12:33:55.893 (4903094497)|HEAP_ALLOCATE|[20]|Bytes:4
12:33:55.893 (4903113220)|HEAP_ALLOCATE|[20]|Bytes:7
12:33:55.893 (4903365572)|SOQL_EXECUTE_BEGIN|[20]|Aggregations:0|SELECT API_Settings_Name__c, DeveloperName, HTTP_Method__c, URI__c, Query__c FROM API_Operations__mdt WHERE (API_Settings_Name__c = :tmpVar1 AND DeveloperName = :tmpVar2) LIMIT 1
12:33:55.893 (4905980267)|SOQL_EXECUTE_END|[20]|Rows:1
12:33:55.893 (4906005302)|HEAP_ALLOCATE|[20]|Bytes:8
12:33:55.893 (4906024577)|HEAP_ALLOCATE|[20]|Bytes:152
12:33:55.893 (4906059553)|HEAP_ALLOCATE|[20]|Bytes:8
12:33:55.893 (4906072380)|VARIABLE_SCOPE_BEGIN|[20]|operations|List<API_Operations__mdt>|true|false
12:33:55.893 (4906106968)|VARIABLE_ASSIGNMENT|[20]|operations|[{"API_Settings_Name__c":"Enterprise_Services","DeveloperName":"Get_All_Advisors","HTTP_Method__c":"GET","URI__c":"http://advisors/","Id":"m0136000000Cmq4AAC"}]|0x383dd130
12:33:55.893 (4906134622)|STATEMENT_EXECUTE|[24]
12:33:55.893 (4906147546)|HEAP_ALLOCATE|[24]|Bytes:24
12:33:55.893 (4906170031)|VARIABLE_ASSIGNMENT|[24]|operation|{"API_Settings_Name__c":"Enterprise_Services","DeveloperName":"Get_All_Advisors","HTTP_Method__c":"GET","URI__c":"http://advisors/","Id":"m0136000000Cmq4AAC"}|0x3aa98467
12:33:55.893 (4906176982)|STATEMENT_EXECUTE|[26]
12:33:55.893 (4906185208)|METHOD_EXIT|[33]|01p3600000B0sl2|mm_APIOperationsHelper.getAPIOperation(String, String)
12:33:55.893 (4906191867)|VARIABLE_SCOPE_BEGIN|[33]|opSettings|API_Operations__mdt|true|false
12:33:55.893 (4906228429)|VARIABLE_ASSIGNMENT|[33]|opSettings|{"API_Settings_Name__c":"Enterprise_Services","DeveloperName":"Get_All_Advisors","HTTP_Method__c":"GET","URI__c":"http://advisors/","Id":"m0136000000Cmq4AAC"}|0x3aa98467
12:33:55.893 (4906235156)|STATEMENT_EXECUTE|[35]
12:33:55.893 (4906291789)|STATEMENT_EXECUTE|[37]
12:33:55.893 (4906310807)|HEAP_ALLOCATE|[37]|Bytes:75
12:33:55.893 (4906318436)|VARIABLE_SCOPE_BEGIN|[37]|endpoint|String|false|false
12:33:55.893 (4906333214)|VARIABLE_ASSIGNMENT|[37]|endpoint|"http://matsonmoneyen (55 more) ..."
12:33:55.893 (4906340421)|STATEMENT_EXECUTE|[39]
12:33:55.893 (4906342322)|STATEMENT_EXECUTE|[40]
12:33:55.893 (4906351482)|HEAP_ALLOCATE|[40]|Bytes:1
12:33:55.893 (4906454630)|HEAP_ALLOCATE|[40]|Bytes:1
12:33:55.893 (4906479110)|HEAP_ALLOCATE|[40]|Bytes:77
12:33:55.893 (4906508231)|VARIABLE_ASSIGNMENT|[40]|endpoint|"http://matsonmoneyen (57 more) ..."
12:33:55.893 (4906534779)|STATEMENT_EXECUTE|[43]
12:33:55.893 (4906537049)|STATEMENT_EXECUTE|[47]
12:33:55.893 (4906567417)|METHOD_EXIT|[21]|01p3600000B0skz|mm_APIHelper.setRequest(String, String, Integer, String)
12:33:55.893 (4906574011)|STATEMENT_EXECUTE|[23]
12:33:55.893 (4906582035)|METHOD_ENTRY|[23]|01p3600000B0skz|mm_APIHelper.getResponseBody()
12:33:55.893 (4906595916)|STATEMENT_EXECUTE|[87]
12:33:55.893 (4906597787)|STATEMENT_EXECUTE|[88]
12:33:55.893 (4906601560)|VARIABLE_SCOPE_BEGIN|[88]|body|String|false|false
12:33:55.893 (4906613359)|VARIABLE_ASSIGNMENT|[88]|body|""
12:33:55.893 (4906617928)|STATEMENT_EXECUTE|[90]
12:33:55.893 (4906698156)|CALLOUT_REQUEST|[90]|System.HttpRequest[Endpoint=http://matsonmoneyenterpriseservices.azurewebsites.net/api/http://advisors//1, Method=GET]
12:33:55.893 (4906771788)|HEAP_ALLOCATE|[90]|Bytes:12
12:33:55.893 (4906783511)|HEAP_ALLOCATE|[90]|Bytes:77
12:33:55.893 (4906790036)|VARIABLE_SCOPE_BEGIN|[27]|this|System.StaticResourceCalloutMock|true|false
12:33:55.893 (4906887313)|VARIABLE_ASSIGNMENT|[27]|this|{"res":"System.HttpResponse[Status=OK, StatusCode=200]","staticResourceName":"mm_EnterpriseServicesTest_Advisors_JSON"}|0x4400fa36
12:33:55.893 (4906895895)|VARIABLE_SCOPE_BEGIN|[27]|request|System.HttpRequest|true|false
12:33:55.893 (4906938248)|VARIABLE_ASSIGNMENT|[27]|request|"System.HttpRequest[Endpoint=http://matsonmoneyenterpriseservices.azurewebsites.net/api/http://advisors//1, Method=GET]"|0x1239d9e9
12:33:55.893 (4908144927)|CALLOUT_RESPONSE|[90]|System.HttpResponse[Status=OK, StatusCode=200]
12:33:55.893 (4908159905)|HEAP_ALLOCATE|[90]|Bytes:84
12:33:55.893 (4908169879)|VARIABLE_SCOPE_BEGIN|[90]|response|System.HttpResponse|true|false
12:33:55.893 (4908209055)|VARIABLE_ASSIGNMENT|[90]|response|"System.HttpResponse[Status=OK, StatusCode=200]"|0x53de955e
12:33:55.893 (4908228564)|METHOD_ENTRY|[92]|01p3600000B0skz|mm_APIHelper.isValidResponse(System.HttpResponse)
12:33:55.893 (4908236869)|VARIABLE_SCOPE_BEGIN|[72]|response|System.HttpResponse|true|false
12:33:55.893 (4908266110)|VARIABLE_ASSIGNMENT|[72]|response|"System.HttpResponse[Status=OK, StatusCode=200]"|0x53de955e
12:33:55.893 (4908278775)|STATEMENT_EXECUTE|[72]
12:33:55.893 (4908281085)|STATEMENT_EXECUTE|[73]
12:33:55.893 (4908286192)|VARIABLE_SCOPE_BEGIN|[73]|isValid|Boolean|false|false
12:33:55.893 (4908298529)|HEAP_ALLOCATE|[73]|Bytes:5
12:33:55.893 (4908306768)|VARIABLE_ASSIGNMENT|[73]|isValid|true
12:33:55.893 (4908330293)|STATEMENT_EXECUTE|[80]
12:33:55.893 (4908332641)|STATEMENT_EXECUTE|[81]
12:33:55.893 (4908356926)|HEAP_ALLOCATE|[81]|Bytes:78
12:33:55.893 (4908382240)|USER_DEBUG|[81]|DEBUG|[{"FirstName":"Bob","LastName":"Smith"},{"FirstName":"John","LastName":"Doe"}]
12:33:55.893 (4908392352)|STATEMENT_EXECUTE|[84]
12:33:55.893 (4908397739)|METHOD_EXIT|[92]|01p3600000B0skz|mm_APIHelper.isValidResponse(System.HttpResponse)
12:33:55.893 (4908403362)|STATEMENT_EXECUTE|[92]
12:33:55.893 (4908405143)|STATEMENT_EXECUTE|[93]
12:33:55.893 (4908418052)|HEAP_ALLOCATE|[93]|Bytes:78
12:33:55.893 (4908432990)|VARIABLE_ASSIGNMENT|[93]|body|"[{\"FirstName\":\"Bob\", (58 more) ..."
12:33:55.893 (4908438049)|STATEMENT_EXECUTE|[96]
12:33:55.893 (4908441894)|METHOD_EXIT|[23]|01p3600000B0skz|mm_APIHelper.getResponseBody()
12:33:55.893 (4908450049)|METHOD_EXIT|[76]|01p3600000B0skz|mm_APIHelper.getResponseBody(String, String, Integer, String)
12:33:55.893 (4908455554)|VARIABLE_SCOPE_BEGIN|[76]|res|String|false|false
12:33:55.893 (4908465555)|VARIABLE_ASSIGNMENT|[76]|res|"[{\"FirstName\":\"Bob\", (58 more) ..."
12:33:55.893 (4908470235)|STATEMENT_EXECUTE|[77]
12:33:55.893 (4908477375)|METHOD_ENTRY|[77]|01p3600000JKEqb|mm_SettingsHelper.IsSandboxOrg()
12:33:55.893 (4908497214)|STATEMENT_EXECUTE|[26]
12:33:55.893 (4908499351)|STATEMENT_EXECUTE|[29]
12:33:55.893 (4908515809)|HEAP_ALLOCATE|[29]|Bytes:4
12:33:55.893 (4908638348)|SOQL_EXECUTE_BEGIN|[29]|Aggregations:0|SELECT IsSandbox FROM Organization LIMIT 1
12:33:55.893 (4910177856)|SOQL_EXECUTE_END|[29]|Rows:1
12:33:55.893 (4910198547)|HEAP_ALLOCATE|[29]|Bytes:8
12:33:55.893 (4910213090)|HEAP_ALLOCATE|[29]|Bytes:46
12:33:55.893 (4910243800)|HEAP_ALLOCATE|[29]|Bytes:8
12:33:55.893 (4910255195)|VARIABLE_SCOPE_BEGIN|[29]|orgs|List<Organization>|true|false
12:33:55.893 (4910280602)|VARIABLE_ASSIGNMENT|[29]|orgs|[{"IsSandbox":true,"Id":"00D18000000Cve8EAC"}]|0x50fd3ce5
12:33:55.893 (4910290820)|STATEMENT_EXECUTE|[30]
12:33:55.893 (4910295386)|VARIABLE_SCOPE_BEGIN|[30]|isSandbox|Boolean|false|false
12:33:55.893 (4910304919)|HEAP_ALLOCATE|[30]|Bytes:5
12:33:55.893 (4910311631)|VARIABLE_ASSIGNMENT|[30]|isSandbox|true
12:33:55.893 (4910330706)|STATEMENT_EXECUTE|[32]
12:33:55.893 (4910333193)|STATEMENT_EXECUTE|[33]
12:33:55.893 (4910342150)|HEAP_ALLOCATE|[33]|Bytes:12
12:33:55.893 (4910363830)|VARIABLE_ASSIGNMENT|[33]|isSandbox|true
12:33:55.893 (4910369262)|STATEMENT_EXECUTE|[36]
12:33:55.893 (4910375123)|METHOD_EXIT|[77]|01p3600000JKEqb|mm_SettingsHelper.IsSandboxOrg()
12:33:55.893 (4910381010)|VARIABLE_SCOPE_BEGIN|[77]|IsSand|Boolean|false|false
12:33:55.893 (4910389401)|VARIABLE_ASSIGNMENT|[77]|IsSand|true
12:33:55.893 (4910393240)|STATEMENT_EXECUTE|[78]
12:33:55.893 (4910397287)|HEAP_ALLOCATE|[78]|Bytes:11
12:33:55.893 (4910445130)|HEAP_ALLOCATE|[78]|Bytes:4
12:33:55.893 (4910460851)|HEAP_ALLOCATE|[78]|Bytes:15
12:33:55.893 (4910472784)|USER_DEBUG|[78]|DEBUG|***sandbox true
12:33:55.893 (4910480361)|STATEMENT_EXECUTE|[82]
12:33:55.893 (4910483683)|HEAP_ALLOCATE|[82]|Bytes:78
12:33:55.893 (4910521497)|STATEMENT_EXECUTE|[83]
12:33:55.910 (4910543030)|CUMULATIVE_LIMIT_USAGE
12:33:55.910 (4910543030)|LIMIT_USAGE_FOR_NS|(default)|
  Number of SOQL queries: 2 out of 100
  Number of query rows: 4 out of 50000
  Number of SOSL queries: 0 out of 20
  Number of DML statements: 0 out of 150
  Number of DML rows: 0 out of 10000
  Maximum CPU time: 0 out of 10000
  Maximum heap size: 0 out of 6000000
  Number of callouts: 1 out of 100
  Number of Email Invocations: 0 out of 10
  Number of future calls: 0 out of 50
  Number of queueable jobs added to the queue: 0 out of 50
  Number of Mobile Apex push calls: 0 out of 10

12:33:55.910 (4910543030)|CUMULATIVE_LIMIT_USAGE_END

12:33:55.893 (4910578786)|CODE_UNIT_FINISHED|mm_APIHelperTest.given_getResponseBody_when_id_passed_then_expect_valid_result()
12:33:55.893 (4911528584)|EXECUTION_FINISHED
12:33:56.126 (5126840736)|USER_INFO|[EXTERNAL]|00518000002hPQO|matthew.billups@matsonmoney.com.mbill|Mountain Standard Time|GMT-07:00
12:33:56.126 (5126863739)|EXECUTION_STARTED
12:33:56.126 (5126868118)|CODE_UNIT_STARTED|[EXTERNAL]|01p3600000B0sl1|mm_APIHelperTest.given_getResponseBody_when_invalid_respone_then_expect_empty_string()
12:33:56.126 (5126942281)|VARIABLE_SCOPE_BEGIN|[32]|mm_APIHelperTest.API_OPERATION_NAME|String|false|true
12:33:56.126 (5126952330)|VARIABLE_SCOPE_BEGIN|[31]|mm_APIHelperTest.API_SETTINGS_NAME|String|false|true
12:33:56.126 (5127045216)|HEAP_ALLOCATE|[72]|Bytes:3
12:33:56.126 (5127079295)|HEAP_ALLOCATE|[77]|Bytes:152
12:33:56.126 (5127097538)|HEAP_ALLOCATE|[342]|Bytes:408
12:33:56.126 (5127113867)|HEAP_ALLOCATE|[355]|Bytes:408
12:33:56.126 (5127128705)|HEAP_ALLOCATE|[467]|Bytes:48
12:33:56.126 (5127156728)|HEAP_ALLOCATE|[139]|Bytes:6
12:33:56.126 (5127174417)|HEAP_ALLOCATE|[EXTERNAL]|Bytes:127
12:33:56.126 (5127180327)|HEAP_ALLOCATE|[EXTERNAL]|Bytes:16
12:33:56.126 (5127200292)|VARIABLE_ASSIGNMENT|[EXTERNAL]|mm_APIHelperTest.API_OPERATION_NAME|"Get_All_Advisors"
12:33:56.126 (5127205936)|HEAP_ALLOCATE|[EXTERNAL]|Bytes:19
12:33:56.126 (5127214153)|VARIABLE_ASSIGNMENT|[EXTERNAL]|mm_APIHelperTest.API_SETTINGS_NAME|"Enterprise_Services"
12:33:56.126 (5127225128)|METHOD_ENTRY|[29]|01p3600000B0sl1|mm_APIHelperTest.mm_APIHelperTest()
12:33:56.126 (5127230867)|STATEMENT_EXECUTE|[29]
12:33:56.126 (5127235038)|STATEMENT_EXECUTE|[29]
12:33:56.126 (5127238991)|METHOD_EXIT|[29]|mm_APIHelperTest
12:33:56.126 (5127322882)|HEAP_ALLOCATE|[50]|Bytes:5
12:33:56.126 (5127345425)|HEAP_ALLOCATE|[56]|Bytes:5
12:33:56.126 (5127360501)|HEAP_ALLOCATE|[64]|Bytes:7
12:33:56.126 (5127390837)|STATEMENT_EXECUTE|[110]
12:33:56.126 (5127393256)|STATEMENT_EXECUTE|[112]
12:33:56.126 (5127406568)|HEAP_ALLOCATE|[112]|Bytes:16
12:33:56.126 (5127417404)|SYSTEM_METHOD_ENTRY|[1]|StaticResourceCalloutMock.StaticResourceCalloutMock()
12:33:56.126 (5127421797)|STATEMENT_EXECUTE|[1]
12:33:56.126 (5127427493)|SYSTEM_METHOD_EXIT|[1]|StaticResourceCalloutMock
12:33:56.126 (5127434404)|HEAP_ALLOCATE|[112]|Bytes:12
12:33:56.126 (5127595975)|VARIABLE_SCOPE_BEGIN|[112]|mock2|System.StaticResourceCalloutMock|true|false
12:33:56.126 (5127721571)|VARIABLE_ASSIGNMENT|[112]|mock2|{"res":"System.HttpResponse[Status=OK, StatusCode=200]"}|0x4b50b349
12:33:56.126 (5127731284)|STATEMENT_EXECUTE|[113]
12:33:56.126 (5127736496)|HEAP_ALLOCATE|[113]|Bytes:39
12:33:56.126 (5127754231)|METHOD_ENTRY|[113]||System.StaticResourceCalloutMock.setStaticResource(String)
12:33:56.126 (5127795542)|METHOD_EXIT|[113]||System.StaticResourceCalloutMock.setStaticResource(String)
12:33:56.126 (5127800967)|STATEMENT_EXECUTE|[114]
12:33:56.126 (5127804330)|HEAP_ALLOCATE|[114]|Bytes:12
12:33:56.126 (5127808855)|HEAP_ALLOCATE|[114]|Bytes:16
12:33:56.126 (5127817468)|METHOD_ENTRY|[114]||System.StaticResourceCalloutMock.setHeader(String, String)
12:33:56.126 (5127870773)|METHOD_EXIT|[114]||System.StaticResourceCalloutMock.setHeader(String, String)
12:33:56.126 (5127877106)|STATEMENT_EXECUTE|[115]
12:33:56.126 (5127884437)|METHOD_ENTRY|[115]||System.StaticResourceCalloutMock.setStatusCode(Integer)
12:33:56.126 (5127926149)|METHOD_EXIT|[115]||System.StaticResourceCalloutMock.setStatusCode(Integer)
12:33:56.126 (5127931789)|STATEMENT_EXECUTE|[118]
12:33:56.126 (5127935601)|HEAP_ALLOCATE|[118]|Bytes:22
12:33:56.126 (5127984372)|HEAP_ALLOCATE|[118]|Bytes:27
12:33:56.126 (5127995963)|SYSTEM_METHOD_ENTRY|[1]|Type.Type()
12:33:56.126 (5127999790)|STATEMENT_EXECUTE|[1]
12:33:56.126 (5128005434)|SYSTEM_METHOD_EXIT|[1]|Type
12:33:56.126 (5128012155)|HEAP_ALLOCATE|[118]|Bytes:8
12:33:56.126 (5128028544)|HEAP_ALLOCATE|[118]|Bytes:8
12:33:56.126 (5128033191)|VARIABLE_SCOPE_BEGIN|[4]|this|System.Type|true|false
12:33:56.126 (5128053110)|VARIABLE_ASSIGNMENT|[4]|this|{}|0x3795f4bb
12:33:56.126 (5128059520)|VARIABLE_SCOPE_BEGIN|[4]|apextype|java:common.apex.runtime.ApexObjectType|true|false
12:33:56.126 (5128097301)|VARIABLE_ASSIGNMENT|[4]|apextype|"System.HttpCalloutMock"|0x2ae3ccdb
12:33:56.126 (5128130080)|HEAP_ALLOCATE|[118]|Bytes:8
12:33:56.126 (5128145862)|HEAP_ALLOCATE|[118]|Bytes:70
12:33:56.126 (5128154866)|SYSTEM_METHOD_ENTRY|[1]|Test.Test()
12:33:56.126 (5128158392)|STATEMENT_EXECUTE|[1]
12:33:56.126 (5128162787)|SYSTEM_METHOD_EXIT|[1]|Test
12:33:56.126 (5128173041)|METHOD_ENTRY|[118]||System.Test.setMock(System.Type, Object)
12:33:56.126 (5128313559)|METHOD_EXIT|[118]||System.Test.setMock(System.Type, Object)
12:33:56.126 (5128321812)|STATEMENT_EXECUTE|[120]
12:33:56.126 (5128330657)|HEAP_ALLOCATE|[120]|Bytes:13
12:33:56.126 (5128354469)|VARIABLE_SCOPE_BEGIN|[13]|mm_APIHelper.apiSetting|API_Settings__mdt|true|true
12:33:56.126 (5128364339)|VARIABLE_SCOPE_BEGIN|[11]|mm_APIHelper.http|System.Http|true|true
12:33:56.126 (5128371140)|VARIABLE_SCOPE_BEGIN|[12]|mm_APIHelper.request|System.HttpRequest|true|true
12:33:56.126 (5128387055)|HEAP_ALLOCATE|[120]|Bytes:17
12:33:56.126 (5128393586)|HEAP_ALLOCATE|[120]|Bytes:8
12:33:56.126 (5128425393)|METHOD_ENTRY|[8]|01p3600000B0skz|mm_APIHelper.mm_APIHelper()
12:33:56.126 (5128430686)|STATEMENT_EXECUTE|[8]
12:33:56.126 (5128433962)|STATEMENT_EXECUTE|[8]
12:33:56.126 (5128435804)|STATEMENT_EXECUTE|[11]
12:33:56.126 (5128494743)|VARIABLE_ASSIGNMENT|[11]|mm_APIHelper.http|"System.Http[]"|0x2a0f7b34
12:33:56.126 (5128502884)|STATEMENT_EXECUTE|[12]
12:33:56.126 (5128537850)|VARIABLE_ASSIGNMENT|[12]|mm_APIHelper.request|"System.HttpRequest[Endpoint=null, Method=null]"|0x640b5fc7
12:33:56.126 (5128548969)|METHOD_EXIT|[8]|mm_APIHelper
12:33:56.126 (5128560369)|METHOD_ENTRY|[120]|01p3600000B0skz|mm_APIHelper.getResponseBody(String, String, Integer, String)
12:33:56.126 (5128575832)|VARIABLE_SCOPE_BEGIN|[17]|apiSettingName|String|false|false
12:33:56.126 (5128588007)|VARIABLE_ASSIGNMENT|[17]|apiSettingName|"Enterprise_Services"
12:33:56.126 (5128592467)|VARIABLE_SCOPE_BEGIN|[17]|apiOperationName|String|false|false
12:33:56.126 (5128600172)|VARIABLE_ASSIGNMENT|[17]|apiOperationName|"Get_All_Advisors"
12:33:56.126 (5128604765)|VARIABLE_SCOPE_BEGIN|[17]|id|Integer|false|false
12:33:56.126 (5128614372)|VARIABLE_ASSIGNMENT|[17]|id|0
12:33:56.126 (5128618350)|VARIABLE_SCOPE_BEGIN|[17]|query|String|false|false
12:33:56.126 (5128643243)|VARIABLE_ASSIGNMENT|[17]|query|"zipcode=12345"
12:33:56.126 (5128653910)|STATEMENT_EXECUTE|[17]
12:33:56.126 (5128655994)|STATEMENT_EXECUTE|[19]
12:33:56.126 (5128670135)|HEAP_ALLOCATE|[19]|Bytes:21
12:33:56.126 (5128679067)|METHOD_ENTRY|[8]|01p3600000JKEqb|mm_SettingsHelper.mm_SettingsHelper()
12:33:56.126 (5128683826)|STATEMENT_EXECUTE|[8]
12:33:56.126 (5128686275)|STATEMENT_EXECUTE|[8]
12:33:56.126 (5128689333)|METHOD_EXIT|[8]|mm_SettingsHelper
12:33:56.126 (5128697724)|METHOD_ENTRY|[19]|01p3600000JKEqb|mm_SettingsHelper.getAPISetting(String)
12:33:56.126 (5128703645)|VARIABLE_SCOPE_BEGIN|[15]|settingName|String|false|false
12:33:56.126 (5128714533)|VARIABLE_ASSIGNMENT|[15]|settingName|"Enterprise_Services"
12:33:56.126 (5128722607)|STATEMENT_EXECUTE|[15]
12:33:56.126 (5128724610)|STATEMENT_EXECUTE|[17]
12:33:56.126 (5128730558)|VARIABLE_SCOPE_BEGIN|[17]|setting|API_Settings__mdt|true|false
12:33:56.126 (5128740333)|VARIABLE_ASSIGNMENT|[17]|setting|null|
12:33:56.126 (5128744308)|STATEMENT_EXECUTE|[19]
12:33:56.126 (5128747860)|HEAP_ALLOCATE|[19]|Bytes:152
12:33:56.126 (5128767542)|HEAP_ALLOCATE|[19]|Bytes:4
12:33:56.126 (5128780810)|HEAP_ALLOCATE|[19]|Bytes:7
12:33:56.126 (5129049463)|SOQL_EXECUTE_BEGIN|[19]|Aggregations:0|SELECT Username__c, Password__c, ApiKey__c, Endpoint_Base__c, Auth_Header_Field_Pattern__c FROM API_Settings__mdt WHERE DeveloperName = :tmpVar1 LIMIT 1
12:33:56.126 (5132625771)|SOQL_EXECUTE_END|[19]|Rows:1
12:33:56.126 (5132659916)|HEAP_ALLOCATE|[19]|Bytes:8
12:33:56.126 (5132681530)|HEAP_ALLOCATE|[19]|Bytes:291
12:33:56.126 (5132724003)|HEAP_ALLOCATE|[19]|Bytes:8
12:33:56.126 (5132739230)|VARIABLE_SCOPE_BEGIN|[19]|settings|List<API_Settings__mdt>|true|false
12:33:56.126 (5132838823)|VARIABLE_ASSIGNMENT|[19]|settings|[{"Username__c":"salesforce","Password__c":"2_{gW_7B(4fQg]mO18dZ (1 more) ...","ApiKey__c":"[B~b9ItI_15X0@xjBAxy (8 more) ...","Endpoint_Base__c":"http://matsonmoneyen (39 more) ...","Auth_Header_Field_Pattern__c":"un={Username__c}&pw= (29 more) ...","Id":"m02360000004KuxAAE"}]|0x6d81efce
12:33:56.126 (5132875002)|STATEMENT_EXECUTE|[21]
12:33:56.126 (5132891561)|HEAP_ALLOCATE|[21]|Bytes:28
12:33:56.126 (5132926394)|VARIABLE_ASSIGNMENT|[21]|setting|{"Username__c":"salesforce","Password__c":"2_{gW_7B(4fQg]mO18dZ (1 more) ...","ApiKey__c":"[B~b9ItI_15X0@xjBAxy (8 more) ...","Endpoint_Base__c":"http://matsonmoneyen (39 more) ...","Auth_Header_Field_Pattern__c":"un={Username__c}&pw= (29 more) ...","Id":"m02360000004KuxAAE"}|0x689fd758
12:33:56.126 (5132935874)|STATEMENT_EXECUTE|[23]
12:33:56.126 (5132944555)|METHOD_EXIT|[19]|01p3600000JKEqb|mm_SettingsHelper.getAPISetting(String)
12:33:56.126 (5132977618)|VARIABLE_ASSIGNMENT|[19]|mm_APIHelper.apiSetting|{"Username__c":"salesforce","Password__c":"2_{gW_7B(4fQg]mO18dZ (1 more) ...","ApiKey__c":"[B~b9ItI_15X0@xjBAxy (8 more) ...","Endpoint_Base__c":"http://matsonmoneyen (39 more) ...","Auth_Header_Field_Pattern__c":"un={Username__c}&pw= (29 more) ...","Id":"m02360000004KuxAAE"}|0x689fd758
12:33:56.126 (5132985373)|STATEMENT_EXECUTE|[21]
12:33:56.126 (5132999548)|METHOD_ENTRY|[21]|01p3600000B0skz|mm_APIHelper.setRequest(String, String, Integer, String)
12:33:56.126 (5133007497)|VARIABLE_SCOPE_BEGIN|[29]|apiSettingName|String|false|false
12:33:56.126 (5133019350)|VARIABLE_ASSIGNMENT|[29]|apiSettingName|"Enterprise_Services"
12:33:56.126 (5133023975)|VARIABLE_SCOPE_BEGIN|[29]|operationName|String|false|false
12:33:56.126 (5133032653)|VARIABLE_ASSIGNMENT|[29]|operationName|"Get_All_Advisors"
12:33:56.126 (5133037369)|VARIABLE_SCOPE_BEGIN|[29]|id|Integer|false|false
12:33:56.126 (5133046310)|VARIABLE_ASSIGNMENT|[29]|id|0
12:33:56.126 (5133050473)|VARIABLE_SCOPE_BEGIN|[29]|query|String|false|false
12:33:56.126 (5133058147)|VARIABLE_ASSIGNMENT|[29]|query|"zipcode=12345"
12:33:56.126 (5133069905)|STATEMENT_EXECUTE|[29]
12:33:56.126 (5133072459)|STATEMENT_EXECUTE|[31]
12:33:56.126 (5133080088)|METHOD_ENTRY|[31]|01p3600000B0skz|mm_APIHelper.setRequestHeader()
12:33:56.126 (5133088283)|STATEMENT_EXECUTE|[50]
12:33:56.126 (5133090054)|STATEMENT_EXECUTE|[51]
12:33:56.126 (5133097561)|HEAP_ALLOCATE|[51]|Bytes:30
12:33:56.126 (5133147571)|STATEMENT_EXECUTE|[52]
12:33:56.126 (5133152023)|HEAP_ALLOCATE|[52]|Bytes:13
12:33:56.126 (5133162535)|METHOD_ENTRY|[52]|01p3600000B0skz|mm_APIHelper.getAuthFieldValue()
12:33:56.126 (5133171302)|STATEMENT_EXECUTE|[56]
12:33:56.126 (5133173066)|STATEMENT_EXECUTE|[57]
12:33:56.126 (5133177674)|VARIABLE_SCOPE_BEGIN|[57]|value|String|false|false
12:33:56.126 (5133189219)|VARIABLE_ASSIGNMENT|[57]|value|""
12:33:56.126 (5133195322)|STATEMENT_EXECUTE|[59]
12:33:56.126 (5133197022)|STATEMENT_EXECUTE|[61]
12:33:56.126 (5133210645)|VARIABLE_SCOPE_BEGIN|[61]|authField|String|false|false
12:33:56.126 (5133221161)|VARIABLE_ASSIGNMENT|[61]|authField|"un={Username__c}&pw= (29 more) ..."
12:33:56.126 (5133225266)|STATEMENT_EXECUTE|[62]
12:33:56.126 (5133228260)|HEAP_ALLOCATE|[62]|Bytes:13
12:33:56.126 (5133274640)|HEAP_ALLOCATE|[62]|Bytes:46
12:33:56.126 (5133292675)|VARIABLE_ASSIGNMENT|[62]|authField|"un=salesforce&pw={Pa (26 more) ..."
12:33:56.126 (5133300796)|STATEMENT_EXECUTE|[63]
12:33:56.126 (5133303941)|HEAP_ALLOCATE|[63]|Bytes:13
12:33:56.126 (5133323769)|HEAP_ALLOCATE|[63]|Bytes:54
12:33:56.126 (5133337045)|VARIABLE_ASSIGNMENT|[63]|authField|"un=salesforce&pw=2_{ (34 more) ..."
12:33:56.126 (5133341924)|STATEMENT_EXECUTE|[64]
12:33:56.126 (5133350960)|HEAP_ALLOCATE|[64]|Bytes:11
12:33:56.126 (5133369129)|HEAP_ALLOCATE|[64]|Bytes:71
12:33:56.126 (5133383173)|VARIABLE_ASSIGNMENT|[64]|authField|"un=salesforce&pw=2_{ (51 more) ..."
12:33:56.126 (5133387391)|STATEMENT_EXECUTE|[66]
12:33:56.126 (5133392632)|VARIABLE_ASSIGNMENT|[66]|value|"un=salesforce&pw=2_{ (51 more) ..."
12:33:56.126 (5133396918)|STATEMENT_EXECUTE|[69]
12:33:56.126 (5133402041)|METHOD_EXIT|[52]|01p3600000B0skz|mm_APIHelper.getAuthFieldValue()
12:33:56.126 (5133433269)|METHOD_EXIT|[31]|01p3600000B0skz|mm_APIHelper.setRequestHeader()
12:33:56.126 (5133438777)|STATEMENT_EXECUTE|[33]
12:33:56.126 (5133452311)|HEAP_ALLOCATE|[33]|Bytes:2
12:33:56.126 (5133463583)|METHOD_ENTRY|[8]|01p3600000B0sl2|mm_APIOperationsHelper.mm_APIOperationsHelper()
12:33:56.126 (5133468300)|STATEMENT_EXECUTE|[8]
12:33:56.126 (5133471241)|STATEMENT_EXECUTE|[8]
12:33:56.126 (5133475044)|METHOD_EXIT|[8]|mm_APIOperationsHelper
12:33:56.126 (5133483787)|METHOD_ENTRY|[33]|01p3600000B0sl2|mm_APIOperationsHelper.getAPIOperation(String, String)
12:33:56.126 (5133489690)|VARIABLE_SCOPE_BEGIN|[16]|apiSettingName|String|false|false
12:33:56.126 (5133510570)|VARIABLE_ASSIGNMENT|[16]|apiSettingName|"Enterprise_Services"
12:33:56.126 (5133515480)|VARIABLE_SCOPE_BEGIN|[16]|operationName|String|false|false
12:33:56.126 (5133523370)|VARIABLE_ASSIGNMENT|[16]|operationName|"Get_All_Advisors"
12:33:56.126 (5133532859)|STATEMENT_EXECUTE|[16]
12:33:56.126 (5133534672)|STATEMENT_EXECUTE|[18]
12:33:56.126 (5133553887)|VARIABLE_SCOPE_BEGIN|[18]|operation|API_Operations__mdt|true|false
12:33:56.126 (5133564607)|VARIABLE_ASSIGNMENT|[18]|operation|null|
12:33:56.126 (5133568660)|STATEMENT_EXECUTE|[20]
12:33:56.126 (5133572360)|HEAP_ALLOCATE|[20]|Bytes:178
12:33:56.126 (5133588802)|HEAP_ALLOCATE|[20]|Bytes:4
12:33:56.126 (5133607091)|HEAP_ALLOCATE|[20]|Bytes:7
12:33:56.126 (5133873933)|SOQL_EXECUTE_BEGIN|[20]|Aggregations:0|SELECT API_Settings_Name__c, DeveloperName, HTTP_Method__c, URI__c, Query__c FROM API_Operations__mdt WHERE (API_Settings_Name__c = :tmpVar1 AND DeveloperName = :tmpVar2) LIMIT 1
12:33:56.126 (5136580906)|SOQL_EXECUTE_END|[20]|Rows:1
12:33:56.126 (5136608407)|HEAP_ALLOCATE|[20]|Bytes:8
12:33:56.126 (5136627317)|HEAP_ALLOCATE|[20]|Bytes:152
12:33:56.126 (5136661488)|HEAP_ALLOCATE|[20]|Bytes:8
12:33:56.126 (5136673378)|VARIABLE_SCOPE_BEGIN|[20]|operations|List<API_Operations__mdt>|true|false
12:33:56.126 (5136704829)|VARIABLE_ASSIGNMENT|[20]|operations|[{"API_Settings_Name__c":"Enterprise_Services","DeveloperName":"Get_All_Advisors","HTTP_Method__c":"GET","URI__c":"http://advisors/","Id":"m0136000000Cmq4AAC"}]|0x6414710d
12:33:56.126 (5136732342)|STATEMENT_EXECUTE|[24]
12:33:56.126 (5136746124)|HEAP_ALLOCATE|[24]|Bytes:24
12:33:56.126 (5136769050)|VARIABLE_ASSIGNMENT|[24]|operation|{"API_Settings_Name__c":"Enterprise_Services","DeveloperName":"Get_All_Advisors","HTTP_Method__c":"GET","URI__c":"http://advisors/","Id":"m0136000000Cmq4AAC"}|0x3bf31b45
12:33:56.126 (5136777300)|STATEMENT_EXECUTE|[26]
12:33:56.126 (5136785121)|METHOD_EXIT|[33]|01p3600000B0sl2|mm_APIOperationsHelper.getAPIOperation(String, String)
12:33:56.126 (5136791833)|VARIABLE_SCOPE_BEGIN|[33]|opSettings|API_Operations__mdt|true|false
12:33:56.126 (5136819645)|VARIABLE_ASSIGNMENT|[33]|opSettings|{"API_Settings_Name__c":"Enterprise_Services","DeveloperName":"Get_All_Advisors","HTTP_Method__c":"GET","URI__c":"http://advisors/","Id":"m0136000000Cmq4AAC"}|0x3bf31b45
12:33:56.126 (5136826375)|STATEMENT_EXECUTE|[35]
12:33:56.126 (5136872454)|STATEMENT_EXECUTE|[37]
12:33:56.126 (5136891469)|HEAP_ALLOCATE|[37]|Bytes:75
12:33:56.126 (5136898832)|VARIABLE_SCOPE_BEGIN|[37]|endpoint|String|false|false
12:33:56.126 (5136912830)|VARIABLE_ASSIGNMENT|[37]|endpoint|"http://matsonmoneyen (55 more) ..."
12:33:56.126 (5136919369)|STATEMENT_EXECUTE|[39]
12:33:56.126 (5136946713)|STATEMENT_EXECUTE|[43]
12:33:56.126 (5136948754)|STATEMENT_EXECUTE|[44]
12:33:56.126 (5136953482)|HEAP_ALLOCATE|[44]|Bytes:1
12:33:56.126 (5136964831)|HEAP_ALLOCATE|[44]|Bytes:89
12:33:56.126 (5136985735)|VARIABLE_ASSIGNMENT|[44]|endpoint|"http://matsonmoneyen (69 more) ..."
12:33:56.126 (5136991112)|STATEMENT_EXECUTE|[47]
12:33:56.126 (5137020532)|METHOD_EXIT|[21]|01p3600000B0skz|mm_APIHelper.setRequest(String, String, Integer, String)
12:33:56.126 (5137027814)|STATEMENT_EXECUTE|[23]
12:33:56.126 (5137035929)|METHOD_ENTRY|[23]|01p3600000B0skz|mm_APIHelper.getResponseBody()
12:33:56.126 (5137049155)|STATEMENT_EXECUTE|[87]
12:33:56.126 (5137051154)|STATEMENT_EXECUTE|[88]
12:33:56.126 (5137054953)|VARIABLE_SCOPE_BEGIN|[88]|body|String|false|false
12:33:56.126 (5137066704)|VARIABLE_ASSIGNMENT|[88]|body|""
12:33:56.126 (5137071355)|STATEMENT_EXECUTE|[90]
12:33:56.126 (5137156069)|CALLOUT_REQUEST|[90]|System.HttpRequest[Endpoint=http://matsonmoneyenterpriseservices.azurewebsites.net/api/http://advisors/?zipcode=12345, Method=GET]
12:33:56.126 (5137249324)|HEAP_ALLOCATE|[90]|Bytes:12
12:33:56.126 (5137261532)|HEAP_ALLOCATE|[90]|Bytes:89
12:33:56.126 (5137268503)|VARIABLE_SCOPE_BEGIN|[27]|this|System.StaticResourceCalloutMock|true|false
12:33:56.126 (5137371765)|VARIABLE_ASSIGNMENT|[27]|this|{"res":"System.HttpResponse[Status=OK, StatusCode=500]","staticResourceName":"mm_EnterpriseServicesTest_Advisors_JSON"}|0x4b50b349
12:33:56.126 (5137382013)|VARIABLE_SCOPE_BEGIN|[27]|request|System.HttpRequest|true|false
12:33:56.126 (5137426933)|VARIABLE_ASSIGNMENT|[27]|request|"System.HttpRequest[Endpoint=http://matsonmoneyenterpriseservices.azurewebsites.net/api/http://advisors/?zipcode=12345, Method=GET]"|0x640b5fc7
12:33:56.126 (5138485729)|CALLOUT_RESPONSE|[90]|System.HttpResponse[Status=OK, StatusCode=500]
12:33:56.126 (5138500380)|HEAP_ALLOCATE|[90]|Bytes:84
12:33:56.126 (5138509357)|VARIABLE_SCOPE_BEGIN|[90]|response|System.HttpResponse|true|false
12:33:56.126 (5138560055)|VARIABLE_ASSIGNMENT|[90]|response|"System.HttpResponse[Status=OK, StatusCode=500]"|0x5d377f34
12:33:56.126 (5138580813)|METHOD_ENTRY|[92]|01p3600000B0skz|mm_APIHelper.isValidResponse(System.HttpResponse)
12:33:56.126 (5138589829)|VARIABLE_SCOPE_BEGIN|[72]|response|System.HttpResponse|true|false
12:33:56.126 (5138619809)|VARIABLE_ASSIGNMENT|[72]|response|"System.HttpResponse[Status=OK, StatusCode=500]"|0x5d377f34
12:33:56.126 (5138632289)|STATEMENT_EXECUTE|[72]
12:33:56.126 (5138634622)|STATEMENT_EXECUTE|[73]
12:33:56.126 (5138639097)|VARIABLE_SCOPE_BEGIN|[73]|isValid|Boolean|false|false
12:33:56.126 (5138653475)|HEAP_ALLOCATE|[73]|Bytes:5
12:33:56.126 (5138661994)|VARIABLE_ASSIGNMENT|[73]|isValid|true
12:33:56.126 (5138686126)|STATEMENT_EXECUTE|[75]
12:33:56.126 (5138688169)|STATEMENT_EXECUTE|[76]
12:33:56.126 (5138692571)|HEAP_ALLOCATE|[76]|Bytes:43
12:33:56.126 (5138738096)|HEAP_ALLOCATE|[77]|Bytes:3
12:33:56.126 (5138750692)|HEAP_ALLOCATE|[77]|Bytes:1
12:33:56.126 (5138764883)|HEAP_ALLOCATE|[77]|Bytes:2
12:33:56.126 (5138777924)|HEAP_ALLOCATE|[76]|Bytes:49
12:33:56.126 (5138810009)|USER_DEBUG|[76]|DEBUG|The status code returned was not expected: 500 OK
12:33:56.126 (5138820700)|STATEMENT_EXECUTE|[79]
12:33:56.126 (5138826193)|HEAP_ALLOCATE|[79]|Bytes:5
12:33:56.126 (5138834924)|VARIABLE_ASSIGNMENT|[79]|isValid|false
12:33:56.126 (5138839620)|STATEMENT_EXECUTE|[84]
12:33:56.126 (5138845084)|METHOD_EXIT|[92]|01p3600000B0skz|mm_APIHelper.isValidResponse(System.HttpResponse)
12:33:56.126 (5138851193)|STATEMENT_EXECUTE|[92]
12:33:56.126 (5138852928)|STATEMENT_EXECUTE|[96]
12:33:56.126 (5138855994)|METHOD_EXIT|[23]|01p3600000B0skz|mm_APIHelper.getResponseBody()
12:33:56.126 (5138863362)|METHOD_EXIT|[120]|01p3600000B0skz|mm_APIHelper.getResponseBody(String, String, Integer, String)
12:33:56.126 (5138869274)|VARIABLE_SCOPE_BEGIN|[120]|res|String|false|false
12:33:56.126 (5138880371)|VARIABLE_ASSIGNMENT|[120]|res|""
12:33:56.126 (5138885111)|STATEMENT_EXECUTE|[125]
12:33:56.138 (5138943778)|CUMULATIVE_LIMIT_USAGE
12:33:56.138 (5138943778)|LIMIT_USAGE_FOR_NS|(default)|
  Number of SOQL queries: 0 out of 100
  Number of query rows: 2 out of 50000
  Number of SOSL queries: 0 out of 20
  Number of DML statements: 0 out of 150
  Number of DML rows: 0 out of 10000
  Maximum CPU time: 0 out of 10000
  Maximum heap size: 0 out of 6000000
  Number of callouts: 1 out of 100
  Number of Email Invocations: 0 out of 10
  Number of future calls: 0 out of 50
  Number of queueable jobs added to the queue: 0 out of 50
  Number of Mobile Apex push calls: 0 out of 10

12:33:56.138 (5138943778)|CUMULATIVE_LIMIT_USAGE_END

12:33:56.126 (5138982582)|CODE_UNIT_FINISHED|mm_APIHelperTest.given_getResponseBody_when_invalid_respone_then_expect_empty_string()
12:33:56.126 (5139942989)|EXECUTION_FINISHED
12:33:56.218 (5218690884)|USER_INFO|[EXTERNAL]|00518000002hPQO|matthew.billups@matsonmoney.com.mbill|Mountain Standard Time|GMT-07:00
12:33:56.218 (5218715933)|EXECUTION_STARTED
12:33:56.218 (5218721687)|CODE_UNIT_STARTED|[EXTERNAL]|01p3600000B0sl1|mm_APIHelperTest.given_getResponseBody_when_query_passed_then_expect_valid_result()
12:33:56.218 (5218801832)|VARIABLE_SCOPE_BEGIN|[32]|mm_APIHelperTest.API_OPERATION_NAME|String|false|true
12:33:56.218 (5218811241)|VARIABLE_SCOPE_BEGIN|[31]|mm_APIHelperTest.API_SETTINGS_NAME|String|false|true
12:33:56.218 (5218889376)|HEAP_ALLOCATE|[72]|Bytes:3
12:33:56.218 (5218922716)|HEAP_ALLOCATE|[77]|Bytes:152
12:33:56.218 (5218938947)|HEAP_ALLOCATE|[342]|Bytes:408
12:33:56.218 (5218957169)|HEAP_ALLOCATE|[355]|Bytes:408
12:33:56.218 (5218971818)|HEAP_ALLOCATE|[467]|Bytes:48
12:33:56.218 (5218999597)|HEAP_ALLOCATE|[139]|Bytes:6
12:33:56.218 (5219016462)|HEAP_ALLOCATE|[EXTERNAL]|Bytes:127
12:33:56.218 (5219022730)|HEAP_ALLOCATE|[EXTERNAL]|Bytes:16
12:33:56.218 (5219044872)|VARIABLE_ASSIGNMENT|[EXTERNAL]|mm_APIHelperTest.API_OPERATION_NAME|"Get_All_Advisors"
12:33:56.218 (5219050836)|HEAP_ALLOCATE|[EXTERNAL]|Bytes:19
12:33:56.218 (5219058972)|VARIABLE_ASSIGNMENT|[EXTERNAL]|mm_APIHelperTest.API_SETTINGS_NAME|"Enterprise_Services"
12:33:56.218 (5219068567)|METHOD_ENTRY|[29]|01p3600000B0sl1|mm_APIHelperTest.mm_APIHelperTest()
12:33:56.218 (5219074095)|STATEMENT_EXECUTE|[29]
12:33:56.218 (5219078221)|STATEMENT_EXECUTE|[29]
12:33:56.218 (5219081944)|METHOD_EXIT|[29]|mm_APIHelperTest
12:33:56.218 (5219155527)|HEAP_ALLOCATE|[50]|Bytes:5
12:33:56.218 (5219177606)|HEAP_ALLOCATE|[56]|Bytes:5
12:33:56.218 (5219186764)|HEAP_ALLOCATE|[64]|Bytes:7
12:33:56.218 (5219216433)|STATEMENT_EXECUTE|[86]
12:33:56.218 (5219218708)|STATEMENT_EXECUTE|[87]
12:33:56.218 (5219229749)|HEAP_ALLOCATE|[87]|Bytes:21
12:33:56.218 (5219238382)|METHOD_ENTRY|[8]|01p3600000JKEqb|mm_SettingsHelper.mm_SettingsHelper()
12:33:56.218 (5219243348)|STATEMENT_EXECUTE|[8]
12:33:56.218 (5219246241)|STATEMENT_EXECUTE|[8]
12:33:56.218 (5219249588)|METHOD_EXIT|[8]|mm_SettingsHelper
12:33:56.218 (5219259309)|METHOD_ENTRY|[87]|01p3600000JKEqb|mm_SettingsHelper.IsSandboxOrg()
12:33:56.218 (5219277988)|STATEMENT_EXECUTE|[26]
12:33:56.218 (5219280054)|STATEMENT_EXECUTE|[29]
12:33:56.218 (5219283804)|HEAP_ALLOCATE|[29]|Bytes:42
12:33:56.218 (5219304928)|HEAP_ALLOCATE|[29]|Bytes:4
12:33:56.218 (5219451822)|SOQL_EXECUTE_BEGIN|[29]|Aggregations:0|SELECT IsSandbox FROM Organization LIMIT 1
12:33:56.218 (5221565741)|SOQL_EXECUTE_END|[29]|Rows:1
12:33:56.218 (5221589516)|HEAP_ALLOCATE|[29]|Bytes:8
12:33:56.218 (5221606448)|HEAP_ALLOCATE|[29]|Bytes:46
12:33:56.218 (5221647737)|HEAP_ALLOCATE|[29]|Bytes:8
12:33:56.218 (5221660445)|VARIABLE_SCOPE_BEGIN|[29]|orgs|List<Organization>|true|false
12:33:56.218 (5221691611)|VARIABLE_ASSIGNMENT|[29]|orgs|[{"IsSandbox":true,"Id":"00D18000000Cve8EAC"}]|0x5e47c3f9
12:33:56.218 (5221698530)|STATEMENT_EXECUTE|[30]
12:33:56.218 (5221703303)|VARIABLE_SCOPE_BEGIN|[30]|isSandbox|Boolean|false|false
12:33:56.218 (5221716364)|HEAP_ALLOCATE|[30]|Bytes:5
12:33:56.218 (5221723257)|VARIABLE_ASSIGNMENT|[30]|isSandbox|true
12:33:56.218 (5221747831)|STATEMENT_EXECUTE|[32]
12:33:56.218 (5221750048)|STATEMENT_EXECUTE|[33]
12:33:56.218 (5221774682)|HEAP_ALLOCATE|[33]|Bytes:12
12:33:56.218 (5221796323)|VARIABLE_ASSIGNMENT|[33]|isSandbox|true
12:33:56.218 (5221801770)|STATEMENT_EXECUTE|[36]
12:33:56.218 (5221808785)|METHOD_EXIT|[87]|01p3600000JKEqb|mm_SettingsHelper.IsSandboxOrg()
12:33:56.218 (5221815498)|VARIABLE_SCOPE_BEGIN|[87]|IsThisaSand|Boolean|false|false
12:33:56.218 (5221824052)|VARIABLE_ASSIGNMENT|[87]|IsThisaSand|true
12:33:56.218 (5221828031)|STATEMENT_EXECUTE|[88]
12:33:56.218 (5221844357)|HEAP_ALLOCATE|[88]|Bytes:16
12:33:56.218 (5221856579)|SYSTEM_METHOD_ENTRY|[1]|StaticResourceCalloutMock.StaticResourceCalloutMock()
12:33:56.218 (5221860885)|STATEMENT_EXECUTE|[1]
12:33:56.218 (5221867648)|SYSTEM_METHOD_EXIT|[1]|StaticResourceCalloutMock
12:33:56.218 (5221876239)|HEAP_ALLOCATE|[88]|Bytes:12
12:33:56.218 (5222040094)|VARIABLE_SCOPE_BEGIN|[88]|mock|System.StaticResourceCalloutMock|true|false
12:33:56.218 (5222193970)|VARIABLE_ASSIGNMENT|[88]|mock|{"res":"System.HttpResponse[Status=OK, StatusCode=200]"}|0x10842660
12:33:56.218 (5222205235)|STATEMENT_EXECUTE|[93]
12:33:56.218 (5222212173)|HEAP_ALLOCATE|[93]|Bytes:39
12:33:56.218 (5222236429)|METHOD_ENTRY|[93]||System.StaticResourceCalloutMock.setStaticResource(String)
12:33:56.218 (5222277417)|METHOD_EXIT|[93]||System.StaticResourceCalloutMock.setStaticResource(String)
12:33:56.218 (5222282782)|STATEMENT_EXECUTE|[94]
12:33:56.218 (5222290586)|METHOD_ENTRY|[94]||System.StaticResourceCalloutMock.setStatusCode(Integer)
12:33:56.218 (5222337416)|METHOD_EXIT|[94]||System.StaticResourceCalloutMock.setStatusCode(Integer)
12:33:56.218 (5222343753)|STATEMENT_EXECUTE|[95]
12:33:56.218 (5222353124)|HEAP_ALLOCATE|[95]|Bytes:12
12:33:56.218 (5222358756)|HEAP_ALLOCATE|[95]|Bytes:16
12:33:56.218 (5222367431)|METHOD_ENTRY|[95]||System.StaticResourceCalloutMock.setHeader(String, String)
12:33:56.218 (5222417082)|METHOD_EXIT|[95]||System.StaticResourceCalloutMock.setHeader(String, String)
12:33:56.218 (5222422848)|STATEMENT_EXECUTE|[98]
12:33:56.218 (5222426619)|HEAP_ALLOCATE|[98]|Bytes:22
12:33:56.218 (5222488309)|HEAP_ALLOCATE|[98]|Bytes:27
12:33:56.218 (5222499601)|SYSTEM_METHOD_ENTRY|[1]|Type.Type()
12:33:56.218 (5222503629)|STATEMENT_EXECUTE|[1]
12:33:56.218 (5222509914)|SYSTEM_METHOD_EXIT|[1]|Type
12:33:56.218 (5222517118)|HEAP_ALLOCATE|[98]|Bytes:8
12:33:56.218 (5222538056)|HEAP_ALLOCATE|[98]|Bytes:8
12:33:56.218 (5222543510)|VARIABLE_SCOPE_BEGIN|[4]|this|System.Type|true|false
12:33:56.218 (5222564714)|VARIABLE_ASSIGNMENT|[4]|this|{}|0x400a44c2
12:33:56.218 (5222571768)|VARIABLE_SCOPE_BEGIN|[4]|apextype|java:common.apex.runtime.ApexObjectType|true|false
12:33:56.218 (5222617270)|VARIABLE_ASSIGNMENT|[4]|apextype|"System.HttpCalloutMock"|0x2ae3ccdb
12:33:56.218 (5222651513)|HEAP_ALLOCATE|[98]|Bytes:8
12:33:56.218 (5222669221)|HEAP_ALLOCATE|[98]|Bytes:70
12:33:56.218 (5222678164)|SYSTEM_METHOD_ENTRY|[1]|Test.Test()
12:33:56.218 (5222681696)|STATEMENT_EXECUTE|[1]
12:33:56.218 (5222686176)|SYSTEM_METHOD_EXIT|[1]|Test
12:33:56.218 (5222697083)|METHOD_ENTRY|[98]||System.Test.setMock(System.Type, Object)
12:33:56.218 (5222855065)|METHOD_EXIT|[98]||System.Test.setMock(System.Type, Object)
12:33:56.218 (5222863615)|STATEMENT_EXECUTE|[100]
12:33:56.218 (5222897993)|HEAP_ALLOCATE|[100]|Bytes:13
12:33:56.218 (5222918358)|VARIABLE_SCOPE_BEGIN|[13]|mm_APIHelper.apiSetting|API_Settings__mdt|true|true
12:33:56.218 (5222929977)|VARIABLE_SCOPE_BEGIN|[11]|mm_APIHelper.http|System.Http|true|true
12:33:56.218 (5222936744)|VARIABLE_SCOPE_BEGIN|[12]|mm_APIHelper.request|System.HttpRequest|true|true
12:33:56.218 (5222952548)|HEAP_ALLOCATE|[100]|Bytes:17
12:33:56.218 (5222958881)|HEAP_ALLOCATE|[100]|Bytes:8
12:33:56.218 (5222987016)|METHOD_ENTRY|[8]|01p3600000B0skz|mm_APIHelper.mm_APIHelper()
12:33:56.218 (5222993022)|STATEMENT_EXECUTE|[8]
12:33:56.218 (5222996066)|STATEMENT_EXECUTE|[8]
12:33:56.218 (5222997681)|STATEMENT_EXECUTE|[11]
12:33:56.218 (5223059330)|VARIABLE_ASSIGNMENT|[11]|mm_APIHelper.http|"System.Http[]"|0x3343acab
12:33:56.218 (5223068042)|STATEMENT_EXECUTE|[12]
12:33:56.218 (5223108528)|VARIABLE_ASSIGNMENT|[12]|mm_APIHelper.request|"System.HttpRequest[Endpoint=null, Method=null]"|0x537be931
12:33:56.218 (5223119480)|METHOD_EXIT|[8]|mm_APIHelper
12:33:56.218 (5223131243)|METHOD_ENTRY|[100]|01p3600000B0skz|mm_APIHelper.getResponseBody(String, String, Integer, String)
12:33:56.218 (5223147012)|VARIABLE_SCOPE_BEGIN|[17]|apiSettingName|String|false|false
12:33:56.218 (5223159386)|VARIABLE_ASSIGNMENT|[17]|apiSettingName|"Enterprise_Services"
12:33:56.218 (5223164212)|VARIABLE_SCOPE_BEGIN|[17]|apiOperationName|String|false|false
12:33:56.218 (5223173118)|VARIABLE_ASSIGNMENT|[17]|apiOperationName|"Get_All_Advisors"
12:33:56.218 (5223177729)|VARIABLE_SCOPE_BEGIN|[17]|id|Integer|false|false
12:33:56.218 (5223186634)|VARIABLE_ASSIGNMENT|[17]|id|0
12:33:56.218 (5223190550)|VARIABLE_SCOPE_BEGIN|[17]|query|String|false|false
12:33:56.218 (5223198541)|VARIABLE_ASSIGNMENT|[17]|query|"zipcode=12345"
12:33:56.218 (5223208439)|STATEMENT_EXECUTE|[17]
12:33:56.218 (5223210592)|STATEMENT_EXECUTE|[19]
12:33:56.218 (5223221318)|METHOD_ENTRY|[19]|01p3600000JKEqb|mm_SettingsHelper.getAPISetting(String)
12:33:56.218 (5223228213)|VARIABLE_SCOPE_BEGIN|[15]|settingName|String|false|false
12:33:56.218 (5223237704)|VARIABLE_ASSIGNMENT|[15]|settingName|"Enterprise_Services"
12:33:56.218 (5223244520)|STATEMENT_EXECUTE|[15]
12:33:56.218 (5223246257)|STATEMENT_EXECUTE|[17]
12:33:56.218 (5223251688)|VARIABLE_SCOPE_BEGIN|[17]|setting|API_Settings__mdt|true|false
12:33:56.218 (5223261386)|VARIABLE_ASSIGNMENT|[17]|setting|null|
12:33:56.218 (5223265444)|STATEMENT_EXECUTE|[19]
12:33:56.218 (5223269610)|HEAP_ALLOCATE|[19]|Bytes:152
12:33:56.218 (5223286595)|HEAP_ALLOCATE|[19]|Bytes:4
12:33:56.218 (5223295625)|HEAP_ALLOCATE|[19]|Bytes:7
12:33:56.218 (5223564763)|SOQL_EXECUTE_BEGIN|[19]|Aggregations:0|SELECT Username__c, Password__c, ApiKey__c, Endpoint_Base__c, Auth_Header_Field_Pattern__c FROM API_Settings__mdt WHERE DeveloperName = :tmpVar1 LIMIT 1
12:33:56.218 (5227041695)|SOQL_EXECUTE_END|[19]|Rows:1
12:33:56.218 (5227071294)|HEAP_ALLOCATE|[19]|Bytes:8
12:33:56.218 (5227092297)|HEAP_ALLOCATE|[19]|Bytes:291
12:33:56.218 (5227135107)|HEAP_ALLOCATE|[19]|Bytes:8
12:33:56.218 (5227148355)|VARIABLE_SCOPE_BEGIN|[19]|settings|List<API_Settings__mdt>|true|false
12:33:56.218 (5227197161)|VARIABLE_ASSIGNMENT|[19]|settings|[{"Username__c":"salesforce","Password__c":"2_{gW_7B(4fQg]mO18dZ (1 more) ...","ApiKey__c":"[B~b9ItI_15X0@xjBAxy (8 more) ...","Endpoint_Base__c":"http://matsonmoneyen (39 more) ...","Auth_Header_Field_Pattern__c":"un={Username__c}&pw= (29 more) ...","Id":"m02360000004KuxAAE"}]|0xb16a9b1
12:33:56.218 (5227230147)|STATEMENT_EXECUTE|[21]
12:33:56.218 (5227245050)|HEAP_ALLOCATE|[21]|Bytes:28
12:33:56.218 (5227273965)|VARIABLE_ASSIGNMENT|[21]|setting|{"Username__c":"salesforce","Password__c":"2_{gW_7B(4fQg]mO18dZ (1 more) ...","ApiKey__c":"[B~b9ItI_15X0@xjBAxy (8 more) ...","Endpoint_Base__c":"http://matsonmoneyen (39 more) ...","Auth_Header_Field_Pattern__c":"un={Username__c}&pw= (29 more) ...","Id":"m02360000004KuxAAE"}|0x61d20f53
12:33:56.218 (5227282839)|STATEMENT_EXECUTE|[23]
12:33:56.218 (5227290965)|METHOD_EXIT|[19]|01p3600000JKEqb|mm_SettingsHelper.getAPISetting(String)
12:33:56.218 (5227317633)|VARIABLE_ASSIGNMENT|[19]|mm_APIHelper.apiSetting|{"Username__c":"salesforce","Password__c":"2_{gW_7B(4fQg]mO18dZ (1 more) ...","ApiKey__c":"[B~b9ItI_15X0@xjBAxy (8 more) ...","Endpoint_Base__c":"http://matsonmoneyen (39 more) ...","Auth_Header_Field_Pattern__c":"un={Username__c}&pw= (29 more) ...","Id":"m02360000004KuxAAE"}|0x61d20f53
12:33:56.218 (5227325783)|STATEMENT_EXECUTE|[21]
12:33:56.218 (5227339148)|METHOD_ENTRY|[21]|01p3600000B0skz|mm_APIHelper.setRequest(String, String, Integer, String)
12:33:56.218 (5227351693)|VARIABLE_SCOPE_BEGIN|[29]|apiSettingName|String|false|false
12:33:56.218 (5227362685)|VARIABLE_ASSIGNMENT|[29]|apiSettingName|"Enterprise_Services"
12:33:56.218 (5227367107)|VARIABLE_SCOPE_BEGIN|[29]|operationName|String|false|false
12:33:56.218 (5227375706)|VARIABLE_ASSIGNMENT|[29]|operationName|"Get_All_Advisors"
12:33:56.218 (5227380306)|VARIABLE_SCOPE_BEGIN|[29]|id|Integer|false|false
12:33:56.218 (5227389952)|VARIABLE_ASSIGNMENT|[29]|id|0
12:33:56.218 (5227394099)|VARIABLE_SCOPE_BEGIN|[29]|query|String|false|false
12:33:56.218 (5227401980)|VARIABLE_ASSIGNMENT|[29]|query|"zipcode=12345"
12:33:56.218 (5227414303)|STATEMENT_EXECUTE|[29]
12:33:56.218 (5227416273)|STATEMENT_EXECUTE|[31]
12:33:56.218 (5227423993)|METHOD_ENTRY|[31]|01p3600000B0skz|mm_APIHelper.setRequestHeader()
12:33:56.218 (5227431967)|STATEMENT_EXECUTE|[50]
12:33:56.218 (5227433786)|STATEMENT_EXECUTE|[51]
12:33:56.218 (5227441434)|HEAP_ALLOCATE|[51]|Bytes:30
12:33:56.218 (5227490309)|STATEMENT_EXECUTE|[52]
12:33:56.218 (5227494929)|HEAP_ALLOCATE|[52]|Bytes:13
12:33:56.218 (5227504712)|METHOD_ENTRY|[52]|01p3600000B0skz|mm_APIHelper.getAuthFieldValue()
12:33:56.218 (5227513650)|STATEMENT_EXECUTE|[56]
12:33:56.218 (5227515431)|STATEMENT_EXECUTE|[57]
12:33:56.218 (5227519772)|VARIABLE_SCOPE_BEGIN|[57]|value|String|false|false
12:33:56.218 (5227531767)|VARIABLE_ASSIGNMENT|[57]|value|""
12:33:56.218 (5227538232)|STATEMENT_EXECUTE|[59]
12:33:56.218 (5227539894)|STATEMENT_EXECUTE|[61]
12:33:56.218 (5227552833)|VARIABLE_SCOPE_BEGIN|[61]|authField|String|false|false
12:33:56.218 (5227563300)|VARIABLE_ASSIGNMENT|[61]|authField|"un={Username__c}&pw= (29 more) ..."
12:33:56.218 (5227567379)|STATEMENT_EXECUTE|[62]
12:33:56.218 (5227570254)|HEAP_ALLOCATE|[62]|Bytes:13
12:33:56.218 (5227618864)|HEAP_ALLOCATE|[62]|Bytes:46
12:33:56.218 (5227637313)|VARIABLE_ASSIGNMENT|[62]|authField|"un=salesforce&pw={Pa (26 more) ..."
12:33:56.218 (5227641976)|STATEMENT_EXECUTE|[63]
12:33:56.218 (5227644836)|HEAP_ALLOCATE|[63]|Bytes:13
12:33:56.218 (5227663654)|HEAP_ALLOCATE|[63]|Bytes:54
12:33:56.218 (5227676830)|VARIABLE_ASSIGNMENT|[63]|authField|"un=salesforce&pw=2_{ (34 more) ..."
12:33:56.218 (5227681218)|STATEMENT_EXECUTE|[64]
12:33:56.218 (5227683837)|HEAP_ALLOCATE|[64]|Bytes:11
12:33:56.218 (5227699258)|HEAP_ALLOCATE|[64]|Bytes:71
12:33:56.218 (5227711803)|VARIABLE_ASSIGNMENT|[64]|authField|"un=salesforce&pw=2_{ (51 more) ..."
12:33:56.218 (5227716014)|STATEMENT_EXECUTE|[66]
12:33:56.218 (5227721140)|VARIABLE_ASSIGNMENT|[66]|value|"un=salesforce&pw=2_{ (51 more) ..."
12:33:56.218 (5227725739)|STATEMENT_EXECUTE|[69]
12:33:56.218 (5227730468)|METHOD_EXIT|[52]|01p3600000B0skz|mm_APIHelper.getAuthFieldValue()
12:33:56.218 (5227759151)|METHOD_EXIT|[31]|01p3600000B0skz|mm_APIHelper.setRequestHeader()
12:33:56.218 (5227764593)|STATEMENT_EXECUTE|[33]
12:33:56.218 (5227779301)|HEAP_ALLOCATE|[33]|Bytes:2
12:33:56.218 (5227789579)|METHOD_ENTRY|[8]|01p3600000B0sl2|mm_APIOperationsHelper.mm_APIOperationsHelper()
12:33:56.218 (5227794279)|STATEMENT_EXECUTE|[8]
12:33:56.218 (5227797568)|STATEMENT_EXECUTE|[8]
12:33:56.218 (5227801501)|METHOD_EXIT|[8]|mm_APIOperationsHelper
12:33:56.218 (5227810244)|METHOD_ENTRY|[33]|01p3600000B0sl2|mm_APIOperationsHelper.getAPIOperation(String, String)
12:33:56.218 (5227816103)|VARIABLE_SCOPE_BEGIN|[16]|apiSettingName|String|false|false
12:33:56.218 (5227826610)|VARIABLE_ASSIGNMENT|[16]|apiSettingName|"Enterprise_Services"
12:33:56.218 (5227831256)|VARIABLE_SCOPE_BEGIN|[16]|operationName|String|false|false
12:33:56.218 (5227839740)|VARIABLE_ASSIGNMENT|[16]|operationName|"Get_All_Advisors"
12:33:56.218 (5227849223)|STATEMENT_EXECUTE|[16]
12:33:56.218 (5227851157)|STATEMENT_EXECUTE|[18]
12:33:56.218 (5227869858)|VARIABLE_SCOPE_BEGIN|[18]|operation|API_Operations__mdt|true|false
12:33:56.218 (5227880828)|VARIABLE_ASSIGNMENT|[18]|operation|null|
12:33:56.218 (5227885058)|STATEMENT_EXECUTE|[20]
12:33:56.218 (5227888516)|HEAP_ALLOCATE|[20]|Bytes:178
12:33:56.218 (5227905156)|HEAP_ALLOCATE|[20]|Bytes:4
12:33:56.218 (5227923457)|HEAP_ALLOCATE|[20]|Bytes:7
12:33:56.218 (5228176102)|SOQL_EXECUTE_BEGIN|[20]|Aggregations:0|SELECT API_Settings_Name__c, DeveloperName, HTTP_Method__c, URI__c, Query__c FROM API_Operations__mdt WHERE (API_Settings_Name__c = :tmpVar1 AND DeveloperName = :tmpVar2) LIMIT 1
12:33:56.218 (5230781891)|SOQL_EXECUTE_END|[20]|Rows:1
12:33:56.218 (5230806297)|HEAP_ALLOCATE|[20]|Bytes:8
12:33:56.218 (5230824058)|HEAP_ALLOCATE|[20]|Bytes:152
12:33:56.218 (5230857249)|HEAP_ALLOCATE|[20]|Bytes:8
12:33:56.218 (5230870065)|VARIABLE_SCOPE_BEGIN|[20]|operations|List<API_Operations__mdt>|true|false
12:33:56.218 (5230905494)|VARIABLE_ASSIGNMENT|[20]|operations|[{"API_Settings_Name__c":"Enterprise_Services","DeveloperName":"Get_All_Advisors","HTTP_Method__c":"GET","URI__c":"http://advisors/","Id":"m0136000000Cmq4AAC"}]|0x42211c1c
12:33:56.218 (5230933308)|STATEMENT_EXECUTE|[24]
12:33:56.218 (5230946102)|HEAP_ALLOCATE|[24]|Bytes:24
12:33:56.218 (5230968898)|VARIABLE_ASSIGNMENT|[24]|operation|{"API_Settings_Name__c":"Enterprise_Services","DeveloperName":"Get_All_Advisors","HTTP_Method__c":"GET","URI__c":"http://advisors/","Id":"m0136000000Cmq4AAC"}|0x5f3e7986
12:33:56.218 (5230975873)|STATEMENT_EXECUTE|[26]
12:33:56.218 (5230983407)|METHOD_EXIT|[33]|01p3600000B0sl2|mm_APIOperationsHelper.getAPIOperation(String, String)
12:33:56.218 (5230989837)|VARIABLE_SCOPE_BEGIN|[33]|opSettings|API_Operations__mdt|true|false
12:33:56.218 (5231006608)|VARIABLE_ASSIGNMENT|[33]|opSettings|{"API_Settings_Name__c":"Enterprise_Services","DeveloperName":"Get_All_Advisors","HTTP_Method__c":"GET","URI__c":"http://advisors/","Id":"m0136000000Cmq4AAC"}|0x5f3e7986
12:33:56.218 (5231013697)|STATEMENT_EXECUTE|[35]
12:33:56.218 (5231053160)|STATEMENT_EXECUTE|[37]
12:33:56.218 (5231072201)|HEAP_ALLOCATE|[37]|Bytes:75
12:33:56.218 (5231079439)|VARIABLE_SCOPE_BEGIN|[37]|endpoint|String|false|false
12:33:56.218 (5231093267)|VARIABLE_ASSIGNMENT|[37]|endpoint|"http://matsonmoneyen (55 more) ..."
12:33:56.218 (5231099121)|STATEMENT_EXECUTE|[39]
12:33:56.218 (5231126059)|STATEMENT_EXECUTE|[43]
12:33:56.218 (5231127967)|STATEMENT_EXECUTE|[44]
12:33:56.218 (5231132411)|HEAP_ALLOCATE|[44]|Bytes:1
12:33:56.218 (5231142321)|HEAP_ALLOCATE|[44]|Bytes:89
12:33:56.218 (5231152582)|VARIABLE_ASSIGNMENT|[44]|endpoint|"http://matsonmoneyen (69 more) ..."
12:33:56.218 (5231157256)|STATEMENT_EXECUTE|[47]
12:33:56.218 (5231183641)|METHOD_EXIT|[21]|01p3600000B0skz|mm_APIHelper.setRequest(String, String, Integer, String)
12:33:56.218 (5231189994)|STATEMENT_EXECUTE|[23]
12:33:56.218 (5231197924)|METHOD_ENTRY|[23]|01p3600000B0skz|mm_APIHelper.getResponseBody()
12:33:56.218 (5231211413)|STATEMENT_EXECUTE|[87]
12:33:56.218 (5231213506)|STATEMENT_EXECUTE|[88]
12:33:56.218 (5231217047)|VARIABLE_SCOPE_BEGIN|[88]|body|String|false|false
12:33:56.218 (5231227486)|VARIABLE_ASSIGNMENT|[88]|body|""
12:33:56.218 (5231231646)|STATEMENT_EXECUTE|[90]
12:33:56.218 (5231311278)|CALLOUT_REQUEST|[90]|System.HttpRequest[Endpoint=http://matsonmoneyenterpriseservices.azurewebsites.net/api/http://advisors/?zipcode=12345, Method=GET]
12:33:56.218 (5231392628)|HEAP_ALLOCATE|[90]|Bytes:12
12:33:56.218 (5231404522)|HEAP_ALLOCATE|[90]|Bytes:89
12:33:56.218 (5231410991)|VARIABLE_SCOPE_BEGIN|[27]|this|System.StaticResourceCalloutMock|true|false
12:33:56.218 (5231506411)|VARIABLE_ASSIGNMENT|[27]|this|{"res":"System.HttpResponse[Status=OK, StatusCode=200]","staticResourceName":"mm_EnterpriseServicesTest_Advisors_JSON"}|0x10842660
12:33:56.218 (5231515539)|VARIABLE_SCOPE_BEGIN|[27]|request|System.HttpRequest|true|false
12:33:56.218 (5231549768)|VARIABLE_ASSIGNMENT|[27]|request|"System.HttpRequest[Endpoint=http://matsonmoneyenterpriseservices.azurewebsites.net/api/http://advisors/?zipcode=12345, Method=GET]"|0x537be931
12:33:56.218 (5232564150)|CALLOUT_RESPONSE|[90]|System.HttpResponse[Status=OK, StatusCode=200]
12:33:56.218 (5232578454)|HEAP_ALLOCATE|[90]|Bytes:84
12:33:56.218 (5232591221)|VARIABLE_SCOPE_BEGIN|[90]|response|System.HttpResponse|true|false
12:33:56.218 (5232631128)|VARIABLE_ASSIGNMENT|[90]|response|"System.HttpResponse[Status=OK, StatusCode=200]"|0x78871913
12:33:56.218 (5232650770)|METHOD_ENTRY|[92]|01p3600000B0skz|mm_APIHelper.isValidResponse(System.HttpResponse)
12:33:56.218 (5232658579)|VARIABLE_SCOPE_BEGIN|[72]|response|System.HttpResponse|true|false
12:33:56.218 (5232687248)|VARIABLE_ASSIGNMENT|[72]|response|"System.HttpResponse[Status=OK, StatusCode=200]"|0x78871913
12:33:56.218 (5232699662)|STATEMENT_EXECUTE|[72]
12:33:56.218 (5232701872)|STATEMENT_EXECUTE|[73]
12:33:56.218 (5232706062)|VARIABLE_SCOPE_BEGIN|[73]|isValid|Boolean|false|false
12:33:56.218 (5232716062)|HEAP_ALLOCATE|[73]|Bytes:5
12:33:56.218 (5232724134)|VARIABLE_ASSIGNMENT|[73]|isValid|true
12:33:56.218 (5232747218)|STATEMENT_EXECUTE|[80]
12:33:56.218 (5232749326)|STATEMENT_EXECUTE|[81]
12:33:56.218 (5232767965)|HEAP_ALLOCATE|[81]|Bytes:78
12:33:56.218 (5232792448)|USER_DEBUG|[81]|DEBUG|[{"FirstName":"Bob","LastName":"Smith"},{"FirstName":"John","LastName":"Doe"}]
12:33:56.218 (5232802081)|STATEMENT_EXECUTE|[84]
12:33:56.218 (5232807282)|METHOD_EXIT|[92]|01p3600000B0skz|mm_APIHelper.isValidResponse(System.HttpResponse)
12:33:56.218 (5232812516)|STATEMENT_EXECUTE|[92]
12:33:56.218 (5232814118)|STATEMENT_EXECUTE|[93]
12:33:56.218 (5232827283)|HEAP_ALLOCATE|[93]|Bytes:78
12:33:56.218 (5232842400)|VARIABLE_ASSIGNMENT|[93]|body|"[{\"FirstName\":\"Bob\", (58 more) ..."
12:33:56.218 (5232847653)|STATEMENT_EXECUTE|[96]
12:33:56.218 (5232851874)|METHOD_EXIT|[23]|01p3600000B0skz|mm_APIHelper.getResponseBody()
12:33:56.218 (5232860055)|METHOD_EXIT|[100]|01p3600000B0skz|mm_APIHelper.getResponseBody(String, String, Integer, String)
12:33:56.218 (5232865640)|VARIABLE_SCOPE_BEGIN|[100]|res|String|false|false
12:33:56.218 (5232875839)|VARIABLE_ASSIGNMENT|[100]|res|"[{\"FirstName\":\"Bob\", (58 more) ..."
12:33:56.218 (5232880269)|STATEMENT_EXECUTE|[101]
12:33:56.218 (5232887464)|METHOD_ENTRY|[101]|01p3600000JKEqb|mm_SettingsHelper.IsSandboxOrg()
12:33:56.218 (5232906467)|STATEMENT_EXECUTE|[26]
12:33:56.218 (5232908476)|STATEMENT_EXECUTE|[29]
12:33:56.218 (5232923102)|HEAP_ALLOCATE|[29]|Bytes:4
12:33:56.218 (5233052586)|SOQL_EXECUTE_BEGIN|[29]|Aggregations:0|SELECT IsSandbox FROM Organization LIMIT 1
12:33:56.218 (5234695716)|SOQL_EXECUTE_END|[29]|Rows:1
12:33:56.218 (5234716348)|HEAP_ALLOCATE|[29]|Bytes:8
12:33:56.218 (5234730057)|HEAP_ALLOCATE|[29]|Bytes:46
12:33:56.218 (5234759731)|HEAP_ALLOCATE|[29]|Bytes:8
12:33:56.218 (5234770943)|VARIABLE_SCOPE_BEGIN|[29]|orgs|List<Organization>|true|false
12:33:56.218 (5234795114)|VARIABLE_ASSIGNMENT|[29]|orgs|[{"IsSandbox":true,"Id":"00D18000000Cve8EAC"}]|0x71e2a05d
12:33:56.218 (5234802087)|STATEMENT_EXECUTE|[30]
12:33:56.218 (5234807026)|VARIABLE_SCOPE_BEGIN|[30]|isSandbox|Boolean|false|false
12:33:56.218 (5234816516)|HEAP_ALLOCATE|[30]|Bytes:5
12:33:56.218 (5234822990)|VARIABLE_ASSIGNMENT|[30]|isSandbox|true
12:33:56.218 (5234841400)|STATEMENT_EXECUTE|[32]
12:33:56.218 (5234843549)|STATEMENT_EXECUTE|[33]
12:33:56.218 (5234852229)|HEAP_ALLOCATE|[33]|Bytes:12
12:33:56.218 (5234867955)|VARIABLE_ASSIGNMENT|[33]|isSandbox|true
12:33:56.218 (5234872807)|STATEMENT_EXECUTE|[36]
12:33:56.218 (5234878480)|METHOD_EXIT|[101]|01p3600000JKEqb|mm_SettingsHelper.IsSandboxOrg()
12:33:56.218 (5234884434)|VARIABLE_SCOPE_BEGIN|[101]|IsSand|Boolean|false|false
12:33:56.218 (5234892297)|VARIABLE_ASSIGNMENT|[101]|IsSand|true
12:33:56.218 (5234896598)|STATEMENT_EXECUTE|[106]
12:33:56.218 (5234900833)|HEAP_ALLOCATE|[106]|Bytes:78
12:33:56.218 (5234947358)|STATEMENT_EXECUTE|[107]
12:33:56.234 (5234971274)|CUMULATIVE_LIMIT_USAGE
12:33:56.234 (5234971274)|LIMIT_USAGE_FOR_NS|(default)|
  Number of SOQL queries: 2 out of 100
  Number of query rows: 4 out of 50000
  Number of SOSL queries: 0 out of 20
  Number of DML statements: 0 out of 150
  Number of DML rows: 0 out of 10000
  Maximum CPU time: 0 out of 10000
  Maximum heap size: 0 out of 6000000
  Number of callouts: 1 out of 100
  Number of Email Invocations: 0 out of 10
  Number of future calls: 0 out of 50
  Number of queueable jobs added to the queue: 0 out of 50
  Number of Mobile Apex push calls: 0 out of 10

12:33:56.234 (5234971274)|CUMULATIVE_LIMIT_USAGE_END

12:33:56.218 (5235010901)|CODE_UNIT_FINISHED|mm_APIHelperTest.given_getResponseBody_when_query_passed_then_expect_valid_result()
12:33:56.218 (5236284472)|EXECUTION_FINISHED
