42.0 APEX_CODE,FINEST;APEX_PROFILING,INFO;CALLOUT,INFO;DB,INFO;NBA,INFO;SYSTEM,DEBUG;VALIDATION,INFO;VISUALFORCE,INFO;WAVE,INFO;WORKFLOW,INFO
14:24:54.0 (353261)|USER_INFO|[EXTERNAL]|00518000002hPQO|matthew.billups@matsonmoney.com.mbill|Mountain Standard Time|GMT-07:00
14:24:54.0 (416112)|EXECUTION_STARTED
14:24:54.0 (422507)|CODE_UNIT_STARTED|[EXTERNAL]|01pm0000000YfZf|MassEmailRequestTests.givenEqualsWhenInstancesAreTheSameExpectTrue()
14:24:54.0 (950786)|HEAP_ALLOCATE|[72]|Bytes:3
14:24:54.0 (987174)|HEAP_ALLOCATE|[77]|Bytes:152
14:24:54.0 (1010997)|HEAP_ALLOCATE|[342]|Bytes:408
14:24:54.0 (1039598)|HEAP_ALLOCATE|[355]|Bytes:408
14:24:54.0 (1064278)|HEAP_ALLOCATE|[467]|Bytes:48
14:24:54.0 (1101865)|HEAP_ALLOCATE|[139]|Bytes:6
14:24:54.0 (1129200)|HEAP_ALLOCATE|[EXTERNAL]|Bytes:2
14:24:54.0 (1137832)|HEAP_ALLOCATE|[EXTERNAL]|Bytes:21
14:24:54.0 (1150367)|METHOD_ENTRY|[2]|01pm0000000YfZf|MassEmailRequestTests.MassEmailRequestTests()
14:24:54.0 (1158354)|STATEMENT_EXECUTE|[2]
14:24:54.0 (1164458)|STATEMENT_EXECUTE|[2]
14:24:54.0 (1170884)|METHOD_EXIT|[2]|MassEmailRequestTests
14:24:54.0 (1214458)|HEAP_ALLOCATE|[50]|Bytes:5
14:24:54.0 (1240924)|HEAP_ALLOCATE|[56]|Bytes:5
14:24:54.0 (1254648)|HEAP_ALLOCATE|[64]|Bytes:7
14:24:54.0 (1299238)|STATEMENT_EXECUTE|[17]
14:24:54.0 (1302856)|STATEMENT_EXECUTE|[20]
14:24:54.0 (1315201)|METHOD_ENTRY|[20]|01pm0000000YfZf|MassEmailRequestTests.getMassEmailRequest()
14:24:54.0 (3377455)|STATEMENT_EXECUTE|[30]
14:24:54.0 (3382491)|STATEMENT_EXECUTE|[32]
14:24:54.0 (4354057)|HEAP_ALLOCATE|[32]|Bytes:4
14:24:54.0 (4425713)|VARIABLE_SCOPE_BEGIN|[32]|listOfEmailRequests|List<EmailRequest>|true|false
14:24:54.0 (4449434)|HEAP_ALLOCATE|[EXTERNAL]|Bytes:4
14:24:54.0 (4469584)|VARIABLE_ASSIGNMENT|[32]|listOfEmailRequests|[]|0x4c4ce6e7
14:24:54.0 (4476280)|STATEMENT_EXECUTE|[34]
14:24:54.0 (4501537)|HEAP_ALLOCATE|[34]|Bytes:3
14:24:54.0 (4517970)|METHOD_ENTRY|[1]|01pm0000000YfZV|EmailRequest.EmailRequest()
14:24:54.0 (4523551)|STATEMENT_EXECUTE|[1]
14:24:54.0 (4527408)|STATEMENT_EXECUTE|[1]
14:24:54.0 (4900236)|SYSTEM_MODE_ENTER|false
14:24:54.0 (4920781)|HEAP_ALLOCATE|[34]|Bytes:5
14:24:54.0 (4934408)|SYSTEM_MODE_EXIT|false
14:24:54.0 (4947746)|METHOD_EXIT|[1]|EmailRequest
14:24:54.0 (4971111)|HEAP_ALLOCATE|[34]|Bytes:24
14:24:54.0 (4981528)|HEAP_ALLOCATE|[34]|Bytes:7
14:24:54.0 (5115911)|VARIABLE_SCOPE_BEGIN|[29]|fflib_IDGenerator.ID_PATTERN|String|false|true
14:24:54.0 (5132299)|VARIABLE_SCOPE_BEGIN|[28]|fflib_IDGenerator.fakeIdCount|Integer|false|true
14:24:54.0 (5151128)|HEAP_ALLOCATE|[34]|Bytes:2
14:24:54.0 (5161217)|HEAP_ALLOCATE|[34]|Bytes:12
14:24:54.0 (5178645)|VARIABLE_ASSIGNMENT|[34]|fflib_IDGenerator.ID_PATTERN|"000000000000"
14:24:54.0 (5193810)|METHOD_ENTRY|[26]|01pm0000000YfaQ|fflib_IDGenerator.fflib_IDGenerator()
14:24:54.0 (5201937)|STATEMENT_EXECUTE|[26]
14:24:54.0 (5206390)|STATEMENT_EXECUTE|[26]
14:24:54.0 (5214738)|SYSTEM_MODE_ENTER|false
14:24:54.0 (5222858)|HEAP_ALLOCATE|[28]|Bytes:5
14:24:54.0 (5230289)|STATEMENT_EXECUTE|[28]
14:24:54.0 (5236913)|HEAP_ALLOCATE|[28]|Bytes:4
14:24:54.0 (5251547)|VARIABLE_ASSIGNMENT|[28]|fflib_IDGenerator.fakeIdCount|0
14:24:54.0 (5262819)|SYSTEM_MODE_EXIT|false
14:24:54.0 (5273846)|METHOD_EXIT|[26]|fflib_IDGenerator
14:24:54.0 (5290171)|METHOD_ENTRY|[34]|01pm0000000YfaQ|fflib_IDGenerator.generate(Schema.SObjectType)
14:24:54.0 (5312665)|VARIABLE_SCOPE_BEGIN|[34]|sobjectType|Schema.SObjectType|true|false
14:24:54.0 (5455668)|VARIABLE_ASSIGNMENT|[34]|sobjectType|"common.apex.runtime.impl.ApexSObjectTypeToken@253b03d8"|0x253b03d8
14:24:54.0 (5481128)|SYSTEM_MODE_ENTER|false
14:24:54.0 (5490203)|HEAP_ALLOCATE|[36]|Bytes:5
14:24:54.0 (5497311)|STATEMENT_EXECUTE|[35]
14:24:54.0 (5499908)|STATEMENT_EXECUTE|[36]
14:24:54.0 (6469719)|HEAP_ALLOCATE|[36]|Bytes:4
14:24:54.0 (6515908)|HEAP_ALLOCATE|[36]|Bytes:3
14:24:54.0 (6527553)|VARIABLE_SCOPE_BEGIN|[36]|keyPrefix|String|false|false
14:24:54.0 (6546973)|VARIABLE_ASSIGNMENT|[36]|keyPrefix|"003"
14:24:54.0 (6555808)|STATEMENT_EXECUTE|[37]
14:24:54.0 (6566988)|HEAP_ALLOCATE|[37]|Bytes:4
14:24:54.0 (6579933)|VARIABLE_ASSIGNMENT|[37]|fflib_IDGenerator.fakeIdCount|1
14:24:54.0 (6587922)|STATEMENT_EXECUTE|[39]
14:24:54.0 (6686728)|HEAP_ALLOCATE|[39]|Bytes:1
14:24:54.0 (6754812)|HEAP_ALLOCATE|[39]|Bytes:11
14:24:54.0 (6771609)|VARIABLE_SCOPE_BEGIN|[39]|fakeIdPrefix|String|false|false
14:24:54.0 (6791267)|VARIABLE_ASSIGNMENT|[39]|fakeIdPrefix|"00000000000"
14:24:54.0 (6799793)|STATEMENT_EXECUTE|[41]
14:24:54.0 (6848250)|HEAP_ALLOCATE|[41]|Bytes:1
14:24:54.0 (6874694)|HEAP_ALLOCATE|[41]|Bytes:15
14:24:54.0 (6901555)|HEAP_ALLOCATE|[41]|Bytes:4
14:24:54.0 (6920436)|SYSTEM_MODE_EXIT|false
14:24:54.0 (6933785)|METHOD_EXIT|[34]|01pm0000000YfaQ|fflib_IDGenerator.generate(Schema.SObjectType)
14:24:54.0 (6944871)|HEAP_ALLOCATE|[34]|Bytes:15
14:24:54.0 (6952409)|HEAP_ALLOCATE|[34]|Bytes:7
14:24:54.0 (6984615)|METHOD_ENTRY|[34]|01pm0000000YfaQ|fflib_IDGenerator.generate(Schema.SObjectType)
14:24:54.0 (6996018)|VARIABLE_SCOPE_BEGIN|[34]|sobjectType|Schema.SObjectType|true|false
14:24:54.0 (7047479)|VARIABLE_ASSIGNMENT|[34]|sobjectType|"common.apex.runtime.impl.ApexSObjectTypeToken@55c9ed79"|0x55c9ed79
14:24:54.0 (7071681)|SYSTEM_MODE_ENTER|false
14:24:54.0 (7081093)|HEAP_ALLOCATE|[36]|Bytes:5
14:24:54.0 (7087925)|STATEMENT_EXECUTE|[35]
14:24:54.0 (7090326)|STATEMENT_EXECUTE|[36]
14:24:54.0 (7826175)|HEAP_ALLOCATE|[36]|Bytes:4
14:24:54.0 (7858469)|HEAP_ALLOCATE|[36]|Bytes:3
14:24:54.0 (7869412)|VARIABLE_SCOPE_BEGIN|[36]|keyPrefix|String|false|false
14:24:54.0 (7888370)|VARIABLE_ASSIGNMENT|[36]|keyPrefix|"001"
14:24:54.0 (7896598)|STATEMENT_EXECUTE|[37]
14:24:54.0 (7902808)|HEAP_ALLOCATE|[37]|Bytes:4
14:24:54.0 (7915424)|VARIABLE_ASSIGNMENT|[37]|fflib_IDGenerator.fakeIdCount|2
14:24:54.0 (7923489)|STATEMENT_EXECUTE|[39]
14:24:54.0 (7953948)|HEAP_ALLOCATE|[39]|Bytes:1
14:24:54.0 (7998110)|HEAP_ALLOCATE|[39]|Bytes:11
14:24:54.0 (8014057)|VARIABLE_SCOPE_BEGIN|[39]|fakeIdPrefix|String|false|false
14:24:54.0 (8032528)|VARIABLE_ASSIGNMENT|[39]|fakeIdPrefix|"00000000000"
14:24:54.0 (8040342)|STATEMENT_EXECUTE|[41]
14:24:54.0 (8056068)|HEAP_ALLOCATE|[41]|Bytes:1
14:24:54.0 (8074212)|HEAP_ALLOCATE|[41]|Bytes:15
14:24:54.0 (8090571)|HEAP_ALLOCATE|[41]|Bytes:4
14:24:54.0 (8105975)|SYSTEM_MODE_EXIT|false
14:24:54.0 (8119109)|METHOD_EXIT|[34]|01pm0000000YfaQ|fflib_IDGenerator.generate(Schema.SObjectType)
14:24:54.0 (8130216)|HEAP_ALLOCATE|[34]|Bytes:23
14:24:54.0 (8155128)|CONSTRUCTOR_ENTRY|[34]|01pm0000000YfZV|<init>(Id,String,Id,String,Boolean)|EmailRequest
14:24:54.0 (8176445)|VARIABLE_SCOPE_BEGIN|[7]|this|EmailRequest|true|false
14:24:54.0 (8223560)|VARIABLE_ASSIGNMENT|[7]|this|{}|0x591c99e3
14:24:54.0 (8236413)|VARIABLE_SCOPE_BEGIN|[7]|contactId|Id|false|false
14:24:54.0 (8281019)|VARIABLE_ASSIGNMENT|[7]|contactId|"003000000000001AAA"
14:24:54.0 (8292282)|VARIABLE_SCOPE_BEGIN|[7]|toEmailAddress|String|false|false
14:24:54.0 (8307031)|VARIABLE_ASSIGNMENT|[7]|toEmailAddress|"sue@example.com"
14:24:54.0 (8315207)|VARIABLE_SCOPE_BEGIN|[7]|relatedObjectId|Id|false|false
14:24:54.0 (8351601)|VARIABLE_ASSIGNMENT|[7]|relatedObjectId|"001000000000002AAA"
14:24:54.0 (8362537)|VARIABLE_SCOPE_BEGIN|[7]|requestingUsersEmailAddress|String|false|false
14:24:54.0 (8380161)|VARIABLE_ASSIGNMENT|[7]|requestingUsersEmailAddress|"someone@matsonmoney. (3 more) ..."
14:24:54.0 (8391182)|VARIABLE_SCOPE_BEGIN|[7]|isContactOptedOutOfMarketingEmails|Boolean|false|false
14:24:54.0 (8404602)|VARIABLE_ASSIGNMENT|[7]|isContactOptedOutOfMarketingEmails|false
14:24:54.0 (8420292)|SYSTEM_MODE_ENTER|false
14:24:54.0 (8428669)|HEAP_ALLOCATE|[8]|Bytes:5
14:24:54.0 (8435866)|STATEMENT_EXECUTE|[1]
14:24:54.0 (8441207)|HEAP_ALLOCATE|[8]|Bytes:5
14:24:54.0 (8446255)|STATEMENT_EXECUTE|[15]
14:24:54.0 (8448837)|STATEMENT_EXECUTE|[16]
14:24:54.0 (8450903)|STATEMENT_EXECUTE|[17]
14:24:54.0 (8452878)|STATEMENT_EXECUTE|[18]
14:24:54.0 (8454773)|STATEMENT_EXECUTE|[19]
14:24:54.0 (8467625)|HEAP_ALLOCATE|[8]|Bytes:6
14:24:54.0 (8524435)|STATEMENT_EXECUTE|[7]
14:24:54.0 (8527876)|STATEMENT_EXECUTE|[8]
14:24:54.0 (8571849)|VARIABLE_ASSIGNMENT|[8]|this.contactId|"003000000000001AAA"|0x591c99e3
14:24:54.0 (8583318)|STATEMENT_EXECUTE|[9]
14:24:54.0 (8589944)|HEAP_ALLOCATE|[9]|Bytes:5
14:24:54.0 (8602886)|VARIABLE_ASSIGNMENT|[9]|this.isContactOptedOutOfMarketingEmails|false|0x591c99e3
14:24:54.0 (8611749)|STATEMENT_EXECUTE|[10]
14:24:54.0 (8621994)|VARIABLE_ASSIGNMENT|[10]|this.toEmailAddress|"sue@example.com"|0x591c99e3
14:24:54.0 (8631048)|STATEMENT_EXECUTE|[11]
14:24:54.0 (8660374)|VARIABLE_ASSIGNMENT|[11]|this.relatedObjectId|"001000000000002AAA"|0x591c99e3
14:24:54.0 (8670945)|STATEMENT_EXECUTE|[12]
14:24:54.0 (8683694)|VARIABLE_ASSIGNMENT|[12]|this.requestingUsersEmailAddress|"someone@matsonmoney. (3 more) ..."|0x591c99e3
14:24:54.0 (8696881)|SYSTEM_MODE_EXIT|false
14:24:54.0 (8717192)|CONSTRUCTOR_EXIT|[34]|01pm0000000YfZV|<init>(Id,String,Id,String,Boolean)|EmailRequest
14:24:54.0 (8744914)|HEAP_ALLOCATE|[EXTERNAL]|Bytes:4
14:24:54.0 (8757765)|STATEMENT_EXECUTE|[35]
14:24:54.0 (8764973)|HEAP_ALLOCATE|[35]|Bytes:24
14:24:54.0 (8800418)|METHOD_ENTRY|[35]|01pm0000000YfaQ|fflib_IDGenerator.generate(Schema.SObjectType)
14:24:54.0 (8822241)|VARIABLE_SCOPE_BEGIN|[34]|sobjectType|Schema.SObjectType|true|false
14:24:54.0 (8873964)|VARIABLE_ASSIGNMENT|[34]|sobjectType|"common.apex.runtime.impl.ApexSObjectTypeToken@253b03d8"|0x253b03d8
14:24:54.0 (8896773)|SYSTEM_MODE_ENTER|false
14:24:54.0 (8905423)|HEAP_ALLOCATE|[36]|Bytes:5
14:24:54.0 (8912327)|STATEMENT_EXECUTE|[35]
14:24:54.0 (8914725)|STATEMENT_EXECUTE|[36]
14:24:54.0 (8936988)|HEAP_ALLOCATE|[36]|Bytes:4
14:24:54.0 (8956443)|HEAP_ALLOCATE|[36]|Bytes:3
14:24:54.0 (8965092)|VARIABLE_SCOPE_BEGIN|[36]|keyPrefix|String|false|false
14:24:54.0 (8981949)|VARIABLE_ASSIGNMENT|[36]|keyPrefix|"003"
14:24:54.0 (8989457)|STATEMENT_EXECUTE|[37]
14:24:54.0 (8995235)|HEAP_ALLOCATE|[37]|Bytes:4
14:24:54.0 (9006996)|VARIABLE_ASSIGNMENT|[37]|fflib_IDGenerator.fakeIdCount|3
14:24:54.0 (9015385)|STATEMENT_EXECUTE|[39]
14:24:54.0 (9042668)|HEAP_ALLOCATE|[39]|Bytes:1
14:24:54.0 (9083099)|HEAP_ALLOCATE|[39]|Bytes:11
14:24:54.0 (9098998)|VARIABLE_SCOPE_BEGIN|[39]|fakeIdPrefix|String|false|false
14:24:54.0 (9116835)|VARIABLE_ASSIGNMENT|[39]|fakeIdPrefix|"00000000000"
14:24:54.0 (9124419)|STATEMENT_EXECUTE|[41]
14:24:54.0 (9140161)|HEAP_ALLOCATE|[41]|Bytes:1
14:24:54.0 (9157631)|HEAP_ALLOCATE|[41]|Bytes:15
14:24:54.0 (9174334)|HEAP_ALLOCATE|[41]|Bytes:4
14:24:54.0 (9189233)|SYSTEM_MODE_EXIT|false
14:24:54.0 (9201315)|METHOD_EXIT|[35]|01pm0000000YfaQ|fflib_IDGenerator.generate(Schema.SObjectType)
14:24:54.0 (9232589)|METHOD_ENTRY|[35]|01pm0000000YfaQ|fflib_IDGenerator.generate(Schema.SObjectType)
14:24:54.0 (9243472)|VARIABLE_SCOPE_BEGIN|[34]|sobjectType|Schema.SObjectType|true|false
14:24:54.0 (9287416)|VARIABLE_ASSIGNMENT|[34]|sobjectType|"common.apex.runtime.impl.ApexSObjectTypeToken@55c9ed79"|0x55c9ed79
14:24:54.0 (9308510)|SYSTEM_MODE_ENTER|false
14:24:54.0 (9316985)|HEAP_ALLOCATE|[36]|Bytes:5
14:24:54.0 (9323262)|STATEMENT_EXECUTE|[35]
14:24:54.0 (9327213)|STATEMENT_EXECUTE|[36]
14:24:54.0 (9347405)|HEAP_ALLOCATE|[36]|Bytes:4
14:24:54.0 (9364151)|HEAP_ALLOCATE|[36]|Bytes:3
14:24:54.0 (9372685)|VARIABLE_SCOPE_BEGIN|[36]|keyPrefix|String|false|false
14:24:54.0 (9390338)|VARIABLE_ASSIGNMENT|[36]|keyPrefix|"001"
14:24:54.0 (9398572)|STATEMENT_EXECUTE|[37]
14:24:54.0 (9404231)|HEAP_ALLOCATE|[37]|Bytes:4
14:24:54.0 (9415818)|VARIABLE_ASSIGNMENT|[37]|fflib_IDGenerator.fakeIdCount|4
14:24:54.0 (9423030)|STATEMENT_EXECUTE|[39]
14:24:54.0 (9447232)|HEAP_ALLOCATE|[39]|Bytes:1
14:24:54.0 (9486037)|HEAP_ALLOCATE|[39]|Bytes:11
14:24:54.0 (9502174)|VARIABLE_SCOPE_BEGIN|[39]|fakeIdPrefix|String|false|false
14:24:54.0 (9519374)|VARIABLE_ASSIGNMENT|[39]|fakeIdPrefix|"00000000000"
14:24:54.0 (9526683)|STATEMENT_EXECUTE|[41]
14:24:54.0 (9541676)|HEAP_ALLOCATE|[41]|Bytes:1
14:24:54.0 (9558154)|HEAP_ALLOCATE|[41]|Bytes:15
14:24:54.0 (9573862)|HEAP_ALLOCATE|[41]|Bytes:4
14:24:54.0 (9588410)|SYSTEM_MODE_EXIT|false
14:24:54.0 (9599993)|METHOD_EXIT|[35]|01pm0000000YfaQ|fflib_IDGenerator.generate(Schema.SObjectType)
14:24:54.0 (9622413)|CONSTRUCTOR_ENTRY|[35]|01pm0000000YfZV|<init>(Id,String,Id,String,Boolean)|EmailRequest
14:24:54.0 (9635749)|VARIABLE_SCOPE_BEGIN|[7]|this|EmailRequest|true|false
14:24:54.0 (9663105)|VARIABLE_ASSIGNMENT|[7]|this|{}|0x70a72a5
14:24:54.0 (9673369)|VARIABLE_SCOPE_BEGIN|[7]|contactId|Id|false|false
14:24:54.0 (9713813)|VARIABLE_ASSIGNMENT|[7]|contactId|"003000000000003AAA"
14:24:54.0 (9722863)|VARIABLE_SCOPE_BEGIN|[7]|toEmailAddress|String|false|false
14:24:54.0 (9736934)|VARIABLE_ASSIGNMENT|[7]|toEmailAddress|"sue@example.com"
14:24:54.0 (9743850)|VARIABLE_SCOPE_BEGIN|[7]|relatedObjectId|Id|false|false
14:24:54.0 (9778392)|VARIABLE_ASSIGNMENT|[7]|relatedObjectId|"001000000000004AAA"
14:24:54.0 (9787587)|VARIABLE_SCOPE_BEGIN|[7]|requestingUsersEmailAddress|String|false|false
14:24:54.0 (9804403)|VARIABLE_ASSIGNMENT|[7]|requestingUsersEmailAddress|"someone@matsonmoney. (3 more) ..."
14:24:54.0 (9813880)|VARIABLE_SCOPE_BEGIN|[7]|isContactOptedOutOfMarketingEmails|Boolean|false|false
14:24:54.0 (9826917)|VARIABLE_ASSIGNMENT|[7]|isContactOptedOutOfMarketingEmails|false
14:24:54.0 (9846275)|SYSTEM_MODE_ENTER|false
14:24:54.0 (9855125)|HEAP_ALLOCATE|[8]|Bytes:5
14:24:54.0 (9862313)|STATEMENT_EXECUTE|[1]
14:24:54.0 (9867271)|HEAP_ALLOCATE|[8]|Bytes:5
14:24:54.0 (9873208)|STATEMENT_EXECUTE|[15]
14:24:54.0 (9875570)|STATEMENT_EXECUTE|[16]
14:24:54.0 (9877459)|STATEMENT_EXECUTE|[17]
14:24:54.0 (9879379)|STATEMENT_EXECUTE|[18]
14:24:54.0 (9881394)|STATEMENT_EXECUTE|[19]
14:24:54.0 (9901989)|STATEMENT_EXECUTE|[7]
14:24:54.0 (9904957)|STATEMENT_EXECUTE|[8]
14:24:54.0 (9937998)|VARIABLE_ASSIGNMENT|[8]|this.contactId|"003000000000003AAA"|0x70a72a5
14:24:54.0 (9949365)|STATEMENT_EXECUTE|[9]
14:24:54.0 (9955216)|HEAP_ALLOCATE|[9]|Bytes:5
14:24:54.0 (9967447)|VARIABLE_ASSIGNMENT|[9]|this.isContactOptedOutOfMarketingEmails|false|0x70a72a5
14:24:54.0 (9976402)|STATEMENT_EXECUTE|[10]
14:24:54.0 (9986062)|VARIABLE_ASSIGNMENT|[10]|this.toEmailAddress|"sue@example.com"|0x70a72a5
14:24:54.0 (9994897)|STATEMENT_EXECUTE|[11]
14:24:54.0 (10021908)|VARIABLE_ASSIGNMENT|[11]|this.relatedObjectId|"001000000000004AAA"|0x70a72a5
14:24:54.0 (10034081)|STATEMENT_EXECUTE|[12]
14:24:54.0 (10046027)|VARIABLE_ASSIGNMENT|[12]|this.requestingUsersEmailAddress|"someone@matsonmoney. (3 more) ..."|0x70a72a5
14:24:54.0 (10057662)|SYSTEM_MODE_EXIT|false
14:24:54.0 (10076234)|CONSTRUCTOR_EXIT|[35]|01pm0000000YfZV|<init>(Id,String,Id,String,Boolean)|EmailRequest
14:24:54.0 (10099080)|HEAP_ALLOCATE|[EXTERNAL]|Bytes:4
14:24:54.0 (10111282)|STATEMENT_EXECUTE|[37]
14:24:54.0 (10118293)|HEAP_ALLOCATE|[37]|Bytes:6
14:24:54.0 (10139866)|METHOD_ENTRY|[1]|01p3600000JWdhI|MassEmailRequest.MassEmailRequest()
14:24:54.0 (10149087)|STATEMENT_EXECUTE|[1]
14:24:54.0 (10154248)|STATEMENT_EXECUTE|[1]
14:24:54.0 (10159769)|METHOD_EXIT|[1]|MassEmailRequest
14:24:54.0 (10179494)|HEAP_ALLOCATE|[37]|Bytes:32
14:24:54.0 (10188230)|HEAP_ALLOCATE|[38]|Bytes:19
14:24:54.0 (10228949)|METHOD_ENTRY|[38]|01pm0000000YfaQ|fflib_IDGenerator.generate(Schema.SObjectType)
14:24:54.0 (10249357)|VARIABLE_SCOPE_BEGIN|[34]|sobjectType|Schema.SObjectType|true|false
14:24:54.0 (10295511)|VARIABLE_ASSIGNMENT|[34]|sobjectType|"common.apex.runtime.impl.ApexSObjectTypeToken@2a923332"|0x2a923332
14:24:54.0 (10318326)|SYSTEM_MODE_ENTER|false
14:24:54.0 (10327768)|HEAP_ALLOCATE|[36]|Bytes:5
14:24:54.0 (10334778)|STATEMENT_EXECUTE|[35]
14:24:54.0 (10337118)|STATEMENT_EXECUTE|[36]
14:24:54.0 (10473446)|HEAP_ALLOCATE|[36]|Bytes:4
14:24:54.0 (10494988)|HEAP_ALLOCATE|[36]|Bytes:3
14:24:54.0 (10503911)|VARIABLE_SCOPE_BEGIN|[36]|keyPrefix|String|false|false
14:24:54.0 (10521093)|VARIABLE_ASSIGNMENT|[36]|keyPrefix|"0D2"
14:24:54.0 (10529170)|STATEMENT_EXECUTE|[37]
14:24:54.0 (10535122)|HEAP_ALLOCATE|[37]|Bytes:4
14:24:54.0 (10547557)|VARIABLE_ASSIGNMENT|[37]|fflib_IDGenerator.fakeIdCount|5
14:24:54.0 (10555326)|STATEMENT_EXECUTE|[39]
14:24:54.0 (10582924)|HEAP_ALLOCATE|[39]|Bytes:1
14:24:54.0 (10625153)|HEAP_ALLOCATE|[39]|Bytes:11
14:24:54.0 (10640607)|VARIABLE_SCOPE_BEGIN|[39]|fakeIdPrefix|String|false|false
14:24:54.0 (10657869)|VARIABLE_ASSIGNMENT|[39]|fakeIdPrefix|"00000000000"
14:24:54.0 (10665647)|STATEMENT_EXECUTE|[41]
14:24:54.0 (10681388)|HEAP_ALLOCATE|[41]|Bytes:1
14:24:54.0 (10698755)|HEAP_ALLOCATE|[41]|Bytes:15
14:24:54.0 (10714963)|HEAP_ALLOCATE|[41]|Bytes:4
14:24:54.0 (10729474)|SYSTEM_MODE_EXIT|false
14:24:54.0 (10741295)|METHOD_EXIT|[38]|01pm0000000YfaQ|fflib_IDGenerator.generate(Schema.SObjectType)
14:24:54.0 (10758886)|HEAP_ALLOCATE|[37]|Bytes:18
14:24:54.0 (10767793)|HEAP_ALLOCATE|[39]|Bytes:13
14:24:54.0 (10773823)|HEAP_ALLOCATE|[40]|Bytes:17
14:24:54.0 (10812051)|CONSTRUCTOR_ENTRY|[37]|01p3600000JWdhI|<init>(List<EmailRequest>,String,String,String,Boolean,String)|MassEmailRequest
14:24:54.0 (10851892)|VARIABLE_SCOPE_BEGIN|[9]|this|MassEmailRequest|true|false
14:24:54.0 (10882977)|VARIABLE_ASSIGNMENT|[9]|this|{}|0xdf738e7
14:24:54.0 (10891142)|VARIABLE_SCOPE_BEGIN|[9]|listOfEmailRequests|List<EmailRequest>|true|false
14:24:54.0 (11053535)|VARIABLE_ASSIGNMENT|[EXTERNAL]|this|{"contactId":"003000000000001AAA","isContactOptedOutOfMarketingEmails":false,"relatedObjectId":"001000000000002AAA","requestingUsersEmailAddress":"someone@matsonmoney.com","toEmailAddress":"sue@example.com"}|0x591c99e3
14:24:54.0 (11142743)|VARIABLE_ASSIGNMENT|[EXTERNAL]|this|{"contactId":"003000000000003AAA","isContactOptedOutOfMarketingEmails":false,"relatedObjectId":"001000000000004AAA","requestingUsersEmailAddress":"someone@matsonmoney.com","toEmailAddress":"sue@example.com"}|0x70a72a5
14:24:54.0 (11168759)|VARIABLE_ASSIGNMENT|[9]|listOfEmailRequests|"common.apex.runtime.impl.ScalarList@d18118e3"|0x4c4ce6e7
14:24:54.0 (11177957)|VARIABLE_SCOPE_BEGIN|[9]|orgWideEmailAddressId|String|false|false
14:24:54.0 (11187914)|VARIABLE_ASSIGNMENT|[9]|orgWideEmailAddressId|"0D2000000000005CAA"
14:24:54.0 (11192660)|VARIABLE_SCOPE_BEGIN|[9]|emailTemplateDeveloperName|String|false|false
14:24:54.0 (11200932)|VARIABLE_ASSIGNMENT|[9]|emailTemplateDeveloperName|"template_name"
14:24:54.0 (11205010)|VARIABLE_SCOPE_BEGIN|[9]|emailAddressOverride|String|false|false
14:24:54.0 (11212947)|VARIABLE_ASSIGNMENT|[9]|emailAddressOverride|"frank@example.com"
14:24:54.0 (11220505)|VARIABLE_SCOPE_BEGIN|[9]|isSandboxRequest|Boolean|false|false
14:24:54.0 (11228224)|VARIABLE_ASSIGNMENT|[9]|isSandboxRequest|true
14:24:54.0 (11232358)|VARIABLE_SCOPE_BEGIN|[9]|requestingUsersEmailAddress|String|false|false
14:24:54.0 (11241702)|VARIABLE_ASSIGNMENT|[9]|requestingUsersEmailAddress|"someone@matsonmoney. (3 more) ..."
14:24:54.0 (11247961)|STATEMENT_EXECUTE|[1]
14:24:54.0 (11249964)|STATEMENT_EXECUTE|[24]
14:24:54.0 (11252041)|STATEMENT_EXECUTE|[25]
14:24:54.0 (11253463)|STATEMENT_EXECUTE|[26]
14:24:54.0 (11254841)|STATEMENT_EXECUTE|[27]
14:24:54.0 (11256208)|STATEMENT_EXECUTE|[28]
14:24:54.0 (11257646)|STATEMENT_EXECUTE|[29]
14:24:54.0 (11259119)|STATEMENT_EXECUTE|[30]
14:24:54.0 (11271542)|STATEMENT_EXECUTE|[14]
14:24:54.0 (11273277)|STATEMENT_EXECUTE|[16]
14:24:54.0 (11341725)|VARIABLE_ASSIGNMENT|[EXTERNAL]|this|{"contactId":"003000000000001AAA","isContactOptedOutOfMarketingEmails":false,"relatedObjectId":"001000000000002AAA","requestingUsersEmailAddress":"someone@matsonmoney.com","toEmailAddress":"sue@example.com"}|0x591c99e3
14:24:54.0 (11403044)|VARIABLE_ASSIGNMENT|[EXTERNAL]|this|{"contactId":"003000000000003AAA","isContactOptedOutOfMarketingEmails":false,"relatedObjectId":"001000000000004AAA","requestingUsersEmailAddress":"someone@matsonmoney.com","toEmailAddress":"sue@example.com"}|0x70a72a5
14:24:54.0 (11424995)|VARIABLE_ASSIGNMENT|[16]|this.listOfEmailRequests|"common.apex.runtime.impl.ScalarList@d18118e3"|0xdf738e7
14:24:54.0 (11431371)|STATEMENT_EXECUTE|[17]
14:24:54.0 (11440629)|VARIABLE_ASSIGNMENT|[17]|this.orgWideEmailAddressId|"0D2000000000005CAA"|0xdf738e7
14:24:54.0 (11445925)|STATEMENT_EXECUTE|[18]
14:24:54.0 (11451224)|VARIABLE_ASSIGNMENT|[18]|this.emailTemplateDeveloperName|"template_name"|0xdf738e7
14:24:54.0 (11456220)|STATEMENT_EXECUTE|[19]
14:24:54.0 (11461120)|VARIABLE_ASSIGNMENT|[19]|this.emailAddressOverride|"frank@example.com"|0xdf738e7
14:24:54.0 (11466245)|STATEMENT_EXECUTE|[20]
14:24:54.0 (11471326)|HEAP_ALLOCATE|[20]|Bytes:5
14:24:54.0 (11478687)|VARIABLE_ASSIGNMENT|[20]|this.isSandboxRequest|true|0xdf738e7
14:24:54.0 (11484100)|STATEMENT_EXECUTE|[21]
14:24:54.0 (11491266)|VARIABLE_ASSIGNMENT|[21]|this.requestingUsersEmailAddress|"someone@matsonmoney. (3 more) ..."|0xdf738e7
14:24:54.0 (11506107)|CONSTRUCTOR_EXIT|[37]|01p3600000JWdhI|<init>(List<EmailRequest>,String,String,String,Boolean,String)|MassEmailRequest
14:24:54.0 (11515732)|METHOD_EXIT|[20]|01pm0000000YfZf|MassEmailRequestTests.getMassEmailRequest()
14:24:54.0 (11522845)|VARIABLE_SCOPE_BEGIN|[20]|baseMassEmailRequest|MassEmailRequest|true|false
14:24:54.0 (11551940)|VARIABLE_ASSIGNMENT|[20]|baseMassEmailRequest|{"emailAddressOverride":"frank@example.com","emailTemplateDeveloperName":"template_name","isSandboxRequest":true,"listOfEmailRequests":"0x4c4ce6e7","orgWideEmailAddressId":"0D2000000000005CAA","requestingUsersEmailAddress":"someone@matsonmoney. (3 more) ..."}|0xdf738e7
14:24:54.0 (11560316)|STATEMENT_EXECUTE|[21]
14:24:54.0 (11562952)|VARIABLE_SCOPE_BEGIN|[21]|otherMassEmailRequest|MassEmailRequest|true|false
14:24:54.0 (11587662)|VARIABLE_ASSIGNMENT|[21]|otherMassEmailRequest|{"emailAddressOverride":"frank@example.com","emailTemplateDeveloperName":"template_name","isSandboxRequest":true,"listOfEmailRequests":"0x4c4ce6e7","orgWideEmailAddressId":"0D2000000000005CAA","requestingUsersEmailAddress":"someone@matsonmoney. (3 more) ..."}|0xdf738e7
14:24:54.0 (11594925)|STATEMENT_EXECUTE|[24]
14:24:54.0 (11618362)|METHOD_ENTRY|[24]|01p3600000JWdhI|MassEmailRequest.equals(MassEmailRequest)
14:24:54.0 (11634669)|VARIABLE_SCOPE_BEGIN|[32]|this|MassEmailRequest|true|false
14:24:54.0 (11660495)|VARIABLE_ASSIGNMENT|[32]|this|{"emailAddressOverride":"frank@example.com","emailTemplateDeveloperName":"template_name","isSandboxRequest":true,"listOfEmailRequests":"0x4c4ce6e7","orgWideEmailAddressId":"0D2000000000005CAA","requestingUsersEmailAddress":"someone@matsonmoney. (3 more) ..."}|0xdf738e7
14:24:54.0 (11668581)|VARIABLE_SCOPE_BEGIN|[32]|otherRequest|MassEmailRequest|true|false
14:24:54.0 (11691022)|VARIABLE_ASSIGNMENT|[32]|otherRequest|{"emailAddressOverride":"frank@example.com","emailTemplateDeveloperName":"template_name","isSandboxRequest":true,"listOfEmailRequests":"0x4c4ce6e7","orgWideEmailAddressId":"0D2000000000005CAA","requestingUsersEmailAddress":"someone@matsonmoney. (3 more) ..."}|0xdf738e7
14:24:54.0 (11703008)|STATEMENT_EXECUTE|[32]
14:24:54.0 (11704674)|STATEMENT_EXECUTE|[34]
14:24:54.0 (11707927)|VARIABLE_SCOPE_BEGIN|[34]|listOfEmailRequestsMatch|Boolean|false|false
14:24:54.0 (11716595)|HEAP_ALLOCATE|[34]|Bytes:5
14:24:54.0 (11722646)|VARIABLE_ASSIGNMENT|[34]|listOfEmailRequestsMatch|true
14:24:54.0 (11727648)|STATEMENT_EXECUTE|[36]
14:24:54.0 (11730426)|VARIABLE_SCOPE_BEGIN|[36]|i|Integer|false|false
14:24:54.0 (11738053)|VARIABLE_ASSIGNMENT|[36]|i|null
14:24:54.0 (11780332)|STATEMENT_EXECUTE|[36]
14:24:54.0 (11782392)|STATEMENT_EXECUTE|[46]
14:24:54.0 (11840424)|METHOD_EXIT|[24]|01p3600000JWdhI|MassEmailRequest.equals(MassEmailRequest)
14:24:54.0 (11848149)|VARIABLE_SCOPE_BEGIN|[24]|isAMatch|Boolean|false|false
14:24:54.0 (11857199)|HEAP_ALLOCATE|[24]|Bytes:5
14:24:54.0 (11863490)|VARIABLE_ASSIGNMENT|[24]|isAMatch|true
14:24:54.0 (11868093)|STATEMENT_EXECUTE|[27]
14:24:54.11 (11899537)|CUMULATIVE_LIMIT_USAGE
14:24:54.11 (11899537)|LIMIT_USAGE_FOR_NS|(default)|
  Number of SOQL queries: 0 out of 100
  Number of query rows: 0 out of 50000
  Number of SOSL queries: 0 out of 20
  Number of DML statements: 0 out of 150
  Number of DML rows: 0 out of 10000
  Maximum CPU time: 0 out of 10000
  Maximum heap size: 0 out of 6000000
  Number of callouts: 0 out of 100
  Number of Email Invocations: 0 out of 10
  Number of future calls: 0 out of 50
  Number of queueable jobs added to the queue: 0 out of 50
  Number of Mobile Apex push calls: 0 out of 10

14:24:54.11 (11899537)|CUMULATIVE_LIMIT_USAGE_END

14:24:54.0 (11930258)|CODE_UNIT_FINISHED|MassEmailRequestTests.givenEqualsWhenInstancesAreTheSameExpectTrue()
14:24:54.0 (13785014)|EXECUTION_FINISHED
14:24:54.319 (319090867)|USER_INFO|[EXTERNAL]|00518000002hPQO|matthew.billups@matsonmoney.com.mbill|Mountain Standard Time|GMT-07:00
14:24:54.319 (319116820)|EXECUTION_STARTED
14:24:54.319 (319123851)|CODE_UNIT_STARTED|[EXTERNAL]|01pm0000000YfZf|MassEmailRequestTests.givenEqualsWhenInstancesNotTheSameExpectFalse()
14:24:54.319 (319277060)|HEAP_ALLOCATE|[72]|Bytes:3
14:24:54.319 (319310919)|HEAP_ALLOCATE|[77]|Bytes:152
14:24:54.319 (319334324)|HEAP_ALLOCATE|[342]|Bytes:408
14:24:54.319 (319361238)|HEAP_ALLOCATE|[355]|Bytes:408
14:24:54.319 (319386852)|HEAP_ALLOCATE|[467]|Bytes:48
14:24:54.319 (319425201)|HEAP_ALLOCATE|[139]|Bytes:6
14:24:54.319 (319452330)|HEAP_ALLOCATE|[EXTERNAL]|Bytes:2
14:24:54.319 (319460929)|HEAP_ALLOCATE|[EXTERNAL]|Bytes:21
14:24:54.319 (319472865)|METHOD_ENTRY|[2]|01pm0000000YfZf|MassEmailRequestTests.MassEmailRequestTests()
14:24:54.319 (319480997)|STATEMENT_EXECUTE|[2]
14:24:54.319 (319486083)|STATEMENT_EXECUTE|[2]
14:24:54.319 (319491150)|METHOD_EXIT|[2]|MassEmailRequestTests
14:24:54.319 (319518534)|HEAP_ALLOCATE|[50]|Bytes:5
14:24:54.319 (319544564)|HEAP_ALLOCATE|[56]|Bytes:5
14:24:54.319 (319558131)|HEAP_ALLOCATE|[64]|Bytes:7
14:24:54.319 (319595759)|STATEMENT_EXECUTE|[4]
14:24:54.319 (319599144)|STATEMENT_EXECUTE|[7]
14:24:54.319 (319609396)|METHOD_ENTRY|[7]|01pm0000000YfZf|MassEmailRequestTests.getMassEmailRequest()
14:24:54.319 (319641370)|STATEMENT_EXECUTE|[30]
14:24:54.319 (319644642)|STATEMENT_EXECUTE|[32]
14:24:54.319 (319662118)|HEAP_ALLOCATE|[32]|Bytes:4
14:24:54.319 (319686412)|VARIABLE_SCOPE_BEGIN|[32]|listOfEmailRequests|List<EmailRequest>|true|false
14:24:54.319 (319712571)|HEAP_ALLOCATE|[EXTERNAL]|Bytes:4
14:24:54.319 (319732924)|VARIABLE_ASSIGNMENT|[32]|listOfEmailRequests|[]|0x2bb7379c
14:24:54.319 (319744058)|STATEMENT_EXECUTE|[34]
14:24:54.319 (319757063)|HEAP_ALLOCATE|[34]|Bytes:3
14:24:54.319 (319770624)|METHOD_ENTRY|[1]|01pm0000000YfZV|EmailRequest.EmailRequest()
14:24:54.319 (319778246)|STATEMENT_EXECUTE|[1]
14:24:54.319 (319782147)|STATEMENT_EXECUTE|[1]
14:24:54.319 (320233601)|SYSTEM_MODE_ENTER|false
14:24:54.319 (320252487)|HEAP_ALLOCATE|[34]|Bytes:5
14:24:54.319 (320263631)|SYSTEM_MODE_EXIT|false
14:24:54.319 (320275534)|METHOD_EXIT|[1]|EmailRequest
14:24:54.319 (320285598)|HEAP_ALLOCATE|[34]|Bytes:24
14:24:54.319 (320293799)|HEAP_ALLOCATE|[34]|Bytes:7
14:24:54.319 (320338795)|VARIABLE_SCOPE_BEGIN|[29]|fflib_IDGenerator.ID_PATTERN|String|false|true
14:24:54.319 (320353118)|VARIABLE_SCOPE_BEGIN|[28]|fflib_IDGenerator.fakeIdCount|Integer|false|true
14:24:54.319 (320370966)|HEAP_ALLOCATE|[34]|Bytes:2
14:24:54.319 (320380325)|HEAP_ALLOCATE|[34]|Bytes:12
14:24:54.319 (320393833)|VARIABLE_ASSIGNMENT|[34]|fflib_IDGenerator.ID_PATTERN|"000000000000"
14:24:54.319 (320407694)|METHOD_ENTRY|[26]|01pm0000000YfaQ|fflib_IDGenerator.fflib_IDGenerator()
14:24:54.319 (320415552)|STATEMENT_EXECUTE|[26]
14:24:54.319 (320419908)|STATEMENT_EXECUTE|[26]
14:24:54.319 (320426816)|SYSTEM_MODE_ENTER|false
14:24:54.319 (320435284)|HEAP_ALLOCATE|[28]|Bytes:5
14:24:54.319 (320442439)|STATEMENT_EXECUTE|[28]
14:24:54.319 (320447850)|HEAP_ALLOCATE|[28]|Bytes:4
14:24:54.319 (320460397)|VARIABLE_ASSIGNMENT|[28]|fflib_IDGenerator.fakeIdCount|0
14:24:54.319 (320471741)|SYSTEM_MODE_EXIT|false
14:24:54.319 (320482017)|METHOD_EXIT|[26]|fflib_IDGenerator
14:24:54.319 (320495187)|METHOD_ENTRY|[34]|01pm0000000YfaQ|fflib_IDGenerator.generate(Schema.SObjectType)
14:24:54.319 (320506875)|VARIABLE_SCOPE_BEGIN|[34]|sobjectType|Schema.SObjectType|true|false
14:24:54.319 (320618165)|VARIABLE_ASSIGNMENT|[34]|sobjectType|"common.apex.runtime.impl.ApexSObjectTypeToken@253b03d8"|0x253b03d8
14:24:54.319 (320643017)|SYSTEM_MODE_ENTER|false
14:24:54.319 (320652390)|HEAP_ALLOCATE|[36]|Bytes:5
14:24:54.319 (320659485)|STATEMENT_EXECUTE|[35]
14:24:54.319 (320662032)|STATEMENT_EXECUTE|[36]
14:24:54.319 (320713052)|HEAP_ALLOCATE|[36]|Bytes:4
14:24:54.319 (320750268)|HEAP_ALLOCATE|[36]|Bytes:3
14:24:54.319 (320760576)|VARIABLE_SCOPE_BEGIN|[36]|keyPrefix|String|false|false
14:24:54.319 (320778485)|VARIABLE_ASSIGNMENT|[36]|keyPrefix|"003"
14:24:54.319 (320787138)|STATEMENT_EXECUTE|[37]
14:24:54.319 (320795938)|HEAP_ALLOCATE|[37]|Bytes:4
14:24:54.319 (320808136)|VARIABLE_ASSIGNMENT|[37]|fflib_IDGenerator.fakeIdCount|1
14:24:54.319 (320815737)|STATEMENT_EXECUTE|[39]
14:24:54.319 (320868679)|HEAP_ALLOCATE|[39]|Bytes:1
14:24:54.319 (320929288)|HEAP_ALLOCATE|[39]|Bytes:11
14:24:54.319 (320945966)|VARIABLE_SCOPE_BEGIN|[39]|fakeIdPrefix|String|false|false
14:24:54.319 (320964904)|VARIABLE_ASSIGNMENT|[39]|fakeIdPrefix|"00000000000"
14:24:54.319 (320972716)|STATEMENT_EXECUTE|[41]
14:24:54.319 (320993951)|HEAP_ALLOCATE|[41]|Bytes:1
14:24:54.319 (321016935)|HEAP_ALLOCATE|[41]|Bytes:15
14:24:54.319 (321042509)|HEAP_ALLOCATE|[41]|Bytes:4
14:24:54.319 (321059197)|SYSTEM_MODE_EXIT|false
14:24:54.319 (321071623)|METHOD_EXIT|[34]|01pm0000000YfaQ|fflib_IDGenerator.generate(Schema.SObjectType)
14:24:54.319 (321082430)|HEAP_ALLOCATE|[34]|Bytes:15
14:24:54.319 (321089079)|HEAP_ALLOCATE|[34]|Bytes:7
14:24:54.319 (321120580)|METHOD_ENTRY|[34]|01pm0000000YfaQ|fflib_IDGenerator.generate(Schema.SObjectType)
14:24:54.319 (321132491)|VARIABLE_SCOPE_BEGIN|[34]|sobjectType|Schema.SObjectType|true|false
14:24:54.319 (321180980)|VARIABLE_ASSIGNMENT|[34]|sobjectType|"common.apex.runtime.impl.ApexSObjectTypeToken@55c9ed79"|0x55c9ed79
14:24:54.319 (321203846)|SYSTEM_MODE_ENTER|false
14:24:54.319 (321213012)|HEAP_ALLOCATE|[36]|Bytes:5
14:24:54.319 (321219668)|STATEMENT_EXECUTE|[35]
14:24:54.319 (321222227)|STATEMENT_EXECUTE|[36]
14:24:54.319 (321244159)|HEAP_ALLOCATE|[36]|Bytes:4
14:24:54.319 (321262368)|HEAP_ALLOCATE|[36]|Bytes:3
14:24:54.319 (321271400)|VARIABLE_SCOPE_BEGIN|[36]|keyPrefix|String|false|false
14:24:54.319 (321288863)|VARIABLE_ASSIGNMENT|[36]|keyPrefix|"001"
14:24:54.319 (321296789)|STATEMENT_EXECUTE|[37]
14:24:54.319 (321302495)|HEAP_ALLOCATE|[37]|Bytes:4
14:24:54.319 (321314520)|VARIABLE_ASSIGNMENT|[37]|fflib_IDGenerator.fakeIdCount|2
14:24:54.319 (321322584)|STATEMENT_EXECUTE|[39]
14:24:54.319 (321349106)|HEAP_ALLOCATE|[39]|Bytes:1
14:24:54.319 (321390700)|HEAP_ALLOCATE|[39]|Bytes:11
14:24:54.319 (321406587)|VARIABLE_SCOPE_BEGIN|[39]|fakeIdPrefix|String|false|false
14:24:54.319 (321424567)|VARIABLE_ASSIGNMENT|[39]|fakeIdPrefix|"00000000000"
14:24:54.319 (321432923)|STATEMENT_EXECUTE|[41]
14:24:54.319 (321447837)|HEAP_ALLOCATE|[41]|Bytes:1
14:24:54.319 (321464981)|HEAP_ALLOCATE|[41]|Bytes:15
14:24:54.319 (321481295)|HEAP_ALLOCATE|[41]|Bytes:4
14:24:54.319 (321495872)|SYSTEM_MODE_EXIT|false
14:24:54.319 (321507344)|METHOD_EXIT|[34]|01pm0000000YfaQ|fflib_IDGenerator.generate(Schema.SObjectType)
14:24:54.319 (321517210)|HEAP_ALLOCATE|[34]|Bytes:23
14:24:54.319 (321539611)|CONSTRUCTOR_ENTRY|[34]|01pm0000000YfZV|<init>(Id,String,Id,String,Boolean)|EmailRequest
14:24:54.319 (321553962)|VARIABLE_SCOPE_BEGIN|[7]|this|EmailRequest|true|false
14:24:54.319 (321584981)|VARIABLE_ASSIGNMENT|[7]|this|{}|0x5df42181
14:24:54.319 (321596495)|VARIABLE_SCOPE_BEGIN|[7]|contactId|Id|false|false
14:24:54.319 (321641984)|VARIABLE_ASSIGNMENT|[7]|contactId|"003000000000001AAA"
14:24:54.319 (321651113)|VARIABLE_SCOPE_BEGIN|[7]|toEmailAddress|String|false|false
14:24:54.319 (321666503)|VARIABLE_ASSIGNMENT|[7]|toEmailAddress|"sue@example.com"
14:24:54.319 (321673958)|VARIABLE_SCOPE_BEGIN|[7]|relatedObjectId|Id|false|false
14:24:54.319 (321708124)|VARIABLE_ASSIGNMENT|[7]|relatedObjectId|"001000000000002AAA"
14:24:54.319 (321717171)|VARIABLE_SCOPE_BEGIN|[7]|requestingUsersEmailAddress|String|false|false
14:24:54.319 (321733866)|VARIABLE_ASSIGNMENT|[7]|requestingUsersEmailAddress|"someone@matsonmoney. (3 more) ..."
14:24:54.319 (321743355)|VARIABLE_SCOPE_BEGIN|[7]|isContactOptedOutOfMarketingEmails|Boolean|false|false
14:24:54.319 (321757164)|VARIABLE_ASSIGNMENT|[7]|isContactOptedOutOfMarketingEmails|false
14:24:54.319 (321772247)|SYSTEM_MODE_ENTER|false
14:24:54.319 (321780858)|HEAP_ALLOCATE|[8]|Bytes:5
14:24:54.319 (321788546)|STATEMENT_EXECUTE|[1]
14:24:54.319 (321793501)|HEAP_ALLOCATE|[8]|Bytes:5
14:24:54.319 (321798924)|STATEMENT_EXECUTE|[15]
14:24:54.319 (321801390)|STATEMENT_EXECUTE|[16]
14:24:54.319 (321803544)|STATEMENT_EXECUTE|[17]
14:24:54.319 (321806035)|STATEMENT_EXECUTE|[18]
14:24:54.319 (321808227)|STATEMENT_EXECUTE|[19]
14:24:54.319 (321820985)|HEAP_ALLOCATE|[8]|Bytes:6
14:24:54.319 (321858167)|STATEMENT_EXECUTE|[7]
14:24:54.319 (321861415)|STATEMENT_EXECUTE|[8]
14:24:54.319 (321900422)|VARIABLE_ASSIGNMENT|[8]|this.contactId|"003000000000001AAA"|0x5df42181
14:24:54.319 (321912357)|STATEMENT_EXECUTE|[9]
14:24:54.319 (321918977)|HEAP_ALLOCATE|[9]|Bytes:5
14:24:54.319 (321930255)|VARIABLE_ASSIGNMENT|[9]|this.isContactOptedOutOfMarketingEmails|false|0x5df42181
14:24:54.319 (321939562)|STATEMENT_EXECUTE|[10]
14:24:54.319 (321949684)|VARIABLE_ASSIGNMENT|[10]|this.toEmailAddress|"sue@example.com"|0x5df42181
14:24:54.319 (321958997)|STATEMENT_EXECUTE|[11]
14:24:54.319 (321987483)|VARIABLE_ASSIGNMENT|[11]|this.relatedObjectId|"001000000000002AAA"|0x5df42181
14:24:54.319 (321998083)|STATEMENT_EXECUTE|[12]
14:24:54.319 (322010030)|VARIABLE_ASSIGNMENT|[12]|this.requestingUsersEmailAddress|"someone@matsonmoney. (3 more) ..."|0x5df42181
14:24:54.319 (322024087)|SYSTEM_MODE_EXIT|false
14:24:54.319 (322044369)|CONSTRUCTOR_EXIT|[34]|01pm0000000YfZV|<init>(Id,String,Id,String,Boolean)|EmailRequest
14:24:54.319 (322070484)|HEAP_ALLOCATE|[EXTERNAL]|Bytes:4
14:24:54.319 (322083477)|STATEMENT_EXECUTE|[35]
14:24:54.319 (322090355)|HEAP_ALLOCATE|[35]|Bytes:24
14:24:54.319 (322125319)|METHOD_ENTRY|[35]|01pm0000000YfaQ|fflib_IDGenerator.generate(Schema.SObjectType)
14:24:54.319 (322136478)|VARIABLE_SCOPE_BEGIN|[34]|sobjectType|Schema.SObjectType|true|false
14:24:54.319 (322180423)|VARIABLE_ASSIGNMENT|[34]|sobjectType|"common.apex.runtime.impl.ApexSObjectTypeToken@253b03d8"|0x253b03d8
14:24:54.319 (322203042)|SYSTEM_MODE_ENTER|false
14:24:54.319 (322212734)|HEAP_ALLOCATE|[36]|Bytes:5
14:24:54.319 (322219538)|STATEMENT_EXECUTE|[35]
14:24:54.319 (322222014)|STATEMENT_EXECUTE|[36]
14:24:54.319 (322243658)|HEAP_ALLOCATE|[36]|Bytes:4
14:24:54.319 (322262338)|HEAP_ALLOCATE|[36]|Bytes:3
14:24:54.319 (322271167)|VARIABLE_SCOPE_BEGIN|[36]|keyPrefix|String|false|false
14:24:54.319 (322288531)|VARIABLE_ASSIGNMENT|[36]|keyPrefix|"003"
14:24:54.319 (322296610)|STATEMENT_EXECUTE|[37]
14:24:54.319 (322302447)|HEAP_ALLOCATE|[37]|Bytes:4
14:24:54.319 (322314633)|VARIABLE_ASSIGNMENT|[37]|fflib_IDGenerator.fakeIdCount|3
14:24:54.319 (322322241)|STATEMENT_EXECUTE|[39]
14:24:54.319 (322349236)|HEAP_ALLOCATE|[39]|Bytes:1
14:24:54.319 (322391150)|HEAP_ALLOCATE|[39]|Bytes:11
14:24:54.319 (322407606)|VARIABLE_SCOPE_BEGIN|[39]|fakeIdPrefix|String|false|false
14:24:54.319 (322424646)|VARIABLE_ASSIGNMENT|[39]|fakeIdPrefix|"00000000000"
14:24:54.319 (322432461)|STATEMENT_EXECUTE|[41]
14:24:54.319 (322447919)|HEAP_ALLOCATE|[41]|Bytes:1
14:24:54.319 (322465524)|HEAP_ALLOCATE|[41]|Bytes:15
14:24:54.319 (322482832)|HEAP_ALLOCATE|[41]|Bytes:4
14:24:54.319 (322497684)|SYSTEM_MODE_EXIT|false
14:24:54.319 (322509566)|METHOD_EXIT|[35]|01pm0000000YfaQ|fflib_IDGenerator.generate(Schema.SObjectType)
14:24:54.319 (322542156)|METHOD_ENTRY|[35]|01pm0000000YfaQ|fflib_IDGenerator.generate(Schema.SObjectType)
14:24:54.319 (322554432)|VARIABLE_SCOPE_BEGIN|[34]|sobjectType|Schema.SObjectType|true|false
14:24:54.319 (322599049)|VARIABLE_ASSIGNMENT|[34]|sobjectType|"common.apex.runtime.impl.ApexSObjectTypeToken@55c9ed79"|0x55c9ed79
14:24:54.319 (322621067)|SYSTEM_MODE_ENTER|false
14:24:54.319 (322629241)|HEAP_ALLOCATE|[36]|Bytes:5
14:24:54.319 (322635979)|STATEMENT_EXECUTE|[35]
14:24:54.319 (322638321)|STATEMENT_EXECUTE|[36]
14:24:54.319 (322659177)|HEAP_ALLOCATE|[36]|Bytes:4
14:24:54.319 (322676726)|HEAP_ALLOCATE|[36]|Bytes:3
14:24:54.319 (322685544)|VARIABLE_SCOPE_BEGIN|[36]|keyPrefix|String|false|false
14:24:54.319 (322701767)|VARIABLE_ASSIGNMENT|[36]|keyPrefix|"001"
14:24:54.319 (322709928)|STATEMENT_EXECUTE|[37]
14:24:54.319 (322715984)|HEAP_ALLOCATE|[37]|Bytes:4
14:24:54.319 (322728416)|VARIABLE_ASSIGNMENT|[37]|fflib_IDGenerator.fakeIdCount|4
14:24:54.319 (322735601)|STATEMENT_EXECUTE|[39]
14:24:54.319 (322759868)|HEAP_ALLOCATE|[39]|Bytes:1
14:24:54.319 (322800972)|HEAP_ALLOCATE|[39]|Bytes:11
14:24:54.319 (322815955)|VARIABLE_SCOPE_BEGIN|[39]|fakeIdPrefix|String|false|false
14:24:54.319 (322839285)|VARIABLE_ASSIGNMENT|[39]|fakeIdPrefix|"00000000000"
14:24:54.319 (322848145)|STATEMENT_EXECUTE|[41]
14:24:54.319 (322863103)|HEAP_ALLOCATE|[41]|Bytes:1
14:24:54.319 (322880395)|HEAP_ALLOCATE|[41]|Bytes:15
14:24:54.319 (322896690)|HEAP_ALLOCATE|[41]|Bytes:4
14:24:54.319 (322910576)|SYSTEM_MODE_EXIT|false
14:24:54.319 (322922513)|METHOD_EXIT|[35]|01pm0000000YfaQ|fflib_IDGenerator.generate(Schema.SObjectType)
14:24:54.319 (322944799)|CONSTRUCTOR_ENTRY|[35]|01pm0000000YfZV|<init>(Id,String,Id,String,Boolean)|EmailRequest
14:24:54.319 (322957703)|VARIABLE_SCOPE_BEGIN|[7]|this|EmailRequest|true|false
14:24:54.319 (322986437)|VARIABLE_ASSIGNMENT|[7]|this|{}|0x252412ec
14:24:54.319 (322997757)|VARIABLE_SCOPE_BEGIN|[7]|contactId|Id|false|false
14:24:54.319 (323038805)|VARIABLE_ASSIGNMENT|[7]|contactId|"003000000000003AAA"
14:24:54.319 (323049009)|VARIABLE_SCOPE_BEGIN|[7]|toEmailAddress|String|false|false
14:24:54.319 (323064397)|VARIABLE_ASSIGNMENT|[7]|toEmailAddress|"sue@example.com"
14:24:54.319 (323072113)|VARIABLE_SCOPE_BEGIN|[7]|relatedObjectId|Id|false|false
14:24:54.319 (323106556)|VARIABLE_ASSIGNMENT|[7]|relatedObjectId|"001000000000004AAA"
14:24:54.319 (323115696)|VARIABLE_SCOPE_BEGIN|[7]|requestingUsersEmailAddress|String|false|false
14:24:54.319 (323130986)|VARIABLE_ASSIGNMENT|[7]|requestingUsersEmailAddress|"someone@matsonmoney. (3 more) ..."
14:24:54.319 (323140235)|VARIABLE_SCOPE_BEGIN|[7]|isContactOptedOutOfMarketingEmails|Boolean|false|false
14:24:54.319 (323154092)|VARIABLE_ASSIGNMENT|[7]|isContactOptedOutOfMarketingEmails|false
14:24:54.319 (323168321)|SYSTEM_MODE_ENTER|false
14:24:54.319 (323175769)|HEAP_ALLOCATE|[8]|Bytes:5
14:24:54.319 (323182569)|STATEMENT_EXECUTE|[1]
14:24:54.319 (323187458)|HEAP_ALLOCATE|[8]|Bytes:5
14:24:54.319 (323193147)|STATEMENT_EXECUTE|[15]
14:24:54.319 (323195656)|STATEMENT_EXECUTE|[16]
14:24:54.319 (323198050)|STATEMENT_EXECUTE|[17]
14:24:54.319 (323200050)|STATEMENT_EXECUTE|[18]
14:24:54.319 (323202478)|STATEMENT_EXECUTE|[19]
14:24:54.319 (323222970)|STATEMENT_EXECUTE|[7]
14:24:54.319 (323226015)|STATEMENT_EXECUTE|[8]
14:24:54.319 (323258021)|VARIABLE_ASSIGNMENT|[8]|this.contactId|"003000000000003AAA"|0x252412ec
14:24:54.319 (323269740)|STATEMENT_EXECUTE|[9]
14:24:54.319 (323275637)|HEAP_ALLOCATE|[9]|Bytes:5
14:24:54.319 (323287451)|VARIABLE_ASSIGNMENT|[9]|this.isContactOptedOutOfMarketingEmails|false|0x252412ec
14:24:54.319 (323296631)|STATEMENT_EXECUTE|[10]
14:24:54.319 (323306032)|VARIABLE_ASSIGNMENT|[10]|this.toEmailAddress|"sue@example.com"|0x252412ec
14:24:54.319 (323315030)|STATEMENT_EXECUTE|[11]
14:24:54.319 (323342908)|VARIABLE_ASSIGNMENT|[11]|this.relatedObjectId|"001000000000004AAA"|0x252412ec
14:24:54.319 (323353082)|STATEMENT_EXECUTE|[12]
14:24:54.319 (323364471)|VARIABLE_ASSIGNMENT|[12]|this.requestingUsersEmailAddress|"someone@matsonmoney. (3 more) ..."|0x252412ec
14:24:54.319 (323377184)|SYSTEM_MODE_EXIT|false
14:24:54.319 (323396450)|CONSTRUCTOR_EXIT|[35]|01pm0000000YfZV|<init>(Id,String,Id,String,Boolean)|EmailRequest
14:24:54.319 (323418879)|HEAP_ALLOCATE|[EXTERNAL]|Bytes:4
14:24:54.319 (323430658)|STATEMENT_EXECUTE|[37]
14:24:54.319 (323444834)|HEAP_ALLOCATE|[37]|Bytes:6
14:24:54.319 (323457855)|METHOD_ENTRY|[1]|01p3600000JWdhI|MassEmailRequest.MassEmailRequest()
14:24:54.319 (323465678)|STATEMENT_EXECUTE|[1]
14:24:54.319 (323469279)|STATEMENT_EXECUTE|[1]
14:24:54.319 (323474737)|METHOD_EXIT|[1]|MassEmailRequest
14:24:54.319 (323485063)|HEAP_ALLOCATE|[37]|Bytes:32
14:24:54.319 (323493313)|HEAP_ALLOCATE|[38]|Bytes:19
14:24:54.319 (323528842)|METHOD_ENTRY|[38]|01pm0000000YfaQ|fflib_IDGenerator.generate(Schema.SObjectType)
14:24:54.319 (323540483)|VARIABLE_SCOPE_BEGIN|[34]|sobjectType|Schema.SObjectType|true|false
14:24:54.319 (323584330)|VARIABLE_ASSIGNMENT|[34]|sobjectType|"common.apex.runtime.impl.ApexSObjectTypeToken@2a923332"|0x2a923332
14:24:54.319 (323606746)|SYSTEM_MODE_ENTER|false
14:24:54.319 (323616052)|HEAP_ALLOCATE|[36]|Bytes:5
14:24:54.319 (323623138)|STATEMENT_EXECUTE|[35]
14:24:54.319 (323626264)|STATEMENT_EXECUTE|[36]
14:24:54.319 (323648557)|HEAP_ALLOCATE|[36]|Bytes:4
14:24:54.319 (323666114)|HEAP_ALLOCATE|[36]|Bytes:3
14:24:54.319 (323675095)|VARIABLE_SCOPE_BEGIN|[36]|keyPrefix|String|false|false
14:24:54.319 (323692139)|VARIABLE_ASSIGNMENT|[36]|keyPrefix|"0D2"
14:24:54.319 (323700297)|STATEMENT_EXECUTE|[37]
14:24:54.319 (323706114)|HEAP_ALLOCATE|[37]|Bytes:4
14:24:54.319 (323717903)|VARIABLE_ASSIGNMENT|[37]|fflib_IDGenerator.fakeIdCount|5
14:24:54.319 (323726234)|STATEMENT_EXECUTE|[39]
14:24:54.319 (323752508)|HEAP_ALLOCATE|[39]|Bytes:1
14:24:54.319 (323794045)|HEAP_ALLOCATE|[39]|Bytes:11
14:24:54.319 (323810383)|VARIABLE_SCOPE_BEGIN|[39]|fakeIdPrefix|String|false|false
14:24:54.319 (323827958)|VARIABLE_ASSIGNMENT|[39]|fakeIdPrefix|"00000000000"
14:24:54.319 (323842291)|STATEMENT_EXECUTE|[41]
14:24:54.319 (323858636)|HEAP_ALLOCATE|[41]|Bytes:1
14:24:54.319 (323876386)|HEAP_ALLOCATE|[41]|Bytes:15
14:24:54.319 (323892839)|HEAP_ALLOCATE|[41]|Bytes:4
14:24:54.319 (323907622)|SYSTEM_MODE_EXIT|false
14:24:54.319 (323920192)|METHOD_EXIT|[38]|01pm0000000YfaQ|fflib_IDGenerator.generate(Schema.SObjectType)
14:24:54.319 (323938061)|HEAP_ALLOCATE|[37]|Bytes:18
14:24:54.319 (323946468)|HEAP_ALLOCATE|[39]|Bytes:13
14:24:54.319 (323952823)|HEAP_ALLOCATE|[40]|Bytes:17
14:24:54.319 (323974465)|CONSTRUCTOR_ENTRY|[37]|01p3600000JWdhI|<init>(List<EmailRequest>,String,String,String,Boolean,String)|MassEmailRequest
14:24:54.319 (323989425)|VARIABLE_SCOPE_BEGIN|[9]|this|MassEmailRequest|true|false
14:24:54.319 (324017630)|VARIABLE_ASSIGNMENT|[9]|this|{}|0x6b8272a6
14:24:54.319 (324029545)|VARIABLE_SCOPE_BEGIN|[9]|listOfEmailRequests|List<EmailRequest>|true|false
14:24:54.319 (324177802)|VARIABLE_ASSIGNMENT|[EXTERNAL]|this|{"contactId":"003000000000001AAA","isContactOptedOutOfMarketingEmails":false,"relatedObjectId":"001000000000002AAA","requestingUsersEmailAddress":"someone@matsonmoney.com","toEmailAddress":"sue@example.com"}|0x5df42181
14:24:54.319 (324299944)|VARIABLE_ASSIGNMENT|[EXTERNAL]|this|{"contactId":"003000000000003AAA","isContactOptedOutOfMarketingEmails":false,"relatedObjectId":"001000000000004AAA","requestingUsersEmailAddress":"someone@matsonmoney.com","toEmailAddress":"sue@example.com"}|0x252412ec
14:24:54.319 (324342989)|VARIABLE_ASSIGNMENT|[9]|listOfEmailRequests|"common.apex.runtime.impl.ScalarList@85b4254c"|0x2bb7379c
14:24:54.319 (324356104)|VARIABLE_SCOPE_BEGIN|[9]|orgWideEmailAddressId|String|false|false
14:24:54.319 (324371706)|VARIABLE_ASSIGNMENT|[9]|orgWideEmailAddressId|"0D2000000000005CAA"
14:24:54.319 (324379261)|VARIABLE_SCOPE_BEGIN|[9]|emailTemplateDeveloperName|String|false|false
14:24:54.319 (324392175)|VARIABLE_ASSIGNMENT|[9]|emailTemplateDeveloperName|"template_name"
14:24:54.319 (324399071)|VARIABLE_SCOPE_BEGIN|[9]|emailAddressOverride|String|false|false
14:24:54.319 (324412536)|VARIABLE_ASSIGNMENT|[9]|emailAddressOverride|"frank@example.com"
14:24:54.319 (324422543)|VARIABLE_SCOPE_BEGIN|[9]|isSandboxRequest|Boolean|false|false
14:24:54.319 (324434975)|VARIABLE_ASSIGNMENT|[9]|isSandboxRequest|true
14:24:54.319 (324443669)|VARIABLE_SCOPE_BEGIN|[9]|requestingUsersEmailAddress|String|false|false
14:24:54.319 (324459782)|VARIABLE_ASSIGNMENT|[9]|requestingUsersEmailAddress|"someone@matsonmoney. (3 more) ..."
14:24:54.319 (324469620)|STATEMENT_EXECUTE|[1]
14:24:54.319 (324472553)|STATEMENT_EXECUTE|[24]
14:24:54.319 (324475089)|STATEMENT_EXECUTE|[25]
14:24:54.319 (324477065)|STATEMENT_EXECUTE|[26]
14:24:54.319 (324479261)|STATEMENT_EXECUTE|[27]
14:24:54.319 (324481247)|STATEMENT_EXECUTE|[28]
14:24:54.319 (324483376)|STATEMENT_EXECUTE|[29]
14:24:54.319 (324485761)|STATEMENT_EXECUTE|[30]
14:24:54.319 (324504158)|STATEMENT_EXECUTE|[14]
14:24:54.319 (324507002)|STATEMENT_EXECUTE|[16]
14:24:54.319 (324621973)|VARIABLE_ASSIGNMENT|[EXTERNAL]|this|{"contactId":"003000000000001AAA","isContactOptedOutOfMarketingEmails":false,"relatedObjectId":"001000000000002AAA","requestingUsersEmailAddress":"someone@matsonmoney.com","toEmailAddress":"sue@example.com"}|0x5df42181
14:24:54.319 (324725109)|VARIABLE_ASSIGNMENT|[EXTERNAL]|this|{"contactId":"003000000000003AAA","isContactOptedOutOfMarketingEmails":false,"relatedObjectId":"001000000000004AAA","requestingUsersEmailAddress":"someone@matsonmoney.com","toEmailAddress":"sue@example.com"}|0x252412ec
14:24:54.319 (324764658)|VARIABLE_ASSIGNMENT|[16]|this.listOfEmailRequests|"common.apex.runtime.impl.ScalarList@85b4254c"|0x6b8272a6
14:24:54.319 (324777241)|STATEMENT_EXECUTE|[17]
14:24:54.319 (324789680)|VARIABLE_ASSIGNMENT|[17]|this.orgWideEmailAddressId|"0D2000000000005CAA"|0x6b8272a6
14:24:54.319 (324799744)|STATEMENT_EXECUTE|[18]
14:24:54.319 (324808664)|VARIABLE_ASSIGNMENT|[18]|this.emailTemplateDeveloperName|"template_name"|0x6b8272a6
14:24:54.319 (324818123)|STATEMENT_EXECUTE|[19]
14:24:54.319 (324827001)|VARIABLE_ASSIGNMENT|[19]|this.emailAddressOverride|"frank@example.com"|0x6b8272a6
14:24:54.319 (324843492)|STATEMENT_EXECUTE|[20]
14:24:54.319 (324849406)|HEAP_ALLOCATE|[20]|Bytes:5
14:24:54.319 (324861607)|VARIABLE_ASSIGNMENT|[20]|this.isSandboxRequest|true|0x6b8272a6
14:24:54.319 (324871225)|STATEMENT_EXECUTE|[21]
14:24:54.319 (324882483)|VARIABLE_ASSIGNMENT|[21]|this.requestingUsersEmailAddress|"someone@matsonmoney. (3 more) ..."|0x6b8272a6
14:24:54.319 (324905724)|CONSTRUCTOR_EXIT|[37]|01p3600000JWdhI|<init>(List<EmailRequest>,String,String,String,Boolean,String)|MassEmailRequest
14:24:54.319 (324922211)|METHOD_EXIT|[7]|01pm0000000YfZf|MassEmailRequestTests.getMassEmailRequest()
14:24:54.319 (324932795)|VARIABLE_SCOPE_BEGIN|[7]|baseMassEmailRequest|MassEmailRequest|true|false
14:24:54.319 (324979122)|VARIABLE_ASSIGNMENT|[7]|baseMassEmailRequest|{"emailAddressOverride":"frank@example.com","emailTemplateDeveloperName":"template_name","isSandboxRequest":true,"listOfEmailRequests":"0x2bb7379c","orgWideEmailAddressId":"0D2000000000005CAA","requestingUsersEmailAddress":"someone@matsonmoney. (3 more) ..."}|0x6b8272a6
14:24:54.319 (324993497)|STATEMENT_EXECUTE|[8]
14:24:54.319 (325003219)|METHOD_ENTRY|[8]|01pm0000000YfZf|MassEmailRequestTests.getMassEmailRequest()
14:24:54.319 (325035375)|STATEMENT_EXECUTE|[30]
14:24:54.319 (325038498)|STATEMENT_EXECUTE|[32]
14:24:54.319 (325047311)|HEAP_ALLOCATE|[32]|Bytes:4
14:24:54.319 (325066692)|VARIABLE_SCOPE_BEGIN|[32]|listOfEmailRequests|List<EmailRequest>|true|false
14:24:54.319 (325091035)|HEAP_ALLOCATE|[EXTERNAL]|Bytes:4
14:24:54.319 (325104700)|VARIABLE_ASSIGNMENT|[32]|listOfEmailRequests|[]|0x799bb39d
14:24:54.319 (325115317)|STATEMENT_EXECUTE|[34]
14:24:54.319 (325121716)|HEAP_ALLOCATE|[34]|Bytes:24
14:24:54.319 (325152217)|METHOD_ENTRY|[34]|01pm0000000YfaQ|fflib_IDGenerator.generate(Schema.SObjectType)
14:24:54.319 (325163702)|VARIABLE_SCOPE_BEGIN|[34]|sobjectType|Schema.SObjectType|true|false
14:24:54.319 (325209980)|VARIABLE_ASSIGNMENT|[34]|sobjectType|"common.apex.runtime.impl.ApexSObjectTypeToken@253b03d8"|0x253b03d8
14:24:54.319 (325231923)|SYSTEM_MODE_ENTER|false
14:24:54.319 (325241231)|HEAP_ALLOCATE|[36]|Bytes:5
14:24:54.319 (325248502)|STATEMENT_EXECUTE|[35]
14:24:54.319 (325250851)|STATEMENT_EXECUTE|[36]
14:24:54.319 (325272787)|HEAP_ALLOCATE|[36]|Bytes:4
14:24:54.319 (325291785)|HEAP_ALLOCATE|[36]|Bytes:3
14:24:54.319 (325300518)|VARIABLE_SCOPE_BEGIN|[36]|keyPrefix|String|false|false
14:24:54.319 (325316987)|VARIABLE_ASSIGNMENT|[36]|keyPrefix|"003"
14:24:54.319 (325324735)|STATEMENT_EXECUTE|[37]
14:24:54.319 (325331227)|HEAP_ALLOCATE|[37]|Bytes:4
14:24:54.319 (325343357)|VARIABLE_ASSIGNMENT|[37]|fflib_IDGenerator.fakeIdCount|6
14:24:54.319 (325350866)|STATEMENT_EXECUTE|[39]
14:24:54.319 (325378546)|HEAP_ALLOCATE|[39]|Bytes:1
14:24:54.319 (325421775)|HEAP_ALLOCATE|[39]|Bytes:11
14:24:54.319 (325437504)|VARIABLE_SCOPE_BEGIN|[39]|fakeIdPrefix|String|false|false
14:24:54.319 (325455189)|VARIABLE_ASSIGNMENT|[39]|fakeIdPrefix|"00000000000"
14:24:54.319 (325462958)|STATEMENT_EXECUTE|[41]
14:24:54.319 (325478527)|HEAP_ALLOCATE|[41]|Bytes:1
14:24:54.319 (325495703)|HEAP_ALLOCATE|[41]|Bytes:15
14:24:54.319 (325511548)|HEAP_ALLOCATE|[41]|Bytes:4
14:24:54.319 (325525779)|SYSTEM_MODE_EXIT|false
14:24:54.319 (325538488)|METHOD_EXIT|[34]|01pm0000000YfaQ|fflib_IDGenerator.generate(Schema.SObjectType)
14:24:54.319 (325568511)|METHOD_ENTRY|[34]|01pm0000000YfaQ|fflib_IDGenerator.generate(Schema.SObjectType)
14:24:54.319 (325579365)|VARIABLE_SCOPE_BEGIN|[34]|sobjectType|Schema.SObjectType|true|false
14:24:54.319 (325624110)|VARIABLE_ASSIGNMENT|[34]|sobjectType|"common.apex.runtime.impl.ApexSObjectTypeToken@55c9ed79"|0x55c9ed79
14:24:54.319 (325645675)|SYSTEM_MODE_ENTER|false
14:24:54.319 (325654765)|HEAP_ALLOCATE|[36]|Bytes:5
14:24:54.319 (325661235)|STATEMENT_EXECUTE|[35]
14:24:54.319 (325663543)|STATEMENT_EXECUTE|[36]
14:24:54.319 (325684154)|HEAP_ALLOCATE|[36]|Bytes:4
14:24:54.319 (325701406)|HEAP_ALLOCATE|[36]|Bytes:3
14:24:54.319 (325709868)|VARIABLE_SCOPE_BEGIN|[36]|keyPrefix|String|false|false
14:24:54.319 (325727447)|VARIABLE_ASSIGNMENT|[36]|keyPrefix|"001"
14:24:54.319 (325734808)|STATEMENT_EXECUTE|[37]
14:24:54.319 (325740661)|HEAP_ALLOCATE|[37]|Bytes:4
14:24:54.319 (325753401)|VARIABLE_ASSIGNMENT|[37]|fflib_IDGenerator.fakeIdCount|7
14:24:54.319 (325761615)|STATEMENT_EXECUTE|[39]
14:24:54.319 (325786017)|HEAP_ALLOCATE|[39]|Bytes:1
14:24:54.319 (325827226)|HEAP_ALLOCATE|[39]|Bytes:11
14:24:54.319 (325849315)|VARIABLE_SCOPE_BEGIN|[39]|fakeIdPrefix|String|false|false
14:24:54.319 (325866792)|VARIABLE_ASSIGNMENT|[39]|fakeIdPrefix|"00000000000"
14:24:54.319 (325874193)|STATEMENT_EXECUTE|[41]
14:24:54.319 (325890408)|HEAP_ALLOCATE|[41]|Bytes:1
14:24:54.319 (325907783)|HEAP_ALLOCATE|[41]|Bytes:15
14:24:54.319 (325924312)|HEAP_ALLOCATE|[41]|Bytes:4
14:24:54.319 (325938970)|SYSTEM_MODE_EXIT|false
14:24:54.319 (325950390)|METHOD_EXIT|[34]|01pm0000000YfaQ|fflib_IDGenerator.generate(Schema.SObjectType)
14:24:54.319 (325971766)|CONSTRUCTOR_ENTRY|[34]|01pm0000000YfZV|<init>(Id,String,Id,String,Boolean)|EmailRequest
14:24:54.319 (325985454)|VARIABLE_SCOPE_BEGIN|[7]|this|EmailRequest|true|false
14:24:54.319 (326013489)|VARIABLE_ASSIGNMENT|[7]|this|{}|0x59f7d06
14:24:54.319 (326024670)|VARIABLE_SCOPE_BEGIN|[7]|contactId|Id|false|false
14:24:54.319 (326064858)|VARIABLE_ASSIGNMENT|[7]|contactId|"003000000000006AAA"
14:24:54.319 (326074341)|VARIABLE_SCOPE_BEGIN|[7]|toEmailAddress|String|false|false
14:24:54.319 (326089346)|VARIABLE_ASSIGNMENT|[7]|toEmailAddress|"sue@example.com"
14:24:54.319 (326096416)|VARIABLE_SCOPE_BEGIN|[7]|relatedObjectId|Id|false|false
14:24:54.319 (326130232)|VARIABLE_ASSIGNMENT|[7]|relatedObjectId|"001000000000007AAA"
14:24:54.319 (326139580)|VARIABLE_SCOPE_BEGIN|[7]|requestingUsersEmailAddress|String|false|false
14:24:54.319 (326156803)|VARIABLE_ASSIGNMENT|[7]|requestingUsersEmailAddress|"someone@matsonmoney. (3 more) ..."
14:24:54.319 (326165423)|VARIABLE_SCOPE_BEGIN|[7]|isContactOptedOutOfMarketingEmails|Boolean|false|false
14:24:54.319 (326177946)|VARIABLE_ASSIGNMENT|[7]|isContactOptedOutOfMarketingEmails|false
14:24:54.319 (326191444)|SYSTEM_MODE_ENTER|false
14:24:54.319 (326199763)|HEAP_ALLOCATE|[8]|Bytes:5
14:24:54.319 (326206085)|STATEMENT_EXECUTE|[1]
14:24:54.319 (326211122)|HEAP_ALLOCATE|[8]|Bytes:5
14:24:54.319 (326216681)|STATEMENT_EXECUTE|[15]
14:24:54.319 (326219126)|STATEMENT_EXECUTE|[16]
14:24:54.319 (326221200)|STATEMENT_EXECUTE|[17]
14:24:54.319 (326223254)|STATEMENT_EXECUTE|[18]
14:24:54.319 (326225280)|STATEMENT_EXECUTE|[19]
14:24:54.319 (326245475)|STATEMENT_EXECUTE|[7]
14:24:54.319 (326248196)|STATEMENT_EXECUTE|[8]
14:24:54.319 (326280164)|VARIABLE_ASSIGNMENT|[8]|this.contactId|"003000000000006AAA"|0x59f7d06
14:24:54.319 (326290183)|STATEMENT_EXECUTE|[9]
14:24:54.319 (326295897)|HEAP_ALLOCATE|[9]|Bytes:5
14:24:54.319 (326307324)|VARIABLE_ASSIGNMENT|[9]|this.isContactOptedOutOfMarketingEmails|false|0x59f7d06
14:24:54.319 (326316026)|STATEMENT_EXECUTE|[10]
14:24:54.319 (326325654)|VARIABLE_ASSIGNMENT|[10]|this.toEmailAddress|"sue@example.com"|0x59f7d06
14:24:54.319 (326335312)|STATEMENT_EXECUTE|[11]
14:24:54.319 (326364325)|VARIABLE_ASSIGNMENT|[11]|this.relatedObjectId|"001000000000007AAA"|0x59f7d06
14:24:54.319 (326375429)|STATEMENT_EXECUTE|[12]
14:24:54.319 (326386734)|VARIABLE_ASSIGNMENT|[12]|this.requestingUsersEmailAddress|"someone@matsonmoney. (3 more) ..."|0x59f7d06
14:24:54.319 (326399711)|SYSTEM_MODE_EXIT|false
14:24:54.319 (326418578)|CONSTRUCTOR_EXIT|[34]|01pm0000000YfZV|<init>(Id,String,Id,String,Boolean)|EmailRequest
14:24:54.319 (326439244)|HEAP_ALLOCATE|[EXTERNAL]|Bytes:4
14:24:54.319 (326451791)|STATEMENT_EXECUTE|[35]
14:24:54.319 (326458633)|HEAP_ALLOCATE|[35]|Bytes:24
14:24:54.319 (326488117)|METHOD_ENTRY|[35]|01pm0000000YfaQ|fflib_IDGenerator.generate(Schema.SObjectType)
14:24:54.319 (326500048)|VARIABLE_SCOPE_BEGIN|[34]|sobjectType|Schema.SObjectType|true|false
14:24:54.319 (326541563)|VARIABLE_ASSIGNMENT|[34]|sobjectType|"common.apex.runtime.impl.ApexSObjectTypeToken@253b03d8"|0x253b03d8
14:24:54.319 (326563619)|SYSTEM_MODE_ENTER|false
14:24:54.319 (326572118)|HEAP_ALLOCATE|[36]|Bytes:5
14:24:54.319 (326578831)|STATEMENT_EXECUTE|[35]
14:24:54.319 (326580996)|STATEMENT_EXECUTE|[36]
14:24:54.319 (326602388)|HEAP_ALLOCATE|[36]|Bytes:4
14:24:54.319 (326620505)|HEAP_ALLOCATE|[36]|Bytes:3
14:24:54.319 (326630176)|VARIABLE_SCOPE_BEGIN|[36]|keyPrefix|String|false|false
14:24:54.319 (326647106)|VARIABLE_ASSIGNMENT|[36]|keyPrefix|"003"
14:24:54.319 (326655667)|STATEMENT_EXECUTE|[37]
14:24:54.319 (326661912)|HEAP_ALLOCATE|[37]|Bytes:4
14:24:54.319 (326675385)|VARIABLE_ASSIGNMENT|[37]|fflib_IDGenerator.fakeIdCount|8
14:24:54.319 (326683898)|STATEMENT_EXECUTE|[39]
14:24:54.319 (326710360)|HEAP_ALLOCATE|[39]|Bytes:1
14:24:54.319 (326752545)|HEAP_ALLOCATE|[39]|Bytes:11
14:24:54.319 (326767902)|VARIABLE_SCOPE_BEGIN|[39]|fakeIdPrefix|String|false|false
14:24:54.319 (326785005)|VARIABLE_ASSIGNMENT|[39]|fakeIdPrefix|"00000000000"
14:24:54.319 (326792452)|STATEMENT_EXECUTE|[41]
14:24:54.319 (326808072)|HEAP_ALLOCATE|[41]|Bytes:1
14:24:54.319 (326825830)|HEAP_ALLOCATE|[41]|Bytes:15
14:24:54.319 (326849092)|HEAP_ALLOCATE|[41]|Bytes:4
14:24:54.319 (326865003)|SYSTEM_MODE_EXIT|false
14:24:54.319 (326877622)|METHOD_EXIT|[35]|01pm0000000YfaQ|fflib_IDGenerator.generate(Schema.SObjectType)
14:24:54.319 (326906654)|METHOD_ENTRY|[35]|01pm0000000YfaQ|fflib_IDGenerator.generate(Schema.SObjectType)
14:24:54.319 (326918250)|VARIABLE_SCOPE_BEGIN|[34]|sobjectType|Schema.SObjectType|true|false
14:24:54.319 (326961987)|VARIABLE_ASSIGNMENT|[34]|sobjectType|"common.apex.runtime.impl.ApexSObjectTypeToken@55c9ed79"|0x55c9ed79
14:24:54.319 (326983177)|SYSTEM_MODE_ENTER|false
14:24:54.319 (326992217)|HEAP_ALLOCATE|[36]|Bytes:5
14:24:54.319 (326998784)|STATEMENT_EXECUTE|[35]
14:24:54.319 (327001362)|STATEMENT_EXECUTE|[36]
14:24:54.319 (327023093)|HEAP_ALLOCATE|[36]|Bytes:4
14:24:54.319 (327040634)|HEAP_ALLOCATE|[36]|Bytes:3
14:24:54.319 (327049633)|VARIABLE_SCOPE_BEGIN|[36]|keyPrefix|String|false|false
14:24:54.319 (327066232)|VARIABLE_ASSIGNMENT|[36]|keyPrefix|"001"
14:24:54.319 (327073978)|STATEMENT_EXECUTE|[37]
14:24:54.319 (327079633)|HEAP_ALLOCATE|[37]|Bytes:4
14:24:54.319 (327091214)|VARIABLE_ASSIGNMENT|[37]|fflib_IDGenerator.fakeIdCount|9
14:24:54.319 (327098500)|STATEMENT_EXECUTE|[39]
14:24:54.319 (327121744)|HEAP_ALLOCATE|[39]|Bytes:1
14:24:54.319 (327161275)|HEAP_ALLOCATE|[39]|Bytes:11
14:24:54.319 (327177138)|VARIABLE_SCOPE_BEGIN|[39]|fakeIdPrefix|String|false|false
14:24:54.319 (327193982)|VARIABLE_ASSIGNMENT|[39]|fakeIdPrefix|"00000000000"
14:24:54.319 (327202397)|STATEMENT_EXECUTE|[41]
14:24:54.319 (327217234)|HEAP_ALLOCATE|[41]|Bytes:1
14:24:54.319 (327233620)|HEAP_ALLOCATE|[41]|Bytes:15
14:24:54.319 (327248842)|HEAP_ALLOCATE|[41]|Bytes:4
14:24:54.319 (327264053)|SYSTEM_MODE_EXIT|false
14:24:54.319 (327276453)|METHOD_EXIT|[35]|01pm0000000YfaQ|fflib_IDGenerator.generate(Schema.SObjectType)
14:24:54.319 (327297613)|CONSTRUCTOR_ENTRY|[35]|01pm0000000YfZV|<init>(Id,String,Id,String,Boolean)|EmailRequest
14:24:54.319 (327310767)|VARIABLE_SCOPE_BEGIN|[7]|this|EmailRequest|true|false
14:24:54.319 (327337158)|VARIABLE_ASSIGNMENT|[7]|this|{}|0x29bc2b
14:24:54.319 (327347543)|VARIABLE_SCOPE_BEGIN|[7]|contactId|Id|false|false
14:24:54.319 (327387902)|VARIABLE_ASSIGNMENT|[7]|contactId|"003000000000008AAA"
14:24:54.319 (327397702)|VARIABLE_SCOPE_BEGIN|[7]|toEmailAddress|String|false|false
14:24:54.319 (327413554)|VARIABLE_ASSIGNMENT|[7]|toEmailAddress|"sue@example.com"
14:24:54.319 (327420396)|VARIABLE_SCOPE_BEGIN|[7]|relatedObjectId|Id|false|false
14:24:54.319 (327454966)|VARIABLE_ASSIGNMENT|[7]|relatedObjectId|"001000000000009AAA"
14:24:54.319 (327463975)|VARIABLE_SCOPE_BEGIN|[7]|requestingUsersEmailAddress|String|false|false
14:24:54.319 (327480705)|VARIABLE_ASSIGNMENT|[7]|requestingUsersEmailAddress|"someone@matsonmoney. (3 more) ..."
14:24:54.319 (327489951)|VARIABLE_SCOPE_BEGIN|[7]|isContactOptedOutOfMarketingEmails|Boolean|false|false
14:24:54.319 (327503458)|VARIABLE_ASSIGNMENT|[7]|isContactOptedOutOfMarketingEmails|false
14:24:54.319 (327517247)|SYSTEM_MODE_ENTER|false
14:24:54.319 (327525318)|HEAP_ALLOCATE|[8]|Bytes:5
14:24:54.319 (327531697)|STATEMENT_EXECUTE|[1]
14:24:54.319 (327536818)|HEAP_ALLOCATE|[8]|Bytes:5
14:24:54.319 (327541855)|STATEMENT_EXECUTE|[15]
14:24:54.319 (327544301)|STATEMENT_EXECUTE|[16]
14:24:54.319 (327546426)|STATEMENT_EXECUTE|[17]
14:24:54.319 (327548989)|STATEMENT_EXECUTE|[18]
14:24:54.319 (327550922)|STATEMENT_EXECUTE|[19]
14:24:54.319 (327570329)|STATEMENT_EXECUTE|[7]
14:24:54.319 (327573320)|STATEMENT_EXECUTE|[8]
14:24:54.319 (327606278)|VARIABLE_ASSIGNMENT|[8]|this.contactId|"003000000000008AAA"|0x29bc2b
14:24:54.319 (327618011)|STATEMENT_EXECUTE|[9]
14:24:54.319 (327623301)|HEAP_ALLOCATE|[9]|Bytes:5
14:24:54.319 (327635386)|VARIABLE_ASSIGNMENT|[9]|this.isContactOptedOutOfMarketingEmails|false|0x29bc2b
14:24:54.319 (327644642)|STATEMENT_EXECUTE|[10]
14:24:54.319 (327654379)|VARIABLE_ASSIGNMENT|[10]|this.toEmailAddress|"sue@example.com"|0x29bc2b
14:24:54.319 (327664114)|STATEMENT_EXECUTE|[11]
14:24:54.319 (327692419)|VARIABLE_ASSIGNMENT|[11]|this.relatedObjectId|"001000000000009AAA"|0x29bc2b
14:24:54.319 (327702284)|STATEMENT_EXECUTE|[12]
14:24:54.319 (327714092)|VARIABLE_ASSIGNMENT|[12]|this.requestingUsersEmailAddress|"someone@matsonmoney. (3 more) ..."|0x29bc2b
14:24:54.319 (327726326)|SYSTEM_MODE_EXIT|false
14:24:54.319 (327745702)|CONSTRUCTOR_EXIT|[35]|01pm0000000YfZV|<init>(Id,String,Id,String,Boolean)|EmailRequest
14:24:54.319 (327764993)|HEAP_ALLOCATE|[EXTERNAL]|Bytes:4
14:24:54.319 (327776183)|STATEMENT_EXECUTE|[37]
14:24:54.319 (327782381)|HEAP_ALLOCATE|[37]|Bytes:32
14:24:54.319 (327815949)|METHOD_ENTRY|[38]|01pm0000000YfaQ|fflib_IDGenerator.generate(Schema.SObjectType)
14:24:54.319 (327827183)|VARIABLE_SCOPE_BEGIN|[34]|sobjectType|Schema.SObjectType|true|false
14:24:54.319 (327876893)|VARIABLE_ASSIGNMENT|[34]|sobjectType|"common.apex.runtime.impl.ApexSObjectTypeToken@2a923332"|0x2a923332
14:24:54.319 (327898897)|SYSTEM_MODE_ENTER|false
14:24:54.319 (327907054)|HEAP_ALLOCATE|[36]|Bytes:5
14:24:54.319 (327913316)|STATEMENT_EXECUTE|[35]
14:24:54.319 (327915638)|STATEMENT_EXECUTE|[36]
14:24:54.319 (327938003)|HEAP_ALLOCATE|[36]|Bytes:4
14:24:54.319 (327955629)|HEAP_ALLOCATE|[36]|Bytes:3
14:24:54.319 (327964003)|VARIABLE_SCOPE_BEGIN|[36]|keyPrefix|String|false|false
14:24:54.319 (327980504)|VARIABLE_ASSIGNMENT|[36]|keyPrefix|"0D2"
14:24:54.319 (327989319)|STATEMENT_EXECUTE|[37]
14:24:54.319 (327995732)|HEAP_ALLOCATE|[37]|Bytes:4
14:24:54.319 (328007480)|VARIABLE_ASSIGNMENT|[37]|fflib_IDGenerator.fakeIdCount|10
14:24:54.319 (328015813)|STATEMENT_EXECUTE|[39]
14:24:54.319 (328042412)|HEAP_ALLOCATE|[39]|Bytes:2
14:24:54.319 (328083635)|HEAP_ALLOCATE|[39]|Bytes:10
14:24:54.319 (328099704)|VARIABLE_SCOPE_BEGIN|[39]|fakeIdPrefix|String|false|false
14:24:54.319 (328117092)|VARIABLE_ASSIGNMENT|[39]|fakeIdPrefix|"0000000000"
14:24:54.319 (328124557)|STATEMENT_EXECUTE|[41]
14:24:54.319 (328139932)|HEAP_ALLOCATE|[41]|Bytes:2
14:24:54.319 (328157281)|HEAP_ALLOCATE|[41]|Bytes:15
14:24:54.319 (328173019)|HEAP_ALLOCATE|[41]|Bytes:4
14:24:54.319 (328187560)|SYSTEM_MODE_EXIT|false
14:24:54.319 (328199234)|METHOD_EXIT|[38]|01pm0000000YfaQ|fflib_IDGenerator.generate(Schema.SObjectType)
14:24:54.319 (328211040)|HEAP_ALLOCATE|[37]|Bytes:18
14:24:54.319 (328230809)|CONSTRUCTOR_ENTRY|[37]|01p3600000JWdhI|<init>(List<EmailRequest>,String,String,String,Boolean,String)|MassEmailRequest
14:24:54.319 (328244373)|VARIABLE_SCOPE_BEGIN|[9]|this|MassEmailRequest|true|false
14:24:54.319 (328273060)|VARIABLE_ASSIGNMENT|[9]|this|{}|0x78c6e9ca
14:24:54.319 (328283665)|VARIABLE_SCOPE_BEGIN|[9]|listOfEmailRequests|List<EmailRequest>|true|false
14:24:54.319 (328411731)|VARIABLE_ASSIGNMENT|[EXTERNAL]|this|{"contactId":"003000000000006AAA","isContactOptedOutOfMarketingEmails":false,"relatedObjectId":"001000000000007AAA","requestingUsersEmailAddress":"someone@matsonmoney.com","toEmailAddress":"sue@example.com"}|0x59f7d06
14:24:54.319 (328519599)|VARIABLE_ASSIGNMENT|[EXTERNAL]|this|{"contactId":"003000000000008AAA","isContactOptedOutOfMarketingEmails":false,"relatedObjectId":"001000000000009AAA","requestingUsersEmailAddress":"someone@matsonmoney.com","toEmailAddress":"sue@example.com"}|0x29bc2b
14:24:54.319 (328560274)|VARIABLE_ASSIGNMENT|[9]|listOfEmailRequests|"common.apex.runtime.impl.ScalarList@ae79e3a6"|0x799bb39d
14:24:54.319 (328572402)|VARIABLE_SCOPE_BEGIN|[9]|orgWideEmailAddressId|String|false|false
14:24:54.319 (328588076)|VARIABLE_ASSIGNMENT|[9]|orgWideEmailAddressId|"0D2000000000010CAA"
14:24:54.319 (328595526)|VARIABLE_SCOPE_BEGIN|[9]|emailTemplateDeveloperName|String|false|false
14:24:54.319 (328609006)|VARIABLE_ASSIGNMENT|[9]|emailTemplateDeveloperName|"template_name"
14:24:54.319 (328615662)|VARIABLE_SCOPE_BEGIN|[9]|emailAddressOverride|String|false|false
14:24:54.319 (328630004)|VARIABLE_ASSIGNMENT|[9]|emailAddressOverride|"frank@example.com"
14:24:54.319 (328639474)|VARIABLE_SCOPE_BEGIN|[9]|isSandboxRequest|Boolean|false|false
14:24:54.319 (328652181)|VARIABLE_ASSIGNMENT|[9]|isSandboxRequest|true
14:24:54.319 (328660070)|VARIABLE_SCOPE_BEGIN|[9]|requestingUsersEmailAddress|String|false|false
14:24:54.319 (328675400)|VARIABLE_ASSIGNMENT|[9]|requestingUsersEmailAddress|"someone@matsonmoney. (3 more) ..."
14:24:54.319 (328684482)|STATEMENT_EXECUTE|[1]
14:24:54.319 (328687224)|STATEMENT_EXECUTE|[24]
14:24:54.319 (328689728)|STATEMENT_EXECUTE|[25]
14:24:54.319 (328692233)|STATEMENT_EXECUTE|[26]
14:24:54.319 (328694242)|STATEMENT_EXECUTE|[27]
14:24:54.319 (328696510)|STATEMENT_EXECUTE|[28]
14:24:54.319 (328698526)|STATEMENT_EXECUTE|[29]
14:24:54.319 (328700586)|STATEMENT_EXECUTE|[30]
14:24:54.319 (328717800)|STATEMENT_EXECUTE|[14]
14:24:54.319 (328720580)|STATEMENT_EXECUTE|[16]
14:24:54.319 (328840145)|VARIABLE_ASSIGNMENT|[EXTERNAL]|this|{"contactId":"003000000000006AAA","isContactOptedOutOfMarketingEmails":false,"relatedObjectId":"001000000000007AAA","requestingUsersEmailAddress":"someone@matsonmoney.com","toEmailAddress":"sue@example.com"}|0x59f7d06
14:24:54.319 (328944425)|VARIABLE_ASSIGNMENT|[EXTERNAL]|this|{"contactId":"003000000000008AAA","isContactOptedOutOfMarketingEmails":false,"relatedObjectId":"001000000000009AAA","requestingUsersEmailAddress":"someone@matsonmoney.com","toEmailAddress":"sue@example.com"}|0x29bc2b
14:24:54.319 (328983489)|VARIABLE_ASSIGNMENT|[16]|this.listOfEmailRequests|"common.apex.runtime.impl.ScalarList@ae79e3a6"|0x78c6e9ca
14:24:54.319 (328996785)|STATEMENT_EXECUTE|[17]
14:24:54.319 (329009349)|VARIABLE_ASSIGNMENT|[17]|this.orgWideEmailAddressId|"0D2000000000010CAA"|0x78c6e9ca
14:24:54.319 (329019528)|STATEMENT_EXECUTE|[18]
14:24:54.319 (329028063)|VARIABLE_ASSIGNMENT|[18]|this.emailTemplateDeveloperName|"template_name"|0x78c6e9ca
14:24:54.319 (329037306)|STATEMENT_EXECUTE|[19]
14:24:54.319 (329045399)|VARIABLE_ASSIGNMENT|[19]|this.emailAddressOverride|"frank@example.com"|0x78c6e9ca
14:24:54.319 (329054734)|STATEMENT_EXECUTE|[20]
14:24:54.319 (329059985)|HEAP_ALLOCATE|[20]|Bytes:5
14:24:54.319 (329071356)|VARIABLE_ASSIGNMENT|[20]|this.isSandboxRequest|true|0x78c6e9ca
14:24:54.319 (329080776)|STATEMENT_EXECUTE|[21]
14:24:54.319 (329091370)|VARIABLE_ASSIGNMENT|[21]|this.requestingUsersEmailAddress|"someone@matsonmoney. (3 more) ..."|0x78c6e9ca
14:24:54.319 (329114302)|CONSTRUCTOR_EXIT|[37]|01p3600000JWdhI|<init>(List<EmailRequest>,String,String,String,Boolean,String)|MassEmailRequest
14:24:54.319 (329129421)|METHOD_EXIT|[8]|01pm0000000YfZf|MassEmailRequestTests.getMassEmailRequest()
14:24:54.319 (329140673)|VARIABLE_SCOPE_BEGIN|[8]|otherMassEmailRequest|MassEmailRequest|true|false
14:24:54.319 (329187836)|VARIABLE_ASSIGNMENT|[8]|otherMassEmailRequest|{"emailAddressOverride":"frank@example.com","emailTemplateDeveloperName":"template_name","isSandboxRequest":true,"listOfEmailRequests":"0x799bb39d","orgWideEmailAddressId":"0D2000000000010CAA","requestingUsersEmailAddress":"someone@matsonmoney. (3 more) ..."}|0x78c6e9ca
14:24:54.319 (329201934)|STATEMENT_EXECUTE|[11]
14:24:54.319 (329216631)|METHOD_ENTRY|[11]|01p3600000JWdhI|MassEmailRequest.equals(MassEmailRequest)
14:24:54.319 (329238258)|VARIABLE_SCOPE_BEGIN|[32]|this|MassEmailRequest|true|false
14:24:54.319 (329282521)|VARIABLE_ASSIGNMENT|[32]|this|{"emailAddressOverride":"frank@example.com","emailTemplateDeveloperName":"template_name","isSandboxRequest":true,"listOfEmailRequests":"0x2bb7379c","orgWideEmailAddressId":"0D2000000000005CAA","requestingUsersEmailAddress":"someone@matsonmoney. (3 more) ..."}|0x6b8272a6
14:24:54.319 (329296876)|VARIABLE_SCOPE_BEGIN|[32]|otherRequest|MassEmailRequest|true|false
14:24:54.319 (329337578)|VARIABLE_ASSIGNMENT|[32]|otherRequest|{"emailAddressOverride":"frank@example.com","emailTemplateDeveloperName":"template_name","isSandboxRequest":true,"listOfEmailRequests":"0x799bb39d","orgWideEmailAddressId":"0D2000000000010CAA","requestingUsersEmailAddress":"someone@matsonmoney. (3 more) ..."}|0x78c6e9ca
14:24:54.319 (329358143)|STATEMENT_EXECUTE|[32]
14:24:54.319 (329361007)|STATEMENT_EXECUTE|[34]
14:24:54.319 (329366454)|VARIABLE_SCOPE_BEGIN|[34]|listOfEmailRequestsMatch|Boolean|false|false
14:24:54.319 (329380056)|HEAP_ALLOCATE|[34]|Bytes:5
14:24:54.319 (329390755)|VARIABLE_ASSIGNMENT|[34]|listOfEmailRequestsMatch|true
14:24:54.319 (329399261)|STATEMENT_EXECUTE|[36]
14:24:54.319 (329403083)|VARIABLE_SCOPE_BEGIN|[36]|i|Integer|false|false
14:24:54.319 (329417315)|VARIABLE_ASSIGNMENT|[36]|i|null
14:24:54.319 (329446389)|STATEMENT_EXECUTE|[36]
14:24:54.319 (329450034)|STATEMENT_EXECUTE|[46]
14:24:54.319 (329487603)|METHOD_EXIT|[11]|01p3600000JWdhI|MassEmailRequest.equals(MassEmailRequest)
14:24:54.319 (329499677)|VARIABLE_SCOPE_BEGIN|[11]|isAMatch|Boolean|false|false
14:24:54.319 (329513324)|HEAP_ALLOCATE|[11]|Bytes:5
14:24:54.319 (329523877)|VARIABLE_ASSIGNMENT|[11]|isAMatch|false
14:24:54.319 (329531297)|STATEMENT_EXECUTE|[14]
14:24:54.329 (329577290)|CUMULATIVE_LIMIT_USAGE
14:24:54.329 (329577290)|LIMIT_USAGE_FOR_NS|(default)|
  Number of SOQL queries: 0 out of 100
  Number of query rows: 0 out of 50000
  Number of SOSL queries: 0 out of 20
  Number of DML statements: 0 out of 150
  Number of DML rows: 0 out of 10000
  Maximum CPU time: 0 out of 10000
  Maximum heap size: 0 out of 6000000
  Number of callouts: 0 out of 100
  Number of Email Invocations: 0 out of 10
  Number of future calls: 0 out of 50
  Number of queueable jobs added to the queue: 0 out of 50
  Number of Mobile Apex push calls: 0 out of 10

14:24:54.329 (329577290)|CUMULATIVE_LIMIT_USAGE_END

14:24:54.319 (329609134)|CODE_UNIT_FINISHED|MassEmailRequestTests.givenEqualsWhenInstancesNotTheSameExpectFalse()
14:24:54.319 (331184961)|EXECUTION_FINISHED
