44.0 APEX_CODE,FINEST;APEX_PROFILING,INFO;CALLOUT,INFO;DB,INFO;NBA,INFO;SYSTEM,DEBUG;VALIDATION,INFO;VISUALFORCE,INFO;WAVE,INFO;WORKFLOW,INFO
12:34:21.0 (306379)|USER_INFO|[EXTERNAL]|00518000002hPQO|matthew.billups@matsonmoney.com.mbill|Mountain Standard Time|GMT-07:00
12:34:21.0 (346833)|EXECUTION_STARTED
12:34:21.0 (351313)|CODE_UNIT_STARTED|[EXTERNAL]|01p3600000B0tSl|mm_EnterpriseServicesTest.testSetup()
12:34:21.0 (507621)|VARIABLE_SCOPE_BEGIN|[31]|mm_EnterpriseServicesTest.mock|System.StaticResourceCalloutMock|true|true
12:34:21.0 (3003678)|VARIABLE_SCOPE_BEGIN|[32]|mm_EnterpriseServicesTest.results|List<mm_Advisor>|true|true
12:34:21.0 (3150460)|HEAP_ALLOCATE|[72]|Bytes:3
12:34:21.0 (3190581)|HEAP_ALLOCATE|[77]|Bytes:152
12:34:21.0 (3206223)|HEAP_ALLOCATE|[342]|Bytes:408
12:34:21.0 (3222844)|HEAP_ALLOCATE|[355]|Bytes:408
12:34:21.0 (3240704)|HEAP_ALLOCATE|[467]|Bytes:48
12:34:21.0 (3268458)|HEAP_ALLOCATE|[139]|Bytes:6
12:34:21.0 (3285121)|HEAP_ALLOCATE|[EXTERNAL]|Bytes:29
12:34:21.0 (3304032)|METHOD_ENTRY|[29]|01p3600000B0tSl|mm_EnterpriseServicesTest.mm_EnterpriseServicesTest()
12:34:21.0 (3312686)|STATEMENT_EXECUTE|[29]
12:34:21.0 (3318273)|STATEMENT_EXECUTE|[29]
12:34:21.0 (3319892)|STATEMENT_EXECUTE|[32]
12:34:21.0 (3333003)|HEAP_ALLOCATE|[32]|Bytes:4
12:34:21.0 (3412900)|HEAP_ALLOCATE|[EXTERNAL]|Bytes:4
12:34:21.0 (3438467)|VARIABLE_ASSIGNMENT|[32]|mm_EnterpriseServicesTest.results|[]|0x535a92e1
12:34:21.0 (3448674)|METHOD_EXIT|[29]|mm_EnterpriseServicesTest
12:34:21.0 (3507202)|HEAP_ALLOCATE|[50]|Bytes:5
12:34:21.0 (3530488)|HEAP_ALLOCATE|[56]|Bytes:5
12:34:21.0 (3538526)|HEAP_ALLOCATE|[64]|Bytes:7
12:34:21.0 (3575683)|STATEMENT_EXECUTE|[35]
12:34:21.0 (3577574)|STATEMENT_EXECUTE|[36]
12:34:21.0 (3580978)|HEAP_ALLOCATE|[36]|Bytes:16
12:34:21.0 (3590566)|SYSTEM_METHOD_ENTRY|[1]|StaticResourceCalloutMock.StaticResourceCalloutMock()
12:34:21.0 (3594973)|STATEMENT_EXECUTE|[1]
12:34:21.0 (3600159)|SYSTEM_METHOD_EXIT|[1]|StaticResourceCalloutMock
12:34:21.0 (3606691)|HEAP_ALLOCATE|[36]|Bytes:12
12:34:21.0 (3972528)|VARIABLE_ASSIGNMENT|[36]|mm_EnterpriseServicesTest.mock|{"res":"System.HttpResponse[Status=OK, StatusCode=200]"}|0x78c4509a
12:34:21.0 (3982163)|STATEMENT_EXECUTE|[37]
12:34:21.0 (3988654)|HEAP_ALLOCATE|[37]|Bytes:39
12:34:21.0 (4007959)|METHOD_ENTRY|[37]||System.StaticResourceCalloutMock.setStaticResource(String)
12:34:21.0 (4042870)|METHOD_EXIT|[37]||System.StaticResourceCalloutMock.setStaticResource(String)
12:34:21.0 (4048791)|STATEMENT_EXECUTE|[38]
12:34:21.0 (4056331)|METHOD_ENTRY|[38]||System.StaticResourceCalloutMock.setStatusCode(Integer)
12:34:21.0 (4097790)|METHOD_EXIT|[38]||System.StaticResourceCalloutMock.setStatusCode(Integer)
12:34:21.0 (4103160)|STATEMENT_EXECUTE|[39]
12:34:21.0 (4106973)|HEAP_ALLOCATE|[39]|Bytes:12
12:34:21.0 (4111584)|HEAP_ALLOCATE|[39]|Bytes:16
12:34:21.0 (4118624)|METHOD_ENTRY|[39]||System.StaticResourceCalloutMock.setHeader(String, String)
12:34:21.0 (4163434)|METHOD_EXIT|[39]||System.StaticResourceCalloutMock.setHeader(String, String)
12:34:21.4 (4172497)|CUMULATIVE_LIMIT_USAGE
12:34:21.4 (4172497)|LIMIT_USAGE_FOR_NS|(default)|
  Number of SOQL queries: 0 out of 100
  Number of query rows: 0 out of 50000
  Number of SOSL queries: 0 out of 20
  Number of DML statements: 0 out of 150
  Number of DML rows: 0 out of 10000
  Maximum CPU time: 0 out of 10000
  Maximum heap size: 0 out of 6000000
  Number of callouts: 0 out of 100
  Number of Email Invocations: 0 out of 10
  Number of future calls: 0 out of 50
  Number of queueable jobs added to the queue: 0 out of 50
  Number of Mobile Apex push calls: 0 out of 10

12:34:21.4 (4172497)|CUMULATIVE_LIMIT_USAGE_END

12:34:21.0 (4201761)|CODE_UNIT_FINISHED|mm_EnterpriseServicesTest.testSetup()
12:34:21.0 (5111546)|EXECUTION_FINISHED
12:34:21.10 (10994522)|USER_INFO|[EXTERNAL]|00518000002hPQO|matthew.billups@matsonmoney.com.mbill|Mountain Standard Time|GMT-07:00
12:34:21.10 (11008580)|EXECUTION_STARTED
12:34:21.10 (11011738)|CODE_UNIT_STARTED|[EXTERNAL]|01p3600000B0tSl|mm_EnterpriseServicesTest.given_getAllAdvisors_then_expect_list_of_advisors()
12:34:21.10 (11054621)|VARIABLE_SCOPE_BEGIN|[31]|mm_EnterpriseServicesTest.mock|System.StaticResourceCalloutMock|true|true
12:34:21.10 (11063495)|VARIABLE_SCOPE_BEGIN|[32]|mm_EnterpriseServicesTest.results|List<mm_Advisor>|true|true
12:34:21.10 (11113260)|HEAP_ALLOCATE|[72]|Bytes:3
12:34:21.10 (11132257)|HEAP_ALLOCATE|[77]|Bytes:152
12:34:21.10 (11143374)|HEAP_ALLOCATE|[342]|Bytes:408
12:34:21.10 (11157546)|HEAP_ALLOCATE|[355]|Bytes:408
12:34:21.10 (11171060)|HEAP_ALLOCATE|[467]|Bytes:48
12:34:21.10 (11188410)|HEAP_ALLOCATE|[139]|Bytes:6
12:34:21.10 (11201197)|HEAP_ALLOCATE|[EXTERNAL]|Bytes:29
12:34:21.10 (11215200)|METHOD_ENTRY|[29]|01p3600000B0tSl|mm_EnterpriseServicesTest.mm_EnterpriseServicesTest()
12:34:21.10 (11220892)|STATEMENT_EXECUTE|[29]
12:34:21.10 (11224071)|STATEMENT_EXECUTE|[29]
12:34:21.10 (11226028)|STATEMENT_EXECUTE|[32]
12:34:21.10 (11234563)|HEAP_ALLOCATE|[32]|Bytes:4
12:34:21.10 (11266437)|HEAP_ALLOCATE|[EXTERNAL]|Bytes:4
12:34:21.10 (11281888)|VARIABLE_ASSIGNMENT|[32]|mm_EnterpriseServicesTest.results|[]|0x385ce50b
12:34:21.10 (11290744)|METHOD_EXIT|[29]|mm_EnterpriseServicesTest
12:34:21.10 (11343497)|HEAP_ALLOCATE|[50]|Bytes:5
12:34:21.10 (11359007)|HEAP_ALLOCATE|[56]|Bytes:5
12:34:21.10 (11366494)|HEAP_ALLOCATE|[64]|Bytes:7
12:34:21.10 (11386348)|STATEMENT_EXECUTE|[42]
12:34:21.10 (11388250)|STATEMENT_EXECUTE|[44]
12:34:21.10 (17228579)|HEAP_ALLOCATE|[44]|Bytes:5
12:34:21.10 (17244396)|HEAP_ALLOCATE|[44]|Bytes:2
12:34:21.10 (17259494)|METHOD_ENTRY|[8]|01p3600000B0sl0|mm_APIHelperMock.mm_APIHelperMock()
12:34:21.10 (17265571)|STATEMENT_EXECUTE|[8]
12:34:21.10 (17269897)|STATEMENT_EXECUTE|[8]
12:34:21.10 (17274224)|METHOD_EXIT|[8]|mm_APIHelperMock
12:34:21.10 (17289448)|HEAP_ALLOCATE|[44]|Bytes:8
12:34:21.10 (17303543)|CONSTRUCTOR_ENTRY|[44]|01p3600000B0sl0|<init>()|mm_APIHelperMock
12:34:21.10 (17324640)|VARIABLE_SCOPE_BEGIN|[8]|this|mm_APIHelperMock|true|false
12:34:21.10 (17349068)|VARIABLE_ASSIGNMENT|[8]|this|{}|0x6df7fca2
12:34:21.10 (17359536)|HEAP_ALLOCATE|[EXTERNAL]|Bytes:6
12:34:21.10 (17380175)|STATEMENT_EXECUTE|[8]
12:34:21.10 (17382160)|STATEMENT_EXECUTE|[10]
12:34:21.10 (17388629)|CONSTRUCTOR_EXIT|[44]|01p3600000B0sl0|<init>()|mm_APIHelperMock
12:34:21.10 (17401481)|VARIABLE_SCOPE_BEGIN|[44]|apiHelper|mm_APIHelperMock|true|false
12:34:21.10 (17416560)|VARIABLE_ASSIGNMENT|[44]|apiHelper|{}|0x6df7fca2
12:34:21.10 (17422763)|STATEMENT_EXECUTE|[46]
12:34:21.10 (17426073)|HEAP_ALLOCATE|[46]|Bytes:78
12:34:21.10 (17447781)|METHOD_ENTRY|[46]|01p3600000B0sl0|mm_APIHelperMock.setResponseBody(String)
12:34:21.10 (17470586)|VARIABLE_SCOPE_BEGIN|[16]|this|mm_APIHelperMock|true|false
12:34:21.10 (17484175)|VARIABLE_ASSIGNMENT|[16]|this|{}|0x6df7fca2
12:34:21.10 (17490938)|VARIABLE_SCOPE_BEGIN|[16]|responseBody|String|false|false
12:34:21.10 (17511982)|VARIABLE_ASSIGNMENT|[16]|responseBody|"[{\"FirstName\":\"Bob\", (58 more) ..."
12:34:21.10 (17522492)|STATEMENT_EXECUTE|[16]
12:34:21.10 (17524304)|STATEMENT_EXECUTE|[17]
12:34:21.10 (17533872)|VARIABLE_ASSIGNMENT|[17]|this.responseBodyText|"[{\"FirstName\":\"Bob\", (58 more) ..."|0x6df7fca2
12:34:21.10 (17540081)|STATEMENT_EXECUTE|[19]
12:34:21.10 (17579993)|USER_DEBUG|[19]|DEBUG|[{"FirstName":"Bob","LastName":"Smith"},{"FirstName":"John","LastName":"Doe"}]
12:34:21.10 (17593388)|METHOD_EXIT|[46]|01p3600000B0sl0|mm_APIHelperMock.setResponseBody(String)
12:34:21.10 (17599052)|STATEMENT_EXECUTE|[48]
12:34:21.10 (19700944)|VARIABLE_SCOPE_BEGIN|[12]|mm_ServiceHelper.IAPIHelperKey|String|false|true
12:34:21.10 (19714922)|VARIABLE_SCOPE_BEGIN|[13]|mm_ServiceHelper.IEnterpriseServicesKey|String|false|true
12:34:21.10 (19723761)|VARIABLE_SCOPE_BEGIN|[9]|mm_ServiceHelper.apiHelper|mm_IAPIHelper|true|true
12:34:21.10 (21579513)|VARIABLE_SCOPE_BEGIN|[10]|mm_ServiceHelper.enterpriseServices|mm_IEnterpriseServices|true|true
12:34:21.10 (21596769)|HEAP_ALLOCATE|[48]|Bytes:11
12:34:21.10 (21604591)|HEAP_ALLOCATE|[48]|Bytes:10
12:34:21.10 (21635046)|VARIABLE_ASSIGNMENT|[48]|mm_ServiceHelper.IAPIHelperKey|"IAPIHelper"
12:34:21.10 (21640634)|HEAP_ALLOCATE|[48]|Bytes:19
12:34:21.10 (21652785)|VARIABLE_ASSIGNMENT|[48]|mm_ServiceHelper.IEnterpriseServicesKey|"IEnterpriseServices"
12:34:21.10 (21667302)|METHOD_ENTRY|[8]|01p3600000B0tSp|mm_ServiceHelper.mm_ServiceHelper()
12:34:21.10 (21672782)|STATEMENT_EXECUTE|[8]
12:34:21.10 (21676178)|STATEMENT_EXECUTE|[8]
12:34:21.10 (21680498)|METHOD_EXIT|[8]|mm_ServiceHelper
12:34:21.10 (21698756)|METHOD_ENTRY|[48]|01p3600000B0tSp|mm_ServiceHelper.setAPIHelper(mm_IAPIHelper)
12:34:21.10 (21723634)|VARIABLE_SCOPE_BEGIN|[16]|helper|mm_IAPIHelper|true|false
12:34:21.10 (21753216)|VARIABLE_ASSIGNMENT|[16]|helper|{"responseBodyText":"[{\"FirstName\":\"Bob\", (58 more) ..."}|0x6df7fca2
12:34:21.10 (21765849)|STATEMENT_EXECUTE|[16]
12:34:21.10 (21767675)|STATEMENT_EXECUTE|[17]
12:34:21.10 (21782679)|VARIABLE_ASSIGNMENT|[17]|mm_ServiceHelper.apiHelper|{"responseBodyText":"[{\"FirstName\":\"Bob\", (58 more) ..."}|0x6df7fca2
12:34:21.10 (21792542)|METHOD_EXIT|[48]|01p3600000B0tSp|mm_ServiceHelper.setAPIHelper(mm_IAPIHelper)
12:34:21.10 (21798125)|STATEMENT_EXECUTE|[50]
12:34:21.10 (25671179)|VARIABLE_SCOPE_BEGIN|[11]|mm_EnterpriseServices.API_SETTINGS_NAME|String|false|true
12:34:21.10 (25684402)|VARIABLE_SCOPE_BEGIN|[12]|mm_EnterpriseServices.GET_ALL_ADVISORS_OP_NAME|String|false|true
12:34:21.10 (25692396)|VARIABLE_SCOPE_BEGIN|[13]|mm_EnterpriseServices.GET_LOCAL_ADVISORS_OP_NAME|String|false|true
12:34:21.10 (25700617)|VARIABLE_SCOPE_BEGIN|[14]|mm_EnterpriseServices.apiHelper|mm_IAPIHelper|true|true
12:34:21.10 (25713738)|HEAP_ALLOCATE|[50]|Bytes:5
12:34:21.10 (25720932)|HEAP_ALLOCATE|[50]|Bytes:19
12:34:21.10 (25732352)|VARIABLE_ASSIGNMENT|[50]|mm_EnterpriseServices.API_SETTINGS_NAME|"Enterprise_Services"
12:34:21.10 (25738153)|HEAP_ALLOCATE|[50]|Bytes:16
12:34:21.10 (25767572)|VARIABLE_ASSIGNMENT|[50]|mm_EnterpriseServices.GET_ALL_ADVISORS_OP_NAME|"Get_All_Advisors"
12:34:21.10 (25772825)|HEAP_ALLOCATE|[50]|Bytes:18
12:34:21.10 (25781344)|VARIABLE_ASSIGNMENT|[50]|mm_EnterpriseServices.GET_LOCAL_ADVISORS_OP_NAME|"Get_Local_Advisors"
12:34:21.10 (25797510)|METHOD_ENTRY|[8]|01p3600000B0tSj|mm_EnterpriseServices.mm_EnterpriseServices()
12:34:21.10 (25803106)|STATEMENT_EXECUTE|[8]
12:34:21.10 (25806280)|STATEMENT_EXECUTE|[8]
12:34:21.10 (25807889)|STATEMENT_EXECUTE|[14]
12:34:21.10 (25819722)|METHOD_ENTRY|[14]|01p3600000B0tSp|mm_ServiceHelper.getAPIHelper()
12:34:21.10 (25840094)|STATEMENT_EXECUTE|[30]
12:34:21.10 (25841935)|STATEMENT_EXECUTE|[31]
12:34:21.10 (25849791)|METHOD_EXIT|[14]|01p3600000B0tSp|mm_ServiceHelper.getAPIHelper()
12:34:21.10 (25876337)|VARIABLE_ASSIGNMENT|[14]|mm_EnterpriseServices.apiHelper|{"responseBodyText":"[{\"FirstName\":\"Bob\", (58 more) ..."}|0x6df7fca2
12:34:21.10 (25886883)|METHOD_EXIT|[8]|mm_EnterpriseServices
12:34:21.10 (25898571)|METHOD_ENTRY|[50]|01p3600000B0tSj|mm_EnterpriseServices.getAllAdvisors()
12:34:21.10 (25920234)|STATEMENT_EXECUTE|[24]
12:34:21.10 (25922876)|STATEMENT_EXECUTE|[26]
12:34:21.10 (25934369)|HEAP_ALLOCATE|[26]|Bytes:4
12:34:21.10 (25969438)|VARIABLE_SCOPE_BEGIN|[26]|advisors|List<mm_Advisor>|true|false
12:34:21.10 (25989159)|HEAP_ALLOCATE|[EXTERNAL]|Bytes:4
12:34:21.10 (26000869)|VARIABLE_ASSIGNMENT|[26]|advisors|[]|0x14238f57
12:34:21.10 (26011643)|STATEMENT_EXECUTE|[28]
12:34:21.10 (26037186)|METHOD_ENTRY|[28]|01p3600000B0sl0|mm_APIHelperMock.getResponseBody(String, String, Integer, String)
12:34:21.10 (26052755)|VARIABLE_SCOPE_BEGIN|[12]|this|mm_APIHelperMock|true|false
12:34:21.10 (26073958)|VARIABLE_ASSIGNMENT|[12]|this|{"responseBodyText":"[{\"FirstName\":\"Bob\", (58 more) ..."}|0x6df7fca2
12:34:21.10 (26081533)|VARIABLE_SCOPE_BEGIN|[12]|apiSettingName|String|false|false
12:34:21.10 (26089694)|VARIABLE_ASSIGNMENT|[12]|apiSettingName|"Enterprise_Services"
12:34:21.10 (26093944)|VARIABLE_SCOPE_BEGIN|[12]|apiOperationName|String|false|false
12:34:21.10 (26101794)|VARIABLE_ASSIGNMENT|[12]|apiOperationName|"Get_All_Advisors"
12:34:21.10 (26106487)|VARIABLE_SCOPE_BEGIN|[12]|id|Integer|false|false
12:34:21.10 (26117104)|VARIABLE_ASSIGNMENT|[12]|id|0
12:34:21.10 (26121413)|VARIABLE_SCOPE_BEGIN|[12]|query|String|false|false
12:34:21.10 (26130675)|VARIABLE_ASSIGNMENT|[12]|query|""
12:34:21.10 (26140693)|STATEMENT_EXECUTE|[12]
12:34:21.10 (26142353)|STATEMENT_EXECUTE|[13]
12:34:21.10 (26149235)|METHOD_EXIT|[28]|01p3600000B0sl0|mm_APIHelperMock.getResponseBody(String, String, Integer, String)
12:34:21.10 (26155385)|VARIABLE_SCOPE_BEGIN|[28]|response|String|false|false
12:34:21.10 (26166387)|VARIABLE_ASSIGNMENT|[28]|response|"[{\"FirstName\":\"Bob\", (58 more) ..."
12:34:21.10 (26220202)|STATEMENT_EXECUTE|[30]
12:34:21.10 (26222222)|STATEMENT_EXECUTE|[31]
12:34:21.10 (26225627)|HEAP_ALLOCATE|[31]|Bytes:44
12:34:21.10 (26307835)|HEAP_ALLOCATE|[31]|Bytes:27
12:34:21.10 (26317686)|SYSTEM_METHOD_ENTRY|[1]|Type.Type()
12:34:21.10 (26321804)|STATEMENT_EXECUTE|[1]
12:34:21.10 (26327800)|SYSTEM_METHOD_EXIT|[1]|Type
12:34:21.10 (26333568)|HEAP_ALLOCATE|[31]|Bytes:8
12:34:21.10 (26352081)|HEAP_ALLOCATE|[31]|Bytes:8
12:34:21.10 (26357954)|VARIABLE_SCOPE_BEGIN|[4]|this|System.Type|true|false
12:34:21.10 (26376258)|VARIABLE_ASSIGNMENT|[4]|this|{}|0x496335a5
12:34:21.10 (26382983)|VARIABLE_SCOPE_BEGIN|[4]|apextype|java:common.apex.runtime.ApexObjectType|true|false
12:34:21.10 (26490223)|VARIABLE_ASSIGNMENT|[4]|apextype|"List<mm_Advisor>"|0x1580c2fa
12:34:21.10 (26525934)|HEAP_ALLOCATE|[31]|Bytes:8
12:34:21.10 (26561019)|HEAP_ALLOCATE|[31]|Bytes:24
12:34:21.10 (26571360)|SYSTEM_METHOD_ENTRY|[1]|JSON.JSON()
12:34:21.10 (26575162)|STATEMENT_EXECUTE|[1]
12:34:21.10 (26579971)|SYSTEM_METHOD_EXIT|[1]|JSON
12:34:21.10 (26591459)|METHOD_ENTRY|[31]||System.JSON.deserialize(String, System.Type)
12:34:21.10 (26875037)|STATEMENT_EXECUTE|[8]
12:34:21.10 (27067524)|METHOD_EXIT|[31]||System.JSON.deserialize(String, System.Type)
12:34:21.10 (27089324)|HEAP_ALLOCATE|[EXTERNAL]|Bytes:12
12:34:21.10 (27169838)|VARIABLE_ASSIGNMENT|[31]|advisors|[{"firstName":"Bob","lastName":"Smith"},{"firstName":"John","lastName":"Doe"}]|0x160f045a
12:34:21.10 (27177759)|STATEMENT_EXECUTE|[34]
12:34:21.10 (27183154)|METHOD_EXIT|[50]|01p3600000B0tSj|mm_EnterpriseServices.getAllAdvisors()
12:34:21.10 (27226303)|VARIABLE_ASSIGNMENT|[50]|mm_EnterpriseServicesTest.results|[{"firstName":"Bob","lastName":"Smith"},{"firstName":"John","lastName":"Doe"}]|0x160f045a
12:34:21.10 (27232997)|STATEMENT_EXECUTE|[52]
12:34:21.27 (27284456)|CUMULATIVE_LIMIT_USAGE
12:34:21.27 (27284456)|LIMIT_USAGE_FOR_NS|(default)|
  Number of SOQL queries: 0 out of 100
  Number of query rows: 0 out of 50000
  Number of SOSL queries: 0 out of 20
  Number of DML statements: 0 out of 150
  Number of DML rows: 0 out of 10000
  Maximum CPU time: 0 out of 10000
  Maximum heap size: 0 out of 6000000
  Number of callouts: 0 out of 100
  Number of Email Invocations: 0 out of 10
  Number of future calls: 0 out of 50
  Number of queueable jobs added to the queue: 0 out of 50
  Number of Mobile Apex push calls: 0 out of 10

12:34:21.27 (27284456)|CUMULATIVE_LIMIT_USAGE_END

12:34:21.10 (27308906)|CODE_UNIT_FINISHED|mm_EnterpriseServicesTest.given_getAllAdvisors_then_expect_list_of_advisors()
12:34:21.10 (28204787)|EXECUTION_FINISHED
12:34:22.506 (1506971471)|USER_INFO|[EXTERNAL]|00518000002hPQO|matthew.billups@matsonmoney.com.mbill|Mountain Standard Time|GMT-07:00
12:34:22.506 (1506992617)|EXECUTION_STARTED
12:34:22.506 (1506998029)|CODE_UNIT_STARTED|[EXTERNAL]|01p3600000B0tSl|mm_EnterpriseServicesTest.given_getLocalAdvisors_then_expect_list_of_advisors()
12:34:22.506 (1507067736)|VARIABLE_SCOPE_BEGIN|[31]|mm_EnterpriseServicesTest.mock|System.StaticResourceCalloutMock|true|true
12:34:22.506 (1507078407)|VARIABLE_SCOPE_BEGIN|[32]|mm_EnterpriseServicesTest.results|List<mm_Advisor>|true|true
12:34:22.506 (1507186168)|HEAP_ALLOCATE|[72]|Bytes:3
12:34:22.506 (1507228894)|HEAP_ALLOCATE|[77]|Bytes:152
12:34:22.506 (1507252478)|HEAP_ALLOCATE|[342]|Bytes:408
12:34:22.506 (1507268004)|HEAP_ALLOCATE|[355]|Bytes:408
12:34:22.506 (1507281397)|HEAP_ALLOCATE|[467]|Bytes:48
12:34:22.506 (1507306897)|HEAP_ALLOCATE|[139]|Bytes:6
12:34:22.506 (1507324693)|HEAP_ALLOCATE|[EXTERNAL]|Bytes:29
12:34:22.506 (1507352700)|METHOD_ENTRY|[29]|01p3600000B0tSl|mm_EnterpriseServicesTest.mm_EnterpriseServicesTest()
12:34:22.506 (1507359977)|STATEMENT_EXECUTE|[29]
12:34:22.506 (1507364861)|STATEMENT_EXECUTE|[29]
12:34:22.506 (1507366777)|STATEMENT_EXECUTE|[32]
12:34:22.506 (1507384401)|HEAP_ALLOCATE|[32]|Bytes:4
12:34:22.506 (1507431058)|HEAP_ALLOCATE|[EXTERNAL]|Bytes:4
12:34:22.506 (1507456026)|VARIABLE_ASSIGNMENT|[32]|mm_EnterpriseServicesTest.results|[]|0x4e295ee4
12:34:22.506 (1507465879)|METHOD_EXIT|[29]|mm_EnterpriseServicesTest
12:34:22.506 (1507557426)|HEAP_ALLOCATE|[50]|Bytes:5
12:34:22.506 (1507580711)|HEAP_ALLOCATE|[56]|Bytes:5
12:34:22.506 (1507588684)|HEAP_ALLOCATE|[64]|Bytes:7
12:34:22.506 (1507623332)|STATEMENT_EXECUTE|[55]
12:34:22.506 (1507625203)|STATEMENT_EXECUTE|[57]
12:34:22.506 (1507634304)|HEAP_ALLOCATE|[57]|Bytes:5
12:34:22.506 (1507639059)|HEAP_ALLOCATE|[57]|Bytes:2
12:34:22.506 (1507645278)|METHOD_ENTRY|[8]|01p3600000B0sl0|mm_APIHelperMock.mm_APIHelperMock()
12:34:22.506 (1507649606)|STATEMENT_EXECUTE|[8]
12:34:22.506 (1507652266)|STATEMENT_EXECUTE|[8]
12:34:22.506 (1507655713)|METHOD_EXIT|[8]|mm_APIHelperMock
12:34:22.506 (1507661620)|HEAP_ALLOCATE|[57]|Bytes:8
12:34:22.506 (1507674183)|CONSTRUCTOR_ENTRY|[57]|01p3600000B0sl0|<init>()|mm_APIHelperMock
12:34:22.506 (1507693763)|VARIABLE_SCOPE_BEGIN|[8]|this|mm_APIHelperMock|true|false
12:34:22.506 (1507726103)|VARIABLE_ASSIGNMENT|[8]|this|{}|0x4cfa87a4
12:34:22.506 (1507735483)|HEAP_ALLOCATE|[EXTERNAL]|Bytes:6
12:34:22.506 (1507757076)|STATEMENT_EXECUTE|[8]
12:34:22.506 (1507759138)|STATEMENT_EXECUTE|[10]
12:34:22.506 (1507765006)|CONSTRUCTOR_EXIT|[57]|01p3600000B0sl0|<init>()|mm_APIHelperMock
12:34:22.506 (1507772287)|VARIABLE_SCOPE_BEGIN|[57]|apiHelper|mm_APIHelperMock|true|false
12:34:22.506 (1507786252)|VARIABLE_ASSIGNMENT|[57]|apiHelper|{}|0x4cfa87a4
12:34:22.506 (1507791774)|STATEMENT_EXECUTE|[59]
12:34:22.506 (1507794614)|HEAP_ALLOCATE|[59]|Bytes:78
12:34:22.506 (1507812188)|METHOD_ENTRY|[59]|01p3600000B0sl0|mm_APIHelperMock.setResponseBody(String)
12:34:22.506 (1507826887)|VARIABLE_SCOPE_BEGIN|[16]|this|mm_APIHelperMock|true|false
12:34:22.506 (1507839139)|VARIABLE_ASSIGNMENT|[16]|this|{}|0x4cfa87a4
12:34:22.506 (1507845366)|VARIABLE_SCOPE_BEGIN|[16]|responseBody|String|false|false
12:34:22.506 (1507860806)|VARIABLE_ASSIGNMENT|[16]|responseBody|"[{\"FirstName\":\"Bob\", (58 more) ..."
12:34:22.506 (1507870580)|STATEMENT_EXECUTE|[16]
12:34:22.506 (1507872362)|STATEMENT_EXECUTE|[17]
12:34:22.506 (1507882862)|VARIABLE_ASSIGNMENT|[17]|this.responseBodyText|"[{\"FirstName\":\"Bob\", (58 more) ..."|0x4cfa87a4
12:34:22.506 (1507888964)|STATEMENT_EXECUTE|[19]
12:34:22.506 (1507906489)|USER_DEBUG|[19]|DEBUG|[{"FirstName":"Bob","LastName":"Smith"},{"FirstName":"John","LastName":"Doe"}]
12:34:22.506 (1507919762)|METHOD_EXIT|[59]|01p3600000B0sl0|mm_APIHelperMock.setResponseBody(String)
12:34:22.506 (1507924203)|STATEMENT_EXECUTE|[61]
12:34:22.506 (1507932754)|VARIABLE_SCOPE_BEGIN|[12]|mm_ServiceHelper.IAPIHelperKey|String|false|true
12:34:22.506 (1507940691)|VARIABLE_SCOPE_BEGIN|[13]|mm_ServiceHelper.IEnterpriseServicesKey|String|false|true
12:34:22.506 (1507947521)|VARIABLE_SCOPE_BEGIN|[9]|mm_ServiceHelper.apiHelper|mm_IAPIHelper|true|true
12:34:22.506 (1507953781)|VARIABLE_SCOPE_BEGIN|[10]|mm_ServiceHelper.enterpriseServices|mm_IEnterpriseServices|true|true
12:34:22.506 (1507963513)|HEAP_ALLOCATE|[61]|Bytes:11
12:34:22.506 (1507968189)|HEAP_ALLOCATE|[61]|Bytes:10
12:34:22.506 (1507977261)|VARIABLE_ASSIGNMENT|[61]|mm_ServiceHelper.IAPIHelperKey|"IAPIHelper"
12:34:22.506 (1507981764)|HEAP_ALLOCATE|[61]|Bytes:19
12:34:22.506 (1507988785)|VARIABLE_ASSIGNMENT|[61]|mm_ServiceHelper.IEnterpriseServicesKey|"IEnterpriseServices"
12:34:22.506 (1507997146)|METHOD_ENTRY|[8]|01p3600000B0tSp|mm_ServiceHelper.mm_ServiceHelper()
12:34:22.506 (1508001621)|STATEMENT_EXECUTE|[8]
12:34:22.506 (1508004563)|STATEMENT_EXECUTE|[8]
12:34:22.506 (1508007679)|METHOD_EXIT|[8]|mm_ServiceHelper
12:34:22.506 (1508015094)|METHOD_ENTRY|[61]|01p3600000B0tSp|mm_ServiceHelper.setAPIHelper(mm_IAPIHelper)
12:34:22.506 (1508026335)|VARIABLE_SCOPE_BEGIN|[16]|helper|mm_IAPIHelper|true|false
12:34:22.506 (1508046562)|VARIABLE_ASSIGNMENT|[16]|helper|{"responseBodyText":"[{\"FirstName\":\"Bob\", (58 more) ..."}|0x4cfa87a4
12:34:22.506 (1508056140)|STATEMENT_EXECUTE|[16]
12:34:22.506 (1508057792)|STATEMENT_EXECUTE|[17]
12:34:22.506 (1508070583)|VARIABLE_ASSIGNMENT|[17]|mm_ServiceHelper.apiHelper|{"responseBodyText":"[{\"FirstName\":\"Bob\", (58 more) ..."}|0x4cfa87a4
12:34:22.506 (1508079685)|METHOD_EXIT|[61]|01p3600000B0tSp|mm_ServiceHelper.setAPIHelper(mm_IAPIHelper)
12:34:22.506 (1508084679)|STATEMENT_EXECUTE|[63]
12:34:22.506 (1508087839)|HEAP_ALLOCATE|[63]|Bytes:5
12:34:22.506 (1508098729)|VARIABLE_SCOPE_BEGIN|[11]|mm_EnterpriseServices.API_SETTINGS_NAME|String|false|true
12:34:22.506 (1508105312)|VARIABLE_SCOPE_BEGIN|[12]|mm_EnterpriseServices.GET_ALL_ADVISORS_OP_NAME|String|false|true
12:34:22.506 (1508111951)|VARIABLE_SCOPE_BEGIN|[13]|mm_EnterpriseServices.GET_LOCAL_ADVISORS_OP_NAME|String|false|true
12:34:22.506 (1508118332)|VARIABLE_SCOPE_BEGIN|[14]|mm_EnterpriseServices.apiHelper|mm_IAPIHelper|true|true
12:34:22.506 (1508128500)|HEAP_ALLOCATE|[63]|Bytes:5
12:34:22.506 (1508133281)|HEAP_ALLOCATE|[63]|Bytes:19
12:34:22.506 (1508141108)|VARIABLE_ASSIGNMENT|[63]|mm_EnterpriseServices.API_SETTINGS_NAME|"Enterprise_Services"
12:34:22.506 (1508145310)|HEAP_ALLOCATE|[63]|Bytes:16
12:34:22.506 (1508151850)|VARIABLE_ASSIGNMENT|[63]|mm_EnterpriseServices.GET_ALL_ADVISORS_OP_NAME|"Get_All_Advisors"
12:34:22.506 (1508156069)|HEAP_ALLOCATE|[63]|Bytes:18
12:34:22.506 (1508162329)|VARIABLE_ASSIGNMENT|[63]|mm_EnterpriseServices.GET_LOCAL_ADVISORS_OP_NAME|"Get_Local_Advisors"
12:34:22.506 (1508169232)|METHOD_ENTRY|[8]|01p3600000B0tSj|mm_EnterpriseServices.mm_EnterpriseServices()
12:34:22.506 (1508173406)|STATEMENT_EXECUTE|[8]
12:34:22.506 (1508175692)|STATEMENT_EXECUTE|[8]
12:34:22.506 (1508177203)|STATEMENT_EXECUTE|[14]
12:34:22.506 (1508184191)|METHOD_ENTRY|[14]|01p3600000B0tSp|mm_ServiceHelper.getAPIHelper()
12:34:22.506 (1508192873)|STATEMENT_EXECUTE|[30]
12:34:22.506 (1508194757)|STATEMENT_EXECUTE|[31]
12:34:22.506 (1508202207)|METHOD_EXIT|[14]|01p3600000B0tSp|mm_ServiceHelper.getAPIHelper()
12:34:22.506 (1508218903)|VARIABLE_ASSIGNMENT|[14]|mm_EnterpriseServices.apiHelper|{"responseBodyText":"[{\"FirstName\":\"Bob\", (58 more) ..."}|0x4cfa87a4
12:34:22.506 (1508226106)|METHOD_EXIT|[8]|mm_EnterpriseServices
12:34:22.506 (1508242966)|METHOD_ENTRY|[63]|01p3600000B0tSj|mm_EnterpriseServices.getLocalAdvisors(String, Integer)
12:34:22.506 (1508256510)|VARIABLE_SCOPE_BEGIN|[42]|zipCode|String|false|false
12:34:22.506 (1508267027)|VARIABLE_ASSIGNMENT|[42]|zipCode|"12345"
12:34:22.506 (1508272403)|VARIABLE_SCOPE_BEGIN|[42]|radiusInMiles|Integer|false|false
12:34:22.506 (1508281890)|VARIABLE_ASSIGNMENT|[42]|radiusInMiles|25
12:34:22.506 (1508290344)|STATEMENT_EXECUTE|[42]
12:34:22.506 (1508292075)|STATEMENT_EXECUTE|[44]
12:34:22.506 (1508301164)|HEAP_ALLOCATE|[44]|Bytes:4
12:34:22.506 (1508323049)|VARIABLE_SCOPE_BEGIN|[44]|advisors|List<mm_Advisor>|true|false
12:34:22.506 (1508341020)|HEAP_ALLOCATE|[EXTERNAL]|Bytes:4
12:34:22.506 (1508349128)|VARIABLE_ASSIGNMENT|[44]|advisors|[]|0x448874ad
12:34:22.506 (1508354120)|STATEMENT_EXECUTE|[45]
12:34:22.506 (1508357327)|HEAP_ALLOCATE|[45]|Bytes:8
12:34:22.506 (1508376726)|HEAP_ALLOCATE|[45]|Bytes:13
12:34:22.506 (1508381750)|VARIABLE_SCOPE_BEGIN|[45]|queryString|String|false|false
12:34:22.506 (1508409106)|VARIABLE_ASSIGNMENT|[45]|queryString|"zipcode=12345"
12:34:22.506 (1508413656)|STATEMENT_EXECUTE|[47]
12:34:22.506 (1508427844)|METHOD_ENTRY|[47]|01p3600000B0sl0|mm_APIHelperMock.getResponseBody(String, String, Integer, String)
12:34:22.506 (1508439618)|VARIABLE_SCOPE_BEGIN|[12]|this|mm_APIHelperMock|true|false
12:34:22.506 (1508457504)|VARIABLE_ASSIGNMENT|[12]|this|{"responseBodyText":"[{\"FirstName\":\"Bob\", (58 more) ..."}|0x4cfa87a4
12:34:22.506 (1508463836)|VARIABLE_SCOPE_BEGIN|[12]|apiSettingName|String|false|false
12:34:22.506 (1508471396)|VARIABLE_ASSIGNMENT|[12]|apiSettingName|"Enterprise_Services"
12:34:22.506 (1508476224)|VARIABLE_SCOPE_BEGIN|[12]|apiOperationName|String|false|false
12:34:22.506 (1508483491)|VARIABLE_ASSIGNMENT|[12]|apiOperationName|"Get_Local_Advisors"
12:34:22.506 (1508487665)|VARIABLE_SCOPE_BEGIN|[12]|id|Integer|false|false
12:34:22.506 (1508495468)|VARIABLE_ASSIGNMENT|[12]|id|0
12:34:22.506 (1508499811)|VARIABLE_SCOPE_BEGIN|[12]|query|String|false|false
12:34:22.506 (1508507373)|VARIABLE_ASSIGNMENT|[12]|query|"zipcode=12345"
12:34:22.506 (1508515031)|STATEMENT_EXECUTE|[12]
12:34:22.506 (1508516831)|STATEMENT_EXECUTE|[13]
12:34:22.506 (1508522143)|METHOD_EXIT|[47]|01p3600000B0sl0|mm_APIHelperMock.getResponseBody(String, String, Integer, String)
12:34:22.506 (1508527756)|VARIABLE_SCOPE_BEGIN|[47]|response|String|false|false
12:34:22.506 (1508537775)|VARIABLE_ASSIGNMENT|[47]|response|"[{\"FirstName\":\"Bob\", (58 more) ..."
12:34:22.506 (1508579497)|STATEMENT_EXECUTE|[49]
12:34:22.506 (1508581260)|STATEMENT_EXECUTE|[50]
12:34:22.506 (1508584280)|HEAP_ALLOCATE|[50]|Bytes:44
12:34:22.506 (1508641172)|HEAP_ALLOCATE|[50]|Bytes:27
12:34:22.506 (1508649933)|SYSTEM_METHOD_ENTRY|[1]|Type.Type()
12:34:22.506 (1508653572)|STATEMENT_EXECUTE|[1]
12:34:22.506 (1508658891)|SYSTEM_METHOD_EXIT|[1]|Type
12:34:22.506 (1508664517)|HEAP_ALLOCATE|[50]|Bytes:8
12:34:22.506 (1508682438)|HEAP_ALLOCATE|[50]|Bytes:8
12:34:22.506 (1508688216)|VARIABLE_SCOPE_BEGIN|[4]|this|System.Type|true|false
12:34:22.506 (1508704913)|VARIABLE_ASSIGNMENT|[4]|this|{}|0x361e22c8
12:34:22.506 (1508710907)|VARIABLE_SCOPE_BEGIN|[4]|apextype|java:common.apex.runtime.ApexObjectType|true|false
12:34:22.506 (1508826012)|VARIABLE_ASSIGNMENT|[4]|apextype|"List<mm_Advisor>"|0x1580c2fa
12:34:22.506 (1508860488)|HEAP_ALLOCATE|[50]|Bytes:8
12:34:22.506 (1508875434)|HEAP_ALLOCATE|[50]|Bytes:24
12:34:22.506 (1508883347)|SYSTEM_METHOD_ENTRY|[1]|JSON.JSON()
12:34:22.506 (1508886999)|STATEMENT_EXECUTE|[1]
12:34:22.506 (1508891143)|SYSTEM_METHOD_EXIT|[1]|JSON
12:34:22.506 (1508901021)|METHOD_ENTRY|[50]||System.JSON.deserialize(String, System.Type)
12:34:22.506 (1509032853)|STATEMENT_EXECUTE|[8]
12:34:22.506 (1509209168)|METHOD_EXIT|[50]||System.JSON.deserialize(String, System.Type)
12:34:22.506 (1509228866)|HEAP_ALLOCATE|[EXTERNAL]|Bytes:12
12:34:22.506 (1509282353)|VARIABLE_ASSIGNMENT|[50]|advisors|[{"firstName":"Bob","lastName":"Smith"},{"firstName":"John","lastName":"Doe"}]|0x607b3312
12:34:22.506 (1509290211)|STATEMENT_EXECUTE|[53]
12:34:22.506 (1509295966)|METHOD_EXIT|[63]|01p3600000B0tSj|mm_EnterpriseServices.getLocalAdvisors(String, Integer)
12:34:22.506 (1509338932)|VARIABLE_ASSIGNMENT|[63]|mm_EnterpriseServicesTest.results|[{"firstName":"Bob","lastName":"Smith"},{"firstName":"John","lastName":"Doe"}]|0x607b3312
12:34:22.506 (1509345506)|STATEMENT_EXECUTE|[65]
12:34:22.509 (1509388697)|CUMULATIVE_LIMIT_USAGE
12:34:22.509 (1509388697)|LIMIT_USAGE_FOR_NS|(default)|
  Number of SOQL queries: 0 out of 100
  Number of query rows: 0 out of 50000
  Number of SOSL queries: 0 out of 20
  Number of DML statements: 0 out of 150
  Number of DML rows: 0 out of 10000
  Maximum CPU time: 0 out of 10000
  Maximum heap size: 0 out of 6000000
  Number of callouts: 0 out of 100
  Number of Email Invocations: 0 out of 10
  Number of future calls: 0 out of 50
  Number of queueable jobs added to the queue: 0 out of 50
  Number of Mobile Apex push calls: 0 out of 10

12:34:22.509 (1509388697)|CUMULATIVE_LIMIT_USAGE_END

12:34:22.506 (1509419241)|CODE_UNIT_FINISHED|mm_EnterpriseServicesTest.given_getLocalAdvisors_then_expect_list_of_advisors()
12:34:22.506 (1510321474)|EXECUTION_FINISHED
