36.0 APEX_CODE,FINEST;APEX_PROFILING,INFO;CALLOUT,INFO;DB,INFO;NBA,INFO;SYSTEM,DEBUG;VALIDATION,INFO;VISUALFORCE,INFO;WAVE,INFO;WORKFLOW,INFO
12:52:39.0 (378692)|USER_INFO|[EXTERNAL]|00518000002hPQO|matthew.billups@matsonmoney.com.mbill|Mountain Standard Time|GMT-07:00
12:52:39.0 (408280)|EXECUTION_STARTED
12:52:39.0 (413178)|CODE_UNIT_STARTED|[EXTERNAL]|066180000001Aq4|VF: /apex/DeepCloneMatsonEventFlowRedirect
12:52:39.342 (342515927)|FLOW_CREATE_INTERVIEW_BEGIN||30036000000U6ba|301180000002xBg
12:52:39.342 (343060578)|FLOW_CREATE_INTERVIEW_END|87860404d2d0c31f382a6678379b1661226f731-3038|Deep Clone Matson Event
12:52:39.343 (343250672)|FLOW_START_INTERVIEW_BEGIN|87860404d2d0c31f382a6678379b1661226f731-3038|Deep Clone Matson Event
12:52:39.343 (430578509)|FLOW_ELEMENT_ERROR|The flow couldn't find the EventRecordTypeObject resource.|FlowDecision|Primary_or_Secondary_Record_Type
12:52:39.343 (430627276)|FLOW_START_INTERVIEW_END|87860404d2d0c31f382a6678379b1661226f731-3038|Deep Clone Matson Event
12:52:39.0 (437212048)|VF_SERIALIZE_VIEWSTATE_BEGIN|066180000001Aq4
12:52:39.0 (441126724)|VF_SERIALIZE_VIEWSTATE_END
12:52:39.443 (443947065)|CUMULATIVE_LIMIT_USAGE
12:52:39.443 (443947065)|LIMIT_USAGE_FOR_NS|(default)|
  Number of SOQL queries: 2 out of 100
  Number of query rows: 0 out of 50000
  Number of SOSL queries: 0 out of 20
  Number of DML statements: 0 out of 150
  Number of DML rows: 0 out of 10000
  Maximum CPU time: 0 out of 10000
  Maximum heap size: 0 out of 6000000
  Number of callouts: 0 out of 100
  Number of Email Invocations: 0 out of 10
  Number of future calls: 0 out of 50
  Number of queueable jobs added to the queue: 0 out of 50
  Number of Mobile Apex push calls: 0 out of 10

12:52:39.443 (443947065)|CUMULATIVE_LIMIT_USAGE_END

12:52:39.0 (443985595)|CODE_UNIT_FINISHED|VF: /apex/DeepCloneMatsonEventFlowRedirect
12:52:39.0 (444936247)|EXECUTION_FINISHED
