44.0 APEX_CODE,FINEST;APEX_PROFILING,INFO;CALLOUT,INFO;DB,INFO;NBA,INFO;SYSTEM,DEBUG;VALIDATION,INFO;VISUALFORCE,INFO;WAVE,INFO;WORKFLOW,INFO
13:06:24.0 (296819)|EXECUTION_STARTED
13:06:24.0 (320997)|CODE_UNIT_STARTED|[EXTERNAL]|VisualForce View State
13:06:24.0 (5106025)|HEAP_ALLOCATE|[72]|Bytes:3
13:06:24.0 (5168956)|HEAP_ALLOCATE|[77]|Bytes:152
13:06:24.0 (5184829)|HEAP_ALLOCATE|[342]|Bytes:408
13:06:24.0 (5197877)|HEAP_ALLOCATE|[355]|Bytes:408
13:06:24.0 (5208826)|HEAP_ALLOCATE|[467]|Bytes:48
13:06:24.0 (5236918)|HEAP_ALLOCATE|[139]|Bytes:6
13:06:24.0 (5263001)|HEAP_ALLOCATE|[50]|Bytes:5
13:06:24.0 (5283733)|HEAP_ALLOCATE|[56]|Bytes:5
13:06:24.0 (5290598)|HEAP_ALLOCATE|[64]|Bytes:7
13:06:24.0 (9312318)|CODE_UNIT_FINISHED|VisualForce View State
13:06:24.0 (10393234)|EXECUTION_FINISHED
13:06:24.11 (11693717)|SYSTEM_MODE_ENTER|true
13:06:24.11 (11736276)|HEAP_ALLOCATE|[EXTERNAL]|Bytes:400
13:06:24.11 (11750771)|HEAP_ALLOCATE|[EXTERNAL]|Bytes:235
13:06:24.73 (73060600)|CUMULATIVE_LIMIT_USAGE
13:06:24.73 (73060600)|LIMIT_USAGE_FOR_NS|(default)|
  Number of SOQL queries: 0 out of 100
  Number of query rows: 0 out of 50000
  Number of SOSL queries: 0 out of 20
  Number of DML statements: 0 out of 150
  Number of DML rows: 0 out of 10000
  Maximum CPU time: 0 out of 10000
  Maximum heap size: 0 out of 6000000
  Number of callouts: 0 out of 100
  Number of Email Invocations: 0 out of 10
  Number of future calls: 0 out of 50
  Number of queueable jobs added to the queue: 0 out of 50
  Number of Mobile Apex push calls: 0 out of 10

13:06:24.73 (73060600)|CUMULATIVE_LIMIT_USAGE_END

