44.0 APEX_CODE,FINEST;APEX_PROFILING,INFO;CALLOUT,INFO;DB,INFO;NBA,INFO;SYSTEM,DEBUG;VALIDATION,INFO;VISUALFORCE,INFO;WAVE,INFO;WORKFLOW,INFO
09:19:17.0 (397378)|EXECUTION_STARTED
09:19:17.0 (429226)|CODE_UNIT_STARTED|[EXTERNAL]|VisualForce View State
09:19:17.0 (5904618)|HEAP_ALLOCATE|[72]|Bytes:3
09:19:17.0 (5977209)|HEAP_ALLOCATE|[77]|Bytes:152
09:19:17.0 (5994215)|HEAP_ALLOCATE|[342]|Bytes:408
09:19:17.0 (6009420)|HEAP_ALLOCATE|[355]|Bytes:408
09:19:17.0 (6021076)|HEAP_ALLOCATE|[467]|Bytes:48
09:19:17.0 (6048595)|HEAP_ALLOCATE|[139]|Bytes:6
09:19:17.0 (6073949)|HEAP_ALLOCATE|[50]|Bytes:5
09:19:17.0 (6096975)|HEAP_ALLOCATE|[56]|Bytes:5
09:19:17.0 (6104943)|HEAP_ALLOCATE|[64]|Bytes:7
09:19:17.0 (9981653)|CODE_UNIT_FINISHED|VisualForce View State
09:19:17.0 (11120414)|EXECUTION_FINISHED
09:19:17.12 (12552083)|SYSTEM_MODE_ENTER|true
09:19:17.12 (12605380)|HEAP_ALLOCATE|[EXTERNAL]|Bytes:400
09:19:17.12 (12618676)|HEAP_ALLOCATE|[EXTERNAL]|Bytes:235
09:19:17.61 (61235435)|CUMULATIVE_LIMIT_USAGE
09:19:17.61 (61235435)|LIMIT_USAGE_FOR_NS|(default)|
  Number of SOQL queries: 0 out of 100
  Number of query rows: 0 out of 50000
  Number of SOSL queries: 0 out of 20
  Number of DML statements: 0 out of 150
  Number of DML rows: 0 out of 10000
  Maximum CPU time: 0 out of 10000
  Maximum heap size: 0 out of 6000000
  Number of callouts: 0 out of 100
  Number of Email Invocations: 0 out of 10
  Number of future calls: 0 out of 50
  Number of queueable jobs added to the queue: 0 out of 50
  Number of Mobile Apex push calls: 0 out of 10

09:19:17.61 (61235435)|CUMULATIVE_LIMIT_USAGE_END

