34.0 APEX_CODE,FINEST;APEX_PROFILING,INFO;CALLOUT,INFO;DB,INFO;NBA,INFO;SYSTEM,DEBUG;VALIDATION,INFO;VISUALFORCE,INFO;WAVE,INFO;WORKFLOW,INFO
12:34:37.0 (305199)|USER_INFO|[EXTERNAL]|00518000002hPQO|matthew.billups@matsonmoney.com.mbill|Mountain Standard Time|GMT-07:00
12:34:37.0 (349037)|EXECUTION_STARTED
12:34:37.0 (353403)|CODE_UNIT_STARTED|[EXTERNAL]|01p3600000B0tSo|mm_RegisteredInterfacesHelperTest.given_getRegisteredInterface_expect_Registered_Interface_mdt()
12:34:37.0 (470711)|VARIABLE_SCOPE_BEGIN|[31]|mm_RegisteredInterfacesHelperTest.INTERFACE_NAME|String|false|true
12:34:37.0 (609449)|HEAP_ALLOCATE|[72]|Bytes:3
12:34:37.0 (648344)|HEAP_ALLOCATE|[77]|Bytes:152
12:34:37.0 (666178)|HEAP_ALLOCATE|[342]|Bytes:408
12:34:37.0 (684025)|HEAP_ALLOCATE|[355]|Bytes:408
12:34:37.0 (697467)|HEAP_ALLOCATE|[467]|Bytes:48
12:34:37.0 (732470)|HEAP_ALLOCATE|[139]|Bytes:6
12:34:37.0 (750771)|HEAP_ALLOCATE|[EXTERNAL]|Bytes:35
12:34:37.0 (755931)|HEAP_ALLOCATE|[EXTERNAL]|Bytes:10
12:34:37.0 (795003)|VARIABLE_ASSIGNMENT|[EXTERNAL]|mm_RegisteredInterfacesHelperTest.INTERFACE_NAME|"IAPIHelper"
12:34:37.0 (814262)|METHOD_ENTRY|[29]|01p3600000B0tSo|mm_RegisteredInterfacesHelperTest.mm_RegisteredInterfacesHelperTest()
12:34:37.0 (820568)|STATEMENT_EXECUTE|[29]
12:34:37.0 (825701)|STATEMENT_EXECUTE|[29]
12:34:37.0 (830040)|METHOD_EXIT|[29]|mm_RegisteredInterfacesHelperTest
12:34:37.0 (928072)|HEAP_ALLOCATE|[50]|Bytes:5
12:34:37.0 (952545)|HEAP_ALLOCATE|[56]|Bytes:5
12:34:37.0 (960643)|HEAP_ALLOCATE|[64]|Bytes:7
12:34:37.0 (1001773)|STATEMENT_EXECUTE|[33]
12:34:37.0 (1004597)|STATEMENT_EXECUTE|[34]
12:34:37.0 (1056102)|VARIABLE_SCOPE_BEGIN|[34]|registeredInterface|Registered_Interface__mdt|true|false
12:34:37.0 (1074373)|VARIABLE_ASSIGNMENT|[34]|registeredInterface|null|
12:34:37.0 (1080952)|STATEMENT_EXECUTE|[36]
12:34:37.0 (1085141)|HEAP_ALLOCATE|[36]|Bytes:105
12:34:37.0 (1118009)|HEAP_ALLOCATE|[36]|Bytes:4
12:34:37.0 (1134883)|HEAP_ALLOCATE|[36]|Bytes:7
12:34:37.0 (1376164)|SOQL_EXECUTE_BEGIN|[36]|Aggregations:0|SELECT DeveloperName, Class_Name__c FROM Registered_Interface__mdt WHERE DeveloperName = :tmpVar1 LIMIT 1
12:34:37.0 (6917882)|SOQL_EXECUTE_END|[36]|Rows:1
12:34:37.0 (6947948)|HEAP_ALLOCATE|[36]|Bytes:8
12:34:37.0 (6967911)|HEAP_ALLOCATE|[36]|Bytes:85
12:34:37.0 (7050667)|HEAP_ALLOCATE|[36]|Bytes:8
12:34:37.0 (7067330)|VARIABLE_SCOPE_BEGIN|[36]|registeredInterfaces|List<Registered_Interface__mdt>|true|false
12:34:37.0 (7140497)|VARIABLE_ASSIGNMENT|[36]|registeredInterfaces|[{"DeveloperName":"IAPIHelper","Class_Name__c":"mm_APIHelper","Id":"m04360000008WM7AAM"}]|0x6f8ef99
12:34:37.0 (7224221)|STATEMENT_EXECUTE|[38]
12:34:37.0 (7238800)|HEAP_ALLOCATE|[38]|Bytes:16
12:34:37.0 (7260912)|VARIABLE_ASSIGNMENT|[38]|registeredInterface|{"DeveloperName":"IAPIHelper","Class_Name__c":"mm_APIHelper","Id":"m04360000008WM7AAM"}|0x19762f2
12:34:37.0 (7267520)|STATEMENT_EXECUTE|[40]
12:34:37.0 (8383818)|HEAP_ALLOCATE|[40]|Bytes:5
12:34:37.0 (8409359)|METHOD_ENTRY|[8]|01p3600000B0tSn|mm_RegisteredInterfacesHelper.mm_RegisteredInterfacesHelper()
12:34:37.0 (8415997)|STATEMENT_EXECUTE|[8]
12:34:37.0 (8420341)|STATEMENT_EXECUTE|[8]
12:34:37.0 (8425080)|METHOD_EXIT|[8]|mm_RegisteredInterfacesHelper
12:34:37.0 (8446966)|METHOD_ENTRY|[40]|01p3600000B0tSn|mm_RegisteredInterfacesHelper.getRegisteredInterface(String)
12:34:37.0 (8468631)|VARIABLE_SCOPE_BEGIN|[11]|interfaceName|String|false|false
12:34:37.0 (8481401)|VARIABLE_ASSIGNMENT|[11]|interfaceName|"IAPIHelper"
12:34:37.0 (8495849)|STATEMENT_EXECUTE|[11]
12:34:37.0 (8497754)|STATEMENT_EXECUTE|[12]
12:34:37.0 (8501688)|VARIABLE_SCOPE_BEGIN|[12]|registeredInterface|Registered_Interface__mdt|true|false
12:34:37.0 (8511677)|VARIABLE_ASSIGNMENT|[12]|registeredInterface|null|
12:34:37.0 (8516174)|STATEMENT_EXECUTE|[14]
12:34:37.0 (8529594)|HEAP_ALLOCATE|[14]|Bytes:4
12:34:37.0 (8742767)|SOQL_EXECUTE_BEGIN|[14]|Aggregations:0|SELECT DeveloperName, Class_Name__c FROM Registered_Interface__mdt WHERE DeveloperName = :tmpVar1 LIMIT 1
12:34:37.0 (11256218)|SOQL_EXECUTE_END|[14]|Rows:1
12:34:37.0 (11282962)|HEAP_ALLOCATE|[14]|Bytes:8
12:34:37.0 (11301580)|HEAP_ALLOCATE|[14]|Bytes:85
12:34:37.0 (11332630)|HEAP_ALLOCATE|[14]|Bytes:8
12:34:37.0 (11346628)|VARIABLE_SCOPE_BEGIN|[14]|registeredInterfaces|List<Registered_Interface__mdt>|true|false
12:34:37.0 (11378552)|VARIABLE_ASSIGNMENT|[14]|registeredInterfaces|[{"DeveloperName":"IAPIHelper","Class_Name__c":"mm_APIHelper","Id":"m04360000008WM7AAM"}]|0x35e549b1
12:34:37.0 (11422755)|STATEMENT_EXECUTE|[16]
12:34:37.0 (11437543)|HEAP_ALLOCATE|[16]|Bytes:16
12:34:37.0 (11463102)|VARIABLE_ASSIGNMENT|[16]|registeredInterface|{"DeveloperName":"IAPIHelper","Class_Name__c":"mm_APIHelper","Id":"m04360000008WM7AAM"}|0x7df7f16c
12:34:37.0 (11472614)|STATEMENT_EXECUTE|[18]
12:34:37.0 (11482211)|METHOD_EXIT|[40]|01p3600000B0tSn|mm_RegisteredInterfacesHelper.getRegisteredInterface(String)
12:34:37.0 (11491891)|VARIABLE_SCOPE_BEGIN|[40]|result|Registered_Interface__mdt|true|false
12:34:37.0 (11513984)|VARIABLE_ASSIGNMENT|[40]|result|{"DeveloperName":"IAPIHelper","Class_Name__c":"mm_APIHelper","Id":"m04360000008WM7AAM"}|0x7df7f16c
12:34:37.0 (11523579)|STATEMENT_EXECUTE|[42]
12:34:37.11 (11619460)|CUMULATIVE_LIMIT_USAGE
12:34:37.11 (11619460)|LIMIT_USAGE_FOR_NS|(default)|
  Number of SOQL queries: 0 out of 100
  Number of query rows: 2 out of 50000
  Number of SOSL queries: 0 out of 20
  Number of DML statements: 0 out of 150
  Number of DML rows: 0 out of 10000
  Maximum CPU time: 0 out of 10000
  Maximum heap size: 0 out of 6000000
  Number of callouts: 0 out of 100
  Number of Email Invocations: 0 out of 10
  Number of future calls: 0 out of 50
  Number of queueable jobs added to the queue: 0 out of 50
  Number of Mobile Apex push calls: 0 out of 10

12:34:37.11 (11619460)|CUMULATIVE_LIMIT_USAGE_END

12:34:37.0 (11659728)|CODE_UNIT_FINISHED|mm_RegisteredInterfacesHelperTest.given_getRegisteredInterface_expect_Registered_Interface_mdt()
12:34:37.0 (13242565)|EXECUTION_FINISHED
12:34:38.564 (1564783200)|USER_INFO|[EXTERNAL]|00518000002hPQO|matthew.billups@matsonmoney.com.mbill|Mountain Standard Time|GMT-07:00
12:34:38.564 (1564803645)|EXECUTION_STARTED
12:34:38.564 (1564808674)|CODE_UNIT_STARTED|[EXTERNAL]|01p3600000B0tSo|mm_RegisteredInterfacesHelperTest.given_getRegisteredInterface_when_interface_name_is_null_then_expect_null()
12:34:38.564 (1564871967)|VARIABLE_SCOPE_BEGIN|[31]|mm_RegisteredInterfacesHelperTest.INTERFACE_NAME|String|false|true
12:34:38.564 (1564966351)|HEAP_ALLOCATE|[72]|Bytes:3
12:34:38.564 (1564999897)|HEAP_ALLOCATE|[77]|Bytes:152
12:34:38.564 (1565015864)|HEAP_ALLOCATE|[342]|Bytes:408
12:34:38.564 (1565042472)|HEAP_ALLOCATE|[355]|Bytes:408
12:34:38.564 (1565074870)|HEAP_ALLOCATE|[467]|Bytes:48
12:34:38.564 (1565106475)|HEAP_ALLOCATE|[139]|Bytes:6
12:34:38.564 (1565126007)|HEAP_ALLOCATE|[EXTERNAL]|Bytes:35
12:34:38.564 (1565131215)|HEAP_ALLOCATE|[EXTERNAL]|Bytes:10
12:34:38.564 (1565148695)|VARIABLE_ASSIGNMENT|[EXTERNAL]|mm_RegisteredInterfacesHelperTest.INTERFACE_NAME|"IAPIHelper"
12:34:38.564 (1565159031)|METHOD_ENTRY|[29]|01p3600000B0tSo|mm_RegisteredInterfacesHelperTest.mm_RegisteredInterfacesHelperTest()
12:34:38.564 (1565165138)|STATEMENT_EXECUTE|[29]
12:34:38.564 (1565169172)|STATEMENT_EXECUTE|[29]
12:34:38.564 (1565173282)|METHOD_EXIT|[29]|mm_RegisteredInterfacesHelperTest
12:34:38.564 (1565216298)|HEAP_ALLOCATE|[50]|Bytes:5
12:34:38.564 (1565238191)|HEAP_ALLOCATE|[56]|Bytes:5
12:34:38.564 (1565245294)|HEAP_ALLOCATE|[64]|Bytes:7
12:34:38.564 (1565281530)|STATEMENT_EXECUTE|[45]
12:34:38.564 (1565283598)|STATEMENT_EXECUTE|[46]
12:34:38.564 (1565291092)|HEAP_ALLOCATE|[46]|Bytes:5
12:34:38.564 (1565297409)|METHOD_ENTRY|[8]|01p3600000B0tSn|mm_RegisteredInterfacesHelper.mm_RegisteredInterfacesHelper()
12:34:38.564 (1565301579)|STATEMENT_EXECUTE|[8]
12:34:38.564 (1565304081)|STATEMENT_EXECUTE|[8]
12:34:38.564 (1565306920)|METHOD_EXIT|[8]|mm_RegisteredInterfacesHelper
12:34:38.564 (1565316414)|METHOD_ENTRY|[46]|01p3600000B0tSn|mm_RegisteredInterfacesHelper.getRegisteredInterface(String)
12:34:38.564 (1565334347)|VARIABLE_SCOPE_BEGIN|[11]|interfaceName|String|false|false
12:34:38.564 (1565345342)|VARIABLE_ASSIGNMENT|[11]|interfaceName|null
12:34:38.564 (1565355475)|STATEMENT_EXECUTE|[11]
12:34:38.564 (1565357321)|STATEMENT_EXECUTE|[12]
12:34:38.564 (1565382368)|VARIABLE_SCOPE_BEGIN|[12]|registeredInterface|Registered_Interface__mdt|true|false
12:34:38.564 (1565393513)|VARIABLE_ASSIGNMENT|[12]|registeredInterface|null|
12:34:38.564 (1565398367)|STATEMENT_EXECUTE|[14]
12:34:38.564 (1565401479)|HEAP_ALLOCATE|[14]|Bytes:105
12:34:38.564 (1565421317)|HEAP_ALLOCATE|[14]|Bytes:4
12:34:38.564 (1565433467)|HEAP_ALLOCATE|[14]|Bytes:7
12:34:38.564 (1565718556)|SOQL_EXECUTE_BEGIN|[14]|Aggregations:0|SELECT DeveloperName, Class_Name__c FROM Registered_Interface__mdt WHERE DeveloperName = :tmpVar1 LIMIT 1
12:34:38.564 (1569137729)|SOQL_EXECUTE_END|[14]|Rows:0
12:34:38.564 (1569170192)|HEAP_ALLOCATE|[14]|Bytes:4
12:34:38.564 (1569182642)|HEAP_ALLOCATE|[14]|Bytes:0
12:34:38.564 (1569224591)|HEAP_ALLOCATE|[14]|Bytes:4
12:34:38.564 (1569235907)|VARIABLE_SCOPE_BEGIN|[14]|registeredInterfaces|List<Registered_Interface__mdt>|true|false
12:34:38.564 (1569256326)|VARIABLE_ASSIGNMENT|[14]|registeredInterfaces|[]|0x1d1655e8
12:34:38.564 (1569282834)|STATEMENT_EXECUTE|[16]
12:34:38.564 (1569284950)|STATEMENT_EXECUTE|[18]
12:34:38.564 (1569291936)|METHOD_EXIT|[46]|01p3600000B0tSn|mm_RegisteredInterfacesHelper.getRegisteredInterface(String)
12:34:38.564 (1569299545)|VARIABLE_SCOPE_BEGIN|[46]|result|Registered_Interface__mdt|true|false
12:34:38.564 (1569308726)|VARIABLE_ASSIGNMENT|[46]|result|null|
12:34:38.564 (1569312521)|STATEMENT_EXECUTE|[48]
12:34:38.569 (1569359511)|CUMULATIVE_LIMIT_USAGE
12:34:38.569 (1569359511)|LIMIT_USAGE_FOR_NS|(default)|
  Number of SOQL queries: 0 out of 100
  Number of query rows: 0 out of 50000
  Number of SOSL queries: 0 out of 20
  Number of DML statements: 0 out of 150
  Number of DML rows: 0 out of 10000
  Maximum CPU time: 0 out of 10000
  Maximum heap size: 0 out of 6000000
  Number of callouts: 0 out of 100
  Number of Email Invocations: 0 out of 10
  Number of future calls: 0 out of 50
  Number of queueable jobs added to the queue: 0 out of 50
  Number of Mobile Apex push calls: 0 out of 10

12:34:38.569 (1569359511)|CUMULATIVE_LIMIT_USAGE_END

12:34:38.564 (1569390861)|CODE_UNIT_FINISHED|mm_RegisteredInterfacesHelperTest.given_getRegisteredInterface_when_interface_name_is_null_then_expect_null()
12:34:38.564 (1570285795)|EXECUTION_FINISHED
12:34:38.627 (1627612481)|USER_INFO|[EXTERNAL]|00518000002hPQO|matthew.billups@matsonmoney.com.mbill|Mountain Standard Time|GMT-07:00
12:34:38.627 (1627635525)|EXECUTION_STARTED
12:34:38.627 (1627640934)|CODE_UNIT_STARTED|[EXTERNAL]|01p3600000B0tSo|mm_RegisteredInterfacesHelperTest.given_getTypeName_expect_name_of_type()
12:34:38.627 (1627711167)|VARIABLE_SCOPE_BEGIN|[31]|mm_RegisteredInterfacesHelperTest.INTERFACE_NAME|String|false|true
12:34:38.627 (1627826671)|HEAP_ALLOCATE|[72]|Bytes:3
12:34:38.627 (1627869707)|HEAP_ALLOCATE|[77]|Bytes:152
12:34:38.627 (1627888048)|HEAP_ALLOCATE|[342]|Bytes:408
12:34:38.627 (1627905847)|HEAP_ALLOCATE|[355]|Bytes:408
12:34:38.627 (1627923770)|HEAP_ALLOCATE|[467]|Bytes:48
12:34:38.627 (1627950628)|HEAP_ALLOCATE|[139]|Bytes:6
12:34:38.627 (1627967387)|HEAP_ALLOCATE|[EXTERNAL]|Bytes:35
12:34:38.627 (1627972642)|HEAP_ALLOCATE|[EXTERNAL]|Bytes:10
12:34:38.627 (1627996059)|VARIABLE_ASSIGNMENT|[EXTERNAL]|mm_RegisteredInterfacesHelperTest.INTERFACE_NAME|"IAPIHelper"
12:34:38.627 (1628008347)|METHOD_ENTRY|[29]|01p3600000B0tSo|mm_RegisteredInterfacesHelperTest.mm_RegisteredInterfacesHelperTest()
12:34:38.627 (1628014904)|STATEMENT_EXECUTE|[29]
12:34:38.627 (1628020845)|STATEMENT_EXECUTE|[29]
12:34:38.627 (1628025291)|METHOD_EXIT|[29]|mm_RegisteredInterfacesHelperTest
12:34:38.627 (1628076277)|HEAP_ALLOCATE|[50]|Bytes:5
12:34:38.627 (1628100804)|HEAP_ALLOCATE|[56]|Bytes:5
12:34:38.627 (1628108221)|HEAP_ALLOCATE|[64]|Bytes:7
12:34:38.627 (1628145575)|STATEMENT_EXECUTE|[51]
12:34:38.627 (1628147596)|STATEMENT_EXECUTE|[52]
12:34:38.627 (1628150014)|HEAP_ALLOCATE|[52]|Bytes:12
12:34:38.627 (1628156487)|VARIABLE_SCOPE_BEGIN|[52]|typeName|String|false|false
12:34:38.627 (1628171719)|VARIABLE_ASSIGNMENT|[52]|typeName|"mm_APIHelper"
12:34:38.627 (1628175915)|STATEMENT_EXECUTE|[53]
12:34:38.627 (1628187395)|HEAP_ALLOCATE|[53]|Bytes:5
12:34:38.627 (1628194146)|METHOD_ENTRY|[8]|01p3600000B0tSn|mm_RegisteredInterfacesHelper.mm_RegisteredInterfacesHelper()
12:34:38.627 (1628199006)|STATEMENT_EXECUTE|[8]
12:34:38.627 (1628201669)|STATEMENT_EXECUTE|[8]
12:34:38.627 (1628204540)|METHOD_EXIT|[8]|mm_RegisteredInterfacesHelper
12:34:38.627 (1628219178)|METHOD_ENTRY|[53]|01p3600000B0tSn|mm_RegisteredInterfacesHelper.getTypeName(String)
12:34:38.627 (1628241327)|VARIABLE_SCOPE_BEGIN|[21]|interfaceName|String|false|false
12:34:38.627 (1628253480)|VARIABLE_ASSIGNMENT|[21]|interfaceName|"IAPIHelper"
12:34:38.627 (1628263614)|STATEMENT_EXECUTE|[21]
12:34:38.627 (1628265589)|STATEMENT_EXECUTE|[23]
12:34:38.627 (1628268711)|VARIABLE_SCOPE_BEGIN|[23]|typeName|String|false|false
12:34:38.627 (1628278443)|VARIABLE_ASSIGNMENT|[23]|typeName|null
12:34:38.627 (1628282242)|STATEMENT_EXECUTE|[25]
12:34:38.627 (1628290254)|METHOD_ENTRY|[25]|01p3600000B0tSn|mm_RegisteredInterfacesHelper.getRegisteredInterface(String)
12:34:38.627 (1628302331)|VARIABLE_SCOPE_BEGIN|[11]|interfaceName|String|false|false
12:34:38.627 (1628310796)|VARIABLE_ASSIGNMENT|[11]|interfaceName|"IAPIHelper"
12:34:38.627 (1628316966)|STATEMENT_EXECUTE|[11]
12:34:38.627 (1628318815)|STATEMENT_EXECUTE|[12]
12:34:38.627 (1628346003)|VARIABLE_SCOPE_BEGIN|[12]|registeredInterface|Registered_Interface__mdt|true|false
12:34:38.627 (1628356166)|VARIABLE_ASSIGNMENT|[12]|registeredInterface|null|
12:34:38.627 (1628360081)|STATEMENT_EXECUTE|[14]
12:34:38.627 (1628363018)|HEAP_ALLOCATE|[14]|Bytes:105
12:34:38.627 (1628385163)|HEAP_ALLOCATE|[14]|Bytes:4
12:34:38.627 (1628398599)|HEAP_ALLOCATE|[14]|Bytes:7
12:34:38.627 (1628622395)|SOQL_EXECUTE_BEGIN|[14]|Aggregations:0|SELECT DeveloperName, Class_Name__c FROM Registered_Interface__mdt WHERE DeveloperName = :tmpVar1 LIMIT 1
12:34:38.627 (1632565840)|SOQL_EXECUTE_END|[14]|Rows:1
12:34:38.627 (1632600585)|HEAP_ALLOCATE|[14]|Bytes:8
12:34:38.627 (1632622051)|HEAP_ALLOCATE|[14]|Bytes:85
12:34:38.627 (1632669513)|HEAP_ALLOCATE|[14]|Bytes:8
12:34:38.627 (1632685019)|VARIABLE_SCOPE_BEGIN|[14]|registeredInterfaces|List<Registered_Interface__mdt>|true|false
12:34:38.627 (1632730006)|VARIABLE_ASSIGNMENT|[14]|registeredInterfaces|[{"DeveloperName":"IAPIHelper","Class_Name__c":"mm_APIHelper","Id":"m04360000008WM7AAM"}]|0x6f131fd8
12:34:38.627 (1632764000)|STATEMENT_EXECUTE|[16]
12:34:38.627 (1632778997)|HEAP_ALLOCATE|[16]|Bytes:16
12:34:38.627 (1632798826)|VARIABLE_ASSIGNMENT|[16]|registeredInterface|{"DeveloperName":"IAPIHelper","Class_Name__c":"mm_APIHelper","Id":"m04360000008WM7AAM"}|0x15f6075f
12:34:38.627 (1632805199)|STATEMENT_EXECUTE|[18]
12:34:38.627 (1632813638)|METHOD_EXIT|[25]|01p3600000B0tSn|mm_RegisteredInterfacesHelper.getRegisteredInterface(String)
12:34:38.627 (1632820203)|VARIABLE_SCOPE_BEGIN|[25]|registeredInterface|Registered_Interface__mdt|true|false
12:34:38.627 (1632833805)|VARIABLE_ASSIGNMENT|[25]|registeredInterface|{"DeveloperName":"IAPIHelper","Class_Name__c":"mm_APIHelper","Id":"m04360000008WM7AAM"}|0x15f6075f
12:34:38.627 (1632840683)|STATEMENT_EXECUTE|[28]
12:34:38.627 (1632879897)|VARIABLE_ASSIGNMENT|[28]|typeName|"mm_APIHelper"
12:34:38.627 (1632888448)|STATEMENT_EXECUTE|[30]
12:34:38.627 (1632896328)|METHOD_EXIT|[53]|01p3600000B0tSn|mm_RegisteredInterfacesHelper.getTypeName(String)
12:34:38.627 (1632905477)|VARIABLE_SCOPE_BEGIN|[53]|result|String|false|false
12:34:38.627 (1632919131)|VARIABLE_ASSIGNMENT|[53]|result|"mm_APIHelper"
12:34:38.627 (1632925181)|STATEMENT_EXECUTE|[55]
12:34:38.632 (1632991669)|CUMULATIVE_LIMIT_USAGE
12:34:38.632 (1632991669)|LIMIT_USAGE_FOR_NS|(default)|
  Number of SOQL queries: 0 out of 100
  Number of query rows: 1 out of 50000
  Number of SOSL queries: 0 out of 20
  Number of DML statements: 0 out of 150
  Number of DML rows: 0 out of 10000
  Maximum CPU time: 0 out of 10000
  Maximum heap size: 0 out of 6000000
  Number of callouts: 0 out of 100
  Number of Email Invocations: 0 out of 10
  Number of future calls: 0 out of 50
  Number of queueable jobs added to the queue: 0 out of 50
  Number of Mobile Apex push calls: 0 out of 10

12:34:38.632 (1632991669)|CUMULATIVE_LIMIT_USAGE_END

12:34:38.627 (1633031610)|CODE_UNIT_FINISHED|mm_RegisteredInterfacesHelperTest.given_getTypeName_expect_name_of_type()
12:34:38.627 (1633931884)|EXECUTION_FINISHED
12:34:38.686 (1686801683)|USER_INFO|[EXTERNAL]|00518000002hPQO|matthew.billups@matsonmoney.com.mbill|Mountain Standard Time|GMT-07:00
12:34:38.686 (1686820454)|EXECUTION_STARTED
12:34:38.686 (1686825513)|CODE_UNIT_STARTED|[EXTERNAL]|01p3600000B0tSo|mm_RegisteredInterfacesHelperTest.given_getTypeName_when_interface_name_is_null_then_expect_null()
12:34:38.686 (1686879623)|VARIABLE_SCOPE_BEGIN|[31]|mm_RegisteredInterfacesHelperTest.INTERFACE_NAME|String|false|true
12:34:38.686 (1686961466)|HEAP_ALLOCATE|[72]|Bytes:3
12:34:38.686 (1687001123)|HEAP_ALLOCATE|[77]|Bytes:152
12:34:38.686 (1687026056)|HEAP_ALLOCATE|[342]|Bytes:408
12:34:38.686 (1687055308)|HEAP_ALLOCATE|[355]|Bytes:408
12:34:38.686 (1687072258)|HEAP_ALLOCATE|[467]|Bytes:48
12:34:38.686 (1687105138)|HEAP_ALLOCATE|[139]|Bytes:6
12:34:38.686 (1687123175)|HEAP_ALLOCATE|[EXTERNAL]|Bytes:35
12:34:38.686 (1687128459)|HEAP_ALLOCATE|[EXTERNAL]|Bytes:10
12:34:38.686 (1687146973)|VARIABLE_ASSIGNMENT|[EXTERNAL]|mm_RegisteredInterfacesHelperTest.INTERFACE_NAME|"IAPIHelper"
12:34:38.686 (1687161926)|METHOD_ENTRY|[29]|01p3600000B0tSo|mm_RegisteredInterfacesHelperTest.mm_RegisteredInterfacesHelperTest()
12:34:38.686 (1687170330)|STATEMENT_EXECUTE|[29]
12:34:38.686 (1687175242)|STATEMENT_EXECUTE|[29]
12:34:38.686 (1687181187)|METHOD_EXIT|[29]|mm_RegisteredInterfacesHelperTest
12:34:38.686 (1687229482)|HEAP_ALLOCATE|[50]|Bytes:5
12:34:38.686 (1687252665)|HEAP_ALLOCATE|[56]|Bytes:5
12:34:38.686 (1687260569)|HEAP_ALLOCATE|[64]|Bytes:7
12:34:38.686 (1687298338)|STATEMENT_EXECUTE|[58]
12:34:38.686 (1687300405)|STATEMENT_EXECUTE|[59]
12:34:38.686 (1687307781)|HEAP_ALLOCATE|[59]|Bytes:5
12:34:38.686 (1687315288)|METHOD_ENTRY|[8]|01p3600000B0tSn|mm_RegisteredInterfacesHelper.mm_RegisteredInterfacesHelper()
12:34:38.686 (1687319558)|STATEMENT_EXECUTE|[8]
12:34:38.686 (1687322027)|STATEMENT_EXECUTE|[8]
12:34:38.686 (1687324997)|METHOD_EXIT|[8]|mm_RegisteredInterfacesHelper
12:34:38.686 (1687334424)|METHOD_ENTRY|[59]|01p3600000B0tSn|mm_RegisteredInterfacesHelper.getTypeName(String)
12:34:38.686 (1687353062)|VARIABLE_SCOPE_BEGIN|[21]|interfaceName|String|false|false
12:34:38.686 (1687364095)|VARIABLE_ASSIGNMENT|[21]|interfaceName|null
12:34:38.686 (1687373777)|STATEMENT_EXECUTE|[21]
12:34:38.686 (1687375598)|STATEMENT_EXECUTE|[23]
12:34:38.686 (1687379021)|VARIABLE_SCOPE_BEGIN|[23]|typeName|String|false|false
12:34:38.686 (1687388278)|VARIABLE_ASSIGNMENT|[23]|typeName|null
12:34:38.686 (1687392316)|STATEMENT_EXECUTE|[25]
12:34:38.686 (1687399254)|METHOD_ENTRY|[25]|01p3600000B0tSn|mm_RegisteredInterfacesHelper.getRegisteredInterface(String)
12:34:38.686 (1687405509)|VARIABLE_SCOPE_BEGIN|[11]|interfaceName|String|false|false
12:34:38.686 (1687413312)|VARIABLE_ASSIGNMENT|[11]|interfaceName|null
12:34:38.686 (1687419560)|STATEMENT_EXECUTE|[11]
12:34:38.686 (1687421330)|STATEMENT_EXECUTE|[12]
12:34:38.686 (1687445061)|VARIABLE_SCOPE_BEGIN|[12]|registeredInterface|Registered_Interface__mdt|true|false
12:34:38.686 (1687454445)|VARIABLE_ASSIGNMENT|[12]|registeredInterface|null|
12:34:38.686 (1687458479)|STATEMENT_EXECUTE|[14]
12:34:38.686 (1687461570)|HEAP_ALLOCATE|[14]|Bytes:105
12:34:38.686 (1687482489)|HEAP_ALLOCATE|[14]|Bytes:4
12:34:38.686 (1687494464)|HEAP_ALLOCATE|[14]|Bytes:7
12:34:38.686 (1687773751)|SOQL_EXECUTE_BEGIN|[14]|Aggregations:0|SELECT DeveloperName, Class_Name__c FROM Registered_Interface__mdt WHERE DeveloperName = :tmpVar1 LIMIT 1
12:34:38.686 (1690119817)|SOQL_EXECUTE_END|[14]|Rows:0
12:34:38.686 (1690152210)|HEAP_ALLOCATE|[14]|Bytes:4
12:34:38.686 (1690163891)|HEAP_ALLOCATE|[14]|Bytes:0
12:34:38.686 (1690203261)|HEAP_ALLOCATE|[14]|Bytes:4
12:34:38.686 (1690213844)|VARIABLE_SCOPE_BEGIN|[14]|registeredInterfaces|List<Registered_Interface__mdt>|true|false
12:34:38.686 (1690234161)|VARIABLE_ASSIGNMENT|[14]|registeredInterfaces|[]|0x406d8e96
12:34:38.686 (1690258304)|STATEMENT_EXECUTE|[16]
12:34:38.686 (1690260542)|STATEMENT_EXECUTE|[18]
12:34:38.686 (1690267438)|METHOD_EXIT|[25]|01p3600000B0tSn|mm_RegisteredInterfacesHelper.getRegisteredInterface(String)
12:34:38.686 (1690274804)|VARIABLE_SCOPE_BEGIN|[25]|registeredInterface|Registered_Interface__mdt|true|false
12:34:38.686 (1690283447)|VARIABLE_ASSIGNMENT|[25]|registeredInterface|null|
12:34:38.686 (1690287993)|STATEMENT_EXECUTE|[27]
12:34:38.686 (1690289814)|STATEMENT_EXECUTE|[30]
12:34:38.686 (1690293609)|METHOD_EXIT|[59]|01p3600000B0tSn|mm_RegisteredInterfacesHelper.getTypeName(String)
12:34:38.686 (1690299557)|VARIABLE_SCOPE_BEGIN|[59]|result|String|false|false
12:34:38.686 (1690307378)|VARIABLE_ASSIGNMENT|[59]|result|null
12:34:38.686 (1690311044)|STATEMENT_EXECUTE|[61]
12:34:38.690 (1690359033)|CUMULATIVE_LIMIT_USAGE
12:34:38.690 (1690359033)|LIMIT_USAGE_FOR_NS|(default)|
  Number of SOQL queries: 0 out of 100
  Number of query rows: 0 out of 50000
  Number of SOSL queries: 0 out of 20
  Number of DML statements: 0 out of 150
  Number of DML rows: 0 out of 10000
  Maximum CPU time: 0 out of 10000
  Maximum heap size: 0 out of 6000000
  Number of callouts: 0 out of 100
  Number of Email Invocations: 0 out of 10
  Number of future calls: 0 out of 50
  Number of queueable jobs added to the queue: 0 out of 50
  Number of Mobile Apex push calls: 0 out of 10

12:34:38.690 (1690359033)|CUMULATIVE_LIMIT_USAGE_END

12:34:38.686 (1690386027)|CODE_UNIT_FINISHED|mm_RegisteredInterfacesHelperTest.given_getTypeName_when_interface_name_is_null_then_expect_null()
12:34:38.686 (1691266918)|EXECUTION_FINISHED
