44.0 APEX_CODE,FINEST;APEX_PROFILING,INFO;CALLOUT,INFO;DB,INFO;NBA,INFO;SYSTEM,DEBUG;VALIDATION,INFO;VISUALFORCE,INFO;WAVE,INFO;WORKFLOW,INFO
15:00:57.0 (313365)|EXECUTION_STARTED
15:00:57.0 (334285)|CODE_UNIT_STARTED|[EXTERNAL]|VisualForce View State
15:00:57.0 (4549121)|HEAP_ALLOCATE|[72]|Bytes:3
15:00:57.0 (4610592)|HEAP_ALLOCATE|[77]|Bytes:152
15:00:57.0 (4628463)|HEAP_ALLOCATE|[342]|Bytes:408
15:00:57.0 (4644909)|HEAP_ALLOCATE|[355]|Bytes:408
15:00:57.0 (4656109)|HEAP_ALLOCATE|[467]|Bytes:48
15:00:57.0 (4683446)|HEAP_ALLOCATE|[139]|Bytes:6
15:00:57.0 (4711212)|HEAP_ALLOCATE|[50]|Bytes:5
15:00:57.0 (4733976)|HEAP_ALLOCATE|[56]|Bytes:5
15:00:57.0 (4742063)|HEAP_ALLOCATE|[64]|Bytes:7
15:00:57.0 (8586360)|CODE_UNIT_FINISHED|VisualForce View State
15:00:57.0 (10036304)|EXECUTION_FINISHED
15:00:57.11 (11315281)|SYSTEM_MODE_ENTER|true
15:00:57.11 (11351237)|HEAP_ALLOCATE|[EXTERNAL]|Bytes:400
15:00:57.11 (11361318)|HEAP_ALLOCATE|[EXTERNAL]|Bytes:235
15:00:57.52 (52001233)|CUMULATIVE_LIMIT_USAGE
15:00:57.52 (52001233)|LIMIT_USAGE_FOR_NS|(default)|
  Number of SOQL queries: 0 out of 100
  Number of query rows: 0 out of 50000
  Number of SOSL queries: 0 out of 20
  Number of DML statements: 0 out of 150
  Number of DML rows: 0 out of 10000
  Maximum CPU time: 0 out of 10000
  Maximum heap size: 0 out of 6000000
  Number of callouts: 0 out of 100
  Number of Email Invocations: 0 out of 10
  Number of future calls: 0 out of 50
  Number of queueable jobs added to the queue: 0 out of 50
  Number of Mobile Apex push calls: 0 out of 10

15:00:57.52 (52001233)|CUMULATIVE_LIMIT_USAGE_END

