44.0 APEX_CODE,FINEST;APEX_PROFILING,INFO;CALLOUT,INFO;DB,INFO;NBA,INFO;SYSTEM,DEBUG;VALIDATION,INFO;VISUALFORCE,INFO;WAVE,INFO;WORKFLOW,INFO
12:52:22.0 (345357)|EXECUTION_STARTED
12:52:22.0 (372841)|CODE_UNIT_STARTED|[EXTERNAL]|VisualForce View State
12:52:22.0 (5067046)|HEAP_ALLOCATE|[72]|Bytes:3
12:52:22.0 (5122812)|HEAP_ALLOCATE|[77]|Bytes:152
12:52:22.0 (5137888)|HEAP_ALLOCATE|[342]|Bytes:408
12:52:22.0 (5150777)|HEAP_ALLOCATE|[355]|Bytes:408
12:52:22.0 (5161677)|HEAP_ALLOCATE|[467]|Bytes:48
12:52:22.0 (5188454)|HEAP_ALLOCATE|[139]|Bytes:6
12:52:22.0 (5213897)|HEAP_ALLOCATE|[50]|Bytes:5
12:52:22.0 (5235320)|HEAP_ALLOCATE|[56]|Bytes:5
12:52:22.0 (5243423)|HEAP_ALLOCATE|[64]|Bytes:7
12:52:22.0 (9248681)|CODE_UNIT_FINISHED|VisualForce View State
12:52:22.0 (10201660)|EXECUTION_FINISHED
12:52:22.11 (11417997)|SYSTEM_MODE_ENTER|true
12:52:22.11 (11452656)|HEAP_ALLOCATE|[EXTERNAL]|Bytes:400
12:52:22.11 (11462854)|HEAP_ALLOCATE|[EXTERNAL]|Bytes:235
12:52:22.67 (67079435)|CUMULATIVE_LIMIT_USAGE
12:52:22.67 (67079435)|LIMIT_USAGE_FOR_NS|(default)|
  Number of SOQL queries: 0 out of 100
  Number of query rows: 0 out of 50000
  Number of SOSL queries: 0 out of 20
  Number of DML statements: 0 out of 150
  Number of DML rows: 0 out of 10000
  Maximum CPU time: 0 out of 10000
  Maximum heap size: 0 out of 6000000
  Number of callouts: 0 out of 100
  Number of Email Invocations: 0 out of 10
  Number of future calls: 0 out of 50
  Number of queueable jobs added to the queue: 0 out of 50
  Number of Mobile Apex push calls: 0 out of 10

12:52:22.67 (67079435)|CUMULATIVE_LIMIT_USAGE_END

